ARM GAS  /tmp/ccdGCGtH.s 			page 1


   1              		.cpu cortex-m4
   2              		.eabi_attribute 20, 1
   3              		.eabi_attribute 21, 1
   4              		.eabi_attribute 23, 3
   5              		.eabi_attribute 24, 1
   6              		.eabi_attribute 25, 1
   7              		.eabi_attribute 26, 1
   8              		.eabi_attribute 30, 2
   9              		.eabi_attribute 34, 1
  10              		.eabi_attribute 18, 4
  11              		.file	"board.c"
  12              		.text
  13              	.Ltext0:
  14              		.section	.gnu.lto_.profile.2aabca2884bf2666,"",%progbits
  15 0000 789C6365 		.ascii	"x\234ce`b`a```dH\366\003\000\001\224\000\276"
  15      60626061 
  15      60606064 
  15      48F60300 
  15      019400BE 
  16              		.text
  17              		.section	.gnu.lto_.icf.2aabca2884bf2666,"",%progbits
  18 0000 789C6365 		.ascii	"x\234ce`b\020f@\000f\206m\263\36682N^\271\35687So\353"
  18      60621066 
  18      40006686 
  18      6DB3F638 
  18      324E5EB9 
  19 001a 93DB5C0C 		.ascii	"\223\333\\\014\000Pc\010\005"
  19      00506308 
  19      05
  20              		.text
  21              		.section	.gnu.lto_.jmpfuncs.2aabca2884bf2666,"",%progbits
  22 0000 789C6365 		.ascii	"x\234ce`b\340e@\000f f\0041\230\200\030\000\002a\000"
  22      6062E065 
  22      40006620 
  22      66043198 
  22      80180002 
  23 0016 1B       		.ascii	"\033"
  24              		.text
  25              		.section	.gnu.lto_.inline.2aabca2884bf2666,"",%progbits
  26 0000 789C6365 		.ascii	"x\234ce`bpg@\000f\006\2063\014\247\031\030\031\230&"
  26      60627067 
  26      40006606 
  26      86330CA7 
  26      19181998 
  27 0015 315EF8C2 		.ascii	"1^\370\302\301\300\266@\236\011$\316\310\300*\006\024"
  27      C1C0B640 
  27      9E0924CE 
  27      C8C02A06 
  27      14
  28 0026 04B2E022 		.ascii	"\004\262\340\"\\0\202\211\201\231\011U\216\001\000e"
  28      5C308289 
  28      81990955 
  28      8E010065 
  29 0036 E606DF   		.ascii	"\346\006\337"
  30              		.text
  31              		.section	.gnu.lto_.pureconst.2aabca2884bf2666,"",%progbits
  32 0000 789C6365 		.ascii	"x\234ce`b`g```f\220b\224`b\000\000\001\250\000G"
ARM GAS  /tmp/ccdGCGtH.s 			page 2


  32      60626067 
  32      60606066 
  32      90629460 
  32      62000001 
  33              		.text
  34              		.section	.gnu.lto_stm32_gpio_init.2aabca2884bf2666,"",%progbits
  35 0000 789CA59A 		.ascii	"x\234\245\232\331O\\\327\035\307\357\357\034f`\306\006"
  35      D94F5CD7 
  35      1DC7EFEF 
  35      1C6660C6 
  35      06
  36 0011 277DB2DA 		.ascii	"'}\262\332H\345\241yH\245z\2444\212\372\324\227.RU\265"
  36      48E5A179 
  36      48A57AA4 
  36      348AFAD4 
  36      972E5255 
  37 0026 95EAA86A 		.ascii	"\225\352\250j\237\242$m\323(U\0355\177\200/\213\015"
  37      9FA2246D 
  37      D328551D 
  37      357F802F 
  37      8B0D
  38 0038 069BC566 		.ascii	"\006\233\305f\267\361\020\223\230e\2001\3066\306\304"
  38      B7F11093 
  38      98658031 
  38      C636C6C4 
  39 0048 66C086E0 		.ascii	"f\300\206\340\005\214]\026'^\330\014\030\033\203Ylc"
  39      058C5D16 
  39      275ED80C 
  39      181B8359 
  39      6C63
  40 005a 96A1E7FC 		.ascii	"\226\241\347\374\3569\303\275\267sU\016 10\333\347\373"
  40      EE39C3BD 
  40      B773550E 
  40      203130DB 
  40      E7FB
  41 006c 3BE7773E 		.ascii	";\347w>?\206\001\227F\264w\177\244i?\3274\355\007\354"
  41      3F860197 
  41      46B4777F 
  41      A4693FD7 
  41      34ED07EC 
  42 0080 13A80624 		.ascii	"\023\250\006$\247[\323\222\342\010\000\377F\217\003"
  42      A75BD392 
  42      E20800FF 
  42      468F03
  43 008f 6D2F81BD 		.ascii	"m/\201\275\220M\013)\264\245\2157\221\267*t\366\021"
  43      904D0B29 
  43      B4A58D37 
  43      91B72A74 
  43      F611
  44 00a1 2A5CF096 		.ascii	"*\\\360\226\352=:\365SM+f\237\374\003*\340-\215=n\244"
  44      EA3D3AF5 
  44      534D2B66 
  44      9FFC032A 
  44      E02D8D3D 
  45 00b7 3E9C1FEF 		.ascii	">\234\037\357\2161n\207Jp\003\373\032\274\015!=\274"
  45      8E316E87 
  45      4A7003FB 
ARM GAS  /tmp/ccdGCGtH.s 			page 3


  45      1ABC0D21 
  45      3DBC
  46 00c9 96A687EE 		.ascii	"\226\246\207\356}\011\205\277\377-\321\374\224\005\262"
  46      7D0985BF 
  46      FF2DD1FC 
  46      9405B2
  47 00d8 0B37BF88 		.ascii	"\0137\277\210\345\027\036~\341\345\027\232\226\301\236"
  47      E5171E7E 
  47      E1E5179A 
  47      96C19E
  48 00e7 CC4BC8A4 		.ascii	"\314K\310\244\204\177\245\223\320va\362\322\3378\256"
  48      847FA593 
  48      D07661F2 
  48      D2DF38AE 
  49 00f7 94129652 		.ascii	"\224\022\226R\260\257\355fl\026+\200\000\017M-m\037"
  49      B0AFED66 
  49      6C162B80 
  49      000F4D2D 
  49      6D1F
  50 0109 F71857F5 		.ascii	"\367\030W\365g\351z\014\273\351\311\340r\223\313\017"
  50      67E97A0C 
  50      BBE9C9E0 
  50      7293CB0F 
  51 0119 A549ACE0 		.ascii	"\245I\254\340D?\245P\015o@\025\274\241\361\307\317\025"
  51      443FA550 
  51      0D6F4015 
  51      BCA1F1C7 
  51      CF15
  52 012b F40C6DF7 		.ascii	"\364\014m\367\325\352\251\340\2471\020\000?\024\341"
  52      D5EAA9E0 
  52      A7311000 
  52      3F14E1
  53 013a 32A0067C 		.ascii	"2\240\006|\332$\244,\356\007#\213\032q9}\327\017\305"
  53      DA24A42C 
  53      EE07238B 
  53      1A71397D 
  53      D70FC5
  54 014d 703EC01A 		.ascii	"p>\300\032\205ZFa\025\025x\370c\324\242\352\326\243"
  54      855A4661 
  54      151578F8 
  54      63D4A2EA 
  54      D6A3
  55 015f 82E0637C 		.ascii	"\202\340c|\016Z\210S\002%\361\373b\340\324:\252\036"
  55      0E5A8853 
  55      0225F1FB 
  55      62E0D43A 
  55      AA1E
  56 0171 7CE63D89 		.ascii	"|\346=\211\001\015N\0335^\250jq\031+Q,\264\001\351\274"
  56      010D4E1B 
  56      355EA86A 
  56      71192B51 
  56      2CB401E9 
  57 0186 7770C6B6 		.ascii	"wp\306\266'\261\014\266\225=8\273\216>\307\367 \026"
  57      27B10CB6 
  57      953D38BB 
  57      8E3EC7F7 
  57      2016
ARM GAS  /tmp/ccdGCGtH.s 			page 4


  58 0198 0BF51870 		.ascii	"\013\365\030p\217\032\253\021Y\204\263\316\333\312\364"
  58      8F1AAB11 
  58      5984B3CE 
  58      DBCAF4
  59 01a7 32D856CA 		.ascii	"2\330V\312lZG_\340ez\2651HN\024\234[\251\247\216Q\276"
  59      6C5A475F 
  59      E0657AB5 
  59      31484E14 
  59      9C5BA9A7 
  60 01be D72EE087 		.ascii	"\327.\340\207m\266\253d4\201_uC\"\273\2329V\231D\350"
  60      6DB6AB64 
  60      34815F75 
  60      4322BB9A 
  60      39569944 
  61 01d3 DB783467 		.ascii	"\333x4gn\265\246\300\233\345\272\236\254\207\372\003"
  61      6EB5A6C0 
  61      9BE5BA9E 
  61      AC87FA03 
  62 01e3 DFCF4DD1 		.ascii	"\337\317M\321;\365\030?\215\205\213@\231#\3605+\240"
  62      3BF5183F 
  62      8D858B40 
  62      9923F035 
  62      2BA0
  63 01f5 9917C083 		.ascii	"\231\027\300\203.\301\233\354)\013wG\272\201\323bA\327"
  63      2EC19BEC 
  63      290B7747 
  63      BA81D362 
  63      41D7
  64 0207 D9698616 		.ascii	"\331i\206\026v?\013/[\313\247\"\1772\034\234\210\241"
  64      763F0B2F 
  64      5BCBA722 
  64      7F321C9C 
  64      88A1
  65 0219 3FC384FC 		.ascii	"?\303\204\374\360\276\012\357\377&\304A(JB+&D\216\212"
  65      F0BE0AEF 
  65      FF26C441 
  65      284A422B 
  65      26448E8A 
  66 022d 0709294B 		.ascii	"\007\011)K-\363\011{W\365\235\354\206r~\244\330mWK\002"
  66      2DF3097B 
  66      57F59DEC 
  66      86727EA4 
  66      D86D574B 
  67 0242 9FF28D7A 		.ascii	"\237\362\215z\315O\275p\231M\2016\261KYI\207\357\021"
  67      CD4FBD70 
  67      994D8136 
  67      B14B5949 
  67      87EF11
  68 0255 B64B39BA 		.ascii	"\266K9\272^\026,\370\263\237n\203+\270U\342\211u\007"
  68      5E162CF8 
  68      B39F6E83 
  68      2BB855E2 
  68      897507
  69 0268 3ACF0083 		.ascii	":\317\000\203\025\261\373\023x\031\355\340\343Uk\320"
  69      15B1FB13 
  69      7819EDE0 
  69      E3556BD0 
ARM GAS  /tmp/ccdGCGtH.s 			page 5


  70 0278 017BB119 		.ascii	"\001{\261\031\223U\355\336\310\244H\305\211\362\240"
  70      9355EDDE 
  70      C8A448C5 
  70      89F2A0
  71 0287 C6CD4BE3 		.ascii	"\306\315K\343\033\200C\243\230\202y\230\3007\354\371"
  71      1B8043A3 
  71      98827998 
  71      C037ECF9 
  72 0297 1A74E2DA 		.ascii	"\032t\342\332#\305\307\342c\222\316>\314\365\262JY\323"
  72      23C5C7E2 
  72      6392CE3E 
  72      CCF5B24A 
  72      59D3
  73 02a9 B6F39D82 		.ascii	"\266\363\235\202\253\242\320\325\305\341\334\035\206"
  73      ABA2D0D5 
  73      C5E1DC1D 
  73      86
  74 02b6 306515F9 		.ascii	"0e\025\371;yO\257a\241\202\007\327Q\233\340T\323\253"
  74      3B794FAF 
  74      61A18207 
  74      D7519BE0 
  74      54D3AB
  75 02c9 78C36D0D 		.ascii	"x\303m\015n\210\3632Y\335\356\025q\033\342\177\310\351"
  75      6E88F332 
  75      59DDEE15 
  75      711BE27F 
  75      C8E9
  76 02db 5D487709 		.ascii	"]Hw\011z7\322\373\212\027\373\210\230\034\003\341\265"
  76      7A37D2FB 
  76      8A17FB88 
  76      981C03E1 
  76      B5
  77 02ec 1D705326 		.ascii	"\035pS&\0046\221\320\203\011n\221p\013\023^U\204s\022"
  77      043691D0 
  77      83096E91 
  77      700B135E 
  77      55847312 
  78 0300 8C845E3D 		.ascii	"\214\204^=\225\235\226\3332\241f\023\011\377\301\204"
  78      959D96DB 
  78      32A16613 
  78      09FFC184 
  79 0310 5891D08B 		.ascii	"X\221\320\213\011_--?\243b\015l\374\365I~\355&\370\375"
  79      095F2D2D 
  79      3FA3620D 
  79      6CFCF549 
  79      7EED26F8 
  80 0325 C88F13FC 		.ascii	"\310\217\023\374\001\344\037-\232\011\211\025\350\372"
  80      01E41F2D 
  80      9A098915 
  80      E8FA
  81 0333 9D6A17DC 		.ascii	"\235j\027\334\221\011u\233H\370\026\023<\"\341;LX<]"
  81      9109759B 
  81      48F81613 
  81      3C22E13B 
  81      4C583C5D 
  82 0347 D2B25D24 		.ascii	"\322\262]$\364\376\030\356J~p\023\374{\310\367\012\376"
  82      F4FE18EE 
ARM GAS  /tmp/ccdGCGtH.s 			page 6


  82      4A7E7013 
  82      FC7BC8F7 
  82      0AFE
  83 0359 7DE4A70C 		.ascii	"}\344\247\014\265g\201\344'\367\021x \214\015\026\240"
  83      B56781E4 
  83      27F71178 
  83      208C0D16 
  83      A0
  84 036a B178AE23 		.ascii	"\261x\256#\363\203\237t\315<M\224f\304 \032\\\322\266"
  84      F3839F74 
  84      CD3C4D94 
  84      66C4201A 
  84      5CD2B6
  85 037d 7CD92366 		.ascii	"|\331#fD:\237\021C\326D\325\2710\214\324\377;\010F\034"
  85      443A9F11 
  85      43D644D5 
  85      B9308CD4 
  85      FF3B0846 
  86 0392 0641B331 		.ascii	"\006A\2631\010Fqo\2669\014\202\207r\020\2149\017\202"
  86      0846716F 
  86      B6390C82 
  86      8772108C 
  86      390F82
  87 03a5 176C10B0 		.ascii	"\027l\020\260Z\370*\243\016\202q\034\004\023\270\300"
  87      5AF82AA3 
  87      0E82711C 
  87      0413B8C0 
  88 03b5 E4BED299 		.ascii	"\344\276\322\231x\331\263!S\317\306\257\244\035\217"
  88      78D9B321 
  88      53CFC6AF 
  88      A41D8F
  89 03c4 B19AFF48 		.ascii	"\261\232\377H\232\317\0010\211]\353\030./\361\030]\013"
  89      9ACF0130 
  89      895DEB18 
  89      2E2FF118 
  89      5D0B
  90 03d6 C5C063B3 		.ascii	"\305\300c\263\372\012\001x(\236H\365\021?\205\370\373"
  90      FA0A0178 
  90      289E48F5 
  90      113F85F8 
  90      FB
  91 03e7 9D558188 		.ascii	"\235U\201\2106kL\375\247f\365U\023\246\245\372\2300"
  91      366B4CFD 
  91      A766F555 
  91      13A6A5FA 
  91      9830
  92 03f9 8309B927 		.ascii	"\203\011\271'o\376\304\010\310\317hg\336<3\233\257\032"
  92      6FFEC408 
  92      C8CF6867 
  92      DE3C339B 
  92      AF1A
  93 040b 302BCDC7 		.ascii	"0+\315\307\2009\326+\213\350\252\270y):\342\026\260"
  93      8039D62B 
  93      8BE8AAB8 
  93      79293AE2 
  93      16B0
  94 041d DEA9FEE0 		.ascii	"\336\251\376\340\264[\212\256'\302s\263\347\252\001"
ARM GAS  /tmp/ccdGCGtH.s 			page 7


  94      B45B8AAE 
  94      27C273B3 
  94      E7AA01
  95 042c 2FA4E718 		.ascii	"/\244\347\030\360\022\003\032\247\003\215b\226\2074"
  95      F012031A 
  95      A7038D62 
  95      968734
  96 043b 58346BAE 		.ascii	"X4k\256\212\177%5G\374\022\342\365\351+\272K\324\337"
  96      8A7F2535 
  96      47FC12E2 
  96      F5E92BBA 
  96      4BD4DF
  97 044e 9A08CB42 		.ascii	"\232\010\313B\271f!\371\240E\362\341\255H\276\202:\346"
  97      B96621F9 
  97      A045F2E1 
  97      AD48BE82 
  97      3AE6
  98 0460 B515F7C6 		.ascii	"\265\025\367\306\013\311s\270\344\253\326DU\311\303"
  98      0BC973B8 
  98      E4ABD644 
  98      55C9C3
  99 046f 1B937CCD 		.ascii	"\033\223|\315A\362\011Cr\235\360\235\331\356 y\022\021"
  99      41F20943 
  99      729DF09D 
  99      D9EE2079 
  99      1211
 100 0481 92271347 		.ascii	"\222'\023G\311\273k\335\274\026\276\312\250\222\247"
 100      C9BB6BDD 
 100      BC16BECA 
 100      A892A7
 101 0490 102E792A 		.ascii	"\020.y*\341\013\034\030/_\037\314\253\246\216U/\034"
 101      E10B1C18 
 101      2F5F1FCC 
 101      ABA68E55 
 101      2F1C
 102 04a2 6CF05825 		.ascii	"l\360X%\337G\204\344\034\000\373Y%\226\237\347\012@"
 102      DF4784E4 
 102      1C00FB59 
 102      25969FE7 
 102      0A40
 103 04b4 3C026944 		.ascii	"<\002iDH\215\270t\206\263\030\254\212;@\204\301\210"
 103      488DB874 
 103      86B318AC 
 103      8A3B4084 
 103      C188
 104 04c6 CB20FC44 		.ascii	"\313 \374D%\037)H\365\212\037\336\325y'\\\220IL\012"
 104      251F2948 
 104      F58A1FDE 
 104      D579275C 
 104      90494C0A 
 105 04da AB261C24 		.ascii	"\253&\034$BaL8Dl\012\253\342\262\210P\030q\331Xp {\350"
 105      42614C38 
 105      446C0AAB 
 105      E2B28850 
 105      1871D958 
 106 04f2 8027A2B0 		.ascii	"\200'\242\260\356\206\034brX5!\227\010\2071\3410&<\\"
 106      EE861C62 
ARM GAS  /tmp/ccdGCGtH.s 			page 8


 106      72583521 
 106      97088731 
 106      E130263C 
 107 0507 ACBFB14D 		.ascii	"\254\277\261M$\034\334\011G\210IbU~\036\021\022#?\037"
 107      241CDC09 
 107      47884962 
 107      557E1E11 
 107      12233F1F 
 108 051b F9D5E32B 		.ascii	"\371\325\343+Mb,'\351\311\257C\0011\234\232\020\026"
 108      4D622C27 
 108      E9C9AF43 
 108      01319C9A 
 108      1016
 109 052d AF582C0E 		.ascii	"\257X,\016o\305\342B\302}K\017\344\225Saq\021\267\270"
 109      6FC5E242 
 109      C27D4B0F 
 109      E4955361 
 109      7111B7B8 
 110 0541 C89AA86A 		.ascii	"\310\232\250jq1\331\220\305%$\272\305\363\206\305Gq"
 110      7131D990 
 110      C52524BA 
 110      C5F386C5 
 110      4771
 111 0553 6BE21D2C 		.ascii	"k\342\035,>&-.u\266x\234Y\314j\341\253\214j\361q\264"
 111      3E262D2E 
 111      75B6789C 
 111      59CC6AE1 
 111      AB8C6AF1 
 112 0569 D88F2D3B 		.ascii	"\330\217-;\232\031\036s\313\226\261\365GZ\3267\177)"
 112      9A191E73 
 112      CB96B1F5 
 112      475AD637 
 112      7F29
 113 057b DB6DB5B8 		.ascii	"\333m\265\270LZ\314\001\360\205\335b\005 \236\201\023"
 113      4C5ACC01 
 113      F085DD62 
 113      05209E81 
 113      13
 114 058c D262C495 		.ascii	"\322b\304\225\333-V\305})-F\334Wx\244.\257v\354\217"
 114      DB2D56C5 
 114      7D292D46 
 114      DC5778A4 
 114      2EAF76EC 
 115 05a1 358E545F 		.ascii	"5\216T_\031{\365w\322,\261j@\205\224\030\003*1\240\252"
 115      197BF577 
 115      D22CB16A 
 115      40859418 
 115      032A31A0 
 116 05b6 B7EBB118 		.ascii	"\267\353\261\030\023k?\204*b\222Z\025_-\245F|\300\274"
 116      136B3F84 
 116      2A62925A 
 116      155F2DA5 
 116      467CC0BC 
 117 05ca BB759BC0 		.ascii	"\273u\233\300\325H\203\021Wk\306\0057\201\253\223\302"
 117      D5488311 
 117      576BC605 
 117      3781AB93 
ARM GAS  /tmp/ccdGCGtH.s 			page 9


 117      C2
 118 05db 222E888B 		.ascii	"\".\210\213\037\353\236\233\027\213g~T\272\340\224\360"
 118      1FEB9E9B 
 118      178B677E 
 118      54BAE094 
 118      F0
 119 05ec 675E18CB 		.ascii	"g^\030\313\017\340\272\261\305d\013\306\326\243[w\203"
 119      0FE0BAB1 
 119      C5640BC6 
 119      D6A35B77 
 119      83
 120 05fd 5D4FE284 		.ascii	"]O\342\204\261e\334\330\323\326DUc\0336f\354\031\007"
 120      B165DCD8 
 120      D3D64455 
 120      631B3666 
 120      EC1907
 121 0610 63D70C63 		.ascii	"c\327\014c\317\342\336$8\030{N\032\333\350ll\230\031"
 121      CFE2DE24 
 121      38187B4E 
 121      1ADBE86C 
 121      6C9819
 122 0623 CB6AE1AB 		.ascii	"\313j\341\253\214j\354y4\266\011{6\322\231\021y\241"
 122      8C6AEC79 
 122      34B6097B 
 122      36D29911 
 122      79A1
 123 0635 74DAD4B2 		.ascii	"t\332\324\262\326\254G'\343\255\302^\220\302\362\347"
 123      D6AC4727 
 123      E3ADC25E 
 123      90C2F2E7 
 124 0645 43B35DD8 		.ascii	"C\263]\330\215\363\360\010|-}E\332E\273\257\212\264"
 124      8DF3F008 
 124      7C2D7D45 
 124      DA45BBAF 
 124      8AB4
 125 0657 4B5257A4 		.ascii	"KRW\244\265\230k\253Q\247\205\244\233Hk\265\377\200"
 125      B5986BAB 
 125      51A785A4 
 125      9B486BB5 
 125      FF80
 126 0669 55A4B549 		.ascii	"U\244\265I\025\221v\331\256\242\"\355\2124\021i\355"
 126      159176D9 
 126      AEA222ED 
 126      8A341169 
 126      ED
 127 067a 76131569 		.ascii	"v\023\025i\035RD\244}\303h\213\362M(a]\275\305\272\206"
 127      1D5244A4 
 127      7DC3688B 
 127      F24D2861 
 127      5DBDC5BA 
 128 068f AD58D789 		.ascii	"\255X\327\211~\364TL\244\273\204u\225\334\272\253\304"
 128      7EF4544C 
 128      A4BB8475 
 128      95DCBAAB 
 128      C4
 129 06a0 92A86ADD 		.ascii	"\222\250j\335\265\215Yw\335\301\272@!Zw\0037b\207\203"
 129      B58D5977 
ARM GAS  /tmp/ccdGCGtH.s 			page 10


 129      DDC1BA40 
 129      215A7703 
 129      37628783 
 130 06b4 755DD2BA 		.ascii	"u]\322\272ng\353\372\353\334\274\026\276\312\250\326"
 130      6E67EBFA 
 130      EBDCBC16 
 130      BECAA8D6 
 131 06c4 DD44EB7A 		.ascii	"\335D\353z\260?\343\271\025\367=\262AWM\015\232\233"
 131      B03FE3B9 
 131      15F73DB2 
 131      41574D0D 
 131      9A9B
 132 06d6 1DE88AB3 		.ascii	"\035\350\212\263jwKj\307\001p\333\256\235\002\320x\347"
 132      6A774B6A 
 132      C70170DB 
 132      AE9D02D0 
 132      78E7
 133 06e8 477A87B8 		.ascii	"Gz\207\270^\273w\252\270>)\036\342\372\355\342\251\342"
 133      5EBB77AA 
 133      B83E291E 
 133      E2FAEDE2 
 133      A9E2
 134 06fa 06A47988 		.ascii	"\006\244y\210\273c7O\025\367\255T\017q\337\331\325S"
 134      BB63374F 
 134      15F7AD54 
 134      0F71DFD9 
 134      D553
 135 070c C5DD95EE 		.ascii	"\305\335\225\356!\356\236\335=U\334})\037\342\036\010"
 135      21EE9EDD 
 135      3D55DC7D 
 135      291FE21E 
 135      08
 136 071d 1C572150 		.ascii	"\034W!Ph\310\327i\221\357\332V\344\033DM\216<\257\030"
 136      68C8D769 
 136      91EFDA56 
 136      E41B444D 
 136      8E3CAF18 
 137 0731 96F29DC2 		.ascii	"\226\362\235\302\367\223\210%QU\276\341\215\3117\342"
 137      F7938825 
 137      5155BEE1 
 137      8DC937E2 
 138 0741 205FA321 		.ascii	" _\243!\337(n\304kN\357'I\371\306\234\345\233f\362\261"
 138      DF286EC4 
 138      6B4EEF27 
 138      49F9C69C 
 138      E59B66F2 
 139 0756 5AF82AA3 		.ascii	"Z\370*\243\277\237\204\362M`\203.\036n8\027\371\275"
 139      BF9F84F2 
 139      4D60832E 
 139      1E6E3817 
 139      F9BD
 140 0768 62C8D4A0 		.ascii	"b\310\324\240\362\271\232f\333\213\324GR>\016\200I\273"
 140      F2B99A66 
 140      DB8BD447 
 140      523E0E80 
 140      49BB
 141 077a 7C0A40EC 		.ascii	"|\012@\354\370c)\037\342\236\330\345S\305MI\371\020"
ARM GAS  /tmp/ccdGCGtH.s 			page 11


 141      F863291F 
 141      E29ED8E5 
 141      53C54D49 
 141      F910
 142 078c F7D42E9F 		.ascii	"\367\324.\237*nZ\312\207\270\031\273|\252\270gR>\304"
 142      2A6E5ACA 
 142      87B819BB 
 142      7CAAB867 
 142      523EC4
 143 079f CDDAE553 		.ascii	"\315\332\345S\305\315I\371\0207o\227O\025\267 \345C"
 143      C5CD49F9 
 143      10376F97 
 143      4F15B720 
 143      E543
 144 07b1 DC73937C 		.ascii	"\334s\223|\215B\276A\213|\303[\221\357\005j\322~&\320"
 144      8D42BE41 
 144      8B7CC35B 
 144      91EF056A 
 144      D27E26D0 
 145 07c5 2BE53BCF 		.ascii	"+\345;\317\345{I,\211\252\362"
 145      E57B492C 
 145      89AAF2
 146 07d0 2D6E4CBE 		.ascii	"-nL\276W\016\362\215\032\362-\341F\274\356 \337\262"
 146      570EF28D 
 146      1AF22DE1 
 146      46BCEE20 
 146      DFB2
 147 07e2 946FC559 		.ascii	"\224o\305Y\276\216\240\233\327\302W\031U\276U\224/\214"
 147      BE8EA09B 
 147      D7C25719 
 147      55BE5594 
 147      2F8C
 148 07f4 0D9A5ABE 		.ascii	"\015\232Z\2768\031\371\035\341\245\251A)u\275\023\266"
 148      3819F91D 
 148      E1A5A941 
 148      2975BD13 
 148      B6
 149 0805 3773D7A4 		.ascii	"7s\327\244|\034\000:\265\311\247\000\304\216'Q!\037"
 149      7C1C003A 
 149      B5C9A700 
 149      C48E2751 
 149      211F
 150 0817 E292A94D 		.ascii	"\342\222\251M>U\\\012\025\362!.\225\332\344S\305\355"
 150      3E555C0A 
 150      15F2212E 
 150      95DAE453 
 150      C5ED
 151 0829 A3423EC4 		.ascii	"\243B>\304\355\2476\371TqiT\310\207\270tj\223O\025w"
 151      EDA736F9 
 151      54716954 
 151      C887B874 
 151      6A934F15 
 152 083e 800AF910 		.ascii	"\200\012\371\020\227Am\362\251\3422\251\220\017q\007"
 152      97416DF2 
 152      A9E232A9 
 152      900F7107 
 153 084e E9BA7CA3 		.ascii	"\351\272|\243B\276\027\026\371\026\267\"\337!\3125Y"
ARM GAS  /tmp/ccdGCGtH.s 			page 12


 153      42BE1716 
 153      F916B722 
 153      DF21CA35 
 153      59
 154 085f 1A6BCF94 		.ascii	"\032k\317\224\277\354\205\270|Y\324\222\250*_6\335\220"
 154      BFEC85B8 
 154      7C59D492 
 154      A82A5F36 
 154      DD90
 155 0871 7C3934BA 		.ascii	"|94\272|3\206|\271\270\021\337s\220\3570\025\362\035"
 155      7C33867C 
 155      B9B811DF 
 155      7390EF30 
 155      15F21D
 156 0884 A1CE7F52 		.ascii	"\241\316\177Re\362\261Z\370*\243\312\227G\271|\371\370"
 156      65F2B15A 
 156      F82AA3CA 
 156      9747B97C 
 156      F9F8
 157 0896 8F01F92B 		.ascii	"\217\001\371+\017g\211l\020[\177\244A\313\351C\251\266"
 157      0F67896C 
 157      105B7FA4 
 157      41CBE943 
 157      A9B6
 158 08a8 979D0554 		.ascii	"\227\235\005T\310\307\001Ph\227O\001\210\035/\222\362"
 158      C8C70150 
 158      68974F01 
 158      881D2F92 
 158      F2
 159 08b9 21AED82E 		.ascii	"!\256\330.\237*\256D\312\207\270\243v\371Tq\307\244"
 159      9F2AAE44 
 159      CA87B8A3 
 159      76F95471 
 159      C7A4
 160 08cb 7C882BB5 		.ascii	"|\210+\265\313\247\212;.\345C\234\337.\237*\256L\312"
 160      CBA78A3B 
 160      2EE5439C 
 160      DF2E9F2A 
 160      AE4CCA
 161 08de 87B82FEC 		.ascii	"\207\270/\354\362\251\342NH\371\020Wn\222oF\310\307"
 161      F2A9E24E 
 161      48F91057 
 161      6E926F46 
 161      C8C7
 162 08f0 CFD2BA7C 		.ascii	"\317\322\272|\331\374\332S\3767\307c\370?\027x\3763"
 162      D9FCDA53 
 162      FE37C763 
 162      F83F1778 
 162      FE33
 163 0902 D831CBE9 		.ascii	"\3301\313\351\326\210\246\371v\355\362\371\366|\356"
 163      D688A6F9 
 163      76EDF2F9 
 163      F67CEE
 164 0911 FBC707FF 		.ascii	"\373\307\007\377\364}\270\347\203\177\377\365s\337\356"
 164      F47DB8E7 
 164      837FFFF5 
 164      73DFEE
ARM GAS  /tmp/ccdGCGtH.s 			page 13


 165 0920 F7DEDFFD 		.ascii	"\367\336\337\375\336\357~\372\366\257\337y\377\227\277"
 165      DEEF7EFA 
 165      F6AFDF79 
 165      FF97BF
 166 092f D9FD8B3F 		.ascii	"\331\375\213?\374\351W\177\374\213q\337\256\2174\327"
 166      FCE9577F 
 166      FC8B71DF 
 166      AE8F34D7 
 167 093f C79F7DB2 		.ascii	"\307\237}\262\3473\367G{\376\365\367O>\376/\216\353"
 167      E733F747 
 167      7BFEF5F7 
 167      4F3EFE2F 
 167      8EEB
 168 0951 D998     		.ascii	"\331\230"
 169              		.text
 170              		.section	.gnu.lto___early_init.2aabca2884bf2666,"",%progbits
 171 0000 789C6365 		.ascii	"x\234ce`b8\313\300\300`\010\304\322@\314\310\314\300"
 171      606238CB 
 171      C0C06008 
 171      C4D240CC 
 171      C8CCC0
 172 0013 C834E11C 		.ascii	"\3104\341\034\003C#\007\023##\210\321\300\301\310P\317"
 172      03432307 
 172      13232388 
 172      D1C0C1C8 
 172      50CF
 173 0025 C458CFD8 		.ascii	"\304X\317\330\317<\235\231\361P\373\263\235L\232\313"
 173      CF3C9D99 
 173      F150FBB3 
 173      9D4C9ACB 
 174 0035 1B80E0C0 		.ascii	"\033\200\340\300\364+|m\015\255\022\363\231\031\030"
 174      F42B7C6D 
 174      0DAD12F3 
 174      991918
 175 0044 66023108 		.ascii	"f\0021\0100.g\324d\000*{\264\361\337T^6\026\2108\343"
 175      302E67D4 
 175      64002A7B 
 175      B4F1DF54 
 175      5E361688 
 176 005a 0A463646 		.ascii	"\012F6F \275\376\022\343\201\206\177\377\333\033\016"
 176      20BDFE12 
 176      E381867F 
 176      FFDB1B0E 
 177 006a 9C59CC78 		.ascii	"\234Y\314x\327\217\205\201\241\013(\015\262\243\233"
 177      D78F8581 
 177      A10B280D 
 177      B2A39B
 178 0079 99094433 		.ascii	"\231\011D3\277fl^\260y.3H\003\310\224\235;\337\334f"
 178      BF666C5E 
 178      B0792E33 
 178      4803C894 
 178      9D3BDFDC 
 179 008e AFFFDBC0 		.ascii	"\257\377\333\3001\237\231q&3\320\010\306\225\214\365"
 179      319F9971 
 179      2633D008 
 179      C6958CF5 
 180 009e 0CF3818A 		.ascii	"\014\363\201\212A\012\267\312bW\307\004T\267\012\252"
ARM GAS  /tmp/ccdGCGtH.s 			page 14


 180      410AB7CA 
 180      6257C704 
 180      54B70AAA 
 181 00ae EE2D63D3 		.ascii	"\356-c\323\202\335s\031\301\012A\240\013h\012\320\""
 181      82DD7319 
 181      C10A41A0 
 181      0B680AD0 
 181      22
 182 00bf A0127D3D 		.ascii	"\240\022}==}\375\374b\375\214\304\034\375\244\374\304"
 182      3D7DFDFC 
 182      62FD8CC4 
 182      1CFDA4FC 
 182      C4
 183 00d0 A29462FD 		.ascii	"\242\224b\375\340\220\370\340\020_c#7\223x\027\317`"
 183      E090F8E0 
 183      105F6323 
 183      37937817 
 183      CF60
 184 00e2 67FF30D7 		.ascii	"g\3770\327\240H\210\234^2\003\000=^S;"
 184      A048889C 
 184      5E320300 
 184      3D5E533B 
 185              		.text
 186              		.section	.gnu.lto_boardInit.2aabca2884bf2666,"",%progbits
 187 0000 789C6365 		.ascii	"x\234ce`b\250d``0\004bi fdf`d\232p\216\201\241\221\203"
 187      6062A864 
 187      60603004 
 187      62692066 
 187      64666064 
 188 001b 899111C4 		.ascii	"\211\221\021\304h\340`d\250gb\254g\354g\236\316\314"
 188      68E06064 
 188      A86762AC 
 188      67EC679E 
 188      CECC
 189 002d 78A8FDD9 		.ascii	"x\250\375\331N&\315\345\015@p`\372\006\241\266\206V"
 189      4E26CDE5 
 189      0D407060 
 189      FA06A1B6 
 189      8656
 190 003f 89F9CC0C 		.ascii	"\211\371\314\014\0143\201\030\004\030\2273j2\000\225"
 190      0C338118 
 190      04189733 
 190      6A320095 
 191 004f 3DDAF86F 		.ascii	"=\332\370o*/\033\013D\234q\005#\033#\220^\177\211\361"
 191      2A2F1B0B 
 191      449C7105 
 191      231B2390 
 191      5E7F89F1 
 192 0063 40C3BFFF 		.ascii	"@\303\277\377\355\015\007\276,b\334\032\304\304\300"
 192      ED0D07BE 
 192      2C62DC1A 
 192      C4C4C0
 193 0072 D0059406 		.ascii	"\320\005\224\006\331\321\315\314\004\242\231\33726)"
 193      D9D1CDCC 
 193      04A299DF 
 193      323629
 194 0081 805483CD 		.ascii	"\200T\203\315\352bf\004\011\002\225\351\353\351\351"
ARM GAS  /tmp/ccdGCGtH.s 			page 15


 194      EA626604 
 194      090295E9 
 194      EBE9E9
 195 0090 EBE717EB 		.ascii	"\353\347\027\353g$\346\350'\345'\026\245\024\353\007"
 195      6724E6E8 
 195      27E52716 
 195      A514EB07 
 196 00a0 87C40787 		.ascii	"\207\304\007\207\370\032\033\271\231\304\273x\006;\373"
 196      F81A1BB9 
 196      99C4BB78 
 196      063BFB
 197 00af 87B90645 		.ascii	"\207\271\006EB\344\364\222\031\000m\2527p"
 197      42E4F492 
 197      19006DAA 
 197      3770
 198              		.text
 199              		.section	.gnu.lto_.symbol_nodes.2aabca2884bf2666,"",%progbits
 200 0000 789C55C8 		.ascii	"x\234U\310\313\011\200P\014\005\321\311\015Z\227\326"
 200      CB098050 
 200      0C05D1C9 
 200      0D5A97D6 
 201 0010 61312F25 		.ascii	"a1/%X\203]\370\005\301\2655X\211\030\004\027\316f\340"
 201      58835DF8 
 201      05C1B535 
 201      58891804 
 201      17CE66E0 
 202 0024 54888E4C 		.ascii	"T\210\216L\263\012\364'\344\306\330\243N[T\354\263)"
 202      B30AF427 
 202      E4C6D8A3 
 202      4E5B54EC 
 202      B329
 203 0036 DA945545 		.ascii	"\332\224UE?\261M\305_\201\210\006\334`\270nss\216<\017"
 203      3FB14DC5 
 203      5F818806 
 203      DC60B86E 
 203      73738E3C 
 204 004b 62321840 		.ascii	"b2\030@"
 205              		.text
 206              		.section	.gnu.lto_.refs.2aabca2884bf2666,"",%progbits
 207 0000 789C6365 		.ascii	"x\234ce`b`d\000\002\000\000I\000\011"
 207      60626064 
 207      00020000 
 207      490009
 208              		.text
 209              		.section	.gnu.lto_.decls.2aabca2884bf2666,"",%progbits
 210 0000 789CCD59 		.ascii	"x\234\315Y}PT\327\025\337\373\356.\037\313\202\016\330"
 210      7D5054D7 
 210      15DFFBEE 
 210      2E1FCB82 
 210      0ED8
 211 0012 C4A676C6 		.ascii	"\304\246v\306q\210a\332\204\025L\223\264\323N\243\200"
 211      718861DA 
 211      84154C93 
 211      B4D34EA3 
 211      80
 212 0023 C2C44466 		.ascii	"\302\304Df1\266\371\243\303 `d\212@\001S\323\366\217"
 212      31B6F9A3 
ARM GAS  /tmp/ccdGCGtH.s 			page 16


 212      C3206064 
 212      8A400153 
 212      D3F68F
 213 0036 C787A228 		.ascii	"\307\207\242(*\012*\362\245\202\021\"\002*\010\010\350"
 213      2A0A2AF2 
 213      A5821122 
 213      022A0808 
 213      E8
 214 0047 0A820842 		.ascii	"\012\202\010B\020\004\344\373K\021\277\020\021\025\021"
 214      1004E4FB 
 214      4B11BF10 
 214      111511
 215 0056 A1E7DEFB 		.ascii	"\241\347\336\373\226\367\366\261\266i\376\352\016\207"
 215      96F7F6B1 
 215      B669FEEA 
 215      0E87
 216 0064 7BCFBBBF 		.ascii	"{\317\273\277{\3569\347\236s\357y\273*\005\247\260\371"
 216      7BEE39E7 
 216      9E73EF79 
 216      BB2A05A7 
 216      B0F9
 217 0076 A5421182 		.ascii	"\245B\021\202\025\212O\221B1\003\037\245B\2418\255\020"
 217      158A4F91 
 217      4231031F 
 217      A542A138 
 217      AD10
 218 0088 3F84CF05 		.ascii	"?\204\317\005\312\007:\013T\240\230\373\371\013\314"
 218      CA073A0B 
 218      54A098FB 
 218      F90BCC
 219 0097 B586763D 		.ascii	"\265\206v=\320{@o\001\3773\240\313\320\267\005Z\000"
 219      D07B406F 
 219      01FF33A0 
 219      CBD0B705 
 219      5A00
 220 00a9 B40A31DC 		.ascii	"\264\0121\334?\201\376\001\364/ 7 ;\030\263\200\326"
 220      3F81FE01 
 220      F42F2037 
 220      203B18B3 
 220      80D6
 221 00bb 0A680AFA 		.ascii	"\012h\012\372\177\203\366c\240\337\001\375\001\350\217"
 221      7F83F663 
 221      A0DF01FD 
 221      01E88F
 222 00ca 409F00FD 		.ascii	"@\237\000\375\026\350\367@\301@[\200\276\001\012\002"
 222      16E8F740 
 222      C1405B80 
 222      BE010A02 
 223 00da 0A030A04 		.ascii	"\012\003\012\004\332\014\024\012\304\011\372F@\037\376"
 223      DA0C140A 
 223      C409FA46 
 223      401FFE
 224 00e9 1451C858 		.ascii	"\024Q\310XW\037\340\261\240k4\022m\305\202\215\271o"
 224      571FE0B1 
 224      A06B3412 
 224      6DC5828D 
 224      B96F
ARM GAS  /tmp/ccdGCGtH.s 			page 17


 225 00fb B0D15F90 		.ascii	"\260\321_\220\267^\340\221\340\017\371\347\020F\347"
 225      B75EE091 
 225      E00FF9E7 
 225      1046E7
 226 010a E3AE9473 		.ascii	"\343\256\224s=\250\013\201.h>C#\366\037Q\242\354\214"
 226      3DA80B81 
 226      2E683E43 
 226      23F61F51 
 226      A2EC8C
 227 011d E183107D 		.ascii	"\341\203\020}\016O9\205\260\210\341\0212\314\020xN`"
 227      0E4F3985 
 227      B088E111 
 227      32CC1078 
 227      4E60
 228 012f 394124FD 		.ascii	"9A$\375\023&#\211D6\314V2|\230\316\254C\247\031f#N\\"
 228      13262389 
 228      4436CC56 
 228      327C98CE 
 228      AC43A719 
 229 0147 0021E904 		.ascii	"\000!\351\004\211@\246\2660>\253\237B4\016\031\254\177"
 229      8940A6B6 
 229      303EAB9F 
 229      42340E19 
 229      AC7F
 230 0159 92747D48 		.ascii	"\222t}H\335\213\272\311\323\243$\252\340\331\343\251"
 230      DD8BBAC9 
 230      D3A324AA 
 230      E0D9E3A9 
 231 0169 B6628C39 		.ascii	"\266b\2149D\372\275/\263V9\346\360\354c\361+\321mU3"
 231      44FABD2F 
 231      B35639E6 
 231      F0EC63F1 
 231      2BD16D55 
 232 017e 2FF4F3F6 		.ascii	"/\364\363\366`d\253F\034\260M\243\327S\255\200]\240"
 232      6064AB46 
 232      1CB04DA3 
 232      D753AD80 
 232      5DA0
 233 0190 46F3819D 		.ascii	"F\363\201\235\210h\271\254^x\220\316\212\342\347sh\375"
 233      8868B9AC 
 233      5E7890CE 
 233      8AE2E773 
 233      68FD
 234 01a2 5B28072D 		.ascii	"[(\007-B\247\320\"X\3744Z\010\3777(\231\244;\207\256"
 234      42A7D022 
 234      58FC345A 
 234      08FF3728 
 234      99A43B87 
 235 01b7 2F587294 		.ascii	"/Xr\224\327\367\361\372\336J\307\246\214\355|#\314\372"
 235      D7F7F1FA 
 235      DE4AC7A6 
 235      8CED7C23 
 235      CCFA
 236 01c9 94C25036 		.ascii	"\224\302P6\302\350{\344HT\206.\374\317B\275\010\235"
 236      C2E87BE4 
 236      4854862E 
 236      FCCF42BD 
ARM GAS  /tmp/ccdGCGtH.s 			page 18


 236      089D
 237 01db 443D6050 		.ascii	"D=`P.ZB,x\264\267a\036\376\214j{\342QC\236\005\310:"
 237      2E5A422C 
 237      78B4B761 
 237      1EFE8C6A 
 237      7BE25143 
 238 01f3 0AB25A2F 		.ascii	"\012\262Z/h\222x}$\210\342\250\244<QR\236\\R>\225t}"
 238      6892787D 
 238      2488E2A8 
 238      A43C5152 
 238      9E5C523E 
 239 020a A8FB9FF8 		.ascii	"\250\373\237\370\317TP\364\321\333%f (\037\004Ux\030"
 239      CF5450F4 
 239      D1DB2566 
 239      20281F04 
 239      557818
 240 021d C93923CA 		.ascii	"\3119#\3129#\227s\226\312\341\207K\273\346\341\015T"
 240      39239773 
 240      96CAE187 
 240      4BBBE6E1 
 240      0D54
 241 022f 505E466B 		.ascii	"P^Fk\2025\010\352\343\301\272\264\367'c\252w\363\307"
 241      823508EA 
 241      E3C1BAB4 
 241      F72763AA 
 241      77F3C7
 242 0242 10B3ED9C 		.ascii	"\020\263\355\234(\351\034\221D:\005T\302\215\350\374"
 242      28E91C91 
 242      443A0554 
 242      C28DE8FC 
 243 0252 14CC9CAB 		.ascii	"\024\314\234\253$&\326\037\031\264a\316]L\"v\350Z\265"
 243      2426D61F 
 243      19B461CE 
 243      5D4C2276 
 243      E85AB5
 244 0265 9A8DF208 		.ascii	"\232\215\362\010x}\365\356G\010\247#\272`wM\366)2\365"
 244      787DF5EE 
 244      4708A723 
 244      BA60774D 
 244      F62932F5 
 245 0279 3D3522B1 		.ascii	"=5\"\2610\217\350\360\260\344\2455{D\020M{\3072\315"
 245      308FE8F0 
 245      B0E4A535 
 245      7B44104D 
 245      7BC732CD 
 246 028d F1090AE7 		.ascii	"\361\011\012\347\222j\333*\224\310A\375\035\331)\375"
 246      926ADB2A 
 246      94C841FD 
 246      1DD929FD 
 247 029d D5DCA587 		.ascii	"\325\334\245\207\307x~1*GjT*\252\367\236\032\376\357"
 247      C7787E31 
 247      2A476A54 
 247      2AAAF79E 
 247      1AFEEF
 248 02b0 E0F9487E 		.ascii	"\340\371H~_\024o\351\256@\347a/\013a/Q\031r r\011\016"
 248      5F146FE9 
 248      AE40E761 
ARM GAS  /tmp/ccdGCGtH.s 			page 19


 248      2F0B612F 
 248      51197220 
 249 02c7 5D808725 		.ascii	"]\200\207%\360\020\326\310\316\214?n\206{\330\032\325"
 249      F010D6C8 
 249      CE8C3F6E 
 249      867BD81A 
 249      D5
 250 02d8 173B6F29 		.ascii	"\027;o)\221\332\301\244\000\275\011\001L\231\231\262"
 250      91DAC1A4 
 250      00BD0901 
 250      4C9999B2 
 251 02e8 25D5DB88 		.ascii	"%\325\333\210\327/\2012\027Ee@7\0268;r\366Tb\365\016"
 251      D72F8132 
 251      17456540 
 251      3716383B 
 251      72F65462 
 252 02fe 12613F46 		.ascii	"\022a?F*\231\321\037\323,xn\202\360GJ\307kU\214\267"
 252      2A99D11F 
 252      D32C786E 
 252      82F0474A 
 252      C76B558C 
 253 0313 00B668E4 		.ascii	"\000\266h\344T\2215\363\263\236\014\317T\274\270e\215"
 253      549135F3 
 253      B39E0CCF 
 253      54BCB865 
 253      8D
 254 0324 635926C4 		.ascii	"cY&\304\236o\356Q\222\325x\266\032\231dXO\201\252\211"
 254      9E6FEE51 
 254      92D578B6 
 254      1A996458 
 254      4F81AA89 
 255 0338 5248BB08 		.ascii	"RH\273\010-\243\013%\226'\026\332\330\356\243`\360\247"
 255      2DA30B25 
 255      962716DA 
 255      D8EEA360 
 255      F0A7
 256 034a 92DA7005 		.ascii	"\222\332p\005\320\225\024}\025\331\032\346\320u\356"
 256      D095147D 
 256      15D91AE6 
 256      D075EE
 257 0359 B5675832 		.ascii	"\265gX25F\011\177\250d`\324\006'\260u\343+\237=\265"
 257      3546097F 
 257      A86460D4 
 257      0627B075 
 257      E32B9F3D 
 258 036e C28719D3 		.ascii	"\302\207\031\323u<\341\204\222!\207\011\237:5\025\255"
 258      753CE184 
 258      92218709 
 258      9F3A3515 
 258      AD
 259 037f C4A96C30 		.ascii	"\304\251l0\262\264=^H\311>\272\321\221\0072\315\360"
 259      B2B43D5E 
 259      48C93EBA 
 259      D1910732 
 259      CDF0
 260 0391 4936F86A 		.ascii	"I6\370j\344\344\250\031>\303\230\242\376\304K\302\202"
 260      E4E4A819 
ARM GAS  /tmp/ccdGCGtH.s 			page 20


 260      3EC398A2 
 260      FEC44BC2 
 260      82
 261 03a2 B7085FF9 		.ascii	"\267\010_\3714\345\211\006\227\262\301m\2317w\233\343"
 261      34E58906 
 261      97B2C16D 
 261      9937779B 
 261      E3
 262 03b3 2AC6340F 		.ascii	"*\3064\017\035\213\3260d#\341\237v\306Uk\360\017l\360"
 262      1D8BD630 
 262      6423E19F 
 262      76C6556B 
 262      F00F6CF0 
 263 03c7 4ACD60B3 		.ascii	"J\315`\263\005ng\314\256\252\302j!fk\010\0371\234\037"
 263      056E67CC 
 263      AEAAC26A 
 263      21666B08 
 263      1F319C1F 
 264 03db 83F1A0B0 		.ascii	"\203\361\240\260\240\340Y[\301\263O\032+c-\361#6X\277"
 264      A0E0595B 
 264      C1B34F1A 
 264      2B632DF1 
 264      233658BF 
 265 03ef 737F2287 		.ascii	"s\177\"\207\2371&k(e\217\260\340'\3045\311\243\251\032"
 265      9F31266B 
 265      28658FB0 
 265      E027C435 
 265      C9A3A91A 
 266 0403 FC9A8D95 		.ascii	"\374\232\215\225el\313\266\3001\2302\245Ee\325\302\336"
 266      656CCBB6 
 266      C0319832 
 266      A54565D5 
 266      C2DE
 267 0415 2D2319DB 		.ascii	"-#\031\333\020\327\245\301{\331X\356p\214\336\034\037"
 267      10D7A5C1 
 267      7BD958EE 
 267      708CDE1C 
 267      1F
 268 0426 624CF2D3 		.ascii	"bL\362\323\356{\202\261\016DH\375\313\034\033\234\316"
 268      EE7B82B1 
 268      0E4448FD 
 268      CB1C1B9C 
 268      CE
 269 0437 C60C9965 		.ascii	"\306\014\231e\3132\253\254\263P\213\263\331\320\261"
 269      CB32ABAC 
 269      B3508BB3 
 269      D9D0B1
 270 0446 E19203F3 		.ascii	"\341\222\003\363\360Y\306\214D\337\351\263b\270\205"
 270      F059C68C 
 270      44DFE9B3 
 270      62B885
 271 0455 C0F677DF 		.ascii	"\300\366w\337\215\265\301\245ll\373\245\304rK\\\305"
 271      8DB5C1A5 
 271      6C6CFBA5 
 271      C4724B5C 
 271      C5
 272 0466 18C33968 		.ascii	"\030\3039h\313\316\301+}=\0107\260\241\007\261\372v"
ARM GAS  /tmp/ccdGCGtH.s 			page 21


 272      CBCEC12B 
 272      7D3D0837 
 272      B0A107B1 
 272      FA76
 273 0478 0EB73126 		.ascii	"\016\2671&\273$\256_\205\373\0303X\024\375\\\211o3\346"
 273      BB24AE5F 
 273      85FB1833 
 273      5814FD5C 
 273      896F33E6 
 274 048c D4545AA3 		.ascii	"\324TZ\243%\276\307\230\306\013}wl\360\023\306\344\324"
 274      25BEC798 
 274      C60B7D77 
 274      6CF013C6 
 274      E4D4
 275 049e 5FED123C 		.ascii	"_\355\022<\274\203\344}NV\367\220\271\020\256$|3\213"
 275      BC83E47D 
 275      4E56F790 
 275      B910AE24 
 275      7C338B
 276 04b1 FBA6101E 		.ascii	"\373\246\020\036\247\340\305YY\372\2076\310^\362\261"
 276      A7E0C559 
 276      59FA8736 
 276      C85EF2B1 
 277 04c1 A3FF1DA4 		.ascii	"\243\377\035\244\217\354\217\363\321Q\220i3\357ge\324"
 277      8FEC8FF3 
 277      D1519069 
 277      33EF6765 
 277      D4
 278 04d2 EEE68F56 		.ascii	"\356\346\217V t\031\002\265\030\222m\006\331\211\351"
 278      20741902 
 278      B518926D 
 278      06D989E9 
 279 04e2 5444A3D6 		.ascii	"TD\243\326\011\376)\330\214\3114\014\207b4\246\360v"
 279      09FE29D8 
 279      8CC9340C 
 279      876234A6 
 279      F076
 280 04f4 39FC1685 		.ascii	"9\374\026\205\237G\"\276B\212\277-\307\017\316\301\337"
 280      9F4722BE 
 280      428ABF2D 
 280      C70FCEC1 
 280      DF
 281 0505 4F95E087 		.ascii	"O\225\340\207\345\370!\271:c\351\022x\203\034^?G\374"
 281      E5F821B9 
 281      3A63E912 
 281      78831C5E 
 281      3F47FC
 282 0518 4096043F 		.ascii	"@\226\004?f\332Z\003\236\034EMY8\202\342!qQ\225\200"
 282      66DA5A03 
 282      9E1C454D 
 282      593882E2 
 282      21715195 
 283 052d 37A433AA 		.ascii	"7\2443\252\220\253S+\325\376\221\\|\245\034^!\205\217"
 283      90AB532B 
 283      D5FE915C 
 283      7CA51C5E 
 283      21858F
ARM GAS  /tmp/ccdGCGtH.s 			page 22


 284 0540 C8E15AB9 		.ascii	"\310\341Z\271\362\265Rc[\344\360\3469\322\245\266\326"
 284      F2B55263 
 284      5BE4F0E6 
 284      39D2A5B6 
 284      D6
 285 0551 CAE13572 		.ascii	"\312\3415rx\207Tz\223\034\336(\302\343\205\303\355S"
 285      7887547A 
 285      931CDE28 
 285      C2E385C3 
 285      ED53
 286 0563 A5023D81 		.ascii	"\245\002=\201\361Q:D\320p\352\242m\234\003\332\313\331"
 286      F1513A44 
 286      D070EAA2 
 286      6D9C03DA 
 286      CBD9
 287 0575 A357C81E 		.ascii	"\243W\310\036M\002EC\177\007P\034\320s\340\367A\273"
 287      4D024543 
 287      7F07501C 
 287      D073E0F7 
 287      41BB
 288 0587 1FE819F4 		.ascii	"\037\350\031\364#\240\335\005\304\003\355\004\332\016"
 288      23A0DD05 
 288      C403ED04 
 288      DA0E
 289 0595 1405340E 		.ascii	"\024\0054\016c\261\320NA\033\003\3554\264{\240\335\015"
 289      63B1D04E 
 289      411B03ED 
 289      34B47BA0 
 289      DD0D
 290 05a7 F402FAF1 		.ascii	"\364\002\372\361\320\276\2066\022\332\227\320>\005\232"
 290      D0BE8636 
 290      12DA97D0 
 290      3E059A
 291 05b6 40F6F422 		.ascii	"@\366\364\"\025\214\221\206]\257\334\230\2369\373\\"
 291      158C9186 
 291      5DAFDC98 
 291      9E39FB5C 
 292 05c6 9B26D9E7 		.ascii	"\233&\331\347\001\371>\367\317\331g\251k\257\231v\255"
 292      01F93EF7 
 292      CFD967A9 
 292      6BAF9976 
 292      AD
 293 05d7 74E7C6A4 		.ascii	"t\347\306\244\352t\230\316\032\211\370&i\\<4\035FL<"
 293      EA7498CE 
 293      1A89F826 
 293      695C3C34 
 293      1D464C3C 
 294 05eb BB304752 		.ascii	"\2730GR\000\317\317'0\205pY2W\300\265\253\037I\303\331"
 294      00CFCF27 
 294      30857059 
 294      3257C0B5 
 294      AB1F49C3 
 295 0600 67797EA7 		.ascii	"gy~\247\031\275\212\272\344\322:\347(\333$\015\204\233"
 295      19BD8ABA 
 295      E4D23AE7 
 295      28DB240D 
 295      849B
ARM GAS  /tmp/ccdGCGtH.s 			page 23


 296 0612 A6C34C8A 		.ascii	"\246\303L\212\357\220j\373@\216\277'7n@\352\213n\323"
 296      EF906AFB 
 296      408EBF27 
 296      376E40EA 
 296      8B6ED3
 297 0625 EA38893B 		.ascii	"\3528\211;S\221.\331\2316\371\316\264\316q\235Tz\237"
 297      53912ED9 
 297      9936F9CE 
 297      B4CE719D 
 297      547A9F
 298 0638 E98D97C0 		.ascii	"\351\215\227\300\357Km\375\301\364\371!\325]j\352}\323"
 298      EF4B6DFD 
 298      C1F4F921 
 298      D55D6AEA 
 298      7DD3
 299 064a A6CE8615 		.ascii	"\246\316\206\025\370~\300 \236\270\376\206\351\234\222"
 299      F87EC020 
 299      9EB8FE86 
 299      E99C92
 300 0659 BA723245 		.ascii	"\272r2E\"\377\261\311\003\301I\224>\226*\221~\327\364"
 300      22FFB1C9 
 300      03C14994 
 300      3E962A91 
 300      7ED7F4
 301 066c 59290DF2 		.ascii	"Y)\015\362I\251+\257\313]Y7\347\250\227\032{\307\364"
 301      49A92BAF 
 301      CB5D5937 
 301      E7A8971A 
 301      7BC7F4
 302 067f D14DE170 		.ascii	"\321M\341p\003=\313\311\351\266\302\247\225\264\354"
 302      033DCBC9 
 302      E9B6C2A7 
 302      95B4EC
 303 068e 2B882F8D 		.ascii	"+\210/\215\267F\016vBpf\341(\236G(\221\263C\007\270"
 303      B7460E76 
 303      427066E1 
 303      289E4728 
 303      91B34307 
 304 06a3 D9628EC4 		.ascii	"\331b\216\304\252\351\263\004%\300\021\362\377r\234"
 304      AAE9B304 
 304      25C011F2 
 304      FF729C
 305 06b2 902ABAAE 		.ascii	"\220*\272\256s\034ibgkXj\211X\000\036\3444\264\200\207"
 305      731C6962 
 305      676B586A 
 305      8958001E 
 305      E434B480 
 306 06c7 16C0F933 		.ascii	"\026\300\3713\011}\326\270\204:\002\015D\026\324X\343"
 306      097DD6B8 
 306      843A020D 
 306      4416D458 
 306      E3
 307 06d8 8B8C894B 		.ascii	"\213\214\211K\250\250P\342+\214\311H\212\217Q\341k\214"
 307      A8A850E2 
 307      2B8CC948 
 307      8A8F51E1 
 307      6B8C
ARM GAS  /tmp/ccdGCGtH.s 			page 24


 308 06ea C9DEBF2F 		.ascii	"\311\336\277/_\215\353\030s\370\373\266IK\\\317\230"
 308      5F8DEB18 
 308      73F8FBB6 
 308      494B5CCF 
 308      98
 309 06fb 1393AF46 		.ascii	"\023\223\257F\311\305\277\224\324\364XR\321/e\025\375"
 309      C9C5BF94 
 309      D4F45852 
 309      D12F6515 
 309      FD
 310 070c A5BA6BDF 		.ascii	"\245\272k\337ip3s\373\276c\247vY\032\252m(\215U\016"
 310      69703373 
 310      FBBE63A7 
 310      76591AAA 
 310      6D288D55 
 311 0721 8AD9572F 		.ascii	"\212\331W/t\014\374\270T\250\213\323\270E(\2253T\333"
 311      740CFCB8 
 311      54A88BD3 
 311      B8452895 
 311      3354DB
 312 0734 57731D13 		.ascii	"Ws\035\023cH\265}\224S\243tq\203\226\0125\352\305\370"
 312      6348B57D 
 312      9453A374 
 312      7183960A 
 312      35EAC5F8 
 313 0748 CE2135EE 		.ascii	"\316!5\356akLE\035|,\2765\314\2249_\241\205z&L=.N\005"
 313      616B4C45 
 313      1D7C2CBE 
 313      35CC9439 
 313      5FA1857A 
 314 0762 4986D706 		.ascii	"I\206\327\006\271\036\031&\364 \025\354\304\3612\013"
 314      B91E1926 
 314      F42015EC 
 314      C4F1320B 
 315 0772 7C972EA2 		.ascii	"|\227.\242|\372|w\207\032A\325\3420\033\036\234B\342"
 315      7CFA7C77 
 315      871A41D5 
 315      E2301B1E 
 315      9C42E2
 316 0785 F1EF3816 		.ascii	"\361\3578\026\033\331 +\013\366\354$g/9\357zSqy\306"
 316      1BD9202B 
 316      0BF6EC24 
 316      672F39EF 
 316      7A537179 
 317 079a 1EA8692E 		.ascii	"\036\250i.#\252W\012\350Ef\314\252@\323(G\232\245\277"
 317      23AA570A 
 317      E84566CC 
 317      AA40D328 
 317      479AA5BF 
 318 07ae 380CEF79 		.ascii	"8\014\357y\230\242O\230D;\211gmO\262\032\336\207\011"
 318      98A24F98 
 318      443B8967 
 318      6D4FB21A 
 318      DE8709
 319 07c1 467AD482 		.ascii	"Fz\324\202\3267{F\366#d\277\300\301\236"
 319      D6377B46 
 319      F62364BF 
ARM GAS  /tmp/ccdGCGtH.s 			page 25


 319      C0C19E
 320 07d0 65DBF364 		.ascii	"e\333\363d\233\010*\226\210K\006\261\247\270\005\246"
 320      9B082A96 
 320      884B06B1 
 320      A7B805A6 
 321 07e0 7279BFF0 		.ascii	"ry\277\360bAR@\264\221\200\211\2159`\343i\260\361{\301"
 321      62415240 
 321      B4918089 
 321      8D3960E3 
 321      69B0F17B 
 322 07f5 46A64443 		.ascii	"F\246DC\362\302\010\222S\200\232{\340\267&\333\036\210"
 322      F2C20892 
 322      53809A7B 
 322      E0B726DB 
 322      1E88
 323 0807 E26B96D1 		.ascii	"\342k\226\321c\341\310\233\027\006\267\217\225\325]"
 323      63E1C89B 
 323      1706B78F 
 323      95D55D
 324 0816 E7168006 		.ascii	"\347\026\200\006\021o\324@a\264<\251\267+[\01258YE\003"
 324      116FD440 
 324      61B43CA9 
 324      B72B5B0A 
 324      35385945 
 325 082b F04E5D5E 		.ascii	"\360N]^\244\005NgLZ}n\235\012g0\246\364Tn\023\207\263"
 325      A4054E67 
 325      4C5A7D6E 
 325      9D0A6730 
 325      A6F4546E 
 326 0842 19935332 		.ascii	"\031\223S2\272\013\3413\214y\022\223\027\216\213Y\177"
 326      BA0BE133 
 326      8C791293 
 326      178E8B59 
 326      7F
 327 0853 6F637AA7 		.ascii	"ocz\247\205P\311\222o\023&\216\335\336\317\341\213t"
 327      8550C992 
 327      6F13268E 
 327      DDDECFE1 
 327      8B74
 328 0865 50339D53 		.ascii	"P3\235Sg/\026\262v\016B\321:\360\216x,\235\003\363\364"
 328      672F16B2 
 328      760E42D1 
 328      3AF08E78 
 328      2C9D03F3 
 329 087a DC7F2C9A 		.ascii	"\334\177,\232\026\211\350Cr\364\240\374\314k\222\240"
 329      1689E843 
 329      72F4A0FC 
 329      CC6B92A0 
 330 088a CF9B461B 		.ascii	"\317\233F\033U\253\022U\316\312\341s\312\275I\011:_"
 330      55AB1255 
 330      CECAE173 
 330      CABD4909 
 330      3A5F
 331 089c 8E9E734F 		.ascii	"\216\236sOvH\320\005&\315\224\326\301\022\360\031\323"
 331      7648D005 
 331      26CD94D6 
 331      C112F019 
ARM GAS  /tmp/ccdGCGtH.s 			page 26


 331      D3
 332 08ad 8ACCEA0D 		.ascii	"\212\314\352\015Q9\235\254f\370\\\330\344$9~N\225]m"
 332      51399DAC 
 332      66F85CD8 
 332      E424397E 
 332      4E955D6D 
 333 08c1 8828223E 		.ascii	"\210(\">\317\264\346L\274\364</\204\364f\225\223^H\330"
 333      CFB4E64C 
 333      BCF43C2F 
 333      84F46695 
 333      935E48D8 
 334 08d5 CB10CC65 		.ascii	"\313\020\314e\020ME@\027\200\312\201J\201.\001]\004"
 334      104D4540 
 334      1780CA81 
 334      4A812E01 
 334      5D04
 335 08e7 AA002A06 		.ascii	"\252\000*\006*1\016\366#\2664\330\365\234\254\272\241"
 335      2A310EF6 
 335      23B634D8 
 335      F59CACBA 
 335      A1
 336 08f8 AAA54854 		.ascii	"\252\245HT;l\332\022\246\032\371\276\244~\242@\205+"
 336      3B6CDA12 
 336      A61AF9BE 
 336      A47EA240 
 336      852B
 337 090a 69747193 		.ascii	"itq\2235\0055\252\331[\252'\305\214\244u\025\314\256"
 337      350535AA 
 337      D95BAA27 
 337      C58CA475 
 337      15CCAE
 338 091d 140F32B2 		.ascii	"\024\0172\262\244i\243\320\025\260\345\247\332\005\252"
 338      A469A3D0 
 338      15B0E5A7 
 338      DA05AA
 339 092c 8CDFE8CD 		.ascii	"\214\337\350\315\266\222^*UF\227J5\2471\350PM\357\225"
 339      B6925E2A 
 339      5546974A 
 339      35A731E8 
 339      504DEF95 
 340 0940 AE9DDBD3 		.ascii	"\256\235\333\323\314p#\313\232\201\013]\021\034na\314"
 340      CC7023CB 
 340      9A810B5D 
 340      111C6E61 
 340      CC
 341 0951 E30355F5 		.ascii	"\343\003U\365\034ng\314\320\255\250$3\334\313\230}\257"
 341      1C6E67CC 
 341      D0ADA824 
 341      33DCCB98 
 341      7DAF
 342 0963 DB79337C 		.ascii	"\333y3|\2271q\217'\216)\361\010c\212\313\0379\263\367"
 342      9731718F 
 342      278E29F1 
 342      08638ACB 
 342      1F39B3F7 
 343 0977 C945C05D 		.ascii	"\311E\300]\350~\242\027\276\302\353#\257\227\355Q/Z"
 343      E87EA217 
ARM GAS  /tmp/ccdGCGtH.s 			page 27


 343      BEC2EB23 
 343      AF97ED51 
 343      2F5A
 344 0989 ADF13885 		.ascii	"\255\3618\205Zn\317+.\320 \303{\244\203p\306\016\276"
 344      5A6ECF2B 
 344      2ED020C3 
 344      7BA48370 
 344      C60EBE
 345 099c 5D22D694 		.ascii	"]\"\326\224?\200\303Z\336\030@\004_\233\210\371\314"
 345      3F80C35A 
 345      DE184004 
 345      5F9B88F9 
 345      CC
 346 09ad 85147C5D 		.ascii	"\205\024|]\016\226W5\003\"\366\232\034k\034\311\004"
 346      0E965735 
 346      0322F69A 
 346      1C6B1CC9 
 346      04
 347 09be 7D5F44D7 		.ascii	"}_D\327\310\321\367\344jt\210\340Z\323\242\347\274\340"
 347      C8D1F7E4 
 347      6A7488E0 
 347      5AD3A2E7 
 347      BCE0
 348 09d0 34C07ED7 		.ascii	"4\300~\327sd\250E\330\354[\260\3317`3[\201n\0025\001"
 348      7364A845 
 348      D8EC5BB0 
 348      D9376033 
 348      5B816E02 
 349 09e6 3503B501 		.ascii	"5\003\265\0015\032\335DM\342ru&\255\226\0322&\202\257"
 349      351ADD44 
 349      4DE27275 
 349      26AD961A 
 349      322682AF 
 350 09fa 9A36445A 		.ascii	"\2326DZ\361W\003\032\302\265E~\013\241\312\212\244i"
 350      F157031A 
 350      C2B5457E 
 350      0BA1CA8A 
 350      A469
 351 0a0c 73FC9285 		.ascii	"s\374\222\205\370\316\254\341\011\214\354\034L\031\204"
 351      F8CEACE1 
 351      098CEC1C 
 351      4C1984
 352 0a1b 3AC18EFF 		.ascii	":\301\216\377\305&a\341\217\310\272\0350\257]L\223\026"
 352      C52661E1 
 352      8FC8BA1D 
 352      30AF5D4C 
 352      9316
 353 0a2d 9A26A40C 		.ascii	"\232&\244\014\234Hi\325\330\011\313\355x\323r\212\377"
 353      9C4869D5 
 353      D809CBED 
 353      78D3728A 
 353      FF
 354 0a3e BA1688AA 		.ascii	"\272\026\210\252{|\365\220Q\325\325e\224 \335B\325\325"
 354      7B7CF590 
 354      51D5D565 
 354      9420DD42 
 354      D5D5
ARM GAS  /tmp/ccdGCGtH.s 			page 28


 355 0a50 4DB3C310 		.ascii	"M\263\303\020\301\266B\004\347\227E?\022\276\335\321"
 355      C1B64204 
 355      E797453F 
 355      12BEDDD1 
 356 0a60 137ED7B6 		.ascii	"\023~\327\266\275;\315\361v3\032\374O\263\316\246Y\260"
 356      BD3BCDF1 
 356      76331AFC 
 356      4FB3CEA6 
 356      59B0
 357 0a72 C12C3278 		.ascii	"\301,2x\357u\365\003\025\216c\203\315/\032c\3248\201"
 357      EF75F503 
 357      158E6383 
 357      CD2F1A63 
 357      D43881
 358 0a85 31B18507 		.ascii	"1\261\205\0072\346\341d\306\354\331{\356\214\032\037"
 358      32E6E164 
 358      C6ECD97B 
 358      EE8C1A1F 
 359 0a95 674C617D 		.ascii	"gLa}q\217\012g3\246k\2545\306\012\3473&o*\341\244\031"
 359      718F0A67 
 359      33A66BAC 
 359      35C60AE7 
 359      33266F2A 
 360 0aac 2E624C6D 		.ascii	".bLm\327D\2779[j\212,u?n\246K#d\032\371\2026\246\376"
 360      D744BF39 
 360      5B6A8A2C 
 360      753F6EA6 
 360      4B23641A 
 361 0ac5 D949B8EE 		.ascii	"\331I\270\356(\330\252&\255>\226e\232\035\373\272\206"
 361      28D8AA26 
 361      AD3E9665 
 361      9A1DFBBA 
 361      86
 362 0ad6 D5110D49 		.ascii	"\325\021\015I\266\007xr\302\021\247\017\200\323G\241"
 362      B6077872 
 362      C211A70F 
 362      80D347A1 
 363 0ae6 9D756B3F 		.ascii	"\235uk?'{_\032\3709\253\361\011\272O\216\356\345\344"
 363      277B5F1A 
 363      F839ABF1 
 363      09BA4F8E 
 363      EEE5E4
 364 0af9 EF041D0B 		.ascii	"\357\004\035\013E\370m9\334\350;\002\372u\310\333$F"
 364      45F86D39 
 364      DCE83B02 
 364      FA75C8DB 
 364      2446
 365 0b0b 09F6AE1C 		.ascii	"\011\366\256\034;\364\206[\340>\000\356\321eG\205`\033"
 365      3BF4865B 
 365      E03E00EE 
 365      D1654785 
 365      601B
 366 0b1d 87487802 		.ascii	"\207Hx\002\233\375\230\224\355\244\214\007\032\001z"
 366      9BFD9894 
 366      EDA48C07 
 366      1A017A
 367 0b2c 0AF410E8 		.ascii	"\012\364\020\350\021\320\230\230H\344\305\345-\303\262"
ARM GAS  /tmp/ccdGCGtH.s 			page 29


 367      11D09898 
 367      48E4C5E5 
 367      2DC3B2
 368 0b3b C3F265B5 		.ascii	"\303\362e\2652\015'%\346?\220\203{\344\316\032\223X"
 368      320D2725 
 368      E63F9083 
 368      7BE4CE1A 
 368      9358
 369 0b4d 3F28478F 		.ascii	"?(G\217\316}\317>H\263nT~\021\321\261C\346\242\254!"
 369      CE7DCF3E 
 369      48B36E54 
 369      7E11D1B1 
 369      43E6A2AC 
 370 0b62 B9ACB9AF 		.ascii	"\271\254\271\257\265\222\225\357\310\321\315\306\327"
 370      B59295EF 
 370      C8D1CDC6 
 370      D7
 371 0b6f 567573DB 		.ascii	"Vus\333k%\256\242Q\302=\337\223\320\246\226\345\264"
 371      6B25AEA2 
 371      51C23DDF 
 371      93D0A696 
 371      E5B4
 372 0b81 C1C7E825 		.ascii	"\301\307\350%\270\366\247\270\231\2317}\204\336\201"
 372      B8F6A7B8 
 372      9999377D 
 372      84DE81
 373 0b90 1320E085 		.ascii	"\023 \340\205\230\334\243\206\344No\355\0377NnS\353"
 373      98DCA386 
 373      E44E6FED 
 373      1F374E6E 
 373      53EB
 374 0ba2 2A7EF4A2 		.ascii	"*~\364\242\344\272j\313\336$\315\361I\243\034\177%\344"
 374      E4BA6ACB 
 374      DE24CDF1 
 374      49A31C7F 
 374      25E4
 375 0bb4 F82B9AE3 		.ascii	"\370+\232\343g\033\262\022-M\236-\212\037\177\260\240"
 375      671BB212 
 375      2D4D9E2D 
 375      8A1F7FB0 
 375      A0
 376 0bc5 29CE0E64 		.ascii	")\316\016d\275\324\367Uq\270\231%\351\363\343Mi\226"
 376      BDD4F755 
 376      71B89925 
 376      E9F3E34D 
 376      6996
 377 0bd7 4A8E1D26 		.ascii	"J\216\035&\344\307)\362]lJs\266\212>#7\3614G\037\366"
 377      E4C729F2 
 377      5D6C4A73 
 377      B68A3E23 
 377      37F13447 
 378 0bed A7F6952A 		.ascii	"\247\366\225*\337\370\333\026\217\311o[3\234\360\343"
 378      DFF8DB16 
 378      8FC96F5B 
 378      339CF0E3 
 379 0bfd 56C19EBE 		.ascii	"V\301\236\276d\225\360\353\326t\366;\361Q|\026(\276"
 379      6495F0EB 
ARM GAS  /tmp/ccdGCGtH.s 			page 30


 379      D674F63B 
 379      F1517C16 
 379      28BE
 380 0c0f 98C0D06B 		.ascii	"\230\300\320k\321\273\3205\376%)\002\223\337\201\252"
 380      D1BBD035 
 380      FE252902 
 380      93DF81AA 
 381 0c1f 5223CAAD 		.ascii	"R#\312\255p7Sp\"\263o\332\352\335\014\276Q\317\353\207"
 381      70375370 
 381      22B36FDA 
 381      EADD0CBE 
 381      51CFEB87 
 382 0c33 9217C269 		.ascii	"\222\027\302i\300<\025\211\251\030I\212\221'\353\340"
 382      C03C1589 
 382      A918498A 
 382      9127EBE0 
 383 0c43 5D290ABF 		.ascii	"])\012\277\013\363z'\332z4R\367\222\337\236D\367Fc\346"
 383      0BF37A27 
 383      DA7A3452 
 383      F792DF9E 
 383      44F74663 
 384 0c58 5ED2CE0B 		.ascii	"^\322\316\013\013\337\274\334\331\373\353\220\200`\357"
 384      0BDFBCDC 
 384      D9FBEB90 
 384      8060EF
 385 0c67 80A08070 		.ascii	"\200\240\200p\213\325_|\271\330\305\311I\241ut\324j"
 385      8BD55F7C 
 385      B9D8C5C9 
 385      49A17574 
 385      D46A
 386 0c79 83C3B49B 		.ascii	"\203\303\264\233|\002\265\033\202}B\375\302\264^\353"
 386      7C02B51B 
 386      827D42FD 
 386      C2B45EEB 
 387 0c89 BCBDD67D 		.ascii	"\274\275\326}\276\334y\325\207\336\256\036^.k\327\273"
 387      BEDC79D5 
 387      87DEAE1E 
 387      5E2E6BD7 
 387      BB
 388 0c9a E9BE6263 		.ascii	"\351\276bc\216\276\012\215\267\267\277Oh\340\267T\212"
 388      8EBE0A8D 
 388      B7B7BF4F 
 388      68E0B754 
 388      8A
 389 0cab 257DEA01 		.ascii	"%}\352\001\275\371L\276o`\260\357_\351\320\257%rC\202"
 389      BDF94CBE 
 389      6F60B0EF 
 389      5FE9D0AF 
 389      25724382 
 390 0cbf 43C38958 		.ascii	"C\303\211X\220\251\025$o\335JF\274\003\003\375\0347"
 390      90A91524 
 390      6FDD4A46 
 390      BC0303FD 
 390      1C37
 391 0cd1 29545E5E 		.ascii	")T^^.\253ujo\357-\001A\341 %\374\003\355\226\260Pm@"
 391      2EAB756A 
 391      6FEF2D01 
ARM GAS  /tmp/ccdGCGtH.s 			page 31


 391      41E12025 
 391      FC03ED96 
 392 0ce9 906FE016 		.ascii	"\220o\340\026?\177m\220\377\337\003\0036h7\373\370n"
 392      3F7F6D90 
 392      FFDF0303 
 392      366837FB 
 392      F86E
 393 0cfb 0A08F2D7 		.ascii	"\012\010\362\327z\373\371o\364\331\022\030\356\035\376"
 393      7AFBF96F 
 393      F4D91218 
 393      EE1DFE
 394 0d0a 6D887F18 		.ascii	"m\210\177\030L\2670L[bjZ\330\267aZ\357\260p?\300\000"
 394      4CB7304C 
 394      5B626A5A 
 394      D8B7615A 
 394      EFB0703F 
 395 0d20 D652E7E6 		.ascii	"\326R\347\346\345\246[\357\346\372\021v\361\322)W\272"
 395      E5A65BEF 
 395      E6FA1176 
 395      F1D22957 
 395      BA
 396 0d31 BAE8661F 		.ascii	"\272\350f\037\375\306r\205\347J\3475\236n_\350H\317"
 396      FDC67285 
 396      E74AE735 
 396      9E6E5FE8 
 396      48CF
 397 0d43 89F50CA3 		.ascii	"\211\365\014\243\037Z\256p_\271\\\030u\237\305\271\313"
 397      1F5AAE70 
 397      5FB95C18 
 397      759FC5B9 
 397      CB
 398 0d54 71CBCD89 		.ascii	"q\313\315\211\024xBZ'\351\210\2639\221@G\334\005\204"
 398      1478425A 
 398      27E988B3 
 398      39914047 
 398      DC0584
 399 0d67 BB31C2C9 		.ascii	"\2731\302\311\202\314\325y\255\323\221\216\023\351\314"
 399      82CCD579 
 399      ADD3918E 
 399      13E9CC
 400 0d76 8E2DB320 		.ascii	"\216-\263 \263\331\230\273\001\344\316@\330\305C\247"
 400      B3D998BB 
 400      01E4CE40 
 400      D8C543A7 
 401 0d86 7459B55A 		.ascii	"tY\265Zg\356\271f\015i9\027\235\032\272\036\316^\204"
 401      67EEB966 
 401      0D693917 
 401      9D1ABA1E 
 401      CE5E84
 402 0d99 FB40D80B 		.ascii	"\373@\330\013\337\340\315\233\203\203\264\376[\303a"
 402      DFE0CD9B 
 402      8383B4FE 
 402      5BC361
 403 0da8 1B243B41 		.ascii	"\033$;A\367n\343\207\313>\336\272\025\\d\245sq\361^"
 403      F76EE387 
 403      CB3EDEBA 
 403      155C64A5 
ARM GAS  /tmp/ccdGCGtH.s 			page 32


 403      7371F15E 
 404 0dbc 07BE75F5 		.ascii	"\007\276u\365\337\250\\\261J\267F\265f\255\313g\340"
 404      DFA85CB1 
 404      4AB746B5 
 404      66ADCB67 
 404      E0
 405 0dcd 2B2F9D0E 		.ascii	"+/\235\016\375\011\271\253|\003!\002\204\335r\372\310"
 405      FD09B9AB 
 405      7C032102 
 405      84DD72FA 
 405      C8
 406 0dde 3BDCC2D0 		.ascii	";\334\302\320\301a\376\341\3327\354\373\2325\256\332"
 406      C161FEE1 
 406      DA37ECFB 
 406      9A35AEDA 
 407 0dee D59E1E6B 		.ascii	"\325\236\036k\277q\326\212\241\010\253\341\265\256:"
 407      BF71D68A 
 407      A108ABE1 
 407      B5AE3A
 408 0dfd ECE1AA53 		.ascii	"\354\341\252Sy~\351\351\2523_\353\345\351\346\346\252"
 408      797EE9E9 
 408      AA335FEB 
 408      E5E9E6E6 
 408      AA
 409 0e0e 335BBBEE 		.ascii	"3[\273\356+O7\235\352\363\265\256n:\242\204\273F\022"
 409      2B4F379D 
 409      EAF3B5AE 
 409      6E3AA284 
 409      BB4612
 410 0e21 C0E14A9F 		.ascii	"\300\341J\237\215\241\2018\330/T\025\262%\304/\324<"
 410      8DA18138 
 410      D82F5415 
 410      B225C42F 
 410      D43C
 411 0e33 382CC4DF 		.ascii	"8,\304\337\337/\324,\230\204D\250js\260\237\177(\301"
 411      DF2FD42C 
 411      988444A8 
 411      6A73B09F 
 411      7F28C1
 412 0e46 6CD2503C 		.ascii	"l\322P<\250\265%\304;\334\314\323\335\325'\334\307\314"
 412      A8B525C4 
 412      3BDCCCD3 
 412      DDD527DC 
 412      C7CC
 413 0e58 73356B56 		.ascii	"s5kV\261\306\2155\256\254qa\315J\326\254`\215\007i\254"
 413      B1C68D35 
 413      AEAC7161 
 413      CD4AD6AC 
 413      608D0769 
 414 0e6d A92CDFE0 		.ascii	"\251,\337\340\240\215\001_{\207[\316\246\222\035\355"
 414      A08D015F 
 414      7B875BCE 
 414      A6921DED 
 415 0e7d 1982928D 		.ascii	"\031\202\222\215\377\0339\2063\302"
 415      FF1B3986 
 415      33C2
 416              		.text
ARM GAS  /tmp/ccdGCGtH.s 			page 33


 417              		.section	.gnu.lto_.symtab.2aabca2884bf2666,"",%progbits
 418 0000 5F5F6561 		.ascii	"__early_init\000"
 418      726C795F 
 418      696E6974 
 418      00
 419 000d 00       		.ascii	"\000"
 420 000e 00       		.ascii	"\000"
 421 000f 00       		.ascii	"\000"
 422 0010 00000000 		.ascii	"\000\000\000\000\000\000\000\000"
 422      00000000 
 423 0018 B0000000 		.ascii	"\260\000\000\000"
 424 001c 626F6172 		.ascii	"boardInit\000"
 424      64496E69 
 424      7400
 425 0026 00       		.ascii	"\000"
 426 0027 00       		.ascii	"\000"
 427 0028 00       		.ascii	"\000"
 428 0029 00000000 		.ascii	"\000\000\000\000\000\000\000\000"
 428      00000000 
 429 0031 B2000000 		.ascii	"\262\000\000\000"
 430 0035 73746D33 		.ascii	"stm32_clock_init\000"
 430      325F636C 
 430      6F636B5F 
 430      696E6974 
 430      00
 431 0046 00       		.ascii	"\000"
 432 0047 02       		.ascii	"\002"
 433 0048 00       		.ascii	"\000"
 434 0049 00000000 		.ascii	"\000\000\000\000\000\000\000\000"
 434      00000000 
 435 0051 B4000000 		.ascii	"\264\000\000\000"
 436              		.text
 437              		.section	.gnu.lto_.opts,"",%progbits
 438 0000 272D666D 		.ascii	"'-fmath-errno' '-fsigned-zeros' '-ftrapping-math' '"
 438      6174682D 
 438      6572726E 
 438      6F272027 
 438      2D667369 
 439 0033 2D666E6F 		.ascii	"-fno-trapv' '-fno-openmp' '-fno-openacc' '-mcpu=cor"
 439      2D747261 
 439      70762720 
 439      272D666E 
 439      6F2D6F70 
 440 0066 7465782D 		.ascii	"tex-m4' '-mno-thumb-interwork' '-mthumb' '-ggdb' '-"
 440      6D342720 
 440      272D6D6E 
 440      6F2D7468 
 440      756D622D 
 441 0099 4F322720 		.ascii	"O2' '-fomit-frame-pointer' '-falign-functions=16' '"
 441      272D666F 
 441      6D69742D 
 441      6672616D 
 441      652D706F 
 442 00cc 2D666675 		.ascii	"-ffunction-sections' '-fdata-sections' '-fno-common"
 442      6E637469 
 442      6F6E2D73 
 442      65637469 
ARM GAS  /tmp/ccdGCGtH.s 			page 34


 442      6F6E7327 
 443 00ff 2720272D 		.ascii	"' '-flto'\000"
 443      666C746F 
 443      2700
 444              		.text
 445              		.comm	__gnu_lto_v1,1,1
 446              		.comm	__gnu_lto_slim,1,1
 447              		.ident	"GCC: (15:6.3.1+svn253039-1build1) 6.3.1 20170620"
ARM GAS  /tmp/ccdGCGtH.s 			page 35


DEFINED SYMBOLS
                            *ABS*:0000000000000000 board.c
                            *COM*:0000000000000001 __gnu_lto_v1
                            *COM*:0000000000000001 __gnu_lto_slim

NO UNDEFINED SYMBOLS
