ARM GAS  /tmp/ccFMW7oS.s 			page 1


   1              		.cpu cortex-m4
   2              		.eabi_attribute 20, 1
   3              		.eabi_attribute 21, 1
   4              		.eabi_attribute 23, 3
   5              		.eabi_attribute 24, 1
   6              		.eabi_attribute 25, 1
   7              		.eabi_attribute 26, 1
   8              		.eabi_attribute 30, 2
   9              		.eabi_attribute 34, 1
  10              		.eabi_attribute 18, 4
  11              		.file	"chcore_v7m.c"
  12              		.text
  13              	.Ltext0:
  14              		.section	.gnu.lto_.profile.407c6b261edaa859,"",%progbits
  15 0000 789C6365 		.ascii	"x\234ce`b`a```d\320\225\000\000\000\362\000R"
  15      60626061 
  15      60606064 
  15      D0950000 
  15      00F20052 
  16              		.text
  17              		.section	.gnu.lto_.icf.407c6b261edaa859,"",%progbits
  18 0000 789C6365 		.ascii	"x\234ce`b\020a@\000f\206{\213\336/\341d^\374\272\341"
  18      60621061 
  18      40006686 
  18      7B8BDE2F 
  18      E1645EFC 
  19 0016 073BCBE7 		.ascii	"\007;\313\347\015+\026\2611\000\000d\344\011B"
  19      0D2B16B1 
  19      31000064 
  19      E40942
  20              		.text
  21              		.section	.gnu.lto_.jmpfuncs.407c6b261edaa859,"",%progbits
  22 0000 789C6365 		.ascii	"x\234ce`b\340e@\000f(\301\002\242\001\002|\000\037"
  22      6062E065 
  22      40006628 
  22      C102A201 
  22      027C001F 
  23              		.text
  24              		.section	.gnu.lto_.inline.407c6b261edaa859,"",%progbits
  25 0000 789C6365 		.ascii	"x\234ce`bpe@\000f\006\006^\021F\006&\201\015\271\014"
  25      60627065 
  25      40006606 
  25      065E1146 
  25      0626810D 
  26 0016 6C0BE499 		.ascii	"l\013\344\231@bL\334`\011v6\2408\307\001;\2708\013\003"
  26      40624CDC 
  26      60097636 
  26      A038C701 
  26      3BB8380B 
  27 002b 17375088 		.ascii	"\0277P\210gN$\\\210\221\013D\002\000\364h\006D"
  27      674E245C 
  27      88910B44 
  27      0200F468 
  27      0644
  28              		.text
  29              		.section	.gnu.lto_.pureconst.407c6b261edaa859,"",%progbits
  30 0000 789C6365 		.ascii	"x\234ce`b\340b```f\330\305\310\274\213\221e\027#\000"
ARM GAS  /tmp/ccFMW7oS.s 			page 2


  30      6062E062 
  30      60606066 
  30      D8C5C8BC 
  30      8B916517 
  31 0016 0C46024D 		.ascii	"\014F\002M"
  32              		.text
  33              		.section	.gnu.lto__port_irq_epilogue.part.0.407c6b261edaa859,"",%progbits
  34 0000 789C9D54 		.ascii	"x\234\235T\377k[U\024?\347\335\373\2224M[(\376\240\260"
  34      FF6B5B55 
  34      143FE7DD 
  34      FB92344D 
  34      5B28FEA0 
  35 0015 1FD21FCA 		.ascii	"\037\322\037\312\034\216\276\201\210?\210?HA\230\020"
  35      1C8EBE81 
  35      883F883F 
  35      48419810 
  36 0025 94E60F18 		.ascii	"\224\346\017\030\362\326YqiB\222I\361\007{\3274mI]\035"
  36      F2D65971 
  36      69429249 
  36      F1077BD7 
  36      346D495D 
  37 003a 6AB3A536 		.ascii	"j\263\2456\274:\031u\316\332\255sj;\267e\375\266\015"
  37      BC3A1975 
  37      CEDAAD73 
  37      6A3BB765 
  37      FDB60D
  38 004d D132AB1D 		.ascii	"\3212\253\035\270\3750\333l\250\335\204\225\"2h\343"
  38      B8FD30DB 
  38      6CA8DD84 
  38      95223268 
  38      E3
  39 005e 39F7A576 		.ascii	"9\367\245v\323\011\342\203\367\345\236\373\371\234\317"
  39      D309E283 
  39      F7E59EFB 
  39      F99CCF
  40 006d B9E773EF 		.ascii	"\271\347s\3573\301\200J\023`\020\000\236\247\033\275"
  40      33C1804A 
  40      13601000 
  40      9EA71BBD 
  41 007d 809E83DF 		.ascii	"\200\236\203\337\322\207\007\015\3756\014\321\263\025"
  41      D287070D 
  41      FD360CD1 
  41      B315
  42 008b 945FF233 		.ascii	"\224_\3623 \320\344\350~\237\334\3700\021\371C\371\020"
  42      20D0E4E8 
  42      7E9FDCF8 
  42      3011F943 
  42      F910
  43 009d DA3D8690 		.ascii	"\332=\206\220&\266\343\333\342\220\300\311\356[\343"
  43      26B6E3DB 
  43      E290C0C9 
  43      EE5BE3
  44 00ac C6B66145 		.ascii	"\306\266aEW\341\320\252\267K\245\037u\004@\216n\276"
  44      57E1D0AA 
  44      B74BA51F 
  44      7504408E 
  44      6EBE
ARM GAS  /tmp/ccFMW7oS.s 			page 3


  45 00be 7018B701 		.ascii	"p\030\267\001\301\026O\256\367Wy\244\033\307\217H\027"
  45      C1164FAE 
  45      F75779A4 
  45      1BC78F48 
  45      17
  46 00cf 80E9573A 		.ascii	"\200\351W:O\014\212>\341\010DI\303\273\337\014,U\363"
  46      4F0C8A3E 
  46      E1084449 
  46      C3BBDF0C 
  46      2C55F3
  47 00e2 D0C0200D 		.ascii	"\320\300 \015o\365\316\234\363\212'\2203\024\216\236"
  47      6FF5CE9C 
  47      F38A2790 
  47      33148E9E 
  48 00f2 5EC0FA0F 		.ascii	"^\300\372\017\225\352P\205\253\263\317\314\037\355R"
  48      95EA5085 
  48      ABB3CFCC 
  48      1FED52
  49 0101 072FF81C 		.ascii	"\007/\370\034!\3608\012J\213\037\343\026<\206[\\\331"
  49      21F0380A 
  49      4A8B1FE3 
  49      163C865B 
  49      5CD9
  50 0113 4FB09E38 		.ascii	"O\260\2368o\035X[\255a\316;\272\270l*}II\242\300?\360"
  50      6F1D585B 
  50      AD61CE3B 
  50      BAB86C2A 
  50      7D4949A2 
  51 012a 231A9FB9 		.ascii	"#\032\237\271\\<R#Z\264\336o\353\3273\201\262\336\357"
  51      5C3C5223 
  51      5AB4DE6F 
  51      EBD73381 
  51      B2DEEF
  52 013d 4EEDBB29 		.ascii	"N\355\273)\245\271\022?}\210\334(\326\217~\207J\255"
  52      A5B9123F 
  52      7D88DC28 
  52      D68F7E87 
  52      4AAD
  53 014f 97BA95FA 		.ascii	"\227\272\225\372\361\311\332\000\352\022\014=#\364S"
  53      F1C9DA00 
  53      EA120C3D 
  53      23F453
  54 015e 82234C93 		.ascii	"\202#L\223\036\036\200\014u\201\333\231\241\001\275"
  54      1E1E800C 
  54      7581DB99 
  54      A101BD
  55 016d 45AF30F4 		.ascii	"E\2570\364\373W\334\277x<U\012l6\214\231\272_\260\331"
  55      FB57DCBF 
  55      783C550A 
  55      6C368C99 
  55      BA5FB0D9 
  56 0181 C54EB7D9 		.ascii	"\305N\267\331\203\376\027\000O\240''\360\276\016\263"
  56      83FE1700 
  56      4FA02727 
  56      F0BE0EB3 
  57 0191 2CE04926 		.ascii	",\340I&\340\030=\251\317\021\232\315\366e\035Y\367\206"
  57      E0183DA9 
ARM GAS  /tmp/ccFMW7oS.s 			page 4


  57      CF119ACD 
  57      F6651D59 
  57      F786
  58 01a3 A30E071D 		.ascii	"\243\016\007\035\341e\374\332bz\251B\032\004;\205u:"
  58      E165FCDA 
  58      627AA942 
  58      1A043B85 
  58      753A
  59 01b5 FBECE2A9 		.ascii	"\373\354\342\251\011\017E\3603\224yJ\012x\032%\334\304"
  59      090F45F0 
  59      3394794A 
  59      0A781A25 
  59      DCC4
  60 01c7 8E1B5C13 		.ascii	"\216\033\\\023g\343\344<\303\261\336\276\231Z\226\327"
  60      67E3E43C 
  60      C3B1DEBE 
  60      995A96D7 
  61 01d7 82F00B76 		.ascii	"\202\360\013v\254t\037\023\034\310\013\243\214\011\352"
  61      AC741F13 
  61      1CC80BA3 
  61      8C09EA
  62 01e6 F951E618 		.ascii	"\371Q\346\030\204H\015v\215\314\357v!\202B$9\377\323"
  62      84480D76 
  62      8DCCEF76 
  62      21824224 
  62      39FFD3
  63 01f9 74D674ED 		.ascii	"t\326t\355\277Q*\225j\360s\352\350\203L\301\271W\177"
  63      BF512A95 
  63      6AF073EA 
  63      E8834CC1 
  63      B9577F
  64 020c CEA7FD1C 		.ascii	"\316\247\375\034#Nqx\245\277\2029\322\345P\350\373\271"
  64      234E7178 
  64      A5BF8239 
  64      D2E550E8 
  64      FBB9
  65 021e 2B5F573A 		.ascii	"+_W:\230GG\370(1~\301\276P\374\366\007c\357{\254\021"
  65      984747F8 
  65      28317EC1 
  65      BE50FCF6 
  65      0763EF7B 
  66 0234 EED7D01E 		.ascii	"\356\327\320\036GT\340\227\350\340a\2755q\034-\336\177"
  66      4754E097 
  66      E8E061BD 
  66      35711C2D 
  66      DE7F
  67 0246 37EFCDE9 		.ascii	"7\357\315\351d~r\217v\367\0041\365Z\316\376\360\210"
  67      647E728F 
  67      76F70431 
  67      F55ACEFE 
  67      F088
  68 0258 5BA9E412 		.ascii	"[\251\344\0226J\"\306\305\345b\336'\336\324=_.\336\235"
  68      364A22C6 
  68      C5E562DE 
  68      27DED43D 
  68      5F2EDE9D 
  69 026c AA2CEF91 		.ascii	"\252,\357\221\005'\220S\205\316 \357\3103\017\331\""
ARM GAS  /tmp/ccFMW7oS.s 			page 5


  69      05279053 
  69      85CE20EF 
  69      C8330FD9 
  69      22
  70 027d 5FF16224 		.ascii	"_\361b$h\213\247\372\253\376\356\346\202\337dH\331Q"
  70      688BA7FA 
  70      ABFEEEE6 
  70      82DF6448 
  70      D951
  71 028f E3FE3383 		.ascii	"\343\3763\203g\265\233\347\364\241\201\003HSG\234\261"
  71      67B59BE7 
  71      F4A18103 
  71      4853479C 
  71      B1
  72 02a0 3FFC7503 		.ascii	"?\374u\003\350\372Y\311\350\221\2453\312\247\375<_\366"
  72      E8FA59C9 
  72      E891A533 
  72      CAA7FD3C 
  72      5FF6
  73 02b2 F3FAC0C4 		.ascii	"\363\372\300\304{~\366\263\300~J\232\271\340\372\351"
  73      7B7EF6B3 
  73      C07E4A9A 
  73      B9E0FAE9 
  74 02c2 7697D560 		.ascii	"v\227\325`\031SC\347\373\037s\227j\022i|\374\3665o\373"
  74      195343E7 
  74      FB1F7397 
  74      6A12697C 
  74      FCF6356F 
  75 02d7 9AA29315 		.ascii	"\232\242\223\025\310\321\312\001'\261\235vm\025\024"
  75      C8D1CA01 
  75      27B19D76 
  75      6D1514
  76 02e6 B1F3DAD4 		.ascii	"\261\363\332\3244nB\263\351\3119/\367\216\352\302\251"
  76      346E42B3 
  76      E9C9392F 
  76      F78EEAC2 
  76      A9
  77 02f7 F23A7B89 		.ascii	"\362:{\211\323\263UP\017\357u\347\257\016a\271k\377"
  77      D3B35550 
  77      0FEF75E7 
  77      AF0E61B9 
  77      6BFF
  78 0309 C5A15676 		.ascii	"\305\241VvhZ;\304\013\305\031\355\320FA=\204X!zuN/e"
  78      685A3BC4 
  78      0BC519ED 
  78      D046413D 
  78      8458217A 
  79 0321 96AA6235 		.ascii	"\226\252b5\371\227\332\235\377\241vqS\355\322\277\251"
  79      F997DA9D 
  79      FFA17671 
  79      53EDD2BF 
  79      A9
  80 0332 D17F132F 		.ascii	"\321\177\023/\227\325L}L\357\240\341\376\3352D\245\000"
  80      97D54C7D 
  80      4CEFA0E1 
  80      FEDD3244 
  80      A500
ARM GAS  /tmp/ccFMW7oS.s 			page 6


  81 0344 8D1E6F68 		.ascii	"\215\036oh\260\254h\302\262\243\221H\264\325\212E\343"
  81      B0AC68C2 
  81      B2A39148 
  81      B4D58A45 
  81      E3
  82 0355 C984F55C 		.ascii	"\311\204\365\\S\2501\324f\331-v4\336\274\353\365\247"
  82      53A831D4 
  82      66D92D76 
  82      34DEBCEB 
  82      F5A7
  83 0367 230D3678 		.ascii	"#\0156x\342\315\211}{\223O=\210onK2\332j\014\205w\206"
  83      E2CD897D 
  83      7B934F3D 
  83      886F6E4B 
  83      32DA6A0C 
  84 037e AD46825B 		.ascii	"\255F\202[;[\355\275\373v7[v$\361jb\327+\266\335\320"
  84      3B5BEDBD 
  84      FB76375B 
  84      7624F16A 
  84      62D72BB6 
  85 0394 02D24EB6 		.ascii	"\002\322N\266\305\002\241\246p\260~\307\366`,\021\003"
  85      C502A1A6 
  85      70B07EC7 
  85      F6602C11 
  85      03
  86 03a5 F16C1CAA 		.ascii	"\361l\034\252\223\321\330\213{^\212G\355p\362e\373\265"
  86      93D1D88B 
  86      7B5E8A47 
  86      ED70F265 
  86      FBB5
  87 03b7 4028DCC4 		.ascii	"@(\334\304s\333\011\004F\034\376\004/\275\316."
  87      73DB0904 
  87      461CFE04 
  87      2FBDCE2E 
  88              		.text
  89              		.section	.gnu.lto_SVC_Handler.407c6b261edaa859,"",%progbits
  90 0000 789C8D93 		.ascii	"x\234\215\223\373K\024Q\024\307\317\231;;\273\346V\322"
  90      FB4B1451 
  90      14C7CF99 
  90      3B3BBBE6 
  90      56D2
  91 0012 6F91C44A 		.ascii	"o\221\304J\010E\341\364K\024D?\204\277\344\017K\341"
  91      0845E1F4 
  91      4B14443F 
  91      84BFE40F 
  91      4BE1
  92 0024 FE0151D3 		.ascii	"\376\001Q\323\226R\333.\263[X?\344\264kJZ\026=|\321"
  92      9652DB2E 
  92      B35B583F 
  92      E4B46B4A 
  92      5A163D7C 
  93 0039 3251485B 		.ascii	"2QH[Z\371\350i\265\256\232\332\003\215\354\361S\364"
  93      5AF9E869 
  93      B5AE9ADA 
  93      038DECF1 
  93      53F4
  94 004b 584D48A9 		.ascii	"XMH\251P\"\202J\273\347\356\024jB\015\314\354\336{\276"
ARM GAS  /tmp/ccFMW7oS.s 			page 7


  94      5022824A 
  94      BBE7EE14 
  94      6A420DCC 
  94      ECDE7BBE 
  95 005f E77BEEF9 		.ascii	"\347{\356\371\334{m \3016\031`\030\000\026\361\027\031"
  95      DC7B6D20 
  95      C1361960 
  95      180016F1 
  95      1719
  96 0071 A074BC1F 		.ascii	"\240t\274\037\340\240CB\244?\206\003\241X\302b<\306"
  96      E0A04342 
  96      A43F8603 
  96      A158C262 
  96      3CC6
  97 0083 AA197696 		.ascii	"\252\031v\226\015\337\226\226]0\370\223\250\376\261"
  97      0DDF9696 
  97      5D30F893 
  97      A8FEB1
  98 0092 D08825D0 		.ascii	"\320\210%\320d\000\265\374\245\007/\3402\340\262\247"
  98      6400B5FC 
  98      A5072FE0 
  98      32E0B2A7 
  99 00a2 254D6758 		.ascii	"%MgX%3\031\242\314\207c}u\203\363h(\241\213\017\313"
  99      253319A2 
  99      CC87637D 
  99      7583F368 
  99      28A18B0F 
 100 00b7 1F0E9D9B 		.ascii	"\037\016\235\233\317\226#)?M\274*wf\2377\214\260\221"
 100      CF962329 
 100      3F4DBC2A 
 100      77669F37 
 100      8CB091
 101 00ca E8A9597C 		.ascii	"\350\251Y|\"b<0d\2231\274\204\214\273\342E\314\304\030"
 101      22623C30 
 101      649331BC 
 101      848CBBE2 
 101      45CCC418 
 102 00de 660A772E 		.ascii	"f\012w.O6O\234\236\253\310\330\200\331\251\242\330\210"
 102      4F364F9C 
 102      9EABC8D8 
 102      80D9A9A2 
 102      D888
 103 00f0 0A024834 		.ascii	"\012\002H4\303\343\303\025\335q;[)\254\023\365\327_"
 103      C3E3C315 
 103      DD713B5B 
 103      29AC13F5 
 103      D75F
 104 0102 A2653DD9 		.ascii	"\242e=\331\263\366Y}\251q\274\303a2\031/\377\355\215"
 104      B3F6597D 
 104      A971BCC3 
 104      6132192F 
 104      FFED8D
 105 0115 5730FBEA 		.ascii	"W0\373\352\000&\214\211\3112\336ZfY\357\353:\311.\001"
 105      00268C89 
 105      C932DE5A 
 105      6659EFEB 
 105      3AC92E01 
ARM GAS  /tmp/ccFMW7oS.s 			page 8


 106 0129 F932F195 		.ascii	"\3712\361\225\301d6\233\020\002\224\363\332D\247\202"
 106      C164369B 
 106      100294F3 
 106      DA44A782 
 107 0139 49F4CB46 		.ascii	"I\364\313F\360`\262=2\351\374\263\304\222\024\242&e"
 107      F060B23D 
 107      32E9FCB3 
 107      C49214A2 
 107      2665
 108 014b 8358622D 		.ascii	"\203Xb-\303\251\313'\017\274\212\012\257\333\304\277"
 108      C3A9CB27 
 108      0FBC8A0A 
 108      AFDBC4BF 
 109 015b BC011F8F 		.ascii	"\274\001\037\217VUV\231r\326~\323\250q\231L!\375\317"
 109      56555699 
 109      72D67ED3 
 109      A871994C 
 109      21FDCF
 110 016e E4A1C134 		.ascii	"\344\241\3014Y\342\262f\314\022\000z\222\255m\012\237"
 110      59E2B266 
 110      CC12007A 
 110      92AD6D0A 
 110      9F
 111 017f C11694A3 		.ascii	"\301\026\224\243\314\306#\255(\303{\014\277\245\362"
 111      CCC623AD 
 111      28C37B0C 
 111      BFA5F2
 112 018e E446E614 		.ascii	"\344F\346\024\241\271\212\232\310\002AH,\372\003\206"
 112      A1B98A9A 
 112      C8024148 
 112      2CFA0386 
 113 019e C7CB0E33 		.ascii	"\307\313\0163\232\2102\311\322\270D\274\201r$\256\210"
 113      9A8832C9 
 113      D2B844BC 
 113      817224AE 
 113      88
 114 01af 9C29ED6B 		.ascii	"\234)\355k\315LI\030\237\232\272{\210.\274\306yM\317"
 114      CD4C4918 
 114      9F9ABA7B 
 114      882EBCC6 
 114      794DCF
 115 01c2 6229DF9F 		.ascii	"b)\337\237\255\316T\226LS\277%<\275wt(\352`\007D\377"
 115      ADCE5496 
 115      4C53BF25 
 115      3CBD7774 
 115      28EA6007 
 116 01d8 A343635D 		.ascii	"\243Cc]\351\326\226|\335Qk$J\\\264\037\327g\331\217"
 116      E9D6967C 
 116      DD516B24 
 116      4A5CB41F 
 116      D767D98F 
 117 01ec 1BE42D83 		.ascii	"\033\344-\203\000\333uz\356\014\260'\343\012),\266\322"
 117      00DB757A 
 117      EE0CB027 
 117      E30A292C 
 117      B6D2
 118 01fe 14B68037 		.ascii	"\024\266\2007\005\327[\342\\\300Q\344\241sf\313\267"
ARM GAS  /tmp/ccFMW7oS.s 			page 9


 118      05D75BE2 
 118      5CC051E4 
 118      A17366CB 
 118      B7
 119 020f 39597598 		.ascii	"9Yu\230\"k'\365\345\301;\206C\220\275m\221}U\327vj\016"
 119      226B27F5 
 119      E5C13B86 
 119      4390BD6D 
 119      917D55D7 
 120 0226 916D23B2 		.ascii	"\221m#\262\374N\340\235\024\331T\257T\215\217D\251\372"
 120      FC4EE09D 
 120      14D954AF 
 120      548D8F44 
 120      A9FA
 121 0238 4703EDE9 		.ascii	"G\003\355\351,\212\242\247/5\315\2614\253\247\317\215"
 121      2C8AA2A7 
 121      2F35CDB1 
 121      34ABA7CF 
 121      8D
 122 0249 4BA391C7 		.ascii	"K\243\221\307G\214\263\341\014\352\353\356,}\335\023"
 122      478CB3E1 
 122      0CEAEBEE 
 122      2C7DDD13 
 123 0259 E7B4EA50 		.ascii	"\347\264\352P\347\023;1\225\0210\316c#\030N\266\237"
 123      E7133B31 
 123      951130CE 
 123      6323184E 
 123      B69F
 124 026b FFFE579F 		.ascii	"\377\376W\237\317\025\253G\0063B\243\215kb\334\274\235"
 124      CF15AB47 
 124      063342A3 
 124      8D6B62DC 
 124      BC9D
 125 027d 82F2CCE0 		.ascii	"\202\362\314\340H\224Q%\300\004\205m\323\370t\010>\235"
 125      48945125 
 125      C004856D 
 125      D3F87408 
 125      3E9D
 126 028f C407A1FF 		.ascii	"\304\007\241\377\237|\272,>\023\346\273x:\361\271\217"
 126      9F7CBA2C 
 126      3E13E6BB 
 126      783AF1B9 
 126      8F
 127 02a0 B2583260 		.ascii	"\262X2`\267\270\335\261x\327{g\326\033+\333A\332\361"
 127      B7B8DDB1 
 127      78D77B67 
 127      D61B2BDB 
 127      41DAF1
 128 02b3 2B2D2FD2 		.ascii	"+-/\322Ev\017ec\257ER\264\017\360\221\216f\303\022j"
 128      45760F65 
 128      63AF4552 
 128      B40FF091 
 128      8E66C312 
 129 02c8 4C4029E7 		.ascii	"L@)\347\267\203\337\"\256_\232\223\243\252\376\240\252"
 129      B783DF22 
 129      AE5F9A93 
 129      A3AAFEA0 
ARM GAS  /tmp/ccFMW7oS.s 			page 10


 129      AA
 130 02d9 F97D3EFF 		.ascii	"\371}>\377n5\340\327CAu}\276;\327]\244j\005\232_\367"
 130      6E35E0D7 
 130      4341757D 
 130      BE3BD75D 
 130      A46A059A 
 131 02ef 6EDEBBDA 		.ascii	"n\336\273\332\227\243\201\254\205\212\002\212\356\015"
 131      97A381AC 
 131      858A028A 
 131      EE0D
 132 02fd EED9155A 		.ascii	"\356\331\025Z5=\311[\024\242\0245\327\355\311\363\250"
 132      353DC95B 
 132      14A21435 
 132      D7EDC9F3 
 132      A8
 133 030e B93C47CD 		.ascii	"\271<G\315\333\255\355\332\263\315\253j\276`ap\363\016"
 133      DBADEDDA 
 133      B3CDAB6A 
 133      BE606170 
 133      F30E
 134 0320 4DCB2900 		.ascii	"M\313)\000\247;\337\343\312^\271\302\025\010\006\200"
 134      A73BDFE3 
 134      CA5EB9C2 
 134      15080680 
 135 0330 ADD3615E 		.ascii	"\255\323a^\310\037\330\270}\223\356\327<\241-\332N\247"
 135      C81FD8B8 
 135      7D93EED7 
 135      3CA12DDA 
 135      4EA7
 136 0342 DB934FB1 		.ascii	"\333\223O\261\025\\\004\222\016\366\255[\202\336Mz\341"
 136      155C0492 
 136      0EF6AD5B 
 136      82DE4D7A 
 136      E1
 137 0353 7F2EB100 		.ascii	"\177.\261\0002\310\200\222\002z\2410\261\373\274>\277"
 137      32C88092 
 137      027AA130 
 137      B1FBBC3E 
 137      BF
 138 0364 BE0F7E01 		.ascii	"\276\017~\001H\012\245@"
 138      480AA540 
 139              		.text
 140              		.section	.gnu.lto__port_irq_epilogue.407c6b261edaa859,"",%progbits
 141 0000 789C8D53 		.ascii	"x\234\215S[KTQ\024^\353\354sf\306\031\023\237\244\242"
 141      5B4B5451 
 141      145EEBEC 
 141      7366C619 
 141      139FA4A2 
 142 0014 879110BA 		.ascii	"\207\221\020\272\341\351\241\362\251 |\212\020B\177"
 142      E1E9A1F2 
 142      A9207C8A 
 142      10427F
 143 0023 80D434A4 		.ascii	"\200\3244\244\32042caO\263\307\246\204\244\013]Gk8\240"
 143      D0343263 
 143      614FB3C7 
 143      A684A40B 
 143      5D476B38 
ARM GAS  /tmp/ccFMW7oS.s 			page 11


 144 0038 94664D5E 		.ascii	"\224fM^\262\313\324\244\323X\022\321\205\304@\362\301"
 144      B2CBD4A4 
 144      D35812D1 
 144      85C440F2 
 144      C1
 145 0049 CA0B5406 		.ascii	"\312\013T\006]|P0m\2553\243\344\004\325\206s\366Y{}"
 145      5D7C5030 
 145      6DAD33A3 
 145      E404D586 
 145      73F6597B 
 146 005e 6B7FEBF2 		.ascii	"k\177\353\362\035\015\024x'\000\242\000\260\225\036"
 146      1D0D1478 
 146      2700A200 
 146      B0951E
 147 006d B4002AA7 		.ascii	"\264\000*\247_\002\004m\212\"\006\363@\332\325x\021"
 147      5F02046D 
 147      8A2206F3 
 147      40DAD578 
 147      11
 148 007e C86C811A 		.ascii	"\310l\201\032\037\243\232\332\2036\015\221?\244\015"
 148      1FA39ADA 
 148      83360D91 
 148      3FA40D
 149 008d 21A00855 		.ascii	"!\240\010U\303\000\236\022\027\005&\353&b\312\332\026"
 149      C3009E12 
 149      170526EB 
 149      2662CADA 
 149      16
 150 009e 492B7171 		.ascii	"I+qq\312zL\036]n\020A\003=\274\260\005\327\002\301>"
 150      CA7A4C1E 
 150      5D6E1041 
 150      033DBCB0 
 150      05D702C1 
 151 00b3 74CE9D5F 		.ascii	"t\316\235_fQS\347\330\212\026\244\275}\000\023rn\276"
 151      665153E7 
 151      D88A16A4 
 151      BD7D0013 
 151      726EBE
 152 00c6 4E26669B 		.ascii	"N&f\2331\262\323&\300\020\250\362\013\3408\001\231\260"
 152      31B2D326 
 152      C010A8F2 
 152      0BE03801 
 152      99B0
 153 00d8 5E28BC8B 		.ascii	"^(\274\213qT\370\236\327\241\216\313\342\2440\204\202"
 153      7154F89E 
 153      D7A18ECB 
 153      E2A43084 
 153      82
 154 00e9 2A99DF5E 		.ascii	"*\231\337^4\216\346\260)\320I\346\225g\003\275\016\261"
 154      348EE6B0 
 154      29D049E6 
 154      956703BD 
 154      0EB1
 155 00fb 1E193915 		.ascii	"\036\0319\025\356l\315*h\226\262V&F\372\3275\014\215"
 155      EE6CCD2A 
 155      6896B256 
 155      2646FAD7 
ARM GAS  /tmp/ccFMW7oS.s 			page 12


 155      350C8D
 156 010e 497946A2 		.ascii	"IyF\242!T\274\216\202\362\3006\\\205\327pU*\317\033"
 156      2154BC8E 
 156      82F2C036 
 156      5C85D770 
 156      552ACF1B 
 157 0122 58404175 		.ascii	"X@Au\037\345C\225\357S\321\211Q\362}\302\332\017?Nt"
 157      1FE54395 
 157      EF53D189 
 157      51F27DC2 
 157      DA0F3F4E 
 158 0137 8FE0620D 		.ascii	"\217\340b\015!\263\324\263\323V\263\214\006\201\220"
 158      21B3D4B3 
 158      D356B38C 
 158      068190
 159 0146 E11A9ED8 		.ascii	"\341\032\236\330\266\002\360&\373\224L\337\300%\301"
 159      B602F026 
 159      FB944CDF 
 159      C025C1
 160 0155 4C80EDEC 		.ascii	"L\200\355\354\026\277w\006;h\030\200\235\334\032\204"
 160      16BF7706 
 160      3B681880 
 160      9DDC1A84 
 161 0165 334CD864 		.ascii	"3L\330dtM\333\363\233\321\220a\247!4FGG\037H\233\252"
 161      744DDBF3 
 161      9BD19061 
 161      A7213446 
 161      47471F48 
 162 017b 10B00BF3 		.ascii	"\020\260\013\363\201O\276N\016\016+t\202\267hX\2342"
 162      814FBE4E 
 162      0E0E2B74 
 162      82B76858 
 162      9C32
 163 018d 60B7D99B 		.ascii	"`\267\331\233\326\236\276\361\354\374\253\351h\013c"
 163      D69EBEF1 
 163      ECFCABE9 
 163      680B63
 164 019c BFDFEC7A 		.ascii	"\277\337\354z\3430\243os4\336\241n\217c\255\323,\037"
 164      E330A36F 
 164      7334DEA1 
 164      6E8F63AD 
 164      D32C1F
 165 01af E02326EF 		.ascii	"\340#&\357\3174\315\017!W\026\021<\336\013G\223\257"
 165      CF34CD0F 
 165      21571611 
 165      3CDE0B47 
 165      93AF
 166 01c1 ACDC10AB 		.ascii	"\254\334\020\253Yg0\026?\247\245L\371\366\210\314\341"
 166      59673016 
 166      3FA7A54C 
 166      F9F688CC 
 166      E1
 167 01d2 89846BDF 		.ascii	"\211\204k\337\333\014\214\004\251>\342\261\341=j\353"
 167      DB0C8C04 
 167      A93EE2B1 
 167      E13D6AEB 
 168 01e2 5DCE839C 		.ascii	"]\316\203\234\223\347\237\266\331\365\250\014\005\331"
ARM GAS  /tmp/ccFMW7oS.s 			page 13


 168      93E79FB6 
 168      D9F5A80C 
 168      05D9
 169 01f0 97853134 		.ascii	"\227\205140lJ\003\357\243N\204Gf\217]\323Rtj\212\361"
 169      306C4A03 
 169      EFA34E84 
 169      47668F5D 
 169      D352746A 
 170 0206 CBF3F126 		.ascii	"\313\363\361&s\004\2102\027\037\320Ec\030\032\356\333"
 170      73048832 
 170      171FD045 
 170      63181AEE 
 170      DB
 171 0217 940611A2 		.ascii	"\224\006\021\242}26\263,\205\000\214\247\007XO\335\034"
 171      7D3236B3 
 171      2C85008C 
 171      A707584F 
 171      DD1C
 172 0229 CC139F51 		.ascii	"\314\023\237Q0\220\271c\261\311ak\340\247\264\031\302"
 172      3090B963 
 172      B1C9616B 
 172      E0A7B419 
 172      C2
 173 023a DE2054A2 		.ascii	"\336 T\242|\210\001\022\227\303D\253\020/Z\020\325R"
 173      7C880112 
 173      97C344AB 
 173      102F5A10 
 173      D552
 174 024c A96CF997 		.ascii	"\251l\371\227TzL\251,vF\245,z\377&\225FGZ*\332\037R"
 174      547A4CA9 
 174      2C7646A5 
 174      2C7AFF26 
 174      9546475A 
 175 0264 E95FBD12 		.ascii	"\351_\275\0220\301>K\246\357SD0\023\340\243?\245\222"
 175      30C13E4B 
 175      A6EF5344 
 175      3013E0A3 
 175      3FA592
 176 0277 34A5D2F7 		.ascii	"4\245\322\367\233T\346\214\367=\216\005\025\364\232"
 176      9B54E68C 
 176      F73D8E05 
 176      15F49A
 177 0286 2A786CAA 		.ascii	"*xl\252 s\344O\026G\316\227\233\255\320\314\037\354"
 177      2073E44F 
 177      1647CE97 
 177      9BADD0CC 
 177      1FEC
 178 0298 0BF5C25C 		.ascii	"\013\365\302\\\307I\322t@\326\232\302B]\367\372u\227"
 178      C749D274 
 178      40D69AC2 
 178      425DF7FA 
 178      7597
 179 02aa D7E3F11E 		.ascii	"\327\343\361\036\320\253\274\276j\277\276\275\264\244"
 179      D0ABBCBE 
 179      6ABFBEBD 
 179      B4A4
 180 02b8 B8A44677 		.ascii	"\270\244FwU\270\274>w\371\241\"O\241\013\254{v\373\335"
ARM GAS  /tmp/ccFMW7oS.s 			page 14


 180      55B8BC3E 
 180      77F9A122 
 180      4FA10BAC 
 180      7B76FBDD 
 181 02cc BB7C95FF 		.ascii	"\273|\225\377\031P\001\233\227\002\3355\325\014\323"
 181      1950019B 
 181      9702DD35 
 181      D50CD3
 182 02db 8B4BCA76 		.ascii	"\213K\312v\224\351\305\204\323w\034p\355?\270\327\255"
 182      94E9C584 
 182      D3771C70 
 182      ED3FB8D7 
 182      AD
 183 02ec BB3CFE4A 		.ascii	"\273<\376J\177\371>\227\213\242rK\312J\235LU\345\253"
 183      7FF93E97 
 183      8BA2724B 
 183      CA4A9D4C 
 183      55E5AB
 184 02ff DCE02CD8 		.ascii	"\334\340,\330\010\212\017\254\036\267\307\353;\014\277"
 184      088A0FAC 
 184      1EB7C7EB 
 184      3B0CBF
 185 030e 00699674 		.ascii	"\000i\226t\353"
 185      EB
 186              		.text
 187              		.section	.gnu.lto_.symbol_nodes.407c6b261edaa859,"",%progbits
 188 0000 789C6365 		.ascii	"x\234ce`b\250a\000\002\246\205L\365\014\014\023\316"
 188      6062A861 
 188      0002A685 
 188      4CF50C0C 
 188      13CE
 189 0012 3130D433 		.ascii	"10\32430\356l9\330\340\300\300\3008\233\251\236\021"
 189      30EE6C39 
 189      D8E0C0C0 
 189      C0389BA9 
 189      9E11
 190 0024 2CC6C0D0 		.ascii	",\306\300\320\260\000$0\207\251\236\011Y\200i\006S="
 190      B0002430 
 190      87A99E09 
 190      59806906 
 190      533D
 191 0036 335417C3 		.ascii	"3T\027\303\256\006G\240\310L\246z\026\024\021\306YL"
 191      AE0647A0 
 191      C84CA67A 
 191      161411C6 
 191      594C
 192 0048 F5AC304D 		.ascii	"\365\2540M c\231\031X\031\226\264\277\221gfa`x\264R"
 192      20639919 
 192      581996B4 
 192      BF916766 
 192      616078B4 
 193 005d 8D0100BB 		.ascii	"\215\001\000\273\252\036\241"
 193      AA1EA1
 194              		.text
 195              		.section	.gnu.lto_.refs.407c6b261edaa859,"",%progbits
 196 0000 789C6365 		.ascii	"x\234ce`b\340d`\000\222L\214\374LL\002\014\000\001\230"
 196      6062E064 
ARM GAS  /tmp/ccFMW7oS.s 			page 15


 196      6000924C 
 196      8CFC4C4C 
 196      020C0001 
 197 0015 0039     		.ascii	"\0009"
 198              		.text
 199              		.section	.gnu.lto_.decls.407c6b261edaa859,"",%progbits
 200 0000 789CBD58 		.ascii	"x\234\275XYPTW\032\356sO\263t\323,\205\314\214\231\241"
 200      59505457 
 200      1AEE734F 
 200      B374D32C 
 200      85CC8C99 
 201 0015 2A96458D 		.ascii	"*\226E\215\314\303\010&\316L\036RS\"j\344\301\304j\242"
 201      CCC30826 
 201      CE4C1E52 
 201      53226AE4 
 201      C1C46AA2 
 202 0029 9597991E 		.ascii	"\225\227\231\036\322t\204\012\213\351n'\37205\027A%"
 202      D274840A 
 202      8BE96E27 
 202      FA303517 
 202      4125
 203 003b AE882860 		.ascii	"\256\210(`P\021\\@VesEDYDY\304 \202\354aqA\305v\003"
 203      50115C40 
 203      56657345 
 203      44594459 
 203      C42082EC 
 204 0055 4499FF9C 		.ascii	"D\231\377\234s/\367\366M\223\344in\361w\367\177\356"
 204      732FF7F6 
 204      4D93E469 
 204      6EF177F7 
 204      7FEE
 205 0067 77FEFD2C 		.ascii	"w\376\375,?N*Ne\230\253R\275\217U\252\004\244RM\303"
 205      3F4E2A4E 
 205      6598AB52 
 205      BD8F55AA 
 205      04A4524D 
 206 007c A356A954 		.ascii	"\243V\251T\005*\351q\006*\004:\015T\002T\006T\001tY"
 206      052AE971 
 206      062A043A 
 206      0D540254 
 206      06540174 
 207 0091 F5D3E71F 		.ascii	"\365\323\347\037 \303\023\276\327\002y\003\371\000\325"
 207      20C313BE 
 207      D7027903 
 207      F900D5
 208 00a0 030D012D 		.ascii	"\003\015\001-\000\272\010\364\004h\000\250\021h\015"
 208      00BA08F4 
 208      046800A8 
 208      11680D
 209 00af D018D033 		.ascii	"\320\030\3203\240J \033\020\007t\017\250O\246\3735\320"
 209      A04A201B 
 209      1007740F 
 209      A84FA6FB 
 209      35D0
 210 00c1 94A053B4 		.ascii	"\224\240S\264C\371|\015\2725\012\335C\202\376\005\202"
 210      43F97C0D 
 210      BA350ADD 
ARM GAS  /tmp/ccFMW7oS.s 			page 16


 210      4382FE05 
 210      82
 211 00d2 5EA20B21 		.ascii	"^\242\013!\311\2572\231l\014\343N@\256\350\247\262c"
 211      C9AF3299 
 211      6C0CE34E 
 211      40AEE8A7 
 211      B263
 212 00e4 614C27C8 		.ascii	"aL'\310^\240\360M\224\371/\240\177\002\371\001\205!"
 212      5EA0F04D 
 212      94F92FA0 
 212      7F02F901 
 212      8521
 213 00f6 164322EA 		.ascii	"\026C\"\352\023\370p\021bf\204\337&AG\241L\247\362I"
 213      13F87011 
 213      626684DF 
 213      264147A1 
 213      4CA7F249 
 214 010a C5A87CD7 		.ascii	"\305\250|\327\265K\\\017\352B\020\017\344EG\231\345"
 214      B54B5C0F 
 214      EA42100F 
 214      E4454799 
 214      E5
 215 011b 08BE0851 		.ascii	"\010\276\010QvZ|\020\242\3430\312\321O\006\244CH\234"
 215      765A7C10 
 215      A2E330CA 
 215      D14F06A4 
 215      43489C
 216 012e 21F09CC0 		.ascii	"!\360\234\300r\202H\372'LF2\211\3545\323$>\314'$\304"
 216      728248FA 
 216      274C4632 
 216      89EC35D3 
 216      243ECC27 
 217 0144 904A67B3 		.ascii	"\220Jg\263\021')@H>A&\220\231-\274\237\261O%9\207D\357"
 217      11272940 
 217      483E4126 
 217      90992DBC 
 217      9FB14F25 
 218 015c 9FA5DF1C 		.ascii	"\237\245\337\034\326\366\242n2\232\271\004\321\261\251"
 218      D6F6A26E 
 218      329AB904 
 218      D1B1A9
 219 016b 5D95E53A 		.ascii	"]\225\345:\314!\362\273w\"g\305\302|\236=\256\037Ka"
 219      CC21F2BB 
 219      772267C5 
 219      C27C9E3D 
 219      AE1F4B61 
 220 017f AB997E5D 		.ascii	"\253\231~]\345\271\033#o-\342\200m\035\273y\310\015"
 220      E5B91B23 
 220      6F2DE280 
 220      6D1DBB79 
 220      C80D
 221 0191 581F2DF2 		.ascii	"X\037-\362\002v<\256\355\212v\356\001:+\236\367\342"
 221      02763CAE 
 221      ED8A76EE 
 221      013A2B9E 
 221      F7E2
 222 01a3 D0DADFA2 		.ascii	"\320\332\337\242|\344\213\362\220/(/@\260\024\320\227"
ARM GAS  /tmp/ccFMW7oS.s 			page 17


 222      7CE48BF2 
 222      902F282F 
 222      40B014D0 
 222      97
 223 01b4 6A2669CB 		.ascii	"j&i\313\333\355\333\334\347g\362U}|\325\323k\177\357"
 223      DBEDDBDC 
 223      E767F255 
 223      7D7CD5D3 
 223      6B7FEF
 224 01c7 3F53C56F 		.ascii	"?S\305o\201i\316\004\206r\021F\247\320Bb2\374\204\317"
 224      8169CE04 
 224      86721146 
 224      A7D04262 
 224      32FC84CF 
 225 01db 1CD48BD0 		.ascii	"\034\324\213\320I\324\003\016\025\242\3710\375q\343"
 225      49D4030E 
 225      15A2F930 
 225      FD71E3
 226 01ea 99339EF8 		.ascii	"\2313\236\370Sj\355\317\253-\266S[{\262\343\266\006"
 226      536AEDCF 
 226      AB2DB653 
 226      5B7BB2E3 
 226      B606
 227 01fc D4F6F17C 		.ascii	"\324\366\361|\325H\306\342\267\305\203|\242\226\202"
 227      D548C6E2 
 227      B7C5837C 
 227      A29682
 228 020b 5091A4B4 		.ascii	"P\221\244\264\210(%?NSe\375}\307mnx\027\242\332\366"
 228      8828253F 
 228      4E5365FD 
 228      7DC76D6E 
 228      7817A2DA 
 229 0220 1D7E3E84 		.ascii	"\035~>\204\005\011\266\377\244\363\325\034\235}F\232"
 229      0509B6FF 
 229      A4F3D51C 
 229      9D7D469A 
 230 0230 7D469C5D 		.ascii	"}F\234]Bg\347\324\2748\216\361Q6\373\376\330\366?\301"
 230      4267E7D4 
 230      BC388EF1 
 230      5136FBFE 
 230      D8F63FC1 
 231 0244 E44CEAF5 		.ascii	"\344L\352\365\373\007\342\371\0340z\036\225P*I(U:]F"
 231      FB07E2F9 
 231      1C307A1E 
 231      95502A49 
 231      28553A5D 
 232 0259 25F58E3D 		.ascii	"%\365\216=\257s\303\005LRrUv\265\253 \252\365\375t\276"
 232      AF73C305 
 232      4C527255 
 232      76B5AB20 
 232      AAF5FD74 
 233 026e 6A33CFC7 		.ascii	"j3\317\3071[\312%I\345JI\025TRf\332\253\007\316\270"
 233      315BCA25 
 233      49E54A49 
 233      15545266 
 233      DAAB07CE 
 234 0283 8A496AAC 		.ascii	"\212Ij\254\271\235\346\202;)\243\276\177\331\306A\354"
ARM GAS  /tmp/ccFMW7oS.s 			page 18


 234      B99DE682 
 234      3B29A3BE 
 234      7FD9C641 
 234      EC
 235 0294 C89FC6FF 		.ascii	"\310\237\306\377 \357\212.\"\215\352 \237\310\363^\364"
 235      20EF8A2E 
 235      228DEA20 
 235      9FC8F35E 
 235      F4
 236 02a5 E7369EDF 		.ascii	"\3476\236\337\314\217mN\362\002Y\037\372\242@_\025\272"
 236      CC8F6D4E 
 236      F202591F 
 236      FAA2405F 
 236      15BA
 237 02b7 84FCE92B 		.ascii	"\204\374\351+\025:\017\323.@\324O\210\245\243\"/\320"
 237      153A0FD3 
 237      2E40D44F 
 237      88A5A322 
 237      2FD0
 238 02c9 3921202C 		.ascii	"9! ,\005\327r\233\222u\362t\021\210\224\257J\273|\245"
 238      05D7729B 
 238      9275F274 
 238      118894AF 
 238      4ABB7CA5 
 239 02dd 8DB57473 		.ascii	"\215\265tsB\264\353.~<)\344\013@\350\254\344\345Y1\342"
 239      42B4EB2E 
 239      7E3C29E4 
 239      0B40E8AC 
 239      E4E55931 
 240 02f2 97A977DD 		.ascii	"\227\251w\335\365\271y\030\312r\201\026\221\225\341"
 240      F5B97918 
 240      CA728116 
 240      9195E1
 241 0301 094345A3 		.ascii	"\011CE\243\347&\334\331\020\021\333\272\307v\314\005"
 241      E726DCD9 
 241      1011DBBA 
 241      C776CC05 
 242 0311 4F31FF6F 		.ascii	"O1\377o%\024g`V\324j\2628\032\017\376\350\301\212z^"
 242      25146760 
 242      56D46AB2 
 242      381A0FFE 
 242      E8C18A7A 
 243 0326 2AE6D21B 		.ascii	"*\346\322\033\332\253\325\310_K}\252\232\256\377c\232"
 243      DAABD5C8 
 243      5F4B7DAA 
 243      9AAEFF63 
 243      9A
 244 0337 8D64AC16 		.ascii	"\215d\254\026iQ\265d\301\002-|&\222\330$\305\363\232"
 244      6951B564 
 244      C1022D7C 
 244      2692D824 
 244      C5F39A
 245 034a 952A740D 		.ascii	"\225*t\015\034\272\012\016\241\032\210\016h%8t\005\006"
 245      1CBA0A0E 
 245      A11A880E 
 245      68253874 
 245      0506
ARM GAS  /tmp/ccFMW7oS.s 			page 19


 246 035c AB6010B4 		.ascii	"\253`\020\264\344\036\333\233\345\214\313\350z\343j"
 246      E41EDB9B 
 246      E58CCBE8 
 246      7AE36A
 247 036b 2BEFDD55 		.ascii	"+\357\335U#\255\277C\001\327\035\010`\306\274n\236_"
 247      23ADBF43 
 247      01D71D08 
 247      60C6BC6E 
 247      9E5F
 248 037d 0B8B8643 		.ascii	"\013\213\206C\365`L\235d\014\330F\276`\024\024=I\030"
 248      F5604C9D 
 248      640CD846 
 248      BE601414 
 248      3D4918
 249 0390 EA7363DE 		.ascii	"\352sc\336\315\0056\256,{\217\016\367\263u~\244\353"
 249      CD0536AE 
 249      2C7B8F0E 
 249      F7B3757E 
 249      A4EB
 250 03a2 59810B1E 		.ascii	"Y\201\013\036fF\\i;\232\353\216t\376\333g\214 \013i"
 250      66465C69 
 250      3B9AEB8E 
 250      74FEDB67 
 250      8C200B69 
 251 03b6 C68C2630 		.ascii	"\306\214&0c\215NP!\004\243{qF%\011F#\322\241\233\222"
 251      638D4E50 
 251      2104A37B 
 251      71462509 
 251      4623D2A1 
 252 03cc FE353A96 		.ascii	"\3765:\226\274\003\251\247\356jp\012f!\027\366\012o"
 252      BC03A9A7 
 252      EE6A700A 
 252      662117F6 
 252      0A6F
 253 03de B6573CCA 		.ascii	"\266W<\312\350\354\324\341T\366\256\244\356Y\235\006"
 253      E8ECD4E1 
 253      54F6AEA4 
 253      EE599D06 
 254 03ee 1F66CCC1 		.ascii	"\037f\314\301\013/\032\234\030\320\025\330\216\226\342"
 254      0B2F1A9C 
 254      18D015D8 
 254      8E96E2
 255 03fd 1D1E388B 		.ascii	"\035\0368\213\275\333\232}u\302\035\037gL\316\303\336"
 255      BDDB9A7D 
 255      75C21D1F 
 255      674CCEC3 
 255      DE
 256 040e 298C7318 		.ascii	")\214s\030\363\346\\\015\357\212\363\030s\262\256\243"
 256      F3E65C0D 
 256      EF8AF318 
 256      73B2AEA3 
 257 041e CE131732 		.ascii	"\316\023\0272F\314\2477\315'*\274\1779C\313\322\313"
 257      46CCA737 
 257      CD272ABC 
 257      7F3943CB 
 257      D2CB
 258 0430 C31EA6ED 		.ascii	"\303\036\246\355j\036y\347\211\374\350\343?\307\317"
ARM GAS  /tmp/ccFMW7oS.s 			page 20


 258      6A1E79E7 
 258      89FCE8E3 
 258      3FC7CF
 259 043f 2F8BB80F 		.ascii	"/\213\270\017{\203\377\335\326A\236O\326Q\347n\200s"
 259      7B83FFDD 
 259      D6419E4F 
 259      D651E76E 
 259      8073
 260 0451 03688E14 		.ascii	"\003h\216\024\215\006Z\253\327\310\247\212\315\250\376"
 260      8D065AAB 
 260      D7C8A78A 
 260      CDA8FE
 261 0460 02D66002 		.ascii	"\002\326`\002\246\360[Jx\313O\340\017?\223\340mJ\370"
 261      A6F05B4A 
 261      78CB4FE0 
 261      0F3F93E0 
 261      6D4AF8
 262 0473 6D0A5F24 		.ascii	"m\012_$\241;e\350v%:@\001\266\311\300?8\026-\267\244"
 262      A13B65E8 
 262      76253A40 
 262      01B6C9C0 
 262      3F38162D 
 263 0489 416678B3 		.ascii	"Afx\263c?\251p\226\363;\315^q<\217\010J%\344\233<{\311"
 263      633FA970 
 263      96F33BCD 
 263      5E713C8F 
 263      084A25E4 
 264 04a1 CB249E5F 		.ascii	"\313$\236_\242V\241N\230\334A&\337\025\244\001\014\365"
 264      A256A14E 
 264      98DC4126 
 264      DF15A401 
 264      0CF5
 265 04b3 43F9F420 		.ascii	"C\371\364 ?4\010\324\015\324\013\364#P\027P\037\320"
 265      3F3408D4 
 265      0DD40BF4 
 265      23501750 
 265      1FD0
 266 04c5 3DE44705 		.ascii	"=\344G\0051\233\3365{'\307\363\365\201\324\250V\307"
 266      319BDE35 
 266      7B27C7F3 
 266      F581D4A8 
 266      56C7
 267 04d7 D194793C 		.ascii	"\321\224y< \363\370\216\303\3600\207I\335\245\366\266"
 267      20F3F88E 
 267      C3F03087 
 267      49DDA5F6 
 267      B6
 268 04e8 639DACC6 		.ascii	"c\235\254\306\345X\025\032B:\272\221\3007\200+\236\035"
 268      E558151A 
 268      423ABA91 
 268      C037802B 
 268      9E1D
 269 04fa DA8AB589 		.ascii	"\332\212\265\211\3247\012\206\032\222\260\303d\231\201"
 269      D4370A86 
 269      1A92B0C3 
 269      649981
 270 0509 78BA7101 		.ascii	"x\272q\001\272\332V|R\307\012\015\313\026\236\017[x"
ARM GAS  /tmp/ccFMW7oS.s 			page 21


 270      BADA567C 
 270      52C70A0D 
 270      CB169E0F 
 270      5B78
 271 051b 6DE39726 		.ascii	"m\343\227&u\370<\255Iu_\266\355\2213\362\207MV\013$"
 271      75F83CAD 
 271      49755FB6 
 271      ED9133F2 
 271      874D560B 
 272 0530 DB2E4761 		.ascii	"\333.Ga%?\220\266K\272\361\216\375\227\014\263\335e"
 272      253F90B6 
 272      4BBAF18E 
 272      FD970CB3 
 272      DD65
 273 0542 2C8BC773 		.ascii	",\213\307sgv\336\207\020\324Qj\305c\260\352\021\230"
 273      6776DE87 
 273      10D4516A 
 273      C563B0EA 
 273      1198
 274 0554 41766C32 		.ascii	"Avl2\002\012\223\306\013\266:{'\011\211\231\207\250"
 274      020A93C6 
 274      0BB63A7B 
 274      27098999 
 274      87A8
 275 0566 ECFB801B 		.ascii	"\354\373\200\033\241\326?A\336\242\017\224\201\031\333"
 275      A1D63F41 
 275      DEA20F94 
 275      8119DB
 276 0575 CB6FF7A8 		.ascii	"\313o\367\250gu\367\251\350n \365v\347\343[i:\245xi"
 276      6775F7A9 
 276      E86E20F5 
 276      76E7E35B 
 276      693AA578 
 277 058a 1B1FA3E2 		.ascii	"\033\037\243\342\2372\361cT|\337\370\236iOy\350\311"
 277      9F32F163 
 277      547CDFF8 
 277      9E694F79 
 277      E8C9
 278 059c 2E2EC97F 		.ascii	"..\311\177&\204\376\031\015}\357x{\217N\016.\266\003"
 278      2684FE19 
 278      0D7DEF78 
 278      7B8F4E0E 
 278      2EB603
 279 05af DB04B08D 		.ascii	"\333\004\260\215\202\357t\265\246i\360e\266\336O\025"
 279      82EF74B5 
 279      A669F065 
 279      B6DE4F15 
 280 05bf 1C2EF6C0 		.ascii	"\034.\366\300\327\031\263\243\372j\206\263\032.m/hP"
 280      D719B3A3 
 280      FA6A86B3 
 280      1A2E6D2F 
 280      6850
 281 05d1 61E4ECC9 		.ascii	"a\344\354\311\221Bw\371\361Sog\367+\273\343\347\365"
 281      914277F9 
 281      F1536F67 
 281      F72BBBE3 
 281      E7F5
ARM GAS  /tmp/ccFMW7oS.s 			page 22


 282 05e3 BEBC364F 		.ascii	"\276\2746O\341\2262=\031Xi\033\342y\260)\001\371\020"
 282      E196323D 
 282      1958691B 
 282      E279B029 
 282      01F910
 283 05f6 207A2EEE 		.ascii	" z.\356y\350%R\023\316\376\254}MO\243\321\023\355^x"
 283      79E82552 
 283      13CEFEAC 
 283      7D4D4FA3 
 283      D113ED5E 
 284 060b 977A1673 		.ascii	"\227z\026s\252'z\275\324\034\333\255\211Zr@\026\347"
 284      AA277ABD 
 284      D41CDBAD 
 284      895A7240 
 284      16E7
 285 061d BDF598F5 		.ascii	"\275\365\230\365>\363\206\0328\211\004\013\233\037\337"
 285      3EF3861A 
 285      3889040B 
 285      9B1FDF
 286 062c 2AD40816 		.ascii	"*\324\010\026\336i\370=\273Q$\035C\004\207\306g\354"
 286      DE69F83D 
 286      BB51241D 
 286      430487C6 
 286      67EC
 287 063e 9B00FBC6 		.ascii	"\233\000\373\306\225\366MQ\373\006\337\024\234\027\366"
 287      95F64D51 
 287      FB06DF14 
 287      9C17F6
 288 064d 4767E272 		.ascii	"Gg\342rQf\223\373\254E\360N,\202\267\254\346_l\337\362"
 288      516693FB 
 288      AC45F04E 
 288      2C82B7AC 
 288      E65F6CDF 
 289 0662 5A383B5D 		.ascii	"Z8;]\310\226<\234\261[\307j\376#`\357\265\344\327\272"
 289      C8963C9C 
 289      B15BC76A 
 289      FE2360EF 
 289      B5E4D7BA 
 290 0676 2B6B84E7 		.ascii	"+k\204\347|\3214\025\026\307y\213\")\0033\256\017\026"
 290      7CD13415 
 290      16C7798B 
 290      22290333 
 290      AE0F16
 291 0689 547BE054 		.ascii	"T{\340T\026\255\364\316Gi\242o#\031\2019\3617v\362\231"
 291      16ADF4CE 
 291      4769A26F 
 291      23198139 
 291      F13776F2 
 292 069e 71FC1256 		.ascii	"q\374\022V\014\233\271\231\003\007~\332{\026\317\021"
 292      0C9BB999 
 292      03077EDA 
 292      7B16CF11 
 293 06ae CFFA8E8C 		.ascii	"\317\372\216\214\354s\307\371L\330\215\312\3546'AX\353"
 293      EC73C7F9 
 293      4CD88DCA 
 293      EC362741 
 293      58EB
ARM GAS  /tmp/ccFMW7oS.s 			page 23


 294 06c0 21CC2E4C 		.ascii	"!\314.LG\331\205)A\022\225\240\024\265\205\212j\037"
 294      47D98529 
 294      411295A0 
 294      14B5858A 
 294      6A1F
 295 06d2 AE0EC767 		.ascii	"\256\016\307ggK\342\360\367\007\212\335f\312d\336\333"
 295      674BE2F0 
 295      F7078ADD 
 295      66CA64DE 
 295      DB
 296 06e3 4EA94C48 		.ascii	"N\251LH\032\266\212\342\3216NM8{\015\211TC~c]\227\020"
 296      1AB68AE2 
 296      D1364E4D 
 296      387B0D89 
 296      54437E63 
 297 06fa C94404FC 		.ascii	"\311D\004\374\364\203\216l\015\343\307\35016u\250B\340"
 297      F4838E6C 
 297      0DE3C7E8 
 297      313675A8 
 297      42E0
 298 070c 7D807DDB 		.ascii	"}\200}\333\233\224\344\302\"\235I\340\375\335#\333="
 298      9B94E4C2 
 298      229D49E0 
 298      FDDD23DB 
 298      3D
 299 071d 702DB370 		.ascii	"p-\263pj\307\245t\347Ys\270\233\023rx\225\345p\"\241"
 299      6AC7A574 
 299      E75973B8 
 299      9B137278 
 299      95E57022 
 300 0732 A20F4959 		.ascii	"\242\017IYR\323R\334\011Y\332\301\021\370\036\232%:"
 300      52D352DC 
 300      0959DAC1 
 300      11F81E9A 
 300      253A
 301 0744 89A0375F 		.ascii	"\211\2407_\350\330+\264\000}\204/km\177\245\301-Lq\346"
 301      E8D82BB4 
 301      007D842F 
 301      6B6D7FA5 
 301      C12D4C71 
 302 0759 BBBD596E 		.ascii	"\273\275YnDq<(N\374\305k\014\314\370\256\255\353\214"
 302      44713C28 
 302      4EFCC56B 
 302      0CCCF8AE 
 302      ADEB8C
 303 076c 9DF264EE 		.ascii	"\235\362d\356g\224\337\036>\232 l\261-\264\215\033\276"
 303      6794DF1E 
 303      3E9A206C 
 303      B12DB48D 
 303      1BBE
 304 077e 5E2B1EE6 		.ascii	"^+\036\346$\012\027j[\257#\334\306\214IL\267\265x\316"
 304      240A176A 
 304      5BAF23DC 
 304      C68C494C 
 304      B7B578CE 
 305 0792 1A855431 		.ascii	"\032\205T1\012#\314\220\216\361\232N'e\024\366\203!"
 305      0A23CC90 
ARM GAS  /tmp/ccFMW7oS.s 			page 24


 305      8EF19A4E 
 305      276514F6 
 305      8321
 306 07a4 ECB449A3 		.ascii	"\354\264I\243\206\244\212\206\364\224\244\017\273(\315"
 306      86A48A86 
 306      F494A40F 
 306      BB28CD
 307 07b3 9E15BDA3 		.ascii	"\236\025\275\243\246\254V\310m=\255\227w%\015p\343f"
 307      A6AC56C8 
 307      6D3DAD97 
 307      77250D70 
 307      E366
 308 07c5 66EE4B1E 		.ascii	"f\356K\036op\305=\214\251x"
 308      6F70C53D 
 308      8CA978
 309 07d0 9257E1CE 		.ascii	"\222W\341\316\220Ur\336G\340\237\347\215\035w\306\003"
 309      905572DE 
 309      47E09FE7 
 309      8D1D77C6 
 309      03
 310 07e1 0CBCFFD2 		.ascii	"\014\274\377\322\3762\017\245\311\207\301\010v\310g"
 310      FE320FA5 
 310      C987C108 
 310      76C867
 311 07f0 72D2164C 		.ascii	"r\322\026L.>/\237\237\327*M\236\025-\256do\266\222\323"
 311      2E3E2F9F 
 311      9FD72A4D 
 311      9E152DAE 
 311      646FB692 
 312 0805 268E3E74 		.ascii	"&\216>t\307\303B`\363w_\305b\226\177\371\262J\332\265"
 312      C7C34260 
 312      F3775FC5 
 312      62967FF9 
 312      B24ADAB5 
 313 0819 2753451E 		.ascii	"'SE\036\370\021\233~\241\342b\255p\301\013\0046/\377"
 313      F8119B7E 
 313      A1E262AD 
 313      70C10B04 
 313      362FFF
 314 082c 4A931B1E 		.ascii	"J\223\033\036\023*7\351H\211\006\277b\314\367\317\273"
 314      132A37E9 
 314      488906BF 
 314      62CCF7CF 
 314      BB
 315 083d 1F0825EF 		.ascii	"\037\010%\357O\266\312\354\303\311\032\374\206\275\233"
 315      4FB6CAEC 
 315      C3C91AFC 
 315      86BD9B
 316 084c 4E4A4C77 		.ascii	"NJLw\301\274\023eR\232R\262\335\360\026\306\274\271"
 316      C1BC1365 
 316      529A52B2 
 316      DDF016C6 
 316      BCB9
 317 085e 9FD281D8 		.ascii	"\237\322\201\330,\235\254^}\204z-|\265;\325\015\357"
 317      2C9DAC5E 
 317      7D847A2D 
 317      7CB53BD5 
ARM GAS  /tmp/ccFMW7oS.s 			page 25


 317      0DEF
 318 0870 60D8F68E 		.ascii	"`\330\366\216\204s\002\326\215\034\2317z\277\230\265"
 318      847302D6 
 318      8D1C9937 
 318      7ABF98B5 
 319 0880 604E8B05 		.ascii	"`N\213\005S\314Q\237\212\266\014\346\272\302\\_\350"
 319      53CC519F 
 319      8AB60CE6 
 319      BAC25C5F 
 319      E8
 320 0891 3290ACC5 		.ascii	"2\220\254\305\360e-Fi\325\363\0025\336C\365p\345\245"
 320      F0652D46 
 320      69D5F302 
 320      35DE43F5 
 320      70E5A5
 321 08a4 8307B5B2 		.ascii	"\203\007\265\262&\342\257\361\333\310\275\275\0342P"
 321      26E2AFF1 
 321      DBC8BDBD 
 321      1C3250
 322 08b3 2AED3DBE 		.ascii	"*\355=\2763M\204\3751_\306\371\023\2514\250%\220\260"
 322      334D84FD 
 322      315FC6F9 
 322      13A934A8 
 322      2590B0
 323 08c6 33CC80DC 		.ascii	"3\314\200\334#9\327\334q:\323\220\276\377J\251\307\214"
 323      2339D7DC 
 323      713AD390 
 323      BEFF4AA9 
 323      C78C
 324 08d8 06E80C4A 		.ascii	"\006\350\014Jhgp\0164TH\032\312\271YT\234u\254\242\241"
 324      6867700E 
 324      3454481A 
 324      CAB95954 
 324      9C75ACA2 
 325 08ed FEE62EB5 		.ascii	"\376\346.\265|\003'\362\012\341}\001]\235\347i\315\234"
 325      7C0327F2 
 325      0AE17D01 
 325      5D9DE769 
 325      CD9C
 326 08ff 16CB3C33 		.ascii	"\026\313<3?}\324\205\325\305\257\222\236\235\036?\351"
 326      3F7DD485 
 326      D5C5AF92 
 326      9E9D1E3F 
 326      E9
 327 0910 24977EE1 		.ascii	"$\227~\341\347\244_j\355Z\202\217\262\274\275l\352\352"
 327      E7A45F6A 
 327      ED5A828F 
 327      B2BCBD6C 
 327      EAEA
 328 0922 47F83863 		.ascii	"G\3708c\022n\\?\351\202s\0313\232\333X\357\214\213\030"
 328      126E5C3F 
 328      E9827319 
 328      339ADB58 
 328      EF8C8B18 
 329 0936 33383C79 		.ascii	"38<y\026\343R\306\234\030\315\332\245\301\347\2049\203"
 329      16E352C6 
 329      9C18CDDA 
ARM GAS  /tmp/ccFMW7oS.s 			page 26


 329      A5C1E784 
 329      3983
 330 0948 4F9A846E 		.ascii	"O\232\204nd'I\336\233\261\362\037\304*!]\307\303\227"
 330      642749DE 
 330      9BB1F21F 
 330      C42A215D 
 330      C7C397
 331 095b 43D3AEF8 		.ascii	"C\323\256\3702\005\377n\264t\357q\235\320\"\370\371"
 331      3205FF6E 
 331      B474EF71 
 331      9DD022F8 
 331      F9
 332 096c CDF19B79 		.ascii	"\315\361\233y\374\375H\277\220\020\007\315\374Y\234"
 332      FCFD48BF 
 332      901007CD 
 332      FC599C
 333 097b D8DCC0F3 		.ascii	"\330\334\300\363}\320S_\344\274Q\021\304\274\211\233"
 333      7DD0535F 
 333      E4BC5111 
 333      C4BC899B 
 334 098b 33E38DFC 		.ascii	"3\343\215\374\"\0153\342\341J\037\313\356\254\307\300"
 334      220D33E2 
 334      E14A1FCB 
 334      EEACC7C0 
 335 099b E72B02DA 		.ascii	"\347+\002\332\321\2355\213O\001\371\235\233\342(:\035"
 335      D19D358B 
 335      4F01F99D 
 335      9BE2283A 
 335      1D
 336 09ac 641F10D0 		.ascii	"d\037\020\320\342v\203R8\205\354\206\215\222\354|\245"
 336      E2768352 
 336      3885EC86 
 336      8D92EC7C 
 336      A5
 337 09bd EC0EBB0E 		.ascii	"\354\016\273\016\200\300\007d\360\034%\374\204\\x\012"
 337      80C00764 
 337      F01C25FC 
 337      845C780A 
 338 09cd 11BE89A1 		.ascii	"\021\276\211\241\311\366\221\241D\037T\232\322*\223"
 338      C9F691A1 
 338      441F549A 
 338      D22A93
 339 09dc 9DA744E7 		.ascii	"\235\247D\347*\321\003\262\240T)\321\262\256H\336n\\"
 339      2AD103B2 
 339      A05429D1 
 339      B2AE48DE 
 339      6E5C
 340 09ee 83305CA5 		.ascii	"\2030\\\245\202\010\232\364\032\035Pn\315\234\037\252"
 340      82089AF4 
 340      1A1D506E 
 340      CD9C1FAA 
 341 09fe 036A04BA 		.ascii	"\003j\004\272\003t\013\350.P-\320u\240\233@m@\015@\355"
 341      03740BE8 
 341      2E502DD0 
 341      75A09B40 
 341      6D400D40 
 342 0a13 402D405D 		.ascii	"@-@]@\235@7\200\356\001\325\003\335\006\372\001\250"
ARM GAS  /tmp/ccFMW7oS.s 			page 27


 342      409D4037 
 342      80EE01D5 
 342      03DD06FA 
 342      01A8
 343 0a25 9513FB13 		.ascii	"\225\023\373\023\022\203\326X)\006\325\016\223's\312"
 343      1283D658 
 343      2906D50E 
 343      932773CA 
 344 0a35 260BC171 		.ascii	"&\013\301q%8K\031\002\233,\004\225Jt\213\262\212l\233"
 344      25384B19 
 344      029B2C04 
 344      954A748B 
 344      B28A6C9B 
 345 0a49 24748D12 		.ascii	"$t\215\022\375\235]\352\240\200\006\204*\332\007U\264"
 345      FD9D5DEA 
 345      A0800684 
 345      2ADA0755 
 345      B4
 346 0a5a 57408B67 		.ascii	"W@\213g-J\222\243\311&\362P@\303\031\214v)\321\3339"
 346      2D4A92A3 
 346      C926F250 
 346      40C3198C 
 346      7629D1DB 
 347 0a6f 651575CA 		.ascii	"e\025u\312\334<\3458\323r\370C\231\237\227\035\247\332"
 347      DC3CE538 
 347      D372F843 
 347      999F971D 
 347      A7DA
 348 0a81 0E2E937E 		.ascii	"\016.\223~\322q\215\312\341\2232\351\227\034G\221\301"
 348      D2718DCA 
 348      E19332E9 
 348      971C4791 
 348      C1
 349 0a92 D97E59FB 		.ascii	"\331~Y\373\324\233v\265\000\223w\265,j\265\023>\311"
 349      D49B76B5 
 349      009377B5 
 349      2C6AB513 
 349      3EC9
 350 0aa4 3C69468F 		.ascii	"<iF\217B \216\010\302\304\203\023\035R\256\217V\331"
 350      42208E08 
 350      C2C48313 
 350      1D52AE8F 
 350      56D9
 351 0ab6 FAF8DEF1 		.ascii	"\372\370\336\361\372\260\263T\346X\266\343\352\230i"
 351      FAB0B354 
 351      E658B6E3 
 351      EA9869
 352 0ac5 5E9B7AF7 		.ascii	"^\233z\3677\251\361$\333\361+\332K\366{\2409\376\216"
 352      37A9F124 
 352      DBF12BDA 
 352      4BF67BA0 
 352      39FE8E
 353 0ad8 D602EA85 		.ascii	"\326\002\352\205%\360\377X\016,|\357&\234\241{E=\240"
 353      25F0FF58 
 353      0E2C7CEF 
 353      269CA17B 
 353      453DA0
ARM GAS  /tmp/ccFMW7oS.s 			page 28


 354 0aeb B05B3A6C 		.ascii	"\260[:lH0\331\377\201nv\305\273\310{\271\036N\336s\367"
 354      4830D9FF 
 354      816E76C5 
 354      BBC87BB9 
 354      1E4EDE73 
 355 0b00 71AC9783 		.ascii	"q\254\227\203oG\215_\201]\343\327/\200\373)\370\352"
 355      6F478D5F 
 355      815DE3D7 
 355      2F80FB29 
 355      F8EA
 356 0b12 AB3B052E 		.ascii	"\253;\005.8\336\231\375s(%\367\235\323L\273\340w\304"
 356      38DE99FD 
 356      732825F7 
 356      9DD34CBB 
 356      E077C4
 357 0b25 BE5D1890 		.ascii	"\276]\030\220\014\033P\336\300\177\2447\360\023\257"
 357      0C1B50DE 
 357      C07FA437 
 357      F013AF
 358 0b34 C77778E0 		.ascii	"\307wx\340\003L\330\226\267\266>\017\261]8h\337.\014"
 358      034CD896 
 358      B7B63E0F 
 358      B15D3868 
 358      DF2E0C
 359 0b47 4AA20695 		.ascii	"J\242\006\225\242\206\270\371\252\367\014\353c\315V"
 359      A286B8F9 
 359      AAF70CEB 
 359      63CD56
 360 0b56 43A4F91B 		.ascii	"C\244\371\033\203i}dT\354\272\015\246\205\353\303\314"
 360      83697D64 
 360      54ECBA0D 
 360      A685EBC3 
 360      CC
 361 0b67 D68581AE 		.ascii	"\326\205\201\256\237|\272f^\360\242E*\377\205\013\003"
 361      9F7CBA66 
 361      5EF0A245 
 361      2AFF850B 
 361      03
 362 0b78 02622D01 		.ascii	"\002b-\001\306\330\350\350\330\230\000\202\267\004\004"
 362      C6D8E8E8 
 362      D8980082 
 362      B70404
 363 0b87 E95705AF 		.ascii	"\351W\005\257\332\030`\2140\306\232M\206\177\377-z\241"
 363      DA18608C 
 363      30C69A4D 
 363      867FFF2D 
 363      7AA1
 364 0b99 51F51B26 		.ascii	"Q\365\033&\313\362m\244\325\030a\370\312\034\033m\210"
 364      CBF26DA4 
 364      D51861F8 
 364      CA1C1B6D 
 364      88
 365 0baa B4987FE5 		.ascii	"\264\230\177\345\364\010\325\0346\335\2641\322:3\331"
 365      F408D51C 
 365      36DDB431 
 365      D23A33D9 
 366 0bba 2D746DB0 		.ascii	"-tm\260aeXLx\224\311\354\375SS\3373F\204\032#B,\253"
ARM GAS  /tmp/ccFMW7oS.s 			page 29


 366      6165584C 
 366      7894C9EC 
 366      FD5353DF 
 366      3346841A 
 367 0bd2 CD2653F4 		.ascii	"\315&S\364zkdl\214\336\364\315\206H\263)\334\311\260"
 367      7A6B646C 
 367      8CDEF4CD 
 367      8648B329 
 367      DCC9B0
 368 0be5 343636EA 		.ascii	"466\352\017\202n\2635 2\306\030\265!\334\004*-\306\210"
 368      0F826EB3 
 368      352032C6 
 368      18B521DC 
 368      042A2DC6 
 369 0bfa 7050A735 		.ascii	"pP\2475\0306D\306X?\374\300`\375s\300\006\213y\006\021"
 369      183644C6 
 369      583FFCC0 
 369      60FD73C0 
 369      068B7906 
 370 0c0f 63FA362A 		.ascii	"c\3726*\362\313\200\3500cDd\214)\300\020n\372*lC\224"
 370      F2CB80E8 
 370      30634464 
 370      8C29C010 
 370      6EFA2A6C 
 371 0c25 D560DDB4 		.ascii	"\325`\335\264\336d\201\211\256\342\264\371\216\246Y"
 371      DE648189 
 371      AEE2B4F9 
 371      8EA659
 372 0c34 3659020C 		.ascii	"6Y\002\014\026k8`\000\253\336\270\336bv5\233\326\205"
 372      166B3860 
 372      00ABDEB8 
 372      DE627635 
 372      9BD685
 373 0c47 99A30D56 		.ascii	"\231\243\015V\277_\014\005L\341\326\033\235\243\314"
 373      BF5F0C05 
 373      4CE1D61B 
 373      9DA3CC
 374 0c56 066B4438 		.ascii	"\006kD86/\372\2003\177\310\231\341s\021g\016t\023\342"
 374      362FFA80 
 374      337FC899 
 374      E1731167 
 374      0E7413E2 
 375 0c6a 63355A37 		.ascii	"c5Z7\252\215\021af\215\301\260\316d5\254\016]\355\036"
 375      AA8D1161 
 375      668DC1B0 
 375      CE6435AC 
 375      0E5DED1E 
 376 0c7e 16F56DD8 		.ascii	"\026\365m\330&\213!2&\012l\376\213\275\036\230A\264"
 376      268B2132 
 376      260A6CFE 
 376      8BBD1E98 
 376      41B4
 377 0c90 0404AF0A 		.ascii	"\004\004\257\012\015\011\015\010\0065\001!b4\242-\221"
 377      0D090D08 
 377      06350121 
 377      6234A22D 
 377      91
ARM GAS  /tmp/ccFMW7oS.s 			page 30


 378 0ca1 16C33AA3 		.ascii	"\026\303:\243\021\024\2034\013\223\346C\025m\210\211"
 378      11148334 
 378      0B93E643 
 378      156D8889 
 379 0cb1 8A357E2D 		.ascii	"\2125~-\245B6\350\316\240K\203B\227\257\326\207h\364"
 379      A54236E8 
 379      CEA04B83 
 379      4297AFD6 
 379      8768F4
 380 0cc4 CB4397EB 		.ascii	"\313C\227\353\327._\026\250\016\011\015\322\253W\255"
 380      D72E5F16 
 380      A80E090D 
 380      D2AB57AD 
 381 0cd4 5AA1C741 		.ascii	"Z\241\307A\313\364x\031|\257^\241W\007\255\010\325\253"
 381      CBF47819 
 381      7CAF5EA1 
 381      5707AD08 
 381      D5AB
 382 0ce6 97AE08D2 		.ascii	"\227\256\010\322;\301+\000,#\374J\362\021\014\037N\241"
 382      3BC12B00 
 382      2C23FC4A 
 382      F2110C1F 
 382      4EA1
 383 0cf8 2B8343F5 		.ascii	"+\203C\3658t\345j\015K\311G\006\253\213\360\215\203"
 383      3874E56A 
 383      0D4BC947 
 383      06AB8BF0 
 383      8D83
 384 0d0a 83E14DB0 		.ascii	"\203\341M\260\336)(D\037\254W\257\375\3743\275:\004"
 384      DE292844 
 384      1FAC57AF 
 384      FDFC33BD 
 384      3A04
 385 0d1c D04EC1AB 		.ascii	"\320N\301\253\327\204,\203\317\240`\375\342_\357-)6"
 385      D7842C83 
 385      CFA060FD 
 385      E25FEF2D 
 385      2936
 386 0d2e 63F46292 		.ascii	"c\364b\222\304\320\340\245\206\317!\243\336\324-;O5"
 386      C4D0E0A5 
 386      86CF21A3 
 386      DED42D3B 
 386      4F35
 387 0d40 3343FF03 		.ascii	"3C\377\003\346\200\021U"
 387      E6801155 
 388              		.text
 389              		.section	.gnu.lto_.symtab.407c6b261edaa859,"",%progbits
 390 0000 5356435F 		.ascii	"SVC_Handler\000"
 390      48616E64 
 390      6C657200 
 391 000c 00       		.ascii	"\000"
 392 000d 00       		.ascii	"\000"
 393 000e 00       		.ascii	"\000"
 394 000f 00000000 		.ascii	"\000\000\000\000\000\000\000\000"
 394      00000000 
 395 0017 B5000000 		.ascii	"\265\000\000\000"
 396 001b 5F706F72 		.ascii	"_port_irq_epilogue\000"
ARM GAS  /tmp/ccFMW7oS.s 			page 31


 396      745F6972 
 396      715F6570 
 396      696C6F67 
 396      756500
 397 002e 00       		.ascii	"\000"
 398 002f 00       		.ascii	"\000"
 399 0030 00       		.ascii	"\000"
 400 0031 00000000 		.ascii	"\000\000\000\000\000\000\000\000"
 400      00000000 
 401 0039 B7000000 		.ascii	"\267\000\000\000"
 402 003d 5F706F72 		.ascii	"_port_switch_from_isr\000"
 402      745F7377 
 402      69746368 
 402      5F66726F 
 402      6D5F6973 
 403 0053 00       		.ascii	"\000"
 404 0054 02       		.ascii	"\002"
 405 0055 00       		.ascii	"\000"
 406 0056 00000000 		.ascii	"\000\000\000\000\000\000\000\000"
 406      00000000 
 407 005e B1000000 		.ascii	"\261\000\000\000"
 408 0062 5F706F72 		.ascii	"_port_exit_from_isr\000"
 408      745F6578 
 408      69745F66 
 408      726F6D5F 
 408      69737200 
 409 0076 00       		.ascii	"\000"
 410 0077 02       		.ascii	"\002"
 411 0078 00       		.ascii	"\000"
 412 0079 00000000 		.ascii	"\000\000\000\000\000\000\000\000"
 412      00000000 
 413 0081 B3000000 		.ascii	"\263\000\000\000"
 414 0085 63685363 		.ascii	"chSchIsPreemptionRequired\000"
 414      68497350 
 414      7265656D 
 414      7074696F 
 414      6E526571 
 415 009f 00       		.ascii	"\000"
 416 00a0 02       		.ascii	"\002"
 417 00a1 00       		.ascii	"\000"
 418 00a2 00000000 		.ascii	"\000\000\000\000\000\000\000\000"
 418      00000000 
 419 00aa BF000000 		.ascii	"\277\000\000\000"
 420              		.text
 421              		.section	.gnu.lto_.opts,"",%progbits
 422 0000 272D666D 		.ascii	"'-fmath-errno' '-fsigned-zeros' '-ftrapping-math' '"
 422      6174682D 
 422      6572726E 
 422      6F272027 
 422      2D667369 
 423 0033 2D666E6F 		.ascii	"-fno-trapv' '-fno-openmp' '-fno-openacc' '-mcpu=cor"
 423      2D747261 
 423      70762720 
 423      272D666E 
 423      6F2D6F70 
 424 0066 7465782D 		.ascii	"tex-m4' '-mno-thumb-interwork' '-mthumb' '-ggdb' '-"
 424      6D342720 
ARM GAS  /tmp/ccFMW7oS.s 			page 32


 424      272D6D6E 
 424      6F2D7468 
 424      756D622D 
 425 0099 4F322720 		.ascii	"O2' '-fomit-frame-pointer' '-falign-functions=16' '"
 425      272D666F 
 425      6D69742D 
 425      6672616D 
 425      652D706F 
 426 00cc 2D666675 		.ascii	"-ffunction-sections' '-fdata-sections' '-fno-common"
 426      6E637469 
 426      6F6E2D73 
 426      65637469 
 426      6F6E7327 
 427 00ff 2720272D 		.ascii	"' '-flto'\000"
 427      666C746F 
 427      2700
 428              		.text
 429              		.comm	__gnu_lto_v1,1,1
 430              		.comm	__gnu_lto_slim,1,1
 431              		.ident	"GCC: (15:6.3.1+svn253039-1build1) 6.3.1 20170620"
ARM GAS  /tmp/ccFMW7oS.s 			page 33


DEFINED SYMBOLS
                            *ABS*:0000000000000000 chcore_v7m.c
                            *COM*:0000000000000001 __gnu_lto_v1
                            *COM*:0000000000000001 __gnu_lto_slim

NO UNDEFINED SYMBOLS
