ARM GAS  /tmp/ccv43zLX.s 			page 1


   1              		.cpu cortex-m4
   2              		.eabi_attribute 20, 1
   3              		.eabi_attribute 21, 1
   4              		.eabi_attribute 23, 3
   5              		.eabi_attribute 24, 1
   6              		.eabi_attribute 25, 1
   7              		.eabi_attribute 26, 1
   8              		.eabi_attribute 30, 2
   9              		.eabi_attribute 34, 1
  10              		.eabi_attribute 18, 4
  11              		.file	"chdynamic.c"
  12              		.text
  13              	.Ltext0:
  14              		.section	.gnu.lto_.profile.5a3e3d7a29799753,"",%progbits
  15 0000 789C6365 		.ascii	"x\234ce`b`a```d\3100\000\000\001\200\000\245"
  15      60626061 
  15      60606064 
  15      C8300000 
  15      018000A5 
  16              		.text
  17              		.section	.gnu.lto_.icf.5a3e3d7a29799753,"",%progbits
  18 0000 789C6365 		.ascii	"x\234ce`b\340e@\000&\206\215\273;+\030\267L\\\367\225"
  18      6062E065 
  18      40002686 
  18      8DBB3B2B 
  18      18B74C5C 
  19 0016 89010026 		.ascii	"\211\001\000&l\005o"
  19      6C056F
  20              		.text
  21              		.section	.gnu.lto_.jmpfuncs.5a3e3d7a29799753,"",%progbits
  22 0000 789C6365 		.ascii	"x\234ce`bX\312\200\000L\014l\214``\317X\017\002,\014"
  22      606258CA 
  22      80004C0C 
  22      6C8C6060 
  22      CF580F02 
  23 0016 8C8C1D4C 		.ascii	"\214\214\035L\323\231\031\267\0349\336\306\321\307<"
  23      D39919B7 
  23      1C39DEC6 
  23      D1C73C
  24 0025 9F1928C0 		.ascii	"\237\031(\300\270\234Q\206\201\021(\270\376\315\316"
  24      B89C5186 
  24      811128B8 
  24      FECDCE
  25 0034 9FBC2041 		.ascii	"\237\274 AFF\006\306\025@A\240~\006F\026\0066\246J\006"
  25      464606C6 
  25      154041A0 
  25      7E064616 
  25      0636A64A 
  26 0049 4620A712 		.ascii	"F \247\022H\200\025\316\332\375\345\024+H!\023#\007"
  26      488015CE 
  26      DAFDE514 
  26      2B482113 
  26      2307
  27 005b E34A9042 		.ascii	"\343J\220BFV\2605\362\250\266\034\375\377\375\000?\304"
  27      4656B035 
  27      F2A8B61C 
  27      FDFFFD00 
ARM GAS  /tmp/ccv43zLX.s 			page 2


  27      3FC4
  28 006d 1626C655 		.ascii	"\026&\306U [\220\215e\202\030\313\000\000\206S \273"
  28      205B908D 
  28      658218CB 
  28      00008653 
  28      20BB
  29              		.text
  30              		.section	.gnu.lto_.inline.5a3e3d7a29799753,"",%progbits
  31 0000 789C6365 		.ascii	"x\234ce`b\010g@\000&\006\011)#F\006&\211\025[\030\031"
  31      60620867 
  31      40002606 
  31      09292346 
  31      06268915 
  32 0017 D816C833 		.ascii	"\330\026\3103\201\004\231y\200\022\023\374\3004#\003"
  32      81049979 
  32      801213FC 
  32      C0342303 
  33 0027 2B1F5064 		.ascii	"+\037Pd\202\037\220\317\010Q+}\355\024#\003\373-5,j"
  33      821F90CF 
  33      08512B7D 
  33      ED142303 
  33      FB2D352C 
  34 003c C1249007 		.ascii	"\301$\220\007\000\374\215\012\357"
  34      00FC8D0A 
  34      EF
  35              		.text
  36              		.section	.gnu.lto_.pureconst.5a3e3d7a29799753,"",%progbits
  37 0000 789C6365 		.ascii	"x\234ce`b`g`\000\222\273\030\031w1\002\000\005\355\001"
  37      60626067 
  37      600092BB 
  37      18197731 
  37      020005ED 
  38 0015 88       		.ascii	"\210"
  39              		.text
  40              		.section	.gnu.lto_chThdCreateFromHeap.5a3e3d7a29799753,"",%progbits
  41 0000 789C8595 		.ascii	"x\234\205\225\177LSW\024\307\357y\367\265\357A\001\305"
  41      7F4C5357 
  41      14C7EF79 
  41      F7B5EF41 
  41      01C5
  42 0012 31E78833 		.ascii	"1\347\2103\230\215\210\211\362\226ef.\331\037[\370g"
  42      988D8889 
  42      F2966566 
  42      2ED91F5B 
  42      F867
  43 0024 FE41B2E8 		.ascii	"\376A\262\350\376\\bX\351\204d\265M\213S\367\017\217"
  43      FE5C6258 
  43      E98464B5 
  43      4D8B53F7 
  43      0F8F
  44 0036 82BFC614 		.ascii	"\202\277\306\024u\023ik\367\032\215\021\307PAd2D;\300"
  44      7513696B 
  44      F71A8D11 
  44      C7504164 
  44      32443BC0 
  45 004a 5FF80B51 		.ascii	"_\370\013Q\334\024D\264\340\206(\231\006\335f\246\356"
  45      DC1444B4 
ARM GAS  /tmp/ccv43zLX.s 			page 3


  45      E0862899 
  45      06DD66A6 
  45      EE
  46 005b 9CDB8781 		.ascii	"\234\333\207\201b\266&\015}\357~\277\347\234{\316\347"
  46      62B6260D 
  46      7DEF7EBF 
  46      E79C7BCE 
  46      E7
  47 006c 5E2C4C62 		.ascii	"^,Lb\213T\306\372\031c\013\360\013\026\006\322\346\363"
  47      8B54C6FA 
  47      19630BF0 
  47      0B1606D2 
  47      E6F3
  48 007e 8C95A892 		.ascii	"\214\225\250\222$wp\246'\362\023\035\214\351I\034\344"
  48      247770A6 
  48      27F2131D 
  48      8CE9491C 
  48      E4
  49 008f D87B1980 		.ascii	"\330{\031\200~\350*\260b\211\313P\014\025|;\207\213"
  49      7EE82AB0 
  49      6289CB50 
  49      0C157C3B 
  49      878B
  50 00a1 650776F0 		.ascii	"e\007v\360M\334\340\014d|\274\177.\020M\241G\200\014"
  50      4DDCE00C 
  50      647CBC7F 
  50      2E104DA1 
  50      47800C
  51 00b4 7C0CEA5D 		.ascii	"|\014\352]\033\224\271{t\335\247G\266_\266\006\353;"
  51      1B94B97B 
  51      74DDA747 
  51      B65FB606 
  51      EB3B
  52 00c6 F504834B 		.ascii	"\365\004\203K\314\217\362j\230\011{`&e\337\013sQ\334"
  52      CC8FF26A 
  52      98097B60 
  52      2665DF0B 
  52      7351DC
  53 00d9 3052F520 		.ascii	"0R\365 \201\277\006\014\177\007*\006\015\313\234\335"
  53      81BF060C 
  53      7F072A06 
  53      0DCB9CDD 
  54 00e9 C238BA8D 		.ascii	"\3028\272\215\353o\030\234\303\367\300\307\033\361\025"
  54      EB6F189C 
  54      C3F7C0C7 
  54      1BF115
  55 00f8 831A9883 		.ascii	"\203\032\230\203\362\235%\335g\222\371\353\302\272\256"
  55      F29D25DD 
  55      6792F9EB 
  55      C2BAAE
  56 0107 B66528C5 		.ascii	"\266e(\305\264\016l\027V\031~\210\267\312\014j\205\325"
  56      B40E6C17 
  56      56197E88 
  56      B7CA0C6A 
  56      85D5
  57 0119 77ABF10A 		.ascii	"w\253\361\012\360,a\015w\207W\232\316\276\300\364m\245"
  57      F02C610D 
ARM GAS  /tmp/ccv43zLX.s 			page 4


  57      7787579A 
  57      CEBEC0F4 
  57      6DA5
  58 012b FA8706B7 		.ascii	"\372\207\006\267\300\276x/6k\277\360\326\370~\273\307"
  58      C0BE782F 
  58      366BBFF0 
  58      D6F87EBB 
  58      C7
  59 013c F97CE1DD 		.ascii	"\371|\341\335p\372IT1\315gci\255p \336jeP'\254g\357"
  59      70FA4954 
  59      31CD6763 
  59      69AD7020 
  59      DE6A6550 
  60 0154 341F52F9 		.ascii	"4\037R\371[\302\372\354\360\356G6\323z;0\353[\221W\201"
  60      5BC2FAEC 
  60      F0EE4736 
  60      D37A3B30 
  60      EB5B9157 
  61 0169 FA78B3C2 		.ascii	"\372x\263\302\340\2400\017\353\345-\300\027\010s\367"
  61      E0A0300F 
  61      EBE52DC0 
  61      170873F7 
  62 0179 95BD1F8F 		.ascii	"\225\275\037\217\245\255\024iUh\210w\252\014\016\301"
  62      A5AD1469 
  62      55688877 
  62      AA0C0EC1 
  63 0189 1C928F94 		.ascii	"\034\222\217\224\015\366\333b\363\232\201\217\007\216"
  63      0DF6DB62 
  63      F39A818F 
  63      078E
  64 0197 94DD33E7 		.ascii	"\224\3353\347\025\001|\276z\363\310H\"\177WD\256\035"
  64      15017CBE 
  64      7AF3C848 
  64      227F5744 
  64      AE1D
  65 01a9 E85D91B9 		.ascii	"\350]\221\271K\217\350zd$8k\253\256\237\322e\203'\300"
  65      4B8FE87A 
  65      6424386B 
  65      ABAE9FD2 
  65      658327C0 
  66 01bd E158F41F 		.ascii	"\341X\364\0371z\243\230\037#ud8Z#\363\367\2043\272\361"
  66      317AA398 
  66      1F237564 
  66      385A23F3 
  66      F78433BA 
  67 01d2 78858C56 		.ascii	"x\205\214V*\352Q`\332\226\322\230U\205\237&\026fZ\333"
  67      2AEA5160 
  67      DA96D298 
  67      55859F26 
  67      16665ADB 
  68 01e6 07FFE9B2 		.ascii	"\007\377\351\262\361\367\205\265\244&\270#\311\264\216"
  68      F1F785B5 
  68      A426B823 
  68      C9B48E
  69 01f5 04D2C7AC 		.ascii	"\004\322\307\254\022\034y\241\365V\335\323m\311V\031"
  69      121C79A1 
  69      F556DDD3 
ARM GAS  /tmp/ccv43zLX.s 			page 5


  69      6DC95619 
  70 0205 5A20139A 		.ascii	"Z \023\232\361\333\004\231\004\0272u\024\254\300\030"
  70      F1DB0499 
  70      04173275 
  70      14ACC018 
  71 0215 1FBFB2BF 		.ascii	"\037\277\262\277\013\"\372\323g\353\260\313\351#\243"
  71      0B22FAD3 
  71      67EBB0CB 
  71      E923A3
  72 0224 0F53D301 		.ascii	"\017S\323\001[#!\330\010\221\005\210\007\3540jU\240"
  72      5B2321D8 
  72      08910588 
  72      07EC306A 
  72      55A0
  73 0236 F9DA7031 		.ascii	"\371\332p11\031h^S\200\032\237\012\324\3044F!\031\373"
  73      3119685E 
  73      53801A9F 
  73      0AD4C434 
  73      462119FB 
  74 024a 0AB3D081 		.ascii	"\012\263\320\201(G\234\361/\037\206\265\341\350F\205"
  74      28479CF1 
  74      2F1F86B5 
  74      E1E84685 
  75 025a F286B882 		.ascii	"\362\206\270\202\24555\335\355Q\212\237\350\252\301"
  75      A53535DD 
  75      ED518A9F 
  75      E8AAC1
  76 0269 6D7E8EB5 		.ascii	"m~\216\265\3001(f!.\207\270\205\010o\036\355\260P\347"
  76      C0312866 
  76      212E87B8 
  76      85086F1E 
  76      EDB050E7 
  77 027d 9340C5DE 		.ascii	"\223@\305\336\3174x2\033\004_\206(\034\213\300 l\000"
  77      CF347832 
  77      1B045F86 
  77      281C8BC0 
  77      206C00
  78 0290 CAAEB59D 		.ascii	"\312\256\265\235\017&\231A!;\266\357r\004\037O'\037"
  78      0F269941 
  78      213BB6EF 
  78      72041F4F 
  78      271F
  79 02a2 025F60A8 		.ascii	"\002_`\250%j\243e\214\270\271\362\273rE\233O\310\342"
  79      256AA365 
  79      8CB8B9F2 
  79      BB72459B 
  79      4FC8E2
  80 02b5 66ABA80B 		.ascii	"f\253\250\013\014~\006-\204\343GieB\274.1\246\003\322"
  80      0C7E062D 
  80      84E34769 
  80      6542BC2E 
  80      31A603D2 
  81 02c9 B5924E41 		.ascii	"\265\222NA]\351\216\265\033\233\322b\031m\370\012\253"
  81      5DE98EB5 
  81      1B9BD262 
  81      196DF80A 
  81      AB
ARM GAS  /tmp/ccv43zLX.s 			page 6


  82 02da 15EE1725 		.ascii	"\025\356\027%2\003H\024\240\215\002\330H\032\230\224"
  82      32034814 
  82      A08D02D8 
  82      481A9894 
  83 02ea C81AD389 		.ascii	"\310\032\323\211\271\264\223.\371\305:%\246\223Iw\234"
  83      B9B4932E 
  83      F9C53A25 
  83      A6934977 
  83      9C
  84 02fb 745326E8 		.ascii	"tS&\350F\253\357\367\000\351\324\230\316B\272\023\244"
  84      46ABEFF7 
  84      00E9D498 
  84      CE42BA13 
  84      A4
  85 030c 4BC5D649 		.ascii	"K\305\326I\304\303\356\216\256c6\236#P\032\255\252\253"
  85      C4C3EE8E 
  85      AE63369E 
  85      23501AAD 
  85      AAAB
  86 031e 4E3051BA 		.ascii	"N0Q\272\341\317\012\224\236\371Z\017\373\246\032<\005"
  86      E1CF0A94 
  86      9EF95A0F 
  86      FBA61A3C 
  86      05
  87 032f 4E4E8609 		.ascii	"NN\206\011NA&\335\036Cz\213LcI\201\0148\215kw\360\206"
  87      4E4126DD 
  87      1E437A8B 
  87      4C634981 
  87      0C388D6B 
  88 0346 3858D170 		.ascii	"8X\321p\003\236\323V\246\343'\362\315aE@\346\347\022"
  88      039ED356 
  88      A6E327F2 
  88      CD614540 
  88      E6E712
  89 0359 8B5BBA54 		.ascii	"\213[\272T;\357\023\006\035\264\306\343\327z\374YAN"
  89      3BEF1306 
  89      1DB4C6E3 
  89      D77AFC59 
  89      414E
  90 036b B9189C21 		.ascii	"\271\030\234!\201<\216b\006g\301\212\225\234#t\201\035"
  90      813C8E62 
  90      0667C18A 
  90      959C2374 
  90      811D
  91 037d A7943B8D 		.ascii	"\247\224;\215\372\277\022g_\001C\257\3120\260\037t."
  91      FABF1267 
  91      5F0143AF 
  91      CA30B01F 
  91      742E
  92 038f A3CDBA2A 		.ascii	"\243\315\272*c\323\341<\314\026\247\340\217\273\227"
  92      63D3E13C 
  92      CC16A7E0 
  92      8FBB97
  93 039e 7B247C03 		.ascii	"{$|\003\027@\026E3\350\024\327q\365\321\266\301\244"
  93      17401645 
  93      33E814D7 
  93      71F5D1B6 
ARM GAS  /tmp/ccv43zLX.s 			page 7


  93      C1A4
  94 03b0 D9574DF7 		.ascii	"\331WM\367T\322>\330W\337m\023\356\213\344\206.\220"
  94      54D23ED8 
  94      57DF6D13 
  94      EE8BE486 
  94      2E90
  95 03c2 0577A201 		.ascii	"\005w\242\001\214\015CY\177\371\3656\210\001\2206\221"
  95      8C0D4359 
  95      7FF9F536 
  95      88019036 
  95      91
  96 03d3 E3543FF5 		.ascii	"\343T?\365\034.!\307\270p{\313\226\015\034\027\360\023"
  96      1C2E21C7 
  96      B8707BCB 
  96      960D1C17 
  96      F013
  97 03e5 7E0C069F 		.ascii	"~\014\006\237FS!\037\203\313Pl\360\227(n8]\000\335B"
  97      4653211F 
  97      83CB506C 
  97      F097286E 
  97      385D00DD 
  98 03fa 40A7D134 		.ascii	"@\247\3214G\177\357\333\245\230\003\255\\\323zA\241"
  98      477FEFDB 
  98      A59803AD 
  98      5CD37A41 
  98      A1
  99 040b 664B6260 		.ascii	"fKb`\177\236\354X\237d@\250\204\"N7x\032Z\240\233\266"
  99      7F9EEC58 
  99      9F6440A8 
  99      84224E37 
  99      781A5AA0 
 100 0421 43931DF0 		.ascii	"C\223\035\360\355S\264Z\312\206[y\031\260%P\205\367"
 100      ED53B45A 
 100      CA865B79 
 100      19B02550 
 100      85F7
 101 0433 29D6F30B 		.ascii	")\326\363\013h\364\357\243\375\344Z\225\202M\007\200"
 101      68F4EFA3 
 101      FDE45A95 
 101      824D0780 
 102 0443 5FD1350C 		.ascii	"_\3215\014k\302\3176qQ\321\304}\274\342'#\\\025\347"
 102      6BC2CF36 
 102      7151D1C4 
 102      7DBCE227 
 102      235C15E7 
 103 0457 91F6B8FF 		.ascii	"\221\366\270\377n\323\337\311\344\235\201\215\277F\207"
 103      6ED3DFC9 
 103      E49D818D 
 103      BF4687
 104 0466 F1D531A2 		.ascii	"\361\3251\242\342(\012\375\017E=\202\242\347\033K\301"
 104      E2280AFD 
 104      0F453D82 
 104      A2E71B4B 
 104      C1
 105 0477 78BDFF45 		.ascii	"x\275\377EQ\347\030E\312\004\020\256\023\010\223\260"
 105      51E71845 
 105      CA0410AE 
ARM GAS  /tmp/ccv43zLX.s 			page 8


 105      130893B0 
 106 0487 CA5ACAA0 		.ascii	"\312Z\312\240\217\304\352d\254\336\016qJ\316\340\306"
 106      8FC4EA64 
 106      ACDE0E71 
 106      4ACEE0C6 
 107 0497 64ACFA05 		.ascii	"d\254\372\005V7\307a\365\324\270y\3246FL\257 \346\226"
 107      5637C761 
 107      F5D4B879 
 107      D436464C 
 107      AF20E696 
 108 04ab 20261E8F 		.ascii	" &\036\217\350s<(\270\270|dq\337\015Ak\257\240\204\246"
 108      E8733C28 
 108      B8B87C64 
 108      71DF0D41 
 108      6BAFA084 
 109 04c0 8E467F7F 		.ascii	"\216F\177\177d\253ea\243\276\036IH`0\000\013\331=\354"
 109      64AB6561 
 109      A3BE1E49 
 109      48603000 
 109      0BD93DEC 
 110 04d4 60485C2F 		.ascii	"`H\\/\017q$8H\251\2573\270\020;\316\257=\356\004\274"
 110      0F712438 
 110      48A9AF33 
 110      B8103BCE 
 110      AF3DEE04 
 111 04e9 41812261 		.ascii	"A\201\"a\256\364\354lMsy5O\221\346\365\3305{A\376\352"
 111      AEF4EC6C 
 111      4D737935 
 111      4F91E6F5 
 111      D8357B41 
 112 04ff E579CE42 		.ascii	"\345y\316B{\266\235Y\012\034yn\267\354-\374\322!\343"
 112      7BB69D59 
 112      0A1C796E 
 112      B7EC2DFC 
 112      D221E3
 113 0512 3B87ECF6 		.ascii	";\207\354\366\024\272$\367g<\317\263L*\312\347+\275"
 113      14BA24F7 
 113      673CCFB3 
 113      4C2ACAE7 
 113      2BBD
 114 0524 6EA9C8AD 		.ascii	"n\251\310\255|\232\347u|\344)\3142\003\331]N\247k\271"
 114      7C9AE775 
 114      7CE429CC 
 114      3203D95D 
 114      4EA76BB9 
 115 0538 E676798A 		.ascii	"\346vy\212\274\332\007\213ssrWaT\273\313\343X\372\305"
 115      BCDA078B 
 115      73737257 
 115      6154BBCB 
 115      E358FAC5 
 116 054c 3BCEEC02 		.ascii	";\316\354\002\266`\242\320\261\252\210dZN\356\222EK"
 116      B660A2D0 
 116      B1AA8864 
 116      5A4EEE92 
 116      454B
 117 055e B41CD469 		.ascii	"\264\034\324i\213\226\333?_\221\357\320\354No\241w\351"
 117      8B96DB3F 
ARM GAS  /tmp/ccv43zLX.s 			page 9


 117      5F91EFD0 
 117      EC4E6FA1 
 117      77E9
 118 0570 32BB1D5D 		.ascii	"2\273\035]\343\352,\034[.\360\256\366\342\322\324\334"
 118      E3EA2C1C 
 118      5B2EF0AE 
 118      F6E2D2D4 
 118      DC
 119 0581 258B33A8 		.ascii	"%\2133\250\012\254o^F\346\233L\3620\305\351p\272<\253"
 119      0AAC6F5E 
 119      46E69B4C 
 119      F230C5E9 
 119      70BA3CAB 
 120 0595 D9BFCC04 		.ascii	"\331\277\314\004\333\272"
 120      DBBA
 121              		.text
 122              		.section	.gnu.lto_chThdCreateFromMemoryPool.5a3e3d7a29799753,"",%progbits
 123 0000 789C8594 		.ascii	"x\234\205\224\177LSW\024\307\357y\367\321WZ\020\177"
 123      7F4C5357 
 123      14C7EF79 
 123      F7D1575A 
 123      107F
 124 0012 30E7182E 		.ascii	"0\347\030.5Y#\032\345m\211f$\373k\361\237\371\007\311"
 124      3559231A 
 124      E56D8966 
 124      24FB6BF1 
 124      9FF907C9 
 125 0026 A2FB67C9 		.ascii	"\242\373g\311\022\243\225)\311jI\213S\377\342Zp\352"
 125      12A39529 
 125      C96A498B 
 125      53FFE25A 
 125      70EA
 126 0038 D8FCB588 		.ascii	"\330\374\265\210\024\354^\243!\"(*S\006\"\332\211\370"
 126      14EC5EA3 
 126      2122282A 
 126      530622DA 
 126      89F8
 127 004a 03150585 		.ascii	"\003\025\005\205\251 ?,e\242h\346\346\346f\246\356\234"
 127      A9203F2C 
 127      65A268E6 
 127      E6E666A6 
 127      EE9C
 128 005c DB42A010 		.ascii	"\333B\240\020G\002\274\367\316\367{\356\271\347|\356"
 128      4702BCF7 
 128      CEF77BEE 
 128      B9E77CEE 
 129 006c 8D630ADB 		.ascii	"\215c\012\333gf\354\026cl!\376B\034\003eG\013c\033\315"
 129      6766EC16 
 129      636C21FE 
 129      421C0365 
 129      470B631B 
 130 0081 8AA23673 		.ascii	"\212\2426s&,\374|3c\"\201\203\032\371\256\002\320\203"
 130      262CFC7C 
 130      33632281 
 130      831AF9AE 
 130      02D083
 131 0094 3003CB53 		.ascii	"0\003\313S\270\012y\260\235\357\341\320Zpt/\337\306"
ARM GAS  /tmp/ccv43zLX.s 			page 10


 131      B80A79B0 
 131      9DEFE1D0 
 131      5A70742F 
 131      DFC6
 132 00a6 0DCE40C5 		.ascii	"\015\316@\305\327'WKB\223\350\025\300\206\257\245\242"
 132      D727574B 
 132      4293E815 
 132      C086AFA5 
 132      A2
 133 00b7 6DAB36E7 		.ascii	"m\2536\347\200\020^\021\334\323f)\255\276.\342\015\256"
 133      80105E11 
 133      DCD36629 
 133      ADBE2EE2 
 133      0DAE
 134 00c9 301FCACB 		.ascii	"0\037\312\313!\025\016@*\255~\020\346\240\370~\355\371"
 134      21150E40 
 134      2AAD7E10 
 134      E6A0F87E 
 134      EDF9
 135 00db 2D663E13 		.ascii	"-f>\023\030>\367\365>\2319\273L\372\372\213\270x\327"
 135      183EF7F5 
 135      3E9939BB 
 135      4CFAFA8B 
 135      B878D7
 136 00ee E01C2A80 		.ascii	"\340\034*\200\217\366\341'\006\2250\033\325\336{5\035"
 136      8FF6E127 
 136      0695301B 
 136      D5DE7B35 
 136      1D
 137 00ff C06DD219 		.ascii	"\300m\322\031h\017\254\033v\316\360\211\240j`\261\207"
 137      680FAC1B 
 137      76CEF089 
 137      A06A60B1 
 137      87
 138 0110 62AD2A83 		.ascii	"b\255*\203\303\322Z\351\375\365\021\347vi\335z\351E"
 138      C3D25AE9 
 138      FDF511E7 
 138      7669DD7A 
 138      E945
 139 0122 488B7A3B 		.ascii	"H\213z;*Rv\347\213\217\015\036\007U\261fl\326\021i\276"
 139      2A5276E7 
 139      8B8F0D1E 
 139      0755B166 
 139      6CD61169 
 140 0137 F2A0FE84 		.ascii	"\362\240\376\204\231\317\225\346W\265e\177Y\243\346"
 140      99CF95E6 
 140      57B5657F 
 140      59A3E6
 141 0146 AE3DB264 		.ascii	"\256=\262d\023\034\215\265\232\030\034\223\326\207\242"
 141      131C8DB5 
 141      9A181C93 
 141      D687A2
 142 0155 B001F87C 		.ascii	"\260\001\370|im\3578\370i\3249\024-Y\203\352X\253\306"
 142      696DEF38 
 142      F869D439 
 142      142D5983 
 142      EA58ABC6 
ARM GAS  /tmp/ccv43zLX.s 			page 11


 143 0169 E047984D 		.ascii	"\340G\230M\372\307\005\341^k\244\3473\360\365\350\251"
 143      FAC705E1 
 143      5E6BA4E7 
 143      33F0F5E8 
 143      A9
 144 017a 8247D19E 		.ascii	"\202G\321\236\007\001\337o\367\235zl\341\357\313\324"
 144      0701DF6F 
 144      F79D7A6C 
 144      E1EFCBD4 
 145 018a 87FBBBD6 		.ascii	"\207\373\273\326\332\367\213\240\020\301\307\225\357"
 145      DAF78BA0 
 145      10C1C795 
 145      EF
 146 0197 EC12E2A2 		.ascii	"\354\022\342\242\300\354f\250\211d?\201\331\217\313"
 146      C0EC66A8 
 146      89643F81 
 146      D98FCB
 147 01a6 19305207 		.ascii	"\0310R\007\037\206*U\276@:C\3375mW\321JU\015TL\335\231"
 147      1F862A55 
 147      BE403A43 
 147      DF356D57 
 147      D14A550D 
 148 01be 1FB16A50 		.ascii	"\037\261jP;\266\260\250\365\\\370\3376+\317\220\326"
 148      3BB6B0A8 
 148      F55CF8DF 
 148      362BCF90 
 148      D6
 149 01cf 8D95A57B 		.ascii	"\215\225\245{\023\242\326\356\212\224a\253\002''\264"
 149      13A2D6EE 
 149      8A9461AB 
 149      022727B4 
 150 01df DE3BF672 		.ascii	"\336;\366rw\242I\205z\260C\035\330\367\243\342'\260"
 150      77A24985 
 150      7AB0431D 
 150      D8F7A3E2 
 150      27B0
 151 01f1 132388C6 		.ascii	"\023#\210\306)0\001c|8H\221#m\020\024/_m\306!\315-i"
 151      29300163 
 151      7C384891 
 151      236D1014 
 151      2F5F6DC6 
 152 0209 1CA852DE 		.ascii	"\034\250R\336\006l\217\202\200\"\015\330`\224i@\343"
 152      066C8F82 
 152      80220DD8 
 152      60946940 
 152      E3
 153 021a B5E0E778 		.ascii	"\265\340\347x+\376\261$\002M,\011\250\371S\200\372\230"
 153      2BFEB124 
 153      024D2C09 
 153      A8F95380 
 153      FA98
 154 022c CC282563 		.ascii	"\314(%c\337\340*\304u!R\211\377\371C(\010\204vk\264"
 154      DFE02AC4 
 154      75215289 
 154      FFF94328 
 154      0884766B 
 155 0241 AE9F9BB0 		.ascii	"\256\237\233\260\272\272\272\241N-\357\2050\033\334"
ARM GAS  /tmp/ccv43zLX.s 			page 12


 155      BABABAA1 
 155      4E2DEF85 
 155      301BDC
 156 0250 EAE3580B 		.ascii	"\352\343X\0134@\036\363s\334P\002\013\203\327&K\304"
 156      34401EF3 
 156      73DC5002 
 156      0B83D726 
 156      4BC4
 157 0262 3551CEFA 		.ascii	"5Q\316\372\241\340NcKeB\324\016\351\221M\026\"\252x"
 157      A1E04E63 
 157      4B6542D4 
 157      0EE9914D 
 157      1622AA78 
 158 0276 9CF82078 		.ascii	"\234\370 xK\006\033\302V\012c\352\035E?\024j\372|\002"
 158      4B061BC2 
 158      560A63EA 
 158      1D453F14 
 158      6AFA7C02 
 159 028a 14B7554C 		.ascii	"\024\267UL\373ep\032t?\316\032\245E\361\261:KD\007\244"
 159      FB65701A 
 159      743FCE1A 
 159      A545F1B1 
 159      3A4B4407 
 160 029f 3B433A13 		.ascii	";C:\023\351N\016^\014O\213\254hAu\321\246\263\3274\302"
 160      E94E0E5E 
 160      0C4F8BAC 
 160      684175D1 
 160      A6B3D734 
 161 02b4 81CB613C 		.ascii	"\201\313a<\273\320\274%\301\000\377F!\204\315\340\211"
 161      BBD0BC25 
 161      C100FF46 
 161      2184CDE0 
 161      89
 162 02c5 58396292 		.ascii	"X9b\222*;_\326\357\255\322\364\303\"\022\232\004?\203"
 162      2A3B5FD6 
 162      EFADD2F4 
 162      C322129A 
 162      043F83
 163 02d8 01C5D808 		.ascii	"\001\305\330\010L\177\026t\314\235\277\367\353\317\""
 163      4C7F1674 
 163      CC9DBFF7 
 163      EBCF22
 164 02e7 99ADB818 		.ascii	"\231\255\270\030\346\227uM\264\205hirf\215T\232\225"
 164      E697754D 
 164      B4856869 
 164      72668D54 
 164      9A95
 165 02f9 A425E3B6 		.ascii	"\244%\343\266\020\027\321\251\244;G\272\304\211u\246"
 165      1017D1A9 
 165      A43B47BA 
 165      C48975A6 
 166 0309 882E8E74 		.ascii	"\210.\216tM\244K\032\243{Z\376\244\023H\247Et&\322\235"
 166      4DA44B1A 
 166      A37B5AFE 
 166      A41348A7 
 166      457426D2 
 167 031e 27DD141C 		.ascii	"'\335\024\034\212\"7\327\334v\306\312?\224MxZ|\254<"
ARM GAS  /tmp/ccv43zLX.s 			page 13


 167      8A2237D7 
 167      DC76C6CA 
 167      3F944D78 
 167      5A7CAC3C 
 168 0332 3E4A644F 		.ascii	">JdOqZI\376\345oE\300;\331\340Ipa<\223p\021\354h\332"
 168      715A49FE 
 168      E56F45C0 
 168      3BD9E049 
 168      70613C93 
 169 034b 3C281A54 		.ascii	"<(\032Tjd\022\330\340\022\306\036\340E\363\307\266\343"
 169      6A6412D8 
 169      E012C61E 
 169      E045F3C7 
 169      B6E3
 170 035d 3D30026D 		.ascii	"=0\002m\001\265.\370}\255U\202\352\343\012\213\011\335"
 170      01B52EF8 
 170      7DAD5582 
 170      EAE30A8B 
 170      09DD
 171 036f 3834EF73 		.ascii	"84\357s\006\315\024\343\261\261\316\342\264RNk1\270"
 171      06CD14E3 
 171      B1B1CEE2 
 171      B4524E6B 
 171      31B8
 172 0381 4C0275D4 		.ascii	"L\002u\324a`p\005pOp\225\360\007\326@K\3563\252\377"
 172      61607005 
 172      704F7095 
 172      F007D640 
 172      4BEE33AA 
 173 0396 B6CC6A01 		.ascii	"\266\314j\001C\024\343\264&\313\343\035\252\027f\025"
 173      4314E3B4 
 173      26CBE31D 
 173      AA176615 
 174 03a6 07062D30 		.ascii	"\007\006-0K\216\364\267\241\233\235\012~\201k\240\312"
 174      4B8EF4B7 
 174      A19B9D0A 
 174      7E816BA0 
 174      CA
 175 03b7 A2195C97 		.ascii	"\242\031\\\2277s\371\351\306p\302\254\326\250{\012i"
 175      3773F9E9 
 175      C670C2AC 
 175      D6A87B0A 
 175      69
 176 03c8 7FAFAA6E 		.ascii	"\177\257\252n\267Jw+\271\241\015TI\264l\000cx\024z\013"
 176      B74A772B 
 176      B9A10D54 
 176      49B46C00 
 176      6378147A 
 177 03dd EF364104 		.ascii	"\3576A\004\200\344\261ga\252\217f\0037\360,```\347\316"
 177      80E4B167 
 177      61AA8F66 
 177      0337F02C 
 177      606060E7 
 178 03f2 AD1C03F8 		.ascii	"\255\034\003\370\023x\016\006\237FS!\037\203\233\220"
 178      13780E06 
 178      9F465321 
 178      1F839B90 
ARM GAS  /tmp/ccv43zLX.s 			page 14


 179 0402 67F064CA 		.ascii	"g\360d\312\033H\221G\245\236\216J2M\363\351\375\356"
 179      1B489147 
 179      A59E8E4A 
 179      324DF3E9 
 179      FDEE
 180 0414 322D3AD0 		.ascii	"2-:\320\021j\225q\324\006\246\033\374\015\264@\373\204"
 180      116A9571 
 180      D406A61B 
 180      FC0DB440 
 180      FB84
 181 0426 D84E870E 		.ascii	"\330N\207\016\211\255F\223\373\005t\0244\275z\026L\242"
 181      89AD4693 
 181      FB057414 
 181      34BD7A16 
 181      4CA2
 182 0438 646F8202 		.ascii	"do\202\002\267\320%\017^\317\310b\257\315~\267!T\303"
 182      B7D0250F 
 182      5ECFC862 
 182      AFCD7EB7 
 182      2154C3
 183 044b 47B26B70 		.ascii	"G\262kp[f7S\366;\004\230\212\215\331\024\330\217J\332"
 183      5B663753 
 183      F63B0498 
 183      8A8DD914 
 183      D88F4ADA 
 184 045f DFD8AECC 		.ascii	"\337\330\256\314\360\021\211\320)o\010\352\330\221\241"
 184      F01189D0 
 184      296F08EA 
 184      D891A1
 185 046e BA7F12A9 		.ascii	"\272\177\022\251\222\267p\214]\220j\360\224a>c\230\364"
 185      92B7708C 
 185      5D906AF0 
 185      94613E63 
 185      98F4
 186 0480 FF0F9377 		.ascii	"\377\017\223w%\223#mJ\302|\335\257c\262m\230Im\014V"
 186      2593236D 
 186      4AC27CDD 
 186      AF63B26D 
 186      98496D0C 
 187 0495 3D84D538 		.ascii	"=\204\3258H\323\2261\350%\261y<\244\013\374\234\026"
 187      48D39631 
 187      E825B179 
 187      3CA40BFC 
 187      9C16
 188 04a7 67D0371E 		.ascii	"g\3207\036\322{\022\322\320(H_\032}\247\255\303\374"
 188      D27B12D2 
 188      D028485F 
 188      1A7DA7AD 
 188      C3FC
 189 04b9 754BFEFA 		.ascii	"uK\376\372%\177\261\260\205G`\243\344\362\222T\345\015"
 189      257FB1B0 
 189      854760A3 
 189      E4F29254 
 189      E50D
 190 04cb 3C0867BB 		.ascii	"<\010g\273$s\304\020\032}\275\301]q\0315b\013ref0\000"
 190      2473C410 
 190      1A7DBDC1 
ARM GAS  /tmp/ccv43zLX.s 			page 15


 190      5D711935 
 190      620B7265 
 191 04e2 19EC1176 		.ascii	"\031\354\021v\320/\257\301?\001hpJ\367\365\312\014\354"
 191      D02FAFC1 
 191      3F016870 
 191      4AF7F5CA 
 191      0CEC
 192 04f4 387F7EB2 		.ascii	"8\177~\262\025\360N\007\312\204k\245\244\247\353\272"
 192      15F04E07 
 192      CA846BA5 
 192      A4A7EBBA 
 193 0504 CBA3BB73 		.ascii	"\313\243\273su\217\333\241;V\257\334\260f\2713\333\221"
 193      758FDBA1 
 193      3B56AFDC 
 193      B066B933 
 193      DB91
 194 0516 EE608A33 		.ascii	"\356`\2123G\305\347,5\307\235\355Rr\276\340\313\335"
 194      47C5E72C 
 194      35C79DED 
 194      5272BEE0 
 194      CBDD
 195 0528 AB94DC95 		.ascii	"\253\224\334\225|\235'G\311\315\321V,\367d}\342\316"
 195      7C9D2747 
 195      C9CDD156 
 195      2CF7647D 
 195      E2CE
 196 053a 4E8B2670 		.ascii	"N\213&p\270\234N\327\032=\307\345\316\365\350\037-\311"
 196      B89C4ED7 
 196      1A3DC7E5 
 196      CEF5E81F 
 196      2DC9
 197 054c 5C94B91E 		.ascii	"\\\224\271\036\2639\\\356\254e_}\340L_\315\026\216\025"
 197      B3395CEE 
 197      AC655F7D 
 197      E04C5FCD 
 197      168E15
 198 055f 66ADCF25 		.ascii	"f\255\317%\231\276(s\351\342\245\372\"\324\351\213\327"
 198      99BE2873 
 198      E9E2A5FA 
 198      22D4E98B 
 198      D7
 199 0570 38BE5CBB 		.ascii	"8\276\\\2732Kw8=\331\236e\253\034\016t\215\252/{8\274"
 199      324B7738 
 199      3DD99E65 
 199      AB1C0E74 
 199      8DAA2F7B 
 200 0586 DAB3C183 		.ascii	"\332\263\301\203\241\311\231K\227\330\250\012\254o\236"
 200      A1C9994B 
 200      97D8A80A 
 200      AC6F9E
 201 0595 CDFE1E53 		.ascii	"\315\376\036S\334Lsf9]\356\015\354?]\036\371i"
 201      DC4C7366 
 201      395DEE0D 
 201      EC3F5D1E 
 201      F969
 202              		.text
 203              		.section	.gnu.lto_.symbol_nodes.5a3e3d7a29799753,"",%progbits
ARM GAS  /tmp/ccv43zLX.s 			page 16


 204 0000 789C55CE 		.ascii	"x\234U\316\261\021\2030\024\003P}\031\257\221Y`\262"
 204      B1118330 
 204      1403507D 
 204      19AF9159 
 204      60B2
 205 0012 EF8EBB54 		.ascii	"\357\216\273T\224\301p\251\230\"u\352\314@\3415\302"
 205      94C170A9 
 205      982275EA 
 205      CC40E135 
 205      C2
 206 0023 21A0C1BF 		.ascii	"!\240\301\277\221\356\251\371\021D\206\216/:0\374\000"
 206      91EEA9F9 
 206      1144868E 
 206      2F3A30FC 
 206      00
 207 0034 C5277592 		.ascii	"\305'u\222\221n\225\330L\347)@J\255`\242\207\0122\275"
 207      916E95D8 
 207      4CE72940 
 207      4AAD60A2 
 207      870A32BD 
 208 0048 A9E04D8F 		.ascii	"\251\340M\217w\010h\260\254\233\005\265o\377\177\004"
 208      770868B0 
 208      AC9B05B5 
 208      6FFF7F04 
 209 0058 3DB03C95 		.ascii	"=\260<\225\026/\327R\0167\242\310\261\003n('s"
 209      162FD752 
 209      0E37A2C8 
 209      B1036E28 
 209      2773
 210              		.text
 211              		.section	.gnu.lto_.refs.5a3e3d7a29799753,"",%progbits
 212 0000 789C6365 		.ascii	"x\234ce`b`d\000\002\000\000I\000\011"
 212      60626064 
 212      00020000 
 212      490009
 213              		.text
 214              		.section	.gnu.lto_.decls.5a3e3d7a29799753,"",%progbits
 215 0000 789CB53A 		.ascii	"x\234\265:iTT\351\225\365\325\367\252\200\242\012\014"
 215      695454E9 
 215      95F5D5F7 
 215      AA80A20A 
 215      0C
 216 0011 3A19D3E1 		.ascii	":\031\323\341$}z\314\204\344\244\245\265\223N\347\234"
 216      247D7ACC 
 216      84E4A4A5 
 216      B5934EE7 
 216      9C
 217 0022 9C9CEEF1 		.ascii	"\234\234\356\361L\247{Nz:'\246g~\315\324\241\213j!\315"
 217      4CA77B4E 
 217      7A3A27A6 
 217      677ECDD4 
 217      A18B6A21 
 218 0037 365545DB 		.ascii	"6UE\333\316\237.\004\027\026EP\220U\020\005Y\305\015"
 218      CE9F2E04 
 218      17164550 
 218      90551005 
 218      59C50D
ARM GAS  /tmp/ccv43zLX.s 			page 17


 219 004a 5C006551 		.ascii	"\\\000eQD\024DqAA\366E\001A\001e\023\230\373-U\357U"
 219      44144471 
 219      4141F645 
 219      01410165 
 219      1398FB2D 
 220 0061 5185E6C7 		.ascii	"Q\205\346\307p\270\365\336\375\336\375\356~\357\367"
 220      70B8F5DE 
 220      FDDEFDEE 
 220      7EEFF7
 221 0070 BD452193 		.ascii	"\275E!\223\313\256\276'\223\375\233R&{\214d\262%\370"
 221      CBAEBE27 
 221      93FD9B52 
 221      267B8C64 
 221      B225F8
 222 0083 C33299AC 		.ascii	"\3032\231\254\004\200\034\275\001\340\222\354\013\031"
 222      04801CBD 
 222      01E092EC 
 222      0B19
 223 0091 FB23E797 		.ascii	"\373#\347\227\200\256\013\240\037`\016\000X\310\004"
 223      80AE0BA0 
 223      1F600E00 
 223      58C804
 224 00a0 B96CD9DF 		.ascii	"\271l\331\337\367\300\340-8z\001\254\0010\001m1\300"
 224      F7C0E02D 
 224      387A01AC 
 224      0130016D 
 224      31C0
 225 00b2 4D38BF06 		.ascii	"M8\277\006P\015p\006\340K\200)\030\377=\200B\316d-\301"
 225      500D7006 
 225      E04B8029 
 225      18FF3D80 
 225      42CE642D 
 226 00c7 79151C5D 		.ascii	"y\025\034]\000W\003h\000<\000fa<\034\340\227\210\351"
 226      00570368 
 226      003C0066 
 226      613C1CE0 
 226      9788E9
 227 00da E629673A 		.ascii	"\346)g:\365\001\356\002\307\0118\216\002\214\000<\005"
 227      F501EE02 
 227      C709388E 
 227      028C003C 
 227      05
 228 00eb 7806300E 		.ascii	"x\0060\016\220\002\340\306u'\372z\001\254\001xK\316"
 228      9002E0C6 
 228      7527FA7A 
 228      01AC0178 
 228      4BCE
 229 00fd 6C20B678 		.ascii	"l \266x\303\371O\034\330q\011\354\370\261\235\035\035"
 229      C3F94F1C 
 229      D87109EC 
 229      F8B19D1D 
 229      1D
 230 010e C8B10D44 		.ascii	"\310\261\015Dwb\307O\201\017\006x\310\355\375{mq\223"
 230      7762C74F 
 230      810F0678 
 230      C8EDFD7B 
 230      6D7193
ARM GAS  /tmp/ccv43zLX.s 			page 18


 231 0121 D872DF89 		.ascii	"\330r\337\211=\337p:\022\013\34156\021\263}\354l;\210"
 231      3DDF703A 
 231      120BE135 
 231      3611B37D 
 231      EC6C3B88 
 232 0135 51F99ECB 		.ascii	"Q\371\236\313U\362N\324\201\010\311*:\212\020\373E\024"
 232      55F24ED4 
 232      8108C92A 
 232      3A8A10FB 
 232      4514
 233 0147 28BA64F9 		.ascii	"(\272d\371C\210\216\303\250\234\3762B:\204,38.\347\250"
 233      43888EC3 
 233      A89CFE32 
 233      423A842C 
 233      33382EE7 
 234 015c 9CB3A4FF 		.ascii	"\234\263\244\377|2\222pd\227\231$\313\237\214\2213M"
 234      7C329270 
 234      64979924 
 234      CB9F8C91 
 234      334D
 235 016e 64943B9B 		.ascii	"d\224;\233\215\344\242\000\204\244\023$\014\231\332"
 235      8DE4A200 
 235      84A41324 
 235      0C99DA
 236 017d FCBA553F 		.ascii	"\374\272U?\231h\034\262X\377<\365\306\240\252\013=\""
 236      99681CB2 
 236      58FF3CF5 
 236      C6A0AA0B 
 236      3D22
 237 018f A3D91F21 		.ascii	"\243\331\037!:\2265\235?\357\202\345\210\234w\315\346"
 237      3A96359D 
 237      3FEF82E5 
 237      889C77CD 
 237      E6
 238 01a0 7FB2BED8 		.ascii	"\177\262\276\330\314\376\\\327\213n;^<\177BE\\\216\276"
 238      CCFE5CD7 
 238      8B6E3B5E 
 238      3C7F4245 
 238      5C8EBE
 239 01b3 54A3AF04 		.ascii	"T\243\257\0042t+\352D\006\336\213\221\227\012\011\204"
 239      32742BEA 
 239      4406DE8B 
 239      91970A09 
 239      84
 240 01c4 75535A9F 		.ascii	"uSZ\237\007\240kT\350m\307\023\256,MW{\262\011r@o?\273"
 240      07A06B54 
 240      E86DC713 
 240      AE2C4D57 
 240      7BB20972 
 241 01dc 91E9CE26 		.ascii	"\221\351\316&\254\002t\364\364\215\\\2746\231J\2164"
 241      AC0274F4 
 241      F48D5CBC 
 241      36994A8E 
 241      34
 242 01ed AF92A3FF 		.ascii	"\257\222\243\377\370!:\201\274Q)\202LA'\321Z\370=\216"
 242      F8213A81 
 242      BC512982 
ARM GAS  /tmp/ccv43zLX.s 			page 19


 242      4C4127D1 
 242      5AF83D8E 
 243 0201 04A6CE99 		.ascii	"\004\246\316\231\322\033\231*u\214\331\274\335\274/"
 243      D21B992A 
 243      758CD9BC 
 243      DDBC2F
 244 0210 D2ECF629 		.ascii	"\322\354\366)\271\216J\200\272\230R\237BjT\210\3263"
 244      B98E4A80 
 244      BA98529F 
 244      426A5488 
 244      D633
 245 0222 DAD2DAA3 		.ascii	"\332\322\332\243\243\256\370\247\304>y]K\343Mw\244\366"
 245      A3AEF8A7 
 245      C43E795D 
 245      4BE34D77 
 245      A4F6
 246 0234 71321395 		.ascii	"q2\023\225!\037\311\344<\242K\365R\324\217\363\315\346"
 246      211FC9E4 
 246      3CA24BF5 
 246      52D48FF3 
 246      CDE6
 247 0246 55E80C8C 		.ascii	"U\350\014\214\237F\230_#d\234\377d\346\244@-%\024E\210"
 247      9F46985F 
 247      23649CFF 
 247      64E6A440 
 247      2D251445 
 248 025b DAFAA8A1 		.ascii	"\332\372\250\241\240\2108\347\347*Db\344I\350F\317\317"
 248      A08838E7 
 248      E72A4462 
 248      E449E846 
 248      CFCF
 249 026d 6AD810A1 		.ascii	"j\330\020\241\270\035?q\324\005\177B\325Jm\274_+ \037"
 249      B81D3F71 
 249      D4057F42 
 249      D54A6DBC 
 249      5F2B201F 
 250 0281 15137833 		.ascii	"\025\023x3\355\237S&\314\346\267Q\005R\241\363\242\304"
 250      ED9F5326 
 250      CCE6B751 
 250      0552A1F3 
 250      A2C4
 251 0293 9FABE077 		.ascii	"\237\253\340w\267Us\231\250\366\005P\033\330\022:t\016"
 251      B7557399 
 251      A8F60550 
 251      1BD8123A 
 251      740E
 252 02a5 06CFC220 		.ascii	"\006\317\302 \210(8\232\220\243\304\337S\021\365\027"
 252      8828389A 
 252      90A3C4DF 
 252      5311F517 
 253 02b5 DBDB04A4 		.ascii	"\333\333\004\244\362q8\377\242\203\371L\227\253\005"
 253      F27138FF 
 253      A283F94C 
 253      97AB05
 254 02c4 EFD4EF30 		.ascii	"\357\324\3570\233\345\250\012t\251\024u\001\325\230"
 254      9BE5A80A 
 254      74A91475 
ARM GAS  /tmp/ccv43zLX.s 			page 20


 254      01D598
 255 02d3 F5E603F3 		.ascii	"\365\346\003\363Y\032\\\204\250\020\363\300\225\001"
 255      591A5C84 
 255      A810F3C0 
 255      9501
 256 02e1 B9332135 		.ascii	"\2713!5N\205t\035\177;e\216\030\\\015B.\211B\252,B\252"
 256      4E85741D 
 256      7F3B658E 
 256      185C0D42 
 256      2E8942AA 
 257 02f8 2F5D8D53 		.ascii	"/]\215SS\027\023\212r\346\342\2733Usj<D%\013\335G&F"
 257      5317138A 
 257      72E6E2BB 
 257      3355736A 
 257      3C44250B 
 258 0310 94C8C71B 		.ascii	"\224\310\307\033!\025@\236%\203e\250\036&\324!l\351"
 258      2115409E 
 258      258365A8 
 258      1E26D421 
 258      6CE9
 259 0322 006966D0 		.ascii	"\000if\320\355\331\367d\230\271\362Y\216\031\257\225"
 259      EDD9F764 
 259      98B9F259 
 259      8E19AF95 
 260 0332 A1F7BDD1 		.ascii	"\241\367\275\321{\240\343e\320\221\\\222\241\253\240"
 260      7BA0E365 
 260      D0915C92 
 260      A1ABA0
 261 0341 E115D030 		.ascii	"\341\025\3200\315\354JG@\340\276\246\303\351n*>k\367"
 261      CDEC4A47 
 261      40E0BEA6 
 261      C3E96E2A 
 261      3E6BF7
 262 0354 8AB380FA 		.ascii	"\212\263\200\372\331d\307\035\2714E\033@\0231E\257\321"
 262      D964C71D 
 262      B934451B 
 262      40133145 
 262      AFD1
 263 0366 F421843D 		.ascii	"\364!\204=1\275O\024\3248\030C\265\266\371\363\305\362"
 263      31BD4F14 
 263      D4381843 
 263      B5B6F9F3 
 263      C5F2
 264 0378 FCF982E5 		.ascii	"\374\371\202\345\317\321\331\361\263j<\312\034\177\253"
 264      CFD1D9F1 
 264      B36A3CCA 
 264      1C7FAB
 265 0387 EA698FAB 		.ascii	"\352i\217\2535\201\272.\276S\321I\374y\023D6\211\376"
 265      3581BA2E 
 265      BE53D149 
 265      FC791344 
 265      3689FE
 266 039a FCC26902 		.ascii	"\374\302i\0025\203\005_\360\330\334\200\301\353\314"
 266      3583055F 
 266      F0D8DC80 
 266      C1EBCC
 267 03a9 86AB2723 		.ascii	"\206\253'#o\262\"&\234\032\231ji\025S\215\012V\306\256"
ARM GAS  /tmp/ccv43zLX.s 			page 21


 267      6FB22226 
 267      9C1A996A 
 267      6915538D 
 267      0A56C6AE 
 268 03bd 9232F662 		.ascii	"\2222\366be\\>x\255^\305\252\332\214\000?;VtV\303\360"
 268      655C3E78 
 268      AD5EC5AA 
 268      DA8C003F 
 268      3B567456 
 269 03d3 6A32FBFC 		.ascii	"j2\373\374\244\371\214\006\347\261vsy\252+O\215K\030"
 269      A4F98C06 
 269      E7B17673 
 269      79AA2B4F 
 269      8D4B18
 270 03e6 32D1995F 		.ascii	"2\321\231_\350\206O1d_\307l\245;>\307\220\334\235w\207"
 270      E8864F31 
 270      645FC76C 
 270      A53B3EC7 
 270      90DC9D77 
 271 03fb 3C701543 		.ascii	"<p\025C\212kS\033\335\3615\206\344D\334\275\256\301"
 271      8A6B531B 
 271      DDF13586 
 271      E444DCBD 
 271      AEC1
 272 040d CDBC79CD 		.ascii	"\315\274y\315w\226a\334\312\220\302\305\251FO\334\306"
 272      779661DC 
 272      CA90C2C5 
 272      A9464FDC 
 272      C6
 273 041e 90F643F5 		.ascii	"\220\366C\365O\324x\220!\207j\307#\324V\243XkJn\215"
 273      4FD47890 
 273      21876AC7 
 273      23D456A3 
 273      586B4A6E 
 274 0433 D88DE918 		.ascii	"\330\215\351\030x\241\213\331\331\235\335\333#\267\322"
 274      78A18BD9 
 274      D99DDDDB 
 274      23B7D2
 275 0442 75B3C1F3 		.ascii	"u\263\301\363I/:<\244]\012\272\233\330\245zi\227\352"
 275      492F3A3C 
 275      A45D0ABA 
 275      9BD8A57A 
 275      6997EA
 276 0455 B174A9FC 		.ascii	"\261t\251\374\201\250\014\2154\005zm\272T\237\264K]"
 276      81A80C8D 
 276      34057A6D 
 276      BA549FB4 
 276      4B5D
 277 0467 9C2F6A92 		.ascii	"\234/j\222\343q\252\242<?\256=\031#\0375\013\347x\327"
 277      E371AAA2 
 277      3C3FAE3D 
 277      19231F35 
 277      0BE778D7 
 278 047b DB69B749 		.ascii	"\333i\267I8\007aB\277\030\316>\232BN\330\243\001\010"
 278      38076142 
 278      BF18CE3E 
 278      9A424ED8 
ARM GAS  /tmp/ccv43zLX.s 			page 22


 278      A30108
 279 048e A98D8403 		.ascii	"\251\215\204\003\311m\205\2368\017S'\234\253z\272\221"
 279      C96D859E 
 279      380F5327 
 279      9CAB7ABA 
 279      91
 280 049f 05CD1BB0 		.ascii	"\005\315\033\260\013\217\236W\363V\334M\202\226_z\374"
 280      0B8F9E57 
 280      F356DC4D 
 280      82965F7A 
 280      FC
 281 04b0 BE3B3EC5 		.ascii	"\276;>\305H\213\246\243\312<q9C,\341\364\342\341\314"
 281      488BA6A3 
 281      CA3C7139 
 281      432CE1F4 
 281      E2E1CC
 282 04c3 1FCCD8AB 		.ascii	"\037\314\330\253f\370\207\200\336i\351\314\305\270\222"
 282      66F88780 
 282      DE69E9CC 
 282      C5B892
 283 04d2 D1769CDE 		.ascii	"\321v\234\336S\347\212\2570\244\342le=\317\232\367\000"
 283      53E78AAF 
 283      30A4E26C 
 283      653DCF9A 
 283      F700
 284 04e4 8DECCFEC 		.ascii	"\215\354\317\354\361\300M\354Z}|T\234\012\337\243\210"
 284      F1C04DEC 
 284      5A7D7C54 
 284      9C0ADFA3 
 284      88
 285 04f5 BC68CFEE 		.ascii	"\274h\317\356Q\247\215jj\205\036\362+\326C&!X\023\016"
 285      51A78D6A 
 285      6A851EF2 
 285      2BD64326 
 285      2158130E 
 286 0509 7A48FAE4 		.ascii	"zH\372\344\243'nL\001\037\322\033/L\346*q/S\340r_k\203"
 286      A3276E4C 
 286      011FD21B 
 286      2F4CE62A 
 286      712F53E0 
 287 0521 028F3024 		.ascii	"\002\2170$\273\266\347]\374\212\235_H\252|\352\212#"
 287      BBB6E75D 
 287      FC8A9D5F 
 287      48AA7CEA 
 287      8A23
 288 0533 048AF42E 		.ascii	"\004\212\364.-\376\015'\260\363\350\342\350z\017\234"
 288      2DFE0D27 
 288      B0F3E8E2 
 288      E87A0F9C 
 289 0543 CA909C4B 		.ascii	"\312\220\234K\025\243.\270\200!\226u\320\213\255\203"
 289      15A32EB8 
 289      80219675 
 289      D08BAD83 
 290 0553 F9C35DAF 		.ascii	"\371\303]\2570>\307\256\365t\\=\341\201/0\244b:\275"
 290      303EC7AE 
 290      F5745C3D 
 290      E1812F30 
ARM GAS  /tmp/ccv43zLX.s 			page 23


 290      A4623ABD 
 291 0567 C213D730 		.ascii	"\302\023\3270\244\251oiB\205\033\030r6m\261Z\3007\031"
 291      A4A96F69 
 291      42851B18 
 291      72366DB1 
 291      5AC03719 
 292 057b B2634FC9 		.ascii	"\262cO\311ARPJ\326\011\\`\250\377\331\\\271\300\206"
 292      4152504A 
 292      D6095C60 
 292      A8FFD95C 
 292      B9C086
 293 058e 88EDDFC1 		.ascii	"\210\355\337\301Pfj\307I\017\334J\247\310G{\242c\\%"
 293      50666AC7 
 293      490FDC4A 
 293      A7C8477B 
 293      A2635C25 
 294 05a2 CBC91F76 		.ascii	"\313\311\037v\355\"-|\227\\\205v\310\255\236Q\362n`"
 294      ED222D7C 
 294      975C8576 
 294      C8AD9E51 
 294      F26E60
 295 05b5 5EE6E59D 		.ascii	"^\346\345\235r\037\302\233z9J\356\215\"\345\264\033"
 295      721FC29B 
 295      7A394AEE 
 295      8D22E5B4 
 295      1B
 296 05c6 4CCC3E3B 		.ascii	"L\314>;#\340GLFL\317\304\202'\013\323r\0061\016\030"
 296      23E0474C 
 296      464CCFC4 
 296      82270BD3 
 296      7206310E 
 297 05db 58D6938D 		.ascii	"X\326\223\215et=\211\006ev\213\312\200n\274\033\232"
 297      65743D89 
 297      0665768B 
 297      CA806EBC 
 297      1B9A
 298 05ed E753D578 		.ascii	"\347S\325x\200\011\251(9\262[%\266\265\343\277f!\336"
 298      8009A928 
 298      39B25B25 
 298      B6B5E3BF 
 298      6621DE
 299 0600 037363C5 		.ascii	"\003sc\305\271\321r\247\226\3049\266dn\377\3712w<\302"
 299      B9D172A7 
 299      96C439B6 
 299      646EFFF9 
 299      32773CC2 
 300 0614 1C1C9BF4 		.ascii	"\034\034\233\3644\317\003?g\310\374\343\003\017\020"
 300      34CF033F 
 300      67C8FCE3 
 300      030F10
 301 0623 8B9E1AD0 		.ascii	"\213\236\032\320\355\025\017\022<ya\320E{n\367\242\200"
 301      ED150F12 
 301      3C7961D0 
 301      457B6EF7 
 301      A280
 302 0635 1719EDFD 		.ascii	"\027\031\355\375\270\326v%\336\251\240\252\316\0167"
 302      B8D67625 
ARM GAS  /tmp/ccv43zLX.s 			page 24


 302      DEA9A0AA 
 302      CE0E37
 303 0644 94B85B55 		.ascii	"\224\270[Um\\\013\213\017J\002=\367\277\221\236\007"
 303      6D5C0B8B 
 303      0F4A023D 
 303      F7BF919E 
 303      07
 304 0655 1CEB597F 		.ascii	"\034\353Y\1773{\322\025\307Q\011\350|B\"\344b\"C:Sb"
 304      337BD215 
 304      C75109E8 
 304      7C4222E4 
 304      6222433A 
 305 066b 2BDC712E 		.ascii	"+\334q.C.\306O\234s\303\305\014\3315\323{\302\023\227"
 305      432EC64F 
 305      9C73C3C5 
 305      0CD935D3 
 305      7BC21397 
 306 067f 316438B2 		.ascii	"1d8\262\272G\300\225\014)\335\321_\340\012\306xC&!\311"
 306      BA47C095 
 306      0C29DDD1 
 306      5FE00AC6 
 306      78432621 
 307 0694 82E2CD16 		.ascii	"\202\342\315\026\2243\325\223%\002\256a\346\224\237"
 307      9433D593 
 307      2502AE61 
 307      E6949F
 308 06a3 E94F5349 		.ascii	"\351OSIR\350\203H\232B\331`\321!\321\"o\353\202b\273"
 308      52E88348 
 308      9A42D960 
 308      D121D122 
 308      6FEB8262 
 309 06b8 8C668139 		.ascii	"\214f\2019\336\334\234L0'\203\231S\220\225\177Y\203"
 309      DEDC9C4C 
 309      30278399 
 309      5390957F 
 309      5983
 310 06ca AF3309A9 		.ascii	"\2573\011\251I5g<\254\022`\237q\232\346\305\021\220"
 310      4935673C 
 310      AC12609F 
 310      719AE6C5 
 310      1190
 311 06dc 70589490 		.ascii	"pX\224\220-w\"\"\307\261\210\355\373[\213\335p+\023"
 311      2D772222 
 311      C7B188ED 
 311      FB5B8BDD 
 311      702B13
 312 06ef D1535D97 		.ascii	"\321S]\227\210%\351\363\341}jD\036\2108*\2128\342LD"
 312      8825E9F3 
 312      E17D6A44 
 312      1E88382A 
 312      8A38E24C 
 313 0704 AE631149 		.ascii	"\256c\021Ii\203kq;sil\334b)\306=L\\\346\305\271x\321"
 313      69836B71 
 313      3B73696C 
 313      DC6229C6 
 313      3D4C5CE6 
 314 071c A25E978F 		.ascii	"\242^\227\217P!H\312\177\003I\005\216%=\312\034\237"
ARM GAS  /tmp/ccv43zLX.s 			page 25


 314      502148CA 
 314      7F034905 
 314      8E253DCA 
 314      1C9F
 315 072e 14F01326 		.ascii	"\024\360\023&\352h]\351-\027<\316D\365=95\243\261\212"
 315      EA685DE9 
 315      2D173CCE 
 315      44F53D39 
 315      35A3B18A 
 316 0742 1A0651C7 		.ascii	"\032\006Q\307AT\361\033\210*q,j,j\240\233\257\342kI"
 316      4154F11B 
 316      882A712C 
 316      6A2C6AA0 
 316      9BAFE26B 
 317 0757 811C4879 		.ascii	"\201\034Hy\037\3170\301Os\233O\221\306\351\243B\337"
 317      1FCF30C1 
 317      4F739B4F 
 317      91C6E9A3 
 317      42DF
 318 0769 4BB2C687 		.ascii	"K\262\306\207eMFB\357A7\274\304\324:4\332\026\251\221"
 318      654D4642 
 318      EF4137BC 
 318      C4D43A34 
 318      DA16A991 
 319 077d 64CDFA74 		.ascii	"d\315\372t\272\217-\003\335N\213\272\371XU\313\2164"
 319      BA8F2D03 
 319      DD4E8BBA 
 319      F95855CB 
 319      8E34
 320 078f FF206283 		.ascii	"\377 b\203\014\335\201:\270E\352\340\014h\347\303\265"
 320      0CDD813A 
 320      B845EAE0 
 320      0C68E7C3 
 320      B5
 321 07a0 3B05DA9D 		.ascii	";\005\332\235d\332\355\212\312\217w\3071J*\344J\373"
 321      64DAED8A 
 321      CA8F77C7 
 321      314A2AE4 
 321      4AFB
 322 07b2 CE6F2579 		.ascii	"\316o%y\263\361*\315\233s \243\\\224Q&w.\344\254c!\235"
 322      B3F12ACD 
 322      9B7320A3 
 322      5C945126 
 322      772EE4AC 
 323 07c9 A5ED9705 		.ascii	"\245\355\227\005\274\237\011"
 323      BC9F09
 324 07d0 B97D7027 		.ascii	"\271}p'\270\332\"e\372:~T\007\013\255\200*@\314yQ\314"
 324      B8DA2265 
 324      FA3A7E54 
 324      070BAD80 
 324      2A40CC79 
 325 07e6 B915C45C 		.ascii	"\271\025\304\\p,&\177\374\3115\017\351\246\200\260\024"
 325      702C267F 
 325      FCC9350F 
 325      E9A680B0 
 325      14
 326 07f7 37059572 		.ascii	"7\005\225r\313\276p{o\371=\204\353\250>\250\246)\262"
ARM GAS  /tmp/ccv43zLX.s 			page 26


 326      CBBE707B 
 326      6FF93D84 
 326      EBA83EA8 
 326      A629B2
 327 080a C01D3730 		.ascii	"\300\03570\244w\341p\277\013nf\310L\312\265\243\032"
 327      A477E170 
 327      BF0B6E66 
 327      C84CCAB5 
 327      A31A
 328 081c 7C872189 		.ascii	"|\207!\211\305-\367\225\270\215!\235\307\027+\225\270"
 328      C52DF795 
 328      B88D219D 
 328      C7172B95 
 328      B8
 329 082d 9D21591D 		.ascii	"\235!Y\035\317K\\p'\263\256\346\356\341\002\215\355"
 329      CF4B5C70 
 329      27B3AEE6 
 329      EEE1028D 
 329      ED
 330 083e 6D10DC6D 		.ascii	"m\020\334mY\273\321\025\320\374K\333\233\240\261\214"
 330      59BBD115 
 330      D0FC4BDB 
 330      9BA0B18C 
 331 084e 9F4498CD 		.ascii	"\237D\230\315\010]\226\253Q\235h\377\227\374\036\250"
 331      085D96AB 
 331      519D68FF 
 331      97FC1EA8 
 332 085e 7B7B7DAB 		.ascii	"{{}\253+\036b\242\236\217\335y\245\301#\0141\317^|\250"
 332      2B1E62A2 
 332      9E8FDD79 
 332      A5C1230C 
 332      31CF5E7C 
 333 0873 C4E30C69 		.ascii	"\304\343\014iO\232\351v\303\023\014i\270\033{I\300/"
 333      4F9AE976 
 333      C3130C69 
 333      B81B7B49 
 333      C02F
 334 0885 1872EC7A 		.ascii	"\030r\354z\267Y\201g\030R\031s\375\225+\236gH\332\205"
 334      B7598167 
 334      18521973 
 334      FD952B9E 
 334      6748DA85 
 335 0899 5DDB5578 		.ascii	"]\333Ux\221!EK\223\361j\034\341\302,\257\274\225#g9"
 335      9121454B 
 335      93F16A1C 
 335      E1C22CAF 
 335      BC952367 
 336 08ae BB8EECF8 		.ascii	"\273\216\354\370\252c\0330\353\325\331p\177\351\236"
 336      AA631B30 
 336      EBD5D970 
 336      7FE99E
 337 08bd 945376D9 		.ascii	"\224Sv\331\003\255c\177\253\327\371\254\313!\326V\217"
 337      03AD637F 
 337      ABD7F9AC 
 337      CB21D656 
 337      8F
 338 08ce 3FC14F8A 		.ascii	"?\301O\212\032\343\314\331\265\314\232\006\260\246M"
ARM GAS  /tmp/ccv43zLX.s 			page 27


 338      1AE3CCD9 
 338      B5CC9A06 
 338      B0A64D
 339 08dd BE5AB4FE 		.ascii	"\276Z\264\3766\215C\011\371\225\261)\267\377;\325\\"
 339      368D4309 
 339      F995B129 
 339      B7FF3BD5 
 339      5C
 340 08ee 1D8529F9 		.ascii	"\035\205)\371U{\362R9!\337 R\327J\250\2579f.\241\356"
 340      557BF252 
 340      3921DF20 
 340      52D74AA8 
 340      AF39662E 
 341 0904 9550D7DA 		.ascii	"\225P\327\332S/,\243\376/\221\272\311\236\332\327\216"
 341      532F2CA3 
 341      FE2F91BA 
 341      C99EDAD7 
 341      8E
 342 0915 7858427C 		.ascii	"xXB|\303!\261\324\3109\011u\243=\365-\211O\022\350\002"
 342      C321B1D4 
 342      C8390975 
 342      A33DF52D 
 342      894F12E8 
 343 092a 66367F24 		.ascii	"f6\177$\310P\013\344\365M9\271\201\3403 /\320CH\237"
 343      C8500BE4 
 343      F54D39B9 
 343      81E03320 
 343      2FD04348 
 344 093f BBF275E8 		.ascii	"\273\362u\350\036\300\003\200\373\000\255\000\267\000"
 344      1EC00380 
 344      FB00AD00 
 344      B700
 345 094d 6E03B403 		.ascii	"n\003\264\003\334\221\257\243\367cL\366\204D\366u\307"
 345      DC91AFA3 
 345      F7634CF6 
 345      8444F675 
 345      C7
 346 095e B2A95D2C 		.ascii	"\262\251],\027\233\333W\321\\\004*\031OD\221Ug\247W"
 346      179BDB57 
 346      D15C042A 
 346      194F4491 
 346      5567A757 
 347 0972 62A4B9E1 		.ascii	"b\244\271\341=\312\253\336q\260\230\035\2202\373\033"
 347      3DCAABDE 
 347      71B0981D 
 347      9032FB1B 
 348 0982 F7EF15A4 		.ascii	"\367\357\025\244\265(%\226\241\016k-vV\346Lkp9\315;"
 348      B5282596 
 348      A10E6B2D 
 348      7656E64C 
 348      6B7039CD 
 349 0997 7C733CA3 		.ascii	"|s<\243R\215\326\255\366a\022\2419\244\015\\g\011\005"
 349      528DD6AD 
 349      F66112A1 
 349      39A40D5C 
 349      670905
 350 09aa 33500D08 		.ascii	"3P\015\010\355r\034\227\004\276\366\023\327Y/?\342\364"
ARM GAS  /tmp/ccv43zLX.s 			page 28


 350      ED721C97 
 350      04BEF613 
 350      D7592F3F 
 350      E2F4
 351 09bc C475DDE0 		.ascii	"\304u\335\340\272N\356\032nl\0013\266\313\326XR\013"
 351      BA4EEE1A 
 351      6E6C0133 
 351      B6CBD658 
 351      520B
 352 09ce DB879E62 		.ascii	"\333\207\236b\\\307jad\260\350\236\03470$\243\253\266"
 352      5CC76A61 
 352      64B0E89E 
 352      1C373024 
 352      A3ABB6
 353 09e1 936F752F 		.ascii	"\223ou/\023\274\274\353@\264\232W\006yT3\364\362\345"
 353      13BCBCEB 
 353      40B49A57 
 353      06795433 
 353      F4F2E5
 354 09f4 3D25BECD 		.ascii	"=%\276\315\210O/\025\354\304\270\215!\257ro\266\271"
 354      884F2F15 
 354      ECC4B88D 
 354      21AF726F 
 354      B6B9
 355 0a06 E21E86D4 		.ascii	"\342\036\206\324,<\310P\341a\212\374\276'\346X\232\022"
 355      2C3CC850 
 355      E1618AFC 
 355      BE27E658 
 355      9A12
 356 0a18 8C865A52 		.ascii	"\214\206ZR\257\346\377\200A]\371\220\003\374\256a\227"
 356      AFE6FF80 
 356      415DF990 
 356      03FCAE61 
 356      97
 357 0a29 A0D0D6A9 		.ascii	"\240\320\326\251\325\360CN\370\037\\\365\341\336\272"
 357      D5F0434E 
 357      F81F5CF5 
 357      E1DEBA
 358 0a38 BF886F5C 		.ascii	"\277\210o\\if\336\202^\207N\200\365\303\316B$M\265~"
 358      6966DE82 
 358      5E874E80 
 358      F5C3CE42 
 358      244DB57E 
 359 0a4c 48B53E92 		.ascii	"H\265>\222j\275|\006\361W6\366AYx\035:\004\220\011\220"
 359      6ABD7C06 
 359      F15736F6 
 359      4159781D 
 359      3A049009 
 360 0a61 01900E90 		.ascii	"\001\220\016\220\006\360\004\322,\025\216)\000\007\001"
 360      06F004D2 
 360      2C158E29 
 360      000701
 361 0a70 A2001661 		.ascii	"\242\000\026al\032\340%\300S\200Q\200\021\333T\374\023"
 361      6C1AE025 
 361      C0538051 
 361      8011DB54 
 361      FC13
ARM GAS  /tmp/ccv43zLX.s 			page 29


 362 0a82 4B45E87F 		.ascii	"KE\350\177\003\366\252\215\332\227\343\342u\257\375"
 362      03F6AA8D 
 362      DA97E3E2 
 362      75AFFD
 363 0a91 34D9C863 		.ascii	"4\331\310c\2111dG\376tY#\351\274\276\206\321\217\201"
 363      89316447 
 363      FE745923 
 363      E9BCBE86 
 363      D18F81
 364 0aa4 E5E38EE9 		.ascii	"\345\343\216\351){IJ\216\333\244\344\030KI\251cZ\341"
 364      297B494A 
 364      8EDBA4E4 
 364      184B49A9 
 364      635AE1
 365 0ab7 22692B68 		.ascii	"\"i+h\010\364\035\347\2169\002\216\311\001\203'\301"
 365      08F41DE7 
 365      8E39028E 
 365      C9018327 
 365      C1
 366 0ac8 C0673606 		.ascii	"\300g6\006NF+\026O\231\315\321J\364\034\224hC\330F\202"
 366      4E462B16 
 366      4F99CDD1 
 366      4AF41C94 
 366      6843D846 
 367 0add 4DA54BB4 		.ascii	"M\245K\264\230\260\321\342\371\012Z\034\005\311\257"
 367      98B0D1E2 
 367      F90A5A1C 
 367      05C9AF
 368 0aec D7A2F720 		.ascii	"\327\242\367 6\037]\213\246@\205\021\307*\330\373\341"
 368      361F5D8B 
 368      A6408511 
 368      C72AD8FB 
 368      E1
 369 0afd 858D0664 		.ascii	"\205\215\006d\"\253\006\2079r\030\004\377\377\345\010"
 369      22AB0687 
 369      39721804 
 369      FFFFE508 
 370 0b0d E4707101 		.ascii	"\344pq\001\317ar\273\371\334>\222\317l#\017e<\361Y\004"
 370      CF6172BB 
 370      F9DC3E92 
 370      CF6C230F 
 370      653CF159 
 371 0b22 4DAB1920 		.ascii	"M\253\031 {\311\311\255;\205\027N\272\253\225`\001\332"
 371      7BC9C9AD 
 371      3B85174E 
 371      BAAB9560 
 371      01DA
 372 0b34 C21C37E7 		.ascii	"\302\0347\347\025\234\317\203J\2636*\215\345\363\314"
 372      159CCF83 
 372      4AB3362A 
 372      8DE5F3CC 
 373 0b44 228E9901 		.ascii	"\"\216\231\001\001sN\232\275C\376\323|\202s\376\275"
 373      01734E9A 
 373      BD43FED3 
 373      7C8273FE 
 373      BD
 374 0b55 3EAC2CA6 		.ascii	">\254,\246x\316,g/i\320\235\371\254g\315\331\366,\276"
ARM GAS  /tmp/ccv43zLX.s 			page 30


 374      78CE2C67 
 374      2F69D09D 
 374      F9AC67CD 
 374      D9F62CBE 
 375 0b69 2BDCA3D8 		.ascii	"+\334\243\330s$\221\354\245\210/f\305;uBmq\027x8\305"
 375      732491EC 
 375      A5882F66 
 375      C53B7542 
 375      6D711778 
 376 0b7f E2E12520 		.ascii	"\342\341% \233\263\367\360\013\264rS\215\204\240G`f"
 376      9BB3F7F0 
 376      0BB47253 
 376      8D84A047 
 376      6066
 377 0b91 D1763837 		.ascii	"\321v87c\033oeI\274E\314!\244o\332\257\3479\275=kf\336"
 377      631B6F65 
 377      49BC45CC 
 377      21A46FDA 
 377      AFE739BD 
 378 0ba9 6016B31D 		.ascii	"`\026\263\035(\034\332\276\270/\002v\304\304\246W\242"
 378      281CDABE 
 378      B82F0276 
 378      C4C4A657 
 378      A2
 379 0bba E9845862 		.ascii	"\351\204Xbz\254\305\364\035x\015Z\2647}A\222-\211\016"
 379      7AACC5F4 
 379      1D780D5A 
 379      B4377D41 
 379      922D890E 
 380 0bce 1494D169 		.ascii	"\024\224\321iD\273d\320.\0112\372\000\300~\200x\200"
 380      44BB64D0 
 380      2E0932FA 
 380      00C07E80 
 380      7880
 381 0be0 BD00BB01 		.ascii	"\275\000\273\001v\001\354\264qJ\343\247,\304$\243\227"
 381      7601ECB4 
 381      714AE3A7 
 381      2CC424A3 
 381      97
 382 0bf1 4028E1E2 		.ascii	"@(\341\342to\321|I\322\311\314\362\327P\327\376\201"
 382      746FD17C 
 382      49D2C9CC 
 382      F2D750D7 
 382      FE81
 383 0c03 B18EC66A 		.ascii	"\261\216\306j\024\341\234XR\3551XZ\3550\317\276\337"
 383      14E19C58 
 383      52ED3158 
 383      5AED30CF 
 383      BEDF
 384 0c15 2440A9EF 		.ascii	"$@\251\357#\245\036\017\374bx8\366\200\301q`X\254h\030"
 384      23A51E0F 
 384      FC627838 
 384      F680C171 
 384      6058AC68 
 385 0c2a F17AAA62 		.ascii	"\361z\252b|\242\337lNT\323'\007\333\371\004G\375\206"
 385      7CA2DF6C 
 385      4E54D327 
ARM GAS  /tmp/ccv43zLX.s 			page 31


 385      07DBF904 
 385      47FD86
 386 0c3d 4D18FE21 		.ascii	"M\030\376!\351M$=\367rZk\245\330\247\372\340N\005\271"
 386      E94D243D 
 386      F7725A6B 
 386      A5D8A7FA 
 386      E04E05B9 
 387 0c51 D38FC1F6 		.ascii	"\323\217\301\366[\021\026\311\233\307x$\311\243\200"
 387      5B1116C9 
 387      9BC77824 
 387      C9A380
 388 0c60 C4D7B9E9 		.ascii	"\304\327\271\351^%w\352>\360S\362\033\371)\001(E?\355"
 388      5E2577EA 
 388      3EF053F2 
 388      1BF92901 
 388      28453FED 
 389 0c74 637E72D2 		.ascii	"c~r\3225Q\"\270Gl\234\326\224\234m#7i\204\323Aqg?E["
 389      355122B8 
 389      476C9CD6 
 389      949C6D23 
 389      376984D3 
 390 0c8e BCB5DF55 		.ascii	"\274\265\337U\\\345\206\300\272\230\262\242\035\304"
 390      5CE586C0 
 390      BA98B2A2 
 390      1DC4
 391 0c9c 2917F8B2 		.ascii	")\027\370\262H\254N}\035\365\360\357Xr\020\3424\347"
 391      48AC4E7D 
 391      1DF5F0EF 
 391      587210E2 
 391      34E7
 392 0cae C44CDD97 		.ascii	"\304L\335\227\347\224\304\337@\263|\353w\357\270\327"
 392      E794C4DF 
 392      40B37CEB 
 392      77EFB8D7 
 393 0cbe E47673CA 		.ascii	"\344vs\312{\364\006?\235/\336\374\266\227\025\315\011"
 393      7BF4063F 
 393      9D2FDEFC 
 393      B69715CD 
 393      09
 394 0ccf C95A3CFC 		.ascii	"\311Z<\374\356Asu\004\246\367\350\307\034\021\277/\322"
 394      EE417375 
 394      04A6F7E8 
 394      C71C11BF 
 394      2FD2
 395 0ce1 36725A72 		.ascii	"6rZr\223]\344\210V\022\304\316\"\036D\3624\277\312\361"
 395      935DE488 
 395      5612C4CE 
 395      221E44F2 
 395      34BFCAF1 
 396 0cf5 EE46BAA3 		.ascii	"\356F\272\243\377\245\330X/\332S/\277\025y(!\277\344"
 396      FFA5D858 
 396      2FDA532F 
 396      BF157928 
 396      21BFE4
 397 0d08 985CE2DA 		.ascii	"\230\\\342\332\346B\036\010\262\277\254\266'\277\265"
 397      E6421E08 
 397      B2BFACB6 
ARM GAS  /tmp/ccv43zLX.s 			page 32


 397      27BFB5
 398 0d17 8C7B2DE7 		.ascii	"\214{-\347N\2663=\216\311%\334\347~!\256i{\345vk\332"
 398      4EB6333D 
 398      8EC925DC 
 398      E77E21AE 
 398      697BE576 
 399 0d2d B2C0F17D 		.ascii	"\262\300\361}\354\260\2235at\212$!I\327A1\011\207%K"
 399      ECB09335 
 399      61748A24 
 399      2149D741 
 399      31098725 
 400 0d42 C274B462 		.ascii	"\302t\264bn\"\212V\261E\340\370J\002\233wa\222)\343"
 400      6E228A56 
 400      B145E0F8 
 400      4A029B77 
 400      619229E3 
 401 0d56 8EE40D26 		.ascii	"\216\344\015&\273\220kdS\363X\2246N\245\301\306\267"
 401      BB906B64 
 401      53F35894 
 401      364EA5C1 
 401      C6B7
 402 0d68 A530275D 		.ascii	"\2450']\215\373]\311\306\367\037\0176\365\\S\"\2375"
 402      8DFB5DC9 
 402      C6F71F0F 
 402      36F55C53 
 402      229F35
 403 0d7b 64EBAB26 		.ascii	"d\353\253&\033^vF\267\264>\214\335\375C\212\202\276"
 403      1B5E7646 
 403      B7B43E8C 
 403      DDFD438A 
 403      82BE
 404 0d8d BD64493B 		.ascii	"\275dI;\011\271\373H\354\353\307\360\032k\223\266[r"
 404      09B9FB48 
 404      ECEBC7F0 
 404      1A6B93B6 
 404      5B72
 405 0d9f 1F00D531 		.ascii	"\037\000\3251\336\247\317A]\236\202\266\225o\323\266"
 405      DEA7CF41 
 405      5D9E82B6 
 405      956FD3B6 
 406 0daf 5EA6AB98 		.ascii	"^\246\253\230\177\013\240\001=\344\344\016\314u\264"
 406      7F0BA001 
 406      3DE4E40E 
 406      CC75B4
 407 0dbe A2CBE824 		.ascii	"\242\313\350$\302\273\022x\027\001\357B\333\0050\235"
 407      C2BB1278 
 407      1701EF42 
 407      DB05309D 
 408 0dce 270679B5 		.ascii	"'\006y\265\321\216\230\014\347\367\206\203\351<\247"
 408      D18E980C 
 408      E7F78683 
 408      E93CA7
 409 0ddd 8BA14974 		.ascii	"\213\241It8$\267oL%6\015\274xy\003\177\002\027\037\223"
 409      3824B76F 
 409      4C25360D 
 409      BC787903 
 409      7F02171F 
ARM GAS  /tmp/ccv43zLX.s 			page 33


 410 0df2 E915A061 		.ascii	"\351\025\240a)\327\366\002\234\237\007mO\000\034\267"
 410      29D7F602 
 410      9C9F076D 
 410      4F001CB7 
 411 0e02 F14673A6 		.ascii	"\361Fs\246\327~3Q\201\004m\030T S\254\233Ng\367\247"
 411      D77E3351 
 411      81046D18 
 411      542053AC 
 411      9B4E67F7 
 412 0e17 5621437C 		.ascii	"V!C|\306\312B\346\274\231\307I\030\357\362\031\266\036"
 412      C6CA42E6 
 412      BC99C749 
 412      18EFF219 
 412      B61E
 413 0e29 972EBB76 		.ascii	"\227.\273v\021\315\003\266+G\364\236%\242\247\201\357"
 413      11CD03B6 
 413      2B47F49E 
 413      25A2A781 
 413      EF
 414 0e3a BDBF37A2 		.ascii	"\275\2777\242\247\271\372g\201w\031\360>c\023\321fi"
 414      A7B9FA67 
 414      817719F0 
 414      3E6313D1 
 414      6669
 415 0e4c 44EF2326 		.ascii	"D\357#&\303yD\353-\021-\307l\007\264\234\334>\242'%"
 415      C37944EB 
 415      2D112DC7 
 415      6C07B49C 
 415      DC3EA227 
 416 0e61 7D5946E6 		.ascii	"}YF\346\211\365\264\230F\273\362iG{\236\227i\036\344"
 416      89F5B498 
 416      46BBF269 
 416      477B9E97 
 416      691EE4
 417 0e74 DA31471D 		.ascii	"\3321G\035{,\203+M\336lur\207;\355\375\203\031\254\205"
 417      7B2C832B 
 417      4DDE6C75 
 417      72873BED 
 417      FD8319AC 
 418 0e89 943A1233 		.ascii	"\224:\0223\230\2726\222\\$y\227\213\255\025XJwV|[\232"
 418      98BA3692 
 418      5C247997 
 418      8BAD1558 
 418      4A77567C 
 419 0e9f 4EB52CC0 		.ascii	"N\265,\300\366w\322\205\231\267'<\351\233>\222\337-"
 419      F677D285 
 419      99B7273C 
 419      E99B3E92 
 419      DF2D
 420 0eb1 EC4D5F7D 		.ascii	"\354M_}\\r\213\315\367\010\244\345\212\257\372.b\362"
 420      5C728BCD 
 420      F708A4E5 
 420      8AAFFA2E 
 420      62F2
 421 0ec3 AAAF0AF3 		.ascii	"\252\257\012\363W}ym3\335\232w\262\315\331\335\346\352"
 421      577D796D 
 421      33DD9A77 
ARM GAS  /tmp/ccv43zLX.s 			page 34


 421      B2CDD9DD 
 421      E6EA
 422 0ed5 AB458AC2 		.ascii	"\253E\212\302\276zX.\321G\204\014\025\210\015\241\200"
 422      BE7A582E 
 422      D147840C 
 422      15880DA1 
 422      80
 423 0ee6 BC8946F9 		.ascii	"\274\211F\371\250\013\241c`\260\014]\302\357\300\354"
 423      A80BA163 
 423      60B00C5D 
 423      C2EFC0EC 
 424 0ef6 2B83B967 		.ascii	"+\203\271g\225\370\264\033\275\355v\360\345\204\355"
 424      95F8B41B 
 424      BDED76F0 
 424      E584ED
 425 0f05 27063558 		.ascii	"'\0065XX\376R\274\226\015\332\276L\256c\203\373\346"
 425      58FE52BC 
 425      960DDABE 
 425      4CAE6383 
 425      FBE6
 426 0f17 17BA5D70 		.ascii	"\027\272]p\023c?\222\226\231\"\340V\206\244$\026\237"
 426      13633F92 
 426      969922E0 
 426      5686A424 
 426      169F
 427 0f29 47B88B22 		.ascii	"G\270\213\"\302\271\2263W\224H\0157\363\222\2507\332"
 427      C2B99633 
 427      5794480D 
 427      37F392A8 
 427      37DA
 428 0f3b D471038B 		.ascii	"\324q\003\213:\213^W\225ba\212\355\253\032x\0265\376"
 428      3A8B5E57 
 428      9562618A 
 428      EDAB1A78 
 428      1635FE
 429 0f4e 1DFBE8AB 		.ascii	"\035\373\350\253\230\321\223\234\276\0169}\315v\037"
 429      98D1939C 
 429      BE0E397D 
 429      CD761F
 430 0f5d CDDA77E3 		.ascii	"\315\332w\343\262`\211\356\371\302\362\366\266\377Y"
 430      B26089EE 
 430      F9C2F2F6 
 430      B6FF59
 431 0f6c CA88C6FA 		.ascii	"\312\210\306\372\246\366\0063\372N\311\225<\205\323"
 431      A6F60633 
 431      FA4EC995 
 431      3C85D3
 432 0f7b 37B5CD34 		.ascii	"7\265\3154|M\226\360\225\335\310JWH\037\004\301u\211"
 432      7C4D96F0 
 432      95DDC84A 
 432      57481F04 
 432      C17589
 433 0f8e D937B1E4 		.ascii	"\3317\261\344=\352\351\316\275u\032\234D\037\177\313"
 433      3DEAE9CE 
 433      BD751A9C 
 433      441F7FCB 
 434 0f9e A31F     		.ascii	"\243\037"
ARM GAS  /tmp/ccv43zLX.s 			page 35


 435 0fa0 F70E20DB 		.ascii	"\367\016 \333'\251\322\251\3506\030&\316\266\274\317"
 435      27A9D2A9 
 435      E8361826 
 435      CEB6BCCF 
 436 0fb0 FD552A7D 		.ascii	"\375U*}\237{\213d\233\230\25371{\232\252<9|t\036!\372"
 436      9F7B8B64 
 436      9B98AB37 
 436      317B9AAA 
 436      3C397C74 
 437 0fc7 0465B5D5 		.ascii	"\004e\265\325\325{\352\370\016\314\342\3536\307\276"
 437      D57BEAF8 
 437      0ECCE2EB 
 437      36C7BE
 438 0fd6 E6F59DCA 		.ascii	"\346\365\235\312+\013\234t\005\333\021\333\256\344d"
 438      2B0B9C74 
 438      05DB11DB 
 438      AEE464
 439 0fe5 7FF323B6 		.ascii	"\177\363#\266\356\023\205:\355YK{+\217M\212\027{\000"
 439      EE13853A 
 439      ED594B7B 
 439      2B8F4D8A 
 439      177B00
 440 0ff8 B76CD70B 		.ascii	"\267l\327\013\274^\246H"
 440      BC5EA648 
 441 1000 1A51BDBD 		.ascii	"\032Q\275\275h'w\242\226F.\243\324$#\356\201\343Z\241"
 441      682777A2 
 441      96462EA3 
 441      D42423EE 
 441      81E35AA1 
 442 1014 CBDD07B8 		.ascii	"\313\335\007\270\003p\227g\007y\011\227|\245\310\005"
 442      03709767 
 442      07790997 
 442      7CA5C805 
 443 1024 E7B00094 		.ascii	"\347\260\000\224\214\346u\251\320j\037\207\317\"\332"
 443      8CE675A9 
 443      D06A1F87 
 443      CF22DA
 444 1033 81C9EB18 		.ascii	"\201\311\353\030\362\336\220J{\303C ~ F\244\015\363"
 444      F2DE904A 
 444      7BC34320 
 444      7E2046A4 
 444      0DF3
 445 1045 1DC18E8E 		.ascii	"\035\301\216\216\032\333\207\366\017m\312\242\003[\036"
 445      1ADB87F6 
 445      0F6DCAA2 
 445      035B1E
 446 1054 14F6CD24 		.ascii	"\024\366\315$\307\262\017\011`\014]f\251X\032\227<\356"
 446      C7B20F09 
 446      600C5D66 
 446      A9581A97 
 446      3CEE
 447 1066 E2BC9574 		.ascii	"\342\274\225t\322\\|d\311\305\321\262\364v\017\261\225"
 447      D25C7C64 
 447      C9C5D1B2 
 447      F4760FB1 
 447      95
 448 1077 140CF056 		.ascii	"\024\014\360V\002d\250Z\324\015Nm[I\027m%\261\245\305"
ARM GAS  /tmp/ccv43zLX.s 			page 36


 448      0264A85A 
 448      D40D4E6D 
 448      5B49176D 
 448      25B1A5C5 
 449 108b 832A7C82 		.ascii	"\203*|\202\275\234\031\035Ix\301j\205l\256Y\261\234"
 449      BD9C191D 
 449      4978C16A 
 449      856CAE59 
 449      B19C
 450 109d D97EB782 		.ascii	"\331~\267\2025;\242E\017\3230)\275\254\0049\375\370"
 450      353BA245 
 450      0FD33029 
 450      BDAC0439 
 450      FDF8
 451 10af AA8F2AD8 		.ascii	"\252\217*\330kQ0)\371z\217\034\024\354f\3678%\361\240"
 451      6B513029 
 451      F97A8F1C 
 451      14EC66F7 
 451      3825F1A0 
 452 10c3 E06144C9 		.ascii	"\340aD\311P\267\250`7f_\335\240~\252Xb\341\275f\001"
 452      50B7A860 
 452      37665FDD 
 452      A07EAA58 
 452      62E1BD66 
 453 10d8 5731C5AE 		.ascii	"W1\305\256\276,\311\362\304\255\014\031J\337\223\255"
 453      BE2CC9F2 
 453      C4AD0C19 
 453      4ADF93AD 
 454 10e8 C20F1852 		.ascii	"\302\017\030R4\237\326\247\306\235\0149Q\031\365\224"
 454      349FD6A7 
 454      C69D0C39 
 454      5119F594 
 455 10f8 7F53564D 		.ascii	"\177SVM\336X\216\230c\253\020\356\247\027]o\337\316"
 455      DE588E98 
 455      63AB10EE 
 455      A7175D6F 
 455      DFCE
 456 110a 1B5422FA 		.ascii	"\033T\"\372l\337\372p\177\351\350?\365\344\3564\357"
 456      6CDFFA70 
 456      7FE9E83F 
 456      F5E4EE34 
 456      EF
 457 111b F3A3CF16 		.ascii	"\363\243\317\026\207@\231\261\225\023\177-K|B\375\330"
 457      874099B1 
 457      95137F2D 
 457      4B7C42FD 
 457      D8
 458 112c 9E7AD9A2 		.ascii	"\236z\331\242\331\234\372V\242\365q\037\331\037;`\356"
 458      D99CFA56 
 458      A2F5711F 
 458      D91F3B60 
 458      EE
 459 113d 600F82BD 		.ascii	"`\017\202\275\371\266\177\214\247\342sH\305\011H\301"
 459      F9B67F8C 
 459      A7E27348 
 459      C50948C1 
 460 114d 51801180 		.ascii	"Q\200\021\200\247\000\317\000\306mW\3644o&\015\032\327"
ARM GAS  /tmp/ccv43zLX.s 			page 37


 460      A700CF00 
 460      C66D57F4 
 460      346F260D 
 460      1AD7
 461 115f B0BD6ECB 		.ascii	"\260\275n\313\357\014\306,\312\221%b\3201\275t{|\220"
 461      EF0CC62C 
 461      CA912562 
 461      D031BD74 
 461      7B7C90
 462 1172 F6D73147 		.ascii	"\366\3271G%<6\244`n\261\334\302,w\313\006\376\004\275"
 462      253C36A4 
 462      606EB1DC 
 462      C22C77CB 
 462      06FE04BD 
 463 1186 B66BF002 		.ascii	"\266k\360\002\306\217Y-\356\212\237=&\330\325\242\305"
 463      C68F592D 
 463      EE8A9F3D 
 463      26D8D5A2 
 463      C5
 464 1197 7AF4028C 		.ascii	"z\364\002\214~S\0070\025\357\261]\305\024L\232\024\323"
 464      7E530730 
 464      15EFB15D 
 464      C5144C9A 
 464      14D3
 465 11a9 6ACC5293 		.ascii	"j\314R\223\3631\021f\365j.k\2673Y\262\025\005\221o?"
 465      F3311166 
 465      F56A2E6B 
 465      B73359B2 
 465      1505916F 
 466 11be 865AEEDB 		.ascii	"\206Z\356\333|\247\365\322\246\264\247\255\245\335a"
 466      7CA7F5D2 
 466      A6B4A7AD 
 466      A5DD61
 467 11cd 2E7BEC41 		.ascii	".{\354A\013\007\306x1\345W\034\231qw^\331\263\264pf"
 467      0B07C678 
 467      31E5571C 
 467      9971775E 
 467      D9B3B470 
 468 11e2 2C857368 		.ascii	",\205sh\2549F\303\013\247\263\362\255\204\310l\037B"
 468      AC3946C3 
 468      0BA7B3F2 
 468      AD84C86C 
 468      1F42
 469 11f4 820644EB 		.ascii	"\202\006D\353\006,E3G\213f\351Hg\225\006\277R\2417Z"
 469      062C4533 
 469      478B66E9 
 469      48679506 
 469      BF52A137 
 470 1209 F95EB162 		.ascii	"\371^\261b\356\335\033\377\003\353nf\201\215%\224\235"
 470      EEDD1BFF 
 470      03EB6E66 
 470      818D2594 
 470      9D
 471 121a FAC4E962 		.ascii	"\372\304\351b\270D\325\\\264\250y\355F\372]\301R\337"
 471      B844D55C 
 471      B4A879ED 
 471      46FA5DC1 
ARM GAS  /tmp/ccv43zLX.s 			page 38


 471      52DF
 472 122c 8714B1B9 		.ascii	"\207\024\261\271\274\276\201\014\315\213\252\316[T5"
 472      BCBE810C 
 472      CD8BAACE 
 472      5B5435
 473 123b 0B44D59A 		.ascii	"\013D\325\232\027\321{T8\336\235\252\232\024\225\377"
 473      17D17B54 
 473      38DE9DAA 
 473      9A1495FF 
 474 124b 5C696D83 		.ascii	"\\im\203L\327\252\236\206gj\247:D\012D\207\355\002\327"
 474      4CD7AA9E 
 474      86676AA7 
 474      3A440A44 
 474      87ED02D7 
 475 125f 61A176B8 		.ascii	"a\241v\270E\315uh\257R\\\314\335Y\375gJ\204\"\004\361"
 475      45CD7568 
 475      AF525CCC 
 475      DD59FD67 
 475      4A842204 
 476 1274 B199C035 		.ascii	"\261\231\3005\210\242\032\244o\337\331\244\224Fr\311"
 476      88A21AA4 
 476      6FDFD9A4 
 476      944672C9 
 477 1284 6611DF21 		.ascii	"f\021\337!\320H\222#\020\307\224\267v\012*\361c\014"
 477      D0489223 
 477      10C794B7 
 477      760A2AF1 
 477      630C
 478 1296 F2B244A4 		.ascii	"\362\262D\244\335)\220\257\371|\351->\020\307=\275\225"
 478      DD2990AF 
 478      F97CE92D 
 478      3E10C73D 
 478      BD95
 479 12a8 A2F6DAC7 		.ascii	"\242\366\332\307\323\372mD\277*\024u\337%xY\346P\204"
 479      D3FA6D44 
 479      BF2A1475 
 479      DF257859 
 479      E65084
 480 12bb 0466BEE4 		.ascii	"\004f\276\344\002\377\012H\011\350tiv\263\306\251\264"
 480      02FF0A48 
 480      09E87469 
 480      76B3C6A9 
 480      B4
 481 12cc 688BB4DD 		.ascii	"h\213\264\335\002\0257\025\263c\232\177YK>\367\261|"
 481      02153715 
 481      B3639A7F 
 481      594B3EF7 
 481      B17C
 482 12de 63B5867D 		.ascii	"c\265\206}c\325\336R\\\257\261W&V\360F1\002a\026G\225"
 482      63D5DE52 
 482      5CAFB157 
 482      2656F046 
 482      31026116 
 483 12f4 8966CAC4 		.ascii	"\211f\312\304Qe\346\373z\036\271J\0353k\343\230=\334"
 483      5165E6FB 
 483      7A1EB94A 
 483      1D336BE3 
ARM GAS  /tmp/ccv43zLX.s 			page 39


 483      983DDC
 484 1307 317BA863 		.ascii	"1{\250c\232:n\027\")\361\224M=\354\345\304{)\361\363"
 484      9A3A6E17 
 484      2229F194 
 484      4D3DECE5 
 484      C47B29F1 
 485 131c 8A9E729B 		.ascii	"\212\236r\233/\334\372l8\307s\342xJ\034\267\2430\302"
 485      2FDCFA6C 
 485      38C773E2 
 485      784A1CB7 
 485      A330C2
 486 132f 05A7B30C 		.ascii	"\005\247\263\014\231\211\270[\243r\272\342$\320l\370"
 486      9989B85B 
 486      A372BAE2 
 486      24D06CF8 
 487 133f CA929007 		.ascii	"\312\222\220\007\362\016\220d\250\206\025q|Tq-\226\274"
 487      F20E9064 
 487      A8861571 
 487      7C54712D 
 487      96BC
 488 1351 6D8B307F 		.ascii	"m\2130\177\364)\241C\373\304\204\330'\330\255\211\211"
 488      F429A143 
 488      FBC484D8 
 488      27D8AD89 
 488      89
 489 1362 3431F2A6 		.ascii	"41\362\246gb=p5\023\274ca\242\333\2033\033y\202\013"
 489      67623D70 
 489      3513BC63 
 489      61A2DB83 
 489      331B7982 
 490 1377 4FC30E16 		.ascii	"O\303\016\026\014\210B\002\345\266_\344\266\337\236"
 490      0C884202 
 490      E5B65FE4 
 490      B6DF9E
 491 1386 DB01CAED 		.ascii	"\333\001\312\355\376`\255?nd\314\012K\016\235\360\300"
 491      FE60AD3F 
 491      6E64CC0A 
 491      4B0E9DF0 
 491      C0
 492 1397 6D0C89AD 		.ascii	"m\014\211\255\255\313 I\217\222i^\222\3568\333\265\212"
 492      ADCB2049 
 492      8F92695E 
 492      92EE38DB 
 492      B58A
 493 13a9 564195F5 		.ascii	"VA\225\365K\303\313'\212\026<\234\332\235J\355N\261"
 493      4BC3CB27 
 493      8A163C9C 
 493      DA9D4AED 
 493      4EB1
 494 13bb 54C1607A 		.ascii	"T\301`z\362\011w\256\353\364+E[i;3\274AN(Q\222EWtP\020"
 494      F20977AE 
 494      EBF42B45 
 494      5B693B33 
 494      BC414E28 
 495 13d6 0866AB6E 		.ascii	"\010f\253n\032U\267e\254\"\316\035g\250\251\212\371"
 495      1A55B765 
 495      AC22CE1D 
ARM GAS  /tmp/ccv43zLX.s 			page 40


 495      67A8A98A 
 495      F9
 496 13e7 517B9794 		.ascii	"Q{\227\224\242'\037\331z2]\264=\335\236Y\006e\326\235"
 496      A2271FD9 
 496      7A325DB4 
 496      3DDD9E59 
 496      0665D69D 
 497 13fb 35B45F83 		.ascii	"5\264_\203\363\031\263\353\027\217\334U\210\236|h\347"
 497      F319B3EB 
 497      178FDC55 
 497      889E7C68 
 497      E7
 498 140c C94C915B 		.ascii	"\311L\221[\246=\267C\224[\303\341\366d\233]\025\251"
 498      A63DB743 
 498      945BC3E1 
 498      F6649B5D 
 498      15A9
 499 141e 6F317BB2 		.ascii	"o1{\262x\366d\321\354\271<\035;\346\206\3170\321CC\207"
 499      78F664D1 
 499      ECB93C1D 
 499      3BE686CF 
 499      30D14343 
 500 1433 0FF0CF0E 		.ascii	"\017\360\317\016\337\"\037\312\354\257\311T\262\012"
 500      DF221FCA 
 500      ECAFC954 
 500      B20A
 501 1441 6921FB84 		.ascii	"i!\373\204\303M\223\311*\\\313h\247\016\336x\300?;\377"
 501      C34D93C9 
 501      2A5CCB68 
 501      A70EDE78 
 501      C03F3BFF 
 502 1455 11A0390B 		.ascii	"\021\2409\0135'\235\227b\256\245\024\217\262R\274\263"
 502      35279D97 
 502      62AEA514 
 502      8FB252BC 
 502      B3
 503 1466 10D3A5B0 		.ascii	"\020\323\245\260/\266\034(\266\303\264\330\362h\261"
 503      2FB61C28 
 503      B6C3B4D8 
 503      F268B1
 504 1475 D149843A 		.ascii	"\321I\204:s\260v\321\2464\033V\242n-\275\230\253\370"
 504      73B076D1 
 504      A6341B56 
 504      A26E2DBD 
 504      98ABF8
 505 1488 D911734B 		.ascii	"\331\021sK5\335\350\035\037\2102G\354\204m\3651\301"
 505      35DDE81D 
 505      1F883247 
 505      EC846DF5 
 505      31C1
 506 149a 0B1D01E7 		.ascii	"\013\035\001\347\301\206N29\033F\376\012\311\225/\374"
 506      C1864E32 
 506      391B46FE 
 506      0AC9952F 
 506      FC
 507 14ab 4CB65A17 		.ascii	"L\266Z\027\360\327\000\377M\006\275\237I\377\211!4\370"
 507      F0D700FF 
ARM GAS  /tmp/ccv43zLX.s 			page 41


 507      4D06BD9F 
 507      49FF8921 
 507      34F8
 508 14bd 53BD5F98 		.ascii	"S\275_\230\353\037\377\375\313\2677m\330 s1}\035\036"
 508      EB1FFFFD 
 508      CBB7376D 
 508      D8207331 
 508      7D1D1E
 509 14d0 A2D39A7E 		.ascii	"\242\323\232~\262~\275\257o\250\321\327`\362\015\014"
 509      B27EBDAF 
 509      6FA8D1D7 
 509      60F20D0C 
 510 14e0 D10585FB 		.ascii	"\321\005\205\373\353}u\001\246\000\230\344o\\\037 S"
 510      EB7D7501 
 510      A60098E4 
 510      6F5C1F20 
 510      53
 511 14f1 69B5E181 		.ascii	"i\265\341\201!\246\3677jM\357\372\206\033\015V\242\020"
 511      21A6F737 
 511      6A4DEFFA 
 511      861B0D56 
 511      A210
 512 1503 FDD6A0C0 		.ascii	"\375\326\240\300\257|\203\375t\001\201!z_\255\277\376"
 512      AF7C83FD 
 512      74018121 
 512      7A5FADBF 
 512      FE
 513 1514 6BBFF020 		.ascii	"k\277\360 \223\326\264-LO&\272Z\246\275\343h\232q\233"
 513      93D6B42D 
 513      4C4F26BA 
 513      5AA6BDE3 
 513      689A719B 
 514 1528 D1576B34 		.ascii	"\321Wk4\371\003\015\320\272\230\302\014\201\241Z\323"
 514      F9030DD0 
 514      BA98C20C 
 514      81A15AD3 
 515 1538 FB5C175D 		.ascii	"\373\\\027]hpph\210oX\250\301d\364\375\370/\237o\372"
 515      68707068 
 515      886F58A8 
 515      C164F4FD 
 515      F82F9F6F 
 516 154d FC3B3216 		.ascii	"\374;2\026\026\030\2447\030}\377\270i\023Q\221\313\021"
 516      1618A437 
 516      187DFFB8 
 516      69135191 
 516      CB11
 517 155f 74017E06 		.ascii	"t\001~\006\2451\360\177\365Z\323F*\212\360\337\242\323"
 517      A531F07F 
 517      F55AD346 
 517      2A8AF0DF 
 517      A2D3
 518 1571 F9FA1982 		.ascii	"\371\372\031\202\337\015\011\015\321\277\253\367\373"
 518      DF0D090D 
 518      D1BFABF7 
 518      FB
 519 157e 2AD0F783 		.ascii	"*\320\367\203\365\357\257\337`U\003D\203\3020]\031\000"
 519      F5EFAFDF 
ARM GAS  /tmp/ccv43zLX.s 			page 42


 519      60550344 
 519      83C2305D 
 519      1900
 520 1590 86EA0DC2 		.ascii	"\206\352\015\302\327\006\275^\021\346\267Eo\024B\364"
 520      D706BD5E 
 520      11E6B745 
 520      6F1442F4 
 521 15a0 DF99DC61 		.ascii	"\337\231\334a8L\313\257\205\033\365\376\002\221 \220"
 521      384CCBAF 
 521      851BF5FE 
 521      02912090 
 522 15b0 518DE492 		.ascii	"Q\215\344\222\326\344\032f\010\3756\020N5\301\372\340"
 522      D6E41A66 
 522      08FD3610 
 522      4E35C1FA 
 522      E0
 523 15c1 2D7AEA54 		.ascii	"-z\352T0\332\307\326\222P#QJ\364/\320\352B\015z\220"
 523      30DAC7D6 
 523      92502351 
 523      4AF42FD0 
 523      EA420D7A 
 524 15d6 EF0EA7A1 		.ascii	"\357\016\247\241\206m\204_\030\0166}\247\010\335\032"
 524      866D845F 
 524      180E367D 
 524      A708DD1A 
 525 15e6 A237B882 		.ascii	"\2427\270\202\373\203\210O\\`((\320hr\325\207\351C\300"
 525      FB83884F 
 525      5C602828 
 525      D06872D5 
 525      87E943C0 
 526 15fa 5B5BDCF5 		.ascii	"[[\334\365\337\352CL\301~\306o@v\260q\313\377\204\353"
 526      DFEA434C 
 526      C17EC66F 
 526      4076B071 
 526      CBFF84EB 
 527 160e C3F5AB74 		.ascii	"\303\365\253t\001Z\0362-\035\020\302\014\372o=m\206"
 527      015A1E32 
 527      2D1D10C2 
 527      0CFA6F3D 
 527      6D86
 528 1620 B42697AD 		.ascii	"\264&\227\255~\201&`\341)\241&\274=\244\210\326\204"
 528      7E812660 
 528      E129A126 
 528      BC3DA488 
 528      D684
 529 1632 C295FAAD 		.ascii	"\302\225\372\255D\200r\253\011\244\207\301\301\250\017"
 529      448072AB 
 529      09A487C1 
 529      C1A80F
 530 1641 0EC3BA10 		.ascii	"\016\303\272\020\223\233V\313\203\352\302\217\012\030"
 530      939B56CB 
 530      83EAC28F 
 530      0A18
 531 164f 855F2A41 		.ascii	"\205_*A\015|\201\322/,\000Ls1\0225\215[\024\000@\260"
 531      0D7C81D2 
 531      2F2C004C 
 531      73311235 
ARM GAS  /tmp/ccv43zLX.s 			page 43


 531      8D5B1400 
 532 1665 D5643284 		.ascii	"\325d2\204y1AZ\203\376k\275A\037\242\003\235\200y\350"
 532      7931415A 
 532      83FE6BBD 
 532      411FA203 
 532      9D8079E8 
 533 1679 577F0B73 		.ascii	"W\177\013s\325\177\027h\322\205\372\353\225\006\377"
 533      D57F1768 
 533      D285FAEB 
 533      9506FF
 534 1688 6D304300 		.ascii	"m0C\000\022\243\033K\275\017A\232\345h\"\343\300\356"
 534      12A31B4B 
 534      BD0F419A 
 534      E56822E3 
 534      C0EE
 535 169a EB20BF2D 		.ascii	"\353 \277-F\027S0\314\000\314h\202\004w5\321\003a\351"
 535      46175330 
 535      CC00CC68 
 535      82047735 
 535      D10361E9 
 536 16ae F7959F51 		.ascii	"\367\225\237Q\317\023\367\203_\203\237,'*\243\351\033"
 536      CF13F783 
 536      5F839F2C 
 536      272AA3E9 
 536      1B
 537 16bf BFA0C02D 		.ascii	"\277\240\300-!Z\323\272\225R-\200\007G\010\361\013\326"
 537      215AD3BA 
 537      95522D80 
 537      074708F1 
 537      0BD6
 538 16d1 2B428320 		.ascii	"+B\203 \274\012H\\\275\001\353L\337\311\215a\362 \022"
 538      BC0A485C 
 538      BD01EB4C 
 538      DFC98D61 
 538      F22012
 539 16e4 A12D9060 		.ascii	"\241-\220`Z\0236l\330\000\360\236\334\360;\271\341C"
 539      5A13366C 
 539      D800F09E 
 539      DCF03BB9 
 539      E143
 540 16f6 B9E1B772 		.ascii	"\271\341\267r\303\007r\303o\344\206_\273\023\246\304"
 540      C30772C3 
 540      6FE4865F 
 540      BB13A6C4 
 541 1706 6130C9E7 		.ascii	"a0\311\347\265\342\264\337\3766\030D\252\351$]h\210"
 541      B5E2B4DF 
 541      FE361844 
 541      AAE9245D 
 541      6888
 542 1718 09B25020 		.ascii	"\011\262P )\340f\015\227\"8,44\310\225{\321\344\012"
 542      29E0660D 
 542      9722382C 
 542      3434C895 
 542      7BD1E40A 
 543 172c 1782C381 		.ascii	"\027\202\303\201\316\205\376jM?vT\312F]\200?\360}\313"
 543      CE85FE6A 
 543      4D3F7654 
ARM GAS  /tmp/ccv43zLX.s 			page 44


 543      CA465D80 
 543      3FF07DCB 
 544 1740 D135082F 		.ascii	"\3215\010/\\\372\251\303i\333\214\226\012s8\025\002"
 544      5CFAA9C3 
 544      69DB8C96 
 544      0A733815 
 544      02
 545 1751 0D973492 		.ascii	"\015\2274\222\354\325\232~\266r\322\023\"[vF\203\016"
 545      ECD59A7E 
 545      B672D213 
 545      225B7646 
 545      830E
 546 1763 C6FDB781 		.ascii	"\306\375\267\201\233\003u\353u\262\037\3315\254\317"
 546      9B0375EB 
 546      75B21FD9 
 546      35ACCF
 547 1772 29F73F83 		.ascii	")\367?\203\321\012\0326w\310\025\275\316\244%\265\350"
 547      D10A1A36 
 547      77C815BD 
 547      CEA425B5 
 547      E8
 548 1783 4E7CC1CB 		.ascii	"N|\301\313\360\027\257\2556BLlQ\213U\2525Y\264\247\234"
 548      F017AFAD 
 548      36424C6C 
 548      518B55AA 
 548      3559B4A7 
 549 1798 4C90BE9B 		.ascii	"L\220\276\233u\001\377\351\367\215><l\363?H4\331\034"
 549      7501FFE9 
 549      F78D3E3C 
 549      6CF33F48 
 549      34D91C
 550 17ab 6E24C5A7 		.ascii	"n$\305\247\367\377LA\346\205\011[\001Sl%I\206\375\014"
 550      F7FF4C41 
 550      E685095B 
 550      01536C25 
 550      4986FD0C 
 551 17bf 5B56F378 		.ascii	"[V\363x\370\353\215:C`\230)\024\272\202\227."
 551      F8EB8D3A 
 551      43609829 
 551      14BA8297 
 551      2E
 552 17d0 8034DB8F 		.ascii	"\2004\333\217\203\202Bu\037\023\315\365\376\356\272"
 552      83824275 
 552      1F13CDF5 
 552      FEEEBA
 553 17df 0062081D 		.ascii	"\000b\010\035\202\220n\336f\374S\250\356\033\307\276"
 553      82906EDE 
 553      66FC53A8 
 553      EE1BC7BE 
 554 17ef DD465475 		.ascii	"\335FTu\243\231\000\324\337h\264PW&\355\277|\274\371"
 554      A39900D4 
 554      DF68B450 
 554      5726EDBF 
 554      7CBCF9
 555 1802 5FFFFC97 		.ascii	"_\377\374\227\3174~A[\375\266\031!\261\202\240\361\376"
 555      CF347E41 
 555      5BFDB619 
ARM GAS  /tmp/ccv43zLX.s 			page 45


 555      21B182A0 
 555      F1FE
 556 1814 C6D67448 		.ascii	"\306\326tH\032\222V\276\233>\337\374\331f\337M\220W"
 556      1A9256BE 
 556      9B3EDFFC 
 556      D966DF4D 
 556      9057
 557 1826 BE9F59F8 		.ascii	"\276\237Y\370\006\033\003\215Zh\214\244\353P\005\276"
 557      061B038D 
 557      5A688CA4 
 557      EB5005BE 
 558 1836 0C21DC59 		.ascii	"\014!\334Y\232\206\207pI\3245\332\365\037\374n\343F"
 558      9A868770 
 558      49D435DA 
 558      F51FFC6E 
 558      E346
 559 1848 570BF67F 		.ascii	"W\013\366\177\254z\354\367"
 559      AC7AECF7 
 560              		.text
 561              		.section	.gnu.lto_.symtab.5a3e3d7a29799753,"",%progbits
 562 0000 63685468 		.ascii	"chThdCreateFromHeap\000"
 562      64437265 
 562      61746546 
 562      726F6D48 
 562      65617000 
 563 0014 00       		.ascii	"\000"
 564 0015 00       		.ascii	"\000"
 565 0016 00       		.ascii	"\000"
 566 0017 00000000 		.ascii	"\000\000\000\000\000\000\000\000"
 566      00000000 
 567 001f BF010000 		.ascii	"\277\001\000\000"
 568 0023 63685468 		.ascii	"chThdCreateFromMemoryPool\000"
 568      64437265 
 568      61746546 
 568      726F6D4D 
 568      656D6F72 
 569 003d 00       		.ascii	"\000"
 570 003e 00       		.ascii	"\000"
 571 003f 00       		.ascii	"\000"
 572 0040 00000000 		.ascii	"\000\000\000\000\000\000\000\000"
 572      00000000 
 573 0048 DF010000 		.ascii	"\337\001\000\000"
 574 004c 63685363 		.ascii	"chSchWakeupS\000"
 574      6857616B 
 574      65757053 
 574      00
 575 0059 00       		.ascii	"\000"
 576 005a 02       		.ascii	"\002"
 577 005b 00       		.ascii	"\000"
 578 005c 00000000 		.ascii	"\000\000\000\000\000\000\000\000"
 578      00000000 
 579 0064 E4010000 		.ascii	"\344\001\000\000"
 580 0068 63685468 		.ascii	"chThdCreateSuspendedI\000"
 580      64437265 
 580      61746553 
 580      75737065 
 580      6E646564 
ARM GAS  /tmp/ccv43zLX.s 			page 46


 581 007e 00       		.ascii	"\000"
 582 007f 02       		.ascii	"\002"
 583 0080 00       		.ascii	"\000"
 584 0081 00000000 		.ascii	"\000\000\000\000\000\000\000\000"
 584      00000000 
 585 0089 FA010000 		.ascii	"\372\001\000\000"
 586 008d 63684865 		.ascii	"chHeapAllocAligned\000"
 586      6170416C 
 586      6C6F6341 
 586      6C69676E 
 586      656400
 587 00a0 00       		.ascii	"\000"
 588 00a1 02       		.ascii	"\002"
 589 00a2 00       		.ascii	"\000"
 590 00a3 00000000 		.ascii	"\000\000\000\000\000\000\000\000"
 590      00000000 
 591 00ab 00020000 		.ascii	"\000\002\000\000"
 592 00af 6368506F 		.ascii	"chPoolAlloc\000"
 592      6F6C416C 
 592      6C6F6300 
 593 00bb 00       		.ascii	"\000"
 594 00bc 02       		.ascii	"\002"
 595 00bd 00       		.ascii	"\000"
 596 00be 00000000 		.ascii	"\000\000\000\000\000\000\000\000"
 596      00000000 
 597 00c6 04020000 		.ascii	"\004\002\000\000"
 598              		.text
 599              		.section	.gnu.lto_.opts,"",%progbits
 600 0000 272D666D 		.ascii	"'-fmath-errno' '-fsigned-zeros' '-ftrapping-math' '"
 600      6174682D 
 600      6572726E 
 600      6F272027 
 600      2D667369 
 601 0033 2D666E6F 		.ascii	"-fno-trapv' '-fno-openmp' '-fno-openacc' '-mcpu=cor"
 601      2D747261 
 601      70762720 
 601      272D666E 
 601      6F2D6F70 
 602 0066 7465782D 		.ascii	"tex-m4' '-mno-thumb-interwork' '-mthumb' '-ggdb' '-"
 602      6D342720 
 602      272D6D6E 
 602      6F2D7468 
 602      756D622D 
 603 0099 4F322720 		.ascii	"O2' '-fomit-frame-pointer' '-falign-functions=16' '"
 603      272D666F 
 603      6D69742D 
 603      6672616D 
 603      652D706F 
 604 00cc 2D666675 		.ascii	"-ffunction-sections' '-fdata-sections' '-fno-common"
 604      6E637469 
 604      6F6E2D73 
 604      65637469 
 604      6F6E7327 
 605 00ff 2720272D 		.ascii	"' '-flto'\000"
 605      666C746F 
 605      2700
 606              		.text
ARM GAS  /tmp/ccv43zLX.s 			page 47


 607              		.comm	__gnu_lto_v1,1,1
 608              		.comm	__gnu_lto_slim,1,1
 609              		.ident	"GCC: (15:6.3.1+svn253039-1build1) 6.3.1 20170620"
ARM GAS  /tmp/ccv43zLX.s 			page 48


DEFINED SYMBOLS
                            *ABS*:0000000000000000 chdynamic.c
                            *COM*:0000000000000001 __gnu_lto_v1
                            *COM*:0000000000000001 __gnu_lto_slim

NO UNDEFINED SYMBOLS
