ARM GAS  /tmp/ccIhZyK9.s 			page 1


   1              		.cpu cortex-m4
   2              		.eabi_attribute 20, 1
   3              		.eabi_attribute 21, 1
   4              		.eabi_attribute 23, 3
   5              		.eabi_attribute 24, 1
   6              		.eabi_attribute 25, 1
   7              		.eabi_attribute 26, 1
   8              		.eabi_attribute 30, 2
   9              		.eabi_attribute 34, 1
  10              		.eabi_attribute 18, 4
  11              		.file	"chmemcore.c"
  12              		.text
  13              	.Ltext0:
  14              		.section	.gnu.lto_.profile.fc0b0545c5f1b738,"",%progbits
  15 0000 789C6365 		.ascii	"x\234ce`b`a```d\320\327\006\000\001\011\000g"
  15      60626061 
  15      60606064 
  15      D0D70600 
  15      01090067 
  16              		.text
  17              		.section	.gnu.lto_.icf.fc0b0545c5f1b738,"",%progbits
  18 0000 789C6365 		.ascii	"x\234ce`bP`@\000V\2063\337V\335eb\354\377\373\3769/"
  18      60625060 
  18      40005686 
  18      33DF56DD 
  18      6562ECFF 
  19 0018 CBBFB327 		.ascii	"\313\277\263'n\260\263\316=1y\022\017\333\246{\347\333"
  19      6EB0B3CE 
  19      3D317912 
  19      0FDBA67B 
  19      E7DB
  20 002a D9180014 		.ascii	"\331\030\000\024\226\017\353"
  20      960FEB
  21              		.text
  22              		.section	.gnu.lto_.jmpfuncs.fc0b0545c5f1b738,"",%progbits
  23 0000 789C6365 		.ascii	"x\234ce`b\220b@\000\026\020ffddd\257\257\257g\2051\330"
  23      60629062 
  23      40001610 
  23      66666464 
  23      64AFAFAF 
  24 0018 80A20026 		.ascii	"\200\242\000&\353\003I"
  24      EB0349
  25              		.text
  26              		.section	.gnu.lto_.inline.fc0b0545c5f1b738,"",%progbits
  27 0000 789C6365 		.ascii	"x\234ce`b\250`@\000\026\006\006V\026F\006&\226\005\362"
  27      6062A860 
  27      40001606 
  27      06561646 
  27      06269605 
  28 0015 0C6C0BE4 		.ascii	"\014l\013\344\231 b\302B\214L\214\012\214@6\210`\221"
  28      992062C2 
  28      428C4C8C 
  28      0A8C4036 
  28      886091
  29 0028 D8B29511 		.ascii	"\330\262\225\021\"\313\366A\217\207\201\351\002?\013"
  29      22CBF641 
  29      8F8781E9 
ARM GAS  /tmp/ccIhZyK9.s 			page 2


  29      023F0B
  30 0037 481D2B83 		.ascii	"H\035+\203\250\010#\023X\011X1\213\314\225+h\3528@\352"
  30      A8082313 
  30      58095831 
  30      8BCC952B 
  30      68EA3840 
  31 004c D818D858 		.ascii	"\330\030\330X\201V\000\305\340V0\000\0005%\016\007"
  31      815600C5 
  31      E0563000 
  31      0035250E 
  31      07
  32              		.text
  33              		.section	.gnu.lto_.pureconst.fc0b0545c5f1b738,"",%progbits
  34 0000 789C6365 		.ascii	"x\234ce`b\340b```a\220`\221`\335\305\310\306\002\000"
  34      6062E062 
  34      60606061 
  34      90609160 
  34      DDC5C8C6 
  35 0016 05C00114 		.ascii	"\005\300\001\024"
  36              		.text
  37              		.section	.gnu.lto__core_init.fc0b0545c5f1b738,"",%progbits
  38 0000 789C8591 		.ascii	"x\234\205\221OK\033A\030\207\337\337L\022C1\224\202"
  38      4F4B1B41 
  38      1887DFDF 
  38      4C124331 
  38      9482
  39 0012 87627BE8 		.ascii	"\207b{\350\241A\274d/\375\002\375$\213\256\013\021\214"
  39      A141BC64 
  39      2FFD02FD 
  39      248BAE0B 
  39      118C
  40 0024 2906BC66 		.ascii	")\006\274f\"\330\264)MK\241\325\026d\027rH\325jL\033"
  40      22D8B429 
  40      4D4BA1D5 
  40      16641772 
  40      48D56A4C 
  41 0039 6BD68B21 		.ascii	"k\326\213!x\224\010\202\010\026J\221ThiO\245\207\012"
  41      78940882 
  41      08164A91 
  41      5468694F 
  41      A5870A
  42 004c DABE332E 		.ascii	"\332\2763.\375cA\007\206ywf~\317>3\023%A\216 \272MD"
  42      FD634107 
  42      86797766 
  42      7ECF3E33 
  42      1325418E 
  43 0064 D7B84312 		.ascii	"\327\270C\022\304\343\016Q!.\000]\2508(/\220\307#9#"
  43      C4E30E51 
  43      212E005D 
  43      A838282F 
  43      90C72339 
  44 0079 D12E1E06 		.ascii	"\321.\036\006b\260\252\270\265fvbw\325\364UO\022=\347"
  44      62B0AAB8 
  44      B5667662 
  44      77D5F455 
  44      4F123DE7 
  45 008d AE1BAA18 		.ascii	"\256\033\252\030$\336\366\275\364\355cB\016@\327\376"
ARM GAS  /tmp/ccIhZyK9.s 			page 3


  45      24DEF6BD 
  45      F4ED6342 
  45      0E40D7FE 
  46 009d 467BFB72 		.ascii	"F{\373r\262\242>p\344\360E\337\023\345\317\252\210'"
  46      B2A23E70 
  46      E4F045DF 
  46      13E5CFAA 
  46      8827
  47 00af 81979061 		.ascii	"\201\227\220aN\227\244\367\356u\033u\310[&\367>X\256"
  47      4E97A4F7 
  47      EE751B75 
  47      C85B26F7 
  47      3E58AE
  48 00c2 C7C2DC7E 		.ascii	"\307\302\334~\177A\265\0137tj\341Oj!L\035\324O\236&"
  48      7F41B50B 
  48      37746AE1 
  48      4F6A214C 
  48      1DD44F9E 
  49 00d7 62112C22 		.ascii	"b\021,\"\211y$Om\360\0121\360X\333AK\235\374,\252V\247"
  49      8979244F 
  49      6DF00A31 
  49      F058DB41 
  49      4B9DFC2C 
  50 00ee BFD6E85E 		.ascii	"\277\326\350^\211\020\225x]\037\355\201\024z\224\237"
  50      89109578 
  50      5D1FED81 
  50      147A949F 
  51 00fe 3075543C 		.ascii	"0uT<^mBg\230\367l\272\275\335S\226\236\024F$\010\276"
  51      5E6D4267 
  51      98F76CBA 
  51      BDDD5396 
  51      9E144624 
  52 0114 BCEBC91F 		.ascii	"\274\353\311\037\2538OT4\232\347>o\355n^\3620\007OJ"
  52      AB384F54 
  52      349AE73E 
  52      6FED6E5E 
  52      F230074F 
  53 0129 2CF3ED2C 		.ascii	",\363\355,\341\272Y(7W\356\307\255%}A\376\244'#\250"
  53      E1BA5928 
  53      3757EEC7 
  53      AD257D41 
  53      FEA42723 
  54 013e C1C3AC11 		.ascii	"\301\303\254\021\306\012\254\277\351\321\263\364hE\342"
  54      C60AACBF 
  54      E9D1B3F4 
  54      6845E2
  55 014d 2C1D78CD 		.ascii	",\035x\315\364zH\367\217~\354\366\362\346{L?\200F\274"
  55      F47A48F7 
  55      8F7EECF6 
  55      F2E67B4C 
  55      3F8046BC 
  56 0161 613CA31B 		.ascii	"a<\243\033\310\2239\306\303\265\337\307\270\320{\365"
  56      C89339C6 
  56      C3B5DFC7 
  56      B8D07BF5 
  57 0171 3CEFB7C6 		.ascii	"<\357\267\306[\337 \326\214\367\277\242\342\177\321"
  57      5BDF20D6 
ARM GAS  /tmp/ccIhZyK9.s 			page 4


  57      8CF7BFA2 
  57      E27FD1
  58 0180 E6B9A2C1 		.ascii	"\346\271\242\301\251\350:\213~\305\224_)\033M\363\220"
  58      A9E83A8B 
  58      7EC5945F 
  58      291B4DF3 
  58      90
  59 0191 25FE0DBF 		.ascii	"%\376\015\277\003#o\246R\226\225\315YN6\223\311\216"
  59      03236FA6 
  59      529695CD 
  59      594E3693 
  59      C98E
  60 01a3 7335363A 		.ascii	"s56:l\345&\034\313Ig\334\214\223\235pS\016\365\332v"
  60      6CE5261C 
  60      CB4967DC 
  60      8C939D70 
  60      530EF5DA 
  61 01b8 DA1DBA63 		.ascii	"\332\035\272c\273\343#\266\235\010?\206\207r\256m\377"
  61      BBE323B6 
  61      9D083F86 
  61      8772AE6D 
  61      FF
  62 01c9 02808CE5 		.ascii	"\002\200\214\345\316"
  62      CE
  63              		.text
  64              		.section	.gnu.lto_chCoreAllocAlignedWithOffsetI.fc0b0545c5f1b738,"",%progbits
  65 0000 789C8D54 		.ascii	"x\234\215T]KTQ\024\335\373\236s\347\0163\316\370E\320"
  65      5D4B5451 
  65      14DDFB9E 
  65      73E70E33 
  65      CEF845D0 
  66 0014 83840F89 		.ascii	"\203\204\017\211\004\341@\364\322K>\005\375\205\336"
  66      04E140F4 
  66      D24B3E05 
  66      FD85DE
  67 0023 AA614C41 		.ascii	"\252aLA\235\320\210\350\305\253\343\007&\231\025j\205"
  67      9DD088E8 
  67      C5ABE307 
  67      2699156A 
  67      85
  68 0034 E3941A6A 		.ascii	"\343\224\032jej\251eiJ\226\010\232\245d\230}I\0315b"
  68      656AA965 
  68      694A9608 
  68      9AA56498 
  68      7D491935 
  69 0049 505184E5 		.ascii	"PQ\204\345G{\237;f\206\204\027\346\3149\353\254u\317"
  69      477B9F3B 
  69      66868417 
  69      E6CC39EB 
  69      AC75CF
  70 005c DAEB6CAE 		.ascii	"\332\353l\256\016\032<\227\000\251\000\260\207~h\003"
  70      0E1A3C97 
  70      00A900B0 
  70      877E6803 
  71 006c D42A4601 		.ascii	"\324*F\001\362\355\232\246\1774\300t\210\246A\0003J"
  71      F2ED9AA6 
  71      7F34C074 
ARM GAS  /tmp/ccIhZyK9.s 			page 5


  71      88A64100 
  71      334A
  72 007e 4496D25A 		.ascii	"D\226\322ZJ\324-\232\216\310\023\323\216\220\247\011"
  72      4AD42D9A 
  72      8EC813D3 
  72      8E90A709 
  73 008e A9631E9E 		.ascii	"\251c\036\236\022\325\002\307\012\333jD\271\010\011"
  73      12D502C7 
  73      0ADB6A44 
  73      B90809
  74 009d 4049CB2F 		.ascii	"@I\313/\217.\274s\363\0221\221wg?\024:\2675\232f\201"
  74      8F2EBC73 
  74      F3123191 
  74      77673F14 
  74      3AB7359A 
  75 00b3 D95FFDC4 		.ascii	"\331_\375\304\250\016\024\355\015\011\015\316\023\273"
  75      A80E14ED 
  75      0D090DCE 
  75      13BB
  76 00c1 0913B011 		.ascii	"\011\023\260\021\023\330L3n#n]\376\304\260K$#\320\274"
  76      13D84C33 
  76      6E236E5D 
  76      FEC4B04B 
  76      2423D0BC 
  77 00d5 A4A537EC 		.ascii	"\244\2457\354N\276\254t3\225\302\334\032\022\002\257"
  77      4EBEAC74 
  77      3395C2DC 
  77      1A1202AF 
  78 00e5 A0F85B48 		.ascii	"\240\370[H\020\340UL&z\305\257\305iClW\322\300\245\251"
  78      10E0554C 
  78      267AC5AF 
  78      C569436C 
  78      57D2C0A5 
  79 00fa 3E19918E 		.ascii	">\031\221\216\326&T\006L:R\342\265\177\305\022\260E"
  79      D6265406 
  79      4C3A52E2 
  79      B57FC512 
  79      B045
  80 010c 89BF9D9D 		.ascii	"\211\277\235\235z\343\026;\224\370GW\347\260\036\021"
  80      7AE3163B 
  80      94F84757 
  80      E7B01E11 
  81 011c 3FABDD6C 		.ascii	"?\253\335l\211\005^_\347\344VLfE\305\313\371\036\247"
  81      89055E5F 
  81      E7E4564C 
  81      6645C5CB 
  81      F91EA7
  82 012f D8A5D433 		.ascii	"\330\245\3243\013\225\305\366\244z\245~]\033s&`\016"
  82      0B95C5F6 
  82      A47AA57E 
  82      5D1B7326 
  82      600E
  83 0141 99322474 		.ascii	"\2312$tl[\253\347\207\350#\375\245\255\016\261[I\227"
  83      6C5BABE7 
  83      87E823FD 
  83      A5AD0EB1 
  83      5B4997
ARM GAS  /tmp/ccIhZyK9.s 			page 6


  84 0154 C6C39FF5 		.ascii	"\306\303\237\365\210t\346\2640\033L\215\2057\326\025"
  84      8874E6B4 
  84      301B4C8D 
  84      8537D615 
  85 0164 BE6D5FAA 		.ascii	"\276m_\252t\331$\336\304$l\307\244z\001\234(\005\331"
  85      74D924DE 
  85      C4246CC7 
  85      A47A019C 
  85      2805D9
  86 0177 813604D0 		.ascii	"\2016\004\320V6Z\307\261\337\\Z.\241Z\266\314u\014\306"
  86      56365AC7 
  86      B1DF5C5A 
  86      2EA15AB6 
  86      CC750CC6 
  87 018b 6D42B2AE 		.ascii	"mB\262\256\321\325P\341\0229;\235\203\260\361`\360`"
  87      D1D550E1 
  87      12393B9D 
  87      83B0F160 
  87      F060
  88 019d 57813A68 		.ascii	"W\201:h\252;\221+\214\342\251\213\267\334<D\363\020"
  88      AA3B912B 
  88      8CE2A98B 
  88      B7DC3C44 
  88      F310
  89 01af C3432CF0 		.ascii	"\303C,\360!q\300\307\3043\011\340\004Y\340\026)\243"
  89      2171C0C7 
  89      C43309E0 
  89      0459E016 
  89      29A3
  90 01c1 0BA67F11 		.ascii	"\013\246\177\021\306@U\361\311\276tv\025\024zP\210 "
  90      C64055F1 
  90      C9BE7476 
  90      15147A50 
  90      8820
  91 01d3 85AE50B4 		.ascii	"\205\256P\2640\206\251\234WC\315WU\013I\\\246'\032;"
  91      3086A99C 
  91      5743CD57 
  91      550B495C 
  91      A6271A3B 
  92 01e7 A9D43016 		.ascii	"\251\3240\026L\256\360\014\322\262p\241\270TX\210]\211"
  92      4CAEF00C 
  92      D2B270A1 
  92      B8545888 
  92      5D89
  93 01f9 0D788F05 		.ascii	"\015x\217\005\211\252j\262M(\253\356\204\347\007\034"
  93      89AA6AB2 
  93      4D28ABEE 
  93      84E7071C 
  94 0209 16CB412F 		.ascii	"\026\313A/\257*\272\377\330\340\227\333T\316\335\335"
  94      AF2ABAFF 
  94      D8E097DB 
  94      54CEDDDD 
  95 0219 732F8CBC 		.ascii	"s/\214\274E\323N@\275@\025\347\354\310\304\003G\010"
  95      45D34E40 
  95      BD4015E7 
  95      ECC8C403 
  95      4708
ARM GAS  /tmp/ccIhZyK9.s 			page 7


  96 022b 83181206 		.ascii	"\203\030\022\006\336\242\306\356\342\250i\243\374v["
  96      DEA2C6EE 
  96      E2A869A3 
  96      FC765B
  97 023a A9DDD362 		.ascii	"\251\335\323b\322\223\310\267q\033Cx\216\203\006\354"
  97      D293C8B7 
  97      711B4378 
  97      8E8306EC 
  98 024a 460F3BAA 		.ascii	"F\017;\252Y\261\030E\247\005\205\223\015|-\211`.\202"
  98      59B11845 
  98      A7058593 
  98      0D7C2D89 
  98      602E82
  99 025d D7D4EB56 		.ascii	"\327\324\353V\031\270\326`\321\004G\012\246\372\"`\214"
  99      19B8D660 
  99      D104470A 
  99      A6FA2260 
  99      8C
 100 026e AA39DA7A 		.ascii	"\2529\332z\333>\013\213%x\265^\012\237 \313BK\337~\213"
 100      DB3E0B8B 
 100      2578B55E 
 100      0A9F20CB 
 100      424BDF7E 
 101 0283 12A758F6 		.ascii	"\022\247X\366UV;\263\342\254T\026\353\335\026+~#1\334"
 101      55563BB3 
 101      E2AC5416 
 101      EBDD162B 
 101      7E2331DC 
 102 0297 F94F0C77 		.ascii	"\371O\014wU\014\3101\364P\0143X89\260\363\217\203x\325"
 102      550CC831 
 102      F4500C33 
 102      583839B0 
 102      F38F8378 
 103 02ac A5657463 		.ascii	"\245etc\364\005\021j\363\251\214\334\007\233\261v%4"
 103      F405116A 
 103      F3A98CDC 
 103      079BB176 
 103      2534
 104 02be A4528714 		.ascii	"\244R\207\024T\205K\037:yw#\246z\3277u\361(\273\272"
 104      54854B1F 
 104      3A797723 
 104      A67AD737 
 104      75F128BB 
 105 02d3 B77A397D 		.ascii	"\267z9}\350\261N*\243\276\344V\374\204\032\004\225\343"
 105      E8B14E2A 
 105      A3BEE456 
 105      FC841A04 
 105      95E3
 106 02e5 EF889892 		.ascii	"\357\210\230\222 \246\226\247\221\302\222?\353\306x"
 106      20A696A7 
 106      91C2923F 
 106      EBC678
 107 02f4 ADF19A1A 		.ascii	"\255\361\232\032\030\231\255\001lMI\361x\374\271\036"
 107      1899AD01 
 107      6C4D49F1 
 107      78FCB91E 
 108 0304 AF3F2BCB 		.ascii	"\257?+\313\237M\263\314\214\203\236\334\034\257\307"
ARM GAS  /tmp/ccIhZyK9.s 			page 8


 108      9F4DB3CC 
 108      8C839EDC 
 108      1CAFC7
 109 0313 9B9EE5CB 		.ascii	"\233\236\345\313\362\372s|)^\220\271\031\307}\372\201"
 109      F2FA737C 
 109      295E90B9 
 109      19C77DFA 
 109      81
 110 0324 CC8C43D9 		.ascii	"\314\214C\3316\177ZZ\256\357\210\314\366\035;\202\207"
 110      367F5A5A 
 110      AEEF88CC 
 110      F61D3B82 
 110      87
 111 0335 7F038C97 		.ascii	"\177\003\214\227\222t"
 111      9274
 112              		.text
 113              		.section	.gnu.lto_chCoreAllocAlignedWithOffset.fc0b0545c5f1b738,"",%progbits
 114 0000 789C8D55 		.ascii	"x\234\215U]LTW\020>s\317\275\273\313.,?\017mb|X\023"
 114      5D4C5457 
 114      103E73CF 
 114      BDBBCB2E 
 114      2C3F0F6D 
 115 0018 09D8186E 		.ascii	"\011\330\030n\323\3304M\037\332\3064\251\017$\215>5"
 115      D3D8344D 
 115      1FDAC634 
 115      A90F248D 
 115      3E35
 116 002a 696275BB 		.ascii	"ibu\273\312&\302\222]j\264/\\\027\004)\255?5\200X\351"
 116      CA26C292 
 116      5D6AB42F 
 116      5C170429 
 116      AD3F3580 
 117 0040 527F0282 		.ascii	"R\177\002\202\200\250\240\250\010\345O\020\324\362["
 117      80A8A0A8 
 117      08E54F10 
 117      D4F25B
 118 004f 8A5AAD62 		.ascii	"\212Z\255bu\3256j\254\325*Kg\316\275 \013\033\353M\366"
 118      75D5366A 
 118      ACD52A4B 
 118      67CEBD20 
 118      0B1BEB4D 
 119 0064 DC7B66E6 		.ascii	"\334{f\346\2333\363\315\234Y\205I\254\307\302\330\025"
 119      9B33F3CD 
 119      9C598549 
 119      ACC7C2D8 
 119      15
 120 0075 C6D847F8 		.ascii	"\306\330G\370\003\023\003i\373\005\3066Y$I\271mf\232"
 120      03130369 
 120      FB05C636 
 120      592449B9 
 120      6D669A
 121 0088 95577631 		.ascii	"\225Wv1\246Esc+\353[\031\024\335L\001\240\017\315\002"
 121      A6457363 
 121      2BEB5B19 
 121      14DD4C01 
 121      A00FCD02 
 122 009c 2C5BE2B2 		.ascii	",[\342\262\002\331\260\215\227p\350\317=\274\207o\345"
ARM GAS  /tmp/ccIhZyK9.s 			page 9


 122      02D9B08D 
 122      9770E8CF 
 122      3DBC876F 
 122      E5
 123 00ad 01CE40C6 		.ascii	"\001\316@\306\355\203\363\273o\330i\013\340 \355\235"
 123      ED83F3BB 
 123      6FD8690B 
 123      E020ED9D 
 124 00bd 5BB9B645 		.ascii	"[\271\266E\025\232\346\327ZKF\255%9\233?\016p\211\225"
 124      159AE6D7 
 124      5A4B46AD 
 124      25399B3F 
 124      0E708995 
 125 00d1 A27525CC 		.ascii	"\242u%\314\207\012\230O\301\034\204Eh\273w\323po\014"
 125      870A984F 
 125      C11C8445 
 125      68BB77D3 
 125      706F0C
 126 00e4 4F0286DF 		.ascii	"O\002\206\337\3715\315A{\322\001\201\273\\\304\265\205"
 126      F935CD41 
 126      7BD20181 
 126      BB5CC4B5 
 126      85
 127 00f5 01CEA10A 		.ascii	"\001\316\241\012\370L \212\030TC\022\232o\1776q\315"
 127      F84C208A 
 127      18544312 
 127      9A6F7F36 
 127      71CD
 128 0107 CC170B68 		.ascii	"\314\027\013h\316\217c-\262\001\375\253j^Q\216\206G"
 128      CE8F632D 
 128      B201FDAB 
 128      6A5E518E 
 128      8647
 129 0119 CA706836 		.ascii	"\312ph6XfP#\300\217v\216]\265\363\267\004\370\237\306"
 129      58665023 
 129      C08F768E 
 129      5DB5F3B7 
 129      04F89FC6 
 130 012d 865EC500 		.ascii	"\206^\305\000?\256zM\007s\250\215pr\035$\021\242\257"
 130      3FAE7A4D 
 130      0773A88D 
 130      70721D24 
 130      11A2AF
 131 0140 B5A0CECA 		.ascii	"\265\240\316\312\337\025\350\313[B\307\345\304}\002"
 131      DF15E8CB 
 131      5B42C7E5 
 131      C47D02
 132 014f 1DAA4AD8 		.ascii	"\035\252J\330\221\243uk2\346\013\207\303\361\364\240"
 132      91A3756B 
 132      32E60B87 
 132      C3F1F4A0 
 133 015f F9F5FA50 		.ascii	"\371\365\372PQ\214I\206zH$F\220\210#`\002\306\210\326"
 133      518C4986 
 133      7A482446 
 133      90882360 
 133      02C688D6 
 134 0173 E2DB4F42 		.ascii	"\342\333OBf\303\325\037U\366R\2555\327\021\201\003z"
ARM GAS  /tmp/ccIhZyK9.s 			page 10


 134      66C3D51F 
 134      55F652AD 
 134      35D71181 
 134      037A
 135 0185 E0282412 		.ascii	"\340($\022\007\227\237\236\266\361\367D \343\317\213"
 135      07979F9E 
 135      B6F1F744 
 135      20E3CF8B 
 136 0195 F22C06FA 		.ascii	"\362,\006\372\267\037\342\2763\002Q\340X\004x\203\200"
 136      B71FE2BE 
 136      330251E0 
 136      58047883 
 136      80
 137 01a6 870682F7 		.ascii	"\207\006\202\367\025\0032\276\203k\3735\211\000\021"
 137      150332BE 
 137      836BFB35 
 137      890011
 138 01b5 22874648 		.ascii	"\"\207FH\254\033\200V-4\231\217,\275q\367\330\325\204"
 138      AC1B8056 
 138      2D34998F 
 138      2CBD71F7 
 138      D8D584
 139 01c8 D725A052 		.ascii	"\327%\240R`\325\221S\031\210\034\20586\321b\246\305"
 139      60D59153 
 139      19881C85 
 139      3836D162 
 139      A6C5
 140 01da 22E28CC2 		.ascii	"\"\342\214\302O\305J\213\215\204\321\264\304\320b\247"
 140      4FC54A8B 
 140      8D84D1B4 
 140      C4D062A7 
 141 01ea 2556F88E 		.ascii	"%V\370\216\023!\305\223Q\002\243na_#9\324|\205\270\301"
 141      1321C593 
 141      5102A36E 
 141      615F2339 
 141      D47C85B8 
 142 01ff 37BF0912 		.ascii	"7\277\011\022ey\340\334@\213\215\177 2~\264\253\276"
 142      6579E0DC 
 142      408B8D7F 
 142      20327EB4 
 142      ABBE
 143 0211 32CA08FF 		.ascii	"2\312\010\377li\362\356\234\336o\264r\177\\\200\233"
 143      6C69F2EE 
 143      9CDE6FB4 
 143      727F5C80 
 143      9B
 144 0222 E0788414 		.ascii	"\340x\204\024N\210\234\363\203Z\263L\315j\002\0074\241"
 144      4E889CF3 
 144      835AB34C 
 144      CD6A0207 
 144      34A1
 145 0234 EE0EF8AF 		.ascii	"\356\016\370\257Wl;v\025\246\253\223\253\341\323\272"
 145      576C3B76 
 145      15A6AB93 
 145      ABE1D3BA 
 146 0244 F3A15514 		.ascii	"\363\241U\024\247\224\003\233\245zvh\361g\014N\222N"
 146      A794039B 
ARM GAS  /tmp/ccIhZyK9.s 			page 11


 146      A57A7668 
 146      F1670C4E 
 146      924E
 147 0256 9AAD6B2F 		.ascii	"\232\255k/M\376\236\323Y\014N\221\001\237Qu\006\247"
 147      4DFE9ED3 
 147      590C4E91 
 147      019F5175 
 147      06A7
 148 0268 F1123268 		.ascii	"\361\0222h\246\222\003k\243#\367\006\216<\261.\030\204"
 148      A692036B 
 148      A323F706 
 148      8E3CB12E 
 148      1884
 149 027a 80B60B8B 		.ascii	"\200\266\013\213m&\353\232\033\2474\213\214\034\300"
 149      6D26EB9A 
 149      1BA7348B 
 149      8C1CC0
 150 0289 195820BA 		.ascii	"\031X \272\346\376\275\241K\022J\240\005d\0214\203V"
 150      E6FEBDA1 
 150      4B124AA0 
 150      05641134 
 150      8356
 151 029b 71F52ACF 		.ascii	"q\365*\317\264\337\214^0b\240-d\373\260\366\310\260"
 151      B4DF8C5E 
 151      3062A02D 
 151      64FBB0F6 
 151      C8B0
 152 02ad 4DA07F22 		.ascii	"M\240\177\"4\264\201\314n\202\337!\010`\364y\255\240"
 152      34B481CC 
 152      6E82DF21 
 152      0860F479 
 152      ADA0
 153 02bf 49116D87 		.ascii	"I\021m\207\305)\303\014HK{\004\367\334h\273+\315i\301"
 153      C529C30C 
 153      484B7B04 
 153      F7DC68BB 
 153      2BCD69C1 
 154 02d3 393749F0 		.ascii	"97I\360\331NhN\350\362[E\334p\360`\313\365\372\230\010"
 154      D94E684E 
 154      E8F25B45 
 154      DC70F060 
 154      CBF5FA98 
 155 02e8 3D5C1BC1 		.ascii	"=\\\033\301A\0079\220Y\020r\212\363\276mI\233E\344H"
 155      41073990 
 155      5910728A 
 155      F3BE6D49 
 155      9B45E448 
 156 02fc B5952CE8 		.ascii	"\265\225,\350\030\012\324\250\205<\363\022a\343P\333"
 156      180AD4A8 
 156      853CF312 
 156      61E350DB 
 157 030c 30E814B4 		.ascii	"0\350\024\264v\201\251\214+\230\021\2055\345U\227\222"
 157      7681A98C 
 157      2B981185 
 157      35E55597 
 157      92
 158 031d 028157BA 		.ascii	"\002\201W\272\017V\213\301%\303$>\261p\026c\011\202"
ARM GAS  /tmp/ccIhZyK9.s 			page 12


 158      0F568BC1 
 158      25C3243E 
 158      B1701663 
 158      0982
 159 032f 7F340F74 		.ascii	"\1774\017t;\263\001}\236W\300u\211E\200\315:I]S\244"
 159      3BB3017D 
 159      9E57C075 
 159      894580CD 
 159      3A495D53 
 160 0344 59087532 		.ascii	"Y\010u2\370\264\335\252[E\321\365\335\334v\321L\316"
 160      F8B4DDAA 
 160      5B45D1F5 
 160      DDDC76D1 
 160      4CCE
 161 0356 A344C334 		.ascii	"\243D\30345\335\273d\316\236\320,(\330\307\365\333\177"
 161      35DDBB64 
 161      CE9ED02C 
 161      28D8C7F5 
 161      DB7F
 162 0368 A76FB8C3 		.ascii	"\247o\270\303\032\2002\010p+\364\3408\355&.P\261\365"
 162      1A803208 
 162      702BF4E0 
 162      38ED262E 
 162      50B1F5
 163 037b C4E1028B 		.ascii	"\304\341\002\213ZC\211;\350\012\236\203\000\354B\220"
 163      5A43893B 
 163      E80A9E83 
 163      00EC4290 
 164 038b C80C7A41 		.ascii	"\310\014zA\245\240\366LEi\305\003u\346\374\017\363\015"
 164      A5A0F64C 
 164      4569C503 
 164      75E6FC0F 
 164      F30D
 165 039d 990DC57A 		.ascii	"\231\015\305z\322\206 \032SAq\230,\006\305F\316\230"
 165      D286201A 
 165      53417198 
 165      2C06C546 
 165      CE98
 166 03af A221B48B 		.ascii	"\242!\264\213\264cto\237\352\262X\024\277H\271\221R"
 166      B463746F 
 166      9FEAB258 
 166      14BF48B9 
 166      9152
 167 03c1 8ED543A8 		.ascii	"\216\325C\250i\371\\7\211\023V\226\027V\015d\025\247"
 167      69F95C37 
 167      89135696 
 167      17560D64 
 167      15A7
 168 03d3 1333B1CF 		.ascii	"\0233\261\317\256[\305\277\012\023}/a\342\274`\002\014"
 168      AE5BC5BF 
 168      0A137D2F 
 168      61E2BC60 
 168      020C
 169 03e5 262E2013 		.ascii	"&. \023\343\220;\332\276d:\210x\321L\205X7\374\367\342"
 169      E3903BDA 
 169      BE643A88 
 169      78D14C85 
ARM GAS  /tmp/ccIhZyK9.s 			page 13


 169      5837FCF7 
 170 03fa 4239241B 		.ascii	"B9$\033U\241xt\255\314\366\277\3171\264\342`A\247\215"
 170      55A17874 
 170      ADCCF6BF 
 170      CF31B4E2 
 170      6041A78D 
 171 040e B4AF12D7 		.ascii	"\264\257\022\327\305\310q\225\257\247\300~\016+Q?\250"
 171      C5C87195 
 171      AFA7C07E 
 171      0E2B513F 
 171      A8
 172 041f FA61855C 		.ascii	"\372a\205\\1\346\225\277\374n\321\364=c\323\267\214"
 172      31E695BF 
 172      FC6ED1F4 
 172      3D63D3B7 
 172      8C
 173 0430 1A7AC6AE 		.ascii	"\032z\306\256#l\327\020\266k\014\333\325\353;)\302\350"
 173      236CD710 
 173      B66B0CDB 
 173      D5EB3B29 
 173      C2E8
 174 0442 2BFB9FD1 		.ascii	"+\373\237\3217 F\337t\203\322\364\031|\331\350{<5\372"
 174      372046DF 
 174      7483D2F4 
 174      197CD9E8 
 174      7B3C35FA 
 175 0456 94B0E935 		.ascii	"\224\260\3515D\327l\316,L^\311`\230\214Msg\341\2222"
 175      44D76CCE 
 175      2C4C5EC9 
 175      60988C4D 
 175      7367E192 
 176 046b 4E873318 		.ascii	"N\2073\030\231;\013\177\021\227vt\306,\014\005~?c\233"
 176      993B0B7F 
 176      11977674 
 176      C62C0C05 
 176      7E3F639B 
 177 047f 1A738362 		.ascii	"\032s\203b\314\375*\306\334\354\23166=\323\3109\373"
 177      CCFD2AC6 
 177      DCEC9936 
 177      363DD3C8 
 177      39FB
 178 0491 13675A61 		.ascii	"\023gZas\247\211b.\343\011\230\361\337\220\000)\363"
 178      73A78962 
 178      2EE30998 
 178      F1DF9000 
 178      29F3
 179 04a3 A5B1C96B 		.ascii	"\245\261\311k\200o\232\010\261\362\277{\373\001\377"
 179      806F9A08 
 179      B1F2BF7B 
 179      FB01FF
 180 04b2 5680CA83 		.ascii	"V\200\312\203\256\026\246\244\250\252\307\247:=\351"
 180      AE16A6A4 
 180      A8AAC7A7 
 180      3A3DE9
 181 04c1 E99E0CFC 		.ascii	"\351\236\014\374Z\347^\255\372\274N\325\231\226\356"
 181      5AE75EAD 
 181      FABC4ED5 
ARM GAS  /tmp/ccIhZyK9.s 			page 14


 181      9996EE
 182 04d0 4A777ABC 		.ascii	"Jwz\274\256\024'\223}\356\257\\\312\252u\356\265\031"
 182      AE142793 
 182      7DEEAF5C 
 182      CAAA75EE 
 182      B519
 183 04e2 26CF9A35 		.ascii	"&\317\2325>W\026d\312\031\256\015Y\346\325\253|\256"
 183      3E571664 
 183      CA19AE0D 
 183      59E6D5AB 
 183      7CAE
 184 04f4 4FBCEEE4 		.ascii	"O\274\356\344p/\231\036o\226O\375py\352\322\324\015"
 184      702F991E 
 184      6F964FFD 
 184      7079EAD2 
 184      D40D
 185 0506 E888BCAC 		.ascii	"\350\210\274\254\\\377NzJ\032{;\334\020]\220\231\272"
 185      5CFF4E7A 
 185      4A1A7B3B 
 185      DC105D90 
 185      99BA
 186 0518 3475C5B2 		.ascii	"4u\305\262\025\352R\264S\227e8\327}\371\205Ku\246\373"
 186      15EA52B4 
 186      53976538 
 186      D77DF985 
 186      4B75A6FB 
 187 052c DCBE956B 		.ascii	"\334\276\225k\235ND\3153P\336,\325=\245N\363m\364\241"
 187      9D4E44CD 
 187      3350DE2C 
 187      D53DA54E 
 187      F36DF4A1 
 188 0540 2A2E75C5 		.ascii	"*.u\305r\007E\221\351u/v$\276\311$/3c\344\036\357F\366"
 188      72074591 
 188      E9752F76 
 188      24BEC924 
 188      2F3363E4 
 189 0558 1FC69A00 		.ascii	"\037\306\232\000}"
 189      7D
 190              		.text
 191              		.section	.gnu.lto_chCoreGetStatusX.fc0b0545c5f1b738,"",%progbits
 192 0000 789C8D90 		.ascii	"x\234\215\220\273N\002Q\020\206g\366\354\015\215\372"
 192      BB4E0251 
 192      108667F6 
 192      EC0D8DFA 
 193 0010 00525018 		.ascii	"\000RP\030\023\032\366A|\0137$\222\270n\002\017\300"
 193      131AF641 
 193      7C0B3724 
 193      92B86E02 
 193      0FC0
 194 0022 112F044C 		.ascii	"\021/\004L\320F\301\013nA\014\242\"`%T\304\330\230x"
 194      D046C10B 
 194      6E410CA2 
 194      22602554 
 194      C4D89878 
 195 0036 83C442ED 		.ascii	"\203\304B\355\264\302h\241\265\2423\256\225\205\361"
 195      B4C268A1 
 195      B5A233AE 
ARM GAS  /tmp/ccIhZyK9.s 			page 15


 195      9585F1
 196 0045 247B76E6 		.ascii	"${v\346?s\346\373\317h\240@\007\001\306\001`\224>\024"
 196      3F73E6FB 
 196      CF68A040 
 196      0701C601 
 196      60943E14 
 197 0059 80CACA25 		.ascii	"\200\312\312%\300\254\251 r M\204\244\202I\\\026y\201"
 197      C0ACA920 
 197      72204D84 
 197      A482495C 
 197      167981
 198 006c 9DF9FA96 		.ascii	"\235\371\372\226\310\011\217\312TJ_/6\036\2079E\014"
 198      C8098FCA 
 198      544A5F2F 
 198      361E8739 
 198      450C
 199 007e 51BA29BB 		.ascii	"Q\272)\273\031#\\\2262%\333\371\355\301\302\321\265"
 199      19235C96 
 199      3225DBF9 
 199      EDC1C2D1 
 199      B5
 200 008f 0C784281 		.ascii	"\014xB\201u*\337\305 \2261\310\214\012\206\201\252\037"
 200      752ADFC5 
 200      209631C8 
 200      8C0A8681 
 200      AA1F
 201 00a1 1AFDD521 		.ascii	"\032\375\325!]\345S\022\367P'\037P\353b[\366?\323\262"
 201      5DE55312 
 201      F750271F 
 201      50EB625B 
 201      F63FD3B2 
 202 00b5 FD5EC2E6 		.ascii	"\375^\302\346\204\251\200'\204\240MU9\3228\322y3\200"
 202      84A98027 
 202      84A04D55 
 202      39D238D2 
 202      793380
 203 00c8 3B43962E 		.ascii	";C\226.\263\315%J\350/z\230j\365\356vF\270_Q(\204Y["
 203      B3CD254A 
 203      E82F7A98 
 203      6AF5EE76 
 203      46B85F51 
 204 00e0 38B932D8 		.ascii	"8\2712\330\243\206Lm6\237\357\215\344\2074I(1\231\264"
 204      A3864C6D 
 204      369FEF8D 
 204      E4873449 
 204      283199B4 
 205 00f4 A7F39BD3 		.ascii	"\247\363\233\323\001\017\213\350\011\035\017\350\255"
 205      010F8BE8 
 205      091D0FE8 
 205      AD
 206 0101 FB6C940E 		.ascii	"\373l\224\016r\307\365\214iU%\255\020\321\261\212\036"
 206      72C7F58C 
 206      695525AD 
 206      10D1B18A 
 206      1E
 207 0112 16F812E0 		.ascii	"\026\370\022\340!Z@\260\267\364m\300g\011\302\261\322"
 207      215A40B0 
ARM GAS  /tmp/ccIhZyK9.s 			page 16


 207      B7F46DC0 
 207      6709C2B1 
 207      D2
 208 0123 3A8BF982 		.ascii	":\213\371\202\372\037Z\355\017Z\375\233\306S\301\306"
 208      FA1F5AED 
 208      0F5AFD9B 
 208      C653C1C6 
 209 0133 6F9A46FD 		.ascii	"o\232F\375I\231+,\242/\370\0164\277\252\"|\321 \035"
 209      49992B2C 
 209      A22FF80E 
 209      34BFAA22 
 209      7CD1201D 
 210 0147 5E3015FA 		.ascii	"^0\025\372I\331y\226:\322\244hvc\221\210e\271\011\313"
 210      49D97996 
 210      3AD2A468 
 210      76639188 
 210      65B909CB 
 211 015b 761DC79D 		.ascii	"v\035\307\235\241h:6i%\342\266eO9Q\307v\343\321\210"
 211      A1683A36 
 211      6925E2B6 
 211      654F3951 
 211      C776E3D1 
 212 0170 0D5F4925 		.ascii	"\015_I%\234\221"
 212      9C91
 213              		.text
 214              		.section	.gnu.lto_.symbol_nodes.fc0b0545c5f1b738,"",%progbits
 215 0000 789C6365 		.ascii	"x\234ce`bHf\000\002\246\231L\365\014\014\023\31610\000"
 215      60624866 
 215      0002A699 
 215      4CF50C0C 
 215      13CE3130 
 216 0015 A95D0D8E 		.ascii	"\251]\015\216\014\014\2543\230\030\032\225\200R\254"
 216      0C0CAC33 
 216      98181A95 
 216      8052AC
 217 0024 73991815 		.ascii	"s\231\030\025@\364<&&\020\3154\213\251\236\021E)\323"
 217      40F43C26 
 217      2610CD34 
 217      8BA99E11 
 217      4529D3
 218 0037 6CA67A26 		.ascii	"l\246z&T\2219L\365\314(\"\014\000\004\311\025\025"
 218      5491394C 
 218      F5CC2822 
 218      0C0004C9 
 218      1515
 219              		.text
 220              		.section	.gnu.lto_.refs.fc0b0545c5f1b738,"",%progbits
 221 0000 789C1DC8 		.ascii	"x\234\035\310A\012\300 \024\304\320d\276\272\352\242"
 221      410AC020 
 221      14C4D064 
 221      BEBAEAA2 
 222 0010 20081EA2 		.ascii	" \010\036\242\367\277^\305M\340\245\023>\240\241&7\225"
 222      F7BF5EC5 
 222      4DE0A513 
 222      3EA0A126 
 222      3795
 223 0022 3A1CF8EA 		.ascii	":\034\370\352\254\216\017.\3359K,~\026\224\000\325"
ARM GAS  /tmp/ccIhZyK9.s 			page 17


 223      AC8E0F2E 
 223      DD394B2C 
 223      7E169400 
 223      D5
 224              		.text
 225              		.section	.gnu.lto_.decls.fc0b0545c5f1b738,"",%progbits
 226 0000 789C7D56 		.ascii	"x\234}VkPTG\026\276\347\3660\3000C(\264\266\254,\246"
 226      6B505447 
 226      16BEE7F6 
 226      30C03043 
 226      28B4B6AC 
 227 0016 2C8AAC54 		.ascii	",\212\254T\252dB\314\232\354\356\037]k7\261j]Sq\315"
 227      AA6442CC 
 227      9AECEE1F 
 227      5D6B37B1 
 227      6A5D5371 
 228 002b 6E7EA46E 		.ascii	"n~\244n\3410\206\251\300`1\303\032wkk\357\360\012Q\326"
 228      E13086A9 
 228      C06031C3 
 228      1A776B6B 
 228      EFF00A51 
 229 0040 F87E00D1 		.ascii	"\370~\000\321\021,\005\001\201@ \312#\003\276\211D\220"
 229      112C0501 
 229      814020CA 
 229      2303BE89 
 229      4490
 230 0052 8018DE88 		.ascii	"\200\030\336\210\350\306\027\017\025\010\"{\272\373"
 230      E8C6170F 
 230      1508227B 
 230      BAFB
 231 0060 0E779805 		.ascii	"\016w\230\005nq\206\356\276\347|\337\327\247Ow_\037"
 231      6E7186EE 
 231      BEE77CDF 
 231      D7A74F77 
 231      5F1F
 232 0072 41147AF4 		.ascii	"A\024z\364\202\360/Q\020N\200 L\343\343#\010B\221\240"
 232      82F02F51 
 232      104E8020 
 232      4CE3E323 
 232      084291A0 
 233 0086 3E1AB433 		.ascii	">\032\2643hUh5h.4\202\326\206v\013\255C\230\375|\204"
 233      68556835 
 233      682E3482 
 233      D686760B 
 233      AD4398FD 
 234 009c 385AFCFF 		.ascii	"8Z\374\377\001Z;Z'Z+Z#Z\027\032R\011\315h\327\321@\301"
 234      015A3B5A 
 234      275A2B5A 
 234      235A171A 
 234      5209CD68 
 235 00b4 5E086F1B 		.ascii	"^\010o\033:\371\341\377`\264\305h\233\320*\3206(\230"
 235      3AF9E1FF 
 235      60B4C568 
 235      9BD02AD0 
 235      362898
 236 00c7 6E7C6FDC 		.ascii	"n|o\334*e\354\201\202\355\371\374\023\035\002\026\300"
 236      2A65EC81 
ARM GAS  /tmp/ccIhZyK9.s 			page 18


 236      82EDF9FC 
 236      131D0216 
 236      C0
 237 00d8 1C457B86 		.ascii	"\034E{\20669\017\276\257\222\213)\264i4\037\340|\276"
 237      36390FBE 
 237      AF928B29 
 237      B469341F 
 237      E07CBE
 238 00eb F8DF1F38 		.ascii	"\370\337\0378\2777\247\003x\234\233\263B\341z\317\213"
 238      BF37A703 
 238      789C9BB3 
 238      42E17ACF 
 238      8B
 239 00fc E3BAC203 		.ascii	"\343\272\302\003J\256\347\302:D\240\342?\027j\304n\350"
 239      4AAEE7C2 
 239      3A44A0E2 
 239      3F176AC4 
 239      6EE8
 240 010e 048C8120 		.ascii	"\004\214\201 6\012\300\177\201\031\353N\273\037\000"
 240      360AC07F 
 240      8119EB4E 
 240      BB1F00
 241 011d 368EA3A2 		.ascii	"6\216\243\242\240\010t\017\201;B\351\213JWT \331\237"
 241      A008740F 
 241      813B42E9 
 241      8B4A5754 
 241      20D99F
 242 0130 120C1E88 		.ascii	"\022\014\036\210\3745gr?\\/o\2600w4\210*\001\200g\200"
 242      FC356772 
 242      3F5C2F6F 
 242      B0307734 
 242      882A0180 
 243 0146 072097AD 		.ascii	"\007 \227\255\274\237\321'\250\223\003\367\354\207\217"
 243      BC9FD127 
 243      A89303F7 
 243      EC878F
 244 0155 5C1BD4F5 		.ascii	"\\\033\324\365@\027\035u\256\0066\366Si\347\361@\"\002"
 244      40171D75 
 244      AE0636F6 
 244      5369E7F1 
 244      402202
 245 0168 6DF74CE4 		.ascii	"m\367L\344\3751\242P\346\217\337R5m\027\247\307\\/\355"
 245      FD31A250 
 245      E68FDF52 
 245      356D17A7 
 245      C75C2FED 
 246 017c 2210AC03 		.ascii	"\"\020\254\003\021\2737\206\256}\031\200\335\305:\010"
 246      11BB3786 
 246      AE7D1980 
 246      DDC53A08 
 247 018c C2EEB8A3 		.ascii	"\302\356\270\243\265N\267\344 \213J\226\203D\370\340"
 247      B54EB7E4 
 247      208B4A96 
 247      8344F8E0 
 248 019c 17500821 		.ascii	"\027P\010!P\000!H^\004K\360w\263\206#u9O\225iC\235\262"
 248      50002148 
 248      5E044BF0 
ARM GAS  /tmp/ccIhZyK9.s 			page 19


 248      77B38623 
 248      75394F95 
 249 01b4 B357768D 		.ascii	"\263Wv\215\345\274\326\367\225,\247b\230\206\272A>\020"
 249      E5BCD6F7 
 249      952CA762 
 249      9886BA41 
 249      3E10
 250 01c6 380D1154 		.ascii	"8\015\021T26\3617\017z\000NA7N\350\014\204bxjC\273\235"
 250      3236F137 
 250      0F7A004E 
 250      41374EE8 
 250      0C846278 
 251 01de FC8E89ED 		.ascii	"\374\216\211\355\272\222_@P\304\006\035\320<\274\204"
 251      BA925F40 
 251      50C4061D 
 251      D03CBC84 
 252 01ee 43C50FCE 		.ascii	"C\305\017\316N\030\370\020\36581\361\270RO>d\355\346"
 252      4E18F810 
 252      F53831F1 
 252      B8524F3E 
 252      64EDE6
 253 0201 94926CC2 		.ascii	"\224\222l\302g\240\241\231h\314\274\035\310g\260\354"
 253      67A0A199 
 253      68CCBC1D 
 253      C867B0EC 
 254 0211 10119B6B 		.ascii	"\020\021\233k\036\366\371A\270\356$\235\202\353rvhU"
 254      1EF6F941 
 254      B8EE249D 
 254      82EB7276 
 254      6855
 255 0223 B72C2F83 		.ascii	"\267,/\203\012\320\301W\252\246\015:\374M\227\345$y"
 255      0AD0C157 
 255      AAA60D3A 
 255      FC4D97E5 
 255      2479
 256 0235 77B2ECFF 		.ascii	"w\262\354\377\256\000\3458\3112\234$|\015\341\224\224"
 256      AE00E538 
 256      C9329C24 
 256      7C0DE194 
 256      94
 257 0246 FA41290E 		.ascii	"\372A)\016\226\340 \262\034\255\177\354\320kh\251Q$"
 257      96E020B2 
 257      1CAD7FEC 
 257      D06B68A9 
 257      5124
 258 0258 4C018E1D 		.ascii	"L\001\216\035lq\244\0236\206\001\225\300\306z\235\375"
 258      6C71A413 
 258      36860195 
 258      C0C67A9D 
 258      FD
 259 0269 7DE28CDF 		.ascii	"}\342\214\3377|\360\354\201\247\235\201\236Y\335\244"
 259      377CF0EC 
 259      81A79D81 
 259      9E59DDA4 
 260 0279 F7C8EA39 		.ascii	"\367\310\3529\226\325\263\240\244\365Ju\366\031\202"
 260      96D5B3A0 
 260      A4F54A75 
ARM GAS  /tmp/ccIhZyK9.s 			page 20


 260      F61982
 261 0288 69EDA569 		.ascii	"i\355\245iM\372\3550Ok\222\206\372A\261:\205b\357\264"
 261      4DFAED30 
 261      4F6B9286 
 261      FA41B13A 
 261      8562EFB4 
 262 029c 56B1B4B6 		.ascii	"V\261\264\266\335\257<\005d\037\260T}}&+\337\240`\365"
 262      DDAF3C05 
 262      641FB054 
 262      7D7D262B 
 262      DFA060F5 
 263 02b0 BF764476 		.ascii	"\277vDv%\241\002\221!U\253H\325\336H5\014\251x\270$"
 263      25A10291 
 263      2155AB48 
 263      D5DE4835 
 263      0CA978B8 
 264 02c5 CB979470 		.ascii	"\313\227\224p\244\003u\305\016_\317)\320\351\251s\370"
 264      A40375C5 
 264      0E5FCF29 
 264      D0E9A973 
 264      F8
 265 02d6 7656657C 		.ascii	"vVe|Q\337\352$Je\274(\014\332\223,\347a\230S\244nP\253"
 265      51DFEA24 
 265      4A65BC28 
 265      0CDA932C 
 265      E7619853 
 266 02ee 12D77A13 		.ascii	"\022\327z\023\273\030\361\341{w\\:R\307\2113\253\236"
 266      BB18F1E1 
 266      7B775C3A 
 266      52C78933 
 266      AB9E
 267 0300 34F8F0D5 		.ascii	"4\370\360\325\366\303n\345\243\202J\003_m\027\253\371"
 267      F6C36EE5 
 267      A3824A03 
 267      5F6D17AB 
 267      F9
 268 0311 9D4FCB44 		.ascii	"\235O\313Dr\215\373\026\247\016\344\373\341\313\020"
 268      728DFB16 
 268      A70EE4FB 
 268      E1CB10
 269 0320 AC23F028 		.ascii	"\254#\360(\242\020^D\345\256\321\"\015\371\201\371\212"
 269      A2105E44 
 269      E5AED122 
 269      0DF981F9 
 269      8A
 270 0331 15E50399 		.ascii	"\025\345\003\231\272\231:\031\253Z\225\374\031M\315"
 270      BA993A19 
 270      AB5A95FC 
 270      194DCD
 271 0340 559CD665 		.ascii	"U\234\326eUa\310L\235\014\345\310d\211\000+C\340u\254"
 271      5561C84C 
 271      9D0CE5C8 
 271      6489002B 
 271      43E075AC 
 272 0354 922B5825 		.ascii	"\222+X%!J\225\\\302,\\\344U\222\177,\357\202\201d\260"
 272      214A955C 
 272      C22C5CE4 
ARM GAS  /tmp/ccIhZyK9.s 			page 21


 272      55927F2C 
 272      EF828164 
 273 0369 2D281E39 		.ascii	"-(\0369PW\0368\303p\267!\264,\2252\\C\206\006\225\001"
 273      50571E38 
 273      C370B721 
 273      B42C9532 
 273      5C438606 
 274 037f 09E7A6F8 		.ascii	"\011\347\246\370nn\212\226\311\275\303\242~\307L\351"
 274      6E6E8A96 
 274      C9BDC3A2 
 274      7EC74CE9 
 275 038f 323C77F5 		.ascii	"2<w\365\012\320\010z\367\011q\340\326>B*\231\026M^J"
 275      0AD0087A 
 275      F70971E0 
 275      D63E422A 
 275      99164D5E 
 276 03a4 699A2F84 		.ascii	"i\232/\204-\012\013\317\241\221\256\261\353of}3 \313"
 276      2D0A0BCF 
 276      A191AEB1 
 276      EB6F667D 
 276      3320CB
 277 03b7 7BF53402 		.ascii	"{\3654\002\276G=M\260H\335\005F\212UN\021\205=T\376"
 277      BE473D4D 
 277      B048DD05 
 277      468A554E 
 277      11853D54 
 278 03cc 6E595EAD 		.ascii	"nY^\255\021\340<\276\257g<\324\033\245\301\015T\331"
 278      11E03CBE 
 278      AF673CD4 
 278      1BA5C10D 
 278      54D9
 279 03de 0C61701D 		.ascii	"\014ap\035\302\330\011\303\341\033~\211\265\226B\030"
 279      C2D809C3 
 279      E11B7E89 
 279      B5964218 
 280 03ee F68539B1 		.ascii	"\366\2059\261#)4\317\314\243\314`\207,\003u\022\224"
 280      232934CF 
 280      CCA3CC60 
 280      872C0375 
 280      1294
 281 0400 AC285368 		.ascii	"\254(Sh:\377c:!wy:Kk\017\265k |\021\017z\226\245\305"
 281      3AFF633A 
 281      2177793A 
 281      4B6B0FB5 
 281      6B207C11 
 282 0419 730D5A11 		.ascii	"s\015Z\021\270EM&\205\230[1\374\200B\347\023\215T\351"
 282      B8454D26 
 282      85985B31 
 282      FC8042E7 
 282      138D54E9 
 283 042d 431D13E2 		.ascii	"C\035\023\342\253\271\262\323\205\311\251\177%\0137"
 283      ABB9B2D3 
 283      85C9A97F 
 283      250B37
 284 043c 8A3F43AF 		.ascii	"\212?C\257\343\350\036S\257cU\333\006\257b\330\315\201"
 284      E3E81E53 
 284      AF6355DB 
ARM GAS  /tmp/ccIhZyK9.s 			page 22


 284      06AF62D8 
 284      CD81
 285 044e F25220C3 		.ascii	"\362R \303\374\314=v\2615\325?x\267\302\276\014\350"
 285      FCCC3D76 
 285      B135D53F 
 285      78B7C2BE 
 285      0CE8
 286 0460 D2B093BB 		.ascii	"\322\260\223\273\035\202g\346\324\321\226s+\000\211"
 286      1D8267E6 
 286      D4D19673 
 286      2B0089
 287 046f 7A7112DD 		.ascii	"zq\022\335\231\213\367\312\316%\364=\334\244\250\324"
 287      998BF7CA 
 287      CE25F43D 
 287      DCA4A8D4 
 288 047f 9935E016 		.ascii	"\2315\340\026\203\177\272c\364\216\201Ls\370\321\264"
 288      837FBA63 
 288      F48E814C 
 288      73F8D1B4 
 289 048f 921A1F25 		.ascii	"\222\032\037%\262\377e\207\\\017,\360Gw k@\007\013\354"
 289      B2FF6587 
 289      5C0F2CF0 
 289      4777206B 
 289      40070BEC 
 290 04a3 FF76F8B6 		.ascii	"\377v\370\266\277g\225\264z\254\200\200\227&\253\022"
 290      BF6795B4 
 290      7AAC8080 
 290      9726AB12 
 291 04b3 FA1F9D73 		.ascii	"\372\037\235so\334\221\301\323\231\302\252\316]\212"
 291      6FDC91C1 
 291      D399C2AA 
 291      CE5D8A
 292 04c2 731773BE 		.ascii	"s\027s\276\232\375\374\261\206d\020&\351\\rA\211\201"
 292      9AFDFCB1 
 292      86641026 
 292      E95C7241 
 292      8981
 293 04d4 6FCE57B0 		.ascii	"o\316W\260\233\266\247?W9\212\207\350\376;\3368zPG2"
 293      9BB6A73F 
 293      57398A87 
 293      E8FE3BDE 
 293      387A5047 
 294 04e9 B96FCEBD 		.ascii	"\271o\316\275\306\253\312F^\212\335\006G\232\313G\227"
 294      C6ABCA46 
 294      5E8ADD06 
 294      479ACB47 
 294      97
 295 04fa CE92C548 		.ascii	"\316\222\305H\203=\313\3706\315\034V\012\364\363\252"
 295      833DCBF8 
 295      36CD1C56 
 295      0AF4F3AA 
 296 050a 6F1DAFF9 		.ascii	"o\035\257\371YOr\031\222\2467w\344\276\026\302C\000"
 296      594F7219 
 296      92A63777 
 296      E4BE16C2 
 296      4300
 297 051c 746827DD 		.ascii	"th'\335\227\234\000wq+\014(\351\300'SF\370\241\177\323"
ARM GAS  /tmp/ccIhZyK9.s 			page 23


 297      979C0077 
 297      712B0C28 
 297      E9C02753 
 297      46F8A17F 
 298 0531 E1B936D8 		.ascii	"\341\2716\330\035\254\202\273\214\347\036\362\016\""
 298      1DAC82BB 
 298      8CE71EF2 
 298      0E22
 299 053f 51265614 		.ascii	"Q&V\024\035A\302\302\352\317[\264\236kI\261{\321\257"
 299      1D41C2C2 
 299      EACF5BB4 
 299      9E6B49B1 
 299      7BD1AF
 300 0552 87E9FB2F 		.ascii	"\207\351\373/]Q\256\222z\357n<\236\345\257S8\322\027"
 300      5D51AE92 
 300      7AEF6E3C 
 300      9EE5AF53 
 300      38D217
 301 0565 E440EFC6 		.ascii	"\344@\357\306\375\375=\032O\354\237\026\302\036\357"
 301      FDFD3D1A 
 301      4FEC9F16 
 301      C21EEF
 302 0574 6B6CA3CB 		.ascii	"kl\243\313\336\204\225\371\354\250\326\341t9\226\301"
 302      DE8495F9 
 302      ECA8D6E1 
 302      743996C1 
 303 0584 7D5CA13E 		.ascii	"}\\\241>\254L<\363=\"\273q\344/\370y\363\200\325\200"
 303      AC4C3CF3 
 303      3D22BB71 
 303      E42FF879 
 303      F380D580 
 304 0598 FB565DFE 		.ascii	"\373V]\376\377\267\352r~ \336\370b\344\204/\311#\374"
 304      FFB7EA72 
 304      7E20DEF8 
 304      62E4842F 
 304      C923FC
 305 05ab B86AB859 		.ascii	"\270j\270Y\257\3618\020\177ux\204\212\033Fm\217\325"
 305      AFF13810 
 305      7F757884 
 305      8A1B466D 
 305      8FD5
 306 05bd 1DB67CDE 		.ascii	"\035\266|\336\213s\010\247\272\\9\257\036\341\340C\345"
 306      8B7308A7 
 306      BA5C39AF 
 306      1EE1E043 
 306      E5
 307 05ce 483CB127 		.ascii	"H<\261'GK\3128\307\245\332\016\334\303\272\3609\001"
 307      474BCA38 
 307      C7A5DA0E 
 307      DCC3BAF0 
 307      3901
 308 05e0 9ECC0130 		.ascii	"\236\314\0010sv^bg\347(\212\031Q\305\014\263\034\321"
 308      73765E62 
 308      67E7288A 
 308      1951C50C 
 308      B31CD1
 309 05f3 5124DA51 		.ascii	"Q$\332Q\321\322\255\231\267\240\236\272\013\352u\246"
ARM GAS  /tmp/ccIhZyK9.s 			page 24


 309      D1D2AD99 
 309      B7A09EBA 
 309      0BEA75A6 
 310 0603 2AE361F3 		.ascii	"*\343a\363a\275\367\362\252\327\3313\266\004O9<v0b`"
 310      61BDF7F2 
 310      AAD7D933 
 310      B6044F39 
 310      3C763062 
 311 0618 B2E85C20 		.ascii	"\262\350\\ /_-v\307\212\235\337\033\346e\033w\263\215"
 311      2F5F2D76 
 311      C78A9DDF 
 311      1BE6651B 
 311      77B38D
 312 062b F1243CD9 		.ascii	"\361$<\331\221:\246|\262\370b7o0{\227\236\357\223\267"
 312      913AA67C 
 312      B2F86237 
 312      6F307B97 
 312      9EEF93B7 
 313 063f E991D054 		.ascii	"\351\221\320Tx\311\340-\346g\004\233``\223L\3148\027"
 313      78C9E02D 
 313      E667049B 
 313      6060934C 
 313      CC3817
 314 0652 33C9C464 		.ascii	"3\311\304d\244\236v\370\222j\276\261\256\356?\271_\217"
 314      A49E76F8 
 314      926ABEB1 
 314      AEEE3FB9 
 314      5F8F
 315 0664 B7AD0B6F 		.ascii	"\267\255\013o\333\321\361\260N\376\301P\317\277\303"
 315      DBD1F1B0 
 315      4EFEC150 
 315      CFBFC3
 316 0673 9EABD97A 		.ascii	"\236\253\331z\356}\333N\261\333\366\344\330\370\316"
 316      EE7DDB4E 
 316      B1DBF6E4 
 316      D8F8CE
 317 0682 40D2C7B1 		.ascii	"@\322\307\261R\247Fz\003\025\254\216\251\360\314\334"
 317      52A7467A 
 317      0315AC8E 
 317      A9F0CCDC 
 318 0692 34B9096F 		.ascii	"4\271\011o\356w\331\267\037\274P\301^x\203M3\260\233"
 318      EE77D9B7 
 318      1FBC50C1 
 318      5E78834D 
 318      33B09B
 319 06a5 83F5D164 		.ascii	"\203\365\321d\277\206a\235.:Z\022Hrxgg\375\371l-~\027"
 319      BF86619D 
 319      2E3A5A12 
 319      48727867 
 319      67FDF96C 
 320 06bc 814324BC 		.ascii	"\201C$\274\256\353'z\202\330\207\322\350\314\007\325"
 320      AEEB277A 
 320      82D887D2 
 320      E8CC07D5 
 321 06cc 859282A9 		.ascii	"\205\222\202\251\300y\277>SD\372\215\221,*\037\031\203"
 321      C079BF3E 
 321      5344FA8D 
ARM GAS  /tmp/ccIhZyK9.s 			page 25


 321      912C2A1F 
 321      1983
 322 06de 59074B02 		.ascii	"Y\007K\002\024\251\227w\221\366\342\216\014\331\351"
 322      14A99777 
 322      91F6E28E 
 322      0CD9E9
 323 06ed 90575F11 		.ascii	"\220W_\021\251'\310\242\242\025\222D\015\355\315\226"
 323      A927C8A2 
 323      A2159244 
 323      0DEDCD96 
 324 06fd 9B2A52B9 		.ascii	"\233*R\271M\217\2522\002\310 \227\230\227\262kZ\253"
 324      4D8FAA32 
 324      02C82097 
 324      9897B26B 
 324      5AAB
 325 070f 008E8DBF 		.ascii	"\000\216\215\277\331\325\216\367#\036\212)\3003\231"
 325      D9D58EF7 
 325      231E8A29 
 325      C03399
 326 071e 26CE4C3E 		.ascii	"&\316L>\315\033\3553\206\326{\354\356>\003\031\341h"
 326      CD1BED33 
 326      86D67BEC 
 326      EE3E0319 
 326      E168
 327 0730 DFD5E6B6 		.ascii	"\337\325\346\266\372\250\231\374rv&\323U\260to\260\317"
 327      FAA899FC 
 327      727626D3 
 327      55B0746F 
 327      B0CF
 328 0742 C5504127 		.ascii	"\305PA'\231\342\023\314\222\305j\261\373\275\363\347"
 328      99E213CC 
 328      92C56AB1 
 328      FBBDF3E7 
 329 0752 4DCBD646 		.ascii	"M\313\326FF\012a\021\021Fc\274\315h\212\217\213\213"
 329      460A6111 
 329      114663BC 
 329      CD688A8F 
 329      8B8B
 330 0764 B7622BD6 		.ascii	"\267b+\326\262\331hK0\031M1q\3468\352\037a\022\226\232"
 330      B2D9684B 
 330      30194D31 
 330      71E638EA 
 330      1F611296 
 331 0779 62D6626B 		.ascii	"b\326bkMll\274iM\254\345c\2539\372\257\026{\314\206"
 331      4D6C6CBC 
 331      694DACE5 
 331      63AB39FA 
 331      AF167BCC 
 332 078e 2D5B6C66 		.ascii	"-[lf\373:\255\315\362\017\263d\177\303\230hK0\322\360"
 332      FB3AADCD 
 332      F20FB364 
 332      7FC39868 
 332      4B30D2F0 
 333 07a2 8F4D2663 		.ascii	"\217M&cTB\334\012k\274\325\274\302\034\265\331b\\\025"
 333      5442DC0A 
 333      6BBCD5BC 
 333      C21CB5D9 
ARM GAS  /tmp/ccIhZyK9.s 			page 26


 333      625C15
 334 07b5 B13222D2 		.ascii	"\2612\"\322h\261\232b\023\243\315F\233=:\332\274%\""
 334      68B19A62 
 334      13A3CD46 
 334      9B3D3ADA 
 334      BC2522
 335 07c8 46085908 		.ascii	"F\010Y\0107\210\277|"
 335      3788BF7C 
 336 07d0 C76CDF68 		.ascii	"\307l\337h\217\262'\332\376\2463\305H\212&_\253\371"
 336      8FB227DA 
 336      FEA633C5 
 336      488A265F 
 336      ABF9
 337 07e2 533BB6FD 		.ascii	"S;\266\375%)\321b\265\277-\331W0v7\203\325\274\215\012"
 337      2529D162 
 337      B5BF2DD9 
 337      57307637 
 337      83D5BC8D 
 338 07f7 898B32C5 		.ascii	"\211\2132\305X\254f\243\204tQ\211\261v\311\276}\253"
 338      58AC66A3 
 338      84745189 
 338      B176C9BE 
 338      7DAB
 339 0809 D986C4BE 		.ascii	"\331\206\304\276JT\350\\Q\266\3556\243\204\032\321\005"
 339      4A54E85C 
 339      51B6ED36 
 339      A3841AD1 
 339      05
 340 081a 5DB5666B 		.ascii	"]\265fk42\205\317\225'w\240\232\253\030\301_iJv\203"
 340      343285CF 
 340      952777A0 
 340      9AAB18C1 
 340      5F694A76 
 341 082f 24C598A3 		.ascii	"$\305\230\243\266J\233\243lfI\322+=\204\223$|\265%\321"
 341      B64A9BA3 
 341      6C6649D2 
 341      2B3D8493 
 341      247CB525 
 342 0844 6A92A488 		.ascii	"j\222\244\210U\277\211|\313\317\335\323\230b\242\022"
 342      55BF897C 
 342      CBCFDDD3 
 342      9862A212 
 343 0854 747C4E2B 		.ascii	"t|N+\337\220\354~\356\206\277)f\343v\333\237\342M\237"
 343      DF90EC7E 
 343      EE86BF29 
 343      66E376DB 
 343      9FE24D9F 
 344 0868 BCACE848 		.ascii	"\274\254\350H\260{\260\243b\312\2745>\301.a*?\361\022"
 344      B07BB0A3 
 344      62CABC35 
 344      3EC12E61 
 344      2A3FF112 
 345 087c 4BC76DC6 		.ascii	"K\307m\3065\357\257_\273\376S\364f\352\376\376V\034"
 345      35EFAF5F 
 345      BBFE53F4 
 345      66EAFEFE 
 345      561C
ARM GAS  /tmp/ccIhZyK9.s 			page 27


 346 088e 86A00ECC 		.ascii	"\206\240\016\314\264\364\3735\033\377\360\336\373\353"
 346      B4F4FB35 
 346      1BFFF0DE 
 346      FBEB
 347 089c 0C51B1DB 		.ascii	"\014Q\261\333\242\266\333\260@b1k\277\236\015\202\011"
 347      A2B6DBB0 
 347      4062316B 
 347      BF9E0D82 
 347      09
 348 08ad A710C6B5 		.ascii	"\247\020\306\265\3537\256\333h\244+c\\\347\026\020g"
 348      EB37AEDB 
 348      68A42B63 
 348      5CE71610 
 348      67
 349 08be B3D8245C 		.ascii	"\263\330$\\uD\014`J7Y\251\214\000&(\221\265\377\007"
 349      75440C60 
 349      4A3759A9 
 349      8C002628 
 349      91B5FF07 
 350 08d2 7982BC50 		.ascii	"y\202\274P"
 351              		.text
 352              		.section	.gnu.lto_.symtab.fc0b0545c5f1b738,"",%progbits
 353 0000 5F636F72 		.ascii	"_core_init\000"
 353      655F696E 
 353      697400
 354 000b 00       		.ascii	"\000"
 355 000c 00       		.ascii	"\000"
 356 000d 00       		.ascii	"\000"
 357 000e 00000000 		.ascii	"\000\000\000\000\000\000\000\000"
 357      00000000 
 358 0016 AE000000 		.ascii	"\256\000\000\000"
 359 001a 63685F6D 		.ascii	"ch_memcore\000"
 359      656D636F 
 359      726500
 360 0025 00       		.ascii	"\000"
 361 0026 00       		.ascii	"\000"
 362 0027 00       		.ascii	"\000"
 363 0028 00000000 		.ascii	"\000\000\000\000\000\000\000\000"
 363      00000000 
 364 0030 D6000000 		.ascii	"\326\000\000\000"
 365 0034 6368436F 		.ascii	"chCoreAllocAlignedWithOffsetI\000"
 365      7265416C 
 365      6C6F6341 
 365      6C69676E 
 365      65645769 
 366 0052 00       		.ascii	"\000"
 367 0053 00       		.ascii	"\000"
 368 0054 00       		.ascii	"\000"
 369 0055 00000000 		.ascii	"\000\000\000\000\000\000\000\000"
 369      00000000 
 370 005d BB000000 		.ascii	"\273\000\000\000"
 371 0061 6368436F 		.ascii	"chCoreAllocAlignedWithOffset\000"
 371      7265416C 
 371      6C6F6341 
 371      6C69676E 
 371      65645769 
 372 007e 00       		.ascii	"\000"
ARM GAS  /tmp/ccIhZyK9.s 			page 28


 373 007f 00       		.ascii	"\000"
 374 0080 00       		.ascii	"\000"
 375 0081 00000000 		.ascii	"\000\000\000\000\000\000\000\000"
 375      00000000 
 376 0089 BD000000 		.ascii	"\275\000\000\000"
 377 008d 6368436F 		.ascii	"chCoreGetStatusX\000"
 377      72654765 
 377      74537461 
 377      74757358 
 377      00
 378 009e 00       		.ascii	"\000"
 379 009f 00       		.ascii	"\000"
 380 00a0 00       		.ascii	"\000"
 381 00a1 00000000 		.ascii	"\000\000\000\000\000\000\000\000"
 381      00000000 
 382 00a9 C0000000 		.ascii	"\300\000\000\000"
 383 00ad 5F5F6865 		.ascii	"__heap_base__\000"
 383      61705F62 
 383      6173655F 
 383      5F00
 384 00bb 00       		.ascii	"\000"
 385 00bc 02       		.ascii	"\002"
 386 00bd 00       		.ascii	"\000"
 387 00be 00000000 		.ascii	"\000\000\000\000\000\000\000\000"
 387      00000000 
 388 00c6 D9000000 		.ascii	"\331\000\000\000"
 389 00ca 5F5F6865 		.ascii	"__heap_end__\000"
 389      61705F65 
 389      6E645F5F 
 389      00
 390 00d7 00       		.ascii	"\000"
 391 00d8 02       		.ascii	"\002"
 392 00d9 00       		.ascii	"\000"
 393 00da 00000000 		.ascii	"\000\000\000\000\000\000\000\000"
 393      00000000 
 394 00e2 DB000000 		.ascii	"\333\000\000\000"
 395              		.text
 396              		.section	.gnu.lto_.opts,"",%progbits
 397 0000 272D666D 		.ascii	"'-fmath-errno' '-fsigned-zeros' '-ftrapping-math' '"
 397      6174682D 
 397      6572726E 
 397      6F272027 
 397      2D667369 
 398 0033 2D666E6F 		.ascii	"-fno-trapv' '-fno-openmp' '-fno-openacc' '-mcpu=cor"
 398      2D747261 
 398      70762720 
 398      272D666E 
 398      6F2D6F70 
 399 0066 7465782D 		.ascii	"tex-m4' '-mno-thumb-interwork' '-mthumb' '-ggdb' '-"
 399      6D342720 
 399      272D6D6E 
 399      6F2D7468 
 399      756D622D 
 400 0099 4F322720 		.ascii	"O2' '-fomit-frame-pointer' '-falign-functions=16' '"
 400      272D666F 
 400      6D69742D 
 400      6672616D 
ARM GAS  /tmp/ccIhZyK9.s 			page 29


 400      652D706F 
 401 00cc 2D666675 		.ascii	"-ffunction-sections' '-fdata-sections' '-fno-common"
 401      6E637469 
 401      6F6E2D73 
 401      65637469 
 401      6F6E7327 
 402 00ff 2720272D 		.ascii	"' '-flto'\000"
 402      666C746F 
 402      2700
 403              		.text
 404              		.comm	__gnu_lto_v1,1,1
 405              		.comm	__gnu_lto_slim,1,1
 406              		.ident	"GCC: (15:6.3.1+svn253039-1build1) 6.3.1 20170620"
ARM GAS  /tmp/ccIhZyK9.s 			page 30


DEFINED SYMBOLS
                            *ABS*:0000000000000000 chmemcore.c
                            *COM*:0000000000000001 __gnu_lto_v1
                            *COM*:0000000000000001 __gnu_lto_slim

NO UNDEFINED SYMBOLS
