ARM GAS  /tmp/cc5cRMlV.s 			page 1


   1              		.cpu cortex-m4
   2              		.eabi_attribute 20, 1
   3              		.eabi_attribute 21, 1
   4              		.eabi_attribute 23, 3
   5              		.eabi_attribute 24, 1
   6              		.eabi_attribute 25, 1
   7              		.eabi_attribute 26, 1
   8              		.eabi_attribute 30, 2
   9              		.eabi_attribute 34, 1
  10              		.eabi_attribute 18, 4
  11              		.file	"chmsg.c"
  12              		.text
  13              	.Ltext0:
  14              		.section	.gnu.lto_.profile.aa3f6a3ea55f5699,"",%progbits
  15 0000 789C6365 		.ascii	"x\234ce`b`a```d\360S\007\000\001C\000\202"
  15      60626061 
  15      60606064 
  15      F0530700 
  15      01430082 
  16              		.text
  17              		.section	.gnu.lto_.icf.aa3f6a3ea55f5699,"",%progbits
  18 0000 789C6365 		.ascii	"x\234ce`b\020a@\000f\206S\357\267\374\340f:8\265\343"
  18      60621061 
  18      40006686 
  18      53EFB7FC 
  18      E0663A38 
  19 0016 1037F393 		.ascii	"\0207\363\223S\023O01\000\000fS\011H"
  19      53134F30 
  19      31000066 
  19      530948
  20              		.text
  21              		.section	.gnu.lto_.jmpfuncs.aa3f6a3ea55f5699,"",%progbits
  22 0000 789C6365 		.ascii	"x\234ce`b\010e@\000f\006&FF\346\372z&\306\351\314\214"
  22      60620865 
  22      40006606 
  22      264646E6 
  22      FA7A26C6 
  23 0017 BF5F4CB9 		.ascii	"\277_L\271\311\330\307<\237\231\201\221\207q9\243\014"
  23      C9D8C73C 
  23      9F998191 
  23      877139A3 
  23      0C
  24 0028 03031353 		.ascii	"\003\003\023S%H\025\023\020\201\024\374\275\323\370"
  24      25481513 
  24      108114FC 
  24      BDD3F8
  25 0037 8F09A280 		.ascii	"\217\011\242\200\217q\005H\0013H;##\013T]%#\210\002"
  25      8F710548 
  25      0133483B 
  25      23230B54 
  25      5D252388 
  26 004c 0004C00E 		.ascii	"\000\004\300\016\337"
  26      DF
  27              		.text
  28              		.section	.gnu.lto_.inline.aa3f6a3ea55f5699,"",%progbits
  29 0000 789C6365 		.ascii	"x\234ce`b\210c@\000f\006\006\021\031FF\006\005F\006"
  29      60628863 
ARM GAS  /tmp/cc5cRMlV.s 			page 2


  29      40006606 
  29      06111946 
  29      46060546 
  30 0015 0626F11B 		.ascii	"\006&\361\033\233\031\0318o\2301\201d\230\270\031\030"
  30      9B191938 
  30      6F983181 
  30      6498B819 
  30      18
  31 0026 1821E404 		.ascii	"\030!\344\004?&\006A~ G\342\300nF\006\266\005\362H\012"
  31      3F260641 
  31      7E2047E2 
  31      C06E4606 
  31      B605F248 
  32 003b 98193804 		.ascii	"\230\0318\004\2002,\013\344\341\022\314<@\311\011~\023"
  32      80322C0B 
  32      E4E112CC 
  32      3C40C909 
  32      7E13
  33 004d FC1800EF 		.ascii	"\374\030\000\357\356\012w"
  33      EE0A77
  34              		.text
  35              		.section	.gnu.lto_.pureconst.aa3f6a3ea55f5699,"",%progbits
  36 0000 789C6365 		.ascii	"x\234ce`b\340b```f\330\305\310\264\213\221y\027#\000"
  36      6062E062 
  36      60606066 
  36      D8C5C8B4 
  36      8B917917 
  37 0016 0C3D024B 		.ascii	"\014=\002K"
  38              		.text
  39              		.section	.gnu.lto_chMsgSend.aa3f6a3ea55f5699,"",%progbits
  40 0000 789C9555 		.ascii	"x\234\225UkL\024W\024\276g\356\260\263\313\256\2405"
  40      6B4C1457 
  40      14BE67EE 
  40      B0B3CBAE 
  40      A035
  41 0012 31819266 		.ascii	"1\201\222fM$jc\230\376\260\365\237I\343\237\372\203"
  41      4D246A63 
  41      98FEB0F5 
  41      9F49E39F 
  41      FA83
  42 0024 A4D1BF4D 		.ascii	"\244\321\277MH\273R!\351\012\335\245F\223\246\014+\224"
  42      48BB5221 
  42      E90ADDA5 
  42      4693A60C 
  42      2B94
  43 0036 562BB595 		.ascii	"V+\265\225\312\256@\206\270\340\243 \242\330\"P\021"
  43      CAAE4086 
  43      B8E0A320 
  43      A2D82250 
  43      11
  44 0047 45501145 		.ascii	"EP\021EQ|A\021y\310;}\304\244\266\332\265\347\334\031"
  44      517C4111 
  44      79C83B7D 
  44      C4A4B6DA 
  44      B5E7DC19 
  45 005b 101650BB 		.ascii	"\020\026P\273\311\356\316\334\363\370\316\371\3169\367"
  45      C9EECEDC 
ARM GAS  /tmp/cc5cRMlV.s 			page 3


  45      F3F8CEF9 
  45      CE39F7
  46 006a 443089E9 		.ascii	"D0\211\3516\306\0360\306V\343\027\"\030H{\2562\226e"
  46      36C61E30 
  46      C656E317 
  46      2218487B 
  46      AE329665 
  47 007e 9524DE12 		.ascii	"\225$\336\022\315\264H\271u-\323\034\034d\343X\006\240"
  47      CDB448B9 
  47      752DD31C 
  47      1C64E358 
  47      06A0
  48 0090 07CD0A2C 		.ascii	"\007\315\012,S\3422d\302\267\274\200\303\365\354\252"
  48      53E23264 
  48      C2B7BC80 
  48      C3F5ECAA 
  49 00a0 229EC775 		.ascii	"\"\236\307u\316@\306\327?\256\354\357\217\242W\000'"
  49      CE40C6D7 
  49      3FAEECEF 
  49      8FA25700 
  49      27
  50 00b1 BE0ED47E 		.ascii	"\276\016\324~9!\257<\244\341\247\261\240\307R\260#\347"
  50      3921AF3C 
  50      A4E1A7B1 
  50      A0C752B0 
  50      23E7
  51 00c3 3D9D4B2C 		.ascii	"=\235K,\200\332\207!\016\016A\034a\037\201\225\250{"
  51      80DA8721 
  51      0E0E411C 
  51      611F8195 
  51      A87B
  52 00d5 7EF06987 		.ascii	"~\360i\207\235\307\000\303\347\242C\275\245\266\345"
  52      9DC700C3 
  52      E7A243BD 
  52      A5B6E5
  53 00e4 659AE6D3 		.ascii	"e\232\346\323\032\273\367rm\231\3169\374\010|\272!\036"
  53      1ABBF772 
  53      6D99CE39 
  53      FC087CBA 
  53      211E
  54 00f6 312887E5 		.ascii	"1(\207\345\250\336VU{[\346q\3024\177l\350N4\231\"\344"
  54      A8DE5655 
  54      7B5BE671 
  54      C2347F6C 
  54      E84E3499 
  55 010c 78BE3095 		.ascii	"x\2760\225\240\"\334Tbp\024\226\223~[\350d{$w\012\333"
  55      A022DC54 
  55      62701496 
  55      937E5BE8 
  55      647B2477 
  56 0122 8A89E6A7 		.ascii	"\212\211\346\247\226\370\240\200m)\214\375n\207vQ\223"
  56      96F8A080 
  56      6D298CFD 
  56      6E877651 
  56      93
  57 0133 09BA72A6 		.ascii	"\011\272r\246=}P\275\357x\350\207\005\026\031\216A|"
  57      3D7D50BD 
ARM GAS  /tmp/cc5cRMlV.s 			page 4


  57      EF78E887 
  57      0516198E 
  57      417C
  58 0145 9033CA0A 		.ascii	"\2203\312\012\223\251\002\013\340\037\035\036\353\200"
  58      93A9020B 
  58      E01F1D1E 
  58      EB80
  59 0153 462DF42C 		.ascii	"F-\364,Wk\014\305\336{4\264h1\272\300cd\022\261-@\301"
  59      576B0CC5 
  59      DE7B34B4 
  59      6831BAC0 
  59      636412B1 
  60 016a 2B188B6C 		.ascii	"+\030\213l\305\237\010\273\210\310!\322b;\361Kl\357"
  60      C59F08BB 
  60      88C821D2 
  60      623BF14B 
  60      6CEF
  61 017c C240F19F 		.ascii	"\302@\361\237\217\200\257n\344TP!\357\305\234x\337\227"
  61      8F80AF6E 
  61      E4545021 
  61      EFC59C78 
  61      DF97
  62 018e 73AE5D21 		.ascii	"s\256]!\242-\"\362\332\332\361.%\363_\315\212\007A\016"
  62      A22D22F2 
  62      DADAF12E 
  62      25F35FCD 
  62      8A07410E 
  63 01a2 22BCD1B6 		.ascii	"\"\274\321\266\316\363\221:\024\203\316\0258\201\005"
  63      CEF3913A 
  63      1483CE15 
  63      388105
  64 01b1 3B4EA1A3 		.ascii	";N\241\243 \357T\325\327V\365(QTR\211R+T\203\016~n\246"
  64      20EF54D5 
  64      D756F528 
  64      51545289 
  64      522B5483 
  65 01c9 D5FCCDF5 		.ascii	"\325\374\315\365RS\354\244\344O\202\352'\227\014~\002"
  65      5253ECA4 
  65      E44F82EA 
  65      27970C7E 
  65      02
  66 01da 950D82AF 		.ascii	"\225\015\202\257d\253\310\022S\301X\360@\"\253\262\326"
  66      64ABC812 
  66      53C158F0 
  66      4022ABB2 
  66      D6
  67 01eb 8E3376BE 		.ascii	"\2163v\276LD\363\310\177\374\260\315\344q\250\371\315"
  67      4C44F3C8 
  67      7FFCB0CD 
  67      E471A8F9 
  67      CD
  68 01fc C09D014D 		.ascii	"\300\235\001M\373^C$\033\374<\233I\250\201x4\312\035"
  68      FB5E4324 
  68      1BFC3C9B 
  68      49A88178 
  68      34CA1D
  69 020f D14ECB94 		.ascii	"\321N\313\224\221\015\234p\012e\243\340\353\253\331"
ARM GAS  /tmp/cc5cRMlV.s 			page 5


  69      910D9C70 
  69      0A65A3E0 
  69      EBABD9
  70 021e 7DF23E4C 		.ascii	"}\362>LQ\235-\252\272\367\261E\320\034\340\300\302D"
  70      519D2DAA 
  70      BAF7B145 
  70      D01CE0C0 
  70      C244
  71 0230 5D47567D 		.ascii	"]GV}\300\240\226dR\270\254\2779!\206\240\030\324\221"
  71      C0A09664 
  71      52B8ACBF 
  71      392186A0 
  71      18D491
  72 0243 9C4FAB20 		.ascii	"\234O\253 \203z\260` \277P\355\200\035$\304\003\372"
  72      837AB060 
  72      20BF50ED 
  72      801D24C4 
  72      03FA
  73 0255 89C7914B 		.ascii	"\211\307\221Kk@\327\374\310B$i\037\355\257\327\254\262"
  73      6B40D7FC 
  73      C8422469 
  73      1FEDAFD7 
  73      ACB2
  74 0267 848AA761 		.ascii	"\204\212\247a\251\240\352\367\361\233]\022\236@\003"
  74      A9A0EAF7 
  74      F19B5D12 
  74      9E4003
  75 0276 C8226606 		.ascii	"\310\"f\006g\304\034\034nh\032t,\2553\255\355\244\373"
  75      67C41C1C 
  75      6E681A74 
  75      2CAD33AD 
  75      EDA4FB
  76 0289 67E5894E 		.ascii	"g\345\211N\273\260n$k8\0132\221\351\024\3713\206%\336"
  76      BBB06E24 
  76      6B380B32 
  76      91E914F9 
  76      338625DE 
  77 029d FFF781DF 		.ascii	"\377\367\201\337\256I\224\332\364\002\033Y\376u\241"
  77      AE4994DA 
  77      F4021B59 
  77      FE75A1
  78 02ac F52B0716 		.ascii	"\365+\007\0263\213\212\026\253s\007R\017\347\314\202"
  78      338B8A16 
  78      AB730752 
  78      0FE7CC82 
  79 02bc 960DF82A 		.ascii	"\226\015\370*\225\251\212-\200&QN\311(\347\215=\232"
  79      95A98A2D 
  79      8026514E 
  79      C928E78D 
  79      3D9A
  80 02ce 1FCC6A7F 		.ascii	"\037\314j\177L\303p\236\352)z\265\031\324b.\023\364"
  80      4CC3709E 
  80      EA297AB5 
  80      19D4622E 
  80      13F4
  81 02e0 3FB91335 		.ascii	"?\271\0235\016\243\273\22404\247\000\263\314\003\026"
  81      0EA3BB94 
ARM GAS  /tmp/cc5cRMlV.s 			page 6


  81      3034A700 
  81      B3CC0316 
  82 02f0 052D024C 		.ascii	"\005-\002L6\300\272J\317\226\332\261\017\015\241\014"
  82      36C0BA4A 
  82      CF96DAB1 
  82      0F0DA10C 
  83 0300 17B06318 		.ascii	"\027\260c\030\\\204L\221\252\231ZVya\221\303l\217\320"
  83      5C844C91 
  83      AA995A56 
  83      796191C3 
  83      6C8FD0
  84 0313 FEA880D6 		.ascii	"\376\250\200\326\230\355\234c\300Eo\\\232l2_\311\223"
  84      98ED9C63 
  84      C0456F5C 
  84      9A6C325F 
  84      C993
  85 0325 DDDC74D0 		.ascii	"\335\334t\320]\330\023\262\361s \230i\3129\353Sfy\223"
  85      5DD813B2 
  85      F1732098 
  85      69CA39EB 
  85      53667993 
  86 0339 A1750E6F 		.ascii	"\241u\016o\227\311\233bp\235\227\333\035\370<\254G\012"
  86      97C99B62 
  86      709D97DB 
  86      1DF83CAC 
  86      470A
  87 034b 9E5A3829 		.ascii	"\236Z8)\021\254\331c\362\214>i\023}rED1I\022\314_\215"
  87      11ACD963 
  87      F28C3E69 
  87      137D7245 
  87      44314912 
  88 0362 DEFAA285 		.ascii	"\336\372\242\205\205A \232\256\012\232\"\014\027ae\361"
  88      8541209A 
  88      AE0A9A22 
  88      0C176165 
  88      F1
  89 0373 50F6ED54 		.ascii	"P\366\355T\026\213!\207kT\031\021h\335Hmu\205D\220\305"
  89      168B2187 
  89      6B541911 
  89      68DD486D 
  89      75854490 
  90 0388 DC81760F 		.ascii	"\334\201v\017\363\263\236\001\365\205\014\253\360\265"
  90      F3B39E01 
  90      F5850CAB 
  90      F0B5
  91 0396 B3FD8ADF 		.ascii	"\263\375\212\337n\004\021EU\272n\0061t1\177\230O\033"
  91      6E041145 
  91      55BA6E06 
  91      3174317F 
  91      984F1B
  92 03a9 E20E01AF 		.ascii	"\342\016\001\257\230\356o`Y\320\367\276Kk_=\227\222"
  92      98EE6F60 
  92      59D0F7BE 
  92      4B6B5F3D 
  92      9792
  93 03bb 2594C6CD 		.ascii	"%\224\306\315\227\245\321IiL\342\334\2424\034\202\357"
  93      97A5D149 
ARM GAS  /tmp/cc5cRMlV.s 			page 7


  93      694CE2DC 
  93      A2341C82 
  93      EF
  94 03cc 91BAEAC7 		.ascii	"\221\272\352\3070'\232cN\264\203\202\265\333/\200\353"
  94      30279A63 
  94      4EB48382 
  94      B5DB2F80 
  94      EB
  95 03dd 03C2BB33 		.ascii	"\003\302\2733\235\266\273\204\307\015\274\372\347x\257"
  95      9DB6BB84 
  95      C70DBCFA 
  95      E778AF
  96 03ec 4012CD14 		.ascii	"@\022\315\024\207{3X\3522\274a\357\365\356jp\211;\217"
  96      877B3358 
  96      EA32BC61 
  96      EFF5EE6A 
  96      70893B8F 
  97 0400 FA62AA95 		.ascii	"\372b\252\225\251S\230Q\2433A\2131=\326\3775=\321\320"
  97      A9539851 
  97      A333418B 
  97      313DD6FF 
  97      353DD1D0 
  98 0414 2D10ADD4 		.ascii	"-\020\255\324\234\277bQ\006 \373^\323\352\347\256&n"
  98      9CBF6251 
  98      0620FB5E 
  98      D3EAE7AE 
  98      266E
  99 0426 955788F5 		.ascii	"\225W\210\365\032\015Q\320c\266\361.\014\252%\232\217"
  99      1A0D51D0 
  99      63B6F12E 
  99      0CAA259A 
  99      8F
 100 0437 41764930 		.ascii	"AvI0/\202\224\303V\300\302\000R\306\340>\216\035b\353"
 100      2F8294C3 
 100      56C0C200 
 100      52C6E03E 
 100      8E1D62EB 
 101 044b 7C913092 		.ascii	"|\2210\222\305*!\253\362<>\207\325k\001N\315\335\213"
 101      C52A21AB 
 101      F23C3E87 
 101      D56B014E 
 101      CDDD8B
 102 045e 56287832 		.ascii	"V(x2\234\177W\364Y\0048\340\001\304\351|\261\221\352"
 102      9C7F57F4 
 102      590438E0 
 102      01C4E97C 
 102      B191EA
 103 0471 E57E30E2 		.ascii	"\345~0\342\263\207_K\036\366\222{\251o\276{\351\013"
 103      B3875F4B 
 103      1EF6927B 
 103      A96FBE7B 
 103      E90B
 104 0483 BA97FAA9 		.ascii	"\272\227\372\251\2226bb\300\3343o\010\226q-\"\330\344"
 104      92366262 
 104      C0DC336F 
 104      0896712D 
 104      22D8E4
ARM GAS  /tmp/cc5cRMlV.s 			page 8


 105 0496 9E99B95B 		.ascii	"\236\231\271[\336y\331n\031\024\273e\3522\265\341\375"
 105      DE79D96E 
 105      1914BB65 
 105      EA32B5E1 
 105      FD
 106 04a7 FEF045BB 		.ascii	"\376\360E\273\305\257\230s\257\314\230\373!\232\373"
 106      C5AF9873 
 106      AFCC98FB 
 106      219AFB
 107 04b6 59CB6645 		.ascii	"Y\313fE\022\203aR\266\316Z6ekb\010\233\301\310\354e"
 107      12836152 
 107      B6CE5A36 
 107      656B6208 
 107      9BC1C8EC 
 108 04cb 332A2E91 		.ascii	"3*.\221\261i\313&\244?h\260O\356\221\207b\217\214\213"
 108      B169CB26 
 108      A43F68B0 
 108      4FEE9187 
 108      628F8C8B 
 109 04df 3D12BE34 		.ascii	"=\022\2764&\246\226\0069g\023\324\232W\233\314\336\263"
 109      26A69606 
 109      396713D4 
 109      9A579BCC 
 109      DEB3
 110 04f1 53C63B71 		.ascii	"S\306;q_`\235\321dIB\202\252\246yUO\206\352\365\270"
 110      5F609DD1 
 110      64494282 
 110      AAA67955 
 110      4F86EAF5 
 111 0506 54578ADB 		.ascii	"TW\212\333\2739\301\305\244\214t\216O\334\225\221\256"
 111      BB39C1C5 
 111      A48C748E 
 111      4FDC9591 
 111      AE
 112 0517 7CF4A137 		.ascii	"|\364\2417\371}O\352\012S\323\225\346v\247mQ\323\323"
 112      F97D4FEA 
 112      0A53D395 
 112      E676A76D 
 112      51D3D3
 113 052a 3C195EF5 		.ascii	"<\031^\365\335\015\211\353\022\267\241\231+\315\223"
 113      DD0D89EB 
 113      12B7A199 
 113      2BCD93
 114 0539 9CB4758D 		.ascii	"\234\264u\215;!\205\275=S1y[\006\251\251\353\0227\256"
 114      3B2185BD 
 114      3D533179 
 114      5B06A9A9 
 114      EB1237AE 
 115 054d DFA8AE43 		.ascii	"\337\250\256C=u\375\026\327'\237mJV]no\2527i\263\313"
 115      3D75FD16 
 115      D7279F6D 
 115      4A565D6E 
 115      6FAA3769 
 116 0563 8556B1CF 		.ascii	"\205V\261\317\003I\235\024\247x\267{Q\2640q\343\006"
 116      03499D14 
 116      A778B77B 
 116      51B43071 
ARM GAS  /tmp/cc5cRMlV.s 			page 9


 116      E306
 117 0575 274591EE 		.ascii	"'E\221\356I]\345\214\177\213I\036\246\270\223\335i\236"
 117      495DE58C 
 117      7F8B491E 
 117      A6B893DD 
 117      699E
 118 0587 ED8C677C 		.ascii	"\355\214g|\232\376\372\234\246\256\224Mh\373\037\214"
 118      9AFEFA9C 
 118      A6AE944D 
 118      68FB1F8C 
 119 0597 B25D90   		.ascii	"\262]\220"
 120              		.text
 121              		.section	.gnu.lto_chMsgWait.aa3f6a3ea55f5699,"",%progbits
 122 0000 789C8D55 		.ascii	"x\234\215U[L\024W\030>\377\234ag/@}\242\255%\315\362"
 122      5B4C1457 
 122      183EFF9C 
 122      61672F40 
 122      7DA2AD25 
 123 0016 B0092686 		.ascii	"\260\011&\206\351\203\246\355[\033\236| i$\351C\323"
 123      E983A6ED 
 123      5B1B9E7C 
 123      206924E9 
 123      43D3
 124 0028 84D49508 		.ascii	"\204\324\225\010IWp\227\032}bX0\0261hS+\013\210C\004"
 124      49577097 
 124      1A7D6258 
 124      30163168 
 124      532B0B88 
 125 003e E3858280 		.ascii	"\343\205\202\200\326\212xA\027DQTPz\021\353\205\213"
 125      D68A7841 
 125      17445154 
 125      507A11EB 
 125      858B
 126 0050 B068935A 		.ascii	"\260h\223Z\221^\304\245\377\177f@vY\250\233\354\354"
 126      915EC4A5 
 126      FF7F6640 
 126      7659A89B 
 126      ECEC
 127 0062 9EF9AFDF 		.ascii	"\236\371\257\337w\276s\3768&\261b\033c\223\214\261\325"
 127      77BE73FE 
 127      3826B162 
 127      1B63938C 
 127      B1D5
 128 0074 F8853806 		.ascii	"\370\2058\006\322\356\353\214\025Y%\211?W\230f\227\253"
 128      D2EEEB8C 
 128      15592589 
 128      3F579866 
 128      97AB
 129 0086 2F31A6C5 		.ascii	"/1\246\305s\220\215\3672\000\375\321\254\300\012%.C"
 129      73908DF7 
 129      3200FDD1 
 129      ACC00A25 
 129      2E43
 130 0098 21ECE215 		.ascii	"!\354\342\025\034\372J\232\367\361r\256s\0062.\237\366"
 130      1CFA4A9A 
 130      F7F172AE 
 130      7306322E 
ARM GAS  /tmp/cc5cRMlV.s 			page 10


 130      9FF6
 131 00aa 560D27D2 		.ascii	"V\015'\322\022\300\211\313j\255\277TYqH\323\374ZG\305"
 131      12C089CB 
 131      6AADBF54 
 131      597148D3 
 131      FC5A47C5 
 132 00be 3DA5BAF5 		.ascii	"=\245\272\365\246f\323\271\304*\321\3750$\303!H\246"
 132      A666D3B9 
 132      C42AD1FD 
 132      3024C321 
 132      48A6
 133 00d0 EA476005 		.ascii	"\352G`\005C\357\316\321\351~\007\177\033\350\177QC\365"
 133      43EFCED1 
 133      E97E077F 
 133      1BE87F51 
 133      43F5
 134 00e2 BE78579D 		.ascii	"\276xW\235\210\274\244/\377\246X\273\254\311\030\012"
 134      88BCA42F 
 134      FFA658BB 
 134      ACC9180A 
 135 00f2 47814746 		.ascii	"G\201GF3r\037j\011\177\227`\221\241\001\\\224\034s~"
 135      33721F6A 
 135      097F9760 
 135      91A1015C 
 135      941C737E 
 136 0106 0F16C09F 		.ascii	"\017\026\300\237\250T\303\303je\253\246\225~\264H*h"
 136      A854C3C3 
 136      6A65ABA6 
 136      957EB448 
 136      2A68
 137 0118 04D7B17E 		.ascii	"\004\327\261~\350\320\3023\333\261\345w\367O\215\227"
 137      E8D0C233 
 137      DBB1E577 
 137      F74F8D97 
 138 0128 B9967186 		.ascii	"\271\226q\206\3562=,\364P\360\301m\364\260\213\000\007"
 138      EE323D2C 
 138      F450F0C1 
 138      6DF4B08B 
 138      0007
 139 013a BD646C07 		.ascii	"\275dl\007\326%\212\312p\201\277|\024$j\355`O\377y\007"
 139      D6258ACA 
 139      7081BF7C 
 139      14246AED 
 139      604FFF79 
 140 014f FF40A09A 		.ascii	"\377@\240\232\014\264\034\266\231\255t\007R\253\212"
 140      0CB41CB6 
 140      99AD7407 
 140      52AB8A
 141 015e AFEED46A 		.ascii	"\257\356\324j\375\313t\344\263)F3\307\300\205A\333C"
 141      FDCB74E4 
 141      B3294633 
 141      C7C08541 
 141      DB43
 142 0170 DA599938 		.ascii	"\332Y\2318\225\301\011\315h\233\000\377\320X\371\211"
 142      95C109CD 
 142      689B00FF 
 142      D058F989 
ARM GAS  /tmp/cc5cRMlV.s 			page 11


 143 0180 FB3007BC 		.ascii	"\3730\007\274D\303O\307\267\223\212\300]\311\201E\231"
 143      44C34FC7 
 143      B7938AC0 
 143      5DC98145 
 143      99
 144 0191 5E34ACFC 		.ascii	"^4\254\374\234A\013\331\244h[0\220Z\315\251\026\203"
 144      9C410BD9 
 144      A4685B30 
 144      905ACDA9 
 144      1683
 145 01a3 5672E0F3 		.ascii	"Vr\340\363\010ep\034,\330\311\011b\023\330i*y@o\375"
 145      0865701C 
 145      2CD8C909 
 145      6213D869 
 145      2A79406F 
 146 01b8 DB9E7215 		.ascii	"\333\236r\025t-\340\324y\034y7\016\267kV\0319\200\037"
 146      742DE0D4 
 146      791C7937 
 146      0EB76B56 
 146      1939801F 
 147 01cc 20456CC8 		.ascii	" El\310\037On\017J\370\006N\202,\232f\360\243P\310\341"
 147      1F4F6E0F 
 147      4AF8064E 
 147      822C9A66 
 147      F0A350C8 
 148 01e1 73C1D1F8 		.ascii	"s\301\321\370\224\353f\264\205|\377lj\035p\210\350S"
 148      94EB66B4 
 148      857CFF6C 
 148      6A1D7088 
 148      E853
 149 01f3 140D6D20 		.ascii	"\024\015m \263Q\360;\005\001\214\205\300\177\372\237"
 149      B351F03B 
 149      05018C85 
 149      C07FFA9F 
 150 0203 A1700710 		.ascii	"\241p\007\020\266\032N\252\333\273\355\342\015\205("
 150      B61A4EAA 
 150      DBBBEDE2 
 150      0D8528
 151 0212 5104D2B6 		.ascii	"Q\004\322\266\266'\203J\341K\315\212/\352\270\241\210"
 151      B627834A 
 151      E14BCD8A 
 151      2FEAB8A1 
 151      88
 152 0223 896B039D 		.ascii	"\211k\003\235v\035j@\347VhG\271\236\246&\320P~\252\271"
 152      761D6A40 
 152      E7566847 
 152      B99EA626 
 152      D0507EAA 
 153 0238 D4AA3612 		.ascii	"\324\2526\022\364\332!\264\332\340\014\350\020\340\246"
 153      F4DA21B4 
 153      DAE00CE8 
 153      10E0A6
 154 0247 92BA76F6 		.ascii	"\222\272v\366\325\317\232\327\221J\316\202\032@B\261"
 154      D5CF9AD7 
 154      914ACE82 
 154      1A4042B1 
 155 0257 AF73A08A 		.ascii	"\257s\240\212\276\250\217(]\205\367'-)Q8\017.l\335\300"
ARM GAS  /tmp/cc5cRMlV.s 			page 12


 155      BEA88F28 
 155      5D85F727 
 155      2D295138 
 155      0F2E6CDD 
 156 026c D2D43DD0 		.ascii	"\322\324=\320\247DmB\305\224\362\0269\231\033(G\354"
 156      A7446D42 
 156      C594F216 
 156      39991B28 
 156      47EC
 157 027e 4187D883 		.ascii	"A\207\330\203\013\204^\236\217^\022\350\377\352\356"
 157      0B845E9E 
 157      8F5E12E8 
 157      FFEAEE
 158 028d F93ADE40 		.ascii	"\371:\336@j\307\032p\321\004zp\304\337\244\030H\036"
 158      6AC71A70 
 158      D1047A70 
 158      C4DFA418 
 158      481E
 159 029f B4D72455 		.ascii	"\264\327$U}\252s\007\004\005V\311\310\211N\267vk\001"
 159      7DAA7307 
 159      040556C9 
 159      C8894EB7 
 159      766B01
 160 02b2 30E14E01 		.ascii	"0\341N\001\245\354$\274\334p\200.\204\214=\377\273\375"
 160      A5EC24BC 
 160      DC70802E 
 160      848C3DFF 
 160      BBFD
 161 02c4 488251DF 		.ascii	"H\202Q\337\366z\005kOr\252v)\252\332`\375\205z\007n"
 161      F67A056B 
 161      4F72AA76 
 161      29AADA60 
 161      FD857A07 
 162 02d9 14791C45 		.ascii	"\024y\034E\017\016\335\240\032\225.C!\221\373\240\354"
 162      0F0EDDA0 
 162      1A952E43 
 162      2191FBA0 
 162      EC
 163 02ea 45B1451C 		.ascii	"E\261E\034^\"\203\215@\311\235\340*c\343e\254.\310,"
 163      5E22838D 
 163      40C99DE0 
 163      2A63E365 
 163      AC2EC82C 
 164 02fe C3F69E2B 		.ascii	"\303\366\236+\3741\224\324>\333\025G\306(\021\304W\242"
 164      FC3194D4 
 164      3EDB1547 
 164      C62811C4 
 164      57A2
 165 0310 2C195CC1 		.ascii	",\031\\\301\224hxy\267(,\021]\011\220\010=\220\254\363"
 165      94687879 
 165      B7282C11 
 165      5D099008 
 165      3D90ACF3 
 166 0324 44914416 		.ascii	"D\221D\026\247\224v$\024\036N4jX^GMWc\253\311IZ\272"
 166      A7947624 
 166      141E4E34 
 166      6A585E47 
ARM GAS  /tmp/cc5cRMlV.s 			page 13


 166      4D5763AB 
 167 033c B688969C 		.ascii	"\266\210\226\234Dm\357\234\224\256\317\362Z\312\215"
 167      446DEF9C 
 167      94AECFF2 
 167      5ACA8D
 168 034b C2CA3C5E 		.ascii	"\302\312<^\213\210\236\003\022\023\364Zb\321\353$ro"
 168      8B889E03 
 168      1213F45A 
 168      62D1EB24 
 168      726F
 169 035d 98E4B268 		.ascii	"\230\344\262hf\327\021\2617\261\002\203>\203\325Y\311"
 169      66D711B1 
 169      37B10283 
 169      3E83D559 
 169      C9
 170 036e DEADBE17 		.ascii	"\336\255\276\027\266\361\247 t\023\334v\301\257,\324"
 170      B6F1A720 
 170      7413DC76 
 170      C1AF2CD4 
 171 037e 2F87FE18 		.ascii	"/\207\376\030\372\275E\372U\014\375\236\231\356\355"
 171      FABD45FA 
 171      550CFD9E 
 171      99EEED
 172 038d E3D1FA9D 		.ascii	"\343\321\372\235V,\344d\352\3272\377Rn\244\327\267\205"
 172      562CE464 
 172      EAD732FF 
 172      526EA4D7 
 172      B785
 173 039f 860708AB 		.ascii	"\206\007\010\253\035m\217\366\024\315@\271\220\300J"
 173      1D6D8FF6 
 173      14CD40B9 
 173      90C04A
 174 03ae 5C0EDCE8 		.ascii	"\\\016\334\350\0158\014~\035\204\371'\023\363\330\345"
 174      0D380C7E 
 174      1D84F927 
 174      13F3D8E5 
 175 03be 3DE3DCD4 		.ascii	"=\343\334\324\360\263\247oV~F4\376,\200s#'\374b\234"
 175      F0B3A76F 
 175      567E4634 
 175      FE2C8073 
 175      2327FC62 
 176 03d3 CADACD94 		.ascii	"\312\332\315\224\234ja\001\321g\350\312\361f\311\250"
 176      9C6A6101 
 176      D167E8CA 
 176      F166C9A8 
 177 03e3 E858A05A 		.ascii	"\350X\240Z{L\325\322\011p\300\257\"\277l\344\217:#\255"
 177      7B4CD5D2 
 177      0970C0AF 
 177      22BF6CE4 
 177      8F3A23AD 
 178 03f7 127570C7 		.ascii	"\022up\307<#\242\201Ac/\367^\371\220\212\275\036\230"
 178      3C23A281 
 178      41632FF7 
 178      5EF9908A 
 178      BD1E98
 179 040a DAE594E6 		.ascii	"\332\345\224\346n\004\220\337@\305N)UU\250\347\370\010"
 179      6E0490DF 
ARM GAS  /tmp/cc5cRMlV.s 			page 14


 179      40C54E29 
 179      5555A8E7 
 179      F808
 180 041c 98D922FB 		.ascii	"\230\331\"\373v\304\354\333Km\337[\242\355&q\264\357"
 180      76C4ECDB 
 180      4B6DDF5B 
 180      A2ED2671 
 180      B4EF
 181 042e 53DB7166 		.ascii	"S\333qf\271\007TN1\316\\8(.W\261\201sz\021\373\366j"
 181      B907544E 
 181      31CE5C38 
 181      282E57B1 
 181      81737A11 
 182 0445 D560DEC5 		.ascii	"\325`\336\305\223\3433u\212\251\247\010\305&-N,\352"
 182      93E33375 
 182      8AA9A708 
 182      C5262D4E 
 182      2CEA
 183 0457 F50D7828 		.ascii	"\365\015x(\372\263\220\232\206@E\207\272\211\266`\234"
 183      FAB3909A 
 183      86404587 
 183      BA89B660 
 183      9C
 184 0468 71301360 		.ascii	"q0\023`\030\243\314\211\0315%k\376gJ\216\210)9w)\312"
 184      18A3CC89 
 184      1935256B 
 184      FE674A8E 
 184      88293977 
 185 047e 38A84697 		.ascii	"8\250F\227\232\222\273\355\246H\225\210K\366\021\011"
 185      9A92BBED 
 185      A6489588 
 185      4BF61109 
 186 048e 74C1D84C 		.ascii	"t\301\330L\315b0F\316\326\205csU\015\247\342\014\306"
 186      CD623046 
 186      CED68563 
 186      73550DA7 
 186      E20CC6
 187 04a1 178ECD90 		.ascii	"\027\216\315\220\220\373\304\274\261\031\326\037\236"
 187      90FBC4BC 
 187      B119D61F 
 187      9E
 188 04ae 73CC4EC4 		.ascii	"s\314N\304Q1\021\037\213\211\030=\376\236\314\215?J"
 188      5131111F 
 188      8B89183D 
 188      FE9ECC8D 
 188      3F4A
 189 04c0 CE7EA70D 		.ascii	"\316~\247\015\332\321e1\356\011;A\336\201\227\010\336"
 189      DAD16531 
 189      EE093B41 
 189      DE819708 
 189      DE
 190 04d1 5D189294 		.ascii	"]\030\222\224\226\246\252y>\325[\240\372\274n\325\235"
 190      96A6AA79 
 190      3ED55BA0 
 190      FABC6ED5 
 190      9D
 191 04e2 E3F16D48 		.ascii	"\343\361mHs3\251 \377\235W\226\334\215\356/\277Z\237"
ARM GAS  /tmp/cc5cRMlV.s 			page 15


 191      7333A920 
 191      FF9D5796 
 191      DC8DEE2F 
 191      BF5A9F
 192 04f5 8D569F3B 		.ascii	"\215V\237;g}Z\016S\326}\341\313\376\304\233\233j\372"
 192      677D5A0E 
 192      53D67DE1 
 192      CBFEC49B 
 192      9B6AFA
 193 0508 B8F33C9E 		.ascii	"\270\363<\236\274\215j~\236\267\300\247~\2746#=c\013"
 193      BC8D6A7E 
 193      9EB7C0A7 
 193      7EBC3623 
 193      3D630B
 194 051b 3ABBF3BC 		.ascii	":\273\363\274\331Y\233\337\367`\300\352H\307\354-\005"
 194      D9599BDF 
 194      F760C0EA 
 194      48C7EC2D 
 194      05
 195 052c E4A6A667 		.ascii	"\344\246\246gd\256\311T\323\321O]3[\303\343\313\365"
 195      64AEC954 
 195      D3D14F5D 
 195      335BC3E3 
 195      CBF5
 196 053e 656D70BB 		.ascii	"emp\2731jy\314\026\266\372\320\264,#s\255\223\272\310"
 196      316A79CC 
 196      16B6FAD0 
 196      B42C2373 
 196      AD93BAC8 
 197 0552 F7E6AE74 		.ascii	"\367\346\256t\272\336c\222\227)\236lO\236wk\3540\302"
 197      BADE6392 
 197      97299E6C 
 197      4F9E776B 
 197      EC30C2
 198 0565 95C378C1 		.ascii	"\225\303x\301\246\374\377\000\265\204`p"
 198      A6FCFF00 
 198      B5846070 
 199              		.text
 200              		.section	.gnu.lto_chMsgRelease.aa3f6a3ea55f5699,"",%progbits
 201 0000 789C8553 		.ascii	"x\234\205S[H\024a\024>g\376qwu\355\362\024Y>\254\320"
 201      5B481461 
 201      143E67FE 
 201      717775ED 
 201      F214593E 
 202 0016 A246ECF4 		.ascii	"\242F\354\364R>\207O\005B\344k 5-*\264\256\354X\324"
 202      523E874F 
 202      0542E46B 
 202      20352D2A 
 202      B4AEEC58 
 203 002b 937FA249 		.ascii	"\223\177\242IJ\027*\263-c\272\311jf\251\225\265Y\266"
 203      4A172AB3 
 203      2D63BAC9 
 203      6A66A995 
 203      B559B6
 204 003e 69664417 		.ascii	"ifD\027\222.\222\017YiQ\031T\364\020]\254s~\327R7j`"
 204      922E920F 
 204      59695119 
ARM GAS  /tmp/cc5cRMlV.s 			page 16


 204      54F4105D 
 204      AC737ED7 
 205 0056 98FF9FF3 		.ascii	"\230\377\237\363}\347\377\3167\337$\201\006R\007\030"
 205      7DE7FFCE 
 205      37DF2481 
 205      06520718 
 206 0066 04808574 		.ascii	"\004\200\205t\243\000\324\366\334\003\330\346\322\020"
 206      A300D4F6 
 206      DC03D8E6 
 206      D210
 207 0074 79215D08 		.ascii	"y!]\010\345\032\226\343nQ/\260\247\372UT\313\216H\272"
 207      E51A96E3 
 207      6E512FB0 
 207      A7FA5554 
 207      CB8E48BA 
 208 0088 62F5DD29 		.ascii	"b\365\335)\333e\325|[\000\204\351\346\013#\230M\250"
 208      DB65D57C 
 208      5B0084E9 
 208      E60B2398 
 208      4DA8
 209 009a 07956D0D 		.ascii	"\007\225m\015b\227\260\005\242N\333\217w\017\275\234"
 209      6297B005 
 209      A24EDB8F 
 209      770FBD9C 
 210 00aa CD5B0D3D 		.ascii	"\315[\015=\264\2751\372}\300-\322\020h\335\020\031>"
 210      B4BD31FA 
 210      7DC02DD2 
 210      1068DD10 
 210      193E
 211 00bc 999CD928 		.ascii	"\231\234\331(e\205\214\215\355\023r\221-\004\236BA\015"
 211      65858C8D 
 211      ED137291 
 211      2D049E42 
 211      410D
 212 00ce B119D3B1 		.ascii	"\261\031\323\261\011\323\201^\001\266`&\301\357\264"
 212      09D3815E 
 212      01B66026 
 212      C1EFB4
 213 00dd 459FE822 		.ascii	"E\237\350\"]Q\367\277{=8\207\251$\345\373~E\325\361"
 213      5D51F7BF 
 213      7B3D3887 
 213      A924E5FB 
 213      7E45D5F1 
 214 00f1 F44CAA0E 		.ascii	"\364L\252\016\330\212\231\214\177\321>^7\313\241\237"
 214      D88A998C 
 214      7FD13E5E 
 214      37CBA19F 
 215 0101 98948B67 		.ascii	"\230\224\213g\320\201\364<;\20019\376\263Z\306F\032"
 215      D081F43C 
 215      3B803139 
 215      FEB35AC6 
 215      461A
 216 0113 71689593 		.ascii	"qh\225\223\346\246\303H:\363\240\206\240lC\255\320\370"
 216      E6A6C348 
 216      3AF3A086 
 216      A06C43AD 
 216      D0F8
ARM GAS  /tmp/cc5cRMlV.s 			page 17


 217 0125 294651E3 		.ascii	")FQ\343f\215\267\007\256\271\205G\011\371|\260\275)"
 217      668DB707 
 217      AEB98547 
 217      09F97CB0 
 217      BD29
 218 0137 D97B42CD 		.ascii	"\331{B\315\320\337\2678<8\"\345^\211\266H\302\263\323"
 218      D0DFB738 
 218      3C3822E5 
 218      5E89B648 
 218      C2B3D3
 219 014a E5288BDA 		.ascii	"\345(\213\332\320K\244\3527\362\252\316\236$\241\007"
 219      D04BA4EA 
 219      37F2AACE 
 219      9E24A107 
 220 015a DBA9F616 		.ascii	"\333\251\366\026+^Dv\236\177\206\277\245V\252\321\366"
 220      2B5E4476 
 220      9E7F86BF 
 220      A556AAD1 
 220      F6
 221 016b 0DA428A9 		.ascii	"\015\244(\251a\2010\243\364\255i\311Z\300\016\256i3"
 221      618130A3 
 221      F4AD69C9 
 221      5AC00EAE 
 221      6933
 222 017d 6BBD7DBE 		.ascii	"k\275}\2764>\012\360\034\327\305\024\007\000\317\243"
 222      343E0AF0 
 222      1CD7C514 
 222      0700CFA3 
 223 018d 83845CE0 		.ascii	"\203\204\\\340\371\021\216\363\211\307\355\216/)\031"
 223      F9118EF3 
 223      89C7ED8E 
 223      2F2919
 224 019c E7D09607 		.ascii	"\347\320\226\007=\266p0\272\365e\227t\351\032\001;1"
 224      3DB67030 
 224      BAF56597 
 224      74E91A01 
 224      3B31
 225 01ae 03F8CD87 		.ascii	"\003\370\315\207\261\207C\032\275\301\213\250+\315\200"
 225      B187431A 
 225      BDC18BA8 
 225      2BCD80
 226 01bd 97D4076E 		.ascii	"\227\324\007n\352\356\035M\315\350\214\263\235\214\375"
 226      EAEE1D4D 
 226      CDE88CB3 
 226      9D8CFD
 227 01cc 74A6E391 		.ascii	"t\246\343\221[\261\243\314\306\313\250\303(Vx\324\374"
 227      5BB1A3CC 
 227      C6CBA8C3 
 227      285678D4 
 227      FC
 228 01dd C0CBE11D 		.ascii	"\300\313\341\035\315I<\030\201\267\265\034nH\215;8\336"
 228      CD493C18 
 228      81B7B51C 
 228      6E488D3B 
 228      38DE
 229 01ef 9C1A96B1 		.ascii	"\234\032\226\261J\317_\202\240\354\353B\357\021\032"
 229      4ACF5F82 
ARM GAS  /tmp/cc5cRMlV.s 			page 18


 229      A0ECEB42 
 229      EF111A
 230 01fe 971A1C8D 		.ascii	"\227\032\034\215\324\211x\203\272\257O\216\271\271\201"
 230      D4897883 
 230      BAAF4F8E 
 230      B9B981
 231 020d 9CDA2021 		.ascii	"\234\332 !\016\252\301\025n \340\035V\015\177\253\177"
 231      0EAAC115 
 231      6E20E01D 
 231      560D7FAB 
 231      7F
 232 021e DA9FE0F7 		.ascii	"\332\237\340\367\343\024\206\3609q\337\365i\336]U\336"
 232      E31486F0 
 232      3971DFF5 
 232      69DE5D55 
 232      DE
 233 022f 75A3F228 		.ascii	"u\243\362(\032\035\033r\226\377\220.[\270\302\364)\271"
 233      1A1D1B72 
 233      96FF902E 
 233      5BB8C2F4 
 233      29B9
 234 0241 88D7B01C 		.ascii	"\210\327\260\034H\"\035b\213d5\264\212ZW|\356\211\335"
 234      48221D62 
 234      8B6435B4 
 234      8A5A577C 
 234      EE89DD
 235 0254 95899D96 		.ascii	"\225\211\235\226\030\240\345\377\013PL\005\350@U\317"
 235      18A0E5FF 
 235      0B504C05 
 235      E84055CF 
 236 0264 7DE74480 		.ascii	"}\347D\200\000\257\377+@\203\223\001rL\033\244\207\007"
 236      00AFFF2B 
 236      40839301 
 236      724C1BA4 
 236      8707
 237 0276 49485456 		.ascii	"IHTV\001`/\203\235\011\211j\314I\343\263\001o$&\252"
 237      01602F83 
 237      9D09896A 
 237      CC49E3B3 
 237      016F2426 
 238 028b 4FB97273 		.ascii	"O\271rsJ\242\306\355\347\335\356\311\260\\Wa\351Wa\231"
 238      4AA2C6ED 
 238      E7DDEEC9 
 238      B05C5761 
 238      E9576199 
 239 029f 998C5BBF 		.ascii	"\231\214[\277\223\301\315\341=%\243\266\325\313\212"
 239      93C1CDE1 
 239      3D25A3B6 
 239      D5CB8A
 240 02ae D5B83594 		.ascii	"\325\2705\224{\372\361\010?\317\3473\214\240e\204\312"
 240      7BFAF108 
 240      3FCFE733 
 240      8CA06584 
 240      CA
 241 02bf 0C2B641A 		.ascii	"\014+d\032fQ\300*\364\231\240\225\225\012Z9\327\257"
 241      6651C02A 
 241      F499A095 
ARM GAS  /tmp/cc5cRMlV.s 			page 19


 241      950A5A39 
 241      D7AF
 242 02d1 B3FCAB43 		.ascii	"\263\374\253C\305Yq\224\031\014\004\202%Fi0Tf\031+\326"
 242      C5597194 
 242      190C0482 
 242      25466930 
 242      5466192B 
 243 02e6 E4E5E66D 		.ascii	"\344\345\346m!\212\031\014\371\0136\347\004|E\260l:"
 243      218A190C 
 243      F90B36E7 
 243      047C45B0 
 243      6C3A
 244 02f8 D0BFA58C 		.ascii	"\320\277\245\214aFn^\376\312|#\227p\306\312\022s\343"
 244      61466E5E 
 244      FECA7C23 
 244      9770C6CA 
 244      1273E3
 245 030b A60D7EC3 		.ascii	"\246\015~\303\014X\305VA\241i\022k\301\037\021\305\223"
 245      0C58C556 
 245      41A16912 
 245      6BC11F11 
 245      C593
 246 031d E5226BAB 		.ascii	"\345\"k\253E\245\271y\371k<\254\2424T\274\304\343]\012"
 246      45A5B979 
 246      F96B3CAC 
 246      A23454BC 
 246      C4E35D0A 
 247 0331 5A089C01 		.ascii	"Z\010\234\001\177 \030\332\372w\032\353/\202_\216\014"
 247      7F2018DA 
 247      FA771AEB 
 247      2F825F8E 
 247      0C
 248 0342 AE34     		.ascii	"\2564"
 249              		.text
 250              		.section	.gnu.lto_.symbol_nodes.aa3f6a3ea55f5699,"",%progbits
 251 0000 789C55C9 		.ascii	"x\234U\311\275\015\3020\024E\341\343\373l\326\200Q`"
 251      BD0DC230 
 251      1445E1E3 
 251      FB6CD680 
 251      5160
 252 0012 B2E7828E 		.ascii	"\262\347\202\216&R\032~\013\326Hm%\022\005; !*f@1T\370"
 252      26521A7E 
 252      0BD6486D 
 252      2512053B 
 252      20212A66 
 253 002a 3657FA4E 		.ascii	"6W\372NB\364\324i/\207\356\016\365\206\274\201t\022"
 253      42F4D469 
 253      2F87EE0E 
 253      F586BC81 
 253      7412
 254 003c AB6F39C8 		.ascii	"\253o9\310CSt\224\253\221p\221\333O \347u\205\263<6"
 254      43537494 
 254      AB917091 
 254      DB4F20E7 
 254      7585B33C 
 255 0051 7095A77F 		.ascii	"p\225\247\1770\022\317\333dFd\273{/M\2212\276\202\331"
 255      3012CFDB 
ARM GAS  /tmp/cc5cRMlV.s 			page 20


 255      644664BB 
 255      7B2F4D91 
 255      32BE82D9 
 256 0065 82F2F804 		.ascii	"\202\362\370\004f\360\303#\315"
 256      66F0C323 
 256      CD
 257              		.text
 258              		.section	.gnu.lto_.refs.aa3f6a3ea55f5699,"",%progbits
 259 0000 789C6365 		.ascii	"x\234ce`b\340c```\004\"F&&\006F\026\006Fn\006\000\002"
 259      6062E063 
 259      60606004 
 259      22462626 
 259      06461606 
 260 0019 20002E   		.ascii	" \000."
 261              		.text
 262              		.section	.gnu.lto_.decls.aa3f6a3ea55f5699,"",%progbits
 263 0000 789CB53A 		.ascii	"x\234\265:iP\024Y\232\365\362%WQ\200\243N\257;\353\356"
 263      69501459 
 263      9AF5F225 
 263      575180A3 
 263      4EAF3BEB 
 264 0015 7474D831 		.ascii	"tt\3301\314\304\216\264\3353\335=\021\033\273=\333\261"
 264      CCC48EB4 
 264      DD33DD3D 
 264      111BBB3D 
 264      DBB1
 265 0027 3B63C4F4 		.ascii	";c\304\364NG;\335\023\033\261\273\265\210\2450\315\265"
 265      4E473BDD 
 265      131BB1BB 
 265      B588A530 
 265      CDB5
 266 0039 55E5357F 		.ascii	"U\3455\177&\271\025T\344>D\305\033\004\204\026O@E.9"
 266      26B91554 
 266      E43E44C5 
 266      1B048416 
 266      4F40452E 
 267 004e E450C483 		.ascii	"\344P\304\203\033TTDPP.\025\366{GVf\025Y\332\373c+\370"
 267      1B545444 
 267      50502E15 
 267      F67B4756 
 267      661559DA 
 268 0066 A8FCF27D 		.ascii	"\250\374\362}\357\273\277/\337{Y.:A7\372\241N\367O\256"
 268      EFBBBF2F 
 268      DF7B592E 
 268      3A4137FA 
 268      A14EF74F 
 269 007b 3ADD3241 		.ascii	":\3352A\247\233\207\217\250\323\351\212\000\020\300"
 269      A79B878F 
 269      A8D3E98A 
 269      0010C0
 270 008a 721DFBC0 		.ascii	"r\035\373\300\260.\012n\304\002$\000$\002\244\000\244"
 270      B02E0A6E 
 270      C4022400 
 270      2402A400 
 270      A4
 271 009b 2146F71C 		.ascii	"!F\367\034\351\354>nX\247[\012\337\213u\354\373,\300"
 271      E9EC3E6E 
ARM GAS  /tmp/cc5cRMlV.s 			page 21


 271      58A75B0A 
 271      DF8B75EC 
 271      FB2CC0
 272 00ae EF81E605 		.ascii	"\357\201\346\005b<'\341{\034\240\033\240\012\360i\370"
 272      623C27E1 
 272      7B1CA01B 
 272      A00AF069 
 272      F8
 273 00bf 7E0DF025 		.ascii	"~\015\360%\300\177\003\254\001\020\001\346\000\222\001"
 273      C07F03AC 
 273      011001E6 
 273      009201
 274 00ce E6017601 		.ascii	"\346\001v\001\350\201v\014\276o\000\030\001\202\000"
 274      E881760C 
 274      BE6F0018 
 274      018200
 275 00dd BE02F833 		.ascii	"\276\002\3703\3007\000\177\000\260\002\204\003xp\235"
 275      C037007F 
 275      00B00284 
 275      0378709D 
 276 00ed 05B04B04 		.ascii	"\005\260K\004\320\003\370\010Lo\242\377\017\340z\011"
 276      D003F808 
 276      4C6FA2FF 
 276      0FE07A09 
 277 00fd 8040EC14 		.ascii	"\200@\354\024\026\332\340\0056,R\331 \353\257\326Wm"
 277      16DAE005 
 277      362C52D9 
 277      20EBAFD6 
 277      576D
 278 010f C7975CEF 		.ascii	"\307\227\\\357yn\343.n\203\233J\347\257\270\236\177"
 278      796EE32E 
 278      6E839B4A 
 278      E7AFB89E 
 278      7F
 279 0120 56E94AF4 		.ascii	"V\351J\364\214u\320\363}\201\351\370SA\321S\313\317"
 279      8C75D0F3 
 279      7D81E9F8 
 279      5341D153 
 279      CBCF
 280 0132 7F85994F 		.ascii	"\177\205\231O\276q\320\223\370[\255\347\317`~<\237\353"
 280      BE71D093 
 280      F85BADE7 
 280      CF607E3C 
 280      9FEB
 281 0144 AE633154 		.ascii	"\256c1T\313\373{\201\305R-\353#\301^V\006Fgv\326\\\020"
 281      CBFB7B81 
 281      C5522DEB 
 281      23C15E56 
 281      06466776 
 282 015b 7A513722 		.ascii	"zQ7\"$\213\350]\204\330\177D\201\242\363\362\007!z\037"
 282      248BE85D 
 282      84D87F44 
 282      81A2F3F2 
 282      07217A1F 
 283 016f EE0A3A9E 		.ascii	"\356\012:\236(\362-$\317\340\270\300Q\201\263\244\177"
 283      28F22D24 
 283      CFE0B8C0 
ARM GAS  /tmp/cc5cRMlV.s 			page 22


 283      5181B3A4 
 283      7F
 284 0180 7C325271 		.ascii	"|2Rqd\303L\222\374a\271\312.\3504y6\022\024\001\010"
 284      64C34C92 
 284      FC61B9CA 
 284      2EE83479 
 284      36121401 
 285 0195 A927A818 		.ascii	"\251'\250\0302\265\371\270M?\235b\034\222\255\177\226"
 285      32B5F9B8 
 285      4D3F9D62 
 285      1C92AD7F 
 285      96
 286 01a6 757548DF 		.ascii	"uuH\337\207z\310\335\334\317\020\2757p\366\356y7, r"
 286      877AC8DD 
 286      DCCF10BD 
 286      3770F6EE 
 286      79372C20 
 287 01bb DD3793F7 		.ascii	"\3357\223\367\257+\013%\366q_\256\270-fgQ\206~\027F"
 287      AF2B0B25 
 287      F6715FAE 
 287      B82D6667 
 287      51867E17 
 288 01d0 AE7A4464 		.ascii	"\256zDd\272\301\255{Og\317\210\354\026\241\336\002\267"
 288      BAC1AD7B 
 288      4F67CF88 
 288      EC16A1DE 
 288      02B7
 289 01e2 F666757F 		.ascii	"\366fu\177\347\215\177HY]\213.\311\3010\274X\217D\""
 289      E78D7F48 
 289      595D8B2E 
 289      C9C130BC 
 289      588F4422 
 290 01f6 B939FBAE 		.ascii	"\2719\373\2567\240K\365\350\335\014,\214\014l\217wG"
 290      37A04BF5 
 290      E8DD0C2C 
 290      8C0C6C8F 
 290      7747
 291 0208 BEFAA364 		.ascii	"\276\372\243dj\345\374\304\217\317I\322\"\364\035\322"
 291      6AE5FCC4 
 291      8FCF49D2 
 291      22F41DD2 
 292 0218 A32284D1 		.ascii	"\243\"\204\321q\264\222h\355J\362b\033\241\330\035%"
 292      71B49268 
 292      ED4AF262 
 292      1BA1D81D 
 292      25
 293 0229 79FC5687 		.ascii	"y\374V\207\212\321rt\002-\327\241\022\344K\344\022:"
 293      8AD17274 
 293      022DD7A1 
 293      12E44BE4 
 293      123A
 294 023b 5408370B 		.ascii	"T\0107\013\340&\010\031\237yzJ\304_\020\371B\374\300"
 294      E0260819 
 294      9F797A4A 
 294      C45F10F9 
 294      42FCC0
 295 024e F86B1FA4 		.ascii	"\370k\037\244\367\325\234\177Jc>Se,\373\303\3231\222"
ARM GAS  /tmp/cc5cRMlV.s 			page 23


 295      F7D59C7F 
 295      4A633E53 
 295      652CFBC3 
 295      D33192
 296 0261 24A052D0 		.ascii	"$\240R\320\345\244\242\013\250\306<qkG{\227+\336Be\314"
 296      E5A4A20B 
 296      A8C63C71 
 296      6B477B97 
 296      2BDE4265 
 297 0276 0CD71779 		.ascii	"\014\327\027y\332\254\230\332\277\"sV\222\336Ega\352"
 297      DAAC98DA 
 297      BF227356 
 297      92DE4567 
 297      61EA
 298 0288 69656A29 		.ascii	"iej)rj\307\031m;F\036'\275\320\223\304\246\254\326\212"
 298      726AC719 
 298      6D3B461E 
 298      27BDD093 
 298      C4A6ACD6 
 299 029d E4DED9D1 		.ascii	"\344\336\331\321\202\263^\314\237\225\004\317\033\312"
 299      82B35ECC 
 299      9F9504CF 
 299      1BCA
 300 02ab D96560F8 		.ascii	"\331e`\370\247\200\336h\353=\202\361ID}\337S\237_@|"
 300      A780DE68 
 300      EB3D82F1 
 300      49447DDF 
 300      539F5F40 
 301 02c0 FF13162D 		.ascii	"\377\023\026-\037\270U<r~\306\213\335\"\024\327\023"
 301      1FB8553C 
 301      727EC68B 
 301      DD2214D7 
 301      13
 302 02d1 C70FBBE1 		.ascii	"\307\017\273\341rJ.d5\336\252\022mf\274.\365\206\330"
 302      724A2E64 
 302      35DEAA12 
 302      6D66BC2E 
 302      F586D8
 303 02e4 A34A907C 		.ascii	"\243J\220|Q1\342'\334\206\310\0056\\\002\033~\302m\270"
 303      5131E227 
 303      DC86C805 
 303      365C021B 
 303      7EC26DB8 
 304 02f8 00372B98 		.ascii	"\0007+\230\015\371\207\223\016\272\342:&\241\356b\327"
 304      0DF98793 
 304      0EBAE23A 
 304      26A1EE62 
 304      D7
 305 0309 6D910563 		.ascii	"m\221\005c!\203j\015\006r0\336\253\243\301\250\002e"
 305      21836A0D 
 305      067230DE 
 305      ABA3C1A8 
 305      0265
 306 031b 2E2BCA54 		.ascii	".+\312T\312\301\220R_\356\367\302\255L\210t\277\366"
 306      CAC19052 
 306      5FEEF7C2 
 306      AD4C8874 
ARM GAS  /tmp/cc5cRMlV.s 			page 24


 306      BFF6
 307 032d BEE04C48 		.ascii	"\276\340LH\235S!S\373\337ea\253\005!5\212\220*YHw\351"
 307      9D532153 
 307      FBDF6561 
 307      AB052135 
 307      8A902A59 
 308 0344 CE6A777C 		.ascii	"\316jw|\213\2716\273\374y\243\013s\273;\240\273\273"
 308      8BB936BB 
 308      FC79A30B 
 308      73BB3BA0 
 308      BBBB
 309 0356 672A3C71 		.ascii	"g*<q\037\033+\230\212>\355\203\3571D\216\327R\036\257"
 309      1F1B2B98 
 309      8A3EED83 
 309      EF31448E 
 309      D7521EAF 
 310 036a D994F3A7 		.ascii	"\331\224\363\247=\3610\033\254\271\333^\357\202\237"
 310      3DF1301B 
 310      ACB9DB5E 
 310      EF829F
 311 0379 3224B76A 		.ascii	"2$\267j\340\3478\202\025`YZ\305\023w\034\313\220\313"
 311      E0E73882 
 311      1560595A 
 311      C513771C 
 311      CB90CB
 312 038c AFEFE4E8 		.ascii	"\257\357\344\350q:C\256?\275\272\327\223\011^D\372\330"
 312      713A43AE 
 312      3FBDBAD7 
 312      93095E44 
 312      FAD8
 313 039e 50439D9E 		.ascii	"PC\235\236\261\227\020\340\257\216\264\336v\307\373"
 313      B19710E0 
 313      AF8EB4DE 
 313      76C7FB
 314 03ad 186DF9D9 		.ascii	"\030m\371\331\212:\256\344\007\200F\335\333;\340\215"
 314      8A3AAEE4 
 314      078046DD 
 314      DB3BE08D 
 315 03bd 8FB1B1BA 		.ascii	"\217\261\261\272\304\350\035z\\B\021\241`\347\266\021"
 315      C4E81D7A 
 315      5C4211A1 
 315      60E7B611 
 316 03cd A771B9ED 		.ascii	"\247q\271\355\324e\235\313H\206\334\002\177\335\324"
 316      D4659DCB 
 316      4886DC02 
 316      7FDDD4
 317 03dc F0D79E89 		.ascii	"\360\327\236\211\236G\036L\272/I\204\262\211#\256\270"
 317      9E471E4C 
 317      BA2F4984 
 317      B28923AE 
 317      B8
 318 03ed 82491F9C 		.ascii	"\202I\037\234\237\373\023\256e\327\333\013\267\327y"
 318      9FFB13AE 
 318      65D7DB0B 
 318      B7D779
 319 03fc E366861C 		.ascii	"\343f\206\034\274T>\342\206{\030\"7\213\305\264Y\240"
 319      BC543EE2 
ARM GAS  /tmp/cc5cRMlV.s 			page 25


 319      867B1822 
 319      378BC5B4 
 319      59A0
 320 040e BCE1BE57 		.ascii	"\274\341\276W\030\217\260\261\201\356+%\336x\224\033"
 320      188FB0B1 
 320      81EE2B25 
 320      DE78941B 
 321 041e 3AB5A7DC 		.ascii	":\265\247\334\007\277`H\363\335\371q=~\305\220\263\331"
 321      07BF6048 
 321      F3DDF971 
 321      3D7EC590 
 321      B3D9
 322 0430 7395228E 		.ascii	"s\225\"\216\302l\216\3642\313\200\343(\"\224\027\035"
 322      C26C8EF4 
 322      32CB80E3 
 322      28229417 
 322      1D
 323 0441 DAA6B765 		.ascii	"\332\246\267e\37305e\010L\271\367\275*\366\276v\305"
 323      FB303565 
 323      084CB9F7 
 323      BD2AF6BE 
 323      76C5
 324 0453 26A43D39 		.ascii	"&\244=9\352\215w2q/\037\246\336AL}\003\240\221\345w"
 324      EA8D7732 
 324      712F1FA6 
 324      DE414C7D 
 324      03A091E5 
 325 0468 927C58A8 		.ascii	"\222|X\250\372i$g\267\315\2118\233\321\326\265\346N"
 325      FA692467 
 325      B7CD8938 
 325      9BD1D6B5 
 325      E64E
 326 047a B8E3830C 		.ascii	"\270\343\203\0149\237\224\014\321\317cHofB\271'.g\310"
 326      399F940C 
 326      D1CF6348 
 326      6F6642B9 
 326      272E67C8 
 327 048e C5C4F173 		.ascii	"\305\304\361s\036\270\212!q\323\203%>\270\011\333\345"
 327      1EB88A21 
 327      71D38325 
 327      3EB809DB 
 327      E5
 328 049f C5529617 		.ascii	"\305R\226\027\303Q\225\003\"\276\316\306\212c\356\345"
 328      C3519503 
 328      22BECEC6 
 328      8A63EEE5 
 329 04af BBC3D872 		.ascii	"\273\303\330r\350\003H\325\004\226\263&p\252r\242H\304"
 329      E80348D5 
 329      0496B326 
 329      70AA72A2 
 329      48C4
 330 04c1 B7985BCE 		.ascii	"\267\230[\316\234\272\227\255\270e\276\324\207v\344"
 330      9CBA97AD 
 330      B865BED4 
 330      8776E4
 331 04d0 4970CC73 		.ascii	"Ip\314s\3051\313m]\340\351A\011/\323\241\217\226\243"
 331      C531CB6D 
ARM GAS  /tmp/cc5cRMlV.s 			page 26


 331      5DE0E941 
 331      092FD3A1 
 331      8F96A3
 332 04e3 0FC02B2F 		.ascii	"\017\300+/\300+\313\271W&\300+\343\274\007\354\317\253"
 332      C02BCBB9 
 332      5726C02B 
 332      E3BC07EC 
 332      CFAB
 333 04f5 F1C2034C 		.ascii	"\361\302\003L@V\332\345S\3366\001P\332\245\264\264g"
 333      4056DAE5 
 333      53DE3601 
 333      50DAA5B4 
 333      B467
 334 0507 40C29422 		.ascii	"@\302\224\"a\0229\0211\255-\"2\245\275\320\003?b\"\006"
 334      61123911 
 334      31AD2D22 
 334      32A5BDD0 
 334      033F6222 
 335 051c 2AAB93B1 		.ascii	"*\253\223\261\252\037\177z+\216\210x\005\"f\025\021"
 335      AA1F7F7A 
 335      2B8E8878 
 335      05226615 
 335      11
 336 052d 33CE44BC 		.ascii	"3\316D\274\324\026\221\226=\264\014?c\036M\3301W\214"
 336      D4169196 
 336      3DB40C3F 
 336      631E4DD8 
 336      31578C
 337 0540 F11413B7 		.ascii	"\361\024\023\267\367\342l\242b\321\240\333gH\022\364"
 337      F7E26CA2 
 337      62D1A0DB 
 337      674812F4 
 338 0550 68EE7B48 		.ascii	"h\356{H\232\327\226\324\263wlB\304\363L\324\341\352"
 338      9AD796D4 
 338      B3776C42 
 338      C4F34CD4 
 338      E1EA
 339 0562 E26B6E38 		.ascii	"\342kn8F\244\242\356>:9\355\245$-\210\212\006Q\221\302"
 339      46A4A2EE 
 339      3E3A39ED 
 339      A5242D88 
 339      8A065191 
 340 0577 DB454509 		.ascii	"\333EE\011\232\242F\243\357\367\363v\262\214t\247\324"
 340      9AA246A3 
 340      EFF7F376 
 340      B28C74A7 
 340      D4
 341 0588 CC8FF02E 		.ascii	"\314\217\360.*\013=9\322r\222\324\257\257\036\375E\225"
 341      2A0B3D39 
 341      D27292D4 
 341      AFAF1EFD 
 341      4595
 342 059a 34BE2C69 		.ascii	"4\276,ir\222\0063<p\032Sk\337\310\355(/\325c|e\022u"
 342      72920633 
 342      3C701A53 
 342      6BDFC8ED 
 342      282FD563 
ARM GAS  /tmp/cc5cRMlV.s 			page 27


 343 05b2 7802E8B6 		.ascii	"x\002\350\266]\321\315\327\246Zn\224\364\203\210U:\324"
 343      5DD1CDD7 
 343      A65A6E94 
 343      F4838855 
 343      3AD4
 344 05c4 048AD493 		.ascii	"\004\212\324\223r\212\007\355|\271v\333\204\345(N\240"
 344      728A07ED 
 344      7CB976DB 
 344      84E5284E 
 344      A0
 345 05d5 DAC545E7 		.ascii	"\332\305E\347%z\342\\&\244\266+v\223*o>\274B\363f\027"
 345      257AE25C 
 345      26A4B62B 
 345      76932A6F 
 345      3EBC42F3 
 346 05eb C8D8A1C8 		.ascii	"\310\330\241\310\000\221N\205\354\324\026\322[\334U"
 346      00914E85 
 346      ECD416D2 
 346      5BDC55
 347 05fa 23E27C26 		.ascii	"#\342|&\344zF\354\230\213M\312\203]\270\247:^\222D\224"
 347      E47A46EC 
 347      988B4DCA 
 347      835DB8A7 
 347      3A5E9244 
 348 060f 04621215 		.ascii	"\004b\022\0251\273\336 f\267\266\230\274\261G\015\336"
 348      31BBDE20 
 348      66B7B698 
 348      BCB1470D 
 348      DE
 349 0620 86785B87 		.ascii	"\206x[\207\245,\345~\242C\311\202\201\257\261\"\007"
 349      A52CE57E 
 349      A243C982 
 349      81AFB122 
 349      07
 350 0631 CF403BBD 		.ascii	"\317@;\275\303\202\3201}a\326\200{)\"\366\037\032\177"
 350      C382D031 
 350      7D61D680 
 350      7B2922F6 
 350      1F1A7F
 351 0644 EC8A7C97 		.ascii	"\354\212|\227#\244\0078*\257\317t(\003X\245\012X^\337"
 351      23A40738 
 351      2AAFCF74 
 351      280358A5 
 351      0A585EDF 
 352 0658 664BA0D9 		.ascii	"fK\240\331\323\277\220\333Z\251\220\006\012\222!\035"
 352      D3BF90DB 
 352      5AA99006 
 352      0A92211D 
 353 0668 CA04F5D2 		.ascii	"\312\004\365\322A\275l\350}\344\016y\2225\037\330\343"
 353      41BD6CE8 
 353      7DE40E79 
 353      92351FD8 
 353      E3
 354 0679 A1E7B3B6 		.ascii	"\241\347\263\266\275q\026P?\235\350\276!\250\215\312"
 354      BD711650 
 354      3F9DE8BE 
 354      21A88DCA 
ARM GAS  /tmp/cc5cRMlV.s 			page 28


 355 0689 B2332ADB 		.ascii	"\2623*\333f\324\345\346\250|O|\227\0315\370\372\300"
 355      66D4E5E6 
 355      A87C4F7C 
 355      971935F8 
 355      FAC0
 356 069b 3D37FC88 		.ascii	"=7\374\210!\323\231\015\207\275\360\030C\222\013\333"
 356      21D3990D 
 356      87BDF018 
 356      43920BDB 
 357 06ab 6EB9E209 		.ascii	"n\271\342\011\206\364\236\230\253p\305\223\014\331\337"
 357      86F49E98 
 357      AB70C593 
 357      0CD9DF
 358 06ba FDACC80D 		.ascii	"\375\254\310\015\317\260(]\3568\220\357\205\014\276"
 358      CFB0285D 
 358      EE3890EF 
 358      850CBE
 359 06c9 2AC1DFBC 		.ascii	"*\301\337\274\2434\347\203\240\352\327\006\036+\026"
 359      A334E783 
 359      A0EAD706 
 359      1E2B16
 360 06d8 C9D19CBF 		.ascii	"\311\321\234\277\213\220$\204\016\010\006\224\253\304"
 360      8B902484 
 360      0E080694 
 360      ABC4
 361 06e6 F16B0353 		.ascii	"\361k\003S\257?\262\256\335\035G\272\260\307\316\350"
 361      AF3FB2AE 
 361      DD1D47BA 
 361      B0C7CEE8 
 362 06f6 8D575E38 		.ascii	"\215W^8\226!\322\314\305NW\034\317\220\256\264\351~"
 362      9621D2CC 
 362      C54E571C 
 362      CF90AEB4 
 362      E97E
 363 0708 0FBC9321 		.ascii	"\017\274\223!\365\035\011\227D\274\233!\307\232\372"
 363      F51D0997 
 363      44BC9B21 
 363      C79AFA
 364 0717 25179CC2 		.ascii	"%\027\234\302\220\212\370\246W\3568\235!\331eq\221z"
 364      908AF8A6 
 364      57EE389D 
 364      21D96571 
 364      917A
 365 0729 9CC59082 		.ascii	"\234\305\220\202\371\211D\003\316a\310t\305\265\203"
 365      F9894403 
 365      CE61C874 
 365      C5B583
 366 0738 02ABBD15 		.ascii	"\002\253\275\025\200\036\257L\250\307\254\203\347\012"
 366      801EAF4C 
 366      A8C7AC83 
 366      E70A
 367 0746 19D833ED 		.ascii	"\031\3303\355\340\351\032o\264\202}\226\254\360]q\220"
 367      E0E91A6F 
 367      B4827D96 
 367      ACF05D71 
 367      90
 368 0757 585B79A5 		.ascii	"X[y\245\010?*h\334!\345V1k\216\2005\247\205%\212\365"
ARM GAS  /tmp/cc5cRMlV.s 			page 29


 368      083F2A68 
 368      DC21E556 
 368      316B8E80 
 368      35A78525 
 369 076d D7A8EB8B 		.ascii	"\327\250\353\213\311\177\035\233r\375\277\262\244\312"
 369      C97F1D9B 
 369      72FDBFB2 
 369      A4CA
 370 077b 684CC90F 		.ascii	"hL\311\017;\222\307\010\204|\225B]\245\242>\252\315"
 370      3B92C708 
 370      847C9542 
 370      5DA5A23E 
 370      AACD
 371 078d 5C453DA8 		.ascii	"\\E=\250\242\336\357H\335\273\200\372?\025\352\343\216"
 371      A2DEEF48 
 371      DDBB80FA 
 371      3F15EAE3 
 371      8E
 372 079e D47E0EC4 		.ascii	"\324~\016\304\303*\342|Mb\265\221\263*\352c\216\324"
 372      C32AE27C 
 372      4D62B591 
 372      B32AEA63 
 372      8ED4
 373 07b0 F52A9F24 		.ascii	"\365*\237$\321\347\271$}&\352P\021\244r!8\000\025\360"
 373      D1E7B924 
 373      7D26EA50 
 373      11A47221 
 373      380015F0 
 374 07c4 199017E8 		.ascii	"\031\220\027\350,\244\317Ia\005*\005"
 374      2CA4CF49 
 374      61052A05 
 375 07d0 3803700A 		.ascii	"8\003p\012\240\004\340\004@1\3009\200\357\204\025\264"
 375      A004E004 
 375      4031C039 
 375      80EF8415 
 375      B4
 376 07e1 D498EC71 		.ascii	"\324\230\354q\225\354<m\331\324.\226\213-]\213h.\002"
 376      95EC3C6D 
 376      D9D42E96 
 376      8B2D5D8B 
 376      682E02
 377 07f4 958E27A2 		.ascii	"\225\216'\242\302\252\267wqr\224T\377\001\345uH;X\314"
 377      C2AAB777 
 377      71729454 
 377      FF01E575 
 377      483B58CC 
 378 0808 0E489994 		.ascii	"\016H\231\224\306\224]\242\272\374\324\304:t\336V~\275"
 378      C6945DA2 
 378      BAFCD4C4 
 378      3A74DE56 
 378      7EBD
 379 081a 1507A7BC 		.ascii	"\025\007\247\274\3605\232w\270u,\247\302\200V,\361e"
 379      F0359A77 
 379      B8752CA7 
 379      C280562C 
 379      F165
 380 082c 12A1C965 		.ascii	"\022\241\311e\337ob\011\0053\320>\020Z\241\035\227$"
ARM GAS  /tmp/cc5cRMlV.s 			page 30


 380      DF6F6209 
 380      0533D03E 
 380      105AA11D 
 380      9724
 381 083e BE1422AE 		.ascii	"\276\024\"\256\263\015\227qz\342\272\013\340\272r\356"
 381      B30D9771 
 381      7AE2BA0B 
 381      E0BA72EE 
 382 084e 1A6E6C3E 		.ascii	"\032nl>3\266\302\336XR\013\221\017\236`\334\313j\341"
 382      33B6C2DE 
 382      58520B91 
 382      0F9E60DC 
 382      CB6AE1
 383 0861 F150C14D 		.ascii	"\361P\301M\001\337eHN_U/_9\326\320\315z_\352v\003\257"
 383      01DF6548 
 383      4E5F552F 
 383      5F39D6D0 
 383      CD7A5FEA 
 384 0878 0CB2897C 		.ascii	"\014\262\211|09y\323\025?a\304\245\363\371\261\030O"
 384      303979D3 
 384      153F61C4 
 384      A5F3F9B1 
 384      184F
 385 088a 50E41F06 		.ascii	"P\344\037\006\342\217e\273\202iP1\206%\374\0170\250"
 385      E28F65BB 
 385      82695031 
 385      8625FC0F 
 385      30A8
 386 089c 1E5FF205 		.ascii	"\036_\362\005\377\227\262!(\247\025\006\003\374#\027"
 386      FF97B221 
 386      28A71506 
 386      03FC2317 
 387 08ac FC03A3BE 		.ascii	"\374\003\243\276\262O.\341\253\265-\314'\320\231Q,\330"
 387      B24F2EE1 
 387      ABB52DCC 
 387      27D09951 
 387      2CD8
 388 08be 58EB2C10 		.ascii	"X\353,\020\352\204\272\014\011UI\022\352\022\237A\274"
 388      EA84BA0C 
 388      09554912 
 388      EA129F41 
 388      BC
 389 08cf F212BC32 		.ascii	"\362\022\2742\013I3\0030\0150\0050\011\360\002\240\006"
 389      0B493303 
 389      300D3005 
 389      3009F002 
 389      A006
 390 08e1 E039C004 		.ascii	"\3409\300\004\3008@\037\300\035\200\353\000\327\000"
 390      C038401F 
 390      C01D80EB 
 390      00D700
 391 08f0 EA01AE00 		.ascii	"\352\001\256\000\324\331'\334\357X\302A\227\253rT\355"
 391      D4D927DC 
 391      EF58C241 
 391      97AB7254 
 391      ED
 392 0901 BC63D1CD 		.ascii	"\274c\321\3155-N\241)Ev6\345\310\201\274lA\273\350m"
ARM GAS  /tmp/cc5cRMlV.s 			page 31


 392      352D4EA1 
 392      29457636 
 392      E5C881BC 
 392      6C41BBE8 
 393 0916 5ACAE81B 		.ascii	"Z\312\350\033\300\362+\332\364\224\275*\361\032\355"
 393      C0F22BDA 
 393      F494BD2A 
 393      F11AED
 394 0925 12AF8125 		.ascii	"\022\257\201%\236\3321\327a\2204\017\324\016\014\033"
 394      9EDA31D7 
 394      6190340F 
 394      D40E0C1B 
 395 0935 B963E6C0 		.ascii	"\271c\346\3001\257\301\270\026\200&;\003\253\233\360"
 395      31AFC1B8 
 395      1680263B 
 395      03AB9BF0 
 396 0945 DC4949DA 		.ascii	"\334II\332\356\212\256\202\022\015|\216f=\253\264h\266"
 396      EE8AAE82 
 396      120D7C8E 
 396      663DABB4 
 396      68B6
 397 0957 D3E2EA1B 		.ascii	"\323\342\352\033\264\230\007\311o\327b0\003K\207\227"
 397      B49807C9 
 397      6FD76230 
 397      034B8797 
 398 0967 A15650A1 		.ascii	"\241VP\241Q[\005G?\264\331i@&\262\234\327\314\221W "
 398      515B0547 
 398      3FB4D969 
 398      4026B29C 
 398      D7CC9157 
 399 097c F8FF2F47 		.ascii	"\370\377/G \207\013\363y\016\223=Z\207c$o\330G\036\212"
 399      20870BF3 
 399      790E933D 
 399      5A876324 
 399      6FD8471E 
 400 0991 757C7504 		.ascii	"u|u\004M\253v \353\344\344\266u\315\035'=\324Fp\033"
 400      4DAB7620 
 400      EBE4E4B6 
 400      75CD1D27 
 400      3DD44670 
 401 09a6 4CE8E0E6 		.ascii	"L\350\340\346\334\202\353\233\240\322\015;\225F\363"
 401      DC82EB9B 
 401      A0D20D3B 
 401      9546F3
 402 09b5 786611C7 		.ascii	"xf\021\307\264\200\200\016'-]\223\1773\237\340\234\377"
 402      B480800E 
 402      272D5D93 
 402      7F339FE0 
 402      9CFF
 403 09c7 A02F2B8B 		.ascii	"\240/+\213V\2363\013\331\253\332po\036\353L\035\366"
 403      569E330B 
 403      D9ABDA70 
 403      6F1EEB4C 
 403      1DF6
 404 09d9 9D890DF6 		.ascii	"\235\211\015\366\265\340\235\207\222\311\312\217\370"
 404      B5E09D87 
 404      92C9CA8F 
ARM GAS  /tmp/cc5cRMlV.s 			page 32


 404      F8
 405 09e6 A25559CB 		.ascii	"\242UY\313\023j\331]\340\341L\331\303\235@\326\345\350"
 405      136AD95D 
 405      E0E14CD9 
 405      C39D40D6 
 405      E5E8
 406 09f8 E13BE8CD 		.ascii	"\341;\350\315\255\263\027\254\350\346\026\365\300u\227"
 406      ADB317AC 
 406      E8E616F5 
 406      C07597
 407 0a07 BDB7F6AB 		.ascii	"\275\267\366\253\274E\314\351\376?t\345nN\357\310\232"
 407      BC45CCE9 
 407      FE3F74E5 
 407      6E4EEFC8 
 407      9A
 408 0a18 9937B49F 		.ascii	"\2317\264\237\331\336\355\304\366\271\335\021\322\273"
 408      D9DEEDC4 
 408      F6B9DD11 
 408      D2BB
 409 0a26 D4A61EC5 		.ascii	"\324\246\036\305\364n{\323\023d\323\373\205\245\250"
 409      F46E7BD3 
 409      1364D3FB 
 409      85A5A8
 410 0a35 CFD1F45E 		.ascii	"\317\321\364^U\266$k(\250\243\323\210v\317@\273\247"
 410      55B6246B 
 410      28A8A3D3 
 410      8876CF40 
 410      BBA7
 411 0a47 10CA3180 		.ascii	"\020\3121\200Q\200a\200G\000w\001\006\001\006\354\234"
 411      51806180 
 411      47007701 
 411      060106EC 
 411      9C
 412 0a58 D2F85B16 		.ascii	"\322\370[\026b\222\321\375 \224pq\272\202h\271\244\352"
 412      6292D1FD 
 412      20947071 
 412      BA8268B9 
 412      A4EA
 413 0a6a 64036FA3 		.ascii	"d\003o\243\256\372G\306\372\036\020\017:'VU\373}\273"
 413      AEFA47C6 
 413      FA1E100F 
 413      3A275655 
 413      FB7DBB
 414 0a7d 6ABFB7B0 		.ascii	"j\277\267\260\337<\202\301\207d\372\003\340w\237\207"
 414      DF3C82C1 
 414      8764FA03 
 414      E0779F87 
 415 0a8d E32118FC 		.ascii	"\343!\030\374\000\014\033R\014#^\357\304c\343\367$)"
 415      000C1B52 
 415      0C235EEF 
 415      C463E3F7 
 415      2429
 416 0a9f D9408F21 		.ascii	"\331@\217!\356\362\011Z\375\206M\030~\207\364&\222\236"
 416      EEF2095A 
 416      FD864D18 
 416      7E87F426 
 416      929E
ARM GAS  /tmp/cc5cRMlV.s 			page 33


 417 0ab1 5739ADAD 		.ascii	"W9\255\255R\034S}(\326\205\034o\334_\260\340`\221l="
 417      521C537D 
 417      28D6851C 
 417      6FDC5FB0 
 417      E060916C 
 418 0ac6 C623498E 		.ascii	"\306#I\216\031\207\337\346\246\233\025\334\251\217\301"
 418      1987DFE6 
 418      A69B15DC 
 418      A98FC1
 419 0ad5 4F8FBF97 		.ascii	"O\217\277\227\237F\200R\361\323c\346'']\023=\001\367"
 419      9F468052 
 419      F1D363E6 
 419      27275D13 
 419      3D01F7
 420 0ae8 288DD396 		.ascii	"(\215\323\226\2223\267\311\341\034\3414\242\244d+ee"
 420      9233B7C9 
 420      E11CE134 
 420      A2A4642B 
 420      6565
 421 0afa EB77E557 		.ascii	"\353w\345W\270!\360\\|\362F;\210S\312\370c\221X=\372"
 421      B821F05C 
 421      7CF2463B 
 421      8853CAF8 
 421      6391583D 
 422 0b0f 36EAE15F 		.ascii	"6\352\341_\261\344 \304c\316\211\231\272\223\347\\\211"
 422      B1E420C4 
 422      63CE8999 
 422      BA93E75C 
 422      89
 423 0b20 BF8166E1 		.ascii	"\277\201f\341\002\357\346\211\305\023\221R\346\007\364"
 423      02EFE689 
 423      C5139152 
 423      E607F4
 424 0b2f 38E2192F 		.ascii	"8\342\031/\033\276\307bE\363T\365,\036\376y\206T\031"
 424      1BBEC762 
 424      45F354F5 
 424      2C1EFE79 
 424      865419
 425 0b42 81E989C2 		.ascii	"\201\351\211\302k-\342\217\024\332FNK\216\004\"\004"
 425      6B2DE28F 
 425      14DA464E 
 425      4B8E0422 
 425      04
 426 0b53 0D5A5510 		.ascii	"\015ZU\020{\013x\020a\213\206R\264W7\352u\373\317\224"
 426      7B0B7810 
 426      618B8652 
 426      B45737EA 
 426      75FBCF94 
 427 0b67 C6BAC791 		.ascii	"\306\272\307\221z\341\206\243SE\236\243M\256rm\313q"
 427      7AE186A3 
 427      53459EA3 
 427      4DAE726D 
 427      CB71
 428 0b79 1E08B28A 		.ascii	"\036\010\262\212\334\353H^\277\200{\025\347N\2263\027"
 428      DCEB485E 
 428      BF807B15 
 428      E74E9633 
ARM GAS  /tmp/cc5cRMlV.s 			page 34


 428      17
 429 0b8a B5C955DC 		.ascii	"\265\311U\334g\177\252<\323\256:>\323\026\004\216\257"
 429      677FAA3C 
 429      D3AE3A3E 
 429      D316048E 
 429      AF
 430 0b9b 566B9DF4 		.ascii	"Vk\235\364\305\221\347$\011I\272V+\233\310ZU_\274\322"
 430      C591E724 
 430      0949BA56 
 430      2B9BC85A 
 430      555FBCD2 
 431 0baf 8467C7A3 		.ascii	"\204g\307\243i\025\313\002\033\337$\260%\016\223Li\324"
 431      6915CB02 
 431      1BDF24B0 
 431      250E934C 
 431      69D4
 432 0bc1 923794EE 		.ascii	"\2227\224\356F\306\310\242\246MI\371F*\215\034\333E"
 432      46C6C8A2 
 432      A64D49F9 
 432      462A8D1C 
 432      DB45
 433 0bd3 7694FBD0 		.ascii	"v\224\373\320\267\003\304\315\347\020}=P;?U\351\303"
 433      B703C4CD 
 433      E7107D3D 
 433      503B3F55 
 433      E9C3
 434 0be5 96CEB087 		.ascii	"\226\316\260\207D\351\323m\265hY:='\210\222\026\011"
 434      44E9D36D 
 434      B568593A 
 434      3D278892 
 434      1609
 435 0bf7 347D21BF 		.ascii	"4}!\277P\004&\212D\302\376^\207$,2\216u\325Y\211\206"
 435      5004268A 
 435      44C2FE5E 
 435      87242C32 
 435      8E75D559 
 436 0c0d F772A5DC 		.ascii	"\367r\245\334~\251r\252\007\027\337\275/Iz\221P\241"
 436      7EA972AA 
 436      0717DFBD 
 436      2F497A91 
 436      50A1
 437 0c1f 7C4501B8 		.ascii	"|E\001\270\204\377y\320\362\3211H,\035\212\302\357\301"
 437      84FF79D0 
 437      F2D13148 
 437      2C1D8AC2 
 437      EFC1
 438 0c31 E4F8A2FA 		.ascii	"\344\370\242\372\355\2568\306\215.\312\347\316'\224"
 438      EDAE38C6 
 438      8D2ECAE7 
 438      CE2794
 439 0c40 1AD47289 		.ascii	"\032\324r\211\212\212\334\030*w-\027{4&\361\206+\027"
 439      8A8ADC18 
 439      2A772D17 
 439      7B3426F1 
 439      862B17
 440 0c53 3BB7EF9D 		.ascii	";\267\357\235\244()O\"n\006*\024\215mr\341\322^n,\225"
 440      A428294F 
ARM GAS  /tmp/cc5cRMlV.s 			page 35


 440      226E062A 
 440      148D6D72 
 440      E1D25E6E 
 441 0c69 5B5A7CFD 		.ascii	"[Z|\375\271\200\023\231\\\2557&\366~\332\206\351\315"
 441      B9801399 
 441      5CAD3726 
 441      F67EDA86 
 441      E9CD
 442 0c7b B43DA78B 		.ascii	"\264=\247\213\354\034\363\315;*\375\342\251~\333e\277"
 442      EC1CF3CD 
 442      3B2AFDE2 
 442      A97EDB65 
 442      BF
 443 0c8c F40E47DC 		.ascii	"\364\016G\334\321\313\012\346\033 \373\"%r\366\004d"
 443      D1CB0AE6 
 443      1B20FB22 
 443      2572F604 
 443      64
 444 0c9d 284E5130 		.ascii	"(NQ0\316Q\301\004\252\340\265'\027*<q\016S\260\264+"
 444      CE51C104 
 444      AAE0B527 
 444      172A3C71 
 444      0E53B0B4 
 445 0cb2 7509D585 		.ascii	"u\011\325\205\024)\323\357\306\365C\236N5\331E5\331"
 445      1429D3EF 
 445      C6F5439E 
 445      4E35D945 
 445      35D9
 446 0cc4 296BD275 		.ascii	")k\322u\351F\2067h\322\317\032wAb\335\016\351\000\242"
 446      E9468637 
 446      68D2CF1A 
 446      774162DD 
 446      0EE900A2 
 447 0cd8 646887A2 		.ascii	"dh\207\242\311\016\314\316\202P\"\323@\252\234\307\370"
 447      C90ECCCE 
 447      825022D3 
 447      40AA9CC7 
 447      F8
 448 0ce9 38D3A069 		.ascii	"8\323\240i +Cq\007Sa\242\241\245Yt\036\256d\252D\222"
 448      202B4371 
 448      075361A2 
 448      A1A55974 
 448      1EAE64AA 
 449 0cff AC445283 		.ascii	"\254DR\2034\340\303\225h\231\375QRT\256/!A\273\025\005"
 449      34E0C395 
 449      6899FD51 
 449      5254AE2F 
 449      2141BB15 
 450 0d14 76CB0AA4 		.ascii	"v\313\012\244P\005\022\212\013\207\364\370\014S -\275"
 450      5005128A 
 450      0B87F4F8 
 450      0C53202D 
 450      BD
 451 0d25 6940E0D3 		.ascii	"i@\340\323Gg\027\321\351\304\223\251\312\364Tyz\032"
 451      476717D1 
 451      E9C493A9 
 451      CAF45479 
ARM GAS  /tmp/cc5cRMlV.s 			page 36


 451      7A1A
 452 0d37 9D7EEBF9 		.ascii	"\235~\353\371T\225\036W\263\351\333\006\342\332\365"
 452      54951E57 
 452      B3E9DB06 
 452      E2DAF5
 453 0d46 2CC3A7E9 		.ascii	",\303\247\3516\362\320\313)\027\376\202\205\274\217"
 453      36F2D0CB 
 453      2917FE82 
 453      85BC8F
 454 0d55 9C7F74E7 		.ascii	"\234\177t\347\020\337<>%\343\351C\315\343\036\270\216"
 454      10DF3C3E 
 454      25E3E943 
 454      CDE31EB8 
 454      8E
 455 0d66 4D1E1B88 		.ascii	"M\036\033\210:\354\203\2571$\267i[\213\007\356`H\311"
 455      3AEC83AF 
 455      3124B769 
 455      5B8B07EE 
 455      6048C9
 456 0d79 EE88088C 		.ascii	"\356\210\010\214\3573\244\341\371\366Qz\254\025\365"
 456      EF33A4E1 
 456      F9F6517A 
 456      AC15F5
 457 0d88 E6632D9C 		.ascii	"\346c-\234v\266\020*\024\266\227\232k\260\034\260h?"
 457      76B6102A 
 457      14B6979A 
 457      6BB01CB0 
 457      683F
 458 0d9a 660FFD03 		.ascii	"f\017\375\003\330\027\345b\371\201\037\035%U\326\365"
 458      D817E562 
 458      F9811F1D 
 458      2555D6F5 
 459 0daa 2D4BA56D 		.ascii	"-K\245mo\0376\240\275\234\324\351#\245\256\227u& r\330"
 459      6F1F36A0 
 459      BD9CD4E9 
 459      23A5AE97 
 459      75262072 
 460 0dbf 470F6C7F 		.ascii	"G\017l\177Q,\3421\252\271\360xx\260\325\033\371.\261"
 460      512CE231 
 460      AAB9F078 
 460      78B0D51B 
 460      F92EB1
 461 0dd2 75ACFA28 		.ascii	"u\254\372(\272\212=\014\274\017*\016&\\\234,\034\017"
 461      BA8A3D0C 
 461      BC0F2A0E 
 461      265C9C2C 
 461      1C0F
 462 0de4 81A25A4A 		.ascii	"\201\242ZJ\203\244\231\314G\333\275\360\034\363\321"
 462      83A499CC 
 462      47DBBDF0 
 462      1CF3D1
 463 0df3 C3FAC9FB 		.ascii	"\303\372\311\373\3568\306\235\"\223\015\031\005^8\201"
 463      EE38C69D 
 463      22930D19 
 463      055E3881 
 464 0e03 2242F35C 		.ascii	"\"B\363\\\331\270\207\355\014\2655\301\345\\-=C\315"
 464      D9B887ED 
ARM GAS  /tmp/cc5cRMlV.s 			page 37


 464      0CB535C1 
 464      E55C2D3D 
 464      43CD
 465 0e15 C77A740C 		.ascii	"\307zt\014;\274(\322|\345\224\2075\337%\016\024VA\213"
 465      3BBC28D2 
 465      7CE59487 
 465      35DF250E 
 465      1456418B 
 466 0e29 39CD449E 		.ascii	"9\315D\236(|Y\302J\375k9\215GJ\257\036\301NK\251\220"
 466      287C59C2 
 466      4AFD6B39 
 466      8D474AAF 
 466      1EC14E4B 
 467 0e3f 6671819C 		.ascii	"fq\201\234\305\247\212\257\356\325\253\317N`\\\025\343"
 467      C5A78AAF 
 467      EED5ABCF 
 467      4E605C15 
 467      E3
 468 0e50 222CAF40 		.ascii	"\",\257@\310\331\355\331\324\002O\\\306\314\353\273"
 468      C8D9EDD9 
 468      D4024F5C 
 468      C6CCEBBB 
 469 0e60 523EE869 		.ascii	"R>\350i\177\370\250\236\212J@ye\266-\020\371Q\324\011"
 469      7FF8A89E 
 469      8A4A4079 
 469      65B62D10 
 469      F951D409 
 470 0e74 C5307242 		.ascii	"\3050rBq\002\0202\021\225\247\312J\015\270\232\331\366"
 470      71021032 
 470      1195A7CA 
 470      4A0DB89A 
 470      D9F6
 471 0e86 ECD5DEB3 		.ascii	"\354\325\336\263<\207\227\002\372\272o\367n7~\376A\336"
 471      3C879702 
 471      FABA6FF7 
 471      6E377EFE 
 471      41DE
 472 0e98 DF14E54E 		.ascii	"\337\024\345N@\276\334`\264\225/\317u\031\360m\212\350"
 472      40BEDC60 
 472      B4952FCF 
 472      7519F06D 
 472      8AE8
 473 0eaa F7366547 		.ascii	"\3676eG#\264\204\036l\254\360]\262B\275\026-\305\313"
 473      23B4841E 
 473      6CACF05D 
 473      B242BD16 
 473      2DC5CB
 474 0ebd D149F004 		.ascii	"\321I\360\004:\007\012^\344\021\276\000\327\347\361"
 474      3A070A5E 
 474      E411BE00 
 474      D7E7F1
 475 0ecc 0A540170 		.ascii	"\012T\001p\011\240\014\240\234G\\e\340\031\254^\350"
 475      09A00CA0 
 475      9C475C65 
 475      E019AC5E 
 475      E8
 476 0edd 9EA54ACB 		.ascii	"\236\245J\313\217\314\354\305\321$1\011\311i\305\260"
ARM GAS  /tmp/cc5cRMlV.s 			page 38


 476      8FCCECC5 
 476      D1243109 
 476      C969C5B0 
 477 0eed 8B78897A 		.ascii	"\213x\211ze6\333 /11\333\313\\\324Nv\276\363i\345+\002"
 477      6536DB20 
 477      2F3131DB 
 477      CB5CD44E 
 477      76BEF369 
 478 0f04 E2ADE3D8 		.ascii	"\342\255\343\330\201z\341\212`\256\225\257f \025N9\222"
 478      817AE18A 
 478      60AE95AF 
 478      6620154E 
 478      3992
 479 0f16 2F38B2EC 		.ascii	"/8\262\354\374=_\312a\266\011]\250\012\343\315\237\320"
 479      FC3D5FCA 
 479      61B6095D 
 479      A80AE3CD 
 479      9FD0
 480 0f28 ADACF02E 		.ascii	"\255\254\360.\332\027\236\246g\277\343\262\337\346Y"
 480      DA179EA6 
 480      67BFE3B2 
 480      DFE659
 481 0f37 A6C7906C 		.ascii	"\246\307\220l%)\214\243\332V\256\342'}G.OV\352\361C"
 481      25298CA3 
 481      DA56AEE2 
 481      277D472E 
 481      4F56EAF1 
 482 0f4c 16F25727 		.ascii	"\026\362W'\213^\271\342y\206$\236\356z\345\203\267y"
 482      8B5EB9E2 
 482      7986249E 
 482      EE7AE583 
 482      B779
 483 0f5e D0DCCC2E 		.ascii	"\320\334\314.>0\201\235\275\310\255\321\250*[\215\346"
 483      3E30819D 
 483      BDC8ADD1 
 483      A82A5B8D 
 483      E6
 484 0f6f B01AAD06 		.ascii	"\260\032\255\006U\252\034k4\003\273Vf\234\315C\244\321"
 484      55AA1C6B 
 484      3403BB56 
 484      669CCD43 
 484      A4D1
 485 0f81 415E691E 		.ascii	"A^i\036\250T\302\244Zn\372\025\020T\007\346\326\003"
 485      A854C2A4 
 485      5A6EFA15 
 485      105407E6 
 485      D603
 486 0f93 34023460 		.ascii	"4\0024`\207s\211\354&\207l\250}"
 486      877389EC 
 486      26876CA8 
 486      7D
 487 0fa0 53EB6BB9 		.ascii	"S\353k\271\303\027eX\343\274t\350\016\017\275\034\315"
 487      C3176558 
 487      E3BC74E8 
 487      0E0FBD1C 
 487      CD
 488 0fb1 85ACD499 		.ascii	"\205\254\324\2312\331\311}N\014\275\214\035\310\027"
ARM GAS  /tmp/cc5cRMlV.s 			page 39


 488      32D9C97D 
 488      4E0CBD8C 
 488      1DC817
 489 0fc0 66D6F8BF 		.ascii	"f\326\370\277\263\\\221C\244A.\207(\245\361\344\260"
 489      B35C9143 
 489      A4412E87 
 489      28A5F1E4 
 489      B0
 490 0fd1 1B4E6681 		.ascii	"\033Nf\201\270\266\367\3446o\264\304W\323W\315\340\237"
 490      B8B6F7E4 
 490      366FB4C4 
 490      57D357CD 
 490      E09F
 491 0fe3 B7F9CAD6 		.ascii	"\267\371\312\3267\312\243\322I`\256\002}\223\022\230"
 491      37CAA3D2 
 491      4960AE02 
 491      7D931298 
 492 0ff3 5ACC5781 		.ascii	"Z\314W\201\347.<\371\220u\212\345\200"
 492      E72E3CF9 
 492      90758AE5 
 492      80
 493 1000 95F53CAB 		.ascii	"\225\365<\253\344o\201\373I\247(i\331\225\343\205\363"
 493      E46F81FB 
 493      49A72869 
 493      D995E385 
 493      F3
 494 1011 A84EA828 		.ascii	"\250N\250()\002V\372'\030r'\356y\243\013\256\240\210"
 494      290256FA 
 494      27187227 
 494      EE79A30B 
 494      AEA088
 495 1024 FBE5D288 		.ascii	"\373\345\322\210m\230\277j\360]b\013S}\001\017\223\274"
 495      6D98BF6A 
 495      F05D620B 
 495      537D010F 
 495      93BC
 496 1036 D2EE7462 		.ascii	"\322\356tb=\337m\367\250\316+\256c\007r\373=\005\330"
 496      3DDF6DF7 
 496      A8CE2BAE 
 496      630772FB 
 496      3D05D8
 497 1049 76B3DB61 		.ascii	"v\263\333a\331\257\301]\035\212\321n\025\373\034G\372"
 497      D9AFC15D 
 497      1D8AD16E 
 497      15FB1C47 
 497      FA
 498 105a 05BB8AB9 		.ascii	"\005\273\212\271\256\305)\022!\227\327\341\204\\c\035"
 498      AEC52912 
 498      2197D7E1 
 498      845C631D 
 499 106a CEF342CD 		.ascii	"\316\363B\315|\2176suW\230\344g\370\235\316\273B+t\205"
 499      7C8F3673 
 499      755798E4 
 499      67F89DCE 
 499      BB422B74 
 500 107f 16D215AE 		.ascii	"\026\322\025\256qW\220p\337\201p\337\2020\267\003t\000"
 500      71579070 
ARM GAS  /tmp/cc5cRMlV.s 			page 40


 500      DF8170DF 
 500      8230B703 
 500      7400
 501 1091 DC04B80D 		.ascii	"\334\004\270\015pCy\312\336\033K\177$\342\032\226G}"
 501      704379CA 
 501      DE1B4B7F 
 501      24E21A96 
 501      477D
 502 10a3 1DED355E 		.ascii	"\035\3555^\016ydc\334\003\314\276/c[>\345T'\222|\352"
 502      0E796463 
 502      DC03CCBE 
 502      2F635B3E 
 502      E5542792 
 503 10b9 86795D4A 		.ascii	"\206y]J>u\312\371\324\366\374\020<c\257\261$\251\312"
 503      3E75CAF9 
 503      D4F6FC10 
 503      3C63AFB1 
 503      24A9CA
 504 10cc 2DFB5BDC 		.ascii	"-\373[\334\305\256\237\247t\366y\343^\206<*jo\207\325"
 504      C5AE9FA7 
 504      74F679E3 
 504      5E863C2A 
 504      6A6F87D5 
 505 10e0 12D3B120 		.ascii	"\022\323\261 \246\355\274\240\376\371\023{\335~\027"
 505      A6EDBCA0 
 505      FEF9137B 
 505      DD7E17
 506 10ef 4A66E07B 		.ascii	"Jf\340{=\356\0075\037\367\2700\263}5\362]\301\3272c"
 506      3DEE0735 
 506      1FF7B830 
 506      B37D35F2 
 506      5DC1D732 
 507 1104 175CA64F 		.ascii	"\027\\\246O\222m\301\220f\033\310pc\205J\244\366\203"
 507      926DC190 
 507      661BC870 
 507      63854AA4 
 507      F683
 508 1116 D421ED8E 		.ascii	"\324!\355\216\242\265\344\321Qb\342\304{\240\310}%\022"
 508      A2B5E4D1 
 508      5162E2C4 
 508      7BA0C87D 
 508      2512
 509 1128 CF0E3DEC 		.ascii	"\317\016=\354p\305q\364\205\267\360\260\364J\202\022"
 509      70C571F4 
 509      85B7F0B0 
 509      F44A8212 
 510 1138 098745D3 		.ascii	"\011\207E\323#\230\250\305\204\277|\374\204\354\343"
 510      2398A8C5 
 510      84BF7CFC 
 510      84ECE3
 511 1147 1EC2F803 		.ascii	"\036\302\370\003\305\037C\334\343n5\027\342\253\005"
 511      C51F43DC 
 511      E36E3517 
 511      E2AB05
 512 1156 FACE029A 		.ascii	"\372\316\002\232\253\355L\246\271\210\327\036\231\326"
 512      ABED4CA6 
 512      B988D71E 
ARM GAS  /tmp/cc5cRMlV.s 			page 41


 512      99D6
 513 1164 07D31EAB 		.ascii	"\007\323\036\253\015\312\302\332g\245\231\220\032\031"
 513      0DCAC2DA 
 513      67A59990 
 513      1A19
 514 1172 24357AF9 		.ascii	"$5z\371\014\242\320((4\006\251\360\004\340)\300\010"
 514      0CA2D028 
 514      283406A9 
 514      F004E029 
 514      C008
 515 1184 C030569F 		.ascii	"\3000V\237=U\005\263=2\331\330f\363\231\266S\352\033"
 515      3D5505B3 
 515      3D32D9D8 
 515      66F399B6 
 515      53EA1B
 516 1197 8E9555F5 		.ascii	"\216\225U\365-\243&-\351\010\247\266\3656\365\213\021"
 516      2DA3262D 
 516      E908A7B6 
 516      F536F58B 
 516      11
 517 11a8 BE721D66 		.ascii	"\276r\035f\245\362xA\334\310\036w\230W)\311\3076\316"
 517      A5F27841 
 517      DCC81E77 
 517      985729C9 
 517      C736CE
 518 11bb CC96E08E 		.ascii	"\314\226\340\216\2070\203\337\262 \223\325\354\036G"
 518      873083DF 
 518      B22093D5 
 518      EC1E47
 519 11ca 9FA8CFA7 		.ascii	"\237\250\317\247!x\027b\242'\275p&\013^\315\245\204"
 519      21781762 
 519      A227BD70 
 519      260B5ECD 
 519      A584
 520 11dc 0CBD4319 		.ascii	"\014\275C\031\331|5\001\376\371>\276\262\225Ps\365."
 520      D97C3501 
 520      FEF93EBE 
 520      B2955073 
 520      F52E
 521 11ee 5242E330 		.ascii	"RB\3430\347\231\022\320\307r\011\225\\\251\357\363z"
 521      E79912D0 
 521      C7720995 
 521      5CA9EFF3 
 521      7A
 522 11ff FF90BC49 		.ascii	"\377\220\274IKLl\222\244\003\002%Og\3446\331:r\007\376"
 522      4B4C6C92 
 522      A4030225 
 522      4F67E436 
 522      D93A7207 
 523 1214 3FC7EF93 		.ascii	"?\307\357\223\236<=\377\037\352\025i\273\335\361\342"
 523      9E3C3DFF 
 523      1FEA1569 
 523      BBDDF1E2 
 524 1224 0BB6EA22 		.ascii	"\013\266\352\"\337@[s\275\362\274\335\362u\334n\211"
 524      DF405B73 
 524      BDF2BCDD 
 524      F275DC6E 
ARM GAS  /tmp/cc5cRMlV.s 			page 42


 524      89
 525 1235 36C98927 		.ascii	"6\311\211')q\374\231\366^Q\257\374\220\211<.\024\332"
 525      2971FC99 
 525      F65E51AF 
 525      FC90893C 
 525      2E14DA
 526 1248 294CDEEA 		.ascii	")L\336\352\373\321\223\" \336\361\344Z\246a\361n\356"
 526      FBD19322 
 526      20DEF1E4 
 526      5AA661F1 
 526      6EEE
 527 125a A97711FD 		.ascii	"\251w\021\375u\201\262\214\236\306\213\3459\024!\035"
 527      7581B28C 
 527      9EC68BE5 
 527      3914211D 
 528 126a EB655119 		.ascii	"\353eQ\031\377\235\226+\240S\305\271-^N\245\315\312"
 528      FF9D962B 
 528      A053C5B9 
 528      2D5E4EA5 
 528      CDCA
 529 127c D2663015 		.ascii	"\322f0\025\367<>f\212\377@\224l\337\344\3373.e\277g"
 529      F73C3E66 
 529      8AFF4094 
 529      6CDFE4DF 
 529      332E65BF 
 530 1291 EC6A2BAC 		.ascii	"\354j+\254\363rT\346\025x\357%U\3465Uf\226)\363\232"
 530      F37254E6 
 530      1578EF25 
 530      55E63555 
 530      669629F3 
 531 12a6 2A93F0DD 		.ascii	"*\223\360\335\363l\017\265c\222\355\326\365s\3341s\324"
 531      F36C0FB5 
 531      6392EDD6 
 531      F573DC31 
 531      73D4
 532 12b8 31B9A537 		.ascii	"1\271\2457\037\373\250\211w\331\021\317s\342yJ\274#"
 532      1FFBA889 
 532      77D911CF 
 532      73E2794A 
 532      BC23
 533 12ca E678841B 		.ascii	"\346x\204\033>\314~\3772\035\321qY\357t\257\021!\252"
 533      3ECC7EFF 
 533      321DD171 
 533      59EF74AF 
 533      1121AA
 534 12dd 0F381A52 		.ascii	"\0178\032R\217\246\222s\225\312~\251r\242\331\245\241"
 534      8FA69273 
 534      95CA7EA9 
 534      72A2D9A5 
 534      A1
 535 12ee 20566A93 		.ascii	" Vj\223\244\334\337R:$\211\266\024\202K\373\023\204"
 535      A4DCDF52 
 535      3A2489B6 
 535      14824BFB 
 535      1384
 536 1300 4891EC7F 		.ascii	"H\221\354\177\217NM'x\343\006&8\346\365x\2777gV]\204"
 536      8F4E4D27 
ARM GAS  /tmp/cc5cRMlV.s 			page 43


 536      78E30626 
 536      38E6F578 
 536      BF376756 
 537 1316 8F97DE93 		.ascii	"\217\227\336\223$0 \032\211\224[\224\302-\312\221[4"
 537      2430201A 
 537      89945B94 
 537      C22DCA91 
 537      5B34
 538 1328 E5766BA8 		.ascii	"\345vk\250j\035ng\314\216\027\355+\361\306\003\014I"
 538      6A1D6E67 
 538      CC8E17ED 
 538      2BF1C603 
 538      0C49
 539 133a A8AACE71 		.ascii	"\250\252\316q\205\035\025\212%\023i\377\237\351[D\267"
 539      851D158A 
 539      251369FF 
 539      9FE95B44 
 539      B7
 540 134b 5855B6D3 		.ascii	"XU\266\323\224\232\222\202\327\336N\355\336N\355\336"
 540      949A9282 
 540      D7DE4EED 
 540      DE4EEDDE 
 541 135b 2672C387 		.ascii	"&r\303\207\366\244\227xr]\347{\\n\027wAO\213\220>\253"
 541      F6A49778 
 541      725DE77B 
 541      5C6E1777 
 541      414F8B90 
 542 1371 1708258A 		.ascii	"\027\010%\212\221uEq\242H0{u\343\251\2725\215\023G\335"
 542      91754571 
 542      A248307B 
 542      75E3A9BA 
 542      358D1347 
 543 1386 F1114FAA 		.ascii	"\361\021O\252b\346\341\344\012vx\001U\3005\352\271\336"
 543      62E6E1E4 
 543      0A767801 
 543      55C035EA 
 543      B9DE
 544 1398 DA27DA0E 		.ascii	"\332'\332\0164v\210\354\320g\362L\251\227\363S\025\252"
 544      347688EC 
 544      D067F24C 
 544      A997F353 
 544      15AA
 545 13aa E64E59CD 		.ascii	"\346NY\315\331\374\352\323\"W\023\012\366DiIC\204\264"
 545      D9FCEAD3 
 545      2257130A 
 545      F6446949 
 545      4384B4
 546 13bd 34DA83D0 		.ascii	"4\332\203\320\241\004\305\241\011\216\032&R\015\333"
 546      A104C5A1 
 546      098E1A26 
 546      520DDB
 547 13cc 46CB7778 		.ascii	"F\313wx\342\223L\303\274\350]\363\256J\254{\354c\275"
 547      E2934CC3 
 547      BCE85DF3 
 547      AE4AAC7B 
 547      EC63BD
 548 13df 5B61B6DB 		.ascii	"[a\266\333\221Y\022e\326\277\377A\212\027\276\310\230"
ARM GAS  /tmp/cc5cRMlV.s 			page 44


 548      91591265 
 548      D6BFFF41 
 548      8A17BEC8 
 548      98
 549 13f0 355D3CD4 		.ascii	"5]<\324\341\242\304\272\323!\326\311\012\267dGn)\224"
 549      E1A2C4BA 
 549      D321D6C9 
 549      0AB76447 
 549      6E2994
 550 1403 5BC4E5A4 		.ascii	"[\304\345\244\233>\270\221q{\375\264\3555\377\251\260"
 550      9B3EB891 
 550      717BFDB4 
 550      ED35FFA9 
 550      B0
 551 1414 1ED0F6A1 		.ascii	"\036\320\366\241\003\321\274\322\332\310\360\201\346"
 551      03D1BCD2 
 551      DAC8F081 
 551      E6
 552 1421 89743DBE 		.ascii	"\211t=\276\315h\013\316\034)\343\277]\364\000\364\345"
 552      CD680BCE 
 552      1C29E3BF 
 552      5DF400F4 
 552      E5
 553 1432 998E241F 		.ascii	"\231\216$\037\247%\235%\362\222\316\024iI\237\312\236"
 553      A7259D25 
 553      F292CE14 
 553      69499FCA 
 553      9E
 554 1443 7FECE258 		.ascii	"\177\354\342X\264\351\342r\224&\322\343\023q\261<\211"
 554      B4E9E272 
 554      9426D2E3 
 554      1371B13C 
 554      89
 555 1454 50DF8EA8 		.ascii	"P\337\216\250\212\360VSg\275\211\272a0\3456i\256m\225"
 555      8AF05653 
 555      67BD89BA 
 555      6130E536 
 555      69AE6D95 
 556 1468 F48CB2EC 		.ascii	"\364\214\262\354n\264\024\021\013O\227=\342b\224\001"
 556      6EB41411 
 556      0B4F973D 
 556      E2629401 
 557 1478 FE88C2EF 		.ascii	"\376\210\302\357\251&\247\302\235?@F\347\210\244\277"
 557      A926A7C2 
 557      9D3F4046 
 557      E788A4BF 
 558 1488 5EB9DAB9 		.ascii	"^\271\332\271]\217\007<\235\236\2035\327\266g\272\341"
 558      5D8F073C 
 558      9D9E8335 
 558      D7B667BA 
 558      E1
 559 1499 6794407C 		.ascii	"g\224@|xi\\\000\023\311\237\207/\371\205\324A\321\203"
 559      78695C00 
 559      13C99F87 
 559      2FF985D4 
 559      41D183
 560 14ac FDB46A11 		.ascii	"\375\264j\021\275\214\243\277\221\212\334\275\010\331"
ARM GAS  /tmp/cc5cRMlV.s 			page 45


 560      BD8CA3BF 
 560      918ADCBD 
 560      08D9
 561 14ba 7E237548 		.ascii	"~#uH\364\245C:\224\013*\034\020\371\376J\242?\322\202"
 561      F4A5433A 
 561      940B2A1C 
 561      10F9FE4A 
 561      A23FD282 
 562 14ce 01B45FB4 		.ascii	"\001\264_\264\375H\013\304\335\354\312:eWK\204D\311"
 562      FD480BC4 
 562      DDECCA3A 
 562      65574B84 
 562      44C9
 563 14e0 D2C3344B 		.ascii	"\322\3034K\367\311Y\272sn\246\335VLs.\373\243\232x1"
 563      F7C959BA 
 563      736EA6DD 
 563      564C732E 
 563      FBA39A78 
 564 14f5 898412ED 		.ascii	"\211\204\022\355U\222a\257c2\034a\311Pw,\0126(\006\247"
 564      559261AF 
 564      63321C61 
 564      C950772C 
 564      0A362806 
 565 150a 9534D87E 		.ascii	"\2254\330~1\316\307\3711`\036\325\347\230\254\317\336"
 565      31CEC7F9 
 565      31601ED5 
 565      E798ACCF 
 565      DE
 566 151b 81FA5155 		.ascii	"\201\372QU\325\\,\275\307\253\006\350\320QE\233\243"
 566      D55C2CBD 
 566      C7AB06E8 
 566      D051459B 
 566      A3
 567 152c 8EDAE453 		.ascii	"\216\332\344Sm\236\225\017\234\361R\267\336x\273\326"
 567      6D9E950F 
 567      9CF152B7 
 567      DE78BBD6 
 568 153c 7B5C64AD 		.ascii	"{\\d\255\027\276\201\270\373lO\224\017>\314T\277\331"
 568      17BE81B8 
 568      FB6C4F94 
 568      0F3ECC54 
 568      BFD9
 569 154e 1F35E5A6 		.ascii	"\0375\345\2468\342\221\354\010\306\242@\221\\\340(\271"
 569      38E291EC 
 569      08C6A240 
 569      915CE028 
 569      B9
 570 155f 904AEE3C 		.ascii	"\220J\356<\025\333\345\212O2f\207\206\317W\363\337H"
 570      15DBE58A 
 570      4F326687 
 570      86CF57F3 
 570      DF48
 571 1571 7B114107 		.ascii	"{\021A\007S\217\210\254(\036\222\341\352\221SS\316\023"
 571      538F88AC 
 571      281E92E1 
 571      EA915353 
 571      CE13
ARM GAS  /tmp/cc5cRMlV.s 			page 46


 572 1583 BF444EFC 		.ascii	"\277DN\374\207\354\200\352\\\333\371=\236\216\211_\014"
 572      87EC80EA 
 572      5CDBF93D 
 572      9E8E895F 
 572      0C
 573 1594 A9708266 		.ascii	"\251p\202f\343w4\225K\344T.\275\023\233\351\341\230"
 573      E3773495 
 573      4BE4542E 
 573      BD139BE9 
 573      E198
 574 15a6 F84EA9B3 		.ascii	"\370N\251\263G\012\257\273(\211\177\374>O\374\223<\361"
 574      470AAFBB 
 574      28897FFC 
 574      3E4FFC93 
 574      3CF1
 575 15b8 1320F195 		.ascii	"\023 \361\225\311E<\361K\305\367u\036\001\201_X6\254"
 575      C9453CF1 
 575      4BC5F775 
 575      1E01815F 
 575      5836AC
 576 15cb 3185AE73 		.ascii	"1\205\256s\377\315\277}\375\356\347\253V\351<\214\306"
 576      FFCDBF7D 
 576      FDEEE7AB 
 576      56E93C8C 
 576      C6
 577 15dc A050EB47 		.ascii	"\240P\353G\037\032\255?\367\333h1\373\005\205\006\004"
 577      1F1AAD3F 
 577      F7DB6831 
 577      FB058506 
 577      04
 578 15ed 6F5C67F2 		.ascii	"o\\g\362\0135m\016\016Z\353\027\342\037\020\030\024"
 578      0B356D0E 
 578      0E5AEB17 
 578      E21F1018 
 578      14
 579 15fe 6AF233AE 		.ascii	"j\3623\2563\255\367\337\030l5Z\267\206\233,+\003un|"
 579      33ADF7DF 
 579      186C355A 
 579      B7869B2C 
 579      2B03756E 
 580 1613 D67B5AB3 		.ascii	"\326{Z\263,[-~F\213u\035\320\000\251K\210e\203\321\372"
 580      2C5B2D7E 
 580      468B751D 
 580      D000A94B 
 580      886583D1 
 581 1628 D1CA957E 		.ascii	"\321\312\225~~a\026\277\200\260\220\220\260P\277\360"
 581      7E6116BF 
 581      80B09090 
 581      B050BFF0 
 582 1638 30B3D5E2 		.ascii	"0\263\325\342\367\353\257\276\370\374\213-\344^xP\260"
 582      F7EBAFBE 
 582      F8FC8B2D 
 582      E45E7850 
 582      B0
 583 1649 C96CF1FB 		.ascii	"\311l\361\373\315\347\237\373\005\004\312B\334\315&"
 583      CDE79FFB 
 583      0504CA42 
ARM GAS  /tmp/cc5cRMlV.s 			page 47


 583      DCCD26
 584 1658 FFE07073 		.ascii	"\377\340psP\230\336h\334\310\005\272\313\027nV2\002"
 584      5098DE68 
 584      DCC805BA 
 584      CB176E56 
 584      3202
 585 166a DF21D62D 		.ascii	"\337!\326-\301A\026\253\030j\332bu\011\333\034j2\273"
 585      C14116AB 
 585      186ADA62 
 585      7509DB1C 
 585      6A32BB
 586 167d FCCF46D3 		.ascii	"\374\317F\323F\323\242\200@\2435\020X\254\263\030\351"
 586      46D3A280 
 586      40A33510 
 586      58ACB318 
 586      E9
 587 168e 0D31DC6C 		.ascii	"\0151\334l\332\344cw\213L\337h5m\001\276@M/\335M\341"
 587      DAE46377 
 587      8B4CDF68 
 587      356D01BE 
 587      404D2FDD 
 588 16a4 E0A0A0D0 		.ascii	"\340\240\240\320\015\236\246M\246Pk\210\277\345[\030"
 588      0D9EA64D 
 588      A6506B88 
 588      BFE55B18 
 589 16b4 051BE804 		.ascii	"\005\033\350\004\267\315\376AV\030\364Q1'\322\275\325"
 589      B7CDFE41 
 589      5618F451 
 589      3127D2BD 
 589      D5
 590 16c5 88D18A36 		.ascii	"\210\321\2126\272\2326\223\251\256\233\255\240_8|YL"
 590      BA9A3693 
 590      A9AE9BAD 
 590      A05F387C 
 590      594C
 591 16d7 21E13820 		.ascii	"!\3418 \324\352\002`\264\032`>\334\361\017\017\0143"
 591      D4EA0260 
 591      B41A603E 
 591      DCF10F0F 
 591      0C33
 592 16e9 9BDC2C44 		.ascii	"\233\334,D\220e\203\313f\253\325\034\276\230\2612\232"
 592      906583CB 
 592      66ABD51C 
 592      BE98B132 
 592      9A
 593 16fa 4DEB4D66 		.ascii	"M\353MfSh\000(\011\323\303\326\376)\334\335\264%\310"
 593      53680028 
 593      09D3C3D6 
 593      FE29DCDD 
 593      B425C8
 594 170d 1A10B6CE 		.ascii	"\032\020\266\316\344j^\267\025\350E \261x0\337|\012"
 594      E46A5EB7 
 594      15E84520 
 594      B17830DF 
 594      7C0A
 595 171f A6C8DF56 		.ascii	"\246\310\337Vr\337huY\037\354\277\301\342f\015\201\031"
 595      72DF6875 
ARM GAS  /tmp/cc5cRMlV.s 			page 48


 595      591FECBF 
 595      C1E2660D 
 595      8119
 596 1731 8059ACFE 		.ascii	"\200Y\254\376V\223\273\225~\021\226\376k\375-&\356\331"
 596      5693BB95 
 596      7E1196FE 
 596      6BFD2D26 
 596      EED9
 597 1743 8F7FC13D 		.ascii	"\217\177\301=K.\364\026\353\267\376\301A\033B\215\326"
 597      4B2EF416 
 597      EBB7FEC1 
 597      411B428D 
 597      D6
 598 1754 156F8A5A 		.ascii	"\025o\212Z`\000\350\016a\022C\375CLb@\240\277\331%,"
 598      6000E80E 
 598      611243FD 
 598      434C6240 
 598      A0BFD925 
 599 1769 781DB81F 		.ascii	"x\035\270\037\322\300d\306\001\326-\202%\\\0106C\030"
 599      D2C064C6 
 599      01D62D82 
 599      255C0836 
 599      4318
 600 177b 37F89B43 		.ascii	"7\370\233C\214Vl^\265\012\340\003\301\374+\301\374\251"
 600      8C566C5E 
 600      B50AE003 
 600      C1FC2BC1 
 600      FCA9
 601 178d 60FE4430 		.ascii	"`\376D0\177,\230\177)\230\177\341I8\223L\204I\276o\225"
 601      7F2C987F 
 601      29987FE1 
 601      4938934C 
 601      8449BE6F 
 602 17a2 69DCF449 		.ascii	"i\334\364I\010\3105\320I\001a\241\0205\253H\262\301"
 602      08C835D0 
 602      490161A1 
 602      1035AB48 
 602      B2C1
 603 17b4 C3161597 		.ascii	"\303\026\025\227\220\360\260\260`w\356J\353\337p\236"
 603      90F0B0B0 
 603      6077EE4A 
 603      EBDF709E 
 604 17c4 66AB2D57 		.ascii	"f\253-W\003\002-\001\201\353\200\315"
 604      03022D01 
 604      81EB80CD 
 605 17d0 8FB4C620 		.ascii	"\217\264\306 h0\364c\315i[-r\202jN\205\260\302\320;"
 605      6830F463 
 605      CD695B2D 
 605      72826A4E 
 605      85B0C2D0 
 606 17e5 CA90C51C 		.ascii	"\312\220\305\034@8Z6\254\014\340%\370GH\"\003\275\372"
 606      40385A36 
 606      AC0CE025 
 606      F8474822 
 606      03BDFA
 607 17f8 CA146C82 		.ascii	"\312\024l\2020x\005\004\256\011\010\374M\330\232`\223"
 607      30780504 
ARM GAS  /tmp/cc5cRMlV.s 			page 49


 607      AE0908FC 
 607      4DD89A60 
 607      93
 608 1809 297C8D27 		.ascii	")|\215'\305\276\002\315\267\2566\320\353?\372\177k\332"
 608      C5BE02CD 
 608      B7AE36D0 
 608      EB3FFA7F 
 608      6BDA
 609 181b 18BE4608 		.ascii	"\030\276F\010\010\324\207\370\203\233\250Yx\335Z\232"
 609      08D487F8 
 609      839BA859 
 609      78DD5A9A 
 610 182b 87442153 		.ascii	"\207D!S\010\224\350\332\215\033<\302\375C\203\002\214"
 610      0894E8DA 
 610      8D1B3CC2 
 610      FD438302 
 610      8C
 611 183c 20CC5B7D 		.ascii	" \314[}\033\342\275\311JR\323e\235)\330\352\357\005"
 611      1BE2BDC9 
 611      4A52D365 
 611      9D29D8EA 
 611      EF05
 612 184e 63C0C564 		.ascii	"c\300\305d\336\344\037\354\3049\326\240\020\032\333"
 612      DEE41FEC 
 612      C439D6A0 
 612      101ADB
 613 185d F51B4303 		.ascii	"\365\033C\003\3347Y\311\227\321JJjS\220\331\272\221"
 613      DC3759C9 
 613      97D14A4A 
 613      6A5390D9 
 613      BA91
 614 186f 4C030233 		.ascii	"L\003\0023\016\3677\373\330\3351Z\337q$bE\341\036\354"
 614      0EF737FB 
 614      D8DD315A 
 614      DF712462 
 614      45E11EEC 
 615 1883 6FB112DC 		.ascii	"o\261\022\334\203(\006\337F\353\0175\310 Q\315\344\033"
 615      832806DF 
 615      46EB0F35 
 615      C82051CD 
 615      E41B
 616 1895 3C622446 		.ascii	"<b$Fn\245w\335\0026\232\241\026\254\006\345\226\321"
 616      6EA577DD 
 616      02369AA1 
 616      16AC06E5 
 616      96D1
 617 18a7 EA61B35D 		.ascii	"\352a\263]\260\206\270\206\255_o1Y\335\314VZ_\177\255"
 617      B086B886 
 617      AD5F6F31 
 617      59DDCC56 
 617      5A5F7FAD 
 618 18bb 691309CC 		.ascii	"i\023\011\314\"k\2101\000\322{\255\331\337\032\024\006"
 618      226B8831 
 618      00D27BAD 
 618      D9DF1A14 
 618      06
 619 18cc 39EEA9B8 		.ascii	"9\356\251\270\220\260\\\263\325\362\273\260\200o\265"
ARM GAS  /tmp/cc5cRMlV.s 			page 50


 619      90B05CB3 
 619      D5F2BBB0 
 619      806FB5
 620 18db 43BB9544 		.ascii	"C\273\225D\335\203\346]0\020y\031\241\210\255\306\177"
 620      DD83E65D 
 620      30107919 
 620      A188ADC6 
 620      7F
 621 18ec FEF59A7F 		.ascii	"\376\365\232\177\371\362\253\325^\376\301\233\375\267"
 621      F9F2ABD5 
 621      5EFEC19B 
 621      FDB7
 622 18fa 5A208D83 		.ascii	"Z \215\203\241g\376\322>\215!EI\022\373}\376\305\232"
 622      A167FED2 
 622      3E8D2145 
 622      4912FB7D 
 622      FEC59A
 623 190d D56BFC3E 		.ascii	"\325k\374>\207,\366[-\363\015\261\004Y\214\033\002\002"
 623      872CF65B 
 623      2DF30DB1 
 623      04598C1B 
 623      0202
 624 191f 484EB3B6 		.ascii	"HN\263\266\024\024j1\231\211f\240\315\327\241D\024\253"
 624      14146A31 
 624      998966A0 
 624      CDD7A144 
 624      14AB
 625 1931 908DA15C 		.ascii	"\220\215\241\\,\215\207q\345\307\277\372\340\023w\031"
 625      2C8D8771 
 625      E5C7BFFA 
 625      E0137719 
 626 1941 F3A119B5 		.ascii	"\363\241\031\265\332\362%\353_\253]\214\377\0145\240"
 626      DAF225EB 
 626      5FAB5D8C 
 626      FF0C35A0 
 627 1951 9DDE908C 		.ascii	"\235\336\220\214\201\272\0370a\353\203\326\207\201\257"
 627      81BA1F30 
 627      61EB83D6 
 627      8781AF
 628 1960 43C23691 		.ascii	"C\3026\221<T\222r\215Z\316\252\217\377\027[\271\250"
 628      3C549272 
 628      8D5ACEAA 
 628      8FFF175B 
 628      B9A8
 629 1972 55       		.ascii	"U"
 630              		.text
 631              		.section	.gnu.lto_.symtab.aa3f6a3ea55f5699,"",%progbits
 632 0000 63684D73 		.ascii	"chMsgSend\000"
 632      6753656E 
 632      6400
 633 000a 00       		.ascii	"\000"
 634 000b 00       		.ascii	"\000"
 635 000c 00       		.ascii	"\000"
 636 000d 00000000 		.ascii	"\000\000\000\000\000\000\000\000"
 636      00000000 
 637 0015 83010000 		.ascii	"\203\001\000\000"
 638 0019 63684D73 		.ascii	"chMsgWait\000"
ARM GAS  /tmp/cc5cRMlV.s 			page 51


 638      67576169 
 638      7400
 639 0023 00       		.ascii	"\000"
 640 0024 00       		.ascii	"\000"
 641 0025 00       		.ascii	"\000"
 642 0026 00000000 		.ascii	"\000\000\000\000\000\000\000\000"
 642      00000000 
 643 002e 86010000 		.ascii	"\206\001\000\000"
 644 0032 63684D73 		.ascii	"chMsgRelease\000"
 644      6752656C 
 644      65617365 
 644      00
 645 003f 00       		.ascii	"\000"
 646 0040 00       		.ascii	"\000"
 647 0041 00       		.ascii	"\000"
 648 0042 00000000 		.ascii	"\000\000\000\000\000\000\000\000"
 648      00000000 
 649 004a 8B010000 		.ascii	"\213\001\000\000"
 650 004e 636800   		.ascii	"ch\000"
 651 0051 00       		.ascii	"\000"
 652 0052 02       		.ascii	"\002"
 653 0053 00       		.ascii	"\000"
 654 0054 00000000 		.ascii	"\000\000\000\000\000\000\000\000"
 654      00000000 
 655 005c F4010000 		.ascii	"\364\001\000\000"
 656 0060 63685363 		.ascii	"chSchGoSleepS\000"
 656      68476F53 
 656      6C656570 
 656      5300
 657 006e 00       		.ascii	"\000"
 658 006f 02       		.ascii	"\002"
 659 0070 00       		.ascii	"\000"
 660 0071 00000000 		.ascii	"\000\000\000\000\000\000\000\000"
 660      00000000 
 661 0079 8F010000 		.ascii	"\217\001\000\000"
 662 007d 63685363 		.ascii	"chSchReadyI\000"
 662      68526561 
 662      64794900 
 663 0089 00       		.ascii	"\000"
 664 008a 02       		.ascii	"\002"
 665 008b 00       		.ascii	"\000"
 666 008c 00000000 		.ascii	"\000\000\000\000\000\000\000\000"
 666      00000000 
 667 0094 93010000 		.ascii	"\223\001\000\000"
 668 0098 63685363 		.ascii	"chSchWakeupS\000"
 668      6857616B 
 668      65757053 
 668      00
 669 00a5 00       		.ascii	"\000"
 670 00a6 02       		.ascii	"\002"
 671 00a7 00       		.ascii	"\000"
 672 00a8 00000000 		.ascii	"\000\000\000\000\000\000\000\000"
 672      00000000 
 673 00b0 95010000 		.ascii	"\225\001\000\000"
 674              		.text
 675              		.section	.gnu.lto_.opts,"",%progbits
 676 0000 272D666D 		.ascii	"'-fmath-errno' '-fsigned-zeros' '-ftrapping-math' '"
ARM GAS  /tmp/cc5cRMlV.s 			page 52


 676      6174682D 
 676      6572726E 
 676      6F272027 
 676      2D667369 
 677 0033 2D666E6F 		.ascii	"-fno-trapv' '-fno-openmp' '-fno-openacc' '-mcpu=cor"
 677      2D747261 
 677      70762720 
 677      272D666E 
 677      6F2D6F70 
 678 0066 7465782D 		.ascii	"tex-m4' '-mno-thumb-interwork' '-mthumb' '-ggdb' '-"
 678      6D342720 
 678      272D6D6E 
 678      6F2D7468 
 678      756D622D 
 679 0099 4F322720 		.ascii	"O2' '-fomit-frame-pointer' '-falign-functions=16' '"
 679      272D666F 
 679      6D69742D 
 679      6672616D 
 679      652D706F 
 680 00cc 2D666675 		.ascii	"-ffunction-sections' '-fdata-sections' '-fno-common"
 680      6E637469 
 680      6F6E2D73 
 680      65637469 
 680      6F6E7327 
 681 00ff 2720272D 		.ascii	"' '-flto'\000"
 681      666C746F 
 681      2700
 682              		.text
 683              		.comm	__gnu_lto_v1,1,1
 684              		.comm	__gnu_lto_slim,1,1
 685              		.ident	"GCC: (15:6.3.1+svn253039-1build1) 6.3.1 20170620"
ARM GAS  /tmp/cc5cRMlV.s 			page 53


DEFINED SYMBOLS
                            *ABS*:0000000000000000 chmsg.c
                            *COM*:0000000000000001 __gnu_lto_v1
                            *COM*:0000000000000001 __gnu_lto_slim

NO UNDEFINED SYMBOLS
