ARM GAS  /tmp/ccojJIlA.s 			page 1


   1              		.cpu cortex-m4
   2              		.eabi_attribute 20, 1
   3              		.eabi_attribute 21, 1
   4              		.eabi_attribute 23, 3
   5              		.eabi_attribute 24, 1
   6              		.eabi_attribute 25, 1
   7              		.eabi_attribute 26, 1
   8              		.eabi_attribute 30, 2
   9              		.eabi_attribute 34, 1
  10              		.eabi_attribute 18, 4
  11              		.file	"crt1.c"
  12              		.text
  13              	.Ltext0:
  14              		.section	.gnu.lto_.profile.8297ef32d9216c15,"",%progbits
  15 0000 789C6365 		.ascii	"x\234ce`b`a```d\220\024\005\000\000\307\000;"
  15      60626061 
  15      60606064 
  15      90140500 
  15      00C7003B 
  16              		.text
  17              		.section	.gnu.lto_.icf.8297ef32d9216c15,"",%progbits
  18 0000 789C6365 		.ascii	"x\234ce`bPc@\0006\206\336\326'\267\271\030\301$\023"
  18      60625063 
  18      40003686 
  18      DED627B7 
  18      B918C124 
  19 0015 98645EDF 		.ascii	"\230d^\337\262\367;\013\313\234I\377>\263\263^\374\266"
  19      B2F73B0B 
  19      CB9C49FF 
  19      3EB3B35E 
  19      FCB6
  20 0027 B1878F01 		.ascii	"\261\207\217\001\000Z\350\021\367"
  20      005AE811 
  20      F7
  21              		.text
  22              		.section	.gnu.lto_.jmpfuncs.8297ef32d9216c15,"",%progbits
  23 0000 789C6365 		.ascii	"x\234ce`b\020d@\000V fd\000\0122030\260\0009\000\003"
  23      60621064 
  23      40005620 
  23      6664000A 
  23      32303330 
  24 0019 8C0028   		.ascii	"\214\000("
  25              		.text
  26              		.section	.gnu.lto_.inline.8297ef32d9216c15,"",%progbits
  27 0000 789C6365 		.ascii	"x\234ce`b\210g@\000V\006\006f&F\240 \003\003\333\002"
  27      60628867 
  27      40005606 
  27      06662646 
  27      A0200303 
  28 0016 7910C5C0 		.ascii	"y\020\305\300\210!\302\204!\302\014\344ADX\300$\220"
  28      8821C284 
  28      21C20CE4 
  28      414458C0 
  28      2490
  29 0028 1259C901 		.ascii	"\022Y\311\001\024Q\332\364\274\221\021\256\214\001\000"
  29      1451DAF4 
  29      BC9111AE 
ARM GAS  /tmp/ccojJIlA.s 			page 2


  29      8C0100
  30 0037 015E06BA 		.ascii	"\001^\006\272"
  31              		.text
  32              		.section	.gnu.lto_.pureconst.8297ef32d9216c15,"",%progbits
  33 0000 789C6365 		.ascii	"x\234ce`b\340f```e\220`\224`\222`6a\221\002\000\004"
  33      6062E066 
  33      60606065 
  33      90609460 
  33      92603661 
  34 0018 4600B8   		.ascii	"F\000\270"
  35              		.text
  36              		.section	.gnu.lto___core_init.8297ef32d9216c15,"",%progbits
  37 0000 789C6365 		.ascii	"x\234ce`b\250d``0\001bi fdf`d\232p\216\201\241\221\203"
  37      6062A864 
  37      60603001 
  37      62692066 
  37      64666064 
  38 001b 899111C4 		.ascii	"\211\221\021\304h\340`d\250gb\254g\354g\236\316\314"
  38      68E06064 
  38      A86762AC 
  38      67EC679E 
  38      CECC
  39 002d 78A8FDD9 		.ascii	"x\250\375\331N&\315\345\015@p`\372&\256\266\206V\211"
  39      4E26CDE5 
  39      0D407060 
  39      FA26AEB6 
  39      865689
  40 0040 F9CC0C0C 		.ascii	"\371\314\014\0143\201\030\004\030\2273j2\000\225=\332"
  40      33811804 
  40      1897336A 
  40      3200953D 
  40      DA
  41 0051 F86F2A2F 		.ascii	"\370o*/\033\013D\234q\005#\033#\220^\177\211\361@\303"
  41      1B0B449C 
  41      7105231B 
  41      23905E7F 
  41      89F140C3 
  42 0065 BFFFED0D 		.ascii	"\277\377\355\015\007\216,f\334\357\305\304\300\320\005"
  42      078E2C66 
  42      DCEFC5C4 
  42      C0D005
  43 0074 9406D9D1 		.ascii	"\224\006\331\321\315\314\004\242\231\33726)\200T\203"
  43      CDCC04A2 
  43      99DF3236 
  43      29805483 
  44 0084 CDEA6266 		.ascii	"\315\352bf\004\011\002\225\031\351\351\351\353\347\027"
  44      04090295 
  44      19E9E9E9 
  44      EBE717
  45 0093 EB27E7E7 		.ascii	"\353'\347\347\346\346\347\351\027\227$\026\225\224\026"
  45      E6E6E7E9 
  45      17972416 
  45      959416
  46 00a2 E83B06F9 		.ascii	"\350;\006\371:\373V\200D\0132sR\213\212\365\335\235"
  46      3AFB5680 
  46      440B3273 
  46      528B8AF5 
ARM GAS  /tmp/ccojJIlA.s 			page 3


  46      DD9D
  47 00b4 9DF5938B 		.ascii	"\235\365\223\213J\014\365\222\031\000,\3029\222"
  47      4A0CF592 
  47      19002CC2 
  47      3992
  48              		.text
  49              		.section	.gnu.lto___early_init.8297ef32d9216c15,"",%progbits
  50 0000 789C6365 		.ascii	"x\234ce`b(g``0\001bi fdf`d\232p\216\201\241\221\203"
  50      60622867 
  50      60603001 
  50      62692066 
  50      64666064 
  51 001b 899111C4 		.ascii	"\211\221\021\304h\340`d\250gb\254g\354g\236\316\314"
  51      68E06064 
  51      A86762AC 
  51      67EC679E 
  51      CECC
  52 002d 78A8FDD9 		.ascii	"x\250\375\331N&\315\345\015@p`\372\017\256\266\206V"
  52      4E26CDE5 
  52      0D407060 
  52      FA0FAEB6 
  52      8656
  53 003f 89F9CC0C 		.ascii	"\211\371\314\014\0143\201\030\004\030\2273j2\000\225"
  53      0C338118 
  53      04189733 
  53      6A320095 
  54 004f 3DDAF86F 		.ascii	"=\332\370o*/\033\013D\234q\005#\033#\220^\177\211\361"
  54      2A2F1B0B 
  54      449C7105 
  54      231B2390 
  54      5E7F89F1 
  55 0063 40C3BFFF 		.ascii	"@\303\277\377\355\015\007\316(3310t\001%A6t\0039@\232"
  55      ED0D07CE 
  55      28333331 
  55      30740125 
  55      41367403 
  56 007a F92D6393 		.ascii	"\371-c\223\002H-\330\244.fF\220 P\231\221\236\236\276"
  56      02482DD8 
  56      A42E6646 
  56      90205099 
  56      919E9EBE 
  57 008e 7E7EB17E 		.ascii	"~~\261~r~nn~\236~qIbQIi\201\276c\220\257\263o\005H\264"
  57      727E6E6E 
  57      7E9E7E71 
  57      49625149 
  57      6981BE63 
  58 00a9 203327B5 		.ascii	" 3'\265\250X\337\335\331Y?\271\250\304P/\231\001\000"
  58      A858DFDD 
  58      D9593FB9 
  58      A8C4502F 
  58      990100
  59 00bc 883E3857 		.ascii	"\210>8W"
  60              		.text
  61              		.section	.gnu.lto___late_init.8297ef32d9216c15,"",%progbits
  62 0000 789C6365 		.ascii	"x\234ce`b(g``0\001bi fdf`d\232p\216\201\241\221\203"
  62      60622867 
  62      60603001 
ARM GAS  /tmp/ccojJIlA.s 			page 4


  62      62692066 
  62      64666064 
  63 001b 899111C4 		.ascii	"\211\221\021\304h\340`d\250gb\254g\354g\236\316\314"
  63      68E06064 
  63      A86762AC 
  63      67EC679E 
  63      CECC
  64 002d 78A8FDD9 		.ascii	"x\250\375\331N&\315\345\015@p`\372\026\356\266\206V"
  64      4E26CDE5 
  64      0D407060 
  64      FA16EEB6 
  64      8656
  65 003f 89F9CC0C 		.ascii	"\211\371\314\014\0143\201\030\004\030\2273j2\000\225"
  65      0C338118 
  65      04189733 
  65      6A320095 
  66 004f 3DDAF86F 		.ascii	"=\332\370o*/\033\013D\234q\005#\033#\220^\177\211\361"
  66      2A2F1B0B 
  66      449C7105 
  66      231B2390 
  66      5E7F89F1 
  67 0063 40C3BFFF 		.ascii	"@\303\277\377\355\015\007\216(3310t\001%A6t\0039@\232"
  67      ED0D078E 
  67      28333331 
  67      30740125 
  67      41367403 
  68 007a F92D6393 		.ascii	"\371-c\223\002H-\330\244.fF\220 P\231\221\236\236\276"
  68      02482DD8 
  68      A42E6646 
  68      90205099 
  68      919E9EBE 
  69 008e 7E7EB17E 		.ascii	"~~\261~r~nn~\236~qIbQIi\201\276c\220\257\263o\005H\264"
  69      727E6E6E 
  69      7E9E7E71 
  69      49625149 
  69      6981BE63 
  70 00a9 203327B5 		.ascii	" 3'\265\250X\337\335\331Y?\271\250\304P/\231\001\000"
  70      A858DFDD 
  70      D9593FB9 
  70      A8C4502F 
  70      990100
  71 00bc 5D32380C 		.ascii	"]28\014"
  72              		.text
  73              		.section	.gnu.lto___default_exit.8297ef32d9216c15,"",%progbits
  74 0000 789C6365 		.ascii	"x\234ce`b(c``0\001bS fde`d\232p\216\201\241\221\203"
  74      60622863 
  74      60603001 
  74      62532066 
  74      64656064 
  75 001b 899119C4 		.ascii	"\211\221\031\304`dfd\201\010\260@\004\034\031\031\352"
  75      60646664 
  75      8108B040 
  75      041C1919 
  75      EA
  76 002c 99985918 		.ascii	"\231\230Y\030\201\004\003\004\3643Ogf<\324\376l'\223"
  76      81040304 
  76      F4334F67 
ARM GAS  /tmp/ccojJIlA.s 			page 5


  76      663CD4FE 
  76      6C2793
  77 003f E6F20620 		.ascii	"\346\362\006 80\375\036w[C\253\304|\240\202\231PE\214"
  77      3830FD1E 
  77      775B43AB 
  77      C47CA082 
  77      9950458C 
  78 0053 CB193519 		.ascii	"\313\0315\031\200\312\036m\3747\225\227\215\005\"\316"
  78      80CA1E6D 
  78      FC379597 
  78      8D0522CE 
  79 0063 B882918D 		.ascii	"\270\202\221\215\021H\257\277\304x\240\341\337\377\366"
  79      1148AFBF 
  79      C478A0E1 
  79      DFFFF6
  80 0072 86037716 		.ascii	"\206\003w\0263\376\364\006\012u\001\245\031\201$\023"
  80      33FEF406 
  80      0A7501A5 
  80      19812413 
  81 0082 D0FE2E66 		.ascii	"\320\376.ff\006\240\305\214]\314,P\232\021l\244\221"
  81      6606A0C5 
  81      8C5DCC2C 
  81      509A116C 
  81      A491
  82 0094 9E9EBE7E 		.ascii	"\236\236\276~~\261~r~nn~\236~qIbQIi\201\276c\220\257"
  82      7EB17E72 
  82      7E6E6E7E 
  82      9E7E7149 
  82      62514969 
  83 00ad B36F0548 		.ascii	"\263o\005H\264 3'\265\250X\337\335\331Y?\271\250\304"
  83      B4203327 
  83      B5A858DF 
  83      DDD9593F 
  83      B9A8C4
  84 00c0 502F9901 		.ascii	"P/\231\001\000,\034:\312"
  84      002C1C3A 
  84      CA
  85              		.text
  86              		.section	.gnu.lto___init_ram_areas.8297ef32d9216c15,"",%progbits
  87 0000 789C9554 		.ascii	"x\234\225T\335o\223e\024?\347}\336\257\366\355\332\222"
  87      DD6F9365 
  87      143FE77D 
  87      DEAFF6ED 
  87      DA92
  88 0012 D5C41842 		.ascii	"\325\304\030Bv\263\013n\326\314\304\004\215^\220]\350"
  88      76B30B6E 
  88      D6CCC404 
  88      8D5E905D 
  88      E8
  89 0023 0D37FE05 		.ascii	"\0157\376\005\222\351\205Q\\\263\215\304+\373n+\240"
  89      92E98551 
  89      5CB38DC4 
  89      2BFB6E2B 
  89      A0
  90 0034 9BE14314 		.ascii	"\233\341C\024Fi\355\"10&\353\300\257Q\034tc8\266\300"
  90      4669ED22 
  90      313026EB 
ARM GAS  /tmp/ccojJIlA.s 			page 6


  90      C0AF511C 
  90      746338B6 
  91 0049 9426DE18 		.ascii	"\224&\336\030\364\002\304\272\021\223\231n\032\032\035"
  91      F402C4BA 
  91      1193996E 
  91      1A1A1D
  92 0058 9E739E2E 		.ascii	"\236s\236.\224\315\317&}\237\257s~\347w~\347y\216\005"
  92      94CDCF26 
  92      7D9FAF73 
  92      7EE7777E 
  92      E7798E05 
  93 006c 06BC6B03 		.ascii	"\006\274k\003<\003\000\037\322\037C\200\306\301y\200"
  93      3C03001F 
  93      D21F4380 
  93      C6C17980 
  94 007c 1ED740A5 		.ascii	"\036\327@\245'\012-=1\365d\322\265\014\363\355\031\000"
  94      270A2D3D 
  94      31F564D2 
  94      B50CF3ED 
  94      1900
  95 008e 3F68A71C 		.ascii	"?h\247\034\360C6\272\274\217\216\036']\327p\364y@\316"
  95      F04336BA 
  95      BC8F8E1E 
  95      275DD770 
  95      F47940CE 
  96 00a2 0386373A 		.ascii	"\003\2067:\315\313\340\255\000-=\015\274=\210\310\243"
  96      CDCBE0AD 
  96      002D3D0D 
  96      BC3D88C8 
  96      A3
  97 00b3 EF22240D 		.ascii	"\357\"$\015eZ\266\343\006\274 &M\005X4\011\215?\304"
  97      655AB6E3 
  97      06BC2026 
  97      4D055834 
  97      098D3FC4 
  98 00c7 092CD03F 		.ascii	"\011,\320?\2676\036PG\025N\355\373\361\274\261\365\244"
  98      B7361E50 
  98      47154EED 
  98      FBF1BCB1 
  98      F5A4
  99 00d9 4FBFE2D1 		.ascii	"O\277\342\321w\302{\375=\217\346\024\3001\245m\360$"
  99      77C27BFD 
  99      3D8FE614 
  99      C031A56D 
  99      F024
 100 00eb 6E0532BB 		.ascii	"n\0052\273\221\032\313\250\375*\247\020MZ\376r=};\314"
 100      911ACBA8 
 100      FD2AA710 
 100      4D5AFE72 
 100      3D7D3BCC 
 101 00ff 4B039B68 		.ascii	"K\003\233h\231\312\235\312\233\352\011d\313\323\367"
 101      99CA9DCA 
 101      9BEA0964 
 101      CBD3F7
 102 010e 6EF4ABE6 		.ascii	"n\364\253\346\023\276\337\353\027\277\037\217\035\356"
 102      13BEDFEB 
 102      17BF1F8F 
ARM GAS  /tmp/ccojJIlA.s 			page 7


 102      1DEE
 103 011c F3AFFA66 		.ascii	"\363\257\372fN\321\001*B\305a\334\214\247p\263\240\223"
 103      4ED1012A 
 103      42C561DC 
 103      8CA770B3 
 103      A093
 104 012e F9ADB3AB 		.ascii	"\371\255\263\253\3575\330&\216`\263\016\212\037\241"
 104      EF35D826 
 104      8E60B30E 
 104      8A1FA1
 105 013d 8D008A77 		.ascii	"\215\000\212w\350|\372\316\357%O=)\320=#\3073\241\032"
 105      E87CFACE 
 105      EF254F3D 
 105      29D03D23 
 105      C733A11A 
 106 0151 F4AFE35B 		.ascii	"\364\257\343[\016\325\240M<\263\021\032G\305\375Z\361"
 106      0ED5A04D 
 106      3CB3111A 
 106      47C5FD5A 
 106      F1
 107 0162 AD7C503D 		.ascii	"\255|P=-\356\253\245\205%\253\346^\335v\314/\246\232"
 107      2DEEABA5 
 107      8525ABE6 
 107      5EDD76CC 
 107      2FA69A
 108 0175 D839FF17 		.ascii	"\3309\377\027\316c\330\234/a\321_\275\277\317/\316o"
 108      CE63D89C 
 108      2F61D15F 
 108      BDBFCF2F 
 108      CE6F
 109 0187 9B58BED9 		.ascii	"\233X\276\331\370\010\002S2\004Y\211\211)_W\276A\331"
 109      F8080253 
 109      32045989 
 109      89295F57 
 109      BE41D9
 110 019a F7641E02 		.ascii	"\367d\036\002\302m\240\217\025\221uT\3166\361n\243l"
 110      C26DA08F 
 110      15917554 
 110      CE36F16E 
 110      A36C
 111 01ac C4040AA0 		.ascii	"\304\004\012\240\237\022^\002\030P\006\015\352\016\366"
 111      9F125E02 
 111      1850060D 
 111      EA0EF6
 112 01bb 0EE5334F 		.ascii	"\016\3453O\211\000:\371#{\246\276rXf[\022\350\253^\252"
 112      89003AF9 
 112      237BA6BE 
 112      7258665B 
 112      12E8AB5E 
 113 01d0 84937FF8 		.ascii	"\204\223\177\370T!\373\204\322\372\315\246G^\311a\266"
 113      5421FB84 
 113      D2FACDA6 
 113      475EC961 
 113      B6
 114 01e1 279A530E 		.ascii	"'\232S\016\236\303$\236\345\034\350\340\376\342\271"
 114      9EC3249E 
 114      E51CE8E0 
ARM GAS  /tmp/ccojJIlA.s 			page 8


 114      FEE2B9
 115 01f0 D100190F 		.ascii	"\321\000\031\017\372\376\320\007\006C|\2149\022\026"
 115      FAFED007 
 115      06437C8C 
 115      391216
 116 01ff 3FC12470 		.ascii	"?\301$pL\005)\207b\032\302%\253\020\026\260\267\260"
 116      4C052987 
 116      621AC225 
 116      AB1016B0 
 116      B7B0
 117 0211 B0BFECD4 		.ascii	"\260\277\354\324U\205h3_)\012\271~\212vV\005\353\211"
 117      55856833 
 117      5F290AB9 
 117      7E8A7656 
 117      05EB89
 118 0224 2921F6DB 		.ascii	")!\366\333\314\334\233!fA\267h\350\"R\242.\001\342g"
 118      CCDC9B21 
 118      6641B768 
 118      E82252A2 
 118      2E01E267 
 119 0238 352AEF0F 		.ascii	"5*\357\017\216W\302\3613\376A\337'\305\003\3709\021"
 119      8E57C2F1 
 119      33FE41DF 
 119      27C503F8 
 119      3911
 120 024a 19940B86 		.ascii	"\031\224\013\206\343\030\007\316\373\015\306\346p\204"
 120      E31807CE 
 120      FB0DC6E6 
 120      7084
 121 0258 2F44860F 		.ascii	"/D\206\0178:\234\267\036\277\360\257\370\347\005\037"
 121      383A9CB7 
 121      1EBFF0AF 
 121      F8E7051F 
 122 0268 19BFF010 		.ascii	"\031\277\360\020\376\030\343{\000+\210ur\262B\371\314"
 122      FE18E37B 
 122      002B8875 
 122      72B242F9 
 122      CC
 123 0279 736BA2E2 		.ascii	"sk\242\342\005L\032\245pV\305\274\302\335I$\245L\240"
 123      054C1AA5 
 123      7056C5BC 
 123      C2DD4924 
 123      A54CA0
 124 028c 67A88855 		.ascii	"g\250\210U\265\177\242\222\320\264\032\352U07\250@<"
 124      B57FA292 
 124      D0B41AEA 
 124      553037A8 
 124      403C
 125 029e 82597A1D 		.ascii	"\202Yz\035_0E\234`\345\311\377\310\354c\354\275>\243"
 125      5F30459C 
 125      60E5C9FF 
 125      C8EC63EC 
 125      BD3EA3
 126 02b1 2D62AC6A 		.ascii	"-b\254j\306\027\311\230\360\311\276/\263\367z\345\005"
 126      C617C998 
 126      F0C9BE2F 
 126      B3F77AE5 
ARM GAS  /tmp/ccojJIlA.s 			page 9


 126      05
 127 02c2 1D2FC206 		.ascii	"\035/\302\006|?)\233\246\007\311D\264\331w\225\027\265"
 127      7C3F299B 
 127      A607C944 
 127      B4D97795 
 127      17B5
 128 02d4 5994833E 		.ascii	"Y\224\203>d&\232F\245\342\026P\243\320%\027g\0052\027"
 128      64269A46 
 128      A5E21650 
 128      A3D02517 
 128      67053217 
 129 02e8 0B43973F 		.ascii	"\013C\227?]\016j\240\320\306\204\376Q\363K\242\271\301"
 129      5D0E6AA0 
 129      D0C684FE 
 129      51F34BA2 
 129      B9C1
 130 02fa FA1549F3 		.ascii	"\372\025I\363\03705\177\371&j,Ep\\\355\0254\250\274"
 130      1F30357F 
 130      F9266A2C 
 130      45705CED 
 130      1534A8BC 
 131 030e EADBDBF7 		.ascii	"\352\333\333\367(\301\250Y(\317\342\012\322\241\247"
 131      28C1A859 
 131      28CFE20A 
 131      D2A1A7
 132 031d AAB21531 		.ascii	"\252\262\0251\323e\021\334\346\253I\346\024\221H\323"
 132      D36511DC 
 132      E6AB49E6 
 132      149148D3 
 133 032d 86B35681 		.ascii	"\206\263V\201\345\237N\317\330\177\257\241Y\323p\222"
 133      E59F4ECF 
 133      D87FAFA1 
 133      59D37092 
 134 033d D8D41728 		.ascii	"\330\324\027(H\217w\212ND\254\211\225\232\246\215\354"
 134      488F778A 
 134      4E44AC89 
 134      959AA68D 
 134      EC
 135 034e B051D346 		.ascii	"\260Q\323F\021\313e\261\360\201X\246\026hxM\240M\377"
 135      11CB65B1 
 135      F08158A6 
 135      1668784D 
 135      A04DFF
 136 0361 53A0CB22 		.ascii	"S\240\313\"\220\\\260\351\365\002\231\004\247\005\242"
 136      905CB0E9 
 136      F5029904 
 136      A705A2
 137 0370 996B0371 		.ascii	"\231k\003qp\252\213\"E\200\245\020\332\337\354\326\306"
 137      70AA8B22 
 137      4580A510 
 137      DADFECD6 
 137      C6
 138 0381 318A42F8 		.ascii	"1\212B\370\245\245kYOw\344(^\251OB\236sLGX-\330\374"
 138      A5A56B59 
 138      4F77E428 
 138      5EA94F42 
 138      9E734C47 
ARM GAS  /tmp/ccojJIlA.s 			page 10


 139 0399 76694D2E 		.ascii	"viM.\351\013\313s\026\273x\350\376\227v2S\327N\016\315"
 139      E90BCB73 
 139      16BB78E8 
 139      FE977632 
 139      53D74E0E 
 140 03ae 1D5FB45A 		.ascii	"\035_\264Z\363\234\316\320\"R\256x\225\022\302/u\307"
 140      F39CCED0 
 140      2252AE78 
 140      9512C22F 
 140      75C7
 141 03c0 248381BB 		.ascii	"$\203\201\273\013_G\326\372\015rg\230\305VJvN\332\015"
 141      0B5F47D6 
 141      FA0D7267 
 141      98C5564A 
 141      764EDA0D 
 142 03d4 F73A0F0E 		.ascii	"\367:\017\016\3338@\357\233z\335\317\364&\313Y\324}"
 142      DB3840EF 
 142      9B7ADDCF 
 142      F426CB59 
 142      D47D
 143 03e6 454E91B6 		.ascii	"EN\221\266\351\372<\336\322\022\217wt\305\333;v\355"
 143      E9FA3CDE 
 143      D2128F77 
 143      74C5DB3B 
 143      76ED
 144 03f8 EA782DDE 		.ascii	"\352x-\336\325\275\263\263{w\"\276\375\371\035m;^\347"
 144      D5BDB3B3 
 144      7B7722BE 
 144      FDF91D6D 
 144      3B5EE7
 145 040b DDC4CBAF 		.ascii	"\335\304\313\257\276\324\331\025\177\266\255-\336\336"
 145      BED4D915 
 145      7FB6AD2D 
 145      DEDE
 146 0419 D9DDDAD2 		.ascii	"\331\335\332\322\016\252sg\302\350N`\342O?\327-\321"
 146      0EAA7367 
 146      C2E84E60 
 146      E24F3FD7 
 146      2DD1
 147              		.text
 148              		.section	.gnu.lto_ram_areas.8297ef32d9216c15,"",%progbits
 149 0000 789C75D1 		.ascii	"x\234u\321\311K[Q\024\006\360{\3365F\255u\036\252\215"
 149      C94B5B51 
 149      1406F07B 
 149      DE3546AD 
 149      751EAA8D 
 150 0014 F53FC8C3 		.ascii	"\365?\310\303\340\"\313J\026\342\302\215\377A\011.\012"
 150      E022CB4A 
 150      16E2C28D 
 150      FF41092E 
 150      0A
 151 0025 DA489242 		.ascii	"\332H\222B\351&o\241 \212n\025\024\022P\260\255S\034"
 151      E9266FA1 
 151      208A6E15 
 151      141250B0 
 151      AD531C
 152 0038 6B629D52 		.ascii	"kb\235R\343\320\331\326\256\272\351B\024\304U\253\010"
ARM GAS  /tmp/ccojJIlA.s 			page 11


 152      E3D0D9D6 
 152      AEBAE942 
 152      14C455AB 
 152      08
 153 0049 0EC49B7C 		.ascii	"\016\304\233|o!/\234\267x\037\234s\371\370q\257Mh\242"
 153      6F212F9C 
 153      B7781F9C 
 153      73F9F871 
 153      AF4D68A2 
 154 005d C52644A3 		.ascii	"\305&D\243\3007$)\026;\373c\017\335\032\275\206\361"
 154      C0372429 
 154      163BFB63 
 154      0FDD1ABD 
 154      86F1
 155 006f B7FF54BE 		.ascii	"\267\377T\276\016K1&\263V\221c-\263\240\354\005e\026"
 155      0E4B3126 
 155      B3569163 
 155      2DB3A0EC 
 155      056516
 156 0082 5AD6A22C 		.ascii	"Z\326\242,3\227\231\371\305\361\321F\236{\331\350\215"
 156      339799F9 
 156      C5F1D146 
 156      9E7BD9E8 
 156      8D
 157 0093 184FC392 		.ascii	"\030O\303\222\206\245\240w\024\032\226Do\323\241\321"
 157      86A5A077 
 157      141A9644 
 157      6FD3A1D1 
 158 00a3 9B74489A 		.ascii	"\233tH\232\240P\372\370y_\317\245\034\224a\265\260["
 158      A050FAF8 
 158      795FCFA5 
 158      1C9461B5 
 158      B05B
 159 00b5 5A538310 		.ascii	"ZS\203\020\346pB\033'\314e\204vN\030\205p\026\302\031"
 159      E670421B 
 159      27CC6584 
 159      764E1885 
 159      7016C219 
 160 00c9 08A7213C 		.ascii	"\010\247!<\272\236\216\027A\230ki\375o\012\3638a>',"
 160      BA9E8E17 
 160      41986B69 
 160      FD6F0AF3 
 160      38613E27 
 161 00de 60840F38 		.ascii	"`\204\0178\3412\204K\020.B\270\000\341\376x\374\246"
 161      E132844B 
 161      102E42B8 
 161      00E1FE78 
 161      FCA6
 162 00f0 10429BA5 		.ascii	"\020B\233\245\365\304\024\026r\302\207\234\260\210\021"
 162      F5C41416 
 162      72C2879C 
 162      B08811
 163 00ff 1673C20F 		.ascii	"\026s\302\017\020\256B\030\2070\006\341Awt\324|\345"
 163      10AE4218 
 163      873006E1 
 163      417774D4 
 163      7CE5
ARM GAS  /tmp/ccojJIlA.s 			page 12


 164 0111 1C4BEBAA 		.ascii	"\034K\353\252),\341\204\245\234\260\214\021\226s\302"
 164      292CE184 
 164      A59CB08C 
 164      119673C2 
 165 0121 04845B10 		.ascii	"\004\204[\020nB\270\001a\342_t\302\274Cii\2355\205\025"
 165      6E42B801 
 165      61E25F74 
 165      C2BC4369 
 165      699D3585 
 166 0136 9CB09213 		.ascii	"\234\260\222\023V1\302jN\270\007\341.\204;\020&!L\246"
 166      5631C26A 
 166      4EB807E1 
 166      2E843B10 
 166      26214CA6 
 167 014a 2E378B21 		.ascii	".7\213!\324,\255c\246\360\021'\254\341\204\265\214\360"
 167      D42CAD63 
 167      A6F01127 
 167      ACE184B5 
 167      8CF0
 168 015c 3127FC06 		.ascii	"1'\374\006\341W\010\277@\370\031\302\3735\327\003 9"
 168      E15708BF 
 168      40F819C2 
 168      FB35D703 
 168      2039
 169 016e 38521D47 		.ascii	"8R\035Gz\302\220\3529\322/\220~\202t\000\322\017\220"
 169      7AC290EA 
 169      39D22F90 
 169      7E827400 
 169      D20F90
 170 0181 BA479257 		.ascii	"\272G\222Wv\0347\324\325Ijp\320!\271\311\345\240\357"
 170      761C37D4 
 170      D5496A70 
 170      D021B9C9 
 170      E5A0EF
 171 0194 2A3E9183 		.ascii	"*>\221\203\366Un\253\374\250r]\345\232\312\025\225\357"
 171      F6556EAB 
 171      FCA8725D 
 171      E59ACA15 
 171      95EF
 172 01a6 55CEAB9C 		.ascii	"U\316\253\234S9\245r\222\334\202~\253\237\313\351\324"
 172      5339A572 
 172      92DC827E 
 172      AB9FCBE9 
 172      D4
 173 01b7 755F40F7 		.ascii	"u_@\367\372:;}/\364@\360\231?\370\262Kojk\365\264\276"
 173      FA3A3B7D 
 173      2FF440F0 
 173      993FF8B2 
 173      4B6F6A6B 
 174 01ce 4A4FBB9E 		.ascii	"JO\273\236w\264\373\003z\263\307\243{\375\301\006\247"
 174      77B4FB03 
 174      7AB3C7A3 
 174      7BFDC106 
 174      A7
 175 01df 57DC0156 		.ascii	"W\334\001V\270\013\035"
 175      B80B1D
 176              		.text
ARM GAS  /tmp/ccojJIlA.s 			page 13


 177              		.section	.gnu.lto_.symbol_nodes.8297ef32d9216c15,"",%progbits
 178 0000 789C55CD 		.ascii	"x\234U\315YR\302P\030D\341\377$\2718\2038 \010hp'.\206"
 178      5952C250 
 178      1844E1FF 
 178      24B93883 
 178      38200868 
 179 0018 75DC9403 		.ascii	"u\334\224\003\010\016D\005'T\024\034\366\340\"\\\223"
 179      080E4405 
 179      2754141C 
 179      F6E0225C 
 179      93
 180 0029 A15FAC3C 		.ascii	"\241_\254<}U\247\272\252\235\005\326\306\314\202c\274"
 180      7D55A7BA 
 180      AA9D05D6 
 180      C6CC8263 
 180      BC
 181 003a 59FA6B96 		.ascii	"Y\372k\226\361\223\034f\345\004O\276\234\342\203|\351"
 181      F1931C66 
 181      E5044FBE 
 181      9CE2837C 
 181      E9
 182 004b E0C3FFD2 		.ascii	"\340\303\377\322\312J\027\037\3456\356\010K\016\314"
 182      CA4A171F 
 182      E536EE08 
 182      4B0ECC
 183 005a 42770671 		.ascii	"Bw\006qv\345z\004\262O(\317\211\344\005N^R\220W,\310"
 183      76E57A04 
 183      B24F28CF 
 183      89E4054E 
 183      5E529057 
 184 0070 018B3265 		.ascii	"\001\2132eI^\263,oX\221\267\254\312!krDQ\336Q\222\367"
 184      495EB32C 
 184      6F5891B7 
 184      ACCA216B 
 184      724451DE 
 185 0087 ACCB07CA 		.ascii	"\254\313\007\312\362\221\015\371\304\246\034\263%\237"
 185      F2910DF9 
 185      C4A61CB3 
 185      259F
 186 0095 D9962F54 		.ascii	"\331\226/T\344+;rBU\276Q\223\357\354\312)u9\243!?h\312"
 186      E42B3B72 
 186      4255BE51 
 186      93EFECCA 
 186      297539A3 
 187 00ad 4FF6E417 		.ascii	"O\366\344\027\373\362\233x\256\375\001\343\2141 "
 187      FBF29B78 
 187      AEFD01E3 
 187      8C3120
 188              		.text
 189              		.section	.gnu.lto_.refs.8297ef32d9216c15,"",%progbits
 190 0000 789C05C1 		.ascii	"x\234\005\301\007\022\202@\020\000\260\235\014\207 "
 190      07128240 
 190      1000B09D 
 190      0C8720
 191 000f 168A8A58 		.ascii	"\026\212\212XNl\257\341\377\377!I!\226\210PH\244<'\245"
 191      4E6CAFE1 
 191      FFFF2149 
ARM GAS  /tmp/ccojJIlA.s 			page 14


 191      21968850 
 191      48A43C27 
 192 0024 8D4A6DAB 		.ascii	"\215Jm\253\261\263wp\324\352\364\006'g\027\243\253\311"
 192      B1B37770 
 192      D4EAF406 
 192      276717A3 
 192      ABC9
 193 0036 CDDDC353 		.ascii	"\315\335\303S\3662{\373\370\372\371\307\012}f\003\234"
 193      F6327BFB 
 193      F8FAF9C7 
 193      0A7D6603 
 193      9C
 194              		.text
 195              		.section	.gnu.lto_.decls.8297ef32d9216c15,"",%progbits
 196 0000 789C8596 		.ascii	"x\234\205\226iLTY\026\307\337\255[lE\011\016\330\323"
 196      694C5459 
 196      16C7DFAD 
 196      5B6C4509 
 196      0ED8D3
 197 0013 4ED4B4ED 		.ascii	"N\324\264\355\320-I\247\251\001\267\371\350\304d\272"
 197      D02D49A7 
 197      A901B7F9 
 197      E8C464BA 
 198 0023 BFF4F464 		.ascii	"\277\364\364d2\323\237&\251\320\310\214d\020\014\024"
 198      32D39F26 
 198      A9D0C88C 
 198      64100C14 
 199 0033 513399E4 		.ascii	"Q3\231\344\261\013\012\202\"\233\264\262(\015\270\322"
 199      B10B0A82 
 199      229BB4B2 
 199      280DB8D2 
 200 0043 0A0A0816 		.ascii	"\012\012\010\026\242\250\210\262\310\242\"\213 \270"
 200      A2A888B2 
 200      C8A2228B 
 200      20B8
 201 0051 B0C92282 		.ascii	"\260\311\"\202(\314\271\347\276\242\226[\314\274\324"
 201      28CCB9E7 
 201      BEA2965B 
 201      CCBCD4
 202 0060 BFEADDFB 		.ascii	"\277\352\335\373\316\371\235s\317=\357\246\034$\225"
 202      CEF99D73 
 202      CF3DEFA6 
 202      1C2495
 203 006f F49F9592 		.ascii	"\364\237\225\222\264\235JR\214J\222\026\341r\222$\351"
 203      B49D4A52 
 203      8C4A9216 
 203      E1729224 
 203      E9
 204 0080 9C64BE1C 		.ascii	"\234d\276\034@\027A\227@\345\240*P5\350s\3203\320\000"
 204      40174197 
 204      40E5A02A 
 204      5035E873 
 204      D033D000 
 205 0094 6810F402 		.ascii	"h\020\364\002\364\0124\014\032\005\215\203&@S\240\267"
 205      F40A340C 
 205      1A058D83 
 205      264053A0 
ARM GAS  /tmp/ccojJIlA.s 			page 15


 205      B7
 206 00a5 A077A039 		.ascii	"\240w\2409\320<\350#h\021D\210$Q\220\003\310\011\344"
 206      D03CE823 
 206      68114488 
 206      24519003 
 206      C809E4
 207 00b8 027205AD 		.ascii	"\002r\005\255\000\271\203~\005\362\004}\002\372\024"
 207      00B9837E 
 207      05F2047D 
 207      02FA14
 208 00c7 F41BD01A 		.ascii	"\364\033\320\032\320:\320g\240\317\211du\371\303\230"
 208      D03AD067 
 208      A0CF8964 
 208      75F9C398 
 209 00d7 4DFDA08C 		.ascii	"M\375\240\214\211\222\273\355\365O;v\227\354\330\355"
 209      8992BBED 
 209      F54F3B76 
 209      97ECD8ED 
 210 00e7 B663576E 		.ascii	"\266cWn\307n\257\035\273*;v\377\206\007Z\305\316\003"
 210      C76EAF1D 
 210      BB2A3B76 
 210      FF86075A 
 210      C5CE03
 211 00fa B40AB401 		.ascii	"\264\012\264\001\346\232\340w#\350\267p\337\007\277"
 211      E69AE077 
 211      23E8B770 
 211      DF07BF
 212 0109 BD202FB8 		.ascii	"\275 /\270\277\017\277\177\006\251A\217A\355\240\016"
 212      BF0FBF7F 
 212      06A9418F 
 212      41EDA00E 
 213 0119 50A712A3 		.ascii	"P\247\022\243Z\371}f\023\247\216p\237&\205\305\342\364"
 213      5AF97D66 
 213      13A78E70 
 213      9F2685C5 
 213      E2F4
 214 012b 2DC361D7 		.ascii	"-\303a\327z\211\327\3623\245\266k\224Z\177\252\324\336"
 214      7A89D7F2 
 214      33A5B66B 
 214      945A7FAA 
 214      D4DE
 215 013d 53D90B77 		.ascii	"S\331\013weo\\\225\275rR\366\216\355!\333K\266\247l"
 215      656F5C95 
 215      BD7252F6 
 215      8EED21DB 
 215      4BB6A76C 
 216 0151 6FD91EB3 		.ascii	"o\331\036\263\275f{\316\366\236\365\000\353\005\326"
 216      BD667BCE 
 216      F69EF500 
 216      EB05D6
 217 0160 13AC3758 		.ascii	"\023\2547X\217\260^a=\303zg\300&\377\014J\312\223nV"
 217      8FB05E61 
 217      3DC37A67 
 217      C026FF0C 
 217      4ACA936E 
 218 0175 AB7AC853 		.ascii	"\253z\310S\002mIV\362\252\022\376MP<\240\351\"\004\347"
 218      026D4956 
ARM GAS  /tmp/ccojJIlA.s 			page 16


 218      F2AA12FE 
 218      4D503CA0 
 218      E92204E7 
 219 0189 61562529 		.ascii	"aV%)\233a\232\"&\017e\254R\206*\005\211\037\305\231"
 219      9B619A22 
 219      260F65AC 
 219      52862A05 
 219      891FC599 
 220 019d 5810F963 		.ascii	"X\020\371c\036\311t\361z\363\033t3y\023\2259\000!\226"
 220      1EC974F1 
 220      7AF31B74 
 220      33791395 
 220      39002196 
 221 01b1 0E16409E 		.ascii	"\016\026@\236\266\362|)?\311\2748bZ\375DV\343\220\246"
 221      B6F27C29 
 221      3FC9BC38 
 221      625AFD44 
 221      56E390A6 
 222 01c5 9774B3D9 		.ascii	"\227t\263\331\334\355\004\347\256<9|\333\221\252\010"
 222      DCED04E7 
 222      AE3C397C 
 222      DB91AA08 
 223 01d5 BBBFFF74 		.ascii	"\273\277\377t\364\254\003u\303\373\2139\037Z\234\325"
 223      F4AC0375 
 223      C3FB8B39 
 223      1F5A9CD5 
 224 01e5 B0EC1242 		.ascii	"\260\354\022B\271w\357\\\321\037}\316\312\374r\376\312"
 224      B977EF5C 
 224      D11F7DCE 
 224      CAFC72FE 
 224      CA
 225 01f6 5CD45B8B 		.ascii	"\\\324[\213\357\214\356\311\224xh\210\012\206\255o\032"
 225      EF8CEEC9 
 225      94786888 
 225      0A86AD6F 
 225      1A
 226 0207 7F7285E1 		.ascii	"\177r\205\341*\015Y\011\303\331\310\366Z\315\352t\364"
 226      2A0D5909 
 226      C3D9C8F6 
 226      5ACDEA74 
 226      F4
 227 0218 8A9657AA 		.ascii	"\212\226W\252\310\017\277&\347\311Zr\216\254\205\324"
 227      C80FBF26 
 227      E7C95A72 
 227      8EAC85D4 
 228 0228 2E90D5F0 		.ascii	".\220\325\360\375\243\232\223n'd\225\221\015\271r\256"
 228      FDA39A93 
 228      6E276495 
 228      910DB972 
 228      AE
 229 0239 5136BE28 		.ascii	"Q6\276(\370\262\377\027Y\216\215\222e53#\305\204\222"
 229      F8B2FF17 
 229      598E8D92 
 229      65353323 
 229      C58492
 230 024c B3C407CC 		.ascii	"\263\304\007\314\317\0205\033\301]\021\351%\344g\322"
 230      CF10351B 
ARM GAS  /tmp/ccojJIlA.s 			page 17


 230      C15D11E9 
 230      25E467D2 
 231 025c 032BBE48 		.ascii	"\003+\276H6\260%\216\036~\340N\277_f\011U5\306JW\205"
 231      36B0258E 
 231      1E7EE04E 
 231      BF5F6609 
 231      5535C64A 
 232 0272 DFFF5596 		.ascii	"\337\377U\226l\214\212\224e\025\322K\227\350\277\000"
 232      6C8C8A94 
 232      6515D24B 
 232      97E8BF00 
 233 0282 BDD4967E 		.ascii	"\275\324\226~\011\351\343moz(\375\3732\364\321\221\207"
 233      09E9E36D 
 233      6F7A28FD 
 233      FB32F4D1 
 233      9187
 234 0294 090E0ABD 		.ascii	"\011\016\012\275\365k+\372\345%z\031\320/\333\322\313"
 234      F56B2BFA 
 234      E5257A19 
 234      D02FDBD2 
 234      CB
 235 02a5 915EFCF8 		.ascii	"\221^\374\370\355\015W\272\013\351'\357\366\347i\351"
 235      ED0D57BA 
 235      0BE927EF 
 235      F6E769E9 
 236 02b5 5EBC7FF5 		.ascii	"^\274\177\365\262\255\313\235E\272j\2124\220\320r\315"
 236      B2ADCB9D 
 236      45BA6A8A 
 236      3490D072 
 236      CD
 237 02c6 C5149B54 		.ascii	"\305\024\233T\0205\233\314\377\020\235\356\310\302\327"
 237      10359BCC 
 237      FF109DEE 
 237      C8C2D7
 238 02d5 CAC6F73E 		.ascii	"\312\306\367>V\341\257,\205\257\204\360Wl\303Wa\370"
 238      56E1AF2C 
 238      85AF84F0 
 238      576CC357 
 238      61F8
 239 02e7 E6CC8371 		.ascii	"\346\314\203q\204\312\004c\306\226\335*rc\260>\331\330"
 239      84CA0463 
 239      C696DD2A 
 239      7263B03E 
 239      D9D8
 240 02f9 F07B0693 		.ascii	"\360{\006\223M\260k&\230\304n\255I\325H\252xp\264\316"
 240      4DB06B26 
 240      98C46EAD 
 240      49D548AA 
 240      7870B4CE 
 241 030d 8DA67252 		.ascii	"\215\246rR\371\320\335z\015\357\016\231\300\370c\307"
 241      F9D0DD7A 
 241      0DEF0E99 
 241      C0F863C7 
 242 031d F04DC2DB 		.ascii	"\360M\302\333Cv\206\361tb\354;\312\237;\301\260%\346"
 242      437686F1 
 242      7462EC3B 
 242      CA9F3BC1 
ARM GAS  /tmp/ccojJIlA.s 			page 18


 242      B025E6
 243 0330 628E3254 		.ascii	"b\2162T\263\375\274\237=\340\306\255\327\303\2603op"
 243      B3FDBC9F 
 243      3DE0C6AD 
 243      D7C3B033 
 243      6F70
 244 0342 56A339C0 		.ascii	"V\2439\300z)%Zv\371\226\231\325A3\335\300f\272I4\360"
 244      7A29255A 
 244      76F99699 
 244      D54133DD 
 244      C066BA49 
 245 0358 AD5B4B6A 		.ascii	"\255[Kja\010\326\331U\323\015\016\234\305\"\305O\335"
 245      6108D6D9 
 245      55D30D0E 
 245      9CC522C5 
 245      4FDD
 246 036a 8C52D3E3 		.ascii	"\214R\323\343<\255\356;\305gX\234\215\032\302^#w\230"
 246      3CADEE3B 
 246      C567589C 
 246      8D1AC25E 
 246      237798
 247 037d BA305231 		.ascii	"\2720R1\267\202O1\213\326\303\223\247\234h!\232\253"
 247      B7824F31 
 247      8BD6C393 
 247      A79C6821 
 247      9AAB
 248 038f B21A3A6F 		.ascii	"\262\032:o\250\211\267\246\220\20566\235\3772sR\226"
 248      A889B7A6 
 248      90853636 
 248      9DFF3273 
 248      5296
 249 03a1 D7937B44 		.ascii	"\327\223{DC\356\232\353\261\021\342K\220]\024\317NZ"
 249      43EE9AEB 
 249      B111E24B 
 249      905D14CF 
 249      4E5A
 250 03b3 CA8D3410 		.ascii	"\312\2154\020o\306ev\344\016L\336\346\031\026\237J\315"
 250      6FC66576 
 250      E40E4CDE 
 250      E619169F 
 250      4ACD
 251 03c5 77A4BD3C 		.ascii	"w\244\275<F}M\327#5\321x\333\005<\260\003\340\311\334"
 251      467D4DD7 
 251      2335D178 
 251      DB053CB0 
 251      03E0C9DC 
 252 03d9 AEDE501F 		.ascii	"\256\336P\037\3136\347>$\323hN\346\036\253\006\013\022"
 252      CB36E73E 
 252      24D3684E 
 252      E61EAB06 
 252      0B12
 253 03eb FF74F0AA 		.ascii	"\377t\360\252\2036q\211\212\206\346\2525\021\255\362"
 253      83367189 
 253      8A86E6AA 
 253      3511ADF2 
 254 03fb 22DF6B4C 		.ascii	"\"\337kL\252q\242\007\371a\2202\226S\355J\217\361\201"
 254      AA71A207 
ARM GAS  /tmp/ccojJIlA.s 			page 19


 254      F9619032 
 254      9653ED4A 
 254      8FF181
 255 040e E99DF6E0 		.ascii	"\351\235\366\340\357\264iOW){\3324\362\356\252\206\236"
 255      EFB4694F 
 255      57297BDA 
 255      34F2EEAA 
 255      869E
 256 0420 425BC7F6 		.ascii	"B[\307\366\363\2033\224xyyy{y\346\263\240\306\027\003"
 256      F3833394 
 256      78797979 
 256      7B79E6B3 
 256      A0C61703 
 257 0434 6B2AE155 		.ascii	"k*\341UNpd\261H3\244\370\204x\232\227\246cY\324\261"
 257      4E7064B1 
 257      4833A4F8 
 257      84789A97 
 257      A66359D4 
 258 0449 5C246E7F 		.ascii	"\\$n\177#\203\312\247V\243q\275\255\361-\314\331\327"
 258      2383CAA7 
 258      56A371BD 
 258      ADF12DCC 
 258      D9D7
 259 045b 6CDC6036 		.ascii	"l\334`6n\263o\314\321\274Xc\351\024\016/f%)u\222\226"
 259      6EB36FCC 
 259      D1BC5863 
 259      E9140E2F 
 259      66252975 
 260 0471 4833854E 		.ascii	"H3\205N\320\3501\024Y-v\263\304\270\251\330~\262\274"
 260      D0E83114 
 260      592D76B3 
 260      C4B8A9D8 
 260      7EB2BC
 261 0484 5D2D9187 		.ascii	"]-\221\207\360\270\025\2430c \222G\260Q\217\211\027"
 261      F0B815A3 
 261      30632092 
 261      47B0518F 
 261      8917
 262 0496 69077580 		.ascii	"i\007u\200:\211\227\351\240\354x\324R\357BK\261L\252"
 262      3A8997E9 
 262      A0EC78D4 
 262      52EF424B 
 262      B14CAA
 263 04a9 D6E6864E 		.ascii	"\326\346\206NG\342\351m\217\006G\264\367\377\005\362"
 263      47E2E96D 
 263      8F0647B4 
 263      F7FF05F2 
 264 04b9 05756C63 		.ascii	"\005ulc\353y\012\266]\346\255g\313\303\210\3713\025"
 264      EB790AB6 
 264      5DE6AD67 
 264      CBC388F9 
 264      3315
 265 04cb A98E1E29 		.ascii	"\251\216\036)J\210\365j44B\224\353\230s\017\3610\275"
 265      4A88F56A 
 265      34344294 
 265      EB98730F 
 265      F130BD
ARM GAS  /tmp/ccojJIlA.s 			page 20


 266 04de 36CCFA65 		.ascii	"6\314\372eu\33317O%\241\003\313%$-\267\274\313Y\267"
 266      75DB3137 
 266      4F25A103 
 266      CB25242D 
 266      B7BCCB59 
 267 04f3 5A1C2C83 		.ascii	"Z\034,\203\365\376\257`=q\335q\332/\012\344f8-\307\216"
 267      F5FEAF60 
 267      3D71DD71 
 267      DA2F0AE4 
 267      66382DC7 
 268 0508 AF3D2ACB 		.ascii	"\257=*\313\337\222>\342Aj\3702,\034\331\314_\341\260"
 268      DF923EE2 
 268      416AF832 
 268      2C1CD9CC 
 268      5FE1B0
 269 051b 7B46BE00 		.ascii	"{F\276\000\277\311\351\244\313\356\264\226\367\345\370"
 269      BFC9E9A4 
 269      CBEEB496 
 269      F7E5F8
 270 052a FCC2F7C0 		.ascii	"\374\302\367\300\350\203\335{\220\351q$:\2277w\277\302"
 270      E883DD7B 
 270      90E97124 
 270      3A973777 
 270      BFC2
 271 053c 3037793F 		.ascii	"07y?\236T\003Hx\235\324\276\350N\3338\301x;MvV\020#"
 271      9E540348 
 271      789DD4BE 
 271      E84EDB38 
 271      C1783B4D 
 272 0554 6934C50B 		.ascii	"i4\305\013\001\317\005\300s\004\014\"\240p\241\255\334"
 272      01CF05C0 
 272      73040C22 
 272      A070A1AD 
 272      DC
 273 0565 91F67340 		.ascii	"\221\366s@\313xW\275\203\002x\236n\002\014\011\200!"
 273      CB7857BD 
 273      8302789E 
 273      6E020C09 
 273      8021
 274 0577 04BC4040 		.ascii	"\004\274@@V\311h\226\206Np\300\241W\037\323\335M\200"
 274      56C96896 
 274      864E70C0 
 274      A1571FD3 
 274      DD4D80
 275 058a D559329C 		.ascii	"\325Y2\2343\214\360R \274D\302+$\014\326\335y\346L#"
 275      338CF052 
 275      20BC44C2 
 275      2B240CD6 
 275      DD79E64C 
 276 059f 29124AF3 		.ascii	")\022J\363\237\367k\025\302\220E\031^\013\210\327\210"
 276      9FF76B15 
 276      C2904519 
 276      5E0B88D7 
 276      88
 277 05b0 184644D4 		.ascii	"\030FD\324\233\214RW\232\306\021\217R\253\222]\2042"
 277      9B8C5257 
 277      9AC6118F 
ARM GAS  /tmp/ccojJIlA.s 			page 21


 277      52AB925D 
 277      8432
 278 05c2 8C088011 		.ascii	"\214\010\200\021\004\214\"\240\305XV\342D\3639\240["
 278      048C22A0 
 278      C55856E2 
 278      44F339A0 
 278      5B
 279 05d3 3ED8AC11 		.ascii	">\330\254\021\3120&\000\306\0200\216\200\241\201C\245"
 279      CA302600 
 279      C610308E 
 279      80A18143 
 279      A5
 280 05e4 8EB49403 		.ascii	"\216\264\224\003\246[\306\023\251X\2067\002\341\015"
 280      A65BC613 
 280      A9588637 
 280      02E10D
 281 05f3 122690F0 		.ascii	"\022&\220\360\364\344\317sZZ\313\011'\342K?Q\000\013"
 281      F4E4CF73 
 281      5A5ACB09 
 281      27E24B3F 
 281      51000B
 282 0606 16559814 		.ascii	"\026U\230\024\010\223H\230BBFe\343\025'\332\306\011"
 282      08934898 
 282      42424665 
 282      E31527DA 
 282      C609
 283 0618 B325E5C7 		.ascii	"\263%\345\307V\010U\230\026\000\323\010x\213\200\305"
 283      56085598 
 283      1600D308 
 283      788B80C5 
 284 0628 0727EFAB 		.ascii	"\007'\357\253h?\007\030s^\016\270\011U\230\021\0003"
 284      683F0718 
 284      735E0EB8 
 284      09559811 
 284      0033
 285 063a 08788780 		.ascii	"\010x\207\200\206kG\252\240\0318 .\271\271O+VaV \314"
 285      866B47AA 
 285      A0193820 
 285      2EB9B94F 
 285      2B566156 
 286 0650 22610E09 		.ascii	"\"a\016\011\231\207\022\326\321H5\002\206_\344\025\230"
 286      998712D6 
 286      D1483502 
 286      865FE415 
 286      98
 287 0661 36B223CB 		.ascii	"6\262#\313\\\205\367\002\341=\022\346\371+q\276\242"
 287      5C85F702 
 287      E13D12E6 
 287      F92B71BE 
 287      A2
 288 0672 CC85A671 		.ascii	"\314\205\246qD\305\343\231s\256B\025>\010\200\017\010"
 288      44C5E399 
 288      73AE4215 
 288      3E08800F 
 288      08
 289 0683 F88880F9 		.ascii	"\370\210\200\371\274\271\0225\315\347\200\246\330\232"
 289      BCB91235 
ARM GAS  /tmp/ccojJIlA.s 			page 22


 289      CDE780A6 
 289      D89A
 290 0691 36F19558 		.ascii	"6\361\225X\020\000\013\010XD\300\361\234\023UZZ\312"
 290      10000B08 
 290      5844C0F1 
 290      9C13555A 
 290      5ACA
 291 06a3 0151ADD7 		.ascii	"\001Q\255\327\213\325b\025d\225-\001f\340;R\305\010"
 291      8BD56215 
 291      64952D01 
 291      66E03B52 
 291      C508
 292 06b5 E76BBA2B 		.ascii	"\347k\272+]h-'\024U'\346\233R\030\263(C\224\200\210"
 292      5D682D27 
 292      145527E6 
 292      9B5218B3 
 292      28439480 
 293 06ca 42443422 		.ascii	"BD4\"bg\343\216;\3236\216\210\254\231,\022O\206\030"
 293      6267E38E 
 293      3BD3368E 
 293      88AC992C 
 293      124F8618 
 294 06de 01108380 		.ascii	"\001\020\203\200X\004\324g$]v\245\375\0340\2309|F,C"
 294      5804D467 
 294      245D76A5 
 294      FD1C3098 
 294      397C462C 
 295 06f3 9C008843 		.ascii	"\234\000\210C@<\002NO\247\334U\323\011\016\230\277\327"
 295      403C024E 
 295      4FA7DC55 
 295      D3090E98 
 295      BFD7
 296 0705 EA2D56E1 		.ascii	"\352-V\341\200\0008\200\200\004\004$\324\026\026kh\244"
 296      80003880 
 296      80040424 
 296      D416166B 
 296      68A4
 297 0717 0302E213 		.ascii	"\003\002\342\023\256\277vT\010\365\331\346*$\012\210"
 297      AEBF7654 
 297      08F5D9E6 
 297      2A240A88 
 298 0727 44441C44 		.ascii	"DD\034DDe\321\205I8\0308\"\273\342\375\270x0\034\022"
 298      4465D185 
 298      49381838 
 298      22BBE2FD 
 298      B878301C 
 299 073c 00871090 		.ascii	"\000\207\020\220\204\200\253\243Of\035i>\007tuw\311"
 299      8480ABA3 
 299      4F661D69 
 299      3E077475 
 299      77C9
 300 074e E22B912C 		.ascii	"\342+\221,\000\222\021p\030\001S\367R\340\225(\345\200"
 300      00921170 
 300      180153F7 
 300      52E09528 
 300      E580
 301 0760 B7D1C3ED 		.ascii	"\267\321\303\355\316b\031R\004B\012\022R\221Pum~\035"
ARM GAS  /tmp/ccojJIlA.s 			page 23


 301      CE621952 
 301      04420A12 
 301      52915075 
 301      6D7E1D
 302 0773 ADE580C6 		.ascii	"\255\345\200\306\264\272\237L\375\334cQ\205#\002\341"
 302      B4BA9F4C 
 302      FDDC6351 
 302      852302E1 
 303 0783 08128E22 		.ascii	"\010\022\216\"!\345B\336\007\350\005\216\310\251\256"
 303      21E542DE 
 303      07E8058E 
 303      C8A9AE
 304 0792 88D20A55 		.ascii	"\210\322\012UH\023\000i\0108\306\027\361\360l\347\012"
 304      48130069 
 304      0838C617 
 304      F1F06CE7 
 304      0A
 305 07a3 DACF014F 		.ascii	"\332\317\001O\316.\306\211\275\220.\000\322\021\220"
 305      CE2EC689 
 305      BD902E00 
 305      D21190
 306 07b2 8180BEB2 		.ascii	"\201\200\276\262\362\013ntB)crI\222\223X\205L\201\220"
 306      F20B6E74 
 306      42296372 
 306      49929358 
 306      854C8190 
 307 07c6 89842C24 		.ascii	"\211\204,$\234K\031\310p\242"
 307      9C4B19C8 
 307      70A2
 308 07d0 918EBC9B 		.ascii	"\221\216\274\233\216]|l\252\343\214E\031\262\005D6\""
 308      8E5D7C6C 
 308      AAE38C45 
 308      19B20544 
 308      3622
 309 07e2 8E2322FB 		.ascii	"\216#\"\373aZ\025\241i\034Q\030S\234)\226!G\000\344"
 309      615A15A1 
 309      691C5118 
 309      539C2996 
 309      214700E4 
 310 07f6 20E02704 		.ascii	" \340'\004\214\304\367\366@3p@\371Hd\201\330\014'\004"
 310      8CC4F7F6 
 310      40337040 
 310      F9486481 
 310      D80C2704 
 311 080a C009049C 		.ascii	"\300\011\004\234D@\306\324\373hh\006\016X\310~5e\247"
 311      4440C6D4 
 311      FB686806 
 311      0E58C87E 
 311      3565A7
 312 081d 19720542 		.ascii	"\031r\005B.\022\362x\012\347N\217k-\377\000\367Z\374"
 312      2E12F278 
 312      0AE74E8F 
 312      6B2DFF00 
 312      F75AFC
 313 0830 B19348BE 		.ascii	"\261\223H\276\012\377\000\263_0\236;]>\352li\314\376"
 313      0AFF00B3 
 313      5F309E3B 
ARM GAS  /tmp/ccojJIlA.s 			page 24


 313      5D3EEA6C 
 313      69CCFE
 314 0843 94988D0B 		.ascii	"\224\230\215\013\024\343\0024n}XT\2466\031\037X\356"
 314      14E30234 
 314      6E7D5854 
 314      A636191F 
 314      58EE
 315 0855 AF353905 		.ascii	"\25759\005N\256z}@hX\240>($\310\240\336\033\350\377"
 315      4EAE7A7D 
 315      406858A0 
 315      3E2824C8 
 315      A0DE1BE8 
 316 086a 2FE76FFE 		.ascii	"/\347o\376\364\267\365;|}%?\037\037\235.4\\\027\020"
 316      F4B7F53B 
 316      7C7D253F 
 316      1F1F9D2E 
 316      345C1710 
 317 087e BA7B7768 		.ascii	"\272{wh\210.\334\340\037f\210\330\243\373\303_\276\333"
 317      882EDCE0 
 317      1F6688D8 
 317      A3FBC35F 
 317      BEDB
 318 0890 F1DD3E36 		.ascii	"\361\335>6\273'(80,\\\367\315\216\035\272\2000\203\257"
 318      BB272838 
 318      302C5CF7 
 318      CD8E1DBA 
 318      803083AF 
 319 08a4 4F80A4D5 		.ascii	"O\200\244\325\353\003\375\303\202\367#\015\310\301\376"
 319      EB03FDC3 
 319      82F7230D 
 319      C8C1FE
 320 08b3 064E76D3 		.ascii	"\006Nv\323\353w\006\376\303?\"\330\240\017\334\027d"
 320      EB7706FE 
 320      C33F22D8 
 320      A00FDC17 
 320      64
 321 08c4 700E8190 		.ascii	"p\016\201\220\206\210\260\220\225z|\254\017\363\337"
 321      8688B090 
 321      957A7CAC 
 321      0FF3DF
 322 08d3 ADF70F0B 		.ascii	"\255\367\017\013\364\017wY\272\323\004\004\003\013\357"
 322      F40F7759 
 322      BAD30404 
 322      030BEF
 323 08e2 357A7D44 		.ascii	"5z}DP\210a\223\237\336\360\265.\"<L\027\024\022\020"
 323      50886193 
 323      9FDEF0B5 
 323      2E223C4C 
 323      17141210 
 324 08f6 1CB13350 		.ascii	"\034\2613P\027\022\27078\350G\335n\377\200]A!\201\272"
 324      1712B837 
 324      38E847DD 
 324      6EFF805D 
 324      412181BA 
 325 090a A51886FD 		.ascii	"\245\030\206\375{\002\303}vI\316&\267\015\366\334\302"
 325      7B02C37D 
 325      7649CE26 
ARM GAS  /tmp/ccojJIlA.s 			page 25


 325      B70DF6DC 
 325      C2
 326 091b F787EBF4 		.ascii	"\367\207\353\364\341\206\235`\003\266.\230\010\013\347"
 326      E1869D60 
 326      03B62E98 
 326      080BE7
 327 092a 867786C0 		.ascii	"\206w\206\300}|\250\015\011\325/=sg\371-\215\364\006"
 327      7D7CA80D 
 327      09D52F3D 
 327      7367F92D 
 327      8DF406
 328 093d 0F3DCBFD 		.ascii	"\017=\313\375wz\263\213~\205\345\224\336M\031\361\325"
 328      777AB38B 
 328      7E85E594 
 328      DE4D19F1 
 328      D5
 329 094e E8DD9561 		.ascii	"\350\335\225aH(\177\314\375}E\177_+\177_k\177_\033\177"
 329      48287FCC 
 329      FD7D457F 
 329      5F2B7F5F 
 329      6B7F5F1B 
 330 0963 3FD1DFCF 		.ascii	"?\321\337\317\312\337\317\332\337\317\306\177\223\350"
 330      CADFCFDA 
 330      DFCFC67F 
 330      93E8
 331 0971 BFC9CA7F 		.ascii	"\277\311\312\177\223\265\377&\033\377\315\242\377f+"
 331      93B5FF26 
 331      1BFFCDA2 
 331      FF662B
 332 0980 FFCDD6FE 		.ascii	"\377\315\326\376\233m\374\267\210\376[\254\374\267X"
 332      9B6DFCB7 
 332      88FE5BAC 
 332      FCB758
 333 098f FB6FB1F1 		.ascii	"\373o\261\361\337*\372o\265\362\337j\355\277\325\306"
 333      DF2AFA6F 
 333      B5F2DF6A 
 333      EDBFD5C6 
 334 099f 7F9BE8BF 		.ascii	"\177\233\350\277\315\312\177\233\265\377\266%\377\377"
 334      CDCA7F9B 
 334      B5FFB625 
 334      FFFF
 335 09ad 0291FC3C 		.ascii	"\002\221\374<\001"
 335      01
 336              		.text
 337              		.section	.gnu.lto_.symtab.8297ef32d9216c15,"",%progbits
 338 0000 5F5F636F 		.ascii	"__core_init\000"
 338      72655F69 
 338      6E697400 
 339 000c 00       		.ascii	"\000"
 340 000d 01       		.ascii	"\001"
 341 000e 00       		.ascii	"\000"
 342 000f 00000000 		.ascii	"\000\000\000\000\000\000\000\000"
 342      00000000 
 343 0017 B0000000 		.ascii	"\260\000\000\000"
 344 001b 5F5F6561 		.ascii	"__early_init\000"
 344      726C795F 
 344      696E6974 
ARM GAS  /tmp/ccojJIlA.s 			page 26


 344      00
 345 0028 00       		.ascii	"\000"
 346 0029 01       		.ascii	"\001"
 347 002a 00       		.ascii	"\000"
 348 002b 00000000 		.ascii	"\000\000\000\000\000\000\000\000"
 348      00000000 
 349 0033 B3000000 		.ascii	"\263\000\000\000"
 350 0037 5F5F6C61 		.ascii	"__late_init\000"
 350      74655F69 
 350      6E697400 
 351 0043 00       		.ascii	"\000"
 352 0044 01       		.ascii	"\001"
 353 0045 00       		.ascii	"\000"
 354 0046 00000000 		.ascii	"\000\000\000\000\000\000\000\000"
 354      00000000 
 355 004e B6000000 		.ascii	"\266\000\000\000"
 356 0052 5F5F6465 		.ascii	"__default_exit\000"
 356      6661756C 
 356      745F6578 
 356      697400
 357 0061 00       		.ascii	"\000"
 358 0062 01       		.ascii	"\001"
 359 0063 00       		.ascii	"\000"
 360 0064 00000000 		.ascii	"\000\000\000\000\000\000\000\000"
 360      00000000 
 361 006c BB000000 		.ascii	"\273\000\000\000"
 362 0070 5F5F696E 		.ascii	"__init_ram_areas\000"
 362      69745F72 
 362      616D5F61 
 362      72656173 
 362      00
 363 0081 00       		.ascii	"\000"
 364 0082 00       		.ascii	"\000"
 365 0083 00       		.ascii	"\000"
 366 0084 00000000 		.ascii	"\000\000\000\000\000\000\000\000"
 366      00000000 
 367 008c BD000000 		.ascii	"\275\000\000\000"
 368 0090 5F5F7261 		.ascii	"__ram0_init_text__\000"
 368      6D305F69 
 368      6E69745F 
 368      74657874 
 368      5F5F00
 369 00a3 00       		.ascii	"\000"
 370 00a4 02       		.ascii	"\002"
 371 00a5 00       		.ascii	"\000"
 372 00a6 00000000 		.ascii	"\000\000\000\000\000\000\000\000"
 372      00000000 
 373 00ae E3000000 		.ascii	"\343\000\000\000"
 374 00b2 5F5F7261 		.ascii	"__ram0_init__\000"
 374      6D305F69 
 374      6E69745F 
 374      5F00
 375 00c0 00       		.ascii	"\000"
 376 00c1 02       		.ascii	"\002"
 377 00c2 00       		.ascii	"\000"
 378 00c3 00000000 		.ascii	"\000\000\000\000\000\000\000\000"
 378      00000000 
ARM GAS  /tmp/ccojJIlA.s 			page 27


 379 00cb E5000000 		.ascii	"\345\000\000\000"
 380 00cf 5F5F7261 		.ascii	"__ram0_clear__\000"
 380      6D305F63 
 380      6C656172 
 380      5F5F00
 381 00de 00       		.ascii	"\000"
 382 00df 02       		.ascii	"\002"
 383 00e0 00       		.ascii	"\000"
 384 00e1 00000000 		.ascii	"\000\000\000\000\000\000\000\000"
 384      00000000 
 385 00e9 E7000000 		.ascii	"\347\000\000\000"
 386 00ed 5F5F7261 		.ascii	"__ram0_noinit__\000"
 386      6D305F6E 
 386      6F696E69 
 386      745F5F00 
 387 00fd 00       		.ascii	"\000"
 388 00fe 02       		.ascii	"\002"
 389 00ff 00       		.ascii	"\000"
 390 0100 00000000 		.ascii	"\000\000\000\000\000\000\000\000"
 390      00000000 
 391 0108 E9000000 		.ascii	"\351\000\000\000"
 392 010c 5F5F7261 		.ascii	"__ram1_init_text__\000"
 392      6D315F69 
 392      6E69745F 
 392      74657874 
 392      5F5F00
 393 011f 00       		.ascii	"\000"
 394 0120 02       		.ascii	"\002"
 395 0121 00       		.ascii	"\000"
 396 0122 00000000 		.ascii	"\000\000\000\000\000\000\000\000"
 396      00000000 
 397 012a EB000000 		.ascii	"\353\000\000\000"
 398 012e 5F5F7261 		.ascii	"__ram1_init__\000"
 398      6D315F69 
 398      6E69745F 
 398      5F00
 399 013c 00       		.ascii	"\000"
 400 013d 02       		.ascii	"\002"
 401 013e 00       		.ascii	"\000"
 402 013f 00000000 		.ascii	"\000\000\000\000\000\000\000\000"
 402      00000000 
 403 0147 ED000000 		.ascii	"\355\000\000\000"
 404 014b 5F5F7261 		.ascii	"__ram1_clear__\000"
 404      6D315F63 
 404      6C656172 
 404      5F5F00
 405 015a 00       		.ascii	"\000"
 406 015b 02       		.ascii	"\002"
 407 015c 00       		.ascii	"\000"
 408 015d 00000000 		.ascii	"\000\000\000\000\000\000\000\000"
 408      00000000 
 409 0165 EF000000 		.ascii	"\357\000\000\000"
 410 0169 5F5F7261 		.ascii	"__ram1_noinit__\000"
 410      6D315F6E 
 410      6F696E69 
 410      745F5F00 
 411 0179 00       		.ascii	"\000"
ARM GAS  /tmp/ccojJIlA.s 			page 28


 412 017a 02       		.ascii	"\002"
 413 017b 00       		.ascii	"\000"
 414 017c 00000000 		.ascii	"\000\000\000\000\000\000\000\000"
 414      00000000 
 415 0184 F1000000 		.ascii	"\361\000\000\000"
 416 0188 5F5F7261 		.ascii	"__ram2_init_text__\000"
 416      6D325F69 
 416      6E69745F 
 416      74657874 
 416      5F5F00
 417 019b 00       		.ascii	"\000"
 418 019c 02       		.ascii	"\002"
 419 019d 00       		.ascii	"\000"
 420 019e 00000000 		.ascii	"\000\000\000\000\000\000\000\000"
 420      00000000 
 421 01a6 F3000000 		.ascii	"\363\000\000\000"
 422 01aa 5F5F7261 		.ascii	"__ram2_init__\000"
 422      6D325F69 
 422      6E69745F 
 422      5F00
 423 01b8 00       		.ascii	"\000"
 424 01b9 02       		.ascii	"\002"
 425 01ba 00       		.ascii	"\000"
 426 01bb 00000000 		.ascii	"\000\000\000\000\000\000\000\000"
 426      00000000 
 427 01c3 F5000000 		.ascii	"\365\000\000\000"
 428 01c7 5F5F7261 		.ascii	"__ram2_clear__\000"
 428      6D325F63 
 428      6C656172 
 428      5F5F00
 429 01d6 00       		.ascii	"\000"
 430 01d7 02       		.ascii	"\002"
 431 01d8 00       		.ascii	"\000"
 432 01d9 00000000 		.ascii	"\000\000\000\000\000\000\000\000"
 432      00000000 
 433 01e1 F7000000 		.ascii	"\367\000\000\000"
 434 01e5 5F5F7261 		.ascii	"__ram2_noinit__\000"
 434      6D325F6E 
 434      6F696E69 
 434      745F5F00 
 435 01f5 00       		.ascii	"\000"
 436 01f6 02       		.ascii	"\002"
 437 01f7 00       		.ascii	"\000"
 438 01f8 00000000 		.ascii	"\000\000\000\000\000\000\000\000"
 438      00000000 
 439 0200 F9000000 		.ascii	"\371\000\000\000"
 440 0204 5F5F7261 		.ascii	"__ram3_init_text__\000"
 440      6D335F69 
 440      6E69745F 
 440      74657874 
 440      5F5F00
 441 0217 00       		.ascii	"\000"
 442 0218 02       		.ascii	"\002"
 443 0219 00       		.ascii	"\000"
 444 021a 00000000 		.ascii	"\000\000\000\000\000\000\000\000"
 444      00000000 
 445 0222 FB000000 		.ascii	"\373\000\000\000"
ARM GAS  /tmp/ccojJIlA.s 			page 29


 446 0226 5F5F7261 		.ascii	"__ram3_init__\000"
 446      6D335F69 
 446      6E69745F 
 446      5F00
 447 0234 00       		.ascii	"\000"
 448 0235 02       		.ascii	"\002"
 449 0236 00       		.ascii	"\000"
 450 0237 00000000 		.ascii	"\000\000\000\000\000\000\000\000"
 450      00000000 
 451 023f FD000000 		.ascii	"\375\000\000\000"
 452 0243 5F5F7261 		.ascii	"__ram3_clear__\000"
 452      6D335F63 
 452      6C656172 
 452      5F5F00
 453 0252 00       		.ascii	"\000"
 454 0253 02       		.ascii	"\002"
 455 0254 00       		.ascii	"\000"
 456 0255 00000000 		.ascii	"\000\000\000\000\000\000\000\000"
 456      00000000 
 457 025d FF000000 		.ascii	"\377\000\000\000"
 458 0261 5F5F7261 		.ascii	"__ram3_noinit__\000"
 458      6D335F6E 
 458      6F696E69 
 458      745F5F00 
 459 0271 00       		.ascii	"\000"
 460 0272 02       		.ascii	"\002"
 461 0273 00       		.ascii	"\000"
 462 0274 00000000 		.ascii	"\000\000\000\000\000\000\000\000"
 462      00000000 
 463 027c 01010000 		.ascii	"\001\001\000\000"
 464 0280 5F5F7261 		.ascii	"__ram4_init_text__\000"
 464      6D345F69 
 464      6E69745F 
 464      74657874 
 464      5F5F00
 465 0293 00       		.ascii	"\000"
 466 0294 02       		.ascii	"\002"
 467 0295 00       		.ascii	"\000"
 468 0296 00000000 		.ascii	"\000\000\000\000\000\000\000\000"
 468      00000000 
 469 029e 03010000 		.ascii	"\003\001\000\000"
 470 02a2 5F5F7261 		.ascii	"__ram4_init__\000"
 470      6D345F69 
 470      6E69745F 
 470      5F00
 471 02b0 00       		.ascii	"\000"
 472 02b1 02       		.ascii	"\002"
 473 02b2 00       		.ascii	"\000"
 474 02b3 00000000 		.ascii	"\000\000\000\000\000\000\000\000"
 474      00000000 
 475 02bb 05010000 		.ascii	"\005\001\000\000"
 476 02bf 5F5F7261 		.ascii	"__ram4_clear__\000"
 476      6D345F63 
 476      6C656172 
 476      5F5F00
 477 02ce 00       		.ascii	"\000"
 478 02cf 02       		.ascii	"\002"
ARM GAS  /tmp/ccojJIlA.s 			page 30


 479 02d0 00       		.ascii	"\000"
 480 02d1 00000000 		.ascii	"\000\000\000\000\000\000\000\000"
 480      00000000 
 481 02d9 07010000 		.ascii	"\007\001\000\000"
 482 02dd 5F5F7261 		.ascii	"__ram4_noinit__\000"
 482      6D345F6E 
 482      6F696E69 
 482      745F5F00 
 483 02ed 00       		.ascii	"\000"
 484 02ee 02       		.ascii	"\002"
 485 02ef 00       		.ascii	"\000"
 486 02f0 00000000 		.ascii	"\000\000\000\000\000\000\000\000"
 486      00000000 
 487 02f8 09010000 		.ascii	"\011\001\000\000"
 488 02fc 5F5F7261 		.ascii	"__ram5_init_text__\000"
 488      6D355F69 
 488      6E69745F 
 488      74657874 
 488      5F5F00
 489 030f 00       		.ascii	"\000"
 490 0310 02       		.ascii	"\002"
 491 0311 00       		.ascii	"\000"
 492 0312 00000000 		.ascii	"\000\000\000\000\000\000\000\000"
 492      00000000 
 493 031a 0B010000 		.ascii	"\013\001\000\000"
 494 031e 5F5F7261 		.ascii	"__ram5_init__\000"
 494      6D355F69 
 494      6E69745F 
 494      5F00
 495 032c 00       		.ascii	"\000"
 496 032d 02       		.ascii	"\002"
 497 032e 00       		.ascii	"\000"
 498 032f 00000000 		.ascii	"\000\000\000\000\000\000\000\000"
 498      00000000 
 499 0337 0D010000 		.ascii	"\015\001\000\000"
 500 033b 5F5F7261 		.ascii	"__ram5_clear__\000"
 500      6D355F63 
 500      6C656172 
 500      5F5F00
 501 034a 00       		.ascii	"\000"
 502 034b 02       		.ascii	"\002"
 503 034c 00       		.ascii	"\000"
 504 034d 00000000 		.ascii	"\000\000\000\000\000\000\000\000"
 504      00000000 
 505 0355 0F010000 		.ascii	"\017\001\000\000"
 506 0359 5F5F7261 		.ascii	"__ram5_noinit__\000"
 506      6D355F6E 
 506      6F696E69 
 506      745F5F00 
 507 0369 00       		.ascii	"\000"
 508 036a 02       		.ascii	"\002"
 509 036b 00       		.ascii	"\000"
 510 036c 00000000 		.ascii	"\000\000\000\000\000\000\000\000"
 510      00000000 
 511 0374 11010000 		.ascii	"\021\001\000\000"
 512 0378 5F5F7261 		.ascii	"__ram6_init_text__\000"
 512      6D365F69 
ARM GAS  /tmp/ccojJIlA.s 			page 31


 512      6E69745F 
 512      74657874 
 512      5F5F00
 513 038b 00       		.ascii	"\000"
 514 038c 02       		.ascii	"\002"
 515 038d 00       		.ascii	"\000"
 516 038e 00000000 		.ascii	"\000\000\000\000\000\000\000\000"
 516      00000000 
 517 0396 13010000 		.ascii	"\023\001\000\000"
 518 039a 5F5F7261 		.ascii	"__ram6_init__\000"
 518      6D365F69 
 518      6E69745F 
 518      5F00
 519 03a8 00       		.ascii	"\000"
 520 03a9 02       		.ascii	"\002"
 521 03aa 00       		.ascii	"\000"
 522 03ab 00000000 		.ascii	"\000\000\000\000\000\000\000\000"
 522      00000000 
 523 03b3 15010000 		.ascii	"\025\001\000\000"
 524 03b7 5F5F7261 		.ascii	"__ram6_clear__\000"
 524      6D365F63 
 524      6C656172 
 524      5F5F00
 525 03c6 00       		.ascii	"\000"
 526 03c7 02       		.ascii	"\002"
 527 03c8 00       		.ascii	"\000"
 528 03c9 00000000 		.ascii	"\000\000\000\000\000\000\000\000"
 528      00000000 
 529 03d1 17010000 		.ascii	"\027\001\000\000"
 530 03d5 5F5F7261 		.ascii	"__ram6_noinit__\000"
 530      6D365F6E 
 530      6F696E69 
 530      745F5F00 
 531 03e5 00       		.ascii	"\000"
 532 03e6 02       		.ascii	"\002"
 533 03e7 00       		.ascii	"\000"
 534 03e8 00000000 		.ascii	"\000\000\000\000\000\000\000\000"
 534      00000000 
 535 03f0 19010000 		.ascii	"\031\001\000\000"
 536 03f4 5F5F7261 		.ascii	"__ram7_init_text__\000"
 536      6D375F69 
 536      6E69745F 
 536      74657874 
 536      5F5F00
 537 0407 00       		.ascii	"\000"
 538 0408 02       		.ascii	"\002"
 539 0409 00       		.ascii	"\000"
 540 040a 00000000 		.ascii	"\000\000\000\000\000\000\000\000"
 540      00000000 
 541 0412 1B010000 		.ascii	"\033\001\000\000"
 542 0416 5F5F7261 		.ascii	"__ram7_init__\000"
 542      6D375F69 
 542      6E69745F 
 542      5F00
 543 0424 00       		.ascii	"\000"
 544 0425 02       		.ascii	"\002"
 545 0426 00       		.ascii	"\000"
ARM GAS  /tmp/ccojJIlA.s 			page 32


 546 0427 00000000 		.ascii	"\000\000\000\000\000\000\000\000"
 546      00000000 
 547 042f 1D010000 		.ascii	"\035\001\000\000"
 548 0433 5F5F7261 		.ascii	"__ram7_clear__\000"
 548      6D375F63 
 548      6C656172 
 548      5F5F00
 549 0442 00       		.ascii	"\000"
 550 0443 02       		.ascii	"\002"
 551 0444 00       		.ascii	"\000"
 552 0445 00000000 		.ascii	"\000\000\000\000\000\000\000\000"
 552      00000000 
 553 044d 1F010000 		.ascii	"\037\001\000\000"
 554 0451 5F5F7261 		.ascii	"__ram7_noinit__\000"
 554      6D375F6E 
 554      6F696E69 
 554      745F5F00 
 555 0461 00       		.ascii	"\000"
 556 0462 02       		.ascii	"\002"
 557 0463 00       		.ascii	"\000"
 558 0464 00000000 		.ascii	"\000\000\000\000\000\000\000\000"
 558      00000000 
 559 046c 21010000 		.ascii	"!\001\000\000"
 560              		.text
 561              		.section	.gnu.lto_.opts,"",%progbits
 562 0000 272D666D 		.ascii	"'-fmath-errno' '-fsigned-zeros' '-ftrapping-math' '"
 562      6174682D 
 562      6572726E 
 562      6F272027 
 562      2D667369 
 563 0033 2D666E6F 		.ascii	"-fno-trapv' '-fno-openmp' '-fno-openacc' '-mcpu=cor"
 563      2D747261 
 563      70762720 
 563      272D666E 
 563      6F2D6F70 
 564 0066 7465782D 		.ascii	"tex-m4' '-mno-thumb-interwork' '-mthumb' '-ggdb' '-"
 564      6D342720 
 564      272D6D6E 
 564      6F2D7468 
 564      756D622D 
 565 0099 4F322720 		.ascii	"O2' '-fomit-frame-pointer' '-falign-functions=16' '"
 565      272D666F 
 565      6D69742D 
 565      6672616D 
 565      652D706F 
 566 00cc 2D666675 		.ascii	"-ffunction-sections' '-fdata-sections' '-fno-common"
 566      6E637469 
 566      6F6E2D73 
 566      65637469 
 566      6F6E7327 
 567 00ff 2720272D 		.ascii	"' '-flto'\000"
 567      666C746F 
 567      2700
 568              		.text
 569              		.comm	__gnu_lto_v1,1,1
 570              		.comm	__gnu_lto_slim,1,1
 571              		.ident	"GCC: (15:6.3.1+svn253039-1build1) 6.3.1 20170620"
ARM GAS  /tmp/ccojJIlA.s 			page 33


ARM GAS  /tmp/ccojJIlA.s 			page 34


DEFINED SYMBOLS
                            *ABS*:0000000000000000 crt1.c
                            *COM*:0000000000000001 __gnu_lto_v1
                            *COM*:0000000000000001 __gnu_lto_slim

NO UNDEFINED SYMBOLS
