ARM GAS  /tmp/ccGujzFR.s 			page 1


   1              		.cpu cortex-m4
   2              		.eabi_attribute 20, 1
   3              		.eabi_attribute 21, 1
   4              		.eabi_attribute 23, 3
   5              		.eabi_attribute 24, 1
   6              		.eabi_attribute 25, 1
   7              		.eabi_attribute 26, 1
   8              		.eabi_attribute 30, 2
   9              		.eabi_attribute 34, 1
  10              		.eabi_attribute 18, 4
  11              		.file	"hal.c"
  12              		.text
  13              	.Ltext0:
  14              		.section	.gnu.lto_.profile.55bc1a6a6ee481ec,"",%progbits
  15 0000 789C6365 		.ascii	"x\234ce`b`a```d\260c\007\000\001\003\000R"
  15      60626061 
  15      60606064 
  15      B0630700 
  15      01030052 
  16              		.text
  17              		.section	.gnu.lto_.icf.55bc1a6a6ee481ec,"",%progbits
  18 0000 789C6365 		.ascii	"x\234ce`b\340`@\000F\206\347\017\347\037\342b\000\000"
  18      6062E060 
  18      40004686 
  18      E70FE71F 
  18      E2620000 
  19 0014 10090344 		.ascii	"\020\011\003D"
  20              		.text
  21              		.section	.gnu.lto_.jmpfuncs.55bc1a6a6ee481ec,"",%progbits
  22 0000 789C6365 		.ascii	"x\234ce`b\340f@\000F\004\023\000\001\334\000\024"
  22      6062E066 
  22      40004604 
  22      130001DC 
  22      0014
  23              		.text
  24              		.section	.gnu.lto_.inline.55bc1a6a6ee481ec,"",%progbits
  25 0000 789C6365 		.ascii	"x\234ce`b0b@\000F\006\006N;F\240 \003\003\333\002y&"
  25      60623062 
  25      40004606 
  25      064E3B46 
  25      A0200303 
  26 0018 B010173E 		.ascii	"\260\020\027>\202\001\000=\236\001\216"
  26      8201003D 
  26      9E018E
  27              		.text
  28              		.section	.gnu.lto_.pureconst.55bc1a6a6ee481ec,"",%progbits
  29 0000 789C6365 		.ascii	"x\234ce`b`f```d\220\000\000\000\204\000$"
  29      60626066 
  29      60606064 
  29      90000000 
  29      840024
  30              		.text
  31              		.section	.gnu.lto_halInit.55bc1a6a6ee481ec,"",%progbits
  32 0000 789C75D0 		.ascii	"x\234u\320\277N\002A\020\006\360\357\333\205\343\012"
  32      BF4E0241 
  32      1006F0EF 
  32      DB85E30A 
ARM GAS  /tmp/ccGujzFR.s 			page 2


  33 0010 B58218C3 		.ascii	"\265\202\030\303\023\320\334\275\207oah,HL\344\001n"
  33      13D0DCBD 
  33      876F6168 
  33      2C484CE4 
  33      016E
  34 0022 D582040A 		.ascii	"\325\202\004\012l\010\241:b\003\3707\226\327]x\000\012"
  34      6C08A13A 
  34      6203F837 
  34      96D75D78 
  34      000A
  35 0034 5A2B95D8 		.ascii	"Z+\225\330\240\211\324\004tF-\2568'\231\314f\367\227"
  35      A089D404 
  35      74462DAE 
  35      382799CC 
  35      66F797
  36 0047 99CC1661 		.ascii	"\231\314\026a\320 \260\017\240*I\013\232\313\031p\346"
  36      D020B00F 
  36      A02A490B 
  36      9ACB1970 
  36      E6
  37 0058 1B520FCE 		.ascii	"\033R\017\316'\"\303\210]\333\267\234\266\336\022S\033"
  37      2722C388 
  37      5DDBB79C 
  37      B6DE1253 
  37      1B
  38 0069 3989B4FF 		.ascii	"9\211\264\377y\340\306)c\013\014$58b\015\302^\036\267"
  38      79E0C629 
  38      630B0C24 
  38      3538620D 
  38      C25E1EB7 
  39 007d BD5DAFF0 		.ascii	"\275]\257\360{\3171=\031\201\2079S\267\375j\271tq\305"
  39      7BCF313D 
  39      19818739 
  39      53B7FD6A 
  39      B97471C5 
  40 0091 D5A10FB4 		.ascii	"\325\241\017\264\345Ygt\254\321j\227\274\030\256\253"
  40      E5596774 
  40      ACD16A97 
  40      BC18AEAB 
  41 00a1 EAB54992 		.ascii	"\352\265I\222\274?\225\242\215\363c\313\201\225\016"
  41      BC3F95A2 
  41      8DF363CB 
  41      81950E
  42 00b0 9C30422C 		.ascii	"\2340B,V\335d'\337\031q\327\031\367\374\217\223\321"
  42      56DD6427 
  42      DF1971D7 
  42      19F7FC8F 
  42      93D1
  43 00c2 BCC9B8D5 		.ascii	"\274\311\270\325^\276+\210\273\315\270M9\337\025\305"
  43      5EBE2B88 
  43      BBCDB84D 
  43      39DF15C5 
  44 00d2 DD655C52 		.ascii	"\335e\\R\311w\236\270\373?\367\301\363\341k\217?P\243"
  44      C9779EB8 
  44      FB3FF7C1 
  44      F3E16B8F 
  44      3F50A3
ARM GAS  /tmp/ccGujzFR.s 			page 3


  45 00e5 2D5BCA3F 		.ascii	"-[\312?\310\012\225 \010\303\223fx|\324\010\233\247"
  45      C80A9520 
  45      08C39366 
  45      787CD408 
  45      9BA7
  46 00f7 75AD411D 		.ascii	"u\255A\035\337\322\236}w"
  46      DFD29E7D 
  46      77
  47              		.text
  48              		.section	.gnu.lto_.symbol_nodes.55bc1a6a6ee481ec,"",%progbits
  49 0000 789C55C8 		.ascii	"x\234U\310\275\015\303 \030\006\341\343\005<\227=\331"
  49      BD0DC320 
  49      1806E1E3 
  49      053C973D 
  49      D9
  50 0011 47910132 		.ascii	"G\221\0012\004U6\360\177\343\3323\304\222\347\210B\250"
  50      045536F0 
  50      7FE3DA33 
  50      C492E788 
  50      42A8
  51 0023 C235273D 		.ascii	"\3025'=\021\361\242\244Q\006\317\023\312\2464\200\333"
  51      11F1A2A4 
  51      5106CF13 
  51      CAA63480 
  51      DB
  52 0034 65AE0AA4 		.ascii	"e\256\012\244\324\027\330dj`\225\371\006\026Yh`\226"
  52      D417D864 
  52      6A6095F9 
  52      06165968 
  52      6096
  53 0046 C5062659 		.ascii	"\305\006&Y\367\017\236\216\374\3768O\344\250\017\334"
  53      F70F9E8E 
  53      FCFE384F 
  53      E4A80FDC 
  54 0056 F59EC7F5 		.ascii	"\365\236\307\365\273\310\365\216\243\234/\010S,\""
  54      BBC8F58E 
  54      A39C2F08 
  54      532C22
  55              		.text
  56              		.section	.gnu.lto_.refs.55bc1a6a6ee481ec,"",%progbits
  57 0000 789C6365 		.ascii	"x\234ce`b`d\000\002\000\000I\000\011"
  57      60626064 
  57      00020000 
  57      490009
  58              		.text
  59              		.section	.gnu.lto_.decls.55bc1a6a6ee481ec,"",%progbits
  60 0000 789C7592 		.ascii	"x\234u\222\375KSa\024\307\237s\257:\267fJTHX\014\177"
  60      FD4B5361 
  60      14C79F73 
  60      AF3AB766 
  60      4A544858 
  61 0016 3282DDB4 		.ascii	"2\202\335\264\376\200@\323\004MI\023\372!\206n\302\006"
  61      FE8040D3 
  61      044D4913 
  61      FA21866E 
  61      C206
  62 0028 43655B21 		.ascii	"Ce[!\364\313\365\205\014A\263(E\251\020$|I\347\234\357"
ARM GAS  /tmp/ccGujzFR.s 			page 4


  62      F4CBF585 
  62      0C41B328 
  62      45A91024 
  62      7C49E79C 
  63 003d 6F34410B 		.ascii	"o4A\013r\245\005\022\341\313\304P\372\251\214~\310J"
  63      72A50512 
  63      E1CBC450 
  63      FAA98C7E 
  63      C84A
  64 004f B0F33CCF 		.ascii	"\260\363<\317\275\273\227\302\303\316\363r\236\363\371"
  64      BDBB97C2 
  64      C3CEF372 
  64      9EF3F9
  65 005e 3EE7B93B 		.ascii	">\347\271;\261D \215\"!y@\310=B\310\001\232\200\363"
  65      B144208D 
  65      22217940 
  65      C83D42C8 
  65      019A80F3 
  66 0072 00D1CC80 		.ascii	"\000\321\314\200\356G\017\240\007\321G\320\307\320'"
  66      EE470FA0 
  66      07D147D0 
  66      C7D027
  67 0081 D0A7C8FF 		.ascii	"\320\247\310\377v\023\265P\222\224\240\317\352\264T"
  67      7613B550 
  67      9294A0CF 
  67      EAB454
  68 0090 9D29851D 		.ascii	"\235)\205\035S\264\202\212\366\277\326&\302X\323\374"
  68      53B4828A 
  68      F6BFD626 
  68      C258D3FC 
  69 00a0 ACB0016B 		.ascii	"\254\260\001k\2005A\022\213\002\360\021\230\263\355"
  69      80354112 
  69      8B02F011 
  69      98B3ED
  70 00af 816A002C 		.ascii	"\201j\000,\216Q\201\215<\221\205@%\224\275\240l\005"
  70      8E51818D 
  70      3C918540 
  70      2594BDA0 
  70      6C05
  71 00c1 4592FD14 		.ascii	"E\222\375\024\030t\212\374\230\337\244\032\341\351\274"
  71      18748AFC 
  71      98DFA41A 
  71      E1E9BC
  72 00d0 12C2D439 		.ascii	"\022\302\3249\015\202v\001\200\036\320\011\362\262\225"
  72      0D827601 
  72      801ED009 
  72      F2B295
  73 00df F3687D44 		.ascii	"\363h}D{\034\250\257\377\336\036\3361E`\235F;/\001\213"
  73      7B1CA8AF 
  73      FFDE1EDE 
  73      3145609D 
  73      463B2F01 
  74 00f4 ED0ECB5B 		.ascii	"\355\016\313[&Q\000\272\216\374\352\311\266\366\313"
  74      265100BA 
  74      8EFCEAC9 
  74      B6F6CB
  75 0103 DCE24F69 		.ascii	"\334\342Oi\237m\341\340g(\261Y\204c&\020p\373a7\374"
ARM GAS  /tmp/ccGujzFR.s 			page 5


  75      9F6DE1E0 
  75      6728B159 
  75      84632610 
  75      70FB6137 
  76 0118 F4086E8F 		.ascii	"\364\010n\217\233 \011\267{5+s\246\344VF\325\311I\002"
  76      9B2009B7 
  76      7B352B73 
  76      A6E45646 
  76      D5C94902 
  77 012c 949C847E 		.ascii	"\224\234\204~H\201\027\220\202\227\017@2\216e1\\in\271"
  77      48811790 
  77      82970F40 
  77      328E6531 
  77      5C696EB9 
  78 0140 69DA94DA 		.ascii	"i\332\224\332)wn\312\241H\355\231\326:\271\007)\013"
  78      29776ECA 
  78      A148ED99 
  78      D63AB907 
  78      290B
  79 0152 CD825E10 		.ascii	"\315\202^\020\241\017\254\264b\\\342\330\003\021\200"
  79      A10FACB4 
  79      625CE2D8 
  79      031180
  80 0161 6ED8C0F7 		.ascii	"n\330\300\367\370!\025\351\206\340\327H\254x\226\025"
  80      F82115E9 
  80      86E0D748 
  80      AC789615 
  81 0171 FB20B8BC 		.ascii	"\373 \270\274%\242\322\246,\207^\277:W\323u7T\310n\203"
  81      25A2D2A6 
  81      2C875EBF 
  81      3A57D375 
  81      3754C86E 
  82 0186 414D6790 		.ascii	"AMg\220\352\320E\200\361\341\235\365;b>\303\375\217"
  82      EAD04580 
  82      F1E19DF5 
  82      3B623EC3 
  82      FD8F
  83 0198 97BE1914 		.ascii	"\227\276\031\024\374O\207\345\323\363(>\244\341C*\036"
  83      FC4F87E5 
  83      D3F3283E 
  83      A4E1432A 
  83      1E
  84 01a9 64F8D29B 		.ascii	"d\370\322\233\256\375\004\261\001\230@\353\314\334\242"
  84      AEFD04B1 
  84      019840EB 
  84      CCDCA2
  85 01b8 5111F8D1 		.ascii	"Q\021\370\321\233\026\016\312\365\261\214\037\326\370"
  85      9B160ECA 
  85      F5B18C1F 
  85      D6F8
  86 01c6 61951F61 		.ascii	"a\225\037a|s[h5N\034\344|\313\374\332v\242Z\200?\355"
  86      7C735B68 
  86      354E1CE4 
  86      7CCBFCDA 
  86      76A25A80 
  87 01dc 65941FD5 		.ascii	"e\224\037\325\370Q\225\037c|_\177\373\266Q\\\341\374"
  87      F851951F 
ARM GAS  /tmp/ccGujzFR.s 			page 6


  87      637C5F7F 
  87      FBB6515C 
  87      E1FC
  88 01ee C2CE9766 		.ascii	"\302\316\227f\365\376\325\031\313~\224\037\327\370q"
  88      F5FED519 
  88      CB7E941F 
  88      D7F871
  89 01fd 959F607C 		.ascii	"\225\237`|\373\263\373\001Q|\304\377\354\207\035\373"
  89      FBB3FB01 
  89      517CC4FF 
  89      EC871DFB 
  90 020d EF04855F 		.ascii	"\357\004\205_\014\247\375\356\216~\200IM`R\025\230b"
  90      0CA7FDEE 
  90      8E7E8049 
  90      4D605215 
  90      9862
  91 021f 02EFEB03 		.ascii	"\002\357\353\003OD\336\0071\264\237\336v|>\312\373\300"
  91      4F44DE07 
  91      31B49FDE 
  91      767C3ECA 
  91      FBC0
  92 0231 42DB67EF 		.ascii	"B\333g\357\343\206\331\334(\313\265rK\235l\274\302\304"
  92      E386D9DC 
  92      28CBB572 
  92      4B9D6CBC 
  92      C2C4
  93 0243 66B011A6 		.ascii	"f\260\021\246Y#\314\202\231I\321\331\340,u\347V\270"
  93      5923CC82 
  93      9949D1D9 
  93      E02C75E7 
  93      56B8
  94 0255 7CF13957 		.ascii	"|\3619W\257[2\323\323\311\011\253U\222*\275\022\306"
  94      AF5B32D3 
  94      D3C909AB 
  94      55922ABD 
  94      12C6
  95 0267 25AFC74E 		.ascii	"%\257\307Ng\253\235\304y}4+Ew\350\252\260\273o9\312"
  95      67AB9DC4 
  95      797D342B 
  95      4577E8AA 
  95      B0BB6F39 
  96 027c E9DAE6F5 		.ascii	"\351\332\346\365Y\235\304XVY\352q\3204I\227\306\202"
  96      599DC458 
  96      5659EA71 
  96      D0344997 
  96      C682
  97 028e 5EA9A8D8 		.ascii	"^\251\250\330VT\234\177!#\373\242-+\267(\263\240\344"
  97      56549C7F 
  97      2123FBA2 
  97      2D2BB728 
  97      B3A0E4
  98 02a1 F2B51BFC 		.ascii	"\362\265\033\374\014\3118/\303,\207\251\227{\\X\205"
  98      0CC9382F 
  98      C32C87A9 
  98      977B5C58 
  98      85
  99 02b2 93184A1D 		.ascii	"\223\030J\035v\232x\372\220D<\306\254\004[\025\256\335"
ARM GAS  /tmp/ccGujzFR.s 			page 7


  99      769A78FA 
  99      90443CC6 
  99      AC045B15 
  99      AEDD
 100 02c4 6E87CD85 		.ascii	"n\207\315\205\271\347u\271U\225\036\037-\005\353\220"
 100      B9E775B9 
 100      55951E1F 
 100      2D05EB90 
 101 02d4 F2F2B2A4 		.ascii	"\362\362\262\244\234\302\334\202\333\031\014U\020\304"
 101      9CC2DC82 
 101      DB190C55 
 101      10C4
 102 02e2 CD4E1D7D 		.ascii	"\315N\035}\356\020ZyKu\265\344\214\202\177\001\245\345"
 102      EE105A79 
 102      4B75B5E4 
 102      8C827F01 
 102      A5E5
 103 02f4 653B     		.ascii	"e;"
 104              		.text
 105              		.section	.gnu.lto_.symtab.55bc1a6a6ee481ec,"",%progbits
 106 0000 68616C49 		.ascii	"halInit\000"
 106      6E697400 
 107 0008 00       		.ascii	"\000"
 108 0009 00       		.ascii	"\000"
 109 000a 00       		.ascii	"\000"
 110 000b 00000000 		.ascii	"\000\000\000\000\000\000\000\000"
 110      00000000 
 111 0013 AE000000 		.ascii	"\256\000\000\000"
 112 0017 7374496E 		.ascii	"stInit\000"
 112      697400
 113 001e 00       		.ascii	"\000"
 114 001f 02       		.ascii	"\002"
 115 0020 00       		.ascii	"\000"
 116 0021 00000000 		.ascii	"\000\000\000\000\000\000\000\000"
 116      00000000 
 117 0029 B0000000 		.ascii	"\260\000\000\000"
 118 002d 626F6172 		.ascii	"boardInit\000"
 118      64496E69 
 118      7400
 119 0037 00       		.ascii	"\000"
 120 0038 02       		.ascii	"\002"
 121 0039 00       		.ascii	"\000"
 122 003a 00000000 		.ascii	"\000\000\000\000\000\000\000\000"
 122      00000000 
 123 0042 B2000000 		.ascii	"\262\000\000\000"
 124 0046 7364496E 		.ascii	"sdInit\000"
 124      697400
 125 004d 00       		.ascii	"\000"
 126 004e 02       		.ascii	"\002"
 127 004f 00       		.ascii	"\000"
 128 0050 00000000 		.ascii	"\000\000\000\000\000\000\000\000"
 128      00000000 
 129 0058 B4000000 		.ascii	"\264\000\000\000"
 130 005c 61646349 		.ascii	"adcInit\000"
 130      6E697400 
 131 0064 00       		.ascii	"\000"
 132 0065 02       		.ascii	"\002"
ARM GAS  /tmp/ccGujzFR.s 			page 8


 133 0066 00       		.ascii	"\000"
 134 0067 00000000 		.ascii	"\000\000\000\000\000\000\000\000"
 134      00000000 
 135 006f B6000000 		.ascii	"\266\000\000\000"
 136 0073 5F70616C 		.ascii	"_pal_lld_init\000"
 136      5F6C6C64 
 136      5F696E69 
 136      7400
 137 0081 00       		.ascii	"\000"
 138 0082 02       		.ascii	"\002"
 139 0083 00       		.ascii	"\000"
 140 0084 00000000 		.ascii	"\000\000\000\000\000\000\000\000"
 140      00000000 
 141 008c B8000000 		.ascii	"\270\000\000\000"
 142 0090 68616C5F 		.ascii	"hal_lld_init\000"
 142      6C6C645F 
 142      696E6974 
 142      00
 143 009d 00       		.ascii	"\000"
 144 009e 02       		.ascii	"\002"
 145 009f 00       		.ascii	"\000"
 146 00a0 00000000 		.ascii	"\000\000\000\000\000\000\000\000"
 146      00000000 
 147 00a8 BA000000 		.ascii	"\272\000\000\000"
 148              		.text
 149              		.section	.gnu.lto_.opts,"",%progbits
 150 0000 272D666D 		.ascii	"'-fmath-errno' '-fsigned-zeros' '-ftrapping-math' '"
 150      6174682D 
 150      6572726E 
 150      6F272027 
 150      2D667369 
 151 0033 2D666E6F 		.ascii	"-fno-trapv' '-fno-openmp' '-fno-openacc' '-mcpu=cor"
 151      2D747261 
 151      70762720 
 151      272D666E 
 151      6F2D6F70 
 152 0066 7465782D 		.ascii	"tex-m4' '-mno-thumb-interwork' '-mthumb' '-ggdb' '-"
 152      6D342720 
 152      272D6D6E 
 152      6F2D7468 
 152      756D622D 
 153 0099 4F322720 		.ascii	"O2' '-fomit-frame-pointer' '-falign-functions=16' '"
 153      272D666F 
 153      6D69742D 
 153      6672616D 
 153      652D706F 
 154 00cc 2D666675 		.ascii	"-ffunction-sections' '-fdata-sections' '-fno-common"
 154      6E637469 
 154      6F6E2D73 
 154      65637469 
 154      6F6E7327 
 155 00ff 2720272D 		.ascii	"' '-flto'\000"
 155      666C746F 
 155      2700
 156              		.text
 157              		.comm	__gnu_lto_v1,1,1
 158              		.comm	__gnu_lto_slim,1,1
ARM GAS  /tmp/ccGujzFR.s 			page 9


 159              		.ident	"GCC: (15:6.3.1+svn253039-1build1) 6.3.1 20170620"
ARM GAS  /tmp/ccGujzFR.s 			page 10


DEFINED SYMBOLS
                            *ABS*:0000000000000000 hal.c
                            *COM*:0000000000000001 __gnu_lto_v1
                            *COM*:0000000000000001 __gnu_lto_slim

NO UNDEFINED SYMBOLS
