ARM GAS  /tmp/cct2NpVk.s 			page 1


   1              		.cpu cortex-m4
   2              		.eabi_attribute 20, 1
   3              		.eabi_attribute 21, 1
   4              		.eabi_attribute 23, 3
   5              		.eabi_attribute 24, 1
   6              		.eabi_attribute 25, 1
   7              		.eabi_attribute 26, 1
   8              		.eabi_attribute 30, 2
   9              		.eabi_attribute 34, 1
  10              		.eabi_attribute 18, 4
  11              		.file	"hal_pal_lld.c"
  12              		.text
  13              	.Ltext0:
  14              		.section	.gnu.lto_.profile.9b8b6023f2ac1477,"",%progbits
  15 0000 789C6365 		.ascii	"x\234ce`b`c```d\230\3018\205\021\000\004:\001="
  15      60626063 
  15      60606064 
  15      98C13885 
  15      1100043A 
  16              		.text
  17              		.section	.gnu.lto_.icf.9b8b6023f2ac1477,"",%progbits
  18 0000 789C6365 		.ascii	"x\234ce`b\220g@\000V\206\231o&<\347f\2747\371g%\323"
  18      60629067 
  18      40005686 
  18      996F263C 
  18      E766BC37 
  19 0018 F5C76B1F 		.ascii	"\365\307k\037\2622\277?\271n\017+K\363\273)\177\031"
  19      B232BF3F 
  19      B96E0F2B 
  19      4BF3BB29 
  19      7F19
  20 002a 1900FDF6 		.ascii	"\031\000\375\366\017\227"
  20      0F97
  21              		.text
  22              		.section	.gnu.lto_.jmpfuncs.9b8b6023f2ac1477,"",%progbits
  23 0000 789C6365 		.ascii	"x\234ce`b\220c@\000\026 fbfddd\257\257\257g\2061X\230"
  23      60629063 
  23      40001620 
  23      66626664 
  23      6464AFAF 
  24 001a 18199918 		.ascii	"\030\031\231\030\352\031\0005p\003\314"
  24      EA190035 
  24      7003CC
  25              		.text
  26              		.section	.gnu.lto_.inline.9b8b6023f2ac1477,"",%progbits
  27 0000 789C6365 		.ascii	"x\234ce`b\230\300\200\000,\014\014\034W\030\030\031"
  27      606298C0 
  27      80002C0C 
  27      0C1C5718 
  27      1819
  28 0012 98B8EE34 		.ascii	"\230\270\3564r1\260-\220g\002\21121\234c\330\313\304"
  28      7231B02D 
  28      90670289 
  28      32319C63 
  28      D8CBC4
  29 0025 C8C8A4C0 		.ascii	"\310\310\244\300\310\300\300\234\327r^\201Ab\316Ef&"
  29      C8C0C09C 
ARM GAS  /tmp/cct2NpVk.s 			page 2


  29      D7725E81 
  29      4162CE45 
  29      6626
  30 0037 06B139BB 		.ascii	"\006\2619\273\230X@*\230\031tT\030\231\031A\362\014"
  30      9858402A 
  30      98197454 
  30      18991941 
  30      F20C
  31 0049 2002AC92 		.ascii	" \002\254\222M\247\341\027#\304\020\241;u,\014l\037"
  31      4DA7E117 
  31      23C410A1 
  31      3B752C0C 
  31      6C1F
  32 005b F4381898 		.ascii	"\3648\030\230.\360\3630\360<\210\025\000\333\306\302"
  32      2EF0F330 
  32      F03C8815 
  32      00DBC6C2 
  33 006b 2025CCC8 		.ascii	" %\314\310\010\326\307\2541\3431T5\333\015%\026\210"
  33      08D6C7AC 
  33      31E33154 
  33      35DB0D25 
  33      1688
  34 007d 6300B226 		.ascii	"c\000\262&\026)"
  34      1629
  35              		.text
  36              		.section	.gnu.lto_.pureconst.9b8b6023f2ac1477,"",%progbits
  37 0000 789C6365 		.ascii	"x\234ce`b\340d```a\220`\222b\226b\221\002\000\002\317"
  37      6062E064 
  37      60606061 
  37      90609262 
  37      96629102 
  38 0017 0084     		.ascii	"\000\204"
  39              		.text
  40              		.section	.gnu.lto__pal_lld_init.9b8b6023f2ac1477,"",%progbits
  41 0000 789C8553 		.ascii	"x\234\205S\315KTQ\024?\277{\336\274yHN-+f1\033\027n"
  41      CD4B5451 
  41      143FBF7B 
  41      DEBC7948 
  41      4E2D2B66 
  42 0018 E6A5F627 		.ascii	"\346\245\366'\004\021\030\006\265\217\250E\301\200\222"
  42      04111806 
  42      B58FA845 
  42      C18092
  43 0027 D1766EA3 		.ascii	"\321vn\243)\250e\005\251\2052\301\020c\037\316\207N"
  43      29A86505 
  43      A98532C1 
  43      10631FCE 
  43      874E
  44 0039 1F0319AF 		.ascii	"\037\003\031\257q\240\2421I\252M\233\312\212\012[\024"
  44      71A0A231 
  44      49AA4D9B 
  44      CA8A0A5B 
  44      14
  45 004a 06193476 		.ascii	"\006\0314v\356{\026\265\251\307\273\357\336{>~\347w"
  45      EE7B16B5 
  45      A9C7BBEF 
  45      DE7B3E7E 
ARM GAS  /tmp/cct2NpVk.s 			page 3


  45      E777
  46 005c 7FE7BE10 		.ascii	"\177\347\276\020)*(\242\355D\324!\0036A\235yLt\302Q"
  46      292A28A2 
  46      ED44D421 
  46      0336419D 
  46      794C74C2 
  47 0071 B0820507 		.ascii	"\260\202\005\007\213{\216\245\270\372\220H7\204j\026"
  47      8B7B8EA5 
  47      B8FA9048 
  47      37846A16 
  48 0081 E90D21C0 		.ascii	"\351\015!\300\330\265\003J*\266BH*\213\340Y\330\344"
  48      D8B5034A 
  48      2AB64248 
  48      2A8BE059 
  48      D8E4
  49 0093 7F048D86 		.ascii	"\177\004\215\206y\224Q\351\177WV\315Y-\2177Z\337\242"
  49      799451E9 
  49      7F5756CD 
  49      592D8F37 
  49      5ADFA2
  50 00a6 273DA499 		.ascii	"'=\244\231\350\002\223\377 \213f\222\260'\275\205q>"
  50      E80293FF 
  50      208B6692 
  50      B027BD85 
  50      713E
  51 00b8 CD69062C 		.ascii	"\315i\006,\331~\236\277\270\0241[\205\230l/?\232\273"
  51      D97E9EBF 
  51      B814315B 
  51      85986C2F 
  51      3F9ABB
  52 00cb 1BE13698 		.ascii	"\033\3416\230\310\247\272\264\206\246\214\326)\355="
  52      C8A7BAB4 
  52      86A68CD6 
  52      29ED3D
  53 00da 1FDB7CB6 		.ascii	"\037\333|\266G?\320V\232\031W\301\202\212+\210b\022"
  53      473FD056 
  53      9A1957C1 
  53      828A2B88 
  53      6212
  54 00ec 511F5DC2 		.ascii	"Q\037]\302_\027\353\347\033m\013\327\320\024\024\305"
  54      5F17EBE7 
  54      1B6D0BD7 
  54      D01414C5 
  55 00fc 75D890C9 		.ascii	"u\330\220\311X\362\213\360t}\255_{\365,2KC\010\203\214"
  55      58F28BF0 
  55      747DAD5F 
  55      7BF52C32 
  55      4B430883 
  56 0111 DDF6BF44 		.ascii	"\335\366\277D\003\222 \247\035d%\023\277E\352\322\314"
  56      039220A7 
  56      1D642513 
  56      BF45EAD2 
  56      CC
  57 0122 D0561F40 		.ascii	"\320V\037@\334\002\236_.\2576\032\232,yS~\321Af\022"
  57      DC029E5F 
  57      2EAF361A 
  57      9A2C7953 
ARM GAS  /tmp/cct2NpVk.s 			page 4


  57      7ED14166 
  58 0137 9DF80352 		.ascii	"\235\370\003R+\357Oe`\242%r\344de!l\"-\377\020\345\362"
  58      2BEF4F65 
  58      60A22572 
  58      E4646521 
  58      6C222DFF 
  59 014e F28B70F2 		.ascii	"\362\213p\362\207v\304\220\341\200\351\307\332\263j"
  59      8776C490 
  59      E180E9C7 
  59      DAB36A
  60 015d 431A13A2 		.ascii	"C\032\023\242O\010y$\2213\200\3061;\373\212[\362F\302"
  60      4F087924 
  60      913380C6 
  60      313BFB8A 
  60      5BF246C2 
  61 0171 589A6D14 		.ascii	"X\232m\024 QR1H\3736\276\372\235\335\251uo\030E\264"
  61      20515231 
  61      48FB36BE 
  61      FA9DDDA9 
  61      756F1845 
  62 0186 8CF9E262 		.ascii	"\214\371\342b\032\356\237\225\315\331f\004\3220s\326"
  62      1AEE9F95 
  62      CDD96604 
  62      D23073D6 
  63 0196 69FD9747 		.ascii	"i\375\227G\351\037<n\374\305\2432|g\332\371\315\303"
  63      E91F3C6E 
  63      FCC5A332 
  63      7C67DAF9 
  63      CDC3
  64 01a8 C14DC3C3 		.ascii	"\301M\303\3038q\013.\342\246n\317H\337|\361\245/\311"
  64      38710B2E 
  64      E2A66ECF 
  64      48DF7CF1 
  64      A52FC9
  65 01bb 04CB0B49 		.ascii	"\004\313\013I+U\357\3679\201\204\300m\251$*\307~I,Q"
  65      2B55EFF7 
  65      398184C0 
  65      6DA9242A 
  65      C77E492C 
  66 01d0 BEA416C9 		.ascii	"\276\244\026\311]\023\375\025\005V\320\033\364.\314"
  66      5D13FD15 
  66      0556D01B 
  66      F42ECC
  67 01df 45032403 		.ascii	"E\003$\003\223\373\262\222\263\003\230\215(\007\355"
  67      93FBB292 
  67      B303988D 
  67      2807ED
  68 01ee FF2A88D2 		.ascii	"\377*\210\322\024\265h\252\361\271\210\000\205L\037"
  68      14B568AA 
  68      F1B98800 
  68      854C1F
  69 01fd 3F491FA5 		.ascii	"?I\037\245\327&\331\277%\003\202W\263\344?\330\026\217"
  69      D726D9BF 
  69      25038257 
  69      B3E43FD8 
  69      168F
  70 020f BB6E67B7 		.ascii	"\273ng\267{\370@\302\355\352<z\254\333\335\273ow[\253"
ARM GAS  /tmp/cct2NpVk.s 			page 5


  70      7BF840C2 
  70      EDEA3C7A 
  70      ACDBDDBB 
  70      6F775BAB 
  71 0223 DBDEBEC3 		.ascii	"\333\336\276\303\335\271gW\307\361V\343\332\337%#\221"
  71      DDB96757 
  71      C7F156E3 
  71      DADF2523 
  71      91
  72 0234 38143F48 		.ascii	"8\024?H8\362\023\236k\354_"
  72      38F2139E 
  72      6BEC5F
  73              		.text
  74              		.section	.gnu.lto__pal_lld_setgroupmode.9b8b6023f2ac1477,"",%progbits
  75 0000 789CA557 		.ascii	"x\234\245W{P\224\327\025\277\347\273\337>XvA1M\210\020"
  75      7B5094D7 
  75      15BFE7BB 
  75      DF3E5876 
  75      41314D88 
  76 0015 431229D1 		.ascii	"C\022)\321(\253\230D\306Xu\214\326GA\240\355\037\355"
  76      28AB9844 
  76      C658758C 
  76      D64741A0 
  76      ED1FED
  77 0028 5F8DAD76 		.ascii	"_\215\255v\222)\024\006I\332\316d\332Up}\033\033_\225"
  77      92291406 
  77      49DACE64 
  77      DA55707D 
  77      1B1B5F95 
  78 003c B803D124 		.ascii	"\270\003\321$\250\251\012\025\213\030m\020P\304\010"
  78      A8A90A15 
  78      8B186D10 
  78      50C408
  79 004b 4A4C9A80 		.ascii	"JL\232\200\321\370$\242!\032\324\212\224G\3179\367["
  79      D1F824A2 
  79      211AD48A 
  79      9447CF39 
  79      F75B
  80 005d F6E1761C 		.ascii	"\366\341v\034\006f\276\303\375\316\375\375\316=\277"
  80      0666BEC3 
  80      FDCEFDFD 
  80      CE3DBF
  81 006c 7BCFBDDF 		.ascii	"{\317\275\337]\223\320\304kQB\374A\010\261\037\037\210"
  81      5D93D0C4 
  81      6B5142FC 
  81      4108B11F 
  81      1F88
  82 007e 14A0AD6B 		.ascii	"\024\240\255k\024b\261U\003\251\032R\323\227'\010\227"
  82      1462B155 
  82      03A91A52 
  82      D3972708 
  82      97
  83 008f CD4ED6AE 		.ascii	"\315N\326\256k\246[?\300\267\260\342d|3if\356\263p\237"
  83      6BA65B3F 
  83      C0B7B0E2 
  83      647C3369 
  83      66EEB370 
ARM GAS  /tmp/cct2NpVk.s 			page 6


  84 00a4 19AC8A62 		.ascii	"\031\254\212b\3616\254`W\2150\315\306\300p\006\332\274"
  84      F136AC60 
  84      578D30CD 
  84      C6C07006 
  84      DABC
  85 00b6 EE706FC3 		.ascii	"\356po\303\256E\024X\260\337\261\272N \300\241\006?"
  85      AE451458 
  85      B0DFB1BA 
  85      4E20C0A1 
  85      063F
  86 00c8 628D00A0 		.ascii	"b\215\000\240\206\313\012\342/\232\324Mf\2135\314\026"
  86      86CB0AE2 
  86      2F9AD44D 
  86      668B35CC 
  86      16
  87 00d9 6E774400 		.ascii	"nwD\000\276\012\365\367\226\334,\241zYk\2456\252\304"
  87      BE0AF5F7 
  87      96DC2CA1 
  87      7A596BA5 
  87      36AAC4
  88 00ec 857F559B 		.ascii	"\205\177U\233\317\233\335\256\245\321E\010\330b\200"
  88      CF9BDDAE 
  88      A5D14508 
  88      D86280
  89 00fb A0044621 		.ascii	"\240\004F!\252\251\240t\253\\+\213$\200\216\257\337"
  89      AAA9A074 
  89      AB5C2B8B 
  89      24808EAF 
  89      DF
  90 010c 37145E8E 		.ascii	"7\024^\216\240W\015\342\360\265\246\261\357\200MN\000"
  90      A0570DE2 
  90      F0B5A6B1 
  90      EF804D4E 
  90      00
  91 011d 81ED25DB 		.ascii	"\201\355%\333\266\324:\022\336w\271\226\270\252\272"
  91      B6D43A12 
  91      DE77B996 
  91      B8AABA
  92 012c 3748D7C8 		.ascii	"7H\327\310\")a\027H\014\010;!\026v@\254@\227\200\017"
  92      22296117 
  92      480C083B 
  92      21167640 
  92      AC409780 
  93 0141 2101E17D 		.ascii	"!\001\341}\037\224\256\260\312d\246\336\337x\334\003"
  93      1F94AEB0 
  93      CA64A6DE 
  93      DF78DC03 
  94 0151 06F5D83B 		.ascii	"\006\365\330;Q\033\363]\263\213\244\016\177\017&\353"
  94      511BF35D 
  94      B38BA40E 
  94      7F0F26EB 
  95 0161 027633F9 		.ascii	"\002v3\371\366\276\367\327\207\313\0371\371\223\265"
  95      F6BEF7D7 
  95      87CB1F31 
  95      F993B5
  96 0170 877F6170 		.ascii	"\207\177ap\033\337\031\276\201\271&\330\023\3145\011"
  96      1BDF19BE 
ARM GAS  /tmp/cct2NpVk.s 			page 7


  96      81B926D8 
  96      13CC3509 
  97 0180 D80B0944 		.ascii	"\330\013\011DX\275x\347\005)\2473\371\352\231\313\327"
  97      58BD78E7 
  97      0529A733 
  97      F9EA99CB 
  97      D7
  98 0191 207EBB1A 		.ascii	" ~\273\032yk\364_\363]\307]z\2214Ci \237\376\020\276"
  98      796BF45F 
  98      F35DC75D 
  98      7A913443 
  98      69209FFE 
  99 01a7 B3EFD4DB 		.ascii	"\263\357\324\333V\371c\246\376\367t\267\333jP\273b\266"
  99      56F963A6 
  99      FEF774B7 
  99      DB6A50BB 
  99      62B6
 100 01b9 B8AA0AE2 		.ascii	"\270\252\012\342\210\370\217\220\304\233\353\2176h\362"
 100      88F88F90 
 100      C49BEB8F 
 100      3668F2
 101 01c8 274C5C5B 		.ascii	"'L\\[\324p1\302 v\370\210\345!\211\255_\346o1\313\014"
 101      D47031C2 
 101      2076F888 
 101      E52189AD 
 101      5FE66F31 
 102 01de 265E5F5B 		.ascii	"&^_[~\306f\020\257\373\210\377\014I\\\327\323\3542\313"
 102      7EC66610 
 102      AFFB88FF 
 102      0C495CD7 
 102      D3EC32CB 
 103 01f2 5F32B1E9 		.ascii	"_2\261\351\366\276]\272A\274\344#\036\010I\\s\263\363"
 103      F6BE5DBA 
 103      41BCE423 
 103      1E08495C 
 103      73B3F3
 104 0205 5D5DBEC2 		.ascii	"]]\276\302\304\272\257\232\256ySm\361\021\017\206$^"
 104      C4BAAF9A 
 104      AE79536D 
 104      F1110F86 
 104      245E
 105 0217 2AEBDDE8 		.ascii	"*\353\335\3500\353\360\021\304C%>\025\370\354\307g\037"
 105      30EBF011 
 105      C443253E 
 105      15F8ECC7 
 105      671F
 106 0229 3E6510AF 		.ascii	">e\020\257*\013\016\201\031\204\260\375?\024\306\351"
 106      2A0B0E81 
 106      1984B0FD 
 106      3F14C6E9 
 107 0239 692BFBD0 		.ascii	"i+\373\320&\177\313\011|p\250g\2157\201\363[\207\274"
 107      267FCB09 
 107      7C70A867 
 107      8D3781F3 
 107      5B87BC
 108 024c DDBF3E87 		.ascii	"\335\277>\207\037L\001\376\305\364\215m\255e\272\314"
 108      1F4C01FE 
ARM GAS  /tmp/cct2NpVk.s 			page 8


 108      C5F48D6D 
 108      AD65BACC 
 109 025c 667A47EF 		.ascii	"fzG\357\261\257\275\313\373\331z\351z\317\245\021\371"
 109      B1AFBDCB 
 109      FBD97AE9 
 109      7ACFA511 
 109      F9
 110 026d E310E42A 		.ascii	"\343\020\344*&\257\271\361\326*\220\271L\376\306}#\337"
 110      26AFB9F1 
 110      D62A90B9 
 110      4CFEC67D 
 110      23DF
 111 027f 6E90EFF8 		.ascii	"n\220\357\370\310GB\220\253\231\274\372bqI\230|\235"
 111      C8474290 
 111      AB99BCFA 
 111      62714998 
 111      7C9D
 112 0291 C92B0F5C 		.ascii	"\311+\017\\\371\241w\340\015\375\334\232\020\334Z\210"
 112      F9A177E0 
 112      0DFDDC9A 
 112      10DC5A88 
 113 02a1 DFFB2954 		.ascii	"\337\373)T\271z\373\226a\005\307\234-?\031\365S\340"
 113      B97AFB96 
 113      6105C79C 
 113      2D3F19F5 
 113      53E0
 114 02b3 42D704CD 		.ascii	"B\327\004\315\022\342q\236\260\364q\246\260\210q\256"
 114      12E2719E 
 114      B0F471A6 
 114      B08871AE 
 115 02c3 CC8266CA 		.ascii	"\314\202f\312\006T\320\341\214\261c\201[\034\014\214"
 115      0654D0E1 
 115      8CB16381 
 115      5B1C0C8C 
 116 02d3 A06624A3 		.ascii	"\240f$\243\207Ps(S\242\2509L\320,?\002\024\373Qr<F&"
 116      87507328 
 116      53A2A839 
 116      4CD02C3F 
 116      0214FB51 
 117 02eb 9ACCE33C 		.ascii	"\232\314\343<{\303\261i\215\341\271\240-cy\202\336G"
 117      7BC3B169 
 117      8DE1B9A0 
 117      2D637982 
 117      DE47
 118 02fd B0BC27A9 		.ascii	"\260\274'\251\031\307\331>\005\264\205\237&\3003dF\222"
 118      19C7D93E 
 118      05B4859F 
 118      26C03364 
 118      4692
 119 030f 89279340 		.ascii	"\211'\223@\346Y2\243\310\214&3\206\314X2\211d\306\221"
 119      E65932A3 
 119      C88C2633 
 119      86CC5832 
 119      8964C691 
 120 0323 194F2689 		.ascii	"\031O&\211\314\0042/\220y\221\314D2\311d&\221y\211\314"
 120      CC04322F 
 120      907991CC 
ARM GAS  /tmp/cct2NpVk.s 			page 9


 120      4432C964 
 120      26917989 
 121 0338 643253C8 		.ascii	"d2S\310L%3\215\314t2/\223\231Af&\231Ydf\223\231Cf.\231"
 121      4C25338D 
 121      CC74322F 
 121      93994166 
 121      26995964 
 122 0353 149EC754 		.ascii	"\024\236\307T\236\230y<'i<\035\351<k\031<\217B\254\304"
 122      9E98793C 
 122      27693C1D 
 122      E93C6B19 
 122      3C8F42AC 
 123 0368 C2C4B374 		.ascii	"\302\304\263t\225\324\360\237l\203\374n\367\341\212"
 123      95D4F09F 
 123      6C83FC6E 
 123      F7E18A
 124 0377 1CAA548F 		.ascii	"\034\252T\217\014\367H\033\035\226\035\245%v:\367, "
 124      0CF7481B 
 124      1D961DA5 
 124      25763AF7 
 124      2C20
 125 0389 E1282EDD 		.ascii	"\341(.\335UX\022\307\265\214q\020%\220\325\341n\250"
 125      555812C7 
 125      B58C7110 
 125      2590D5E1 
 125      6EA8
 126 039b 28958A66 		.ascii	"(\225\212fW\264\243}\367\252\"\211f\005\015\216!\215"
 126      57B4A37D 
 126      F7AA2289 
 126      66050D8E 
 126      218D
 127 03ad 83D71B20 		.ascii	"\203\327\033 \007\342\020T^[\347\266\252\330\000u\376"
 127      07E21054 
 127      5E5BE7B6 
 127      AAD80075 
 127      FE
 128 03be B12B29B6 		.ascii	"\261+)\266C\305>WQn\320\"06\214\011\212\025\211\376"
 128      43C53E57 
 128      516ED022 
 128      30368C09 
 128      8A1589FE 
 129 03d2 C0C42A88 		.ascii	"\300\304*\210\034\251\310\355\375\211\015Q\211\325\277"
 129      1CA9C8ED 
 129      FD890D51 
 129      89D5BF
 130 03e1 77B0DBAE 		.ascii	"w\260\333\256\0223\301\361\340\304\206\".0\330~\012"
 130      1233C1F1 
 130      E0C48622 
 130      2E30D87E 
 130      0A
 131 03f2 365405EB 		.ascii	"6T\005\353\251\270`\340\242T\260;+\227\336\223*\230"
 131      A9B860E0 
 131      A254B03B 
 131      2B97DE93 
 131      2A98
 132 0404 05EA8383 		.ascii	"\005\352\203\203\015C\034\202\366t\334\331cV*#\341\204"
 132      0D431C82 
ARM GAS  /tmp/cct2NpVk.s 			page 10


 132      F674DCD9 
 132      63562A23 
 132      E184
 133 0416 7FEC7D14 		.ascii	"\177\354}\024{\030\275\027\277\033\301\036u\016lZZ}"
 133      7B18BD17 
 133      BF1BC11E 
 133      750E6C5A 
 133      5A7D
 134 0428 CA420C3C 		.ascii	"\312B\014<0\340\023\336.\253\360\373\201_7y\0254^;\217"
 134      30E013DE 
 134      2EABF0FB 
 134      815F3779 
 134      15345E3B 
 135 043d 340B6E73 		.ascii	"4\013ns~&\325f\341\272j\363\014J\325\346\225\322T\033"
 135      7E26D566 
 135      E1BA6AF3 
 135      0C4AD5E6 
 135      95D2541B 
 136 0451 ABC22341 		.ascii	"\253\302#A%\272\273\362M\225\351\243\350\342\005\270"
 136      25BABBF2 
 136      4D95E9A3 
 136      E8E205B8 
 137 0461 0205676B 		.ascii	"\002\005gkj\301\360b*{\277\255\274\357P\311\0138\251"
 137      6AC1F062 
 137      2A7BBFAD 
 137      BCEF50C9 
 137      0B38A9
 138 0474 76EE5D00 		.ascii	"v\356]\000\217|D\023\036\231\342\350\352;\015wA\303"
 138      8F7C4413 
 138      1E99E2E8 
 138      EA3B0D77 
 138      41C3
 139 0486 42D0BABE 		.ascii	"B\320\272\276\273\200\376t\307\301\355\315\350\222\270"
 139      BB80FE74 
 139      C7C1EDCD 
 139      E892B8
 140 0495 7E5AE14D 		.ascii	"~Z\341Mr\245:NlC\217\216\213\242\355\312\366\310y\216"
 140      72A53A4E 
 140      6C438F8E 
 140      8BA2EDCA 
 140      F6C8798E 
 141 04a9 AE6D6DE8 		.ascii	"\256mm\3500\341\304j-\014Is\0242\313Lr\265\302\016\362"
 141      30E1C46A 
 141      2D0C4973 
 141      1432CB4C 
 141      72B5C20E 
 142 04be 65385AB6 		.ascii	"e8Z\266\037\001T\256\213\345\011\2528\317U\026k~\347"
 142      1F0154AE 
 142      8BE509AA 
 142      38CF5516 
 142      6B7EE7
 143 04d1 2D6E5CDA 		.ascii	"-n\\\332\261\264Ki{\362\021\213\347J\003%\377\030\316"
 143      B1B44B69 
 143      7BF2118B 
 143      E74A0325 
 143      FF18CE
 144 04e4 90FF0A59 		.ascii	"\220\377\012Yp\205\032\325\012\025\272\233\303\024("
ARM GAS  /tmp/cct2NpVk.s 			page 11


 144      70851AD5 
 144      0A15BA9B 
 144      C31428
 145 04f3 1A71FE9F 		.ascii	"\032q\376\237z\013\350pJ\201n\271W\230\024\350q^\311"
 145      7A0BE870 
 145      4A816EB9 
 145      579814E8 
 145      715EC9
 146 0506 68B56CE8 		.ascii	"h\265l\350\241a\321\253@\355\225\177T\250\341\360\\"
 146      A161D1AB 
 146      40ED957F 
 146      54A8E1F0 
 146      5C
 147 0517 2C2D4A1B 		.ascii	",-J\033,\351X\266S*g\014\372}\274*\342\305\250\014z"
 147      2CE958B6 
 147      532A670C 
 147      FA7DBC2A 
 147      E2C5A80C 
 148 052c 2A0F80C2 		.ascii	"*\017\200\302\304\252D\3737\214\0057\314io\016mF\240"
 148      C4AA44FB 
 148      378C0537 
 148      CC696F0E 
 148      6D46A0
 149 053f 27B0EC11 		.ascii	"'\260\354\021\032\030}\004\372}\321\253)\372\010E[\363"
 149      1A187D04 
 149      FA7DD1AB 
 149      29FA0845 
 149      5BF3
 150 0551 D19B0AF2 		.ascii	"\321\233\012\362\244\177\375Y\261\376\232 \226\264\004"
 150      A47FFD59 
 150      B1FE9A20 
 150      96B404
 151 0560 C489439C 		.ascii	"\304\211C\234/N-\305\211CD\365\301\266\346\374H\005"
 151      2F4E2DC5 
 151      894344F5 
 151      C1B6E6FC 
 151      4805
 152 0572 79DABF2A 		.ascii	"y\332\277*%\237\363\367\352N,\267\027\201g1^\243\360"
 152      259FF3F7 
 152      EA4E2CB7 
 152      17816731 
 152      5EA3F0
 153 0585 DB18E691 		.ascii	"\333\030\346\221O\301\247T \330\367EGG\215\335\271\333"
 153      4FC1A754 
 153      20D8F745 
 153      47478DDD 
 153      B9DB
 154 0597 55B098BA 		.ascii	"U\260\230\272lp\006\212\340o|\275\202\317\300I\243\367"
 154      6C70068A 
 154      E06F7CBD 
 154      82CFC049 
 154      A3F7
 155 05a9 BAEF1B6B 		.ascii	"\272\357\033k\360\2141'\335\375\2532\022\307C?9;\335"
 155      F08C3127 
 155      DDFDAB32 
 155      12C7433F 
 155      393BDD
ARM GAS  /tmp/cct2NpVk.s 			page 12


 156 05bc F5E1CA49 		.ascii	"\365\341\312I\325\214]\224\327\246\372\261\344\013\312"
 156      D58C5D94 
 156      D7A6FAB1 
 156      E40BCA
 157 05cb A1F8F7E2 		.ascii	"\241\370\367\342!Y|\356\313\342\337\340\304\220Jd\213"
 157      21597CEE 
 157      CBE2DFE0 
 157      C4904A64 
 157      8B
 158 05dc 5764C200 		.ascii	"Wd\302\000U}\301\361\200\342}\351U\265\302H\367Yc-\272"
 158      557DC1F1 
 158      80E27DE9 
 158      55B5C248 
 158      F759632D 
 159 05f1 DD6D86AA 		.ascii	"\335m\206\252Q8\000\372\225\252f\0036\032\367+v\015"
 159      513800FA 
 159      95AA6603 
 159      361AF72B 
 159      760D
 160 0603 4655B32F 		.ascii	"FU\263/\213\026R5Z\251:\353U5f\200\252\316r<\215\342"
 160      8B165235 
 160      5AA93AEB 
 160      55356680 
 160      AACE723C 
 161 0619 7DC5AAE8 		.ascii	"}\305\252\350D34\214eac\224\206JCC\"\236?\3305\030\015"
 161      4433348C 
 161      65616394 
 161      864A4343 
 161      229E3FD8 
 162 0630 E77C639E 		.ascii	"\347|c\236'\015\211t\020\265\324\264z\236WC\204\363"
 162      270D8974 
 162      10B5D4B4 
 162      7A9E5743 
 162      84F3
 163 0642 8E107C0E 		.ascii	"\216\020|\016\232D\247Mb\367\251\232^O\262\352\246\001"
 163      9A44A74D 
 163      62F7A99A 
 163      5E4FB2EA 
 163      A601
 164 0654 EB4F6CDE 		.ascii	"\353Ol\336aWg\246\005\276\356G\233\305!\223\344\011"
 164      615767A6 
 164      05BEEE47 
 164      9BC52193 
 164      E409
 165 0666 B9B6DD98 		.ascii	"\271\266\335\230\220q\003\234\220\013\234\034_\341."
 165      9071039C 
 165      900B9C1C 
 165      5FE12E
 166 0675 7A97D9BB 		.ascii	"z\227\331\273\250\343\325V\361\233\242$\034\000\375"
 166      A8E3D556 
 166      F19BA224 
 166      1C00FD
 167 0684 81533481 		.ascii	"\201S4\201O\221$5E\211\241\246\350\317\017\233\242K"
 167      4F912435 
 167      4589A1A6 
 167      E8CF0F9B 
 167      A24B
ARM GAS  /tmp/cct2NpVk.s 			page 13


 168 0696 BE2C2ED3 		.ascii	"\276,.\323\024M`y\226~y\327\275\362^\030\240\274+\034"
 168      144D6079 
 168      967E79D7 
 168      BDF25E18 
 168      A0BC2B1C 
 169 06aa 58A7C057 		.ascii	"X\247\300W\203\345\275\370\200\274\2118\000\372\003"
 169      83E5BDF8 
 169      80BC8938 
 169      00FA03
 170 06b9 E525B3BC 		.ascii	"\345%\263\274\211\203\221\327\352\313\342\033\222\227"
 170      898391D7 
 170      EACBE21B 
 170      9297
 171 06c7 CCF2ACB4 		.ascii	"\314\362\254\264\326,\357F\215!o\322\000\345]\343\300"
 171      D62CEF46 
 171      8D216FD2 
 171      00E55DE3 
 171      C0
 172 06d8 260ADCE6 		.ascii	"&\012\334\346-g\257\274\227\270\234'\005n\311\311\370"
 172      2D67AFBC 
 172      97B89C27 
 172      056EC9C9 
 172      F8
 173 06e9 A9C42E25 		.ascii	"\251\304.%\306\031J\314\033\017\023s\3357\346\015\022"
 173      C6194ACC 
 173      1B0F1373 
 173      DD37E60D 
 173      12
 174 06fa 3399C584 		.ascii	"3\231\305\204\211u\261JL\247W\314\224\001\212\371\326"
 174      8975B14A 
 174      4CA757CC 
 174      94018AF9 
 174      D6
 175 070b 17B83D58 		.ascii	"\027\270=X\314T\0263%P\3144\0263u0b\276\363\215y\223"
 175      CC541633 
 175      2550CC34 
 175      16337530 
 175      62BEF38D 
 176 0721 C44C13BC 		.ascii	"\304L\023\274\371\032\213\274\233\317o\267\331\304\362"
 176      F91A8BBC 
 176      9BCF6FB7 
 176      D9C4F2
 177 0730 0825B1CB 		.ascii	"\010%\261\313[\216\323\007(\361\226\257\316\277\017"
 177      5B8ED307 
 177      28F196AF 
 177      CEBF0F
 178 073f 2EC7971F 		.ascii	".\307\227\037(\307\0318\000\372\003\313q&\227\343\214"
 178      28C71938 
 178      00FA03CB 
 178      712697E3 
 178      8C
 179 0750 C1946387 		.ascii	"\301\224c\207/\213\333$z&\313\013\357\227\327\355\225"
 179      2F8BDB24 
 179      7A26CB0B 
 179      EF97D7ED 
 179      95
 180 0761 376B80F2 		.ascii	"7k\200\362\356\370\352\374n\260\274\331\017\310\233"
ARM GAS  /tmp/cct2NpVk.s 			page 14


 180      EEF8EAFC 
 180      6EB0BCD9 
 180      0FC89B
 181 0770 8303A03F 		.ascii	"\203\003\240?P\336\\\2267g0\362\376\343\313\342\036"
 181      50DE5C96 
 181      376730F2 
 181      FEE3CBE2 
 181      1E
 182 0781 C99BCBF2 		.ascii	"\311\233\313\362\354|\303T7\335\217_Uw\300\024\272\031"
 182      EC7CC354 
 182      37DD8F5F 
 182      5577C014 
 182      BA19
 183 0793 3EE77767 		.ascii	">\347wg\345\373c\212:\237\217\355\030g\240\374\257\007"
 183      E5FB638A 
 183      3A9F8FED 
 183      1867A0FC 
 183      AF07
 184 07a5 3ADE143B 		.ascii	":\336\024;\373K\302!V\327q\320[\356\335M\306O\213T\374"
 184      FB4BC221 
 184      56D771D0 
 184      5BEEDD4D 
 184      C64F8B54 
 185 07ba 960704E5 		.ascii	"\226\007\004\345\313j\252\272\273\034n\312S\250y\370"
 185      CB6AAABA 
 185      BB1C6ECA 
 185      53A879F8 
 186 07ca 6DE49F0E 		.ascii	"m\344\237\016\201\027"
 186      8117
 187 07d0 FB790AD6 		.ascii	"\373y\012\326\320\224\251`i\370\371\011\204\361\225"
 187      D094A960 
 187      69F8F909 
 187      84F195
 188 07df 384DC13E 		.ascii	"8M\301>\317P\250t\334\010\201(\276\024\247\023j\223"
 188      CF50A874 
 188      DC088128 
 188      BE14A713 
 188      6A93
 189 07f1 BBBDE915 		.ascii	"\273\275\351\025\005\313P\037\223\375\313N\226\331\324"
 189      05CB501F 
 189      93FDCB4E 
 189      96D9D4
 190 0800 C704E0BE 		.ascii	"\307\004\340\276?\213\257\336\031\254,\202~3\265\343"
 190      3F8BAFDE 
 190      19AC2C82 
 190      7E33B5E3 
 191 0810 DDBD6483 		.ascii	"\335\275d\203E\335<\005\375\242\002t\343\227l\\b\242"
 191      45DD3C05 
 191      FDA20274 
 191      E3976C5C 
 191      62A2
 192 0822 D399BDC8 		.ascii	"\323\231\275\310\371\352\374LgNvn\336\"\347\317~\236"
 192      F9EAFC4C 
 192      674E766E 
 192      DE22E7CF 
 192      7E9E
 193 0834 3A21C999 		.ascii	":!\311\231\2222\3039+}N\332\033I\324\365\253\034|23"
ARM GAS  /tmp/cct2NpVk.s 			page 15


 193      9232C339 
 193      2B7D4EDA 
 193      1B49D4F5 
 193      AB1C7C32 
 194 0849 1724FE46 		.ascii	"\027$\376F\350\204\322\263\346/\372\235\236\225\275"
 194      E884D2B3 
 194      E62FFA9D 
 194      9E95BD
 195 0858 60A1FCF5 		.ascii	"`\241\374\365ky\372\374\314\274\\S\316\3539\013r-\331"
 195      6B79FAFC 
 195      CCBC5C53 
 195      CEEB390B 
 195      722DD9
 196 086b 8B72162E 		.ascii	"\213r\026.\\\220k\316\316\373S\316\302\\\023Ar\255\324"
 196      5C906BCE 
 196      CEFB53CE 
 196      C25C1341 
 196      72ADD4
 197 087e 4F0C2D6B 		.ascii	"O\014-k\274\226\225\244e=\377?\2335\367r"
 197      BC9695A4 
 197      653DFF3F 
 197      9B35F772 
 198              		.text
 199              		.section	.gnu.lto__pal_lld_enablepadevent.9b8b6023f2ac1477,"",%progbits
 200 0000 789C9D55 		.ascii	"x\234\235UkL\024W\024\276g\356\314\316\262\017@\210"
 200      6B4C1457 
 200      14BE67EE 
 200      CCCEB20F 
 200      4088
 201 0012 48942051 		.ascii	"H\224 Qt\203\246l\321\376\260I\3774i\322\232\330\324"
 201      7483A66C 
 201      D1FEB049 
 201      FF3469D2 
 201      9AD8D4
 202 0025 A44DD31F 		.ascii	"\244M\323\037&\015\201\032\233b \3324\375\321\304\001"
 202      260D811A 
 202      9B6220DA 
 202      34FDD1C4 
 202      01
 203 0036 71F011A5 		.ascii	"q\360\021\245\025EWK\327\370(\005\345%ZAE)\370\346\341"
 203      1545574B 
 203      D7F82805 
 203      E5255A41 
 203      4529F8E6 
 204 004b A3A85550 		.ascii	"\243\250UP\253\242-VS\005\253\222 \333s\356\235e\267"
 204      ABA22D56 
 204      5305AB92 
 204      20DB73EE 
 204      9D65B7
 205 005e 5B9A0636 		.ascii	"[\232\0066\231\303\235;\337w\346|\347\273g\320\230\302"
 205      99C39D3B 
 205      DF77E67C 
 205      E7BB67D0 
 205      98C2
 206 0070 E63919CB 		.ascii	"\3469\031\313b\214e\342\005Q\014\224\257;\031\313\267"
 206      628C65E2 
 206      05510C94 
ARM GAS  /tmp/cct2NpVk.s 			page 16


 206      AF3B19CB 
 206      B7
 207 0081 2B0A5FED 		.ascii	"+\012_\355a\206C\245\350\342\240\311m5\270\320\024\333"
 207      618643A5 
 207      E8E2A0C9 
 207      6D35B8D0 
 207      14DB
 208 0093 D1647CAE 		.ascii	"\321d|\256wy\361\271\015\354r[\017.\354\000\2640\354"
 208      7779F1B9 
 208      0DEC725B 
 208      0F2EEC00 
 208      B430EC
 209 00a6 C056285C 		.ascii	"\300V(\\\325l\272\035V@1\337\302\241\245\350~\243\222"
 209      D56CBA1D 
 209      564031DF 
 209      C2A1A5E8 
 209      7EA392
 210 00b9 566EE0AF 		.ascii	"Vn\340\257y\313u\207i\254J\364s\306|x\321\017\312!\015"
 210      79CB7587 
 210      69AC4AF4 
 210      73C67C78 
 210      D10FCA21 
 211 00ce 51170B6B 		.ascii	"Q\027\013k\277\345\033\270\237\003\250x\373\244c\333"
 211      BFE51BB8 
 211      9F03A878 
 211      FBA463DB 
 212 00de DD68BA55 		.ascii	"\335h\272U \005o[;\003\015\016>\027\030\256\013v\372"
 212      20056F5B 
 212      3B030D0E 
 212      3E1718AE 
 212      0B76FA
 213 00f1 4EB83D7B 		.ascii	"N\270={\014\243\300hn\337\314\215T?\347P\011\034\023"
 213      0CA3C068 
 213      6EDFCC8D 
 213      543FE750 
 213      091C13
 214 0104 420524C1 		.ascii	"B\005$\301\017\220\304p\213\301^\360 |\323\243\2668"
 214      0F90C470 
 214      8BC15EF0 
 214      207CD3A3 
 214      B638
 215 0116 3E4F3057 		.ascii	">O0Wm\275\\\244Y\314g\225\261\233W\032\357\370\271\012"
 215      6DBD5CA4 
 215      59CC6795 
 215      B19B571A 
 215      EFF8B90A 
 216 012a FB22B92A 		.ascii	"\373\"\271*\203*\301\035\250\337S\342\344o\010r\333"
 216      832AC11D 
 216      A8DF53E2 
 216      E46F0872 
 216      DB
 217 013b 86A68F2C 		.ascii	"\206\246\217,\356pe\242\344jP\035\311\325\030\324\200"
 217      EE7065A2 
 217      E46A501D 
 217      C9D518D4 
 217      80
 218 014c 8708BB03 		.ascii	"\207\010\273\003\275\206\233\277)k6\217\337r\314\330"
ARM GAS  /tmp/cct2NpVk.s 			page 17


 218      BD869BBF 
 218      296B368F 
 218      DF72CCD8 
 219 015c 25D89D7B 		.ascii	"%\330\235{\023\220}\306P\375\334\006\265\377\344\323"
 219      13907DC6 
 219      50FDDC06 
 219      B5FFE4D3 
 220 016c 0FE10D5B 		.ascii	"\017\341\015[|=n>_P\003\203\276\013.\213\332\263\211"
 220      7C3D6E3E 
 220      5F500383 
 220      BE0B2E8B 
 220      DAB389
 221 017f 1BBB0D85 		.ascii	"\033\273\015\205\210\373G%\346\257\031lT\370BA\334\376"
 221      88FB4725 
 221      E6AF196C 
 221      54F84241 
 221      DCFE
 222 0191 67D7CA18 		.ascii	"g\327\312\030\213\330[2B<0*\261d\317\225+*\377P\020"
 222      8BD85B32 
 222      423C302A 
 222      B164CF95 
 222      2B2AFF50 
 223 01a6 6FD40D14 		.ascii	"o\324\015\024\007\213}\270q\204\370\343\250\304\316"
 223      078B7DB8 
 223      7184F8E3 
 223      A8C4CE
 224 01b5 EA73030A 		.ascii	"\352s\003\012_$\210g\232\016\005\202\304\336oF\210\015"
 224      5F248867 
 224      9A0E0582 
 224      C4DE6F46 
 224      880D
 225 01c7 A312EFD4 		.ascii	"\243\022\357\324\015ov\333Th\204\031p\010\257\203x\325"
 225      0D6F76DB 
 225      54688419 
 225      7008AF83 
 225      78D5
 226 01d9 E3550733 		.ascii	"\343U\0073v\005\217\007\034\006\0330\246\215\006\252"
 226      76058F07 
 226      1C061B30 
 226      A68D06AA 
 227 01e9 B904CDC6 		.ascii	"\271\004\315\306p\240\010\355\230\365\340iW\374+xr\320"
 227      70A008ED 
 227      98F5E069 
 227      57FC2B78 
 227      72D0
 228 01fb 35F40EC1 		.ascii	"5\364\016\301\350\002\302m\350\207\2563b\331qi\307\343"
 228      E802C26D 
 228      E887AE33 
 228      62D97169 
 228      C7E3
 229 020d 8E6407D0 		.ascii	"\216d\007\320\311p\3223\027\0057\205hF9ci9\201B\034"
 229      C970D233 
 229      17053785 
 229      68463963 
 229      69398142 
 230 0222 85780A13 		.ascii	"\205x\012\023\201\014M\240\345$\012\211\024&S\230B\201"
 230      810C4DA0 
ARM GAS  /tmp/cct2NpVk.s 			page 18


 230      E5240A89 
 230      14265398 
 230      4281
 231 0234 3CD79329 		.ascii	"<\327\223)L\245\220Ba\032\205\351\024R)\314\244\340"
 231      4CA59042 
 231      611A85E9 
 231      145229CC 
 231      A4E0
 232 0246 A1904661 		.ascii	"\241\220Fa\026\205\331\024\030[\213*in\326q\205\376"
 232      1685D914 
 232      185B8B2A 
 232      696ED671 
 232      85FE
 233 0258 F23E58F9 		.ascii	"\362>X\371\330\354\270\232C\302\3138\015\302\201\023"
 233      D8ECB89A 
 233      43C2CB38 
 233      0DC28113 
 234 0268 A74D3B0D 		.ascii	"\247M;\015\002N\030\034\201\2442<\331\367\240 E\264"
 234      024E181C 
 234      81A4323C 
 234      D9F7A020 
 234      45B4
 235 027a 0695228A 		.ascii	"\006\225\"\212!\253\337\254\352^\"Y\032B\220x2\360\274"
 235      21ABDFAC 
 235      EA5E2259 
 235      1A429078 
 235      32F0BC
 236 028d 39461215 		.ascii	"9F\022\0258\212}\037a\035\"\226F\254!\263\251\373w\220"
 236      388A7D1F 
 236      611D2296 
 236      46AC21B3 
 236      A9FB7790 
 237 02a1 349BA4B5 		.ascii	"4\233\244\265\364\327\226\273\210\246\003\207&\244!"
 237      F4D796BB 
 237      88A60387 
 237      26A421
 238 02b0 6C9BE9E3 		.ascii	"l\233\351\343\022\244#.|XuP\341Xx\356\203\224[gRG\367"
 238      12A4232E 
 238      7C587550 
 238      E15878EE 
 238      83945B67 
 239 02c7 3E2BB71D 		.ascii	">+\267\0359\325\375O\253m\262\236\0308NB\010V0lVX\271"
 239      39D5FD4F 
 239      AB6DB29E 
 239      18384E42 
 239      0856306C 
 240 02de A310174A 		.ascii	"\243\020\027JTO\211\242\010\321_\264\376\306W\022\342"
 240      544F89A2 
 240      08D15FB4 
 240      FEC65712 
 240      E2
 241 02ef 2CE30ECA 		.ascii	",\343\016\312]j\366\351r\307\205\233\230\374\346_;O"
 241      5D6AF6E9 
 241      72C7859B 
 241      98FCE65F 
 241      3B4F
 242 0301 39644186 		.ascii	"9dA\206\361\"\340\204fYy\277\351sK\240\033\261\010|"
ARM GAS  /tmp/cct2NpVk.s 			page 19


 242      F122E084 
 242      665979BF 
 242      E9734BA0 
 242      1BB1087C 
 243 0315 F9F8C24B 		.ascii	"\371\370\302K\227\254\302\001?I\320\220\331h\225\020"
 243      97ACC201 
 243      3F49D090 
 243      D9689510 
 244 0325 8DB8F052 		.ascii	"\215\270\360Ru,\265%\\^\035U\025\215\244\226c}\177\234"
 244      752CB525 
 244      5C5E1D55 
 244      158DA496 
 244      637D7F9C 
 245 0339 4C90AC58 		.ascii	"L\220\254X\244\224\256j9\257\023%JLBUak F\336\032\217"
 245      A494AE6A 
 245      39AF1325 
 245      4A4C4255 
 245      616B2046 
 246 0350 0B0D3272 		.ascii	"\013\0152r\377\375\215k\235~(\313\307\357\340\216J\005"
 246      FFFD8D6B 
 246      9D7E28CB 
 246      C7EFE08E 
 246      4A05
 247 0362 FD77C009 		.ascii	"\375w\300\011\034\211V\032\011j|\317\3601\267\267\312"
 247      1C89561A 
 247      096A7CCF 
 247      F031B7B7 
 247      CA
 248 0373 28CC3752 		.ascii	"(\3147R\374\334\011'\301\017[\2715,\365\267\007\236"
 248      FCDC0927 
 248      C10F5BB9 
 248      352CF5B7 
 248      079E
 249 0385 E91935F4 		.ascii	"\351\0315\364p\307\003\034*\027\234\002/\231HCr\032"
 249      70C7031C 
 249      2A179C02 
 249      2F994843 
 249      721A
 250 0397 32A48C0A 		.ascii	"2\244\214\012K\353\004\321\314X\351\302`\206\334\214"
 250      4BEB04D1 
 250      CC58E9C2 
 250      6086DC8C 
 251 03a7 13F28435 		.ascii	"\023\362\2045/\314\2631r3^\200\343HP\351\331\327i/\262"
 251      2FCCB331 
 251      72335E80 
 251      E34850E9 
 251      D9D7692F 
 252 03bc D2C5FF5B 		.ascii	"\322\305\377[\350\231\377*\364{\240B\317\206\012=\007"
 252      E899FF2A 
 252      F47BA042 
 252      CF860A3D 
 252      07
 253 03cd 19F84A59 		.ascii	"\031\370JYk\307\223<YBB\031\237\030~\316u<\347m\370"
 253      6BC7933C 
 253      59424219 
 253      9F187ECE 
 253      753CE76D 
ARM GAS  /tmp/cct2NpVk.s 			page 20


 254 03e2 AA5E28EC 		.ascii	"\252^(\354n}\315\302 \240\346a\343\240[\002\030\264"
 254      6E7DCDC2 
 254      20A0E661 
 254      E3A05B02 
 254      18B4
 255 03f4 5BDF9175 		.ascii	"[\337\221u8\015\253=86-\207\373\326\0279$zR\270\037"
 255      380DAB3D 
 255      38362D87 
 255      FBD61739 
 255      247A52B8 
 256 0409 6EE14767 		.ascii	"n\341Gg\351\221\022U\336\032/\244\037\317\033\236^\213"
 256      E9911255 
 256      DE1A2FA4 
 256      1FCF1B9E 
 256      5E8B
 257 041b B254A28E 		.ascii	"\262T\242\216h\350D\215\035\226\306\366\342\276\203"
 257      68E8448D 
 257      1D96C6F6 
 257      E2BE83
 258 042a 36D22824 		.ascii	"6\322($\234\027\012\201$\\\000\257\354\240u\262\023"
 258      9C170A81 
 258      245C00AF 
 258      ECA075B2 
 258      13
 259 043b 71FEF08D 		.ascii	"q\376\360\215\242\201QV\377\306\220\371b(\363%\352S"
 259      A2815156 
 259      FFC690F9 
 259      6228F325 
 259      EA53
 260 044d A2D0A406 		.ascii	"\242\320\244\0065U\024[\307|\362\330\322\376\034J\333"
 260      3555145B 
 260      C77CF2D8 
 260      D2FE1C4A 
 260      DB
 261 045e 250AC631 		.ascii	"%\012\3061k\324d\252)\326\027c\310\\c\355\340(N\306"
 261      6BD464AA 
 261      29D61763 
 261      C85C63ED 
 261      E0284EC6 
 262 0472 FDF16AB8 		.ascii	"\375\361j\270\034z\331\025\322\220$4h\301\357\331\220"
 262      1C7AD915 
 262      D2902434 
 262      68C1EFD9 
 262      90
 263 0483 B97EC0B2 		.ascii	"\271~\300\262:YZ=\362e\322\361\313t5\302\352\3440om"
 263      3A595A3D 
 263      F265D2F1 
 263      CB7435C2 
 263      EAE4306F 
 264 0498 EC68B2F4 		.ascii	"\354h\262\364\326\027\364v\352\330j\373E\324\246Pm\327"
 264      D617F476 
 264      EAD86AFB 
 264      45D4A650 
 264      6DD7
 265 04aa 229C4B11 		.ascii	"\"\234K\021\316M\035\257\352\353\241\314\335\244:ET"
 265      CE4D1DAF 
 265      EAEBA1CC 
ARM GAS  /tmp/cct2NpVk.s 			page 21


 265      DDA43A45 
 265      54
 266 04bb ACB32EAF 		.ascii	"\254\263.\257tn\273\345\334\264\261\245\355\011\245"
 266      746EBBE5 
 266      DCB4B1A5 
 266      ED09A5
 267 04ca BD11E9DC 		.ascii	"\275\021\351\334\364\1779\227\212\371q\177\274\032n"
 267      F47F3997 
 267      8AF9717F 
 267      BC1A6E
 268 04d9 865E768B 		.ascii	"\206^v\2134\244\012\015v\3139l\373w\345\226\212\231"
 268      34A40A0D 
 268      76CB396C 
 268      FB77E596 
 268      8A99
 269 04eb 634BFCAB 		.ascii	"cK\374\253H,\376\203\337\216h\273G\264}\346xK\276\023"
 269      482CFE83 
 269      DF8E68BB 
 269      47B47DE6 
 269      784BBE13 
 270 04ff CA7C974A 		.ascii	"\312|\227J\3660\321m\277Ug\332\330\262\365\212l*e\273"
 270      F630D16D 
 270      BF5567DA 
 270      D8B2F58A 
 270      6C2A65BB 
 271 0513 17EC76B0 		.ascii	"\027\354v\260\267\263F\272}\315\372\3570\033\363\343"
 271      B7B346BA 
 271      7DCDFAEF 
 271      301BF3E3 
 272 0523 FE784BBF 		.ascii	"\376xK\277\037z\331oT\372l\366\010\012v\224\227\211"
 272      1F7AD96F 
 272      54FA6CF6 
 272      080A7694 
 272      9789
 273 0535 C68813BF 		.ascii	"\306\210\023\277\026\247\010{\217\206\274\232\236\356"
 273      16A7087B 
 273      8F86BC9A 
 273      9EEE
 274 0543 F5E62EF7 		.ascii	"\365\346.\367.\311\314\361\346\345.\373|\271\367\375"
 274      2EC9CCF1 
 274      E6E52EFB 
 274      7CB9F7FD 
 275 0553 0FDE9D3B 		.ascii	"\017\336\235;\307\273`\301[\336\267\027\316\177\357"
 275      C7BB60C1 
 275      5BDEB717 
 275      CE7FEF
 276 0562 8B39F4E8 		.ascii	"\2139\364\350\343<\274rr\262\323\263\230J(\236\227\231"
 276      E33CBC72 
 276      72B2D3B3 
 276      984A289E 
 276      9799
 277 0574 AD2ECDCD 		.ascii	"\255.\315\315\376D\247\273O\263\277\264e-[\232\271\374"
 277      FE44A7BB 
 277      4FB3BFB4 
 277      652D5B9A 
 277      B9FC
 278 0586 332D6B59 		.ascii	"3-kY\356\342\305\030qKG\014\355\375\015\331\353\240"
ARM GAS  /tmp/cct2NpVk.s 			page 22


 278      EEE2C518 
 278      714B470C 
 278      EDFD0DD9 
 278      EBA0
 279 0598 26       		.ascii	"&"
 280              		.text
 281              		.section	.gnu.lto__pal_lld_disablepadevent.9b8b6023f2ac1477,"",%progbits
 282 0000 789CA556 		.ascii	"x\234\245VkLTG\024\236s\347\356\203]v\027\264&\246%"
 282      6B4C5447 
 282      149E73E7 
 282      EE835D76 
 282      17B426A6 
 283 0015 0D3F4A0C 		.ascii	"\015?J\014\376`\213\372\243I\375\325\324h\023MM\332"
 283      FE608BFA 
 283      A349FDD5 
 283      D468134D 
 283      4DDA
 284 0027 F48F49AB 		.ascii	"\364\217I\253QI\255\264\0220\246\211M\275<\\+V\021\361"
 284      5149ADB4 
 284      1230A689 
 284      4DBD3C5C 
 284      2B5611F1 
 285 003b 01AD7411 		.ascii	"\001\255t\0214h[y\210\202\210 ]PQ\021\037E-\025\037"
 285      34685B79 
 285      88828820 
 285      5D505111 
 285      1F452D15 
 286 0050 28A2AB82 		.ascii	"(\242\253\202\010\250P\205\35593w\227\207T\321nrg\357"
 286      08A85085 
 286      ED393377 
 286      978754D1 
 286      6E7267EF 
 287 0064 3CBEEF3B 		.ascii	"<\276\357;\347\314\2313\327\300\024Vce\354+\306\330"
 287      E7CC9933 
 287      D7C01456 
 287      6365EC2B 
 287      C6D8
 288 0076 347CC0C0 		.ascii	"4|\300\300@\331\330\300X\242YQx\243\223i\026\365\360"
 288      40D9D8C0 
 288      58A25951 
 288      78A39369 
 288      16F5F0
 289 0089 DB4C0BE6 		.ascii	"\333L\013\346\240\312a\025\200^43\260U\012Wa\025\244"
 289      A0CA6115 
 289      805E3433 
 289      B0550A57 
 289      6115A4
 290 009c F16D1C3C 		.ascii	"\361m\034<k\332\312\225\310|\015\177\325\333z\355.m"
 290      6BDACA95 
 290      C87C0D7F 
 290      D5DB7AED 
 290      2E6D
 291 00ae F5443767 		.ascii	"\365D7g,\013\037\372A>D\342\252s)E\333\371\006\356\346"
 291      2C0B1FFA 
 291      413E44E2 
 291      AA732945 
 291      DBF906EE 
ARM GAS  /tmp/cct2NpVk.s 			page 23


 292 00c3 002A761F 		.ascii	"\000*v\037\236\376\351\246\235\272\012\204c\267\246"
 292      9EFEE9A6 
 292      9DBA0A84 
 292      63B7A6
 293 00d2 C177D0C2 		.ascii	"\301w\320\302\247\002\303\367\244\334\254Z\333\244]"
 293      A702C3F7 
 293      A4DCAC5A 
 293      DBA45D
 294 00e1 9A96A455 		.ascii	"\232\226\244U7n\341\332;n\316\341W\340H\010{ \014vC"
 294      376EE1DA 
 294      3B6ECEE1 
 294      57E04808 
 294      7B200C76 
 295 00f6 18C32106 		.ascii	"\030\303!\006\277\301$\\\276\271\375\3248\376\236@\256"
 295      BFC1245C 
 295      BEB9FDD4 
 295      38FE9E40 
 295      AE
 296 0107 CEBCB0C6 		.ascii	"\316\274\260\306\340Gn\023H\025~\037\211T\031\354\205"
 296      E0476E13 
 296      48157E1F 
 296      895419EC 
 296      85
 297 0118 4942A9A2 		.ascii	"IB\251\242xG\020\237.\260\231\251}-JD\236\300vTL\314"
 297      7847109F 
 297      2EB099A9 
 297      7D2D4A44 
 297      9EC07654 
 298 012e 48D6EA34 		.ascii	"H\326\3524\325\315\015P0\034O?\\^v\255\252\315\301?"
 298      D5CD0D50 
 298      301C4F3F 
 298      5C5E76AD 
 298      AACDC13F 
 299 0142 10D0A6E6 		.ascii	"\020\320\246\346\266v\253\016\275\277\211k;5\205\200"
 299      B676AB0E 
 299      BDBF896B 
 299      3B358580 
 300 0152 45A3021B 		.ascii	"E\243\002\033\012Nv+|\226\000\326U\226\371,:\2605=\000"
 300      0A4E762B 
 300      7C9600D6 
 300      5596F92C 
 300      3AB0353D 
 301 0167 DC372AF0 		.ascii	"\3347*\360F\361\300\026\233Q\205\022\210\200b|\012!"
 301      46F1C016 
 301      9B518512 
 301      8880627C 
 301      0A21
 302 0179 22CF1F66 		.ascii	"\"\317\037f\330\017F`l\330$B2v]\274\250\362\271B\353"
 302      D80F4660 
 302      6CD82442 
 302      32765DBC 
 302      A8F2B942 
 303 018e 4A71779A 		.ascii	"Jqw\232_\253\2552,=\340\337\201\347\325\240\024\"\012"
 303      5FABAD32 
 303      2C3DE0DF 
 303      81E7D5A0 
 303      14220A
ARM GAS  /tmp/cct2NpVk.s 			page 24


 304 01a1 CF43B536 		.ascii	"\317C\2656\340[\203\253\337\367\365\234y\343M\\\203"
 304      E05B83AB 
 304      DFF7F59C 
 304      79E34D5C 
 304      83
 305 01b2 CC183CE4 		.ascii	"\314\030<\3446\000\205\320\310H\317\204!5\232\251\011"
 305      360085D0 
 305      C848CF84 
 305      21359AA9 
 305      09
 306 01c3 12400BD0 		.ascii	"\022@\013\320\306Xi \230\032\0335vjB\250\011\245f<5"
 306      C6586920 
 306      981A1B35 
 306      766A42A8 
 306      09A5663C 
 307 01d8 13A8612C 		.ascii	"\023\250a,\025\035\240\264Z\307\025\372\347^\360\034"
 307      151DA0B4 
 307      5AC715FA 
 307      E75EF01C 
 308 01e8 F29ECA37 		.ascii	"\362\236\3127\222O\331\234\022l\353j\317\031\023\345"
 308      924FD99C 
 308      126CEB6A 
 308      CF1913E5 
 309 01f8 8A4978D2 		.ascii	"\212Ix\322\260\265\"C\225]\2557E\243lzr\260\247)\310"
 309      B0B52243 
 309      955DAD37 
 309      45A36C7A 
 309      72B0A729 
 310 020d 0DD98998 		.ascii	"\015\331\211\230\2039\337#\257\031\016\242?e\344\017"
 310      8339DF23 
 310      AF190EA2 
 310      3F65E40F 
 311 021d 4ED7A779 		.ascii	"N\327\247y\017\030\235{\265\224D-\334\315\203\240\034"
 311      0F189D7B 
 311      B594442D 
 311      DCCD83A0 
 311      1C
 312 022e DC9029D2 		.ascii	"\334\220)\322\023\016\201\223\335\202\244\234\030\021"
 312      130E8193 
 312      DD82A49C 
 312      1811
 313 023c 42741025 		.ascii	"Bt\020%\031\231\260\247\336$-x\015\376\012\301\017\304"
 313      1999B0A7 
 313      DE242D78 
 313      0DFE0AC1 
 313      0FC4
 314 024e 7F78187F 		.ascii	"\177x\030\177!\361\253\310\237\334\351Z\3774V\012\030"
 314      21F1ABC8 
 314      9FDCE95A 
 314      FF34560A 
 314      18
 315 025f 91617FED 		.ascii	"\221a\177\355q\227\231|\302\350A%\204es\003\301\302"
 315      7197997C 
 315      C2E84125 
 315      84657303 
 315      C1C2
 316 0271 05AA8450 		.ascii	"\005\252\204PFB\365\272*\237~'Q&4T\347z\346Z\253\333"
ARM GAS  /tmp/cct2NpVk.s 			page 25


 316      4642F5BA 
 316      2A9F7E27 
 316      51263454 
 316      E77AE65A 
 317 0287 6AC67538 		.ascii	"j\306u8\305Z!\345r\3154}lh\004\015\300\240J\337\345"
 317      C55A21E5 
 317      72CD347D 
 317      6C68040D 
 317      C0A04ADF 
 318 029c 75E869A3 		.ascii	"u\350i\243\023\343\235\334\345\352\177\032\207\313v"
 318      13E39DDC 
 318      E5EA7F1A 
 318      87CB76
 319 02ab FA5A351B 		.ascii	"\372Z5\033\377L\236B\327\221k\203\3712qs _\216\214\236"
 319      FF4C9E42 
 319      D7916B83 
 319      F9327173 
 319      205F8E8C 
 320 02c0 D6C97505 		.ascii	"\326\311u\005\006\376\271\200\376p{\343\206`\177Zg\004"
 320      06FEB980 
 320      FE707BE3 
 320      86607F5A 
 320      6704
 321 02d2 D2FA8F51 		.ascii	"\322\372\217Q\201\211k\373\312\025\276X\000\177~\320"
 321      81896BFB 
 321      CA15BE58 
 321      007F7ED0 
 322 02e2 98EC78FE 		.ascii	"\230\354x\376 \325\274\360<`\312A->\036|\252!B\234\005"
 322      20D5BCF0 
 322      3C60CA41 
 322      2D3E1E7C 
 322      AA21429C 
 323 02f7 0CFC51F2 		.ascii	"\014\374Q\362=\010\343\210K\217\372\236T;dt\0258\206"
 323      3D08E388 
 323      4B8FFA9E 
 323      543B6474 
 323      153886
 324 030a 14B423BE 		.ascii	"\024\264#\276_\302h\021\341q\241\030\312sO\247!D\354"
 324      5FC26811 
 324      E171A118 
 324      CA734FA7 
 324      2144EC
 325 031d B8979E06 		.ascii	"\270\227\236\006\223w\213\2326pB\311\3121\213\\\225"
 325      93778B9A 
 325      367042C9 
 325      CA318B5C 
 325      95
 326 032e A7E3384C 		.ascii	"\247\3438L\246\262\327U\224\037L\244F\240$-\355\360"
 326      A6B2D755 
 326      941F4CA4 
 326      46A0242D 
 326      EDF0
 327 0340 AD37CEBF 		.ascii	"\2557\316\277J\010\342q\323F\030\240\016\204\010\203"
 327      4A08E271 
 327      D34618A0 
 327      0E840883 
 328 0350 13305F48 		.ascii	"\0230_H|\243\013\\\312\255\312\260\217\0200\370\005"
ARM GAS  /tmp/cct2NpVk.s 			page 26


 328      7CA30B5C 
 328      CAADCAB0 
 328      8F1030F8 
 328      05
 329 0361 4E0A8140 		.ascii	"N\012\201@\3054\212\212\331T\345)\266\315<\252\013\274"
 329      C5348A8A 
 329      D954E529 
 329      B6CD3CAA 
 329      0BBC
 330 0373 45814143 		.ascii	"E\201AC\340\224_\241\036f\312\224!\247( \310\"$K\334"
 330      E0945FA1 
 330      1E66CA94 
 330      21A72820 
 330      C822244B 
 331 0388 9163F1EA 		.ascii	"\221c\361\352\264\020\275\271\273\254\327\262\262O\250"
 331      B410BDB9 
 331      BBACD7B2 
 331      B24FA8
 332 0397 2050B861 		.ascii	" P\270a\221\002\015\260R\360\345*c\241;#\350\256>\312"
 332      91020DB0 
 332      52F0E52A 
 332      63A13B23 
 332      E8AE3ECA 
 333 03ab 3D66913E 		.ascii	"=f\221>hZ\257\317\212C\311\365}\233aF\215\2560\213\246"
 333      685AAFCF 
 333      8A43C9F5 
 333      7D9B6146 
 333      8DAE308B 
 334 03c0 501ACEFA 		.ascii	"P\032\316\372\3758\0073\204L\001\037\213\314y!\323\337"
 334      FD380733 
 334      844C011F 
 334      8BCC7921 
 334      D3DF
 335 03d2 79B63F58 		.ascii	"y\266?Xn\260\205\322\275\357Y\021\237\327\244K,%\011"
 335      6EB085D2 
 335      BDEF5911 
 335      9FD7A44B 
 335      2C2509
 336 03e5 3407FEF4 		.ascii	"4\007\376\364K4\302<!\261B\304\252Z\324\312\202\256"
 336      4B34C23C 
 336      21B142C4 
 336      AA5AD4CA 
 336      82AE
 337 03f7 9E02A3B4 		.ascii	"\236\002\243\264\324\201\335\254\007\035Ef\271\235\341"
 337      D481DDAC 
 337      071D4566 
 337      B99DE1
 338 0406 146AD481 		.ascii	"\024j\324\201\013~\374E\334L\254\021U\336\216|\207L"
 338      0B7EFC45 
 338      DC4CAC11 
 338      55DE8E7C 
 338      874C
 339 0418 34EBD043 		.ascii	"4\353\320Cf\025\311\2747\245\306\347\220]\255S\226\251"
 339      6615C9BC 
 339      37A5C6E7 
 339      905DAD53 
 339      96A9
ARM GAS  /tmp/cct2NpVk.s 			page 27


 340 042a 7D6D9B52 		.ascii	"}m\233R\255\3762R\012XG\202\341/$\275\244\327\021O\363"
 340      ADFE3252 
 340      0A584782 
 340      E12F24BD 
 340      A4D7114F 
 341 043f 40952D50 		.ascii	"@\225-PGl\320$\352\210\"\363\275\244\245\373\261)\272"
 341      476CD024 
 341      EA8822F3 
 341      BDA4A5FB 
 341      B129BA
 342 0452 9026731E 		.ascii	"\220&s\036\003\225\231\277\301I\231Ka\270\014\321\302"
 342      039599BF 
 342      C149994B 
 342      61B80CD1 
 342      C2
 343 0463 A3D231ED 		.ascii	"\243\3221\355M\263\010\332\243\324\352\353\240G\251"
 343      4DB308DA 
 343      A3D4EAEB 
 343      A047A9
 344 0472 C23D476C 		.ascii	"\302=Gl\265\225\262F:yE\017R\274\010\222G\004idT\232"
 344      B595B246 
 344      3A79450F 
 344      52BC0892 
 344      47046964 
 345 0488 8746E5AA 		.ascii	"\207F\345\252\214\312!\357\272\265\026\031\225\340\021"
 345      8CCA21EF 
 345      BAB51619 
 345      95E011
 346 0497 A533FC3F 		.ascii	"\2453\374?\013\247\360\347\232pW\334g\327\261lz!i\300"
 346      0BA7F0E7 
 346      9A7057DC 
 346      67D7B16C 
 346      7A2169C0 
 347 04ab 556E9054 		.ascii	"Un\220T6\275\002b\255\323G\354\310\217\343$\2715H\367"
 347      36BD0262 
 347      ADD347EC 
 347      C88FE324 
 347      B93548F7 
 348 04bf FA15C45A 		.ascii	"\372\025\304Z\006\305nP\034\355\262\352\377\030$\331"
 348      06C56E50 
 348      1CEDB2EA 
 348      FF1824D9 
 349 04cf 435E8DED 		.ascii	"C^\215\355\246`S\211\255U\230\216\206\202d\012\025\306"
 349      A6605389 
 349      AD55988E 
 349      8682640A 
 349      15C6
 350 04e1 87BCAE9D 		.ascii	"\207\274\256\235\267\006\231\333\310\316PI~%\375\226"
 350      B70699DB 
 350      C8CE5049 
 350      7E25FD96 
 351 04f1 CE3F5E5C 		.ascii	"\316?^\\\0042\016'\"G\021\310\211y\351\205u{\360B\274"
 351      04320E27 
 351      224711C8 
 351      8979E985 
 351      757BF042 
 352 0506 4322E3A5 		.ascii	"C\"\343\245H{@d\002^5\377W\304;x+\336%\221\011\202\315"
ARM GAS  /tmp/cct2NpVk.s 			page 28


 352      487B4064 
 352      025E35FF 
 352      57C43B78 
 352      2BDE2591 
 353 051d 9BB6C7F2 		.ascii	"\233\266\307\362z|\367\004\037\025M\270O|\224\037I="
 353      7A7CF704 
 353      1F154DB8 
 353      4F7C941F 
 353      493D
 354 052f 77B62FD1 		.ascii	"w\266/\321\351\002\347\321.\316cy\371\375\313\246U\375"
 354      E902E7D1 
 354      2ECE6379 
 354      F9FDCBA6 
 354      55FD
 355 0541 1A1E047B 		.ascii	"\032\036\004{\036\231\201cw\353/\324ZP\021#\355\200"
 355      1E998163 
 355      77EB2FD4 
 355      5A501123 
 355      ED80
 356 0553 0EFCA06D 		.ascii	"\016\374\240m\327\265\356VV\266p<lr\177B\340\001je\313"
 356      D7B5EE56 
 356      56B6703C 
 356      6C727F42 
 356      E0016A65 
 357 0568 028DB3BD 		.ascii	"\002\215\263\275\333\373\376\341h\211\234\015\205N\210"
 357      DBFBFEE1 
 357      68899C0D 
 357      854E88
 358 0577 CE14A70B 		.ascii	"\316\024\247\013\036\202s\250r(^\267]HI\206\231u\263"
 358      1E8273A8 
 358      72285EB7 
 358      5D484986 
 358      9975B3
 359 058a 5E6A47F7 		.ascii	"^jG\367\013\354\350\031f\207'\355\360>s\300\216q\360"
 359      0BECE819 
 359      668727ED 
 359      F03E73C0 
 359      8E71F0
 360 059d 88EC3091 		.ascii	"\210\3540\221\035\217\301\011Qa\342\222W\305WU;\335"
 360      1D8FC109 
 360      5161E292 
 360      57C55755 
 360      3BDD
 361 05af 783B415E 		.ascii	"x;A^\216\214\276\272\200\306\261\266\274\033\025\345"
 361      8E8CBEBA 
 361      80C6B1B6 
 361      BC1B15E5 
 362 05bf 742E4B70 		.ascii	"t.Kp~\271 \326\031\267,~y\202\363\223O\347L\235\342"
 362      7EB920D6 
 362      19B72C7E 
 362      7982F393 
 362      4FE74C9D 
 363 05d4 9C3DFB43 		.ascii	"\234=\373C\347\314\271\037}\274b\012M}\021\207Ol\354"
 363      E7CCB91F 
 363      7DBC620A 
 363      4D7D1187 
 363      4F6CEC
ARM GAS  /tmp/cct2NpVk.s 			page 29


 364 05e7 A2A8854C 		.ascii	"\242\250\205L\245U<n\301\"C\314\362\204\370hC<\265&"
 364      A5553C6E 
 364      C12243CC 
 364      F284F868 
 364      433CB526 
 365 05fb EC7FBD20 		.ascii	"\354\177\275 a\251aa\374\222E\337\232h\011\376\033\027"
 365      61A96161 
 365      FC9245DF 
 365      9A6809FE 
 365      1B17
 366 060d C6D31B0E 		.ascii	"\306\323\033\016.\213\211\371\027\327h\361:"
 366      2E8B89F9 
 366      17D768F1 
 366      3A
 367              		.text
 368              		.section	.gnu.lto_.symbol_nodes.9b8b6023f2ac1477,"",%progbits
 369 0000 789C6365 		.ascii	"x\234ce`b\010f\000\002\246]L\365\014\014\023\31610\000"
 369      60620866 
 369      0002A65D 
 369      4CF50C0C 
 369      13CE3130 
 370 0015 A95D0D8E 		.ascii	"\251]\015\216\014\014\254;\231\030\032\225@R\273\231"
 370      0C0CAC3B 
 370      99181A95 
 370      4052BB99 
 371 0025 EA1951A4 		.ascii	"\352\031Q\244\230\3660\3253\241\212\354e\252gF\021a"
 371      98F630D5 
 371      33A18AEC 
 371      65AA6746 
 371      1161
 372 0037 00005866 		.ascii	"\000\000Xf\024\036"
 372      141E
 373              		.text
 374              		.section	.gnu.lto_.refs.9b8b6023f2ac1477,"",%progbits
 375 0000 789C6365 		.ascii	"x\234ce`b\020d`\000\222\214\214L\214\214\314L,\214\214"
 375      60621064 
 375      6000928C 
 375      8C4C8C8C 
 375      CC4C2C8C 
 376 0015 4A8C8CCA 		.ascii	"J\214\214\312\014\000\003\355\000s"
 376      0C0003ED 
 376      0073
 377              		.text
 378              		.section	.gnu.lto_.decls.9b8b6023f2ac1477,"",%progbits
 379 0000 789C9D58 		.ascii	"x\234\235X{P\024G\032\237\236\336\305eY\304B/19\223"
 379      7B501447 
 379      1A9F9EDE 
 379      C56559C4 
 379      422F3139 
 380 0015 B32C3454 		.ascii	"\263,4T\245\302\372H\305T\345\352.w\202\217D\"\265h"
 380      A5C2FA48 
 380      C554E5EA 
 380      2E77828F 
 380      4422B568 
 381 0029 72A9ABAB 		.ascii	"r\251\253\253=\004\214\324!X\262\346\314\375s\203`\004"
 381      3D048CD4 
 381      2158B2E6 
ARM GAS  /tmp/cct2NpVk.s 			page 30


 381      CCFD7383 
 381      6004
 382 003b 5104226F 		.ascii	"Q\004\"oT|\240 oEED]\221\247\200\002\212(\312C\360\021"
 382      547CA020 
 382      6F454544 
 382      5D91A780 
 382      028A28CA 
 383 0052 1F28AE06 		.ascii	"\037(\256\006\001_\367u\367\314\316\260\356z\271\233"
 383      015FF775 
 383      F7CCCEB0 
 383      EE7AB99B 
 384 0062 E2DB99EE 		.ascii	"\342\333\231\356\371\365\367\375\276\257\277\356\376"
 384      F9F5F7FD 
 384      BEAFBFEE 
 384      FE
 385 006f 0635C773 		.ascii	"\0065\307s\374;\0347\310s\234\012\344\025\\j\216\343"
 385      FC3B1C37 
 385      C8739C0A 
 385      E4155C6A 
 385      8EE3
 386 0081 0A39F952 		.ascii	"\0129\371R\201\024\201\274\000qF\0347\036\004\376\270"
 386      811481BC 
 386      0071461C 
 386      371E04FE 
 386      B8
 387 0092 E9881B73 		.ascii	"\351\210\033s\375\015\332\316p\377\032\304\035d\022"
 387      FD0DDACE 
 387      70FF1AC4 
 387      1D6412
 388 00a1 C8129019 		.ascii	"\310\022\220\031\320\357\0012\015\344]\220e\320\007"
 388      D0EF0132 
 388      0DE45D90 
 388      65D007
 389 00b0 A6B8F7E1 		.ascii	"\246\270\367\341\371=Q\027\321oO\3473h\273\330\350\034"
 389      F93D5117 
 389      D16F4FE7 
 389      3368BBD8 
 389      E81C
 390 00c2 0131831C 		.ascii	"\0011\203\034\007)\007\371\000\304\017d\010\244\032"
 390      072907F9 
 390      00C40F64 
 390      08A41A
 391 00d1 C409E467 		.ascii	"\304\011\344g\220{ \017@\356\200\334\005\031\020m\274"
 391      907B200F 
 391      40EE80DC 
 391      0519106D 
 391      BC
 392 00e2 E05EBF26 		.ascii	"\340^\277&\002!7;v\324\204\037\222\355\020\177\376\010"
 392      0221373B 
 392      76D4841F 
 392      92ED107F 
 392      FE08
 393 00f4 ED3F80E8 		.ascii	"\355?\200\350\021\263g\200\273\037\010\211\333\\\270"
 393      11B36780 
 393      BB1F0889 
 393      DB5CB8
 394 0103 7F05F225 		.ascii	"\177\005\362%\310B\220\005\242\177\316\342\335h\343"
ARM GAS  /tmp/cct2NpVk.s 			page 31


 394      C8429005 
 394      A27FCEE2 
 394      DD68E3
 395 0112 DF7B6077 		.ascii	"\337{`w\242\003\273\222MI\177\265\035\373\366b\253\341"
 395      A203BB92 
 395      4D497FB5 
 395      1DFBF662 
 395      ABE1
 396 0124 640E7315 		.ascii	"d\016s\025<\026\243\2611'\363H\346a\005z=\356\251\030"
 396      3C16A3B1 
 396      3127F348 
 396      E661057A 
 396      3DEEA918 
 397 0138 1DD9527D 		.ascii	"\035\331R}\202\357F\327\020`\320\004\332\213\020\373"
 397      82EF46D7 
 397      1060D004 
 397      DA8B10FB 
 398 0148 455468F3 		.ascii	"ETh\363\225t!D\373\241\227\347D\003R\027\222F\210m^"
 398      95742144 
 398      FBA197E7 
 398      44035217 
 398      9246886D 
 399 015d 6CF2A24A 		.ascii	"l\362\242J\372'\016F\012\215\3545\263$]l\016\331\003"
 399      FA270E46 
 399      0A8DEC35 
 399      B3245D6C 
 399      0ED903
 400 0170 1D268D46 		.ascii	"\035&\215F\274l\000!\345\000\205BF[|o\345\307\311\316"
 400      BC6C0021 
 400      E5008542 
 400      465B7C6F 
 400      E5C7C9CE 
 401 0184 21C9FB47 		.ascii	"!\311\373G\351M\267\264=\250\213\364f\177\216h\337\201"
 401      E94DB7B4 
 401      3DA88BF4 
 401      667F8E68 
 401      DF81
 402 0196 82F49BCE 		.ascii	"\202\364\233\316\230G\344\271g$w\276W\201\300.\215\247"
 402      9847E4B9 
 402      672477BE 
 402      5781C02E 
 402      8DA7
 403 01a8 1CB69A57 		.ascii	"\034\266\232WO\315n\361\030\271k\021\017\315\266\301"
 403      4FCD6EF1 
 403      18B96B11 
 403      0FCDB6C1 
 404 01b8 A6ED2ED0 		.ascii	"\246\355.\320\234\244E\023\2409\034\331~Z;9\205\216"
 404      9CA44513 
 404      A0391CD9 
 404      7E5A3B39 
 404      858E
 405 01ca 8A1226F0 		.ascii	"\212\022&\360\350\353\267P\001\232\202\362\321\0240"
 405      E8EBB750 
 405      019A82F2 
 405      D11430
 406 01d9 5E8826C3 		.ascii	"^\210&\303\357r\025\323\364KQ\335\200zZ\266\220\335"
 406      EF7215D3 
ARM GAS  /tmp/cct2NpVk.s 			page 32


 406      F44B51DD 
 406      807A5AB6 
 406      90DD
 407 01eb 2B98CFF7 		.ascii	"+\230\317\367\377.%J\310\205QS\011\012\345!\240\203"
 407      FF2E254A 
 407      C8855153 
 407      090AE521 
 407      A083
 408 01fd BC086378 		.ascii	"\274\010cx\204\337\\\324\203\320~\324\015\376\024\241"
 408      84DF5CD4 
 408      83D07ED4 
 408      0DFE14A1 
 409 020d 69307A20 		.ascii	"i0z '\352'7\374\005%\333U\237\227\217\201\304\007ZD"
 409      27EA2737 
 409      FC0525DB 
 409      559F978F 
 409      81C4075A 
 410 0222 E2E0065D 		.ascii	"\342\340\006]\305\367\217\215\270\262.\202h\333j\331"
 410      C5F78F8D 
 410      B8B22E82 
 410      68DB6AD9 
 411 0232 3B0EFF9D 		.ascii	";\016\377\235>\267F\227da\346\201\212D\2429\243\177"
 411      3EB74697 
 411      6461E681 
 411      8A44A239 
 411      A37F
 412 0244 3CF3606A 		.ascii	"<\363`j*\346\323\317vT\251\220\247v\037q\301\334\263"
 412      2AE6D3CF 
 412      7654A990 
 412      A7761F71 
 412      C1DCB3
 413 0257 7D469A85 		.ascii	"}F\232\205\220:\202\264\350\240L\352\003-\374\306\010"
 413      903A82B4 
 413      E8A04CEA 
 413      032DFCC6 
 413      08
 414 0268 C27A2121 		.ascii	"\302z!!Jp^\310\2412p\362\0208\211\016#Ob\224\340P)t"
 414      4A705EC8 
 414      A13270F2 
 414      1038890E 
 414      234F6294 
 415 0280 96402758 		.ascii	"\226@'X\311\333\233\270\333\011\247#\302\200\257=y\365"
 415      C9DB9BB8 
 415      DB09A723 
 415      C280AF3D 
 415      79F5
 416 0292 B20A693D 		.ascii	"\262\012i=\355*8fG\001#\323Q0\255v\203 \360\250\034"
 416      ED2A3866 
 416      470123D3 
 416      5130AD76 
 416      8320F0A8 
 417 02a7 C81C95C9 		.ascii	"\310\034\225\311\0007\026\321\003\315y\317U\270\206"
 417      003716D1 
 417      03CD79CF 
 417      55B886
 418 02b6 19D95295 		.ascii	"\031\331R\225u_\347\310H\245C#O\217\375\276\374\"\361"
 418      755FE7C8 
ARM GAS  /tmp/cct2NpVk.s 			page 33


 418      48A54323 
 418      4F8FFDBE 
 418      FC22F1
 419 02c9 F83818A9 		.ascii	"\3708\030\251\220\215\224KF*\266\346\014c\262\227R\004"
 419      908D944B 
 419      462AB6E6 
 419      0C63B297 
 419      5204
 420 02db 4C26F445 		.ascii	"L&\364EW\017%\272\342W\314p|M\335\210\332\032\301\266"
 420      570F25BA 
 420      E257CC70 
 420      7C4DDD88 
 420      DA1AC1B6 
 421 02ef 4F217F90 		.ascii	"O!\177\220\031\240'm\225\331ev\312~\374~\331x\363\034"
 421      19A0276D 
 421      95D96576 
 421      CA7EFC7E 
 421      D978F31C 
 422 0303 A25689AA 		.ascii	"\242V\211\252\023\210\232\225\246\316\235N\035*y\265"
 422      13889A95 
 422      A6CE9D4E 
 422      1D2A79B5 
 423 0313 ADD7156F 		.ascii	"\255\327\025of\011\034S\020\177\006kcH\032\376\232\010"
 423      66091C53 
 423      107F066B 
 423      63481AFE 
 423      9A08
 424 0325 C38807D1 		.ascii	"\303\210\007\3217{]\230\266\311\320\354[_V\357\212\023"
 424      377B5D98 
 424      B6C9D0EC 
 424      5B5F56EF 
 424      8A13
 425 0337 99B62DDB 		.ascii	"\231\266-\333\252\252T8\2255\366\244'nT\343,\326\310"
 425      AAAA5438 
 425      9535F6A4 
 425      276E54E3 
 425      2CD6C8
 426 034a 4B4A28D1 		.ascii	"KJ(\321\342\035\254\221v\240c\324\031g\263F\316\350"
 426      E21DAC91 
 426      76A063D4 
 426      1967B346 
 426      CEE8
 427 035c B3419267 		.ascii	"\263A\222g3HVbEN\316`9y\252\261a\237\016\357\243`>a"
 427      33485662 
 427      454ECE60 
 427      3979AAB1 
 427      619F0EEF 
 428 0374 577E9CB3 		.ascii	"W~\234\2634[\300Y\355\311Y\027\016:\017\204g\210\204"
 428      345BC059 
 428      EDC95917 
 428      0E3A0F84 
 428      678884
 429 0387 9BA0B3D1 		.ascii	"\233\240\263\321:[=\333\275\2227\222\2248\007Qi\226"
 429      3A5B3DDB 
 429      BD923792 
 429      94380751 
 429      6996
ARM GAS  /tmp/cct2NpVk.s 			page 34


 430 0399 033C439C 		.ascii	"\003<C\234\254\223\211Woiq)\263\361<*\345\241\234\332"
 430      AC938957 
 430      6F697129 
 430      B3F13C2A 
 430      E5A19CDA 
 431 03ad 1D05B3AB 		.ascii	"\035\005\263\253i6\265\301\320\026y\3509ynly\264\332"
 431      6936B5C1 
 431      D01679E8 
 431      39796E6C 
 431      79B4DA
 432 03c0 E10146D6 		.ascii	"\341\001F\326\017\357\256\324\340\012jD\365xhs\247\026"
 432      0FEFAED4 
 432      E00A6A44 
 432      F5786873 
 432      A716
 433 03d2 4DF4F0F0 		.ascii	"M\364\360\360L$f\022\004\341s^\216=\207.\242\211D\001"
 433      4C246612 
 433      04E1735E 
 433      8E3D872E 
 433      A2894401 
 434 03e6 EA005D97 		.ascii	"\352\000]\227\220\007jG\036tk\331M\014\232\237\236\377"
 434      90076A47 
 434      1E746BD9 
 434      4D0C9A9F 
 434      9EFF
 435 03f8 38D3D22B 		.ascii	"8\323\322+\010\233t\224\326Y\240E\006X\031\350\211\212"
 435      089B7494 
 435      D659A045 
 435      065819E8 
 435      898A
 436 040a 02A2481C 		.ascii	"\002\242H\034\320\367\3334\301\274\036S\364\005\273"
 436      D0F7DB34 
 436      C1BC1E53 
 436      F405BB
 437 0419 E85904CC 		.ascii	"\350Y\004\314\\\356\316\324\222d\004\014'z\31365\325"
 437      5CEECED4 
 437      9264040C 
 437      277ACB36 
 437      35D5
 438 042b C5EE0749 		.ascii	"\305\356\007I\010yL\362\364\330M\201C\231\343#\251Z"
 438      08794CF2 
 438      F4D84D81 
 438      4399E323 
 438      A95A
 439 043d A2AE01D4 		.ascii	"\242\256\001\324^A\223\344\374\221\325&Q\027\243\204"
 439      5E4193E4 
 439      FC91D526 
 439      5117A384 
 440 044d CF554A17 		.ascii	"\317UJ\027\011\230\270\330\011.^\005\027/\213.2\022"
 440      0998B8D8 
 440      092E5E05 
 440      172F8B2E 
 440      3212
 441 045f E7322747 		.ascii	"\3472'G\012\002\"(%\013\346\316\245L\367\237\242\204"
 441      0A022228 
 441      250BE6CE 
 441      A54CF79F 
ARM GAS  /tmp/cct2NpVk.s 			page 35


 441      A284
 442 0471 FA997489 		.ascii	"\372\231t\211\327;6\014Q\267T66\361\223\200A\244C\006"
 442      D73B360C 
 442      51B75436 
 442      36F19380 
 442      41A44306 
 443 0485 DC18F38A 		.ascii	"\334\030\363\212\335\332\235\355\326\321g\332\017\353"
 443      DDDA9DED 
 443      D6D167DA 
 443      0FEB
 444 0493 F00396AE 		.ascii	"\360\003\226\2567\033\213\327k\260\20552\216?9\253f"
 444      371B8BD7 
 444      6BB08535 
 444      328E3F39 
 444      AB66
 445 04a5 400D3477 		.ascii	"@\0154w4\0275\252\361\020{w<\277\250\215\307\317Y\243"
 445      341735AA 
 445      F1107B77 
 445      3CBFA88D 
 445      C7CF59A3 
 446 04b9 E0D8601C 		.ascii	"\340\330`\034\302\321\2306\036m,6\3418\366\234\371\270"
 446      C2D19836 
 446      1E6D2C36 
 446      E138F69C 
 446      F9B8
 447 04cb EB8E33D3 		.ascii	"\353\2163\323\340\011\315\255-;\257j\330.k&\347\306"
 447      E009CDAD 
 447      2D3BAF6A 
 447      D82E6B26 
 447      E7C6
 448 04dd F0AE1B49 		.ascii	"\360\256\033I<N\244X\335\313\202F\017\344!]\023\311"
 448      3C4EA458 
 448      DDCB8246 
 448      0FE4215D 
 448      13C9
 449 04ef 2C4447C1 		.ascii	",DG\301\334\276\233.\230Au5\304\242\037b\361\010&cl"
 449      DCBE9B2E 
 449      98417535 
 449      C4A21F62 
 449      F1082663 
 450 0504 2CCAC44C 		.ascii	",\312\304L \350\263Sd\364\031[t\025\262\206\216\241"
 450      20E8B353 
 450      64F4195B 
 450      7415B286 
 450      8EA1
 451 0516 DB14E8DB 		.ascii	"\333\024\350\333\366\321J\345w\025T\372l\341\275\266"
 451      F6D14AE5 
 451      771554FA 
 451      6CE1BDB6 
 452 0526 CA4715E8 		.ascii	"\312G\025\350\036[t\227-\272S\201\276a\327M\005\330"
 452      1E5B7497 
 452      2DBA5381 
 452      BE61D74D 
 452      05D8
 453 0538 A2005FB7 		.ascii	"\242\000_\267O\304\312\033R\370e\246\226\341\257AF\324"
 453      4FC4CA1B 
 453      52F865A6 
ARM GAS  /tmp/cct2NpVk.s 			page 36


 453      96E1AF41 
 453      46D4
 454 054a D9E26B6C 		.ascii	"\331\342kl\251\324J\351G\324w\333g\316\324[\0277\344"
 454      A9D44AE9 
 454      47D477DB 
 454      67CED45B 
 454      1737E4
 455 055d DD2D00DC 		.ascii	"\335-\000\334\244\357\036\211\213\333\002\231?\000\251"
 455      A4EF1E89 
 455      8BDB0299 
 455      3F00A9
 456 056c F733C83D 		.ascii	"\3673\310=\220\007 \367A\006A\036\202<\006\271\003r"
 456      900720F7 
 456      4106411E 
 456      823C06B9 
 456      0372
 457 057e 77ECCAC8 		.ascii	"w\354\312\310p\247+\343\321\330\365)R\313RP\253\265"
 457      70A72BE3 
 457      D1D8F529 
 457      52CB5250 
 457      ABB5
 458 0590 EF09A306 		.ascii	"\357\011\243\006\331en\036.S\343\024\232]\374h}Y=\234"
 458      D9656E1E 
 458      2E53E314 
 458      9A5DFC68 
 458      7D593D9C 
 459 05a4 4713C53D 		.ascii	"G\023\305= \313\211\354\001C0\372\211\274\351\021\223"
 459      20CB89EC 
 459      014330FA 
 459      89BCE911 
 459      93
 460 05b5 F69D42BF 		.ascii	"\366\235B\277\200/\377\257_@\345IkO\236\213n\223\365"
 460      802FFFAF 
 460      5F40E549 
 460      6B4F9E8B 
 460      6E93F5
 461 05c8 A8A396E5 		.ascii	"\250\243\226\345\225\372\024\351D\016\200=\032\233v"
 461      95FA14E9 
 461      440E803D 
 461      1A9B76
 462 05d7 DB15EF61 		.ascii	"\333\025\357a\264\007\367\347\035qA:O\007C\321(p\221"
 462      B407F7E7 
 462      1D71413A 
 462      4F0743D1 
 462      287091
 463 05ea 474B87B7 		.ascii	"GK\207\267\307\361Arx\217\300\213a\331=\3001\013-\317"
 463      C7F14172 
 463      788FC08B 
 463      61D93DC0 
 463      310B2DCF 
 464 05fe F6D5A9E9 		.ascii	"\366\325\251\3511J\020\247\3311\332w\375J%vX\264=\247"
 464      314A10A7 
 464      D931DA77 
 464      FD4A2576 
 464      58B43DA7 
 465 0612 45DB3324 		.ascii	"E\3333$Vm/\3723\033]\255U\333\207\327\017\012\002\234"
 465      566D2FFA 
ARM GAS  /tmp/cct2NpVk.s 			page 37


 465      331B5DAD 
 465      55DB87D7 
 465      0F0A029C 
 466 0626 22828AE0 		.ascii	"\"\202\212\340P\261l\262\330\266l{A\313\266\333\226"
 466      50B16CB2 
 466      D8B66C7B 
 466      41CBB6DB 
 466      96
 467 0637 F2B8F1B8 		.ascii	"\362\270\361\270\210\355\0219/kz1\256e\376\326m\350"
 467      88ED1139 
 467      2F6B7A31 
 467      AE65FED6 
 467      6DE8
 468 0649 8B73B39E 		.ascii	"\213s\263\236N\340I\005-C\"y8>\177U\345 \360v\217\365"
 468      4EE04905 
 468      2D432279 
 468      383E7F55 
 468      E520F076 
 469 065f 6D773747 		.ascii	"mw7G\253\250\313D\025\253W\272\316\345~\205/2\273%]"
 469      ABA8CB44 
 469      15AB57BA 
 469      CEE57E85 
 469      2F32BB25 
 470 0674 476B9DAD 		.ascii	"Gk\235\255v-\237\221\354\330\000\310(\376\327\030\215"
 470      762D9F91 
 470      ECD800C8 
 470      28FED718 
 470      8D
 471 0685 B66FF47A 		.ascii	"\266o\364zbJ\015+\222\210\252\365<\265\232><tr\2345"
 471      624A0D2B 
 471      9288AAF5 
 471      3CB59A3E 
 471      3C74729C 
 472 069a F83FB24E 		.ascii	"\370?\262NK}z\232\306a\360cx\022\374\215\274\030\374"
 472      4B7D7A9A 
 472      C661F063 
 472      7812FC8D 
 472      BC18FC
 473 06ad A48BA537 		.ascii	"\244\213\2457tR\360\367|\330g\015>\340\320K9J/m\203"
 473      7452F0F7 
 473      7CD8670D 
 473      3EE0D04B 
 473      394A2F6D 
 474 06c2 1FCB93E0 		.ascii	"\037\313\223\340\247v\034(\304\270\233\005\277fo\355"
 474      A7761C28 
 474      C4B89B05 
 474      BF666FED 
 475 06d2 169D9522 		.ascii	"\026\235\225\"\213K\371\225\346d\235\225a\034cx|Gu\273"
 475      8B4BF995 
 475      E6649D95 
 475      611C6378 
 475      7C4775BB 
 476 06e6 63865B28 		.ascii	"c\206[(\303\315\022\303\264\322c\347%\206}\237\301\336"
 476      C3CD12C3 
 476      B4D263E7 
 476      25867D9F 
 476      C1DE
ARM GAS  /tmp/cct2NpVk.s 			page 38


 477 06f8 035504D4 		.ascii	"\003U\004\324\030\200B\233\344\200\302\343X~\361\224"
 477      1880429B 
 477      E480C2E3 
 477      587EF194 
 478 0708 5F767BD7 		.ascii	"_v{\327\015\035~\312\370\035\271\325P\253e\007\210\200"
 478      0D1D7ECA 
 478      F81DB9D5 
 478      50AB6507 
 478      8880
 479 071a 48E25DBA 		.ascii	"H\342]\272W\215\330\011\"\2203\251\310\362\244\310\211"
 479      578DD809 
 479      229033A9 
 479      C8F2A4C8 
 479      89
 480 072b BD2705FF 		.ascii	"\275'\005\377\310cs\211\206\324{\202\270X\240_^f?\361"
 480      C8637389 
 480      86D47B82 
 480      B858A05F 
 480      5E663FF1 
 481 073f 3083B099 		.ascii	"0\203\260\231\242$\236\316OUKl\212\033\216RQKE\005\317"
 481      A2249ECE 
 481      4F554B6C 
 481      8A1B8E52 
 481      514B4505 
 482 0754 4AB4D4EB 		.ascii	"J\264\324\353e:1\020\367\0175\3458^\022)\324\347d\311"
 482      653A3110 
 482      F70F35E5 
 482      385E1229 
 482      D4E764C9 
 483 0768 E7B2E2A6 		.ascii	"\347\262\342\246\355Z\345\022\207\367\012\333\251\274"
 483      ED5AE512 
 483      87F70ADB 
 483      A9BC
 484 0776 62899766 		.ascii	"b\211\227fn\317u\305?R\303|y{w\004\362\324\261\314\273"
 484      6ECF75C5 
 484      3F52C37C 
 484      797B7704 
 484      F2D4B1CC 
 485 078b BD09176C 		.ascii	"\275\011\027l\330D&3\003\006\244\311\301\202\361ps\240"
 485      D8442633 
 485      0306A4C9 
 485      C182F170 
 485      73A0
 486 079d 1EA54302 		.ascii	"\036\245C\002\216\261p\364A\376QW\361\244%\355{B\334"
 486      8EB170F4 
 486      41FE5157 
 486      F1A425ED 
 486      7B42DC
 487 07b0 09840F52 		.ascii	"\011\204\017R\213\252\204\252\256\006\035\"g,\2537j"
 487      8BAA84AA 
 487      AE061D22 
 487      672CAB37 
 487      6A
 488 07c1 0B27B15D 		.ascii	"\013'\261]\025<\317\002\223;yGG,A"
 488      153CCF02 
 488      933B7947 
 488      472C41
ARM GAS  /tmp/cct2NpVk.s 			page 39


 489 07d0 DF2A10F7 		.ascii	"\337*\020\367`\302p\233]\370,\333\303!\223\237\"\236"
 489      60C2709B 
 489      5DF82CDB 
 489      C321939F 
 489      229E
 490 07e2 4B044C36 		.ascii	"K\004L6\321l`\274\203\367@\333\3711\233\177>\333\374"
 490      D16C60BC 
 490      83F740DB 
 490      F9319B7F 
 490      3EDBFC
 491 07f5 0135B638 		.ascii	"\0015\2668C\225\333\3726\272\340#,d\231u\327\036\362"
 491      4395DBFA 
 491      36BAE023 
 491      2C649975 
 491      D71EF2
 492 0808 68A2A73D 		.ascii	"h\242\247=\023h\017h~\263\225K\205t\367\337\015\240"
 492      13680F68 
 492      7EB3954B 
 492      8574F7DF 
 492      0DA0
 493 081a 5D728489 		.ascii	"]r\204\211M\266\276v>*\324\270'\210\272\247\252(0\021"
 493      4DB6BE76 
 493      3E2AD4B8 
 493      2788BAA7 
 493      AA283011 
 494 082e D427F0C4 		.ascii	"\324'\360\304\203\275\274\273\224K\004\035\237\332\336"
 494      83BDBCBB 
 494      944B041D 
 494      9FDADE
 495 083d 81A7EF11 		.ascii	"\201\247\357\021z\315\260\032\243\336\312\202Tw&\030"
 495      7ACDB01A 
 495      A3DECA82 
 495      54772618 
 496 084d B495A956 		.ascii	"\264\225\251V\214\334J\023>\207\237N\276%R\222\256:"
 496      8CDC4A13 
 496      3E879F4E 
 496      BE255292 
 496      AE3A
 497 085f 29D3850C 		.ascii	")\323\205\014\221\323e\037\235nz'\037%UI!\3704\313\323"
 497      91D3651F 
 497      9D6E7A27 
 497      1F255549 
 497      21F834CB 
 498 0874 4D472E74 		.ascii	"MG.t\253\034\246x\256\224\3423i\206'\237H><^\351\012"
 498      AB1CA678 
 498      AE94E233 
 498      6986279F 
 498      483E3C5E 
 499 088a A928E5C9 		.ascii	"\251(\345\311\310\243\256\344J\256H\213m\222\270\330"
 499      C8A3AEE4 
 499      4AAE488B 
 499      6D92B8D8 
 500 089a EE6CCAEA 		.ascii	"\356l\312\352\326\341\263\314n\225\245d\277\216\255"
 500      D6E1B3CC 
 500      6E95A564 
 500      BF8EAD
 501 08a9 34F21913 		.ascii	"4\362\031\023\223niqsH\243P\242Q\300V\332\225\341\232"
ARM GAS  /tmp/cct2NpVk.s 			page 40


 501      936E6971 
 501      7348A350 
 501      A251C056 
 501      DA95E19A 
 502 08bd 4EB52D8F 		.ascii	"N\265-\217\003\300\203U\023E\224G\241\304\243&\371\301"
 502      03C08355 
 502      13459447 
 502      A1C4A326 
 502      F9C1
 503 08cf 18D2D56F 		.ascii	"\030\322\325o\002\237\030\351~\212q+#\231v\365\234\300"
 503      029F18E9 
 503      7E8A712B 
 503      239976F5 
 503      9CC0
 504 08e1 E376D618 		.ascii	"\343v\326\030\256l\335\3153\306\036\344\273\330\034"
 504      AE6CDDCD 
 504      33C61EE4 
 504      BBD81C
 505 08f0 578F9977 		.ascii	"W\217\231w\331\244\370l\356\034.T\341k\024;.\371\342"
 505      D9A4F86C 
 505      EE1C2E54 
 505      E16B143B 
 505      2EF9E2
 506 0903 CB8D6EE4 		.ascii	"\313\215n\344\203\005>Y<\224iu\010\354\036\244\263w"
 506      83053E59 
 506      3C946975 
 506      08EC1EA4 
 506      B377
 507 0915 58CCA90A 		.ascii	"X\314\251\012\310\251\343\220S\345 GA\216\200\034\343"
 507      C8A9E390 
 507      53E52047 
 507      418E801C 
 507      E3
 508 0926 ADDF2FE4 		.ascii	"\255\337/\344\243*\013\017\224\356\215\025\204\275\223"
 508      A32A0B0F 
 508      94EE8D15 
 508      84BD93
 509 0935 4988D17E 		.ascii	"I\210\321~\310\0042\332\232\242cK.\250\320\372\342q"
 509      C80432DA 
 509      9AA2634B 
 509      2EA8D0FA 
 509      E271
 510 0947 24ADD08A 		.ascii	"$\255\320\212\001\236/\302%\227_/-;\343\261\\\000\226"
 510      019E2FC2 
 510      25975F2F 
 510      2D3BE3B1 
 510      5C0096
 511 095a 8870C745 		.ascii	"\210p\307E\261E\011/\263\205+\252b\266<j\011\\\230@"
 511      B145092F 
 511      B3852BAA 
 511      62B63C6A 
 511      095C9840 
 512 096e 50AF5760 		.ascii	"P\257W`\227\342q\036\0348\261NTY\251]\333\322\307\311"
 512      97E2711E 
 512      1C38B14E 
 512      5459A95D 
 512      DBD2C7C9 
ARM GAS  /tmp/cct2NpVk.s 			page 41


 513 0982 E18CA65A 		.ascii	"\341\214\246Z\036'\250\351\232]\037{\014\316\034\251"
 513      1E27A8E9 
 513      9A5D1F7B 
 513      0CCE1CA9 
 514 0992 007B198F 		.ascii	"\000{\031\217\243\310B?\011\203+\3455x\230\267\255\300"
 514      A3C8423F 
 514      09832BE5 
 514      357898B7 
 514      ADC0
 515 09a4 A4F8A313 		.ascii	"\244\370\243\023\020\366_3\005`\367\306\360\225\027"
 515      10F65F33 
 515      0560F7C6 
 515      F09517
 516 09b3 63D6D649 		.ascii	"c\326\326I^Ym\235\022\327\326)\272\266\242\273\3727"
 516      5E596D9D 
 516      12D7D629 
 516      BAB6A2BB 
 516      FA37
 517 09c5 B8E09D6A 		.ascii	"\270\340\235j\266\2702\262S48\2075\372\262ZST\370\000"
 517      B6B832B2 
 517      53343887 
 517      35FAB25A 
 517      5354F800 
 518 09d9 6B94E56C 		.ascii	"k\224\345l\035r\301\305\254\021s;\371\3408|\2105J*\243"
 518      1D72C1C5 
 518      AC11733B 
 518      F9E0387C 
 518      88354A2A 
 519 09ee 07C47F1D 		.ascii	"\007\304\177\035\231\311\252)\256\253x\245\302G\351"
 519      99C9AA29 
 519      AEAB78A5 
 519      C247E9
 520 09fd 4B4D75E7 		.ascii	"KMu\347s7\272\323\222\314b\021\034\032qO\262\326\260"
 520      7337BAD3 
 520      92CC6211 
 520      1C1A714F 
 520      B2D6B0
 521 0a10 67C0F786 		.ascii	"g\300\367\2067N\336\335\037\344\271\253\266\213~m\267"
 521      374EDEDD 
 521      1FE4B9AB 
 521      B68B7E6D 
 521      B7
 522 0a21 AD8198B1 		.ascii	"\255\201\230\261\024k\020\003v\026\002V\017A\252\003"
 522      146B1003 
 522      76160256 
 522      0F41AA03 
 523 0a31 3907D208 		.ascii	"9\007\322\010\322\014\3224f_\354\036a\273o\203\275\211"
 523      D20CD234 
 523      665FEC1E 
 523      61BB6F83 
 523      BD89
 524 0a43 AF1D55D0 		.ascii	"\257\035U\320>mK\304\346\243\203|[\375K\346]k\013\357"
 524      3E6D4BC4 
 524      E6A3837C 
 524      5BFD4BE6 
 524      5D6B0BEF 
 525 0a57 7A0D7E56 		.ascii	"z\015~V\0017\333\207+\277\255\024A\251\262\317EJ\302"
ARM GAS  /tmp/cct2NpVk.s 			page 42


 525      0137DB87 
 525      2BBFAD14 
 525      41A9B2CF 
 525      454AC2
 526 0a6a EA5DB919 		.ascii	"\352]\271\031\010W\260$l\255\352\313\327\332\034\034"
 526      0857B024 
 526      6CADEACB 
 526      D7DA1C1C 
 527 0a7a 52B4502B 		.ascii	"R\264P+\004\351\177\014\330(=HZ`\320y9\211\033\244\203"
 527      04E97F0C 
 527      D8283D48 
 527      5A60D079 
 527      39891BA4 
 528 0a8f 64F3C396 		.ascii	"d\363\303\226{\032e\036\266\214\311\30361\017\333h\036"
 528      7B1A651E 
 528      B68CC9C3 
 528      36310FDB 
 528      681E
 529 0aa1 D644F71C 		.ascii	"\326D\367\034t\301u,\247v5?N\321\342v\326x\234\272!"
 529      74C1752C 
 529      A776353F 
 529      4ED1E276 
 529      D6789CBA 
 530 0ab6 56C3F6B1 		.ascii	"V\303\366\261\267\241Y\237\231\365\276\303\215\367\222"
 530      B7A1599F 
 530      99F5BEC3 
 530      8DF792
 531 0ac5 B4F1B6B3 		.ascii	"\264\361\266\263\215\267}\370\304\250\016wSE\252\336"
 531      8DB77DF8 
 531      C4A80E77 
 531      5345AADE 
 532 0ad5 3D967B4E 		.ascii	"=\226{N\310s\012BZ\220}\322\377u9\324\011\265_\0079"
 532      C8730A42 
 532      5A907DD2 
 532      FF7539D4 
 532      09B55F07 
 533 0aea 9CD89521 		.ascii	"\234\330\225!\200\372\301\177\223nV\357\016\356\026"
 533      80FAC17F 
 533      936E56EF 
 533      0EEE16
 534 0af9 F0640ECD 		.ascii	"\360d\016\315\241\307\012\272\014\261\351\244v\256B"
 534      A1C70ABA 
 534      0CB1E9A4 
 534      76AE42
 535 0b08 E8AE80A1 		.ascii	"\350\256\200\241\014\010\002\351!+\250\275\264\310M"
 535      0C0802E9 
 535      212BA8BD 
 535      B4C84D
 536 0b17 DEBC11D5 		.ascii	"\336\274\021\325-'\3445\272y_\2226\357\204\346]\231"
 536      2D27E435 
 536      BA795F92 
 536      36EF84E6 
 536      5D99
 537 0b29 CE5AD146 		.ascii	"\316Z\321F\314\033m\220\323\354r\327_\225\252\273\336"
 537      CC1B6D90 
 537      D3EC72D7 
 537      5F95AABB 
ARM GAS  /tmp/cct2NpVk.s 			page 43


 537      DE
 538 0b3a A4BAFA49 		.ascii	"\244\272\372IL\212\013\234\313-p.7\356\231\223$D\247"
 538      4C8A0B9C 
 538      CB2D702E 
 538      37EE9993 
 538      2444A7
 539 0b4d 4155D50D 		.ascii	"AU\325\015\373\353E\230*(\205\025C/@\317R\236C=\364"
 539      FBEB4598 
 539      2A288515 
 539      432F40CF 
 539      529E433D 
 540 0b62 68AE3850 		.ascii	"h\2568P2\200p?\013\376\223\324\246+\342\177\272\337"
 540      3280703F 
 540      0BFE93D4 
 540      A62BE27F 
 540      BADF
 541 0b74 21074C74 		.ascii	"!\007Lt\333-\236-\366z\262\330\253\006\236|\341p2\372"
 541      DB2D9E2D 
 541      F67AB2D8 
 541      AB069E7C 
 541      E17032FA 
 542 0b88 A5C9A861 		.ascii	"\245\311\250a\337\003\331y\303Y.\266\261\351\003\026"
 542      DF03D979 
 542      C3592EB6 
 542      B1E90316 
 543 0b98 D7E90173 		.ascii	"\327\351\001s\203:\320/9P1z\241\336\325\326]\207\350"
 543      833AD02F 
 543      3950317A 
 543      A1DED5D6 
 543      5D87E8
 544 0bab D80B69F5 		.ascii	"\330\013i\365:\321\335\332S\332\310ls\344TtS\364\026"
 544      3AD1DDDA 
 544      53DAC86C 
 544      73E45474 
 544      53F416
 545 0bbe 0A6BC5C8 		.ascii	"\012k\305\310^\321\333[\374t\316\325\270: \324\030\032"
 545      5ED1DB5B 
 545      FC74CED5 
 545      B83A20D4 
 545      181A
 546 0bd0 1A640C09 		.ascii	"\032d\014\011\0131i\026|\265l\352\274Y\263\270\231^"
 546      0B316916 
 546      7CB56CEA 
 546      BC59B3B8 
 546      995E
 547 0be2 5E7A7D78 		.ascii	"^z}x\204~e@\250~u\370\032S\204\336\177\251\357\234\331"
 547      847E6540 
 547      A87E75F8 
 547      1A5384DE 
 547      7FA9EF9C 
 548 0bf7 FAC58BBD 		.ascii	"\372\305\213\275\365\013\374\026-\371~6y%\215\365\012"
 548      F50BFC16 
 548      2DF97E36 
 548      79258DF5 
 548      0A
 549 0c08 E47E63D5 		.ascii	"\344~c\325\023\021l\372nM\370\332\325\253\302\203\202"
 549      13116CFA 
ARM GAS  /tmp/cct2NpVk.s 			page 44


 549      6E4DF8DA 
 549      D5ABC283 
 549      82
 550 0c19 B546E3DA 		.ascii	"\265F\343\332\2200\323\234\331F\323G\372\265\021k\364"
 550      9030D39C 
 550      D946D347 
 550      FAB5116B 
 550      F4
 551 0c2a 216181A1 		.ascii	"!a\201\241k\203\202\365a\301\377\014\015Y\256_\025\020"
 551      6B8382F5 
 551      61C1FF0C 
 551      0D59AE5F 
 551      1510
 552 0c3c B832242C 		.ascii	"\2702$,Xo\014\012^\021\2606\324d4\375\260:8\302k%\247"
 552      586F0C0A 
 552      5E11B036 
 552      D46434FD 
 552      B03A38C2 
 553 0c53 91864DB3 		.ascii	"\221\206M\2637,\342\207\010\2751\302\024\004\030\202"
 553      372CE287 
 553      08BD31C2 
 553      14041882 
 554 0c63 0D0927B6 		.ascii	"\015\011'\266\214\246\377\221\364JN\027\022Np\253\002"
 554      8CA6FF91 
 554      F44A4E17 
 554      124E70AB 
 554      02
 555 0c74 22FE6134 		.ascii	"\"\376a4\251\3764\337\260X\275x\311\274/\015\252?\373"
 555      A9FE34DF 
 555      B058BD78 
 555      C9BC2F0D 
 555      AA3FFB
 556 0c87 1B0CE81B 		.ascii	"\033\014\350\033\264P\035\030\032\034\260F\364b\326"
 556      B4501D18 
 556      1A1CB046 
 556      F462D6
 557 0c96 27469346 		.ascii	"'F\223Fz\300\340\246\376\277\333\2130\255\002/\276["
 557      7AC0E0A6 
 557      FEBFDB8B 
 557      30AD022F 
 557      BE5B
 558 0ca8 1D120EE6 		.ascii	"\035\022\016\346\360\022o\003^\344mP\373-\363\3636\214"
 558      F0126F03 
 558      5EE46D50 
 558      FB2DF3F3 
 558      368C
 559 0cba 5BE2EFE7 		.ascii	"[\342\357\347\343\343mpZ\262\364[?\037\203\332w\211"
 559      E3E36D70 
 559      5AB2F45B 
 559      3F1F83DA 
 559      7789
 560 0ccc B78F8190 		.ascii	"\267\217\201\220X\250\223G\031MZ\3061$\310hz\333\032"
 560      58A89347 
 560      194D5AC6 
 560      3124C868 
 560      7ADB1A
 561 0cdf E3E0B080 		.ascii	"\343\340\260\200\345\241\301\253\003\202\202\277\017"
ARM GAS  /tmp/cct2NpVk.s 			page 45


 561      E5A1C1AB 
 561      038282BF 
 561      0F
 562 0cec 0E33B986 		.ascii	"\0163\271\206\204\323;\213\2023\014\010\010\"\370\311"
 562      84D33B8B 
 562      82330C08 
 562      0822F8C9 
 563 0cfc 567C5048 		.ascii	"V|PH\204r\200\013}A\037#\370\300\345\256\320\012\014"
 563      8472800B 
 563      7D411F23 
 563      F8C0E5AE 
 563      D00A0C
 564 0d0f 080D5D1E 		.ascii	"\010\015]\036\020\010qxO\341\225\024w1l\304\207\200"
 564      10087178 
 564      4FE19514 
 564      77316CC4 
 564      8780
 565 0d21 35DF69E1 		.ascii	"5\337i\341\221\016\206x\030|\374}\014_\373x;\371\374"
 565      910E8678 
 565      187CFC7D 
 565      0C5FFB78 
 565      3BF9FC
 566 0d34 65E9A279 		.ascii	"e\351\242y\006\354\347;\317\311\327\307\327\340\353"
 566      06ECE73B 
 566      CFC9D7C7 
 566      D7E0EB
 567 0d43 A79EE7EB 		.ascii	"\247\236\347\3537\317\360\221\250-0|\325\252\3600}\360"
 567      37CFF091 
 567      A82D307C 
 567      D5AAF030 
 567      7DF0
 568 0d55 3A130489 		.ascii	":\023\004\211\305i\376\307\353\326\261\000\255\370x"
 568      C569FEC7 
 568      EBD6B100 
 568      ADF878
 569 0d64 E6DC75EB 		.ascii	"\346\334u\353@\373x\377o\375\347\315_`\\\012i\340\035"
 569      40FB78FF 
 569      6FFDE7CD 
 569      5F605C0A 
 569      69E01D
 570 0d77 BC42EDFF 		.ascii	"\274B\355\377\315\"\210\311\374\245\376\006\225\001"
 570      CD2288C9 
 570      FCA5FE06 
 570      9501
 571 0d85 7E3028C6 		.ascii	"~0(\306\213|\015\274\237AG\354I8W\243q\305\332\260@"
 571      8B7C0DBC 
 571      9F4147EC 
 571      493857A3 
 571      71C5DAB0 
 572 0d9a A3D16BEE 		.ascii	"\243\321k\356's?\321H-U\340\312\2005\312w\237~\372\037"
 572      27733FD1 
 572      482D55E0 
 572      CA8035CA 
 572      779F7EFA 
 573 0daf 712AF5FB 		.ascii	"q*\365\373"
 574              		.text
 575              		.section	.gnu.lto_.symtab.9b8b6023f2ac1477,"",%progbits
ARM GAS  /tmp/cct2NpVk.s 			page 46


 576 0000 5F70616C 		.ascii	"_pal_lld_init\000"
 576      5F6C6C64 
 576      5F696E69 
 576      7400
 577 000e 00       		.ascii	"\000"
 578 000f 00       		.ascii	"\000"
 579 0010 00       		.ascii	"\000"
 580 0011 00000000 		.ascii	"\000\000\000\000\000\000\000\000"
 580      00000000 
 581 0019 AE000000 		.ascii	"\256\000\000\000"
 582 001d 5F70616C 		.ascii	"_pal_events\000"
 582      5F657665 
 582      6E747300 
 583 0029 00       		.ascii	"\000"
 584 002a 00       		.ascii	"\000"
 585 002b 00       		.ascii	"\000"
 586 002c 00000000 		.ascii	"\000\000\000\000\000\000\000\000"
 586      00000000 
 587 0034 25010000 		.ascii	"%\001\000\000"
 588 0038 5F70616C 		.ascii	"_pal_lld_setgroupmode\000"
 588      5F6C6C64 
 588      5F736574 
 588      67726F75 
 588      706D6F64 
 589 004e 00       		.ascii	"\000"
 590 004f 00       		.ascii	"\000"
 591 0050 00       		.ascii	"\000"
 592 0051 00000000 		.ascii	"\000\000\000\000\000\000\000\000"
 592      00000000 
 593 0059 FD000000 		.ascii	"\375\000\000\000"
 594 005d 5F70616C 		.ascii	"_pal_lld_enablepadevent\000"
 594      5F6C6C64 
 594      5F656E61 
 594      626C6570 
 594      61646576 
 595 0075 00       		.ascii	"\000"
 596 0076 00       		.ascii	"\000"
 597 0077 00       		.ascii	"\000"
 598 0078 00000000 		.ascii	"\000\000\000\000\000\000\000\000"
 598      00000000 
 599 0080 09010000 		.ascii	"\011\001\000\000"
 600 0084 5F70616C 		.ascii	"_pal_lld_disablepadevent\000"
 600      5F6C6C64 
 600      5F646973 
 600      61626C65 
 600      70616465 
 601 009d 00       		.ascii	"\000"
 602 009e 00       		.ascii	"\000"
 603 009f 00       		.ascii	"\000"
 604 00a0 00000000 		.ascii	"\000\000\000\000\000\000\000\000"
 604      00000000 
 605 00a8 0E010000 		.ascii	"\016\001\000\000"
 606              		.text
 607              		.section	.gnu.lto_.opts,"",%progbits
 608 0000 272D666D 		.ascii	"'-fmath-errno' '-fsigned-zeros' '-ftrapping-math' '"
 608      6174682D 
 608      6572726E 
ARM GAS  /tmp/cct2NpVk.s 			page 47


 608      6F272027 
 608      2D667369 
 609 0033 2D666E6F 		.ascii	"-fno-trapv' '-fno-openmp' '-fno-openacc' '-mcpu=cor"
 609      2D747261 
 609      70762720 
 609      272D666E 
 609      6F2D6F70 
 610 0066 7465782D 		.ascii	"tex-m4' '-mno-thumb-interwork' '-mthumb' '-ggdb' '-"
 610      6D342720 
 610      272D6D6E 
 610      6F2D7468 
 610      756D622D 
 611 0099 4F322720 		.ascii	"O2' '-fomit-frame-pointer' '-falign-functions=16' '"
 611      272D666F 
 611      6D69742D 
 611      6672616D 
 611      652D706F 
 612 00cc 2D666675 		.ascii	"-ffunction-sections' '-fdata-sections' '-fno-common"
 612      6E637469 
 612      6F6E2D73 
 612      65637469 
 612      6F6E7327 
 613 00ff 2720272D 		.ascii	"' '-flto'\000"
 613      666C746F 
 613      2700
 614              		.text
 615              		.comm	__gnu_lto_v1,1,1
 616              		.comm	__gnu_lto_slim,1,1
 617              		.ident	"GCC: (15:6.3.1+svn253039-1build1) 6.3.1 20170620"
ARM GAS  /tmp/cct2NpVk.s 			page 48


DEFINED SYMBOLS
                            *ABS*:0000000000000000 hal_pal_lld.c
                            *COM*:0000000000000001 __gnu_lto_v1
                            *COM*:0000000000000001 __gnu_lto_slim

NO UNDEFINED SYMBOLS
