ARM GAS  /tmp/ccI1kxyb.s 			page 1


   1              		.cpu cortex-m4
   2              		.eabi_attribute 20, 1
   3              		.eabi_attribute 21, 1
   4              		.eabi_attribute 23, 3
   5              		.eabi_attribute 24, 1
   6              		.eabi_attribute 25, 1
   7              		.eabi_attribute 26, 1
   8              		.eabi_attribute 30, 2
   9              		.eabi_attribute 34, 1
  10              		.eabi_attribute 18, 4
  11              		.file	"hal_pal.c"
  12              		.text
  13              	.Ltext0:
  14              		.section	.gnu.lto_.profile.a0215533bbd510de,"",%progbits
  15 0000 789C6365 		.ascii	"x\234ce`b`a```d0T\006\000\001\005\000a"
  15      60626061 
  15      60606064 
  15      30540600 
  15      01050061 
  16              		.text
  17              		.section	.gnu.lto_.icf.a0215533bbd510de,"",%progbits
  18 0000 789C6365 		.ascii	"x\234ce`bP`@\000V\206\343\227n\235fc\334\276\377\320"
  18      60625060 
  18      40005686 
  18      E3976E9D 
  18      6663DCBE 
  19 0016 0F76A675 		.ascii	"\017v\246u;\036\256\342e\356\272;}9\013\353\304\317"
  19      3B1EAEE2 
  19      65EEBA3B 
  19      7D390BEB 
  19      C4CF
  20 0028 7DDD8C0C 		.ascii	"}\335\214\014\000\006\032\016\370"
  20      00061A0E 
  20      F8
  21              		.text
  22              		.section	.gnu.lto_.jmpfuncs.a0215533bbd510de,"",%progbits
  23 0000 789C458A 		.ascii	"x\234E\212\261\015\3000\014\303D;N\267\236\223\3372"
  23      B10DC030 
  23      0CC3443B 
  23      4EB79E93 
  23      DF32
  24 0012 E9F518ED 		.ascii	"\351\365\030\355\020\015\024\001\251\024Z\272)\001&"
  24      100D1401 
  24      A9145ABA 
  24      290126
  25 0021 20EDF88A 		.ascii	" \355\370\212\371O\261i\346\350\003\257lW\266=-:\216"
  25      F94FB169 
  25      E6E803AF 
  25      6C57B63D 
  25      2D3A8E
  26 0034 E705FB   		.ascii	"\347\005\373"
  27              		.text
  28              		.section	.gnu.lto_.inline.a0215533bbd510de,"",%progbits
  29 0000 789C8D90 		.ascii	"x\234\215\220\275\015\302@\014\205\237\177.\\\024\005"
  29      BD0DC240 
  29      0C859F7F 
  29      2E5C1405 
ARM GAS  /tmp/ccI1kxyb.s 			page 2


  30 0010 2251902E 		.ascii	"\"Q\220.WRQS2\001\2631B\306`\014\306\240d\204\330>\024"
  30      57525153 
  30      3201B331 
  30      42C6600C 
  30      C6A06484 
  31 0027 29A2C127 		.ascii	")\242\301'==\331\362\367\254K`\234\011k%\240\315$(\004"
  31      3D3DD9F2 
  31      F7AC4B60 
  31      9C096B25 
  31      A0CD2428 
  32 003c 41E82DB4 		.ascii	"A\350-\264\344\346sA3O\014z\357\264\252K\016\233]\206"
  32      E4E67341 
  32      334F0C7A 
  32      EFB4AA4B 
  32      0E9B5D86 
  33 0050 B0836308 		.ascii	"\260\203c\010\373\236\264R\2508? \025\330\361\353\360"
  33      FB9EB452 
  33      A8383F20 
  33      15D8F1EB 
  33      F0
  34 0061 83B2DE06 		.ascii	"\203\262\336\006\242\3634\272+\014y\236\012,\376\352"
  34      A2F334BA 
  34      2B0C799E 
  34      0A2CFEEA 
  35 0071 644677DC 		.ascii	"dFw\334\334\367\205\2666\373\357<K\032\235\244= \217"
  35      DCF785B6 
  35      36FBEF3C 
  35      4B1A9DA4 
  35      3D208F
  36 0084 BB3F4152 		.ascii	"\273?AR\002[fe\304G4\211\310\331\220\265o\253\352\233"
  36      025B6665 
  36      C4473489 
  36      C8D990B5 
  36      6FABEA9B 
  37 0098 C002BD7E 		.ascii	"\300\002\275~$A"
  37      2441
  38              		.text
  39              		.section	.gnu.lto_.pureconst.a0215533bbd510de,"",%progbits
  40 0000 789C6365 		.ascii	"x\234ce`b\340f```e\220b\224b\222d\226b\225\002\000\004"
  40      6062E066 
  40      60606065 
  40      90629462 
  40      92649662 
  41 0018 1F00A4   		.ascii	"\037\000\244"
  42              		.text
  43              		.section	.gnu.lto_palReadBus.a0215533bbd510de,"",%progbits
  44 0000 789C9591 		.ascii	"x\234\225\221\273N\033Q\020\206\347\337Y\357\256\301"
  44      BB4E1B51 
  44      1086E7DF 
  44      59EFAEC1 
  45 0010 D0232CE1 		.ascii	"\320#,\341\"\022\242\361\276E^#\002\232\024\226@\261"
  45      2212A2F1 
  45      BE455E23 
  45      029A1496 
  45      40B1
  46 0022 52736C2E 		.ascii	"Rsl.\341\"\010B$\206\004\263\005B\004\022\302\035ET"
  46      E1220842 
ARM GAS  /tmp/ccI1kxyb.s 			page 3


  46      248604B3 
  46      05420412 
  46      C21D4554 
  47 0036 16144848 		.ascii	"\026\024HH\341\326\320\200\022A\345\202\002\203\224"
  47      E1D6D080 
  47      1241E582 
  47      028394
  48 0045 0691CC1C 		.ascii	"\006\221\314\034\203\344\"\015\305\316\23193\363\315"
  48      83E4220D 
  48      C5CE9939 
  48      33F3CD
  49 0054 FC7B62E4 		.ascii	"\374{b\344P\326!j!\242f\371\300\004g\374\220(\0278\200"
  49      50D6216A 
  49      21A266F9 
  49      C00467FC 
  49      90281738 
  50 0069 3A2600F5 		.ascii	":&\000\3658\350\301{.0N\372Vgx\214#)s%\274\371\371\351"
  50      38E8C17B 
  50      2E304EFA 
  50      5667788C 
  50      23297325 
  51 0081 AA514320 		.ascii	"\252QC %\341gs:\344\267-\030\2237\245\302\2047\273~"
  51      25E16773 
  51      3AE4B72D 
  51      189337A5 
  51      C28437BB 
  52 0096 6CE2113B 		.ascii	"l\342\021;4-\345_\220\304\002\222:c\021mR\334\177R\030"
  52      342DE55F 
  52      90C40292 
  52      3A63116D 
  52      52DC7F52 
  53 00ab 604E82C4 		.ascii	"`N\202\304\277\370\365{1h\235\267\215w\223l^D\314X\002"
  53      BFF8F57B 
  53      31689DB7 
  53      8D77936C 
  53      5E44CC58 
  54 00c0 D736CA15 		.ascii	"\3276\312\025\341+Z\265\376r\355\341C\203\347\3161)"
  54      E12B5AB5 
  54      FE72EDE1 
  54      4383E7CE 
  54      3129
  55 00d2 5B90DFE0 		.ascii	"[\220\337\340A\316\225S\224\314\303\337w\246t>\217\342"
  55      41CE9553 
  55      94CCC3DF 
  55      77A6743E 
  55      8FE2
  56 00e4 CBB86890 		.ascii	"\313\270h\220\016\226^\327\025\023\213\211\361<\365"
  56      0E965ED7 
  56      15138B89 
  56      F13CF5
  57 00f3 7C3501E9 		.ascii	"|5\001\351v4,\010\225:\"\201\234\\F~\247<\272\347)\265"
  57      76342C08 
  57      953A2281 
  57      9C5C467E 
  57      A73CBAE7 
  58 0109 C82AFB63 		.ascii	"\310*\373c\377\356\221\257:\331\256\373g\377`0\021\241"
  58      FFEE91AF 
ARM GAS  /tmp/ccI1kxyb.s 			page 4


  58      3AD9AEFB 
  58      67FF6030 
  58      11A1
  59 011b 9833C6A4 		.ascii	"\2303\306\244\"\366\213\354`Y\265Inv\352\307mc\270l"
  59      22F68BEC 
  59      6059B549 
  59      6E76EAC7 
  59      6D63B86C 
  60 012f C66D2AC0 		.ascii	"\306m*\300wD\230\322\035\011+\010\251\214\335\235x\025"
  60      774498D2 
  60      1D092B08 
  60      A98CDD9D 
  60      7815
  61 0141 ECD682E3 		.ascii	"\354\326\202\343\377\003\327\311t\254>\202\317*\225"
  61      FF03D7C9 
  61      74AC3E82 
  61      CF2A95
  62 0150 BD8480FB 		.ascii	"\275\204\200\373r\232\252\307\232\005\253j\254[p\376"
  62      729AAAC7 
  62      9A05AB6A 
  62      AC5B70FE 
  63 0160 091C7BD6 		.ascii	"\011\034{\326\212\011lX\222\243\244MK\352\255\014\240"
  63      8A096C58 
  63      92A3A44D 
  63      4BEAAD0C 
  63      A0
  64 0171 8AD23505 		.ascii	"\212\3225\005XK\367\237Eo\300\226\245\333W\332\256\322"
  64      584BF79F 
  64      456FC096 
  64      A5DB57DA 
  64      AED2
  65 0183 EF9FE881 		.ascii	"\357\237\350\201\035\340\3235\362\251\307\033\375Q\303"
  65      1DE0D335 
  65      F2A9C71B 
  65      FD51C3
  66 0192 A24ADE41 		.ascii	"\242J\336A\026jJ\247\303\260+\033\276n\317\204\3317"
  66      166A4AA7 
  66      C3B02B1B 
  66      BE6ECF84 
  66      D937
  67 01a4 9D7ABEEA 		.ascii	"\235z\276\352n\317\244;\211;\336f\377\001~\017\307\353"
  67      6ECFA43B 
  67      893BDE66 
  67      FF017E0F 
  67      C7EB
  68              		.text
  69              		.section	.gnu.lto_palWriteBus.a0215533bbd510de,"",%progbits
  70 0000 789C9553 		.ascii	"x\234\225SMk\023Q\024}g\356d2I&\251K\305,\262(\204n"
  70      4D6B1351 
  70      147D67EE 
  70      64324926 
  70      A94BC52C 
  71 0018 32FFC2A5 		.ascii	"2\377\302\245\177A\332l\024\012\212\321u'\261I\245E"
  71      7F41DA6C 
  71      140A8AD1 
  71      7527B149 
  71      A545
ARM GAS  /tmp/ccI1kxyb.s 			page 5


  72 002a 2D884994 		.ascii	"-\210I\224\216S*Z\243\326\266~6]H\210\213\202T\245]"
  72      8E532A5A 
  72      A3D6B67E 
  72      365D4888 
  72      8B8254A5 
  73 003f E84A14BF 		.ascii	"\350J\024\277\240\013\241VA\027%\361\336\227\216Vq\323"
  73      A00BA156 
  73      411725F1 
  73      DE978E56 
  73      71D3
  74 0051 81B9EFDD 		.ascii	"\201\271\357\335\217s\336\275\347\315D\224\241\016\223"
  74      8F73DEBD 
  74      E7CD4494 
  74      A10E93
  75 0060 52FD4AA9 		.ascii	"R\375J\251\203\374\202\024\214\311\027J\025m\003\220"
  75      83FC8214 
  75      8CC9174A 
  75      156D0390 
  76 0070 8D67438D 		.ascii	"\215gC\215\030\030\301\005\252\021\332c\237\233\306"
  76      1818C105 
  76      AA11DA63 
  76      9F9BC6
  77 007f C0ACC74F 		.ascii	"\300\254\307O\253\366\335\252x\345\375\001\303/\363"
  77      ABF6DDAA 
  77      78E5FD01 
  77      C32FF3
  78 008e 2B0F6631 		.ascii	"+\017f1\300Uk\243\013St\236\002\002Lv\277>\277\362!"
  78      C0556BA3 
  78      0B53749E 
  78      02024C76 
  78      BF3EBFF2 
  79 00a3 25AE810C 		.ascii	"%\256\201\014\273\345\265Z\205(\015\305\3737o\3375\354"
  79      BBE5B55A 
  79      85280DC5 
  79      FB376FDF 
  79      35EC
  80 00b5 EC75CF2B 		.ascii	"\354u\317+y\255\355\213\344\365\007D\270\005bB4\220"
  80      79ADED8B 
  80      E4F50744 
  80      B8056242 
  80      3490
  81 00c7 C64DA415 		.ascii	"\306M\244\025\207\024n#\313\345~gf%A\031\015m\006S\015"
  81      87146E23 
  81      CBE57E67 
  81      66254119 
  81      0D6D0653 
  82 00dc 6B07BA5A 		.ascii	"k\007\272Z\325P\023w\376\205\232\012s\310J\375\373\305"
  82      D5501377 
  82      FE859A0A 
  82      73C84AFD 
  82      FBC5
  83 00ee CEA5A465 		.ascii	"\316\245\244e^\013\333\305]X\340u~\035-\257\323\035"
  83      5E0BDBC5 
  83      5D58E075 
  83      7E1D2DAF 
  83      D31D
  84 0100 E3066EA0 		.ascii	"\343\006n\240{\250\217\347\346\303\210\261\021\023\002"
ARM GAS  /tmp/ccI1kxyb.s 			page 6


  84      7BA88FE7 
  84      E6C388B1 
  84      111302
  85 010f 8EF0D6B2 		.ascii	"\216\360\326\262\304D\305\330l\24211qq\023b\0341I1J"
  85      C444C5D8 
  85      6CA23131 
  85      71711362 
  85      1C314931 
  86 0124 8D33B908 		.ascii	"\2153\271\0107A\206\254\264\201\322\362\306\223\274"
  86      374186AC 
  86      B481D2F2 
  86      C693BC
  87 0133 1CE79368 		.ascii	"\034\347\223hX-\267_FE\016\322s\374Xyv\326\011\340\027"
  87      582DB75F 
  87      46450ED2 
  87      73FC5879 
  87      76D609E0 
  88 0148 59D34C40 		.ascii	"Y\323L@\266\3172\315s\357\222\273Z_\372\226r\347\274"
  88      B6CF32CD 
  88      73EF92BB 
  88      5A5FFA96 
  88      72E7BC
  89 015b 499D8A61 		.ascii	"I\235\212a\001\001\352Zk,\302UL\335\251\240\307\034"
  89      0101EA5A 
  89      6B2CC255 
  89      4CDDA9A0 
  89      C71C
  90 016d F1795639 		.ascii	"\361yV9+\326\363\255=Q\307qOS\213 \270\257\251\317l"
  90      2BD6F3AD 
  90      3D51C771 
  90      4F538B20 
  90      B8AFA9CF 
  91 0182 87D451CD 		.ascii	"\207\324Q\315n\355f\267\367\304\236\300\003\315n\010"
  91      6EED66B7 
  91      F7C49EC0 
  91      03CD6E08 
  92 0192 FBC31E7B 		.ascii	"\373\303\036{5d\217\365\330\3267W\375\204\250\022\305"
  92      35648FF5 
  92      D8D63757 
  92      FD84A812 
  92      C5
  93 01a3 3E3C621A 		.ascii	"><b\032\256\331\014k\342\272\211\330_]%x\340^W\177\352"
  93      AED90C6B 
  93      E2BA89D8 
  93      5F5D2578 
  93      E05E577F 
  94 01b8 1C1DB625 		.ascii	"\034\035\266%\3663\214%5\334\341X\273\252\273\337}\005"
  94      F6338C25 
  94      35DCE158 
  94      BBAABBDF 
  94      7D05
  95 01ca CEFFAE80 		.ascii	"\316\377\256\200\021\204\307;\223\274\336\332z\352\360"
  95      1184C73B 
  95      93BCDEDA 
  95      7AEAF0
  96 01d9 24A34549 		.ascii	"$\243EI\245\260\244'\221;\340\344\304\307O\257\"\277"
  96      A5B0A427 
ARM GAS  /tmp/ccI1kxyb.s 			page 7


  96      913BE0E4 
  96      C4C74FAF 
  96      22BF
  97 01eb 937D68C2 		.ascii	"\223}h\302\255\3635\360\224\313p\371h\365\005\245\351"
  97      ADF335F0 
  97      94CB70F9 
  97      68F505A5 
  97      E9
  98 01fc EE39DD89 		.ascii	"\3569\335\211\376A\306Ya\376(X\210\003\271\234\353\036"
  98      FE41C659 
  98      61FE2858 
  98      8803B99C 
  98      EB1E
  99 020e 2FB84707 		.ascii	"/\270G\007\207\335\302\311\274\254GN\014\016\347\362"
  99      87DDC2C9 
  99      BCAC474E 
  99      0C0EE7F2 
 100 021e 8A864E17 		.ascii	"\212\206N\027\314\241c\247\012\277\000\025\242\010U"
 100      CCA163A7 
 100      0ABF0015 
 100      A20855
 101              		.text
 102              		.section	.gnu.lto_palSetBusMode.a0215533bbd510de,"",%progbits
 103 0000 789C9592 		.ascii	"x\234\225\222MK[A\024\206\317;\347&\367\246~\254-f\221"
 103      4D4B5B41 
 103      1486CF3B 
 103      E726F7A6 
 103      7EAC2D66 
 104 0015 8510DCE4 		.ascii	"\205\020\334\344\376\214\376\005wE\243\320\205\2424"
 104      FE8CFE05 
 104      7745A3D0 
 104      85A234
 105 0024 749D316D 		.ascii	"t\2351mb\261\240Bk\243\322x\013\305\257V\253\326VLK"
 105      62B1A042 
 105      6BA3D278 
 105      0BC5AF56 
 105      ABD6564C 
 106 0039 21B829F4 		.ascii	"!\270)\364\023\335\026ii\241 *(.\334\250\365\234\261"
 106      13DD1669 
 106      69A1202A 
 106      282EDCA8 
 106      F59CB1
 107 004c 2EEACE81 		.ascii	".\352\316\201\23193s\336g\316\274L\214\014u\032\242"
 107      99393373 
 107      DE67CEBC 
 107      4C8C0C75 
 107      1AA2
 108 005e 16226A96 		.ascii	"\026\"j\226\016&\230\221\257D\375\201\0014\260\001("
 108      0E269891 
 108      AF44FD81 
 108      0134B001 
 108      28
 109 006f 6F90C730 		.ascii	"o\220\3070\227\031\353\003\177\252\246u\306J\253\225"
 109      9719EB03 
 109      7FAAA675 
 109      C64AAB95 
 110 007f 37FD922D 		.ascii	"7\375\222-6EL4.]\033f\320*Y\033\367\226\236\360\020"
ARM GAS  /tmp/ccI1kxyb.s 			page 8


 110      36454C34 
 110      2E5D1B66 
 110      D02A591B 
 110      F7969EF0 
 111 0094 470C78B2 		.ascii	"G\014x\262<\3702\361\273Q\227\006)Y\0267\312%\346$H"
 111      3CF832F1 
 111      BB519706 
 111      29591637 
 111      CA25E624 
 112 00a9 E2AD1F3F 		.ascii	"\342\255\037?\347\202\364\224\265\005[\373\374\210m"
 112      E782F494 
 112      B5055BFB 
 112      FC886D
 113 00b8 4BC48CE7 		.ascii	"K\304\214\347`\001b\016I\314\"I\262Ex\201\264\244\037"
 113      6001620E 
 113      49CC2249 
 113      B2457881 
 113      B4A41F
 114 00cb AE4C3DAC 		.ascii	"\256L=\254\343\224\223~\032z\337\366Oy<\352\224\036"
 114      E394937E 
 114      1A7ADFF6 
 114      4F793CEA 
 114      941E
 115 00dd E62F2B3D 		.ascii	"\346/+=\302\002\322\232\376k\371t\264!\356=\273\250"
 115      C202D29A 
 115      FE6BF974 
 115      B421EE3D 
 115      BBA8
 116 00ef 162F1187 		.ascii	"\026/\021\207\314\213\233\250\331\323\277\003\266\266"
 116      CC8B9BA8 
 116      D9D3BF03 
 116      B6B6
 117 00fd 3B8DAD1B 		.ascii	";\215\255\033\011y\266\334\305\242\215y2\304c2\370q"
 117      0979B6DC 
 117      C5A28D79 
 117      32C46332 
 117      F871
 118 010f 8D7C3816 		.ascii	"\215|8\026\015\212\\\235y\300Fg\336F\341\355\366^V\201"
 118      0D8A5C9D 
 118      79C04667 
 118      DE46E1ED 
 118      F65E5681 
 119 0123 1556931E 		.ascii	"\025V\223\036\027\327\277\371\372^v\205\036}\370x\277"
 119      17D7BFF9 
 119      FA5E7685 
 119      1E7DF878 
 119      BF
 120 0134 3E42A55F 		.ascii	">B\245_LKE\034T\304\207E\251N\317&\307\326\016\033\303"
 120      4C4B451C 
 120      54C48745 
 120      A94ECF26 
 120      C7D60E1B 
 121 0149 053BE28E 		.ascii	"\005;\342\216\022XB\2041g&\226\021\222\242\023\347`"
 121      12584284 
 121      31672696 
 121      1192A213 
 121      E760
ARM GAS  /tmp/ccI1kxyb.s 			page 9


 122 015b EF4AA46B 		.ascii	"\357J\244kx\345H\372B\254\374O\212]\211T\207\327\216"
 122      78E548FA 
 122      42ACFC4F 
 122      8A5D8954 
 122      87D78E
 123 016e 6494F4C6 		.ascii	"d\224\364\306\221\356\356\227p\216\322\272\004H;(\245"
 123      91EEEE97 
 123      708ED2BA 
 123      04483B28 
 123      A5
 124 017f 7447E5D5 		.ascii	"tG\345\325\352\356w?\177b\203\210\353\307\265\000\254"
 124      EAEE773F 
 124      7F628388 
 124      EBC7B500 
 124      AC
 125 0190 224FE28C 		.ascii	"\"O\342\214K\367#n\240=\024\236\276\033v\014\367m\006"
 125      4BF7236E 
 125      A03D149E 
 125      BE1B760C 
 125      F76D06
 126 01a3 254D9C94 		.ascii	"%M\234\224+\256g2a\330\233\013o\265w\207\271\333Y\235"
 126      2BAE6732 
 126      61D89B0B 
 126      6FB57787 
 126      B9DB599D 
 127 01b7 6FF6B577 		.ascii	"o\366\265wg\262\304\035wr^Oog\327\031bM\305x"
 127      67B2C41D 
 127      77725E4F 
 127      6F67D719 
 127      624DC578 
 128              		.text
 129              		.section	.gnu.lto_palSetPadCallbackI.a0215533bbd510de,"",%progbits
 130 0000 789C8D92 		.ascii	"x\234\215\222\335KTA\030\306\3479\357\356\331uI\003"
 130      DD4B5441 
 130      18C6E739 
 130      EFEED975 
 130      4903
 131 0012 AF8AC40C 		.ascii	"\257\212\304\014\022?(\017\376\027\375\001\335\307f"
 131      123F280F 
 131      FE17FD01 
 131      DDC766
 132 0021 5117828B 		.ascii	"Q\027\202\213v\335N\253\233\245\220F\247u\025\345\210"
 132      76DD4EAB 
 132      9BA59046 
 132      A77515E5 
 132      88
 133 0032 92AE999F 		.ascii	"\222\256\231\237e\271\351\352\266z\021\344G\005\326"
 133      65B9E9EA 
 133      B67A11E4 
 133      4705D6
 134 0041 8557651A 		.ascii	"\205We\032V\012ED\005i\357\214\247@\241\217\201\303"
 134      560A4544 
 134      0569EF8C 
 134      A740A18F 
 134      81C3
 135 0053 CC9C799E 		.ascii	"\314\234y\236w~\357\274\257W\030\242\207\204\260\204"
 135      777EEFBC 
ARM GAS  /tmp/ccI1kxyb.s 			page 10


 135      AF5718A2 
 135      8784B084 
 136 0063 1087F803 		.ascii	"\020\207\370\003\011\030\315\013B\\\362\033\200ZH?D"
 136      0918CD0B 
 136      425CF21B 
 136      805A483F 
 136      44
 137 0074 D840184D 		.ascii	"\330@\030M\324B\310\324\257%\215\222^\311#\335\022\013"
 137      D442C8D4 
 137      AF258D92 
 137      5EC923DD 
 137      120B
 138 0086 5C96D103 		.ascii	"\\\226\321\003\016\333[\371S\003\275(a\325\263\272\341"
 138      0EDB5BF9 
 138      5303BD28 
 138      61D5B3BA 
 138      E1
 139 0097 76BA460E 		.ascii	"v\272F\016\001\036\336~\234o[\311Q[\003\005\274\235"
 139      011EDE7E 
 139      9C6F5BC9 
 139      515B0305 
 139      BC9D
 140 00a9 59D81E0F 		.ascii	"Y\330\036\017P\036\004\257#]\255\263\331E\267\244\214"
 140      501E04AF 
 140      235DADB3 
 140      D945B7A4 
 140      8C
 141 00ba C8F41B9B 		.ascii	"\310\364\033\233\344Q\207\010\267A\034\020}\310C\002"
 141      E4518708 
 141      B7411C10 
 141      7DC84302 
 142 00ca 79827F09 		.ascii	"y\202\177\011\364\243\210\345\366\306\223\\:\242\235"
 142      F4A388E5 
 142      F6C6935C 
 142      3AA29D
 143 00d9 D1F852BD 		.ascii	"\321\370R\275\367\2273\246\235\036\334\331\353\364\010"
 143      F79733A6 
 143      9D1EDCD9 
 143      EBF408
 144 00e8 0C6867E6 		.ascii	"\014hg\346\351\325\330~*\324\326\301\261\346\315}\256"
 144      E9D5D87E 
 144      2AD4D6C1 
 144      B1E6CD7D 
 144      AE
 145 00f9 752D916F 		.ascii	"u-\221o\327\312\023\016y1\270\327\354\025\030\322\346"
 145      D7CA130E 
 145      7931B8D7 
 145      EC1518D2 
 145      E6
 146 010a F7B23105 		.ascii	"\367\2621\005*\326\346\245\027}']\357\334\316\265&\206"
 146      2AD6E6A5 
 146      177D275D 
 146      EFDCCEB5 
 146      2686
 147 011c F73A4D81 		.ascii	"\367:M\201\021\024)\371\225\236\361x\026\035\323\326"
 147      111429F9 
 147      959EF178 
ARM GAS  /tmp/ccI1kxyb.s 			page 11


 147      161DD3D6 
 148 012c D54FD3F3 		.ascii	"\325O\323\363Y\205\335\332\373%\221\177\275V>\226\036"
 148      5985DDDA 
 148      FB25917F 
 148      BD563E96 
 148      1E
 149 013d 877C18DD 		.ascii	"\207|\030\335\355W\203\345\257G\266nf\233\036\334E\341"
 149      ED5783E5 
 149      AF47B66E 
 149      669B1EDC 
 149      45E1
 150 014f CE03E31E 		.ascii	"\316\003\343\036L\360<\364\034i\271\265]\317\364\305"
 150      4CF03CF4 
 150      1C69B9B5 
 150      5DCFF4C5 
 151 015f 9B9FE772 		.ascii	"\233\237\347r}\200\312\222_\233q\275\320W\213\006v\250"
 151      7D80CA92 
 151      5F9B71BD 
 151      D0578B06 
 151      76A8
 152 0171 FA3592A1 		.ascii	"\3725\222\241fZE\244s\302>\254bp\354\227]S7rJ\023\272"
 152      665A45A4 
 152      73C23EAC 
 152      6270EC97 
 152      5D533772 
 153 0188 8E0BFD46 		.ascii	"\216\013\375Fk\247\2379\204[\3041\224\262$\026\315,"
 153      6BA79F39 
 153      845BC431 
 153      94B22416 
 153      CD2C
 154 019a FA54D5FC 		.ascii	"\372T\325\374\032>\231\374\260\354\013\377\220,\364"
 154      1A3E99FC 
 154      B0EC0BFF 
 154      902CF4
 155 01a9 77D30EE1 		.ascii	"w\323\016\341\273\271\245\331\200\203\0168\224\205\007"
 155      BBB9A5D9 
 155      80830E38 
 155      948507
 156 01b8 DC23F715 		.ascii	"\334#\367\025\275:H\245^Q\371\220\012\317\227\036w("
 156      BD3A48A5 
 156      5E51F990 
 156      0ACF971E 
 156      7728
 157 01ca 8071B090 		.ascii	"\200q\260\220\340\346\326R\267h\033\034M\011.\252'H"
 157      E0E6D652 
 157      B7681B1C 
 157      4D092EAA 
 157      2748
 158 01dc A25CA109 		.ascii	"\242\\\241\011<DX0k\201N\226SW4b\035\221\266\365\246"
 158      3C445830 
 158      6B814E96 
 158      53573462 
 158      1D91B6F5 
 159 01f1 55D3A5FF 		.ascii	"U\323\245\377\215\346\373?\264IF\233\3703Zj\027\332"
 159      8DE6FB3F 
 159      B449469B 
 159      F8335A6A 
ARM GAS  /tmp/ccI1kxyb.s 			page 12


 159      17DA
 160 0203 D7F66FDF 		.ascii	"\327\366o\337\311\032\320\202i\333T\2351\205\362\270"
 160      C91AD082 
 160      69DB549D 
 160      3185F2B8 
 161 0213 EE704CC3 		.ascii	"\356pL\303\352\340v\324<\361\250\317\345\371'@\372\357"
 161      EAE076D4 
 161      3CF1A8CF 
 161      E5F92740 
 161      FAEF
 162 0225 008F7601 		.ascii	"\000\217v\001d\232&G\375.\300\212\0020\221Q\000\352"
 162      649A2647 
 162      FD2EC08A 
 162      02309151 
 162      00EA
 163 0237 1C330AC0 		.ascii	"\0343\012\300+6\270\232om\350'S\243\201O\271\312\206"
 163      2B36B89A 
 163      6F6DE827 
 163      53A3814F 
 163      B9CA86
 164 024a 1007CBCA 		.ascii	"\020\007\313\312,\253\252\306:\037\254\264j\252+\324"
 164      2CABAAC6 
 164      3A1FACB4 
 164      6AAA2BD4 
 165 025a 7C2A14AC 		.ascii	"|*\024\254,\253\020\236PU\365\005\012\005\317\030\025"
 165      2CAB109E 
 165      5055F505 
 165      0A05CF18 
 165      15
 166 026b A729587D 		.ascii	"\247)X}\216BgC?\001\225\345<\232"
 166      8E426743 
 166      3F0195E5 
 166      3C9A
 167              		.text
 168              		.section	.gnu.lto_palSetLineCallbackI.a0215533bbd510de,"",%progbits
 169 0000 789C8D92 		.ascii	"x\234\215\222\333KTQ\024\306\367w\326\2313G)}5\2220"
 169      DB4B5451 
 169      14C6F777 
 169      D6993347 
 169      297D3592 
 170 0015 504C2307 		.ascii	"PL#\007\377\227\336\303D*\220\022}wv\343\255\024\324"
 170      FF97DEC3 
 170      442A9012 
 170      7D7776E3 
 170      AD14D4
 171 0028 C8192F39 		.ascii	"\310\031/9\214$\345-\0355-'\035\235\246\036z\360R\201"
 171      8C24E52D 
 171      1D352D27 
 171      1D9DA61E 
 171      7AF05281 
 172 003c 15D44B89 		.ascii	"\025\324K\211\206\225\201\022Qa\326Z\333)P\350\262\341"
 172      86958112 
 172      5161D65A 
 172      DB2950E8 
 172      B2E1
 173 004e B0F73EFB 		.ascii	"\260\367>\373\373\326\376\355\265\226GY*DJ\035WJ\035"
 173      FBD6FEED 
ARM GAS  /tmp/ccI1kxyb.s 			page 13


 173      B5964759 
 173      2A444A1D 
 173      574A1D
 174 0061 E60FA460 		.ascii	"\346\017\244`\265.*u\321\265\000Yh\027\312o\301\217"
 174      B52E2A75 
 174      D1B50059 
 174      6817CA6F 
 174      C18F
 175 0073 166A2724 		.ascii	"\026j'$\033\326bVA\237\346\221h\177\221^\257\353\262"
 175      1BD66256 
 175      419FE691 
 175      687F915E 
 175      AFEBB2
 176 0086 226CEFE4 		.ascii	"\"l\357\344O\006\372P\300\252'\265\243\335\324L\021"
 176      4F06FA50 
 176      C0AA27B5 
 176      A3DDD44C 
 176      11
 177 0097 026CDE6E 		.ascii	"\002l\336n.t\255d\310\326B\016o\257\355l\325\203\262"
 177      2E74AD64 
 177      C8D6420E 
 177      6FAFED6C 
 177      D583B2
 178 00aa A1781D58 		.ascii	"\241x\035X\332\334<\220\177C\353\200N\274j#\235\033"
 178      DADC3C90 
 178      7F43EB80 
 178      4EBC6A23 
 178      9D1B
 179 00bc 21C22088 		.ascii	"!\302 \210\003b\000\331\350G\266\342_\012C\310\227\353"
 179      036200D9 
 179      E847B6E2 
 179      5F0A43C8 
 179      97EB
 180 00ce 1F5F0E65 		.ascii	"\037_\016e\322Qc\035\231l\375\370\313\272\0352V\033"
 180      D251631D 
 180      996CFDF8 
 180      CBBA1D32 
 180      561B
 181 00e0 B7F65B6D 		.ascii	"\267\366[m\205ac}\257\233\342\240\\c]~6p2\345\234\317"
 181      8561637D 
 181      AF9BE2A0 
 181      5C635D7E 
 181      367032E5 
 182 00f6 EAD4093B 		.ascii	"\352\324\011;B\036\214\354\267z\024\242\310\027\375"
 182      421E8CEC 
 182      B77A14A2 
 182      C817FD
 183 0105 A59B531D 		.ascii	"\245\233S\035it\314xW\267\346\026\322\362z\215\371\363"
 183      6974CC78 
 183      57B7E616 
 183      D2F27A8D 
 183      F9F3
 184 0117 E0912B35 		.ascii	"\340\221+5\372\221f\277\203\321\275~\031,\1773\266\023"
 184      FA9166BF 
 184      83D1BD7E 
 184      192C7F33 
 184      B613
ARM GAS  /tmp/ccI1kxyb.s 			page 14


 185 0129 3CE8D818 		.ascii	"<\350\330\030C\336n\2260\016\007<G\237\"\241w~4\350"
 185      43DE6E96 
 185      300E073C 
 185      479F22A1 
 185      777E34E8 
 186 013d C45A61F3 		.ascii	"\304Za\363\203\305!\313\005\344\225\026\337\354\265"
 186      83C521CB 
 186      05E49516 
 186      DFECB5
 187 014c 21D40E0C 		.ascii	"!\324\016\014\200jd\237\224\242\211,\231i\0355\333\365"
 187      806A649F 
 187      94A2892C 
 187      99691D35 
 187      DBF5
 188 015e 1BCB1390 		.ascii	"\033\313\023\220Xa\262\302\004\311\307\326\247\021G"
 188      5861B2C2 
 188      04C9C7D6 
 188      A71147
 189 016d B2EC4526 		.ascii	"\262\354E&n3\301*\002=\325\"\341\303\347\327g\257f\024"
 189      6E33C12A 
 189      023DD522 
 189      E1C3E7D7 
 189      67AF6614 
 190 0181 F69BBAF1 		.ascii	"\366\233\272\361]\235=.#\253T\321&P\310\222P]r\311+"
 190      5D9D3D2E 
 190      23AB54D1 
 190      2650C892 
 190      505D72C9 
 191 0196 7ED7BC33 		.ascii	"~\327\2743\026\373\360\322\353\377\256Y\350\366\322"
 191      16FBF0D2 
 191      EBFFAE59 
 191      E8F6D2
 192 01a5 EE63DECD 		.ascii	"\356c\336\315/?L\217 \214\010\245\341\016\367\304\244"
 192      2F3F4C8F 
 192      208C08A5 
 192      E10EF7C4 
 192      A4
 193 01b6 3C540EE2 		.ascii	"<T\016\342\361\327T\034\225\360=\323\301\023\021J\307"
 193      F1D7541C 
 193      95F03DD3 
 193      C113114A 
 193      C7
 194 01c7 5DB09081 		.ascii	"]\260\220\201w\235\355\265Km\026G\023A\265dk\012\305"
 194      779DEDB5 
 194      4B6D1647 
 194      1341B564 
 194      6B0AC5
 195 01da 82A61083 		.ascii	"\202\246\020\203_HsL^8KB\243\326\021\350Z\217\256:)"
 195      5F48734C 
 195      5E384B42 
 195      A3D611E8 
 195      5A8FAE3A 
 196 01ef FADF68CE 		.ascii	"\372\337h\316\377\241M3\332\275?\243\315\354A\373\322"
 196      FFA14D33 
 196      DABD3FA3 
 196      CDEC41FB 
 196      D2
ARM GAS  /tmp/ccI1kxyb.s 			page 15


 197 0200 FDF51BF9 		.ascii	"\375\365\033\371\206\215`.\350H\027\305Q\334a:\032\263"
 197      868D602E 
 197      E84817C5 
 197      51DC613A 
 197      1AB3
 198 0212 F085B987 		.ascii	"\360\205\271\207\014\317T\2357\305\363O\200\271\277"
 198      0CCF549D 
 198      37C5F34F 
 198      80B9BF
 199 0221 0324F600 		.ascii	"\003$\366\000$[f\306\335\024\300\212\000xp_\000\244"
 199      245B66C6 
 199      DD14C08A 
 199      0078705F 
 199      00A4
 200 0233 4B901400 		.ascii	"K\220\024\000Gmp-\337\006M\301M\315\032\371\224[\201"
 200      476D702D 
 200      DF064DC1 
 200      4DCD1AF9 
 200      945B81
 201 0246 431C2A2A 		.ascii	"C\034**\362\371.T\371\316\226\224\373\252*Ke>UQR^T\252"
 201      F2F92E54 
 201      F9CE9694 
 201      FBAA2A4B 
 201      653E5551 
 202 025e ECF273E7 		.ascii	"\354\362s\347\313\254\322\323TRy\206*\312*~\002\331"
 202      CBACD2D3 
 202      54527986 
 202      2ACA2A7E 
 202      02D9
 203 0270 953791   		.ascii	"\2257\221"
 204              		.text
 205              		.section	.gnu.lto_.symbol_nodes.a0215533bbd510de,"",%progbits
 206 0000 789C55CC 		.ascii	"x\234U\314Q\015\2000\024C\321\273\216\241\003) \214"
 206      510D8030 
 206      1443D1BB 
 206      8EA10329 
 206      208C
 207 0012 BC494004 		.ascii	"\274I@\004&\030\220\020\004\340\001#\204\301\337\353"
 207      26189010 
 207      04E00123 
 207      84C1DFEB 
 208 0022 4F93D3A4 		.ascii	"O\223\323\244\0111R\243E\006\323\005\265J\036\252\024"
 208      093152A3 
 208      4506D305 
 208      B54A1EAA 
 208      14
 209 0033 59F0B2CA 		.ascii	"Y\360\262\312\344e\223E'\351\024\335\367\267\313\032"
 209      E4659345 
 209      27E914DD 
 209      F7B7CB1A 
 210 0043 B7844396 		.ascii	"\267\204C\226~\201\234{\210j\231\357'\360\002\316\023"
 210      7E819C7B 
 210      886A99EF 
 210      27F002CE 
 210      13
 211 0054 1EDA     		.ascii	"\036\332"
 212              		.text
ARM GAS  /tmp/ccI1kxyb.s 			page 16


 213              		.section	.gnu.lto_.refs.a0215533bbd510de,"",%progbits
 214 0000 789C6365 		.ascii	"x\234ce`b\020d```bfd\001\"\026&V \301\310\302\312\000"
 214      60621064 
 214      60606062 
 214      66640122 
 214      16265620 
 215 0019 0003D000 		.ascii	"\000\003\320\000I"
 215      49
 216              		.text
 217              		.section	.gnu.lto_.decls.a0215533bbd510de,"",%progbits
 218 0000 789C9D58 		.ascii	"x\234\235XkP\024W\026\236\333w\006g\232\031t\301\265"
 218      6B501457 
 218      169EDB77 
 218      06679A19 
 218      74C1B5
 219 0013 CCAA29CB 		.ascii	"\314\252)\313\"J\325&\216\032\263\233\255\332\332u\243"
 219      224AD526 
 219      8E1AB39B 
 219      ADDADA75 
 219      A3
 220 0024 26BAABC1 		.ascii	"&\272\253\301BM6\177v\012\001\225\012\212\005c\266\362"
 220      424D367F 
 220      760A0195 
 220      0A8A0563 
 220      B6F2
 221 0036 6B9B4714 		.ascii	"k\233G\0245\310C%\310\370@\020\021A\230(\242(\350\204"
 221      35C84325 
 221      C8F84010 
 221      11419828 
 221      A228E884 
 222 004a 87F25444 		.ascii	"\207\362TD\001\221\247\212\370\300(\002A\301\007{\356"
 222      0191A78A 
 222      F8C02802 
 222      41C1077B 
 222      EE
 223 005b BDDDD33D 		.ascii	"\275\335\323=\343\214\331\332..\335\367\366w\316\371"
 223      E38CD9DA 
 223      2E2EDDF7 
 223      F677CEF9 
 224 006b CEE3769F 		.ascii	"\316\343v\237\036\215\212S-{G\245:\316\251T\253`\214"
 224      1E8D8A53 
 224      2D7B47A5 
 224      3ACEA954 
 224      AB608C
 225 007e C1E1A182 		.ascii	"\301\341\241\202\271J>\310\\\207T*/\030\223`\314\204"
 225      B94A3EC8 
 225      5C87542A 
 225      2F189360 
 225      CC84
 226 0090 6184F111 		.ascii	"a\204\361\021\014\370S}\212T\016\207\017\350\361\202"
 226      0CF8537D 
 226      8A540E87 
 226      0FE8F182 
 227 00a0 B3378C89 		.ascii	"\2637\214\2110\212\211\016\300<\205\363,\030\376040"
 227      308A890E 
 227      C03C85F3 
 227      2C18FE30 
ARM GAS  /tmp/ccI1kxyb.s 			page 17


 227      3430
 228 00b2 FF0CC612 		.ascii	"\377\014\306\022\030\3750/\205\261\024\256\377\016C"
 228      18FD302F 
 228      85B114AE 
 228      FF0E43
 229 00c1 0DD7AF61 		.ascii	"\015\327\257a\364\302x\005cL\305\354\350D{_9\331\233"
 229      F4C27805 
 229      634CC5EC 
 229      E8447B5F 
 229      39D99B
 230 00d4 06F626C0 		.ascii	"\006\366&\300\371\013\205Mb\217\330ue\223\330X\252\260"
 230      F90B854D 
 230      628FD875 
 230      6593D858 
 230      AAB0
 231 00e6 DD22DAD7 		.ascii	"\335\"\332\327\210v\307D\273\017`4\213\266\275D\333"
 231      8876C744 
 231      BB0F6034 
 231      8BB6BD44 
 231      DB
 232 00f7 FF72B2FD 		.ascii	"\377r\262\375\201\350\253\263\355\337\270\361W\262m"
 232      81E8ABB3 
 232      EDDFB8F1 
 232      57B26D
 233 0106 82311F06 		.ascii	"\2021\037\006v\262\011\352h\214\245\330\256s\262\267"
 233      76B209EA 
 233      688CA5D8 
 233      AE73B2B7 
 234 0116 1C009E4E 		.ascii	"\034\000\236N\366\006a\314\000\334\2730V\303\365z8\207"
 234      F60661CC 
 234      00DCBB30 
 234      56C3F57A 
 234      3887
 235 0128 C2580C63 		.ascii	"\302X\014c!b:\377\012\347\277\210:g\272\311\233\311"
 235      21623AFF 
 235      0AE7BF88 
 235      3A67BAC9 
 235      9BC9
 236 013a 85EEF79D 		.ascii	"\205\356\367\235\364\022\177\336\246\333\350F\367\017"
 236      F4127FDE 
 236      A6DBE846 
 236      F70F
 237 0148 1815C557 		.ascii	"\030\025\305W\224r\235\250\035\201\014\232@W\021b\377"
 237      94729DA8 
 237      1D810C9A 
 237      40571162 
 237      FF
 238 0159 111D743A 		.ascii	"\021\035t:&\035\010\321uX\345T\242Ri\011I\022\342\234"
 238      261D08D1 
 238      7558E554 
 238      A2526909 
 238      4912E29C 
 239 016d 13A79CA8 		.ascii	"\023\247\234\250\222\376\211\302H\241\221\335f\226\244"
 239      92FE89C2 
 239      48A191DD 
 239      6696A4
 240 017c 83E5975D 		.ascii	"\203\345\227]P1I\032q\262\001\204\224\002\012\205\214"
ARM GAS  /tmp/ccI1kxyb.s 			page 18


 240      5031491A 
 240      71B20184 
 240      94020A85 
 240      8C
 241 018d B678DFCE 		.ascii	"\266x\337\316O%;\207$\357\237\356\255\353\345\273P\007"
 241      4F253B87 
 241      24EF9FEE 
 241      ADEBE5BB 
 241      5007
 242 019f 594D5F80 		.ascii	"YM_\200\350\332\255\306\222WZ\314!r\3355r\364\323\331"
 242      E8DAADC6 
 242      92575ACC 
 242      2172DD35 
 242      72F4D3D9 
 243 01b3 79023BB4 		.ascii	"y\002;\264\323\344\260]\215\265\356\303;1\362\346\221"
 243      D3E4B05D 
 243      8DB5EEC3 
 243      3B31F2E6 
 243      91
 244 01c4 9AE8A94F 		.ascii	"\232\350\251O\273\343\005\323\211<\232\016\323\264s"
 244      BBE305D3 
 244      893C9A0E 
 244      D3B473
 245 01d3 43351A76 		.ascii	"C5\032vW\013\323\261#\326mZ<\211j\354\250\312\311%\202"
 245      570BD3B1 
 245      23D66D5A 
 245      3C896AEC 
 245      A8CAC925 
 246 01e8 B37844C8 		.ascii	"\263xD\310\216\207\245\202G\305#\006\266D\020\215\011"
 246      8E87A582 
 246      47C52306 
 246      B644108D 
 246      09
 247 01f9 0387C7E1 		.ascii	"\003\207\307\341)\344\232\333[\323R\246F~\374\021b\337"
 247      29E49ADB 
 247      5BD352A6 
 247      467EFC11 
 247      62DF
 248 020b F6AC7046 		.ascii	"\366\254pF\322VA\340\320I\304\243\037\021F\307\320l"
 248      D25641E0 
 248      D049C4A3 
 248      1F1146C7 
 248      D06C
 249 021d E2CD2C1E 		.ascii	"\342\315,\036\376\307\011B\264\220\030#\350\226\250"
 249      FEC70942 
 249      B4901823 
 249      E896A8
 250 022c 501E9A8A 		.ascii	"P\036\232\212r\321T\025:\201\374\210Z\202CVX,\200E0"
 250      72D15415 
 250      3A81FC88 
 250      5A824356 
 250      582C8045 
 251 0241 91733829 		.ascii	"\221s8)\303\003\257\242&.\236o\273\241F\274\237K\371"
 251      C303AFA2 
 251      262E9E6F 
 251      BBA146BC 
 251      9F4BF9
ARM GAS  /tmp/ccI1kxyb.s 			page 19


 252 0254 2217F28C 		.ascii	"\"\027\362\214\313\023\313\214\213\337\021.\247\200"
 252      CB13CB8C 
 252      8BDF112E 
 252      A780
 253 0262 4BA1CC05 		.ascii	"K\241\314\005\250\261\010\305V\014'\031\260\200\250"
 253      A8B108C5 
 253      560C2719 
 253      B080A8
 254 0271 919D9597 		.ascii	"\221\235\225\227F4v?\236\344\370\235\271.\010\323Q1"
 254      4634763F 
 254      9EE4F89D 
 254      B92E08D3 
 254      5131
 255 0283 C89E9665 		.ascii	"\310\236\226eO!\267\216\234q\355H\323\323\201\024/|"
 255      4F21B78E 
 255      9C71ED48 
 255      D3D38114 
 255      2F7C
 256 0295 9E1AB127 		.ascii	"\236\032\261'\301\233%\301:\266\273\333\200+\331\275"
 256      C19B25C1 
 256      3AB6BBDB 
 256      802BD9BD 
 257 02a5 B8BC9DE5 		.ascii	"\270\274\235\345\230\007\3251\377\223\217 \3618\366"
 257      9807D531 
 257      FF938F20 
 257      F138F6
 258 02b4 6EB727D3 		.ascii	"n\267'\3236\031\246\267\243\013\253\014\270\206i\213"
 258      3619A6B7 
 258      A30BAB0C 
 258      B886698B 
 259 02c4 DF5D56A6 		.ascii	"\337]V\246\306\015l\222\2717i\253\0067\261INr\242\225"
 259      C60D6C92 
 259      B93769AB 
 259      0637B149 
 259      4E72A295 
 260 02d8 C72D6CD2 		.ascii	"\307-l\322\330_\267\337\223U\305\004\230V\216=\263\215"
 260      D85FB7DF 
 260      9355C504 
 260      98568E3D 
 260      B38D
 261 02ea 671A3998 		.ascii	"g\0329\230\246\036k\031\325\341V\006\315\032}\321O\312"
 261      A61E6B19 
 261      D5E15606 
 261      CD1A7DD1 
 261      4FCA
 262 02fc 6226290B 		.ascii	"b&)\013\254(\212\231\254(.\324V\037\321\343.\026\315"
 262      AC288A99 
 262      AC282ED4 
 262      561FD1E3 
 262      2E16CD
 263 030f C443B93B 		.ascii	"\304C\271;tR\312\300#\215\237\012\225\003\363\012\342"
 263      7452CAC0 
 263      238D9F0A 
 263      9503F30A 
 263      E2
 264 0320 4E0DB833 		.ascii	"N\015\2703St\347\022,^\264\247\354\331\320\244bA\230"
 264      5374E712 
ARM GAS  /tmp/ccI1kxyb.s 			page 20


 264      2C5EB4A7 
 264      ECD9D0A4 
 264      624198
 265 0333 80AA21EA 		.ascii	"\200\252!\352Ur\324g\212\011;\237\324\326\313\343\207"
 265      5572D467 
 265      8A093B9F 
 265      D4D6CBE3 
 265      87
 266 0344 CCC4CB98 		.ascii	"\314\304\313\230\224'r\341=\261\314\253\240\311\256"
 266      942772E1 
 266      3DB1CCAB 
 266      A0C9AE
 267 0353 07D15A59 		.ascii	"\007\321ZY\264ZN\2303\215:\0274\300H\364\363\214\022"
 267      B45A4E98 
 267      338D3A17 
 267      34C048F4 
 267      F38C12
 268 0366 2D1EA446 		.ascii	"-\036\244F\324\203\303\337\337\344\221\217\257\257_"
 268      D483C3DF 
 268      DFE4918F 
 268      AFAF5F
 269 0375 12319328 		.ascii	"\0221\223(\010\013891*t\005\371\020\005\250\021t]E\276"
 269      080B3839 
 269      312A7405 
 269      F91005A8 
 269      11745D45 
 270 038a A801F9D2 		.ascii	"\250\001\371\322\375\227A\014\332\306\316\317\267\014"
 270      FD97410C 
 270      DAC6CECF 
 270      B70C
 271 0398 740BC276 		.ascii	"t\013\302v=\245U\011\264\210\200\235\201\221\250('\212"
 271      3DA55509 
 271      B488809D 
 271      8191A828 
 271      278A
 272 03aa 4481DB53 		.ascii	"D\201\333SR\005[4\246\350\313.\321s\011\230\271\334"
 272      52055B34 
 272      A6E8CB2E 
 272      D1730998 
 272      B9DC
 273 03bc 69E161C7 		.ascii	"i\341a\307\023\214J\364\226\355|\365\365\316\307\311"
 273      138C4AF4 
 273      96ED7CF5 
 273      F5CEC7C9 
 274 03cc 08F94EF4 		.ascii	"\010\371N\364\363\315\240\300a\213W\024UK\324\225\201"
 274      F3CDA0C0 
 274      618B5714 
 274      554BD495 
 274      81
 275 03dd DAEB68A2 		.ascii	"\332\353h\242\\\\\262\332d\352b\214\260@\255t\221\200"
 275      5C5CB2DA 
 275      64EA628C 
 275      B040AD74 
 275      9180
 276 03ef 898B4DE0 		.ascii	"\211\213M\340b3\270xMt\221\221\270l\231\034%\300\026"
 276      6233B878 
 276      4D749191 
ARM GAS  /tmp/ccI1kxyb.s 			page 21


 276      B86C991C 
 276      25C016
 277 0402 02949205 		.ascii	"\002\224\222\005s\247\331\342\275+F\250\232Cw\340O\356"
 277      73A7D9E2 
 277      BD2B46A8 
 277      9A4377E0 
 277      4FEE
 278 0414 0D43D407 		.ascii	"\015C\324\007Jj\353\270\211\300 \312-\003\225\203yE"
 278      4A6AEBB8 
 278      89C020CA 
 278      2D039583 
 278      7945
 279 0426 F17AB3E2 		.ascii	"\361z\263\342\215-o:\245\307\331\354\261x\267\266 Z"
 279      8D2D6F3A 
 279      A5C7D9EC 
 279      B178B7B6 
 279      205A
 280 0438 8B73D9E4 		.ascii	"\213s\331\344@}~\255\006\027\260\311\271\334\374F\016"
 280      407D7EAD 
 280      0617B0C9 
 280      B9DCFC46 
 280      0E
 281 0449 9F6293BC 		.ascii	"\237b\223\274\342\376\035\010\227\262\311\323\255\005"
 281      E2FE1D08 
 281      97B2C9D3 
 281      AD05
 282 0457 665CC1AE 		.ascii	"f\\\301\256-\203\035\017tL\267\037L\023\032\016\266"
 282      2D831D0F 
 282      744CB71F 
 282      4C131A0E 
 282      B6
 283 0468 69D93EB1 		.ascii	"i\331>\261\221\235\361\374PO2\207k(V\377:\257\326\027"
 283      919DF1FC 
 283      504F3287 
 283      6B2856FF 
 283      3AAFD617 
 284 047c F94A870F 		.ascii	"\371J\207\017\011{l\014$\363w{\005[,F\245\340|\0078"
 284      097B6C0C 
 284      24F3777B 
 284      055B2C46 
 284      A5E07C07 
 285 0491 DF07D177 		.ascii	"\337\007\321wt>OL=A\327L\225\321%\316\350s\310\036+"
 285      743E4F4C 
 285      3D41D74C 
 285      95D125CE 
 285      E873C81E 
 286 04a6 866E54A0 		.ascii	"\206nT\240o\271F+\225?TPiw\206\037wV>\252@\337tF\337"
 286      6FB9462B 
 286      953F5450 
 286      6977861F 
 286      77563EAA 
 287 04bf 7046DF54 		.ascii	"pF\337T\240;]\272\251\000\017(\300m\256\211\330yC\315"
 287      A03B5DBA 
 287      A9000F28 
 287      C06DAE89 
 287      D87943CD 
 288 04d3 BEB6F00C 		.ascii	"\276\266\360\014\337\002%`s\306\237w\246rQ\2527\242"
ARM GAS  /tmp/ccI1kxyb.s 			page 22


 288      DF022560 
 288      73C69F77 
 288      A67251AA 
 288      37A2
 289 04e5 BED53573 		.ascii	"\276\3255s\246\336\276\233\241\320\272\001\320E\357"
 289      A6DEBE9B 
 289      A1D0BA01 
 289      D045EF
 290 04f4 F589BBF9 		.ascii	"\365\211\273\371\021\224\372=\250\265\3330\356\302\270"
 290      1194FA3D 
 290      A8B5DB30 
 290      EEC2B8
 291 0503 0FA317C6 		.ascii	"\017\243\027\306C\030\017`\374\014\343\016\214\036\307"
 291      43180F60 
 291      FC0CE30E 
 291      8C1EC7
 292 0512 AD90E64D 		.ascii	"\255\220\346M\267B\237\343\206\024\251\355SP\273\340"
 292      B7429FE3 
 292      8614A9ED 
 292      5350BBE0 
 293 0522 DA13460D 		.ascii	"\332\023F\015\252\313V\377\274P\203\257\320\352\342"
 293      AACB56FF 
 293      BC5083AF 
 293      D0EAE2
 294 0531 46AB0AAB 		.ascii	"F\253\012\253\340\305\344#n\372}\036d\323\367\203\364"
 294      E0C5E423 
 294      6EFA7D1E 
 294      64D3F783 
 294      F4
 295 0542 63F92947 		.ascii	"c\371)GL\272v\012=\001_\376_\277\200\312\320\325\256"
 295      4CBA760A 
 295      3D015FFE 
 295      5FBF80CA 
 295      D0D5AE
 296 0555 1C4FFD76 		.ascii	"\034O\375v\373\013\217Z\226\267\346S\244\0279\000\366"
 296      FB0B8F5A 
 296      96B7E653 
 296      A4173900 
 296      F6
 297 0566 F4B6D47B 		.ascii	"\364\266\324{\006\334\316h\367g\347\024y\"\275\237\033"
 297      06DCCE68 
 297      F767E714 
 297      7922BD9F 
 297      1B
 298 0577 5134045C 		.ascii	"Q4\004\\di\351\255\353{\256\237\274u\007\341\306\200"
 298      6469E9AD 
 298      EB7BAE9F 
 298      BC7507E1 
 298      C680
 299 0589 EC1EE098 		.ascii	"\354\036\340\230\205\027\367w\267\"\266+\365\344Q}\256"
 299      8517F777 
 299      B722B62B 
 299      F5E4517D 
 299      AE
 300 059a 35693CDB 		.ascii	"5i<\333\225\335\224\354\256\233]^\370\036\347\320\306"
 300      95DD94EC 
 300      AE9B5D5E 
ARM GAS  /tmp/ccI1kxyb.s 			page 23


 300      F81EE7D0 
 300      C6
 301 05ab F8BFD9C6 		.ascii	"\370\277\331\306\370\2637\326\243\206+\327\020~\314"
 301      F8B337D6 
 301      A3862BD7 
 301      107ECC
 302 05ba F8561CB8 		.ascii	"\370V\034\270s\302\303]\223\361\022\310\372\213\257"
 302      73C2C35D 
 302      93F112C8 
 302      FA8BAF
 303 05c9 8A11587C 		.ascii	"\212\021X|n\177cuu\315\033\246\015\317\013\310\353\250"
 303      6E7F6375 
 303      75CD1BA6 
 303      0DCF0BC8 
 303      EBA8
 304 05db 4CD99FBD 		.ascii	"L\331\237\275\26245\235/\263u\210>\026\3303\361J\337"
 304      B234359D 
 304      2FB37588 
 304      3E16D833 
 304      F14ADF
 305 05ee FB67067A 		.ascii	"\373g\006z\004!YOE\236\201\210\300\271\333\215D\240"
 305      0421594F 
 305      459E8188 
 305      C0B9DB8D 
 305      44A0
 306 0600 C6C8B600 		.ascii	"\306\310\266\000\211\311Yg\264\321\011<*\202I\333\222"
 306      89C95967 
 306      B4D1093C 
 306      2A8249DB 
 306      92
 307 0611 EF12FC66 		.ascii	"\357\022\374f\375\017\303\375_\250U\202&u\022\305\371"
 307      FD0FC3FD 
 307      5FA85582 
 307      267512C5 
 307      F9
 308 0622 A1D75007 		.ascii	"\241\327P\007c0^9\324\370\343|V\343\200t|\351\240\221"
 308      63305E39 
 308      D4F8E37C 
 308      56E38074 
 308      7CE9A091 
 309 0636 9CC1218C 		.ascii	"\234\301!\214Oc\032\314\3277\023*\364\310\307\317\225"
 309      4F631ACC 
 309      D737132A 
 309      F4C8C7CF 
 309      95
 310 0647 19140BDA 		.ascii	"\031\024\013\332\177\335R\357\031Z\3501\000\214\346"
 310      7FDD52EF 
 310      195AE831 
 310      008CE6
 311 0656 EC612576 		.ascii	"\354a%v\251\271\350\370[qj\037Q\177\234;\375\2527\224"
 311      A9B9E8F8 
 311      5B716A1F 
 311      517F9C3B 
 311      FDAA3794 
 312 066a 83687EC5 		.ascii	"\203h~\305\335J\017eI\177\307)Kz\013\247\027\201I\307"
 312      DD4A0F65 
 312      497FC729 
ARM GAS  /tmp/ccI1kxyb.s 			page 24


 312      4B7A0BA7 
 312      178149C7 
 313 067e 7207D56A 		.ascii	"r\007\325j\216\255\2415j\372\216\270t\360\244ar\012"
 313      8EADA135 
 313      6AFA8EB8 
 313      74F0A461 
 313      720A
 314 0690 EDB66384 		.ascii	"\355\266c\204\011\034\215\264\364\212V\2418n2\374\337"
 314      091C8DB4 
 314      F48A56A1 
 314      386E32FC 
 314      DF
 315 06a1 CAA99986 		.ascii	"\312\251\231\206\343Y\215=\374\214t!\275\033\212\373"
 315      E3598D3D 
 315      FC8C7421 
 315      BD1B8AFB 
 316 06b1 896F6A09 		.ascii	"\211oj\011$\236W\023\024\312\221k\005.\341\377Q\330"
 316      249E5713 
 316      14CA916B 
 316      052EE1FF 
 316      51D8
 317 06c3 AF281B1E 		.ascii	"\257(\033\036\241*\264\215\233\001\302\331\2511\265"
 317      A12AB48D 
 317      9B01C2D9 
 317      A931B5
 318 06d2 9EB88546 		.ascii	"\236\270\205F\024\245u\264\367\360\224\0131\310\270"
 318      14A575B4 
 318      F7F0940B 
 318      31C8B8
 319 06e1 B475F4F6 		.ascii	"\264u\364\366\030\354\374vpt\361TF\\\223\207\222\340"
 319      18ECFC76 
 319      7074F154 
 319      465C9387 
 319      92E0
 320 06f3 179314FC 		.ascii	"\027\223\024\374\342)\277\357%~]\225\371\373\260\310"
 320      E229BFEF 
 320      257E5D95 
 320      F9FBB0C8 
 321 0703 AFD9A287 		.ascii	"\257\331\242\207\332\2016\011\212\031`h\273\034u\270"
 321      DA813609 
 321      8A196068 
 321      BB1C75B8 
 322 0713 7424B893 		.ascii	"t$\270\223\022|\325yg\200\303w\030\301c\3659/\325\370"
 322      127CD579 
 322      6780C377 
 322      18C163F5 
 322      392FD5F8 
 323 0727 29CB7F7C 		.ascii	")\313\177|\331\276Gzw\233)\231s\333\261\347\374\231"
 323      D9BE477A 
 323      779B2999 
 323      73DBB1E7 
 323      FC99
 324 0739 75DD491C 		.ascii	"u\335I\034\217\0229\247\256\033\214\234M\310z\216\251"
 324      8F1239A7 
 324      AE1B8C9C 
 324      4DC87A8E 
 324      A9
ARM GAS  /tmp/ccI1kxyb.s 			page 25


 325 074a C704C1A2 		.ascii	"\307\004\301\242p\341\322\313l\017{\024v\261(l\377y"
 325      70E1D2CB 
 325      6C0F7B14 
 325      76B1286C 
 325      FF79
 326 075c E47B4FB7 		.ascii	"\344{O\267Q\330C\243\260[\212\302.\341D\006'g\351@\336"
 326      51D843A3 
 326      B05B8AC2 
 326      2EE14406 
 326      2767E940 
 327 0771 16A101E4 		.ascii	"\026\241\001\344\026P J\220y$8\307!\205\306\341\247"
 327      1650204A 
 327      90792438 
 327      C72185C6 
 327      E1A7
 328 0783 C30553F0 		.ascii	"\303\005S\360(\013C~\336\013+\313\323j\251d\\,=:Y\227"
 328      280B437E 
 328      DE0B2BCB 
 328      D36AA964 
 328      5C2C3D3A 
 329 0799 85DDD24B 		.ascii	"\205\335\322K\243\364\366J\364\012\013\352\366\363\312"
 329      A3F4F64A 
 329      F40A0BEA 
 329      F6F3CA
 330 07a8 7A85FB8A 		.ascii	"z\205\373\212z\265p\212G\360\217\226\375G\0158^M\263"
 330      7AB5708A 
 330      47F08F96 
 330      FD470D38 
 330      5E4DB3
 331 07bb 70A6A933 		.ascii	"p\246\2513\022\371\351Yl\257\364\3159\326@b{\000\360"
 331      12F9E959 
 331      6CAFF4CD 
 331      39D64062 
 331      7B00F0
 332 07ce FB64     		.ascii	"\373d"
 333 07d0 9F2CB4DC 		.ascii	"\237,\264\334\335hG\373!W\016\006\256U\335\270\312\242"
 333      DD6847FB 
 333      21570E06 
 333      AE55DDB8 
 333      CAA2
 334 07e2 4DF4A4B2 		.ascii	"M\364\244\262hw\\>\3729\2660\243\326\216\323\027u\212"
 334      68775C3E 
 334      FA39B630 
 334      A3D68ED3 
 334      17758A
 335 07f5 EFA88FCF 		.ascii	"\357\250\217\317\321\214f@\276\322\2353\352\262<\016"
 335      D18C6640 
 335      BED29D33 
 335      EAB23C0E 
 336 0805 B9280FF2 		.ascii	"\271(\017\362\371ay\2367\216\032&\252\0162\303y\005"
 336      F961799E 
 336      378E1A26 
 336      AA0E32C3 
 336      7905
 337 0817 C3F77474 		.ascii	"\303\367tt\221<\0353\331\342\325\346S9:\267\301\315"
 337      913C1D33 
 337      D9E2D5E6 
ARM GAS  /tmp/ccI1kxyb.s 			page 26


 337      53393AB7 
 337      C1CD
 338 0829 A2C13D2C 		.ascii	"\242\301=,\0057oo\234U\336\241\357\037\225s\017@\364"
 338      05376F6F 
 338      9C55DEA1 
 338      EF1F9573 
 338      0F40F4
 339 083c 83CCF807 		.ascii	"\203\314\370\007\347\334\037\241\271\337\376H89\016"
 339      E7DC1FA1 
 339      B9DFFE48 
 339      38390E
 340 084b 67A9DD25 		.ascii	"g\251\335%\3371^G\031\303\224\312WeZ\\\314\002\226a"
 340      DF315E47 
 340      19C394CA 
 340      57655A5C 
 340      CC029661 
 341 085f 3D3BC02B 		.ascii	"=;\300+\0026\247\230\006,\017\274<\366?\005,\327u\300"
 341      0236A798 
 341      062C0FBC 
 341      3CF63F05 
 341      2CD775C0 
 342 0873 AC899659 		.ascii	"\254\211\226Y\3240\321\224\303\014Wl\315\217\345\335"
 342      D430D194 
 342      C30C576C 
 342      CD8FE5DD 
 343 0883 86269F86 		.ascii	"\206&\237\206\346\270\024\232\236-=u\362\266\230sL\016"
 343      E6B8149A 
 343      9E2D3D75 
 343      F2B69873 
 343      4C0E
 344 0895 0D0051B6 		.ascii	"\015\000Q\266\314-\33394\00544?g\305\354\032\217\313"
 344      CC2DDB39 
 344      34053434 
 344      3F67C5EC 
 344      1A8FCB
 345 08a8 58685CED 		.ascii	"Xh\\\355\334_\266\336\275\214\354\317\264\037\031\305"
 345      DC5FB6DE 
 345      BD8CECCF 
 345      B41F19C5 
 346 08b8 8617472E 		.ascii	"\206\027G.i\354)=\301\026o\337j-q\277_\012)\357\223"
 346      69EC293D 
 346      C1166FDF 
 346      6A2D71BF 
 346      5F0A29EF 
 347 08cd 12EFA6B4 		.ascii	"\022\357\246\264\314r\035\360\356f\035\305Kk\217\020"
 347      CC721DF0 
 347      EE661DC5 
 347      4B6B8F10 
 348 08dd C75314B2 		.ascii	"\307S\024\262\312\244\255\2044\215,%\233\336\324\321"
 348      CAA4AD84 
 348      348D2C25 
 348      9BDED4D1 
 349 08ed A3C73718 		.ascii	"\243\3077\030\331\242\336\352\213<k3\004D\036t\315}"
 349      D9A2DEEA 
 349      8B3C6B33 
 349      04441E74 
 349      CD7D
ARM GAS  /tmp/ccI1kxyb.s 			page 27


 350 08ff 1588F519 		.ascii	"\025\210\365\031\002\371\265$\177`(\337\203\335'm\305"
 350      02F9B524 
 350      7F6028DF 
 350      83DD276D 
 350      C5
 351 0910 C8A0CDAA 		.ascii	"\310\240\315\252%_\356\202\270\205`]\336\237g9\310\034"
 351      255FEE82 
 351      B885605D 
 351      DE9F6739 
 351      C81C
 352 0922 BC7B5131 		.ascii	"\274{Q1G\363R\326\260-e<\356a\226N?\316=m\020\277+\310"
 352      47F352D6 
 352      B02D653C 
 352      EE61964E 
 352      3FCE3D6D 
 353 093a BC4FD851 		.ascii	"\274O\330Q\212\360=zS\235X\326Q\255G\312\326a\372\361"
 353      8AF03D7A 
 353      539D58D6 
 353      51AD47CA 
 353      D661FAF1 
 354 094e 21D63A40 		.ascii	"!\326:@}\225\202/67\257w\206\357\315\023{NRz\347\\\302"
 354      7D95822F 
 354      3637AF77 
 354      86EFCD13 
 354      7B4E527A 
 355 0965 E73A3703 		.ascii	"\347:7\003%\334T\261\005\261\211\257\350\237\240\274"
 355      25DC54B1 
 355      05B189AF 
 355      E89FA0BC 
 356 0975 2E70BEE8 		.ascii	".p\276\350<\347\320\354\346\262F\300\366F#P\262\373"
 356      3CE7D0EC 
 356      E6B246C0 
 356      F6462350 
 356      B2FB
 357 0987 F6564FDC 		.ascii	"\366VO\334\307\212\333r\251\375\011\347\324\010H&P\005"
 357      C78ADB72 
 357      A9FD09E7 
 357      D4084826 
 357      5005
 358 0999 687EBB95 		.ascii	"h~\273\225\346\343\264\011(\007P\231\234:\233\324\004"
 358      E6E3B409 
 358      28075099 
 358      9C3A9BD4 
 358      04
 359 09aa 241F7C7A 		.ascii	"$\037|z\\\353\235(\352\236\256\246\3003\240\3764G<\250"
 359      5CEB9D28 
 359      EA9EAEA6 
 359      C033A0FE 
 359      34473CA8 
 360 09be E4BCA5F8 		.ascii	"\344\274\245\370\023tAQ\265\325\353\275L\261.\374^4"
 360      13744151 
 360      B5D5EBBD 
 360      4CB12EFC 
 360      5E34
 361 09d0 C70A71DE 		.ascii	"\307\012q\336\004\204\212\230n\205h\021-\351\213\334"
 361      04848A98 
 361      6E856811 
ARM GAS  /tmp/ccI1kxyb.s 			page 28


 361      2DE98BDC 
 362 09e0 7B20F7D2 		.ascii	"{ \367\322v*\335\336\002\307\275\245\005F\2278\322\225"
 362      762ADDDE 
 362      02C7BDA5 
 362      05469738 
 362      D295
 363 09f2 36EFEACC 		.ascii	"6\357\352\314G\356\360N}/\252\242\"\345YUE\343\3708"
 363      47EEF04E 
 363      7D2FAAA2 
 363      22E55955 
 363      45E3F838 
 364 0a06 BBC8AFB4 		.ascii	"\273\310\257\264\236\250\232\343A\2524\277\372\220\227"
 364      9EA89AE3 
 364      41AA34BF 
 364      FA9097
 365 0a15 6B29573F 		.ascii	"k)W?F\241\032*\365\335\250\345\006\207\207Y\375\265"
 365      46A11A2A 
 365      F5DDA8E5 
 365      06878759 
 365      FDB5
 366 0a27 B4C6168B 		.ascii	"\264\306\026\213\015\265')\307[{.\350X9\336 \267\017"
 366      0DB52729 
 366      C75B7B2E 
 366      E85839DE 
 366      20B70F
 367 0a3a D50FA6F0 		.ascii	"\325\017\246\3608VC\261\257\372\033^\351\031\226\350"
 367      385643B1 
 367      AFFA1B5E 
 367      E91996E8 
 368 0a4a 391B6DED 		.ascii	"9\033m\355\322\270\255\372\006\251\352\257\260\252o"
 368      D2B8ADFA 
 368      06A9EAAF 
 368      B0AA6F
 369 0a59 7A5E3AAA 		.ascii	"z^:\252\307\361T\223\272;s\240\317\003\371ME\210\207"
 369      C7F15493 
 369      BA3B73A0 
 369      CF03F94D 
 369      458887
 370 0a6c 7144FAF1 		.ascii	"qD\372\361\022\276\364\341\331pU\334\230p\244\011\240"
 370      12BEF4E1 
 370      D97055DC 
 370      9870A409 
 370      A0
 371 0a7d BEFF3F64 		.ascii	"\276\377?d\231=\372\3723\004<Y\205>\234\212\346\200"
 371      993DFAFA 
 371      33043C59 
 371      853E9C8A 
 371      E680
 372 0a8f 3F8D5033 		.ascii	"?\215P3\327\251\235&H\33450\224\006\305BV\300`\353\316"
 372      D7A99D26 
 372      48DC3530 
 372      9406C542 
 372      56C060EB 
 373 0aa4 E176B55C 		.ascii	"\341v\265\\\033\210\352\256\007\\\035Mp3\255\215\006"
 373      1B88EAAE 
 373      075C1D4D 
 373      7033AD8D 
ARM GAS  /tmp/ccI1kxyb.s 			page 29


 373      06
 374 0ab5 A93612EB 		.ascii	"\2516\022\353\017Yt\274h#\356\2556H\272Z\207J\014J\335"
 374      0F5974BC 
 374      6823EEAD 
 374      3648BA5A 
 374      874A0C4A 
 375 0aca 2D6FD39D 		.ascii	"-o\323\235\234y\355,\251\273\006\033}\305\244\036\021"
 375      9C79ED2C 
 375      A9BB061B 
 375      7DC5A41E 
 375      11
 376 0adb E2ACC0F3 		.ascii	"\342\254\300\363\006\024\336e(<h\366\024\262\265\260"
 376      0614DE65 
 376      283C68F6 
 376      14B2B5B0 
 377 0aeb B28A53A1 		.ascii	"\262\212S\241VZz\271#\333\267\3608\231\305?\261\266"
 377      565A7AB9 
 377      23DBB7F0 
 377      3899C53F 
 377      B1B6
 378 0afd EB9F6EE3 		.ascii	"\353\237n\343\335&\305\273\216Q\214\032\314\35438\273"
 378      DD26C5BB 
 378      8E518C1A 
 378      CCEC3338 
 378      BB
 379 0b0e 2F77FAED 		.ascii	"/w\372\355\224b\233D\261%\375^\205\336\331!\267\350"
 379      94629B44 
 379      B125FD5E 
 379      85DED921 
 379      B7E8
 380 0b20 0B0939A9 		.ascii	"\013\0119\251\274\350\320\355)Q\351\266\250\351\250"
 380      BCE8D0ED 
 380      2951E9B6 
 380      A8E9A8
 381 0b2f 43F4063A 		.ascii	"C\364\006:C\205\340M\321\233N\352M^\317\345\337+\373"
 381      4385E04D 
 381      D19B4EEA 
 381      4D5ECFE5 
 381      DF2BFB
 382 0b42 9842873E 		.ascii	"\230B\207>\246\213\365\335\344\014\330\203\217c\366"
 382      A68BF5DD 
 382      E40CD883 
 382      8F63F6
 383 0b51 70385DAC 		.ascii	"p8]\254\274\366\250\327\034\253</\362c\365\203\326L"
 383      BCF6A8D7 
 383      1CAB3C2F 
 383      F263F583 
 383      D64C
 384 0b63 B14AFBE9 		.ascii	"\261J\373\351\317\233\017\213\313\305\337\262\0150}"
 384      CF9B0F8B 
 384      CBC5DFB2 
 384      0D307D
 385 0b72 5DD1DF62 		.ascii	"]\321\337bp\033\250\036)PwX\240\022Z:\242u\316\201\272"
 385      701BA81E 
 385      29507758 
 385      A0125A3A 
 385      A275CE81 
ARM GAS  /tmp/ccI1kxyb.s 			page 30


 386 0b87 0DF9B845 		.ascii	"\015\371\270E\363q\227\272\336#\271^q=\266\015;\007"
 386      F37197BA 
 386      DE23B95E 
 386      713DB60D 
 386      3B07
 387 0b99 CA2D3ABE 		.ascii	"\312-:\276/q\217\224\371\233\357\262@\365\212\201\202"
 387      2F718F94 
 387      F99BEFB2 
 387      40F58A81 
 387      82
 388 0baa D65121D8 		.ascii	"\326Q!\330-\006\352\036\015\324\366\341\314\243je\244"
 388      2D06EA1E 
 388      0DD4F6E1 
 388      CCA36A65 
 388      A4
 389 0bbb CA1DBE50 		.ascii	"\312\035\276P\356\213\221\272O#\025\237\222\334\346"
 389      EE8B91BA 
 389      4F23159F 
 389      92DCE6
 390 0bca F039439E 		.ascii	"\3609C\236h2\370\201\010&g~S`X@H`\360'\233#\265\237"
 390      6832F881 
 390      0826677E 
 390      53605840 
 390      4860F027 
 391 0be2 7DBE7AFA 		.ascii	"}\276z\372\302\271sU\352\015\201\221_\363&\323\346\320"
 391      C2B97355 
 391      EA0D8191 
 391      5FF326D3 
 391      E6D0
 392 0bf4 8DE60FE7 		.ascii	"\215\346\017\347\231\314\037\0307GF\030C7\006\205m\016"
 392      99CC1F18 
 392      37474618 
 392      43370685 
 392      6D0E
 393 0c06 0E316E0C 		.ascii	"\0161n\014\371wX\350\032\343\206\300\240\365\241\033"
 393      F97758E8 
 393      1AE386C0 
 393      A0F5A11B 
 394 0c16 438CA6E0 		.ascii	"C\214\246\340\220\265\201\233\303\314&\363\267\233B"
 394      90B5819B 
 394      C3CC26F3 
 394      B79B42
 395 0c25 2267AF57 		.ascii	"\"g\257Wi%\261\031\256\304\"\277\2154\232\"\315\301"
 395      6925B119 
 395      AEC422BF 
 395      8D349A22 
 395      CDC1
 396 0c37 8001AC3E 		.ascii	"\200\001\254>4|Sx\204\231\3303\231\347\314\236m4\206"
 396      347C5378 
 396      8499D833 
 396      99E7CC9E 
 396      6D3486
 397 0c4a 471AD707 		.ascii	"G\032\327\007\206\031\311j\244q\345\252\345\037\316"
 397      8619C96A 
 397      A471E5AA 
 397      E51FCE
 398 0c59 332E5BB6 		.ascii	"3.[\266\310\370\331\212\245\376\337\314#\267L@\330\024"
ARM GAS  /tmp/ccI1kxyb.s 			page 31


 398      C8F8D98A 
 398      A5FEDFCC 
 398      23B74C40 
 398      D814
 399 0c6b 16160CD2 		.ascii	"\026\026\014\322\036\004\025\032\254\376\333\247\001"
 399      1E04151A 
 399      ACFEDBA7 
 399      01
 400 0c78 CB34CBFC 		.ascii	"\3134\313\374\027\376#@\375\311\312\200\000\364%Z\242"
 400      17FE2340 
 400      FDC9CA80 
 400      00F4255A 
 400      A2
 401 0c89 090A0B09 		.ascii	"\011\012\013\011\214\020}\230\373\007\223Y+]\340\310"
 401      8C107D98 
 401      FB079359 
 401      2B5DE0C8 
 402 0c99 10B3F1D7 		.ascii	"\020\263\361\327-E\2327\200\017\3536\205\206\203!\354"
 402      2D459A37 
 402      800FEB36 
 402      85868321 
 402      EC
 403 0caa BF28002F 		.ascii	"\277(\000/]\024\240Y\261z\305\242\200q\376+W,^\274("
 403      5D14A059 
 403      B17AC5A2 
 403      8071FE2B 
 403      572C5EBC 
 404 0cbf C0C37FD5 		.ascii	"\300\303\177\325W+\026\007h\226\373/Z\034@H,\321\313"
 404      572B1607 
 404      6896FB2F 
 404      5A1C4048 
 404      2CD1CB
 405 0cd2 522633CF 		.ascii	"R&3\317|\013\0156\231=\302\327\256\005\263z\302\301"
 405      7C0B0D36 
 405      993DC2D7 
 405      AE05B37A 
 405      C2C1
 406 0ce4 B43630D2 		.ascii	"\26460\322\374\261\311<\315et\244\300LS0\2240\242\363"
 406      FCB1C93C 
 406      CD6574A4 
 406      C04C5330 
 406      9430A2F3 
 407 0cf8 7057B3D4 		.ascii	"pW\263\324\037\362\365\216\002\023\031\021d\277\037"
 407      1FF2F58E 
 407      02131911 
 407      64BF1F
 408 0d07 A4F284D3 		.ascii	"\244\362\204\323\227\021\241\346\020@\031\340ze\210"
 408      9711A1E6 
 408      104019E0 
 408      7A6588
 409 0d16 19AE9687 		.ascii	"\031\256\226\207\007\207hC\3037\300\311d\366f\313+\002"
 409      07876843 
 409      C337C0C9 
 409      64F666CB 
 409      2B02
 410 0d28 83170686 		.ascii	"\203\027\006\206\205\255\011\014\372z)A\006\211\023"
 410      85AD090C 
ARM GAS  /tmp/ccI1kxyb.s 			page 32


 410      FA7A2941 
 410      068913
 411 0d37 935907F4 		.ascii	"\223Y\007\364\003\203\011{\037\006]\006\331\266cAO\030"
 411      0383097B 
 411      1F065D06 
 411      D9B66341 
 411      4F18
 412 0d49 CC4DE6DF 		.ascii	"\314M\346\337J\3710\201\203\353\"\3027o\"\372=\351j"
 412      4AF93081 
 412      83EB22C2 
 412      376F22FA 
 412      3DE96A
 413 0d5c C837211B 		.ascii	"\3107!\033\315\221\\\320\032\034\030\261\216\024\032"
 413      CD915CD0 
 413      1A1C18B1 
 413      8E141A
 414 0d6b 5D30990D 		.ascii	"]0\231\015&\323\332\315\033\203L\246\331\177\374x\376"
 414      26D3DACD 
 414      1B834CA6 
 414      D97FFC78 
 414      FE
 415 0d7c 7CAD3453 		.ascii	"|\2554S\007\255\017\214p\270\367'\345\354\243\371\377"
 415      07AD0F8C 
 415      70B8F727 
 415      E5ECA3F9 
 415      FF
 416 0d8d 05E71314 		.ascii	"\005\347\023\024\243"
 416      A3
 417              		.text
 418              		.section	.gnu.lto_.symtab.a0215533bbd510de,"",%progbits
 419 0000 70616C52 		.ascii	"palReadBus\000"
 419      65616442 
 419      757300
 420 000b 00       		.ascii	"\000"
 421 000c 00       		.ascii	"\000"
 422 000d 00       		.ascii	"\000"
 423 000e 00000000 		.ascii	"\000\000\000\000\000\000\000\000"
 423      00000000 
 424 0016 09010000 		.ascii	"\011\001\000\000"
 425 001a 70616C57 		.ascii	"palWriteBus\000"
 425      72697465 
 425      42757300 
 426 0026 00       		.ascii	"\000"
 427 0027 00       		.ascii	"\000"
 428 0028 00       		.ascii	"\000"
 429 0029 00000000 		.ascii	"\000\000\000\000\000\000\000\000"
 429      00000000 
 430 0031 0E010000 		.ascii	"\016\001\000\000"
 431 0035 70616C53 		.ascii	"palSetBusMode\000"
 431      65744275 
 431      734D6F64 
 431      6500
 432 0043 00       		.ascii	"\000"
 433 0044 00       		.ascii	"\000"
 434 0045 00       		.ascii	"\000"
 435 0046 00000000 		.ascii	"\000\000\000\000\000\000\000\000"
 435      00000000 
ARM GAS  /tmp/ccI1kxyb.s 			page 33


 436 004e 16010000 		.ascii	"\026\001\000\000"
 437 0052 70616C53 		.ascii	"palSetPadCallbackI\000"
 437      65745061 
 437      6443616C 
 437      6C626163 
 437      6B4900
 438 0065 00       		.ascii	"\000"
 439 0066 00       		.ascii	"\000"
 440 0067 00       		.ascii	"\000"
 441 0068 00000000 		.ascii	"\000\000\000\000\000\000\000\000"
 441      00000000 
 442 0070 26010000 		.ascii	"&\001\000\000"
 443 0074 70616C53 		.ascii	"palSetLineCallbackI\000"
 443      65744C69 
 443      6E654361 
 443      6C6C6261 
 443      636B4900 
 444 0088 00       		.ascii	"\000"
 445 0089 00       		.ascii	"\000"
 446 008a 00       		.ascii	"\000"
 447 008b 00000000 		.ascii	"\000\000\000\000\000\000\000\000"
 447      00000000 
 448 0093 2F010000 		.ascii	"/\001\000\000"
 449 0097 5F70616C 		.ascii	"_pal_events\000"
 449      5F657665 
 449      6E747300 
 450 00a3 00       		.ascii	"\000"
 451 00a4 02       		.ascii	"\002"
 452 00a5 00       		.ascii	"\000"
 453 00a6 00000000 		.ascii	"\000\000\000\000\000\000\000\000"
 453      00000000 
 454 00ae 46010000 		.ascii	"F\001\000\000"
 455 00b2 5F70616C 		.ascii	"_pal_lld_setgroupmode\000"
 455      5F6C6C64 
 455      5F736574 
 455      67726F75 
 455      706D6F64 
 456 00c8 00       		.ascii	"\000"
 457 00c9 02       		.ascii	"\002"
 458 00ca 00       		.ascii	"\000"
 459 00cb 00000000 		.ascii	"\000\000\000\000\000\000\000\000"
 459      00000000 
 460 00d3 35010000 		.ascii	"5\001\000\000"
 461              		.text
 462              		.section	.gnu.lto_.opts,"",%progbits
 463 0000 272D666D 		.ascii	"'-fmath-errno' '-fsigned-zeros' '-ftrapping-math' '"
 463      6174682D 
 463      6572726E 
 463      6F272027 
 463      2D667369 
 464 0033 2D666E6F 		.ascii	"-fno-trapv' '-fno-openmp' '-fno-openacc' '-mcpu=cor"
 464      2D747261 
 464      70762720 
 464      272D666E 
 464      6F2D6F70 
 465 0066 7465782D 		.ascii	"tex-m4' '-mno-thumb-interwork' '-mthumb' '-ggdb' '-"
 465      6D342720 
ARM GAS  /tmp/ccI1kxyb.s 			page 34


 465      272D6D6E 
 465      6F2D7468 
 465      756D622D 
 466 0099 4F322720 		.ascii	"O2' '-fomit-frame-pointer' '-falign-functions=16' '"
 466      272D666F 
 466      6D69742D 
 466      6672616D 
 466      652D706F 
 467 00cc 2D666675 		.ascii	"-ffunction-sections' '-fdata-sections' '-fno-common"
 467      6E637469 
 467      6F6E2D73 
 467      65637469 
 467      6F6E7327 
 468 00ff 2720272D 		.ascii	"' '-flto'\000"
 468      666C746F 
 468      2700
 469              		.text
 470              		.comm	__gnu_lto_v1,1,1
 471              		.comm	__gnu_lto_slim,1,1
 472              		.ident	"GCC: (15:6.3.1+svn253039-1build1) 6.3.1 20170620"
ARM GAS  /tmp/ccI1kxyb.s 			page 35


DEFINED SYMBOLS
                            *ABS*:0000000000000000 hal_pal.c
                            *COM*:0000000000000001 __gnu_lto_v1
                            *COM*:0000000000000001 __gnu_lto_slim

NO UNDEFINED SYMBOLS
