ARM GAS  /tmp/ccV2ML9p.s 			page 1


   1              		.cpu cortex-m4
   2              		.eabi_attribute 20, 1
   3              		.eabi_attribute 21, 1
   4              		.eabi_attribute 23, 3
   5              		.eabi_attribute 24, 1
   6              		.eabi_attribute 25, 1
   7              		.eabi_attribute 26, 1
   8              		.eabi_attribute 30, 2
   9              		.eabi_attribute 34, 1
  10              		.eabi_attribute 18, 4
  11              		.file	"hal_st_lld.c"
  12              		.text
  13              	.Ltext0:
  14              		.section	.gnu.lto_.profile.1d93dbf5341470b,"",%progbits
  15 0000 789C6365 		.ascii	"x\234ce`b`a```d\260\221\007\000\001\027\000h"
  15      60626061 
  15      60606064 
  15      B0910700 
  15      01170068 
  16              		.text
  17              		.section	.gnu.lto_.icf.1d93dbf5341470b,"",%progbits
  18 0000 789C6365 		.ascii	"x\234ce`b\340c@\000&\206\216[\033z\331\0307\355kZ\301"
  18      6062E063 
  18      40002686 
  18      8E5B1B7A 
  18      D91837ED 
  19 0017 CE00002A 		.ascii	"\316\000\000*.\005_"
  19      2E055F
  20              		.text
  21              		.section	.gnu.lto_.jmpfuncs.1d93dbf5341470b,"",%progbits
  22 0000 789C6365 		.ascii	"x\234ce`b0g@\000&0\311\310\300\300\3028\235\231\361"
  22      60623067 
  22      40002630 
  22      C9C8C0C0 
  22      C2389D99 
  23 0015 E9C9C96D 		.ascii	"\351\311\311m<}\314\363\231\031\030e\030\2273\312\000"
  23      3C7DCCF3 
  23      99191865 
  23      189733CA 
  23      00
  24 0026 6580A25D 		.ascii	"e\200\242]\277\256\367q@D9\030W\200D\031\0004\214\013"
  24      BFAEF771 
  24      40443918 
  24      57804419 
  24      00348C0B 
  25 003a 59       		.ascii	"Y"
  26              		.text
  27              		.section	.gnu.lto_.inline.1d93dbf5341470b,"",%progbits
  28 0000 789C6365 		.ascii	"x\234ce`b\260b@\000&\006\006\036QF\006&\276{\001\014"
  28      6062B062 
  28      40002606 
  28      061E5146 
  28      0626BE7B 
  29 0016 6C0BE499 		.ascii	"l\013\344\231@b\214\\p\202A\\\036(\251t\241\223\011"
  29      40628C5C 
  29      7082415C 
  29      1E28A974 
ARM GAS  /tmp/ccV2ML9p.s 			page 2


  29      A19309
  30 0029 2ECBCC03 		.ascii	".\313\314\003\326\305\000\000\253`\005\020"
  30      D6C50000 
  30      AB600510 
  31              		.text
  32              		.section	.gnu.lto_.pureconst.1d93dbf5341470b,"",%progbits
  33 0000 789C6365 		.ascii	"x\234ce`b`c`\000\222\273\030\031\245\000\003\273\000"
  33      60626063 
  33      600092BB 
  33      1819A500 
  33      03BB00
  34 0013 E6       		.ascii	"\346"
  35              		.text
  36              		.section	.gnu.lto_VectorB0.1d93dbf5341470b,"",%progbits
  37 0000 789C8554 		.ascii	"x\234\205TolSU\024?\277w_\373\272v8\343'%\204t\321%"
  37      6F6C5355 
  37      143FBF77 
  37      5FFBBA76 
  37      38E32725 
  38 0018 62489FE8 		.ascii	"bH\237\350\324o&f~YB\023\263\361}\301GuMZJ\332I\340"
  38      D46F2666 
  38      7E594213 
  38      B3F17DC1 
  38      47754D5A 
  39 0030 D3DEC670 		.ascii	"\323\336\306pa\"\032\023dU\346#Ne2\367WT\272\311\250"
  39      61221A13 
  39      6455E623 
  39      4E6532F7 
  39      5754BAC9 
  40 0045 9B5001B7 		.ascii	"\233P\001\267\305E\215\311> \203\251\305\231\240.L\215"
  40      C5458DC9 
  40      3E2083A9 
  40      C599A02E 
  40      4C8D
  41 0057 0EEFB9ED 		.ascii	"\016\357\271\355j\327&r\223\367n\357\371\235s\317\357"
  41      6AD72672 
  41      93F76EEF 
  41      F99D73CF 
  41      EF
  42 0068 9CDF7975 		.ascii	"\234\337yu\221FU.\242,\021\325\312\007.\202\366\352"
  42      9146552E 
  42      A22C11D5 
  42      CA072E82 
  42      F6EA
  43 007a 0C519B47 		.ascii	"\014Q\233G\323\304\330f\262\275\372\267&\331\225\002"
  43      D3C4D866 
  43      B2BDFAB7 
  43      26D99502 
  44 008a 7ACEAC03 		.ascii	"z\316\254\003\374\303\366\200Z5\241\243\025\257\210"
  44      FCC3F680 
  44      5A35A1A3 
  44      15AF88
  45 0099 6302939D 		.ascii	"c\002\223\235?\244\264-'m\271\322\307\376\252j\263\017"
  45      3FA4B42D 
  45      276DB9D2 
  45      C7FEAA6A 
  45      B30F
ARM GAS  /tmp/ccV2ML9p.s 			page 3


  46 00ab DEEB08A2 		.ascii	"\336\353\010\242\244|x\341$\266\220t[\030Y=\272\301"
  46      A47C78E1 
  46      24B69074 
  46      5B18593D 
  46      BAC1
  47 00bd ADE7ECE8 		.ascii	"\255\347\354\350\203\033r\037\232C\332^\275\335i\247"
  47      831B721F 
  47      9A43DA5E 
  47      BDDD69A7 
  48 00cd 977B31DE 		.ascii	"\227{1\336\340\025\344\310t\374\"\352\222\216\234\357"
  48      E015E4C8 
  48      74FC22EA 
  48      928E9CEF 
  49 00dd 25A1F12E 		.ascii	"%\241\361.\262\230\034\313\036>\344\343\330\036\301"
  49      B2981CCB 
  49      1E3EE4E3 
  49      D81EC1
  50 00ec 995F3F38 		.ascii	"\231_?89k\034\021\216\320\300\031f\006VnzsG&\243KS\357"
  50      396B1C11 
  50      8ED0C019 
  50      6606566E 
  50      7A734726 
  51 0104 E0AD8CC7 		.ascii	"\340\255\214\307AO\233<\373\035!p\012\233\360>6\021"
  51      414F9B3C 
  51      FB1D2170 
  51      0A9BF03E 
  51      3611
  52 0116 FB9F9A5E 		.ascii	"\373\237\232^\376\3350\007\354\2166\306t\364\303A\267"
  52      FEDD3007 
  52      EC8E36C6 
  52      74F4C341 
  52      B7
  53 0127 628D0F60 		.ascii	"b\215\017`R\026\007\376~1i\344\322\351\271\214\347o"
  53      521607FE 
  53      7E3169E4 
  53      D2E9B98C 
  53      E76F
  54 0139 AFA4AB38 		.ascii	"\257\244\2538\005\240a@\336s\035\035\363S\265y\037\351"
  54      05A06140 
  54      DE731D1D 
  54      F353B579 
  54      1FE9
  55 014b 30B494FA 		.ascii	"0\264\224\372sC\316\2010\310\211\210+\0204\266\231\013"
  55      7343CE81 
  55      30C88988 
  55      2B1034B6 
  55      990B
  56 015d 58FEE9E5 		.ascii	"X\376\351\345\213\252\200\022n'\336\003\335\211\336"
  56      8BAA8012 
  56      6E27DE03 
  56      DD89DE
  57 016c D07FF486 		.ascii	"\320\177\364\206a\026\227\257\313\\#2j\021\032\007~"
  57      611697AF 
  57      CB5C2332 
  57      6A111A07 
  57      7E
  58 017d D5317C5C 		.ascii	"\3251|\\\260\335\005\246\364\353\364\033\327\356\342"
ARM GAS  /tmp/ccV2ML9p.s 			page 4


  58      B0DD05A6 
  58      F4EBF41B 
  58      D7EEE2
  59 018c A31B7E79 		.ascii	"\243\033~y|\367\322\3349\237\330\246:\266\334=\322W"
  59      7CF7D2DC 
  59      399FD8A6 
  59      3AB6DC3D 
  59      D257
  60 019e 51D36BDB 		.ascii	"Q\323k\333\355vz6\363P\362\273\353\266\375\232\015G"
  60      ED767A36 
  60      F350F2BB 
  60      EBB6FD9A 
  60      0D47
  61 01b0 18380D21 		.ascii	"\0308\015!\225\302\207\222\320h\276\014|\204\032\031"
  61      95C28792 
  61      D068BE0C 
  61      7C841A19 
  62 01c0 D499B5CF 		.ascii	"\324\231\265\317\352|\237\001?>\226\330\015\264/\364"
  62      EA7C9F01 
  62      3F3E96D8 
  62      0DB42FF4 
  63 01d0 1F397D05 		.ascii	"\0379}\005\005\225;r\303\360\326=.\245tR\200J\260L\177"
  63      05953B72 
  63      C3F0D63D 
  63      2EA57452 
  63      804AB04C 
  64 01e5 6D9745F8 		.ascii	"m\227E\370\204A\255\024\234\037\334\032&\234aL\224b"
  64      8441AD14 
  64      9C1FDC1A 
  64      269C614C 
  64      9462
  65 01f7 977F7CF2 		.ascii	"\227\177|\362>B\2121\275\024\233{S0G\302\030\303\256"
  65      3E428A31 
  65      BD149B7B 
  65      533047C2 
  65      18C3AE
  66 020a E2A9C338 		.ascii	"\342\251\3038\334\262\202Oy\354@3L\365mg\364\017o\365"
  66      DCB2824F 
  66      79EC4033 
  66      4CF56D67 
  66      F40F6FF5 
  67 021e 153876B7 		.ascii	"\0258v\267\354\257\207\275\007\256\215\333\036]\223"
  67      ECAF87BD 
  67      07AE8DDB 
  67      1E5D93
  68 022d 8E6751AD 		.ascii	"\216gQ\255D\270\271\364\365\274&-\230\200\256\212%\234"
  68      44B8B9F4 
  68      F5BC262D 
  68      9880AE8A 
  68      259C
  69 023f 535DED9B 		.ascii	"S]\355\233\230Z\254\254^\310GW\260\357o\203\243\337"
  69      985AACAC 
  69      5EC84757 
  69      B0EF6F83 
  69      A3DF
  70 0251 F854749A 		.ascii	"\370Tt\232\243\361\231\234\344E\264\373U\343\210~\306"
  70      A3F1999C 
ARM GAS  /tmp/ccV2ML9p.s 			page 5


  70      E445B4FB 
  70      55E3887E 
  70      C6
  71 0262 81EFAF1E 		.ascii	"\201\357\257\036\275\365\\i\227\206\013]r\257c<\251"
  71      BDF55C69 
  71      97860B5D 
  71      72AF633C 
  71      A9
  72 0273 184F4159 		.ascii	"\030OAYS\251\245y\243\365\037\333\343\010oRv\236A|\216"
  72      53A9A579 
  72      A3F51FDB 
  72      E3086F52 
  72      769E417C 
  73 0288 563935BE 		.ascii	"V95\2765\335\327\253\371\370\235\324<\257\324,\014\221"
  73      35DDD7AB 
  73      F9F89DD4 
  73      3CAFD42C 
  73      0C91
  74 029a 211B73E1 		.ascii	"!\033s\341\377\324\034-\360\364\224\253\351?,\325\314"
  74      FFD41C2D 
  74      F0F494AB 
  74      E93F2CD5 
  74      CC
  75 02ab 305851AE 		.ascii	"0XQ\256\346\003\021\302\027\214y\313\324\314\334\277"
  75      E60311C2 
  75      178C79CB 
  75      D4CCDCBF 
  76 02bb 91709131 		.ascii	"\221p\2211_)v\243G0G\302\245r5/\253\336|Y\244\346\252"
  76      5F2976A3 
  76      473047C2 
  76      A572352F 
  76      ABDE7C59 
  77 02d2 7375C2B7 		.ascii	"su\302\267&\324\005%\324\264\022\252T\225\231\202*|"
  77      26D40525 
  77      D4B412AA 
  77      54959982 
  77      2A7C
  78 02e4 B9FA3A75 		.ascii	"\271\372:u\365\377\302\372\034:^\301%\226w\274RF\316"
  78      F5FFC2FA 
  78      1C3A5EC1 
  78      259677BC 
  78      5246CE
  79 02f7 E6DBFD0B 		.ascii	"\346\333\375\013\332O\254\274\003\345\310\253K\216\267"
  79      DA4FACBC 
  79      03E5C8AB 
  79      4B8EB7
  80 0306 BC40A608 		.ascii	"\274@\246\010\004\002\246\031K\230\315;#\346\236X\274"
  80      0402A619 
  80      4B98CD3B 
  80      23E69E58 
  80      BC
  81 0317 256136EE 		.ascii	"%a6\356\010>\372\210\271}\373\323\346\216\372\340\336"
  81      083EFA88 
  81      B97DFBD3 
  81      E68EFAE0 
  81      DE
  82 0328 6D8C3425 		.ascii	"m\2144%Z\232\"\221]\001\213\214gw&B\317\304\303\017"
ARM GAS  /tmp/ccV2ML9p.s 			page 6


  82      5A9A2291 
  82      5D018B8C 
  82      67772642 
  82      CFC4C30F 
  83 033c E6C3AC58 		.ascii	"\346\303\254X4\032\333\235\217|\252!X\027\334gZ\315"
  83      341ADB9D 
  83      8F7CAA21 
  83      5817DC67 
  83      5ACD
  84 034e 562C1E6A 		.ascii	"V,\036j\332\373D4\320L\217\255w\014\355ka7\263.\330"
  84      DAFB4434 
  84      D04C8FAD 
  84      770CED6B 
  84      6137B32E 
  85 0363 58DF68D6 		.ascii	"X\337h\326I?\263~\267\025yaW\310\264\242\211p\242\351"
  85      493FB37E 
  85      B7157961 
  85      57C8B4A2 
  85      8970A2E9 
  86 0377 79CB9251 		.ascii	"y\313\222Q\033\213X\305\022\362\025oQ{\021$-\341\265"
  86      1B8B58C5 
  86      12F2156F 
  86      517B1124 
  86      2DE1B5
  87 038a C8E6C4FE 		.ascii	"\310\346\304\376\204\204\356\01666\370\231\340\236x"
  87      8484EE0E 
  87      3636F899 
  87      E09E78
  88 0399 78ABBFE6 		.ascii	"x\253\277\346a\322\342dDC\321X|?\375\013\200a\363\242"
  88      61D2E264 
  88      4443D158 
  88      7C3FFD0B 
  88      8061F3A2 
  89              		.text
  90              		.section	.gnu.lto_st_lld_init.1d93dbf5341470b,"",%progbits
  91 0000 789CA595 		.ascii	"x\234\245\225\315O\023A\024\300\347\355\354nw+bb<\230"
  91      CD4F1341 
  91      14C0E7ED 
  91      EC6E772B 
  91      62623C98 
  92 0014 D883573C 		.ascii	"\330\203W<tE\377\001\017^L\340\004wb\364\240\011\011"
  92      7445FF01 
  92      0F5E4CE0 
  92      047762F4 
  92      A00909
  93 0027 468847BB 		.ascii	"F\210G\273\010\264\212\011\220\030\213\034\232mB\"\202"
  93      08B48A09 
  93      90188B1C 
  93      9A6D4222 
  93      82
  94 0038 F25104A4 		.ascii	"\362Q\004\244\210R*\210 \264\210\211\"\370\025\023\011"
  94      88522A88 
  94      20B48889 
  94      22F81513 
  94      09
  95 0049 154D0810 		.ascii	"\025M\010\0205\022\250\357\315\226\226\340\251u\222"
  95      3512A8EF 
ARM GAS  /tmp/ccV2ML9p.s 			page 7


  95      CD9696E0 
  95      A97592
  96 0058 9DEDCECC 		.ascii	"\235\355\316\314\376~\357\315\307Va\022;\2452v\2341"
  96      FE7EEFCD 
  96      C7566112 
  96      3BA53276 
  96      9C31
  97 006a 76042FE0 		.ascii	"v\004/\340\014\244\246\030c\325\232\004@?L\015\230G"
  97      0CA4A618 
  97      63D59A04 
  97      403F4C0D 
  97      9847
  98 007c 020F34F2 		.ascii	"\002\0174\362f\016Q\337RX*h3\261D\232\327\016z\315\272"
  98      660E51DF 
  98      52582A68 
  98      33B1449A 
  98      D70E7ACD 
  99 0091 C31667AC 		.ascii	"\303\026g\254\005/*\320\006\005\014\207}\011m\337\336"
  99      052F2AD0 
  99      06050C87 
  99      7D096DDF 
  99      DE
 100 00a2 AFCA763B 		.ascii	"\257\312v;\334\003\025\360\336=\007\021s;\3513#c\255"
 100      DC0315F0 
 100      DE3D0711 
 100      733BE933 
 100      2363AD
 101 00b5 B0557248 		.ascii	"\260UrHb\026G\037V\012U*U\032U:U\214\325\343\313\024"
 101      6216471F 
 101      560A552A 
 101      551A553A 
 101      558CD5E3 
 102 00cb C14D2ED1 		.ascii	"\301M.\321\235' :\224\030\271H\270\000\227\320\342\257"
 102      9D27203A 
 102      9418B948 
 102      B80097D0 
 102      E2AF
 103 00dd 8BC61D0D 		.ascii	"\213\306\035\015\334\342\022\220\26460\276\244\333\217"
 103      DCE21290 
 103      B43630BE 
 103      A4DB8F
 104 00ec E6EA7553 		.ascii	"\346\352uS\306\246\225O\233a\305\202@5\306{\324\342"
 104      C6A6954F 
 104      9B61C582 
 104      4035C67B 
 104      D4E2
 105 00fe 1C3AC005 		.ascii	"\034:\300\005\355\340b4~\315?\3739\317\3504k\301\342"
 105      EDE06234 
 105      7ECD3FFB 
 105      39CFE834 
 105      6BC1E2
 106 0111 32DC070B 		.ascii	"2\334\007\013\356\2104\340\001\030,\0015\277\275`\273"
 106      EE8834E0 
 106      01182C01 
 106      35BFBD60 
 106      BB
 107 0122 B8ADEB1B 		.ascii	"\270\255\353\033\233\360j\304\007,\235\010\301\200\374"
ARM GAS  /tmp/ccV2ML9p.s 			page 8


 107      9BF06AC4 
 107      072C9D08 
 107      C180FC
 108 0131 3A0DC9CE 		.ascii	":\015\311\316\324\2251u\203\201x\002\015\351\266K\311"
 108      D4953175 
 108      83817802 
 108      0DE9B64B 
 108      C9
 109 0142 8ED52358 		.ascii	"\216\325#X4\273\020\332\0235\301\376'\314\336\014\372"
 109      34BB10DA 
 109      1335C1FE 
 109      27CCDE0C 
 109      FA
 110 0153 2185A98A 		.ascii	"!\205\251\2120\333\247R\201j\273\027@\021\013P_3\332"
 110      30DBA752 
 110      816ABB17 
 110      40110B50 
 110      5F33DA
 111 0166 ABD98F66 		.ascii	"\253\331\217f\244\311\314\307\246\331\217\203o\234\031"
 111      A4C9CCC7 
 111      A6D98F83 
 111      6F9C19
 112 0175 9F0AFDE8 		.ascii	"\237\012\375\350\353K\371\006\326\327\0323\276\001\341"
 112      EB4BF906 
 112      D6D71A33 
 112      BE01E1
 113 0184 93C8F768 		.ascii	"\223\310\367hO*:\352\376I%\013\364`\006\035\246Tt\002"
 113      4F2A3AEA 
 113      FE49250B 
 113      F460061D 
 113      A6547402 
 114 0198 6D2CCFDC 		.ascii	"m,\317\334\310O\261\322\2118D\"\261\316_\253N\373\221"
 114      C84FB1D2 
 114      89384422 
 114      B1CE5FAB 
 114      4EFB91
 115 01ab 763AEDA4 		.ascii	"v:\355\244\326\256\237\023Z\312\026\274\212\033T\203"
 115      D6AE9F13 
 115      5ACA16BC 
 115      8A1B5483 
 116 01bb C7E81B4A 		.ascii	"\307\350\033J\371:f6\326\035\344\253\246Xd\030\026F"
 116      F93A6636 
 116      D61DE4AB 
 116      A6586418 
 116      1646
 117 01cd B1FB9F80 		.ascii	"\261\373\237\200\201\003\276\305\022\001172\304G\031"
 117      8103BEC5 
 117      12013137 
 117      32C44719 
 118 01dd 3CB593D9 		.ascii	"<\265\223\331X\216\245c\310\3220\"\0142\031\"\302\260"
 118      588EA563 
 118      C8D23022 
 118      0C321922 
 118      C2B0
 119 01ef 32DC33AF 		.ascii	"2\3343\257\330\206$\226\0030\272\343\210\347\352\210"
 119      D8862496 
 119      0330BAE3 
ARM GAS  /tmp/ccV2ML9p.s 			page 9


 119      88E7EA88 
 120 01ff 0A87428E 		.ascii	"\012\207B\216g\302\221\236'\031\030\214\355\360\347"
 120      67C2919E 
 120      2719188C 
 120      EDF0E7
 121 020e 73E3EB30 		.ascii	"s\343\3530.\370\370\371\241\316\244?\364A-\354\246\316"
 121      2EF8F8F9 
 121      A1CEA43F 
 121      F4412DEC 
 121      A6CE
 122 0220 60AF58B6 		.ascii	"`\257X\266\347`\3001\2278(\023P\230\361\275\3135\237"
 122      E760C031 
 122      97382813 
 122      5098F1BD 
 122      CB359F
 123 0233 17C2E720 		.ascii	"\027\302\347 \340$\262\323\300\205\\\201S\002\250\021"
 123      E024B2D3 
 123      C0855C81 
 123      5302A811 
 124 0243 F0E56EE0 		.ascii	"\360\345n\340b\256\300i\001\324\0118#f\274\3377\035"
 124      62AEC069 
 124      01D40938 
 124      2366BCDF 
 124      371D
 125 0255 72DA330E 		.ascii	"r\3323\016\020\333\341\277\317\225\037\027|'\361g1`"
 125      10DBE1BF 
 125      CF951F17 
 125      7C27F167 
 125      3160
 126 0267 02AE405D 		.ascii	"\002\256@]0y\227\023\217\336\010\207\277/:<[\246fqg"
 126      30799713 
 126      8FDE0887 
 126      BF2F3A3C 
 126      5BA66671 
 127 027c 0B1D7F78 		.ascii	"\013\035\177x\005\036\352\370:y\313\233G\221\354C\376"
 127      051EEAF8 
 127      3A79CB9B 
 127      4791EC43 
 127      FE
 128 028d 1CB8E8C0 		.ascii	"\034\270\350\300\377y\333\240\331M\032\274\006\227\305"
 128      FF79DBA0 
 128      D94D1ABC 
 128      0697C5
 129 029c F3D80FB8 		.ascii	"\363\330\017\270\026\334l\023\007W\374%\324#\003\277"
 129      16DC6C13 
 129      0757FC25 
 129      D42303BF 
 130 02ac DE78F8DC 		.ascii	"\336x\370\334n\267aTT\032\027\316\226\033\227*.WU\032"
 130      6EB76154 
 130      541A17CE 
 130      961B972A 
 130      2E57551A 
 131 02c0 25A5C527 		.ascii	"%\245\305'O\030EE\247\215\3223\305W\012\251\247\254"
 131      4F184545 
 131      A78DD233 
 131      C5570AA9 
 131      A7AC
ARM GAS  /tmp/ccV2ML9p.s 			page 10


 132 02d2 B2AAACBC 		.ascii	"\262\252\254\274\374\274\373\034\373\013\236:\031\221"
 132      FCBCFB1C 
 132      FB0B9E3A 
 132      1991
 133              		.text
 134              		.section	.gnu.lto_.symbol_nodes.1d93dbf5341470b,"",%progbits
 135 0000 789C6365 		.ascii	"x\234ce`b(d\000\002\246\235L\365\014\014\023\31610\000"
 135      60622864 
 135      0002A69D 
 135      4CF50C0C 
 135      13CE3130 
 136 0015 A95D0D8E 		.ascii	"\251]\015\216@\221]L\365\214(\"\214\273\231\352\231"
 136      40915D4C 
 136      F58C2822 
 136      8CBB99EA 
 136      99
 137 0026 C0220C0C 		.ascii	"\300\"\014\014\015\015\016@\201=L\365\314(\002{\231"
 137      0D0D0E40 
 137      813D4CF5 
 137      CC28027B 
 137      99
 138 0037 EA599005 		.ascii	"\352Y\220\005\230\201\260\345\33016f\240=-\355o\344"
 138      9881B0E5 
 138      D8313666 
 138      A03D2DED 
 138      6FE4
 139 0049 99195918 		.ascii	"\231\031Y\030\216t\275\221g\000\000E\240\033\330"
 139      8E74BD91 
 139      67000045 
 139      A01BD8
 140              		.text
 141              		.section	.gnu.lto_.refs.1d93dbf5341470b,"",%progbits
 142 0000 789C6365 		.ascii	"x\234ce`b`d\000\002\000\000I\000\011"
 142      60626064 
 142      00020000 
 142      490009
 143              		.text
 144              		.section	.gnu.lto_.decls.1d93dbf5341470b,"",%progbits
 145 0000 789CCD58 		.ascii	"x\234\315X]PT\311\025\236\276=\374\0150k\015fc\022\037"
 145      5D5054C9 
 145      159EBE3D 
 145      FC0D306B 
 145      0D666312 
 146 0015 36864452 		.ascii	"6\206DR\251uD\335$\017yP\007\024\252d\327\032\334\255"
 146      A97544DD 
 146      240F7950 
 146      0714AA64 
 146      D71ADCAD 
 147 0029 ECBE4CB1 		.ascii	"\354\276L\261\310\256$\010\273\200\273\372\222\\\024"
 147      C8AE2408 
 147      BB80BBFA 
 147      925C14
 148 0038 14F06717 		.ascii	"\024\360g\027\021\025\005D@@E\005w\025\021\021\034\024"
 148      11150544 
 148      40404505 
 148      77151111 
 148      1C14
ARM GAS  /tmp/ccV2ML9p.s 			page 11


 149 004a F9751114 		.ascii	"\371u\021\024\344O\020\021\177PDPA\020\311\351\356;"
 149      E44F1011 
 149      7F504450 
 149      4110C9E9 
 149      EE3B
 150 005c 737BEE8C 		.ascii	"s{\356\214I^R\225[\234\351{\272\277\376\356\351s\372"
 150      495E5295 
 150      5B9CE97B 
 150      BABFFEEE 
 150      E973FA
 151 006f F63D0727 		.ascii	"\366=\007'\225\240j\235\253R\031\325*\325*\244R\315"
 151      95A06A9D 
 151      AB5219D5 
 151      2AD52AA4 
 151      52CD
 152 0081 C085552A 		.ascii	"\300\205U*\325\011\020PU\305*v9\201\234\0039\017r\001"
 152      D5091050 
 152      55C52A76 
 152      39819C03 
 152      390F7201 
 153 0095 E42248B5 		.ascii	"\344\"H\265\312\376\372\032&y@\373\011\310|\020\027"
 153      CAFEFA1A 
 153      267940FB 
 153      09C87C10 
 153      17
 154 00a6 D09D41EA 		.ascii	"\320\235A\352\340^\0072[\342\364\204>\035\210\027H\251"
 154      E05E0732 
 154      5BE2F484 
 154      3E1D8817 
 154      48A9
 155 00b8 F4ACE7A4 		.ascii	"\364\254\347\244_z\316\317\240\343\347 \277\000\371"
 155      5F7ACECF 
 155      A0E3E720 
 155      BF00F9
 156 00c7 15C8AF41 		.ascii	"\025\310\257A~\203\330s\177\013\355|\220\337\203\374"
 156      7E83D873 
 156      7F0BED7C 
 156      90DF83FC 
 157 00d7 01317B94 		.ascii	"\0011{\224\327\006\304\270,v\304\202\036#\331\021\007"
 157      D706C4B8 
 157      2C76C482 
 157      1E23D911 
 157      07
 158 00e8 AD8864DB 		.ascii	"\255\210d\333\332\241o3bv\231A\334AB@\377\033\310&\342"
 158      DAA16F33 
 158      62769941 
 158      DC414240 
 158      FF1BC826 
 159 00fd 131533F0 		.ascii	"\023\0253\360%4\030\332qhGA\004\270\037#\255\344\027"
 159      253418DA 
 159      71684741 
 159      04B81F23 
 159      ADE417
 160 0110 47FED887 		.ascii	"G\376\330\207QO\355\321\343x\027F\3635\210x\367\035"
 160      514FEDD1 
 160      E3781746 
 160      F3358878 
ARM GAS  /tmp/ccV2ML9p.s 			page 12


 160      F71D
 161 0122 E83AF5B8 		.ascii	"\350:\365\270\354\225'\353\"\210\336W\205+\026\024\211"
 161      EC9527EB 
 161      2288DE57 
 161      852B1614 
 161      89
 162 0133 EC7215E4 		.ascii	"\354r\025\344\251-\337\215\346\271`w\012\272\036_\234"
 162      A92DDF8D 
 162      E6B96077 
 162      0ABA1E5F 
 162      9C
 163 0144 4168741A 		.ascii	"Aht\032\244\006\365Y\323\201\273ZPgk\320{\373\260\220"
 163      A406F559 
 163      D381BB5A 
 163      50676BD0 
 163      7BFBB090 
 164 0158 5EDF6E56 		.ascii	"^\337nV#\037M>\241\250\032?=/e\233(\012\350$\322\240"
 164      231F4D3E 
 164      A1A81A3F 
 164      3D2F659B 
 164      280AE824 
 165 016e 6308A3A3 		.ascii	"c\010\243\243h\001Y\303|\015\374&\212\342f\361\373-"
 165      680159C3 
 165      7C0DFC26 
 165      8AE266F1 
 165      FB2D
 166 0180 A25B800A 		.ascii	"\242[\200\012\025\241\271\3508\232\253B'\220\017\261"
 166      15A1B9E8 
 166      389AAB42 
 166      27900FB1 
 167 0190 86E05021 		.ascii	"\206\340P!t\026@'<\345h^J\2163\366#\006\0105\027\273"
 167      74164027 
 167      3CE5685E 
 167      4A8E33F6 
 167      23060835 
 168 01a6 6EA991C6 		.ascii	"n\251\221\306\307\341\374\022\007\363\231-O\323\347"
 168      C7E1FC12 
 168      07F3992D 
 168      4FD3E7
 169 01b5 D524105B 		.ascii	"\325$\020[\212\301\226S\262-`\032i\240\027\236sv\347"
 169      8AC19653 
 169      B22D601A 
 169      69A0179E 
 169      7376E7
 170 01c8 E50AE136 		.ascii	"\345\012\3416\352F\260x4\213.\037!\366\213\250Pu\306"
 170      EA46B078 
 170      348B2E1F 
 170      21F68BA8 
 170      5075C6
 171 01db 722144FB 		.ascii	"r!D\373\241W\240\277\014H\273\220e\206\244\013\222*"
 171      A157A0BF 
 171      0C48BB90 
 171      6586A40B 
 171      922A
 172 01ed 4894F44F 		.ascii	"H\224\364O\232\2148F6\314\236d\271X\330\331\015\235"
 172      9A8C3846 
 172      36CC9E64 
ARM GAS  /tmp/ccV2ML9p.s 			page 13


 172      B958D8D9 
 172      0D9D
 173 01ff 66998D04 		.ascii	"f\231\215\004\371\001\010\361\0238Bf\2664n\265O%/\016"
 173      F90108F1 
 173      13384266 
 173      B6346EB5 
 173      4F252F0E 
 174 0213 59C2FC2C 		.ascii	"Y\302\374,\275qP\323\213zHo\366RD\373\236<}\\\240\305"
 174      BD7150D3 
 174      8B7A486F 
 174      F65244FB 
 174      9E3C7D5C 
 175 0229 5FD1D05F 		.ascii	"_\321\320_\231\031\257z\207\205^ \273b\2441\323\235"
 175      9919AF7A 
 175      87855E20 
 175      BB62A431 
 175      D39D
 176 023b 857E16A8 		.ascii	"\205~\026\250\023q7/i\346\354\245\233g\2138K@\237\274"
 176      1371372F 
 176      69E6ECA5 
 176      9B678B38 
 176      4B409FBC 
 177 024f 8BCE4208 		.ascii	"\213\316B\010\316@\010T\250\024\315\201\337\317\325"
 177      CE400854 
 177      A814CD81 
 177      DFCFD5
 178 025e EC496953 		.ascii	"\354IiS\2059\356\363\262\305\354>\261\352\247CK*s\266"
 178      8539EEF3 
 178      B2C5EC3E 
 178      B1EAA743 
 178      4B2A73B6 
 179 0272 8ACD306D 		.ascii	"\212\3150m)\305\241\037\345\350\300-\374\376\200z\021"
 179      29C5A11F 
 179      E5E8C02D 
 179      FCFE807A 
 179      11
 180 0283 3A8D6E83 		.ascii	":\215n\203\341\347\320<b\351\216\247\331\357\340BD\315"
 180      E1E7D03C 
 180      62E98EA7 
 180      D9EFE042 
 180      44CD
 181 0295 BA9C9AD9 		.ascii	"\272\234\232\331\357,\221]k\360H\027\2536\213$\320\204"
 181      EF2C915D 
 181      6BF04817 
 181      AB368B24 
 181      D084
 182 02a7 AA4CA62A 		.ascii	"\252L\246*SR\235\247T\275#cW\335\361\217\214*\265\240"
 182      53529DA7 
 182      54BD2363 
 182      57DDF18F 
 182      8C2AB5A0 
 183 02bb 739B0054 		.ascii	"s\233\000T}\260af\316\371L\027\017\210\211\032fT\271"
 183      7DB06166 
 183      CEF94C17 
 183      0F88891A 
 183      6654B9
 184 02ce CC544E98 		.ascii	"\314TN\230\310\315\005\312\220TZ\275\023\343\021\306"
ARM GAS  /tmp/ccV2ML9p.s 			page 14


 184      C8CD05CA 
 184      90545ABD 
 184      13E311C6 
 185 02de 3076752A 		.ascii	"0vu*\301Ub\350\252\375K\303i1\336\211\316\257\220\347"
 185      C15562E8 
 185      AAFD4BC3 
 185      6931DE89 
 185      CEAF90E7 
 186 02f2 5758E65F 		.ascii	"WX\346_\244\363\017\336\350\317\025p\226@\347\233_\365"
 186      A4F30FDE 
 186      E8CF1570 
 186      9640E79B 
 186      5FF5
 187 0304 CE520B6C 		.ascii	"\316R\013lC\022wAW\362\221\272Il\355\253B\264\263\341"
 187      43127741 
 187      57F291BA 
 187      496CEDAB 
 187      42B4B3E1 
 188 0318 FA68BBC7 		.ascii	"\372h\273\307[\275m\246\336\276\204$w\027\225\326\266"
 188      5BBD6DA6 
 188      DEBE8424 
 188      771795D6 
 188      B6
 189 0329 6925A3A6 		.ascii	"i%\243\246\232\376\234N\215\002\014\252\224\215\252"
 189      9AFE9C4E 
 189      8D020CAA 
 189      948DAA
 190 0338 B418554D 		.ascii	"\264\030UM\215*\275\223V\351\306b}\213P\034(\177^\357"
 190      8D2ABD93 
 190      56E9C662 
 190      7D8B501C 
 190      287F5EEF 
 191 034c C4745732 		.ascii	"\304tW2<|\274\324\223\305\276\212\014\267\016\036\216"
 191      3C7CBCD4 
 191      93C5BE8A 
 191      0CB70E1E 
 191      8E
 192 035d F760C3CD 		.ascii	"\367`\303\315D\257n\273:\242\306mlM\211E\273\252\261"
 192      44AF6EBB 
 192      3AA2C66D 
 192      6C4D8945 
 192      BBAAB1
 193 0370 269118FA 		.ascii	"&\221\030\372\337\274\2570\243\261q\252\311\011w\263"
 193      DFBCAF30 
 193      A3B171AA 
 193      C90977B3 
 194 0380 E9DBAF9C 		.ascii	"\351\333\257\234\251\221N\234Z\242\3579_]\356\216{\331"
 194      A9914E9C 
 194      5AA2EF39 
 194      5F5DEE8E 
 194      7BD9
 195 0392 E0DDE4FE 		.ascii	"\340\335\344\376jg<\300\024\213U:\311\252C]/\352\021"
 195      6A673CC0 
 195      148B553A 
 195      C9AA435D 
 195      2FEA11
 196 03a5 7EC006CB 		.ascii	"~\300\006\313K/\324H+X\310\355^\035\333\275g\007\353"
ARM GAS  /tmp/ccV2ML9p.s 			page 15


 196      4B2FD448 
 196      2B58C8ED 
 196      5E1DDBBD 
 196      6707EB
 197 03b8 6A346C41 		.ascii	"j4lA\"\002\275\242\245{)~\"\305d\264\270@Z\034&\313"
 197      2202BDA2 
 197      A57B297E 
 197      22C564B4 
 197      B8405A1C 
 198 03ce 491F6D7E 		.ascii	"I\037m~\207,Gd\313!\375\226\005\251\320Mr\236 \375\\"
 198      872C4764 
 198      CB21FD96 
 198      05A9D04D 
 198      729E20FD 
 199 03e3 74832DA5 		.ascii	"t\203-\245c\342J\247\223\356{\212\026\305\367\3244\210"
 199      63E24AA7 
 199      93EE7B8A 
 199      16C5F7D4 
 199      3488
 200 03f5 2D00BF4E 		.ascii	"-\000\277N\341mHg\231D_\261\264a-\017\256\373w\340\223"
 200      E16D4867 
 200      99445FB1 
 200      B4612D0F 
 200      AEFB77E0 
 201 040a B947F669 		.ascii	"\271G\366i\3603f\344\301\261\236\207R\300|@\315\177"
 201      F03366E4 
 201      C1B19E87 
 201      52C07C40 
 201      CD7F
 202 041c 59BEC515 		.ascii	"Y\276\305\025\277`c\251\0273\233\\\360+\246XNl\035="
 202      BF6063A9 
 202      17339B5C 
 202      F02BA658 
 202      4E6C1D3D 
 203 0430 B1D1E6F6 		.ascii	"\261\321\346\366\345x\232\215T\246\354\356A8\016Se8"
 203      E5789A8D 
 203      54A6ECEE 
 203      41380E53 
 203      6538
 204 0442 FE5E9FE4 		.ascii	"\376^\237\344\2379\344\215m\030\232\217\267\262\241"
 204      9F39E48D 
 204      6D189A8F 
 204      B7B2A1
 205 0451 37B5D5F3 		.ascii	"7\265\325\363\361\016v_s\266\260\000\341\335L\031=P"
 205      F10E765F 
 205      73B6B000 
 205      E1DD4C19 
 205      3D50
 206 0463 33A4C17B 		.ascii	"3\244\301{\231\222\335\222q\316\025\2473%\177bo\276"
 206      9992DD92 
 206      71CE15A7 
 206      33257F62 
 206      6FBE
 207 0475 07CE62CA 		.ascii	"\007\316b\312\215\262\233\211\3568\227)\211%%\373\335"
 207      8DB29B89 
 207      EE389729 
 207      892525FB 
ARM GAS  /tmp/ccV2ML9p.s 			page 16


 207      DD
 208 0486 71015336 		.ascii	"q\001S6\227w\244H'L\037\321\007\216\014d\273IQq&\257"
 208      9777A448 
 208      274C1FD1 
 208      078E0C64 
 208      BB495171 
 209 049c 424BE338 		.ascii	"BK\3438\302\307\0318\371l\353m\365[\3430d\211\303B\032"
 209      C2C71938 
 209      F96CEB6D 
 209      F55BE330 
 209      6489C342 
 210 04b1 86B48AB4 		.ascii	"\206\264\212\2643Ze\030j\000}\205\242\037S\317\016Y"
 210      335A6518 
 210      6A007D85 
 210      A21F53CF 
 210      0E59
 211 04c3 3CDB7C2F 		.ascii	"<\333|/\367\210Z\031\207\267\241\337}\232|\351\205'"
 211      F7885A19 
 211      87B7A1DF 
 211      7D9A7CE9 
 211      8527
 212 04d5 F2F6F6F6 		.ascii	"\362\366\366\366\362\346.\037\372\233#\306o\021\253"
 212      F2E62E1F 
 212      FA9B23C6 
 212      6F11AB
 213 04e4 AE0E2F4C 		.ascii	"\256\016/L\314\275\266C\3146#J\365\023\274w\317\220"
 213      CCBDB643 
 213      CC36234A 
 213      F513BC77 
 213      CF90
 214 04f6 97FC1E5C 		.ascii	"\227\374\036\\\243\274E\344W\305\246\230\2230\234d\361"
 214      A3BC45E4 
 214      57C5A698 
 214      93309C64 
 214      F1
 215 0507 98E26B95 		.ascii	"\230\342k\225\370\253v\370G\211\034\276I\211o\240x_"
 215      F8AB76F8 
 215      47891CBE 
 215      49896FA0 
 215      785F
 216 0519 024F9156 		.ascii	"\002O\221V\265T\255B\017a\374\001\035\"hx\013\321\033"
 216      B554AD42 
 216      0F61FC01 
 216      1D226878 
 216      0BD11B
 217 052c 7821C790 		.ascii	"x!\307\2207\032\005\231\004\031\007y\016\262Y\360F/"
 217      371A0599 
 217      04190779 
 217      0EB259F0 
 217      462F
 218 053e A19D0699 		.ascii	"\241\235\006\231\000\231\002\231\001\021\241\377\025"
 218      00990299 
 218      0111A1FF 
 218      15
 219 054b B45BA01D 		.ascii	"\264[\240\035\206v\004\3445\310\013\220\247 q\2027="
 219      867604E4 
 219      35C80B90 
ARM GAS  /tmp/ccV2ML9p.s 			page 17


 219      A7207182 
 219      373D
 220 055d 56989193 		.ascii	"V\230\221\223\377\220m\034T\332\250W.i\224C\337w\210"
 220      FF906D1C 
 220      54DAA857 
 220      2E699443 
 220      DF7788
 221 0570 F695C12D 		.ascii	"\366\225\301-\377\224\301w\225\340\353H\201\236\344"
 221      FF94C177 
 221      95E0EB48 
 221      819EE4
 222 057f BD55EFD8 		.ascii	"\275U\357\330\273\034\274\237#\277\243D\367*\321\365"
 222      BB1CBC9F 
 222      23BFA344 
 222      F72AD1F5 
 223 058f 1C7A4089 		.ascii	"\034z@\211\276b\027\271Q\016~[\011\357V\222\267\360"
 223      BE6217B9 
 223      510E7E5B 
 223      09EF5692 
 223      B7F0
 224 05a1 96DF52C2 		.ascii	"\226\337R\302\233\225p3G~\317\261-\274[8t\217cSl,\347"
 224      9B957033 
 224      477ECFB1 
 224      2DBC5B38 
 224      748F6353 
 225 05b8 6D6974BC 		.ascii	"mit\274\347l\366(G\337\347\330\215\014\316R\266\341"
 225      E76CF628 
 225      47DFE7D8 
 225      8D0CCE52 
 225      B6E1
 226 05ca 37BA3851 		.ascii	"7\2728QD\004\246\222>S\362V\252I\304e\247E1\311\231"
 226      4404A692 
 226      3E53F256 
 226      AA49C465 
 226      A74531C9 
 227 05df B27529D9 		.ascii	"\262u)\331:\354\202\302\333\332\351\030n\2655\016\360"
 227      3AEC82C2 
 227      DBDAE918 
 227      6EB5350E 
 227      F0
 228 05f0 49388EE2 		.ascii	"I8\216\342\237 \035z$\341-G\000\272\254\244\357\344"
 228      9F201D7A 
 228      24E12D47 
 228      00BAACA4 
 228      EFE4
 229 0602 96D6EF78 		.ascii	"\226\326\357x\373\361\354\235\211\022{;\260\267Jx\313"
 229      FBF1EC9D 
 229      89127B3B 
 229      B0B74A78 
 229      CB
 230 0613 412F4591 		.ascii	"A/E\221\341I\346\336\330V\250\305\267\351\251'\230\263"
 230      E149E6DE 
 230      D856A8C5 
 230      B7E9A927 
 230      98B3
 231 0625 2EA44386 		.ascii	".\244C\206\355\305\\\324\226\204\267\020\027m\025\274"
 231      EDC55CD4 
ARM GAS  /tmp/ccV2ML9p.s 			page 18


 231      9684B710 
 231      176D15BC 
 232 0635 50BC60FD 		.ascii	"P\274`\375\230\023\2179~\323Q\202\340\363?\177\331\311"
 232      98138F39 
 232      7ED35182 
 232      E0F33F7F 
 232      D9C9
 233 0647 37E2E177 		.ascii	"7\342\341ww\004\217dk\216N-\224O\347m\202\007M6\240"
 233      77048F64 
 233      6B8E4E2D 
 233      944FE76D 
 233      82074D36 
 234 065c 05F0CD89 		.ascii	"\005\360\315\211\212I\017\374\210.P\335\227;:\344\214"
 234      8A490FFC 
 234      882E50DD 
 234      973B3AE4 
 234      8C
 235 066d 7CE622A4 		.ascii	"|\346\"\244\001\311\267\224#*\264]\320\240D\001[J\232"
 235      01C9B794 
 235      232AB45D 
 235      D0A04401 
 235      5B4A9A
 236 0680 03221CFD 		.ascii	"\003\"\034\375#\377$\335\254\226\030\311\021\361\034"
 236      23FF24DD 
 236      AC9618C9 
 236      11F11C
 237 068f 155A4C8F 		.ascii	"\025ZL\217|\224\004\353$C*\264C\230\213\222\205\271"
 237      7C9404EB 
 237      24432AB4 
 237      43988B92 
 237      85B9
 238 06a1 30C195F6 		.ascii	"0\301\225\366\300\003w<\271\276\337C>\337\021\345\226"
 238      C003773C 
 238      B9BEDF43 
 238      3EDF11E5 
 238      96
 239 06b2 D3A79D82 		.ascii	"\323\247\235\202|\276\023\205|\211\246N\234\227\276"
 239      7CBE1385 
 239      7C89A64E 
 239      9C97BE
 240 06c1 9AE44334 		.ascii	"\232\344C4~*\373\232\347[\277=\337\011\322\267g\227"
 240      7E2AFB9A 
 240      E75BBF3D 
 240      DF09D2B7 
 240      6797
 241 06d3 403F3ECF 		.ascii	"@?>\317\223\023\306\245\014\306\005\324\302\301\214"
 241      9313C6A5 
 241      0CC605D4 
 241      C2C18C
 242 06e2 5D1EECAB 		.ascii	"]\036\354\253\366gP\273\232\213j<\225\306\244\200\321"
 242      F66750BB 
 242      9A8B6A3C 
 242      95C6A480 
 242      D1
 243 06f3 DF0B846C 		.ascii	"\337\013\204l75\206RR\205\344\254\023\355\267=x\347"
 243      37358652 
 243      5285E4AC 
ARM GAS  /tmp/ccV2ML9p.s 			page 19


 243      13EDB73D 
 243      78E7
 244 0705 9204537E 		.ascii	"\222\004S~|\252\344\334T\352\334\373\005\342\270\026"
 244      7CAAE4DC 
 244      54EADCFB 
 244      05E2B816 
 245 0715 3F65DFCC 		.ascii	"?e\337\314\244\222V\232xWA\256\334\236\210\217\227\024"
 245      A492569A 
 245      785741AE 
 245      DC9E888F 
 245      9714
 246 0727 D7C589B3 		.ascii	"\327\305\211\263\343\335(\303\036y\003\355\021\024\311"
 246      E3DD28C3 
 246      1E7903ED 
 246      1114C9
 247 0736 729A40B2 		.ascii	"r\232@\262\302\221\227\015)\030g\252)\327\341\372cw"
 247      C291970D 
 247      291867AA 
 247      29D7E1FA 
 247      6377
 248 0748 B1C4D555 		.ascii	"\261\304\325U\353\375\020\336F(\260\240\374#\\{e\256"
 248      EBFD10DE 
 248      4628B0A0 
 248      FC235C7B 
 248      65AE
 249 075a BD4AAE7D 		.ascii	"\275J\256}\224\253\372e\333\011\027|\222qm\335s\364"
 249      94ABFA65 
 249      DB09177C 
 249      92716DDD 
 249      73F4
 250 076c 8D93C435 		.ascii	"\215\223\3045u\316\373P.-\010\262\003X\356\275_&\333"
 250      75CEFB50 
 250      2E2D08B2 
 250      0358EEBD 
 250      5F26DB
 251 077f AF244BA7 		.ascii	"\257$K\247d\371\343\023\333\265\370\022#K\230\036\355"
 251      64F9E313 
 251      DBB5F812 
 251      234B981E 
 251      ED
 252 0790 D34A642D 		.ascii	"\323Jd-\0070+\010\016\263\202\340\200Lu@Iu\220R\265"
 252      07302B08 
 252      0EB382E0 
 252      804C7540 
 252      49759052 
 253 07a5 0F9AD7E2 		.ascii	"\017\232\327\342\006\306t\354DV\261\026w0e\273\271:"
 253      06C674EC 
 253      4456B116 
 253      773065BB 
 253      B93A
 254 07b7 C319F270 		.ascii	"\303\031\362p\224I7\241\343d\375r\361\361i\355[\363"
 254      944937A1 
 254      E364FD72 
 254      F1F169ED 
 254      5BF3
 255 07c9 F26C81E4 		.ascii	"\362l\201\344\345\207\004"
 255      E58704
ARM GAS  /tmp/ccV2ML9p.s 			page 20


 256 07d0 292F1F3C 		.ascii	")/\037<\270\267\330\022\215\231\014|\353T\027\244\010"
 256      B8B7D812 
 256      8D990C7C 
 256      EB5417A4 
 256      08
 257 07e1 71E2D25A 		.ascii	"q\342\322Z\201 Q\206\305V\224%\250\211fk\356aj\356\304"
 257      81205186 
 257      C5569425 
 257      A889666B 
 257      EE616AEE 
 258 07f6 8B4B975C 		.ascii	"\213K\227\\q\246\0235\261\342\354\223V$\207\267\354"
 258      71A61335 
 258      B1E2EC93 
 258      562487B7 
 258      EC
 259 0807 073EBC39 		.ascii	"\007>\2749\362\322s\224\\\271\224+\347V\307ig\\\302"
 259      F2D27394 
 259      5CB9942B 
 259      E756C769 
 259      675CC2
 260 081a B81A0F6E 		.ascii	"\270\032\017n\037s\223\270F\267\333z1O\246\312SR\035"
 260      1F7393B8 
 260      46B7DB7A 
 260      314FA6CA 
 260      53521D
 261 082d A1547B8E 		.ascii	"\241T{\216\\MR\343\032FUW9y\322\311\272S\226\014\331"
 261      5C4D52E3 
 261      1A465557 
 261      3979D2C9 
 261      BA53960C 
 262 0842 EC947C99 		.ascii	"\354\224|\231+_\311U@\271\352\006N\230!\012\214+\275"
 262      2B5FC955 
 262      40B9EA06 
 262      4E98210A 
 262      8C2BBD
 263 0855 7368BF9B 		.ascii	"sh\277\233u\247,,\264\335)\2052Y\241\222\354(%\353;"
 263      75A72C2C 
 263      B4DD2985 
 263      3259A192 
 263      EC2825EB 
 264 086a 743FD513 		.ascii	"t?\325\023\0173\262\206\213\2717-\206\265d\332\256\361"
 264      0F33B286 
 264      8BB9372D 
 264      86B564DA 
 264      AEF1
 265 087c 984C754C 		.ascii	"\230LuLIu\234RYj\006\235T3T\325\354x\202\360$\243N\274"
 265      49759C52 
 265      596A069D 
 265      543354D5 
 265      EC7882F0 
 266 0894 B3AD551A 		.ascii	"\263\255U\032\234 \372\214y\374\226'\026\235\351\340"
 266      9C20FA8C 
 266      79FC9627 
 266      169DE9E0 
 267 08a4 CCC38E5C 		.ascii	"\314\303\216\\)Y\037!\372\276\262\376\021-Nf\203)\325"
 267      29591F21 
 267      FABEB2FE 
ARM GAS  /tmp/ccV2ML9p.s 			page 21


 267      112D4E66 
 267      8329D5
 268 08b7 2FC6DCF1 		.ascii	"/\306\334\361.\246t\347\3549\242f\310\007D\317|\375"
 268      2EA674E7 
 268      EC39A266 
 268      C80744CF 
 268      7CFD
 269 08c9 3A5E8D53 		.ascii	":^\215S\331`\313\346\324<g\234\311\224\251\341\202\021"
 269      D960CBE6 
 269      D43C679C 
 269      C994A9E1 
 269      8211
 270 08db 675CC094 		.ascii	"g\\\300\224\352\261\214g\036\270\204)\011y7v\270\340"
 270      EAB18C67 
 270      1EB88429 
 270      09793776 
 270      B8E0
 271 08ed 72A68C75 		.ascii	"r\246\214u\355\254\361\300W\230r\271\366n\253+\376\211"
 271      EDACF1C0 
 271      579872B9 
 271      F66EAB2B 
 271      FE89
 272 08ff 29710F8A 		.ascii	")q\017\212\267a\334\301\224g\315\325\311n\370.S\232"
 272      B761DCC1 
 272      9467CDD5 
 272      C96EF82E 
 272      539A
 273 0911 9276A709 		.ascii	"\222v\247\011x\210)\226\323K\307N\257\231\203#\231\036"
 273      78882996 
 273      D34BC74E 
 273      AF998323 
 273      991E
 274 0923 788C8D5D 		.ascii	"x\214\215]\310M8\352\212\247\231\022\177mg\267\007N"
 274      C84D38EA 
 274      8AA79912 
 274      7F6D67B7 
 274      074E
 275 0935 70A1CAC9 		.ascii	"p\241\312\311\007\333\252\\\360N\246\\hzU\244\305i\222"
 275      07DBAA5C 
 275      F04EA65C 
 275      687A55A4 
 275      C56992
 276 0948 D275468F 		.ascii	"\322uF\217\017\261\373\303\017\312R\241\256g\312\235"
 276      0FB1FBC3 
 276      0FCA52A1 
 276      AE67CA9D 
 277 0958 9EFBC95A 		.ascii	"\236\373\311Z\\\302\224\255\225i\025n\270\234)\227\373"
 277      5CC294AD 
 277      9569156E 
 277      B89C2997 
 277      FB
 278 0969 204FBACC 		.ascii	" O\272\314\356\207\222\253:\004\334\304\224\243e;\357"
 278      EE8792AB 
 278      3A04DCC4 
 278      94A3653B 
 278      EF
 279 097a 38E136A6 		.ascii	"8\3416\246\334-\215\177\251\306\235L9\376:\253\331\015"
ARM GAS  /tmp/ccV2ML9p.s 			page 22


 279      DC2D8D7F 
 279      A9C69D4C 
 279      39FE3AAB 
 279      D90D
 280 098c F732A5F9 		.ascii	"\3672\245\371|\337=-\276\317\224\242\246\253\335\322"
 280      7CDF3D2D 
 280      BECF94A2 
 280      A6ABDDD2 
 281 099c E19C48A2 		.ascii	"\341\234H\242XT\3303\350\"\225\266\244\324\315;\327"
 281      5854D833 
 281      E82295B6 
 281      A4D4CD3B 
 281      D7
 282 09ad F71AE147 		.ascii	"\367\032\341G\024\374^aa\325c-\342\323|/.\331\267\\"
 282      14FC5E61 
 282      61D5632D 
 282      E2D37C2F 
 282      2ED9B75C 
 283 09c1 2C2578FA 		.ascii	",%x\372\006o?\223\007/`\336\034\232\026\234\200\015"
 283      066F3F93 
 283      072F60DE 
 283      1C9A169C 
 283      800D
 284 09d3 D5C37D05 		.ascii	"\325\303}\005Q\221\240L\277\262\270\034\345\202\022"
 284      5191A04C 
 284      BFB2B81C 
 284      E58212
 285 09e2 EEA046E0 		.ascii	"\356\240F\340\361\227\225x\373|\355Q&\207\277\252\304"
 285      F1979578 
 285      FB7CED51 
 285      2687BFAA 
 285      C4
 286 09f3 DBE5B1A3 		.ascii	"\333\345\261\243\2078\370\031%\374\201\035}\177!\207"
 286      8738F819 
 286      25FC811D 
 286      7D7F2187 
 287 0a03 6F76BC5A 		.ascii	"ov\274Z\013\236$/-\205R\022\004\365\024:%\341\255)\326"
 287      0B9E242F 
 287      2D855212 
 287      04F5143A 
 287      25E1AD29 
 288 0a18 49A577EA 		.ascii	"I\245w\352y\353\033\224\364v\271\254\231\2077*\341v"
 288      79EB1B94 
 288      F476B9AC 
 288      9987372A 
 288      E176
 289 0a2a C5463DBF 		.ascii	"\305F=\277\330\363J\270]E`\346\327zZ\011/V\332\336\311"
 289      D8F34AB8 
 289      5D4560E6 
 289      D77A5A09 
 289      2F56DADE 
 290 0a3f B39F53C2 		.ascii	"\263\237S\302\271l\222\317\331~\202\034\340\032e\"h"
 290      B96C92CF 
 290      D97E821C 
 290      E01A6522 
 290      68
 291 0a50 92B0DD85 		.ascii	"\222\260\335\205\244\346\011$_\035 \267@\372A\006A\206"
ARM GAS  /tmp/ccV2ML9p.s 			page 23


 291      A4E60924 
 291      5F1D20B7 
 291      40FA4106 
 291      4186
 292 0a62 406E90A4 		.ascii	"@n\220\244\014d\004\244\025\244\027\344!\310m\220\373"
 292      0C6404A4 
 292      15A417E4 
 292      21C86D90 
 292      FB
 293 0a73 20032077 		.ascii	" \003 w@Z@\036\200t\202\334\003\351\006y\014\362\010"
 293      405A401E 
 293      807482DC 
 293      03E90679 
 293      0CF208
 294 0a86 E426C853 		.ascii	"\344&\310S\220.\220>\220v\220\353 m6U\\'\277\355.)\027"
 294      902E903E 
 294      907690EB 
 294      206D3655 
 294      5C27BFED 
 295 0a9d D38C9471 		.ascii	"\323\214\224q\256\317\342\342\\\255\214\263}\246\316"
 295      AECFE2E2 
 295      5CAD8CB3 
 295      7DA6CE
 296 0aac BBB6C4B1 		.ascii	"\273\266\304\261km\252\020\336\234\012\307o\015_@\361"
 296      6B6DAA10 
 296      DE9C0AC7 
 296      6F0D5F40 
 296      F1
 297 0abd FBA2DEF1 		.ascii	"\373\242\336\3616\262\251B2\000/\316\"0\333*\004\262"
 297      36B2A942 
 297      32002FCE 
 297      2230DB2A 
 297      04B2
 298 0acf AFAAE12C 		.ascii	"\257\252\341,|\224U!$\005\250T\262]\2643\266\205\337"
 298      7C945521 
 298      2405A854 
 298      B25DB433 
 298      B685DF
 299 0ae2 08658EB7 		.ascii	"\010e\216\267\031\217\357\344\255\255S\342\355\352\332"
 299      198FEFE4 
 299      ADAD53E2 
 299      EDEADA
 300 0af1 7EDE1755 		.ascii	"~\336\027U\216\315\361\225#c>\304E\246\\\031\231\006"
 300      8ECDF195 
 300      23633EC4 
 300      45A65C19 
 300      9906
 301 0b03 3BD7F1EC 		.ascii	";\327\361\354f\307\201\347\340\217\370\265\236u|~\360"
 301      66C781E7 
 301      E08FF8B5 
 301      9E757C7E 
 301      F0
 302 0b14 B6F34BAD 		.ascii	"\266\363K\255u\274T\353\266\002\337\367[\350\211\353"
 302      75BC54EB 
 302      B602DFF7 
 302      5BE889EB 
 303 0b24 4B1DBF53 		.ascii	"K\035\277S\274+'3\370\377\2208<\020|e\366\321L\216\275"
ARM GAS  /tmp/ccV2ML9p.s 			page 24


 303      BC2B2733 
 303      F8FF9038 
 303      3C107C65 
 303      F6D14C8E 
 304 0b39 C6F159C9 		.ascii	"\306\361Y\311o\362I\336\225?*]\371\203\335Q\317/\366"
 304      6FF249DE 
 304      953F2A5D 
 304      F983DD51 
 304      CF2FF6
 305 0b4c 8AE3A3DB 		.ascii	"\212\343\243\333W\252\377^\024\025\365\270\343\\WZ\377"
 305      57AAFF5E 
 305      1415F5B8 
 305      E35C575A 
 305      FF
 306 0b5d FD98529E 		.ascii	"\375\230R\236\342i\255\377\206\013Y\3757\006\263\237"
 306      E269ADFF 
 306      860B59FD 
 306      3706B39F 
 307 0b6d C9090BD9 		.ascii	"\311\011\013\331\253\216\317\0224\012G\310\377\313q"
 307      AB8ECF12 
 307      340A47C8 
 307      FFCB71
 308 0b7c 026B3BD5 		.ascii	"\002k;\325\320\365\034\361\245\314\230M\235\370\\*e"
 308      D0F51CF1 
 308      A5CC984D 
 308      9DF85C2A 
 308      65
 309 0b8d 9ED352E6 		.ascii	"\236\323R\346U\313\256\004'|\312\225\2458=\305\305\256"
 309      55CBAE04 
 309      277CCA95 
 309      A5383DC5 
 309      C5AE
 310 0b9f F82C53A6 		.ascii	"\370,S\246\007*\373\334p\005U\234\253\217\264\224\221"
 310      072AFBDC 
 310      7005559C 
 310      AB8FB494 
 310      91
 311 0bb0 8FB48F97 		.ascii	"\217\264\217\227\345S\\\323\251\333\275E\254]H\275="
 311      E5535CD3 
 311      A9DBBD45 
 311      AC5D48BD 
 311      3D
 312 0bc1 0E7E9A7A 		.ascii	"\016~\232z\333;/E\347S98/\034\303}\345\023\342v\007"
 312      DB3B2F45 
 312      E7533938 
 312      2F1CC37D 
 312      E513E276 
 313 0bd6 FB3FC594 		.ascii	"\373?\305\224\355\011\301\273_\376\037\356\224\344\373"
 313      ED09C1BB 
 313      5FFE1FEE 
 313      94E4FB
 314 0be5 49F0FD6B 		.ascii	"I\360\375k\360\3054\251\251A&l\216\330\341\016\316\340"
 314      F0C534A9 
 314      A941266C 
 314      8ED8E10E 
 314      CEE0
 315 0bf7 974A0B94 		.ascii	"\227J\013\224\377\373\032\375\324vc\333\203\255\377"
ARM GAS  /tmp/ccV2ML9p.s 			page 25


 315      FFFB1AFD 
 315      D47663DB 
 315      83ADFF
 316 0c06 4BD83F30 		.ascii	"K\330?0\335\007\271\023\333K\351\325\227N\012\326\275"
 316      DD07B913 
 316      DB4BE9D5 
 316      974E0AD6 
 316      BD
 317 0c17 74AD530D 		.ascii	"t\255S\015u6\022\261\027z#o\245)\273\255d\3757\305\014"
 317      753612B1 
 317      177A236F 
 317      A529BBAD 
 317      64FD37C5 
 318 0c2c 2CE13F2D 		.ascii	",\341?-\007\036Y\233\377\335\030\346CL\236 \2078\016"
 318      071E599B 
 318      FFDD18E6 
 318      434C9E20 
 318      87380E
 319 0c3f B310430B 		.ascii	"\263\020C\013\340\307\335\247\353\324<\330lS\332n\226"
 319      E0C7DDA7 
 319      EBD43CD8 
 319      6C53DA6E 
 319      96
 320 0c50 C0A4755D 		.ascii	"\300\244u]\371\341\307\357\031|}U\032\223iCxd\354\342"
 320      F9E1C7EF 
 320      197C7D55 
 320      1A936943 
 320      7864ECE2 
 321 0c64 45A6D8F7 		.ascii	"E\246\330\367\365\033b\242\365\341\221\241\021\033\326"
 321      F51B62A2 
 321      F5E191A1 
 321      111BD6
 322 0c73 86E923C3 		.ascii	"\206\351#\303\276\215\010\377\\\277>$t]xd\230\336\264"
 322      BE8D08FF 
 322      5CBF3E24 
 322      745D7864 
 322      98DEB4
 323 0c86 36EC8B90 		.ascii	"6\354\213\220\015\021\261\246\330M_\205\305,X\247r\265"
 323      0D11B1A6 
 323      D84D5F85 
 323      C52C58A7 
 323      72B5
 324 0c98 4C9BE768 		.ascii	"L\233\347hZ\314\246\030\275)&v-`\010\366\223\260\320"
 324      5ACCA618 
 324      BD292676 
 324      2D6008F6 
 324      93B0D0
 325 0cab D8A8E8E5 		.ascii	"\330\250\350\345\013\027,X\240\327G\305\350\327\205"
 325      0B172C58 
 325      A0D747C5 
 325      E8D785
 326 0cba 44E8BF8A 		.ascii	"D\350\277\212\212\216\215\321\007\257\011Z\274H\277"
 326      8A8E8DD1 
 326      07AF095A 
 326      BC48BF
 327 0cc9 6A959F7E 		.ascii	"j\225\237~M`\3207\276d\004\346\231\"\"\326.\010U\271"
 327      4D60D037 
ARM GAS  /tmp/ccV2ML9p.s 			page 26


 327      BE6404E6 
 327      992222D6 
 327      2E0855B9 
 328 0cdd B33B5378 		.ascii	"\263;Sxdx\254\316D&\230\302\243\2776\205}\025\036\021"
 328      6478ACCE 
 328      442698C2 
 328      A3BF3685 
 328      7D151E11 
 329 0cf1 F5E58630 		.ascii	"\365\345\2060\037\211-4j\375\372\250H\211p\2311\310"
 329      1F892D34 
 329      6AFDFAA8 
 329      48897099 
 329      31C8
 330 0d03 10B4511F 		.ascii	"\020\264Q\037\272.4*:\314\364\315\237\326\303\363u\241"
 330      BA2E342A 
 330      3ACCF4CD 
 330      9FD6C3F3 
 330      75A1
 331 0d15 EB8237C5 		.ascii	"\353\2027\305\254\011_\037\026\035\020\022\2716\",:"
 331      AC095F1F 
 331      161D1012 
 331      B936222C 
 331      3A
 332 0d26 F097D2DC 		.ascii	"\360\227\322\334\350X\253\351\241\353\300j@\317\212"
 332      E858ABE9 
 332      A1EBC06A 
 332      40CF8A
 333 0d35 FC263CD4 		.ascii	"\374&<\324?2\344\363\2100f\367\357\354\254\226\236("
 333      3F32E4F3 
 333      883066F7 
 333      EFECAC96 
 333      9E28
 334 0d47 3D8BE061 		.ascii	"=\213\340a\236\223\301\020d\\,|dT\373\005-3b?\203Q\275"
 334      9E93C110 
 334      645C2C7C 
 334      6454FB05 
 334      2D33623F 
 335 0d5e DC6F8D11 		.ascii	"\334o\215\021\033\014Fl\004Yf4\342\325\301\006l\370"
 335      1B0C466C 
 335      04596634 
 335      E2D5C106 
 335      6CF8
 336 0d70 708DDA60 		.ascii	"p\215\332`\3607R\374\"\372\353\213\375W\032\205`\230"
 336      F03752FC 
 336      22FAEB8B 
 336      FD571A85 
 336      6098
 337 0d82 19E86F54 		.ascii	"\031\350oT\007\007\001\332`\\\004\342\013\310\277\032"
 337      070701DA 
 337      605C04E2 
 337      0BC8BF1A 
 338 0d92 DFFF8F6E 		.ascii	"\337\377\217n\213\211]Ob\021NV\353nUL\261\352\320u!"
 338      8B895D4F 
 338      62114E56 
 338      EB6E554C 
 338      B1EAD075 
 339 0da7 D1BAA898 		.ascii	"\321\272\250\230\220\010p\300\252\250\320\277\257\210"
ARM GAS  /tmp/ccV2ML9p.s 			page 27


 339      900870C0 
 339      AAA8D0BF 
 339      AF88
 340 0db5 8E5A1F18 		.ascii	"\216Z\037\030l\374%\307HF\211\037HK\226O\235\305au\324"
 340      6CFC25C7 
 340      4846891F 
 340      484B964F 
 340      9DC56175 
 341 0dca F111D061 		.ascii	"\361\021\320a\372\002zL\3411\321n\326.O\223)&,\326\264"
 341      FA027A4C 
 341      E131D16E 
 341      D62E4F93 
 341      29262CD6 
 342 0ddf 7C59B0FF 		.ascii	"|Y\260\377jc\240gH\304\267!\233b `\021\260i>\260\215"
 342      6A63A067 
 342      48C4B721 
 342      9B622060 
 342      11B0693E 
 343 0df5 4FD8C658 		.ascii	"O\330\306X\3421\275!(80Xo\200\360\350\003-\256_\037"
 343      E231BD21 
 343      28383058 
 343      6F80F0E8 
 343      032DAE5F 
 344 0e0a 131E63FA 		.ascii	"\023\036c\3722\224\270\321\213\330\361\221m\264fK+\370"
 344      3294B8D1 
 344      8BD8F191 
 344      6DB4664B 
 344      2BF8
 345 0e1c 383282B3 		.ascii	"82\202\263\213\032j\3235\233\332\265!\322\306Xw\256"
 345      8B1A6AD3 
 345      359BDAB5 
 345      21D2C658 
 345      77AE
 346 0e2e D32938D8 		.ascii	"\323)8\330\260\322\350f\364\017\3667~\342\357\367Gl"
 346      B0D2E866 
 346      F40FF637 
 346      7EE2EFF7 
 346      476C
 347 0e40 08265132 		.ascii	"\010&Q2\310]\037\270-[\275|\321\252\325\376\037\032"
 347      C85D1FB8 
 347      2D5BBD7C 
 347      D1AAD5FE 
 347      1F1A
 348 0e52 C99D2FBB 		.ascii	"\311\235/\273\263\214.q[\026\260|\2614\032`\305\005"
 348      B38C2E71 
 348      5B16B07C 
 348      B1341A60 
 348      C505
 349 0e64 28718B5D 		.ascii	"(q\213]\010\013\364\220\326\227\037Y\344B\030\350H\200"
 349      080BF490 
 349      D6971F59 
 349      E44218E8 
 349      4880
 350 0e76 8408B045 		.ascii	"\204\010\260E\370\272\222\271\306\3405Fr\343Kn\254c"
 350      F8BA92B9 
 350      C6E03546 
 350      72E34B6E 
ARM GAS  /tmp/ccV2ML9p.s 			page 28


 350      AC63
 351 0e88 0B5DC96C 		.ascii	"\013]\311l6\026`\001\0050\0206\004\032\325\206\025+"
 351      36166001 
 351      05301036 
 351      041AD586 
 351      152B
 352 0e9a 8D2EAB57 		.ascii	"\215.\253W\255\"\255`0j\3406pQ0\321\336\267\217F\360"
 352      AD22AD60 
 352      306AE036 
 352      705130D1 
 352      DEB78F46 
 353 0eaf 1AB69156 		.ascii	"\032\266\221V,\331\270\221m\241/\226,\374\323\306\215"
 353      2CD9B891 
 353      6DA12F96 
 353      2CFCD3C6 
 353      8D
 354 0ec0 6413190D 		.ascii	"d\023\031\015\006\323\032x\327\375\302\276p&f\254\370"
 354      06D31A78 
 354      D7FDC2BE 
 354      702666AC 
 354      F8
 355 0ed1 CC39D0CF 		.ascii	"\3149\320\317\360\221\237?\321\026\255\370L\353\267"
 355      F0919F3F 
 355      D116ADF8 
 355      4CEBB7
 356 0ee0 7C6590E1 		.ascii	"|e\220\341c\013\346_\242\315\241\351"
 356      630BE65F 
 356      A2CDA1E9 
 357              		.text
 358              		.section	.gnu.lto_.symtab.1d93dbf5341470b,"",%progbits
 359 0000 56656374 		.ascii	"VectorB0\000"
 359      6F724230 
 359      00
 360 0009 00       		.ascii	"\000"
 361 000a 00       		.ascii	"\000"
 362 000b 00       		.ascii	"\000"
 363 000c 00000000 		.ascii	"\000\000\000\000\000\000\000\000"
 363      00000000 
 364 0014 B8000000 		.ascii	"\270\000\000\000"
 365 0018 73745F6C 		.ascii	"st_lld_init\000"
 365      6C645F69 
 365      6E697400 
 366 0024 00       		.ascii	"\000"
 367 0025 00       		.ascii	"\000"
 368 0026 00       		.ascii	"\000"
 369 0027 00000000 		.ascii	"\000\000\000\000\000\000\000\000"
 369      00000000 
 370 002f BA000000 		.ascii	"\272\000\000\000"
 371 0033 5F706F72 		.ascii	"_port_irq_epilogue\000"
 371      745F6972 
 371      715F6570 
 371      696C6F67 
 371      756500
 372 0046 00       		.ascii	"\000"
 373 0047 02       		.ascii	"\002"
 374 0048 00       		.ascii	"\000"
 375 0049 00000000 		.ascii	"\000\000\000\000\000\000\000\000"
ARM GAS  /tmp/ccV2ML9p.s 			page 29


 375      00000000 
 376 0051 BC000000 		.ascii	"\274\000\000\000"
 377 0055 63685379 		.ascii	"chSysTimerHandlerI\000"
 377      7354696D 
 377      65724861 
 377      6E646C65 
 377      724900
 378 0068 00       		.ascii	"\000"
 379 0069 02       		.ascii	"\002"
 380 006a 00       		.ascii	"\000"
 381 006b 00000000 		.ascii	"\000\000\000\000\000\000\000\000"
 381      00000000 
 382 0073 BE000000 		.ascii	"\276\000\000\000"
 383 0077 6E766963 		.ascii	"nvicEnableVector\000"
 383      456E6162 
 383      6C655665 
 383      63746F72 
 383      00
 384 0088 00       		.ascii	"\000"
 385 0089 02       		.ascii	"\002"
 386 008a 00       		.ascii	"\000"
 387 008b 00000000 		.ascii	"\000\000\000\000\000\000\000\000"
 387      00000000 
 388 0093 C3000000 		.ascii	"\303\000\000\000"
 389              		.text
 390              		.section	.gnu.lto_.opts,"",%progbits
 391 0000 272D666D 		.ascii	"'-fmath-errno' '-fsigned-zeros' '-ftrapping-math' '"
 391      6174682D 
 391      6572726E 
 391      6F272027 
 391      2D667369 
 392 0033 2D666E6F 		.ascii	"-fno-trapv' '-fno-openmp' '-fno-openacc' '-mcpu=cor"
 392      2D747261 
 392      70762720 
 392      272D666E 
 392      6F2D6F70 
 393 0066 7465782D 		.ascii	"tex-m4' '-mno-thumb-interwork' '-mthumb' '-ggdb' '-"
 393      6D342720 
 393      272D6D6E 
 393      6F2D7468 
 393      756D622D 
 394 0099 4F322720 		.ascii	"O2' '-fomit-frame-pointer' '-falign-functions=16' '"
 394      272D666F 
 394      6D69742D 
 394      6672616D 
 394      652D706F 
 395 00cc 2D666675 		.ascii	"-ffunction-sections' '-fdata-sections' '-fno-common"
 395      6E637469 
 395      6F6E2D73 
 395      65637469 
 395      6F6E7327 
 396 00ff 2720272D 		.ascii	"' '-flto'\000"
 396      666C746F 
 396      2700
 397              		.text
 398              		.comm	__gnu_lto_v1,1,1
 399              		.comm	__gnu_lto_slim,1,1
ARM GAS  /tmp/ccV2ML9p.s 			page 30


 400              		.ident	"GCC: (15:6.3.1+svn253039-1build1) 6.3.1 20170620"
ARM GAS  /tmp/ccV2ML9p.s 			page 31


DEFINED SYMBOLS
                            *ABS*:0000000000000000 hal_st_lld.c
                            *COM*:0000000000000001 __gnu_lto_v1
                            *COM*:0000000000000001 __gnu_lto_slim

NO UNDEFINED SYMBOLS
