ARM GAS  /tmp/cc9XrXvJ.s 			page 1


   1              		.cpu cortex-m4
   2              		.eabi_attribute 20, 1
   3              		.eabi_attribute 21, 1
   4              		.eabi_attribute 23, 3
   5              		.eabi_attribute 24, 1
   6              		.eabi_attribute 25, 1
   7              		.eabi_attribute 26, 1
   8              		.eabi_attribute 30, 2
   9              		.eabi_attribute 34, 1
  10              		.eabi_attribute 18, 4
  11              		.file	"hal_st.c"
  12              		.text
  13              	.Ltext0:
  14              		.section	.gnu.lto_.profile.48cb805ea4025ac,"",%progbits
  15 0000 789C6365 		.ascii	"x\234ce`b`a```d\220\342\001\000\000\300\0003"
  15      60626061 
  15      60606064 
  15      90E20100 
  15      00C00033 
  16              		.text
  17              		.section	.gnu.lto_.icf.48cb805ea4025ac,"",%progbits
  18 0000 789C6365 		.ascii	"x\234ce`bP`@\000V\206\205??\354\345a\274\366\357\375"
  18      60625060 
  18      40005686 
  18      853F3FEC 
  18      E561BCF6 
  19 0016 136EA67D 		.ascii	"\023n\246}\027\036\254ga\276\263\265\373\0203\313\261"
  19      171EAC67 
  19      61BEB3B5 
  19      FB1033CB 
  19      B1
  20 0027 BFE7B7B3 		.ascii	"\277\347\267\2631\000\000\032\271\020\215"
  20      3100001A 
  20      B9108D
  21              		.text
  22              		.section	.gnu.lto_.jmpfuncs.48cb805ea4025ac,"",%progbits
  23 0000 789C6365 		.ascii	"x\234ce`b\020c@\000V\020\301\010\004\365L\014\014\314"
  23      60621063 
  23      40005610 
  23      C10804F5 
  23      4C0C0CCC 
  24 0014 209A0528 		.ascii	" \232\005(\000\000\016\012\0011"
  24      00000E0A 
  24      0131
  25              		.text
  26              		.section	.gnu.lto_.inline.48cb805ea4025ac,"",%progbits
  27 0000 789C6365 		.ascii	"x\234ce`bHe@\000V\006\006\026\036F\240 \003\003\333"
  27      60624865 
  27      40005606 
  27      06161E46 
  27      A0200303 
  28 0015 027910C5 		.ascii	"\002y\020\305\300\310\005\"\030\330X\201\302l\037\364"
  28      C0C80522 
  28      18D85881 
  28      C26C1FF4 
  29 0025 E0E24C0C 		.ascii	"\340\342L\014,\314@!\246\013\374p!fL!\026L!\006\000"
  29      2CCC4021 
ARM GAS  /tmp/cc9XrXvJ.s 			page 2


  29      A60BFC70 
  29      21664C21 
  29      164C2106 
  30 003a 9CEB0870 		.ascii	"\234\353\010p"
  31              		.text
  32              		.section	.gnu.lto_.pureconst.48cb805ea4025ac,"",%progbits
  33 0000 789C6365 		.ascii	"x\234ce`b\340f```e\220`\224b\222b\226b\221\002\000\004"
  33      6062E066 
  33      60606065 
  33      90609462 
  33      92629662 
  34 0018 1000A2   		.ascii	"\020\000\242"
  35              		.text
  36              		.section	.gnu.lto_stInit.48cb805ea4025ac,"",%progbits
  37 0000 789C254D 		.ascii	"x\234%M\261\016\301P\024\275\347=\252\211\330\321/\350"
  37      B10EC150 
  37      14BDE73D 
  37      AA89D8D1 
  37      2FE8
  38 0012 D27E9288 		.ascii	"\322~\222\210\305 \221\250\275\017\203\204\201E\244"
  38      C52091A8 
  38      BD0F8384 
  38      8145A4
  39 0021 531B0635 		.ascii	"S\033\0065\211\261[\343\003\014V&\203\005\273D\264\356"
  39      89B15BE3 
  39      030C5626 
  39      8305BB44 
  39      B4EE
  40 0033 E32427E7 		.ascii	"\343$'\347\346\236s\317-\222\2405\021\325\231\026\023"
  40      E69E73CF 
  40      2D92A035 
  40      11D59916 
  40      13
  41 0044 9220E647 		.ascii	"\222 \346G\242\201)\000=(\023\344\013\370\230\311\245"
  41      A2812900 
  41      3D2813E4 
  41      0BF898C9 
  41      A5
  42 0055 C4617C4B 		.ascii	"\304a|K\204\275Q\214t\371\252\2518E(\211\002\246\006"
  42      84BD518C 
  42      74F9AAA9 
  42      38452889 
  42      02A606
  43 0068 36B08963 		.ascii	"6\260\211c\327}\266\250\030\205\377\0361\014\260\356"
  43      D77DB6A8 
  43      1885FF1E 
  43      310CB0EE 
  44 0078 4E485596 		.ascii	"NHU\226\217UzY!/\2625a\352\037S)\264\312;F\321\333\322"
  44      8F557A59 
  44      212FB235 
  44      61EA1F53 
  44      29B4CA3B 
  45 0090 795D9224 		.ascii	"y]\222$\217s\311\377(3\224\010$7`\013\237B\316>1\214"
  45      8F73C9FF 
  45      28339408 
  45      2437600B 
  45      9F42CE3E 
ARM GAS  /tmp/cc9XrXvJ.s 			page 3


  46 00a6 F2F22FA7 		.ascii	"\362\362/\2471a\223\317\005Q\325q\\\267\353\271\355"
  46      316193CF 
  46      0551D571 
  46      5CB7EBB9 
  46      ED
  47 00b7 66C7F57A 		.ascii	"f\307\365z-\255\015\257\357\264\350\013 \"?T"
  47      2DAD0DAF 
  47      EFB4E80B 
  47      20223F54 
  48              		.text
  49              		.section	.gnu.lto_stStartAlarm.48cb805ea4025ac,"",%progbits
  50 0000 789C9D52 		.ascii	"x\234\235RKkSA\024\236o&\275\011A\353\322B\263(h)u\221"
  50      4B6B5341 
  50      149E6F26 
  50      BD0941EB 
  50      D242B328 
  51 0018 4B74E30F 		.ascii	"Kt\343\017\020AhW\026\267\245F\241B\244\322\004\227"
  51      10416857 
  51      16B7A546 
  51      A142A4D2 
  51      0497
  52 002a 761A124B 		.ascii	"v\032\022KS_(mM\261\334@\224\264\3214\017\2656Z\361"
  52      535F286D 
  52      4DB1DC40 
  52      94B4D134 
  52      0FB5365A 
  53 003f 120457AD 		.ascii	"\022\004W\255\257\215\013\205`i\251\020\301GPDh=3\271"
  53      AF8D0B85 
  53      6069A910 
  53      C1475044 
  53      683D33B9 
  54 0053 4ADC8903 		.ascii	"J\334\211\003s\317\234s\277\363\235\357\234\231\026"
  54      73CF9C73 
  54      BFF39DEF 
  54      9C9916
  55 0062 C6599933 		.ascii	"\306Y\2313v\2141\326N\033\202\201_Yel\324\303\001u\220"
  55      768C31D6 
  55      4E1B8281 
  55      5F59656C 
  55      D4C30175 
  56 0077 1EB0118E 		.ascii	"\036\260\021\216\021\\\026\323\002\225\261\2152\357"
  56      115C16D3 
  56      0295B18D 
  56      32EF
  57 0085 CE485AF6 		.ascii	"\316HZ\366\364\222q^\306\333,\301X\222\266Z\310\240"
  57      F492715E 
  57      C6DB2CC1 
  57      5892B65A 
  57      C8A0
  58 0097 9B502F63 		.ascii	"\233P/c\205\033\342\222\260\004\340\"\367\363\312\314"
  58      851BE292 
  58      B004E022 
  58      F7F3CACC 
  59 00a7 5AAB7239 		.ascii	"Z\253r9:\310\375\231-\274\335%\332\301\350\274\371\244"
  59      3AC8FD99 
  59      2DBCDD25 
  59      DAC1E8BC 
ARM GAS  /tmp/cc9XrXvJ.s 			page 4


  59      F9A4
  60 00b9 7A155DB7 		.ascii	"z\025]\267\244\214J\273vM\310\275\226\020\310B\020!"
  60      A48C4ABB 
  60      764DC8BD 
  60      9610C842 
  60      1021
  61 00cb E6E1C31C 		.ascii	"\346\341\303\034|\214B\014\267\321\245\360\357\213["
  61      7C8C420C 
  61      B7D1A5F0 
  61      EF8B5B
  62 00da 933B0D57 		.ascii	"\223;\015W\372wM\334\201\001\262\371W\260\345\326\366"
  62      FA774DDC 
  62      8101B2F9 
  62      57B0E5D6 
  62      F6
  63 00eb 98B4EB37 		.ascii	"\230\264\3537\361\372\260A\342U\006K\020Hu1!\270\262"
  63      F1FAB041 
  63      E255064B 
  63      10487531 
  63      21B8B2
  64 00fe 621D5CD1 		.ascii	"b\035\\\321\214\333\211\247^\261GK\260\262\2135t\246"
  64      8CDB89A7 
  64      5EB1474B 
  64      B0B28B35 
  64      74A6
  65 0110 B5848DE4 		.ascii	"\265\204\215\344\216\244\264c\035JE\356o\025\272\275"
  65      8EA4B463 
  65      1D4A45EE 
  65      6F15BABD 
  66 0120 0574CE12 		.ascii	"\005t\316\022\323\007Tf~\274\251M\036\374\243(\326\230"
  66      D3075466 
  66      7EBCA94D 
  66      1EFCA328 
  66      D698
  67 0132 C80B4328 		.ascii	"\310\013C(\214\226\225\024hR\314\220\207A\014\005\030"
  67      8C969514 
  67      6852CC90 
  67      87410C05 
  67      18
  68 0143 149C8A57 		.ascii	"\024\234\212W\236\273\325D\\\032\263\232\373\376\311"
  68      9EBBD544 
  68      5C1AB39A 
  68      FBFEC9
  69 0152 DB70158F 		.ascii	"\333p\025\217\232Yz\341\3333\217\205YX\242\005%\322"
  69      9A597AE1 
  69      DB338F85 
  69      5958A205 
  69      25D2
  70 0164 50541AE8 		.ascii	"PT\032\350Gv\245\376\325m\346dlTV\327J\273\277P\226"
  70      4776A5FE 
  70      D56DE664 
  70      6C5456D7 
  70      4ABBBF50 
  71 0179 81BBB070 		.ascii	"\201\273\260p\235Z\325E\010\264=U|g\004\362\012\224"
  71      9D5AD545 
  71      08B43D55 
  71      7C6704F2 
ARM GAS  /tmp/cc9XrXvJ.s 			page 5


  71      0A94
  72 018b 2A11851B 		.ascii	"*\021\205\033\367`b\237\317A\340>\002N\037\365\315\345"
  72      F760629F 
  72      CF41E03E 
  72      024E1FF5 
  72      CDE5
  73 019d 78ABA3EA 		.ascii	"x\253\243\352_j\246\316)\266E]\017\016\333\003\230\315"
  73      5F6AA6CE 
  73      29B6455D 
  73      0F0EDB03 
  73      98CD
  74 01af 3DB929BE 		.ascii	"=\271)\276D\231\232\375\361\177\260\2275;w\330\037j"
  74      44999AFD 
  74      F17FB097 
  74      353B77D8 
  74      1F6A
  75 01c1 F665EBC2 		.ascii	"\366e\353\302\274\267\301\316\361\2102\327\021\255N"
  75      BCB7C1CE 
  75      F18832D7 
  75      11AD4E
  76 01d0 CC05F503 		.ascii	"\314\005\365\003P#g\037\021Me.B\005\364e%H\037]9=\356"
  76      5023671F 
  76      114D652E 
  76      4205F465 
  76      25481F5D 
  77 01e7 36BFDF34 		.ascii	"6\277\3374\207\302\346\340@\310\014\017\007\225\355"
  77      87C2E6E0 
  77      40C80C0F 
  77      0795ED
  78 01f6 0F47FC41 		.ascii	"\017G\374A\346\0368\036\216\234:}\322\245>\376&\324"
  78      E61E381E 
  78      8E9C3A7D 
  78      D2A53EFE 
  78      26D4
  79 0208 99A1E148 		.ascii	"\231\241\341H\330<\332\327{`\277\331\323s\310\354;\322"
  79      D83CDAD7 
  79      7B60BFD9 
  79      D373C8EC 
  79      3BD2
  80 021a 7B36E0E4 		.ascii	"{6\340\344\365\207B'\374\203\354\027L?\374\224"
  80      F5874227 
  80      FC83EC17 
  80      4C3FFC94 
  81              		.text
  82              		.section	.gnu.lto_stStopAlarm.48cb805ea4025ac,"",%progbits
  83 0000 789C4D50 		.ascii	"x\234MP\277K\202Q\024\275\347=\373\224\240\335\310\255"
  83      BF4B8251 
  83      14BDE73D 
  83      FB94A0DD 
  83      C8AD
  84 0012 C9E57B54 		.ascii	"\311\345{T\377B\004\202N\271K\330\340 \030~\322\352"
  84      FF420482 
  84      4EB94BD8 
  84      E020187E 
  84      D2EA
  85 0024 67688242 		.ascii	"gh\202B\265\2449\30478X\226JcT \0224e\320_ \015AC\364"
  85      B5A439C4 
ARM GAS  /tmp/cc9XrXvJ.s 			page 6


  85      37385896 
  85      4A635420 
  85      123465D0 
  86 003e 4B4A08AC 		.ascii	"KJ\010\254\3734\302\013\227\373\336\271\347\236s\337"
  86      FB34C20B 
  86      97FBDEB9 
  86      E79E73DF 
  87 004e 9B224126 		.ascii	"\233\"A&\210\002D4\307\011I\020{]\242\214G\000\372`"
  87      88024434 
  87      C7094910 
  87      7B5DA28C 
  87      4700FA60 
  88 0062 7B406981 		.ascii	"{@i\2014veY\242\223\177<\027\376\232\315\321.\367\215"
  88      34766559 
  88      A2937F3C 
  88      17FE9ACD 
  88      D12EF78D 
  89 0076 6D3BE775 		.ascii	"m;\347u$Q\205S\007j\360\023\323\036\316\206\3733\206"
  89      24518553 
  89      076AF013 
  89      D31ECE86 
  89      FB3386
  90 0089 6B8CE308 		.ascii	"k\214\343\010\006[P\353\036m{\370\223\267\333\327U|"
  90      065B50EB 
  90      1E6D7BF8 
  90      93B7DBD7 
  90      557C
  91 009b AF70ABC0 		.ascii	"\257p\253\300\251=\212R\350*\237\320\351\017..K\346"
  91      A93D8A52 
  91      E82A9FD0 
  91      E90F2E2E 
  91      4BE6
  92 00ad BF4476EC 		.ascii	"\277Dv\35440\344H\246\"1)\217c\030\254_\207\301`)\327"
  92      3430E448 
  92      A6223129 
  92      8F6318AC 
  92      5F87C160 
  93 00c3 B973EF48 		.ascii	"\271s\357HGb\304\3516\276^\247\307W\255\341b\250\332"
  93      4762C4E9 
  93      36BE5EA7 
  93      C757ADE1 
  93      62A8DA
  94 00d6 FCBCF138 		.ascii	"\374\274\36188\204#\005N\341\303\011|\244\271\365\333"
  94      38842305 
  94      4EE1C309 
  94      7CA4B9F5 
  94      DB
  95 00e7 FE875B35 		.ascii	"\376\207[5\354l\306\356\275\274\315\276\363\224D\003"
  95      EC6CC6EE 
  95      BDBCCDBE 
  95      F3944403 
  96 00f7 0E0E78C1 		.ascii	"\016\016x\301\221\011\232P\223\036\274\007Z<\375\214"
  96      91099A50 
  96      931EBC07 
  96      5A3CFD8C 
  97 0107 AD5EF16A 		.ascii	"\255^\361j^\3576\372\200\0027\370%\202\310k\232J%,\025"
  97      5EEF36FA 
ARM GAS  /tmp/cc9XrXvJ.s 			page 7


  97      800237F8 
  97      2582C86B 
  97      9A4A252C 
  98 011c 5B8B2B2B 		.ascii	"[\213++\031\3255b\245\314(\231\023\215\215D2e\251\325"
  98      19D53562 
  98      A5CC2899 
  98      138D8D44 
  98      3265A9D5 
  99 0130 70686951 		.ascii	"phiQ\005\203\313*\034\010m.\374Q#\361\370\272\031\243"
  99      0583CB2A 
  99      1C086D2E 
  99      FC5123F1 
  99      F8BA19A3 
 100 0144 5F66017D 		.ascii	"_f\001}\216"
 100      8E
 101              		.text
 102              		.section	.gnu.lto_stSetAlarm.48cb805ea4025ac,"",%progbits
 103 0000 789C5590 		.ascii	"x\234U\220\337K\024Q\024\307\317w\3568\263H?^\0057\020"
 103      DF4B1451 
 103      14C7CF77 
 103      EE38B348 
 103      3F5E0537 
 104 0015 4AC41E66 		.ascii	"J\304\036f\330z\351\017\010B\320\247\244W\261-0\330"
 104      D87AE90F 
 104      0842D0A7 
 104      A457B12D 
 104      30D8
 105 0027 309CA557 		.ascii	"0\234\245W\257\313\232\270\202I\221\333J\313\010[X\233"
 105      AFCB9AB8 
 105      824991DB 
 105      4ACB085B 
 105      589B
 106 0039 EBFEE807 		.ascii	"\353\376\350\007E\017\015K\324\223F=\365\260\301\222"
 106      450F0D4B 
 106      D493463D 
 106      F5B0C192 
 107 0049 190505FD 		.ascii	"\031\005\005\375\"\211H;g\264\260\013w\356=g\276\347"
 107      2289483B 
 107      67B4B00B 
 107      77EE3D67 
 107      BEE7
 108 005b 7B3FE7B4 		.ascii	"{?\347\264\220A\277At\202\210\332yC\021\214\231\025"
 108      9041BF41 
 108      748288DA 
 108      7943118C 
 108      9915
 109 006d A2B18801 		.ascii	"\242\261\210\001\310EG@\243\006FqQe\025\352\023\357"
 109      C8454740 
 109      A3064671 
 109      516515EA 
 109      13EF
 110 007f 1E1ADD0B 		.ascii	"\036\032\335\013\232W\220\255\330\027\364x\233\257\210"
 110      9A5790AD 
 110      D817F478 
 110      9BAF88
 111 008e 72BC6561 		.ascii	"r\274ea\001\335\254z\221\256\\S\323\312W\200\311\341"
 111      01DDAC7A 
ARM GAS  /tmp/cc9XrXvJ.s 			page 8


 111      91AE5C53 
 111      D3CA5780 
 111      C9E1
 112 00a0 97E5B9D5 		.ascii	"\227\345\271\325=\022\032\350\340\360W\261\322\330\253"
 112      3D121AE8 
 112      E0F057B1 
 112      D2D8AB
 113 00af DA417C7F 		.ascii	"\332A|\177\377\270y\011]7\264N\351\240qY\351\003\276"
 113      FFB87909 
 113      5D37B44E 
 113      E9A07159 
 113      E903BE
 114 00c2 522842B1 		.ascii	"R(B\261!n!\212\233\210\022\247\010\267\321%\3727\325"
 114      216E218A 
 114      9B8812A7 
 114      08B7D125 
 114      FA37D5
 115 00d5 8D2BBB2D 		.ascii	"\215+\273-\263\360\367M,\302b|*\277D\24076't\360\366"
 115      B3F0F74D 
 115      2CC2627C 
 115      2ABF44A0 
 115      37362774 
 116 00eb 3A1E1D33 		.ascii	":\036\0353\031^*(\303\"\351bJ\031r\2525\030b3\031d\236"
 116      195E2A28 
 116      C322E962 
 116      4A1972AA 
 116      35186233 
 117 0102 B4AAFD21 		.ascii	"\264\252\375!\202_\274\377\021\235\205\020\341i~WN\007"
 117      825FBCFF 
 117      119D8510 
 117      E1697E57 
 117      4E07
 118 0114 E90EA128 		.ascii	"\351\016\241(\375O\021\266\267\204\316<;}@}\356\347"
 118      FD4F11B6 
 118      B784CE3C 
 118      3B7D407D 
 118      EEE7
 119 0126 ABC5EC91 		.ascii	"\253\305\354\221\177D\351\255\211<\260\225hB\254\234"
 119      7F44E9AD 
 119      893CB095 
 119      6842AC9C 
 120 0136 C20E6242 		.ascii	"\302\016bB\031\026;T`qrv\274\376\334\226\211\230\241"
 120      19163B54 
 120      60717276 
 120      BCFEDC96 
 120      8998A1
 121 0149 66A5B4FE 		.ascii	"f\245\264\376\271u+\024\037\231Ya\351\307\263\210\217"
 121      B9752B14 
 121      1F995961 
 121      E9C7B388 
 121      8F
 122 015a 3C7CD582 		.ascii	"<|\325\202\0323T\205\201\177\024\227\277\177\263\335"
 122      1A335485 
 122      817F1497 
 122      BF7FB3DD 
 123 016a 924E8FE9 		.ascii	"\222N\217\351\346jm\337W\256\262p\007>\256r\253\341"
 123      E66A6DDF 
ARM GAS  /tmp/cc9XrXvJ.s 			page 9


 123      57AEB270 
 123      073EAE72 
 123      ABE1
 124 017c 232CDA9C 		.ascii	"#,\332\234\255\276\266be\021\315\327\330\302\306]\270"
 124      ADBEB662 
 124      6511CDD7 
 124      D8C2C65D 
 124      B8
 125 018d 3818DD56 		.ascii	"8\030\335V\340\036b\322\307\032R\315\251F<\034\242`"
 125      E01E62D2 
 125      C71A52CD 
 125      A9463C1C 
 125      A260
 126 019f D327A4E6 		.ascii	"\323'\244\346\327\247!\211\260\341\014\367\300c3\210"
 126      D7A72189 
 126      B0E10CF7 
 126      C0633388 
 127 01af DA1CC775 		.ascii	"\332\034\307u\207=wh0\341z#q9\007\274\244\023'{\360"
 127      873D7768 
 127      30E17A23 
 127      713907BC 
 127      A413277B 
 128 01c4 A4973C73 		.ascii	"\244\227<s\366\264)\037g\207\352\334\360H\322s\217\367"
 128      F6B4291F 
 128      6787EADC 
 128      F048D273 
 128      8FF7
 129 01d6 F71D3EE4 		.ascii	"\367\035>\344\366\366\036u\373{\372\316\307\266\353"
 129      F6F61E75 
 129      FB7BFACE 
 129      C7B6EB
 130 01e5 06128953 		.ascii	"\006\022\211S\316\020\375\001C \300\001"
 130      CE10FD01 
 130      4320C001 
 131              		.text
 132              		.section	.gnu.lto_stGetAlarm.48cb805ea4025ac,"",%progbits
 133 0000 789C4D8F 		.ascii	"x\234M\217\313+DQ\034\307\177\337{\306\275C\261\026"
 133      CB2B4451 
 133      1CC77FDF 
 133      7BC6BD43 
 133      B116
 134 0012 536C59DC 		.ascii	"SlY\334\323\360/(M\261b?\211\205\305\324\310L\266\016"
 134      D3F02F28 
 134      4DB1623F 
 134      8985C5D4 
 134      C84CB60E 
 135 0026 8D8442C4 		.ascii	"\215\204B\304xMW\315\302s^\226\224nca\345\271W\302\306"
 135      784D57CD 
 135      C2735E96 
 135      946E6361 
 135      E5B957C2 
 136 003b 4266228F 		.ascii	"Bf\"\217\310\370\235!9u:\277\307\347\374~\337o\005\031"
 136      C8F89D21 
 136      39753ABF 
 136      C7E7FC7E 
 136      DF6F0519 
 137 004f 14065180 		.ascii	"\024\006Q\200\210\352\371B\020\214\331S\242\021\257"
ARM GAS  /tmp/cc9XrXvJ.s 			page 10


 137      88EAF942 
 137      108CD953 
 137      A211AF
 138 005e 01E84079 		.ascii	"\001\350@yA\303\006\2061#\342\002\027\261\354\232\230"
 138      41C30686 
 138      3123E202 
 138      17B1EC9A 
 138      98
 139 006f 160E631E 		.ascii	"\026\016c\036N\213'+\2675:\005\0329]U\227\023V\323\206"
 139      4E8B272B 
 139      B7353A05 
 139      1A395D55 
 139      971356D3 
 140 0084 52A3CA8D 		.ascii	"R\243\312\215\027\254\325\275sU\351\010\203\226\031"
 140      17ACD5BD 
 140      7355E908 
 140      839619
 141 0093 DF840F1B 		.ascii	"\337\204\017\033\360\351\035[h\"\246or_\013\325\246"
 141      F0E91D5B 
 141      6822A66F 
 141      725F0BD5 
 141      A6
 142 00a4 27294803 		.ascii	"')H\003\\\337\206\311R(s\011W}\225\306\225{\227\304"
 142      5CDF86C9 
 142      52287309 
 142      577D95C6 
 142      957B97C4 
 143 00b8 473BFF77 		.ascii	"G;\377w\004\367'\371jAS\\\340W\334#\177\370~\360\031"
 143      04F727F9 
 143      6A41535C 
 143      E057DC23 
 143      7FF87EF0 
 144 00cd AFFB1B15 		.ascii	"\257\373\033\025S|\334\3717\253<jY\340\337\026\302\016"
 144      537CDCF9 
 144      37AB3C6A 
 144      59E0DF16 
 144      C20E
 145 00df 4CDEB10B 		.ascii	"L\336\261\0133!\014\256/\216\345\317,-\335S\306NS\257"
 145      33210CAE 
 145      2F8EE5CF 
 145      2C2DDD53 
 145      C64E53AF 
 146 00f3 85AA9F54 		.ascii	"\205\252\237TO\321\346\222\351\227c\257\203\004\034"
 146      4FD1E692 
 146      E99763AF 
 146      83041C
 147 0102 518134CB 		.ascii	"Q\2014\313Oi\371\334\330>y~\262dJ\305F\324\365c\261"
 147      4F69F9DC 
 147      D83E797E 
 147      B2644AC5 
 147      46D4F563 
 148 0117 618E3D9A 		.ascii	"a\216=\232\310\300\301\022K,\357a\250\264\230\2732\375"
 148      C8C0C112 
 148      4B2CEF61 
 148      A8B498BB 
 148      32FD
 149 0129 190DADEF 		.ascii	"\031\015\255\357\033\216\260\220\205D\263\357\227@\016"
ARM GAS  /tmp/cc9XrXvJ.s 			page 11


 149      1B8EB090 
 149      8544B3EF 
 149      97400E
 150 0138 7E7AC0E8 		.ascii	"~z\300\350\365\324\347\221\251\345\262*\366\316.\241"
 150      F5D4E791 
 150      A9E5B22A 
 150      F6CE2EA1 
 151 0148 DD715C6B 		.ascii	"\335q\\k\333R\206#\262\277'$#\203\275\372\015F\242v"
 151      DB528623 
 151      B2BF2724 
 151      2383BDFA 
 151      0D46A276 
 152 015c 2FD9FF1A 		.ascii	"/\331\377\032\003\341\301hDvuw\266\266\310\216\2166"
 152      03E1C168 
 152      44767577 
 152      B6B6C88E 
 152      8E36
 153 016e D91DE81C 		.ascii	"\331\035\350\034\362\377\242\301P\250\317\356\247o\320"
 153      F2FFA2C1 
 153      50A8CFEE 
 153      A76FD0
 154 017d F89232   		.ascii	"\370\2222"
 155              		.text
 156              		.section	.gnu.lto_.symbol_nodes.48cb805ea4025ac,"",%progbits
 157 0000 789C55C8 		.ascii	"x\234U\310K\015\200@\014\006\341\351\277\254/\020\305"
 157      4B0D8040 
 157      0C06E1E9 
 157      BFAC2F10 
 157      C5
 158 0011 B9958008 		.ascii	"\271\225\200\010L\260<$\240\001%\204\015\267\316e\222"
 158      4CB03C24 
 158      A0012584 
 158      0DB7CE65 
 158      92
 159 0022 AF22667A 		.ascii	"\257\"fz\332\344\260\334\320\327b\352\322\344\226e\227"
 159      DAE4B0DC 
 159      D0D762EA 
 159      D2E49665 
 159      97
 160 0033 2BCB212F 		.ascii	"+\313!/YN\371\220\304.y\375\005\"F(T\326\3475>\004\350"
 160      594EF990 
 160      C42E79FD 
 160      05224628 
 160      54D6E735 
 161 004a 1DE3     		.ascii	"\035\343"
 162              		.text
 163              		.section	.gnu.lto_.refs.48cb805ea4025ac,"",%progbits
 164 0000 789C6365 		.ascii	"x\234ce`b`d\000\002\000\000I\000\011"
 164      60626064 
 164      00020000 
 164      490009
 165              		.text
 166              		.section	.gnu.lto_.decls.48cb805ea4025ac,"",%progbits
 167 0000 789CB557 		.ascii	"x\234\265WiPU\311\025\276\347\366\003\341\001\342\240"
 167      695055C9 
 167      15BEE7F6 
 167      03E101E2 
ARM GAS  /tmp/cc9XrXvJ.s 			page 12


 167      A0
 168 0011 65991A93 		.ascii	"e\231\032\223X\026\006*\231\341\211N\342\344\317\224"
 168      5816062A 
 168      99E1894E 
 168      E2E4CF94 
 169 0021 0E1A63D5 		.ascii	"\016\032c\3258I=\315T*US\257\030d\"U\210\006\236I\315"
 169      38493DCD 
 169      542A5553 
 169      AF186422 
 169      5588069E 
 170 0037 9F780554 		.ascii	"\237x\005Td\334PA\301\005\020\331\006\224E\005\021\025"
 170      64DC5041 
 170      C10510D9 
 170      06944505 
 170      1115
 171 0049 047D2082 		.ascii	"\004} \202\".\010\262)\270+\"n\210\243\344\364r\271"
 171      222E08B2 
 171      29B82B22 
 171      6E88A3E4 
 171      F472B9
 172 005c 97EBC399 		.ascii	"\227\353\303\231?\271\365\372v\237\356\357|}\226\356"
 172      3FB9F5FA 
 172      769FEEEF 
 172      7C7D96EE 
 173 006c BEFD5C24 		.ascii	"\276\375\\$Y\252\370@\222f\310\222\264\037$i\010\037"
 173      59AAF840 
 173      9266C892 
 173      B41F2469 
 173      081F
 174 007e 5749920E 		.ascii	"WI\222\016H\332C\345\203X*\260\234\302R\215\305\201"
 174      48DA43E5 
 174      83582AB0 
 174      9CC2528D 
 174      C581
 175 0090 A5567AF7 		.ascii	"\245Vz\367\371\0329\010\326_a9\253\343\221\005\2073"
 175      F91A3908 
 175      D65F6139 
 175      ABE39105 
 175      8733
 176 00a2 9D55A8E3 		.ascii	"\235U\250\343&t|\260L\300R\216\305\013\373=\261\264"
 176      26747CB0 
 176      4CC0528E 
 176      C50BFB3D 
 176      B1B4
 177 00b4 63FB82C4 		.ascii	"c\373\202\304y\335Q\036\304\372\215\340\2446yc\037\376"
 177      79DD511E 
 177      C4FA8DE0 
 177      A4367963 
 177      1FFE
 178 00c6 A45FC148 		.ascii	"\244_\301H\336\030\224M\202W\345\242<\240\323\247\376"
 178      DE18944D 
 178      8257E5A2 
 178      3CA0D3A7 
 178      FE
 179 00d7 4C31E8D1 		.ascii	"L1\350\321g\335\317\264\011\204M\262\210\313Ta\313o"
 179      67DDCFB4 
 179      09844DB2 
ARM GAS  /tmp/cc9XrXvJ.s 			page 13


 179      88CB5461 
 179      CB6F
 180 00e9 0D9C1B05 		.ascii	"\015\234\033\005\237\236\313\357'\370h\214?\022|\001"
 180      9F9ECBEF 
 180      27F8688C 
 180      3F127C01 
 181 00f9 06BE1D04 		.ascii	"\006\276\035\004J6\236>!w@\033 \026\306\261^\000\376"
 181      4A369E3E 
 181      2177401B 
 181      2016C6B1 
 181      5E00FE
 182 010c 06569838 		.ascii	"\006V\2308\244>\000\254\037{eI\220\252]\240j\010Y\026"
 182      A43E00AC 
 182      1F7B6549 
 182      90AA5DA0 
 182      6A085916 
 183 0120 A22C28D9 		.ascii	"\242,(\331O(\203\216\221\017\363\231\324\207\373\300"
 183      4F28838E 
 183      910FF399 
 183      D487FBC0 
 184 0130 1B4C4DD5 		.ascii	"\033LM\325\006Y\233\000@\257\240#\344f\213\361a\373"
 184      06599B00 
 184      40AFA023 
 184      E4668BF1 
 184      61FB
 185 0142 24CD3950 		.ascii	"$\3159P\275\177\222\\\177\333\334\011\355\2647m6\260"
 185      BD7F925C 
 185      7FDBDC09 
 185      EDB4376D 
 185      36B0
 186 0154 BE75C5BD 		.ascii	"\276u\305\275\235.D\006\332\356|\225\363\247\200|\205"
 186      9D2E4406 
 186      DAEE7C95 
 186      F3A7807C 
 186      85
 187 0165 3F6EBFD0 		.ascii	"?n\277\320\302vf\350e\245\367&\002>f\220Ql\352\253\337"
 187      C27666E8 
 187      65A5F726 
 187      023E6690 
 187      516CEAAB 
 188 017a E381E204 		.ascii	"\343\201\342\0043\214Cq`\365\225S\346IIL+F\031'\303"
 188      338C4371 
 188      60F59553 
 188      E649494C 
 188      2B461927 
 189 018f 5713211F 		.ascii	"W\023!\037&C\036L\306\311\017\300$|\177c\342L\225\321"
 189      26431E4C 
 189      C6C90FC0 
 189      247C7F63 
 189      E24C95D1 
 190 01a3 DB0E8C99 		.ascii	"\333\016\214\231\232\246\244u)\225\315\321\277N\212"
 190      9AA6A475 
 190      2995CDD1 
 190      BF4E8A
 191 01b2 5172506B 		.ascii	"QrPk\012EA.\020\370\001\002\250\305\330\304w\016t\002"
 191      0A45412E 
 191      10F80102 
ARM GAS  /tmp/cc9XrXvJ.s 			page 14


 191      A8C5D8C4 
 191      770E7402 
 192 01c6 644307FA 		.ascii	"dC\007\372s\020\246\242vL~k\274\013\371\0353\266\275"
 192      7310A6A2 
 192      764C7E6B 
 192      BC0BF91D 
 192      33B6BD
 193 01d9 36378FA0 		.ascii	"67\217\240\021~f\240q\360\306\256\202\207e\257\274x"
 193      117E66A0 
 193      71F0C6AE 
 193      828765AF 
 193      BC78
 194 01eb 1745346D 		.ascii	"\027E4m\356\337?\206|\312\332\027c\013w\023\356\201"
 194      EEDF3F86 
 194      7CCADA17 
 194      630B7713 
 194      EE81
 195 01fd 8946A221 		.ascii	"\211F\242!\245{,\367`\312\016\"'\3275W\231\300\337\234"
 195      A57B2CF7 
 195      60CA0E22 
 195      27D73557 
 195      99C0DF9C 
 196 0211 455DA8EC 		.ascii	"E]\250\354\334\371\233\235\375\324\250\0220C\261f\224"
 196      DCF99B9D 
 196      FDD4A812 
 196      3043B166 
 196      94
 197 0222 9F19DF71 		.ascii	"\237\031\337q\212\022\255l\211Q\334\377,\301at\362\020"
 197      8A12AD6C 
 197      8951DCFF 
 197      2CC16174 
 197      F210
 198 0234 3A0947C0 		.ascii	":\011G\300\237NJqP\204\235\205\330\211\263\344\356O"
 198      9F4E4A71 
 198      50849D85 
 198      D889B3E4 
 198      EE4F
 199 0246 D8E74AFE 		.ascii	"\330\347J\376E\015\220\035'\257_3\201\331\337\251~\231"
 199      450D901D 
 199      27AF5F33 
 199      81D9DFA9 
 199      7E99
 200 0258 137D6E4B 		.ascii	"\023}nKs\352T\307\032E\221\341(\332R\252\331\202\246"
 200      73EA54C7 
 200      1A4591E1 
 200      28DA52AA 
 200      D982A6
 201 026b F1806E3E 		.ascii	"\361\200n>r\375Go\262\007\330$)\005\351O\311h\223\034"
 201      72FD476F 
 201      B207D824 
 201      2905E94F 
 201      C968931C 
 202 027f 1F7592A1 		.ascii	"\037u\222\241\374\351\271\227\251\303\3458\3111m\222"
 202      FCE9B997 
 202      A9C3E538 
 202      C9316D92 
 203 028f A3EA2427 		.ascii	"\243\352$'S\007\016\313&\272g(\002s\211}\265e\203=d"
ARM GAS  /tmp/cc9XrXvJ.s 			page 15


 203      53070ECB 
 203      26BA6728 
 203      0273897D 
 203      B565833D 
 204 02a4 D4AC9F64 		.ascii	"\324\254\237dY?\001\"\355[\322\213\025\031\323\336\305"
 204      593F0122 
 204      ED5BD28B 
 204      1519D3DE 
 204      C5
 205 02b5 D2EE77A3 		.ascii	"\322\356w\243XQ\320+\305DqP\240\315X`\314{\005\313\373"
 205      5851D02B 
 205      C5447150 
 205      A0CD5860 
 205      CC7B05CB 
 206 02ca D9D7C563 		.ascii	"\331\327\305cI5\363\021N\344]\370Z05}\230\254TF+4<t"
 206      4935F311 
 206      4EE45DF8 
 206      5A30357D 
 206      98AC5446 
 207 02e2 FD546A3C 		.ascii	"\375Tj<\225F\236S\214g\353\241\227\251.\344\002'\252"
 207      95469E53 
 207      8C67EBA1 
 207      97A92EE4 
 207      0227AA
 208 02f5 2FBDDBEC 		.ascii	"/\275\333\354*\230\252~9\314D-\252\322\230\252\214L"
 208      2A98AA7E 
 208      39CC442D 
 208      AAD298AA 
 208      8C4C
 209 0307 D58C29FF 		.ascii	"\325\214)\377Yc\261\027i\345L\335\205\347\357\310\372"
 209      5963B117 
 209      69E54CDD 
 209      85E7EFC8 
 209      FA
 210 0318 50D02869 		.ascii	"P\320(i\26183b\007\024\024e\316\022\263:R'&\250\033"
 210      B1383362 
 210      07141465 
 210      CE12B33A 
 210      522726A8 
 211 032d 0041705A 		.ascii	"\000ApZ\233\366\264qZ\007\233\366\311\206\307i\336\344"
 211      9BF6B471 
 211      5A079BF6 
 211      C986C769 
 211      DEE4
 212 033f 169F36F5 		.ascii	"\026\2376\365\320\246\315^\224\012Sx\341\344G\251\205"
 212      D0A6CD5E 
 212      940A5378 
 212      E1E447A9 
 212      85
 213 0350 3D4A9C99 		.ascii	"=J\234\231m8\250\321\230j(\023m\3242\206\316\201\346"
 213      6D38A8D1 
 213      986A2813 
 213      6DD43286 
 213      CE81E6
 214 0363 0E4FCFF8 		.ascii	"\016O\317\370\341\005\302\340\352\032\221\340,x20\326"
 214      E105C2E0 
 214      EA1A91E0 
ARM GAS  /tmp/cc9XrXvJ.s 			page 16


 214      2C783230 
 214      D6
 215 0374 082EBD91 		.ascii	"\010.\275\221X\341\316w\3155:cJ\371\263:\027.\273\321"
 215      58E1CE77 
 215      CD353A63 
 215      4AF9B33A 
 215      172EBBD1 
 216 0388 E1DEBC52 		.ascii	"\341\336\274R/\276\213*\351\360\245\333\351\261\236"
 216      2FBE8B2A 
 216      E9F0A5DB 
 216      E9B19E
 217 0397 7CB891CA 		.ascii	"|\270\221\312\325Wk\372L$\215\037.q\371\233\252\211"
 217      D5576BFA 
 217      4C248D1F 
 217      2E71F99B 
 217      AA89
 218 03a9 398E46E8 		.ascii	"9\216F\350\347,\177\232\240\372\327\015.$\213\253\177"
 218      E72C7F9A 
 218      A0FAD70D 
 218      2E248BAB 
 218      7F
 219 03ba 7FE68843 		.ascii	"\177\346\210Cl\340Z*o?V]\356Ar\371`w\374\315jWr\220"
 219      6CE05A2A 
 219      6F3F565D 
 219      EE4172F9 
 219      6077FCCD 
 220 03d2 0BAA553E 		.ascii	"\013\252U>\302\252\324\353\317\353\200\024\363\301\362"
 220      C2AAD4EB 
 220      CFEB8014 
 220      F3C1F2
 221 03e1 D2E30EE1 		.ascii	"\322\343\016\341\301t\335I\346\303O\262\222\333g\035"
 221      C174DD49 
 221      E6C34FB2 
 221      92DB671D 
 222 03f1 66EE9002 		.ascii	"f\356\220\002t\2555\265\315&\245\\\263\252\2770[8G\250"
 222      74AD35B5 
 222      CD26A55C 
 222      B3AABF30 
 222      5B3847A8 
 223 0405 3BC9FD8D 		.ascii	";\311\375\215\336\324\035E\304\021\373\2650^\247;\007"
 223      DED41D45 
 223      C411FBB5 
 223      305EA73B 
 223      07
 224 0416 2C93A195 		.ascii	",\223\241\225\273\3222p\246\325\305g\013Cc\266Ml;_C"
 224      BBD23270 
 224      A6D5C567 
 224      0B4363B6 
 224      4D6C3B5F 
 225 042b 783383B7 		.ascii	"x3\203\267\201\217\252\304\216\333\304\336\261z\360"
 225      818FAAC4 
 225      8EDBC4DE 
 225      B17AF0
 226 043a 85F7810F 		.ascii	"\205\367\201\017fd\3560\223rn\344\256\247\355\367D\302"
 226      6664EE30 
 226      93726EE4 
 226      AEA7EDF7 
ARM GAS  /tmp/cc9XrXvJ.s 			page 17


 226      44C2
 227 044c FC51CC7A 		.ascii	"\374Q\314zQ\036\343F*\370\330\266\223{\032\306\220j"
 227      511EE346 
 227      2AF8D8B6 
 227      937B1AC6 
 227      906A
 228 045e 2EA807A0 		.ascii	".\250\007\240\017;\000!\272\371sR\303G*\022\266\266"
 228      0F3B0021 
 228      BAF97352 
 228      C3472A12 
 228      B6B6
 229 0470 0339C785 		.ascii	"\0039\307\205\336\330[]\">\223PL<\367\300\2174\362\241"
 229      DED85B5D 
 229      223E9350 
 229      4C3CF7C0 
 229      8F34F2A1 
 230 0484 B7B5D57E 		.ascii	"\267\265\325~\344*o;Jr\262\201\264q\241?\305\361\300"
 230      E42A6F3B 
 230      4A72B281 
 230      B471A13F 
 230      C5F1C0
 231 0497 4CBAB890 		.ascii	"L\272\270\220\326\264\373\250\033\351\346B\326@R\226"
 231      D6B4FBA8 
 231      1BE9E642 
 231      D6405296 
 232 04a7 27B9CB85 		.ascii	"'\271\313\205\313eW\342<\310#\2618\212\212vz\220'\\"
 232      CB6557E2 
 232      3CC823B1 
 232      388A8A76 
 232      7A90275C 
 233 04bb 882E6F49 		.ascii	"\210.oI\020_\233.*\367d\366\244\271\213\254\270\242"
 233      105F9B2E 
 233      2AF764F6 
 233      A4B98BAC 
 233      B8A2
 234 04cd 1CDF54FF 		.ascii	"\034\337T\377\022\310s\016\216/\271\324a\0325\017O\324"
 234      12C8730E 
 234      8E2FB9D4 
 234      611A350F 
 234      4FD4
 235 04df 3C4C6769 		.ascii	"<LgiH<\221xd\2541\015\365\210>\307\320\375,\262O\324"
 235      483C9178 
 235      64AC310D 
 235      F5883EC7 
 235      D0FD2CB2 
 236 04f5 C836DECA 		.ascii	"\3106\336\312\3104\031\3630\032z\342\343\370S\317\275"
 236      C83419F3 
 236      301A7AE2 
 236      E3F853CF 
 236      BD
 237 0506 C0D7D777 		.ascii	"\300\327\327w\274\257\356\361g\357}Jl\014\036|\235\323"
 237      BCAFEEF1 
 237      67EF7D4A 
 237      6C0C1E7C 
 237      9DD3
 238 0518 E332CE6F 		.ascii	"\3432\316oP\322\252\200Q]\301M\372\022\306k\373\340"
 238      50D2AA80 
ARM GAS  /tmp/cc9XrXvJ.s 			page 18


 238      515DC14D 
 238      FA12C66B 
 238      FBE0
 239 052a 32E33D4C 		.ascii	"2\343=L\337\022W\251ZO\360`\212%\014\177\336\210ox\007"
 239      DF1257A9 
 239      5A4FF060 
 239      8A250C7F 
 239      DE886F78 
 240 053f 7F3F4E87 		.ascii	"\177?N\207\277d\304_d\370@\012O\020^\3156I\360\030\307"
 240      BF64C45F 
 240      64F8400A 
 240      4F105ECD 
 240      3649F018 
 241 0554 7BD91045 		.ascii	"{\331\020E\343.\204X\331\037^\201/\014`Qd_x\203\365"
 241      E32E8458 
 241      D91F5E81 
 241      2F0C6051 
 241      645F7883 
 242 0569 2096386C 		.ascii	" \2268l\377\210u\014\326o\261^\215\365\032,k\261\014"
 242      FF88750C 
 242      D66FB15E 
 242      8DF51A2C 
 242      6BB10C
 243 057c A1BC1EEB 		.ascii	"\241\274\036\353gX\277\300\022\215\355\327X?\307\262"
 243      6758BFC0 
 243      128DEDD7 
 243      583FC7B2 
 244 058c 4EF66567 		.ascii	"N\366eg\0207r\360\277\232\215\017\2156Z\214.\365\353"
 244      103772F0 
 244      BF9A8D0F 
 244      8D365A8C 
 244      2EF5EB
 245 059f D08F9CA2 		.ascii	"\320\217\234\242\0035p\323*\015|\317\010n\006\003zP"
 245      033570D3 
 245      2A0D7CCF 
 245      086E0603 
 245      7A50
 246 05b1 1FAD46E7 		.ascii	"\037\255F\347\321\325\301o\352\310\357\030\321\267\214"
 246      D1D5C16F 
 246      EAC8EF18 
 246      D1B78C
 247 05c0 E83A1DFA 		.ascii	"\350:\035\372\276\021}\356\235\314\365\353\340=F\370"
 247      BE117DEE 
 247      9DCCF5EB 
 247      E03D46F8 
 248 05d0 4D237993 		.ascii	"M#y\223\336\362\016#\374\252\021^\245#\177\340\334\026"
 248      DEF20E23 
 248      FCAA115E 
 248      A5237FE0 
 248      DC16
 249 05e2 7D5874E8 		.ascii	"}Xt\350n\347\246\214\260\\oK\223\36357b\215\352\350"
 249      6EE7A68C 
 249      B05C6F4B 
 249      93F33537 
 249      628DEAE8 
 250 05f6 6F3B0F23 		.ascii	"o;\017#\207\363\313I\357[\237\325\212\002\024&\211o"
 250      87F3CB49 
ARM GAS  /tmp/cc9XrXvJ.s 			page 19


 250      EF5B9FD5 
 250      8A021426 
 250      896F
 251 0608 9AB6941C 		.ascii	"\232\266\224\034q\244\014\357\022\353]\031\333\015#"
 251      71A40CEF 
 251      12EB5D19 
 251      DB0D23
 252 0617 5BE73B49 		.ascii	"[\347;I\321\333\332\345\034>l\353j\304\257'\253\031"
 252      D1DBDAE5 
 252      1C3E6CEB 
 252      6AC4AF27 
 252      AB19
 253 0629 FE29F840 		.ascii	"\376)\370@\237\300\253G\000\324\031\351[u\256\335u\276"
 253      9FC0AB47 
 253      00D419E9 
 253      5B75AEDD 
 253      75BE
 254 063b FCF4ECAD 		.ascii	"\374\364\354\255q\202\275\035\331[\004^=\350E\0269\236"
 254      7182BD1D 
 254      D95B045E 
 254      3DE84516 
 254      399E
 255 064d DE77EBAF 		.ascii	"\336w\353\257\346\214%9\204]\364\252\366\036O\306\013"
 255      E68C2539 
 255      845DF4AA 
 255      F61E4FC6 
 255      0B
 256 065e EB781EA2 		.ascii	"\353x\036\242\253\353I\014\015\321\006y<\304\313\303"
 256      ABEB490C 
 256      0DD10679 
 256      3CC4CBC3 
 257 066e 5F7E1A31 		.ascii	"_~\0321\347;\035\276\307\015\376\377\336\354\364\033"
 257      E73B1DBE 
 257      C70DFEFF 
 257      DEECF41B 
 258 067e 716FF30D 		.ascii	"qo\363\015Y\177\331\240\026j\247\363F\231_6\260Fp\372"
 258      597FD9A0 
 258      166AA7F3 
 258      46995F36 
 258      B04670FA 
 259 0692 A167295E 		.ascii	"\241g)^\3440s\020\212/\326l\032\213w\233\312.z\267\361"
 259      E4307310 
 259      8A2FD66C 
 259      1A8B779B 
 259      CA2E7AB7 
 260 06a7 CDBBD6A3 		.ascii	"\315\273\326\243(\310\023\013\374\312\270I\363\022\233"
 260      28C8130B 
 260      FCCAB849 
 260      F3129B
 261 06b6 236F4A9B 		.ascii	"#oJ\233ez\317InIHp%5\234-\343~Y\265\370\352{\241\330"
 261      657ACF49 
 261      6E494870 
 261      25359C2D 
 261      E37E59B5 
 262 06cf B66F7BA6 		.ascii	"\266o{\246\211\177P\356\322\341\364\206\247Ifr\205c"
 262      897F50EE 
 262      D2E1F486 
ARM GAS  /tmp/cc9XrXvJ.s 			page 20


 262      A7496672 
 262      8563
 263 06e1 5FDFDDDE 		.ascii	"_\337\335\336\002\034K\255\252~x\370\345\350\337\371"
 263      021C4BAD 
 263      AA7E78F8 
 263      E5E8DFF9 
 264 06f1 44597C5F 		.ascii	"DY|_\266\313\354\003se\340\304\240'\351`L\246\256\214"
 264      B6CBEC03 
 264      7365E0C4 
 264      A027E960 
 264      4CA6AE8C 
 265 0705 FE07AEE0 		.ascii	"\376\007\256\340?\031\300\214%K\375_%A\262l\206$\231"
 265      3F19C08C 
 265      254BFD5F 
 265      2541B26C 
 265      862499
 266 0718 A8FF4B53 		.ascii	"\250\377KS\024\244\357[E\273\371\337\213\276}\012\231"
 266      14A4EF5B 
 266      45BBF9DF 
 266      8BBE7D0A 
 266      99
 267 0729 24C14CF6 		.ascii	"$\301L\366\331\202\035\230\237d6O\212<\031v\342D)\212"
 267      D9821D98 
 267      9F64364F 
 267      8A3C1976 
 267      E244298A 
 268 073d 1BEBC109 		.ascii	"\033\353\301\011\2176\226\355\362\320\276Q\300\270\267"
 268      8F3696ED 
 268      F2D0BE51 
 268      C0B8B7
 269 074c 222E41A6 		.ascii	"\".A\246\366\355\222}T+\3315\274!}\227\273Y\314\021"
 269      F6ED927D 
 269      542BD935 
 269      BC217D97 
 269      BB59CC11 
 270 0760 F7DE3910 		.ascii	"\367\3369\020}\250e\355Nw=\367\356\367q_/\331\260\321"
 270      7DA865ED 
 270      4E773DF7 
 270      EEF7715F 
 270      2FD9B0D1 
 271 0774 3C2D4369 		.ascii	"<-Ci\254\304/]\225_Qt\245\0223\033\366\310>\260\015"
 271      ACC42F5D 
 271      955F5174 
 271      A512331B 
 271      F6C83EB0 
 272 0789 9385F778 		.ascii	"\223\205\367x\235\352\026\354Y\214\177\251\367\312\323"
 272      9DEA16EC 
 272      598C7FA9 
 272      F7CAD3
 273 0798 A8E65059 		.ascii	"\250\346PY\232\027\351\346\341_\033\037]\344:\234\370"
 273      9A17E9E6 
 273      E15F1B1F 
 273      5DE43A9C 
 273      F8
 274 07a9 4FF27589 		.ascii	"O\362u\211\2477\325T-\361\251\306\304\247\261\304W\334"
 274      A737D554 
 274      2DF1A9C6 
ARM GAS  /tmp/cc9XrXvJ.s 			page 21


 274      C4A7B1C4 
 274      57DC
 275 07bb DB9F6222 		.ascii	"\333\237b\"\3179\333`\333\206\365\336\202\255.\200\337"
 275      CF39DB60 
 275      DB86F5DE 
 275      82AD2E80 
 275      DF
 276 07cc F1D3F91D 		.ascii	"\361\323\371\035"
 277 07d0 3F5D634A 		.ascii	"?]cJ72\355cL\015w\366\376\203\25451\242\346\226\330"
 277      3732ED63 
 277      4C0D77F6 
 277      FE83AC35 
 277      31A2E696 
 278 07e5 32B12A3C 		.ascii	"2\261*<t\027\343\011\342b\374\246\257\361\215\270\034"
 278      7417E309 
 278      E262FCA6 
 278      AFF18DB8 
 278      1C
 279 07f6 9A513C16 		.ascii	"\232Q<\026]\330\3512\352\242\311V\027M\026\217s\313"
 279      5DD8E932 
 279      EAA2C956 
 279      174D168F 
 279      73CB
 280 0808 A6176D26 		.ascii	"\246\027m&c\01631X\373Y\260rX\234\263\3258W\267<;\356"
 280      630E3331 
 280      58FB59B0 
 280      72589CB3 
 280      D53857B7 
 281 081f 65CCCAA8 		.ascii	"e\314\312\250\3507\007\006\263]\207\263\362\007\221"
 281      E8370706 
 281      B35D87B3 
 281      F20791
 282 082e 955C9115 		.ascii	"\225\\\221\025\374/\243S\315\020Y\371\201e\245dG\342"
 282      FC2FA353 
 282      CD1059F9 
 282      8165A564 
 282      47E2
 283 0840 67643BF7 		.ascii	"gd;\367~\313\235\204$7-)\005\375ZR\350\377\226<-\224"
 283      7ECB9D84 
 283      24372D29 
 283      05FD5A52 
 283      E8FF963C 
 284 0856 79C650E6 		.ascii	"y\306P\346\263P\026gg>\362$\231\234\255f\315\316g\362"
 284      B3501667 
 284      673EF224 
 284      999CAD66 
 284      CDCE67F2 
 285 086a B04D9F19 		.ascii	"\260M\237\031lr\214\260\351\200\260\351\240<Mr\215\262"
 285      6C728CB0 
 285      E980B0E9 
 285      A03C4D72 
 285      8DB2
 286 087c 2F8808B3 		.ascii	"/\210\010\263\273\315\377\362oS\202\002\003\245I\001"
 286      BBCDFFF2 
 286      6F538202 
 286      03A54901 
 287 088c 0116CBF2 		.ascii	"\001\026\313\362(\313\322\340pKTd\010\255mQ\366\200"
ARM GAS  /tmp/cc9XrXvJ.s 			page 22


 287      28CBD2E0 
 287      704B5464 
 287      08AD6D51 
 287      F680
 288 089e 10C933CA 		.ascii	"\020\3113\312\276\310\036\034i\237\023\036\034\271\314"
 288      BEC81E1C 
 288      699F131E 
 288      1CB9CC
 289 08ad 6CB3AD0C 		.ascii	"l\263\255\014\213\260\317\234a\263\177lY\031\025i\011"
 289      8BB0CF9C 
 289      61B37F6C 
 289      59191569 
 289      09
 290 08be 8B08095F 		.ascii	"\213\010\011_\271$\324\022\021\372\237\360\260o,\313"
 290      B924D412 
 290      11FA9FF0 
 290      B06F2CCB 
 291 08ce 82439686 		.ascii	"\202C\226\206E\204ZlKB\277\015^\031n\267\331\277[\021"
 291      45845A6C 
 291      4B42BF0D 
 291      5E196EB7 
 291      D9BF5B11 
 292 08e2 1A15B054 		.ascii	"\032\025\260TrS\325\246:S\213\372.\312\202\263-A\014"
 292      7253D5A6 
 292      3A538BFA 
 292      2ECA82B3 
 292      2D410C
 293 08f5 62DD51B4 		.ascii	"b\335Q\264\207-\013\265\331?\024FE\332\2075B\226\322"
 293      872D0BB5 
 293      D93F1446 
 293      45DA8735 
 293      4296D2
 294 0908 21447950 		.ascii	"!DyP\273\226\257\340fa;\324\2566\347\213&\"l\341\341"
 294      BB96AFE0 
 294      66613BD4 
 294      AE36E78B 
 294      26226CE1 
 295 091d 4B6C61E8 		.ascii	"Kla\350g\200\316\275\025\313#\355Q\226E\213\027\316"
 295      6780CEBD 
 295      15CB23ED 
 295      5196458B 
 295      17CE
 296 092f 9C61F9E2 		.ascii	"\234a\371\342\213\271\226\305\013\026\376;P8L\025\220"
 296      8BB996C5 
 296      0B16FE3B 
 296      50384C15 
 296      90
 297 0940 DC252868 		.ascii	"\334%(h\241u\246\374\027\253i\356\3029V27\310j\372|"
 297      A175A6FC 
 297      17AB69EE 
 297      C2395632 
 297      37C86AFA 
 298 0955 EE622B09 		.ascii	"\356b+\011\012\262\022+\2269V+\371\353\242 \022\364"
 298      0AB2122B 
 298      9639562B 
 298      F9EBA220 
 298      12F4
ARM GAS  /tmp/cc9XrXvJ.s 			page 23


 299 0967 E5625350 		.ascii	"\345bSP\320<+\303\317`\357@2o\276U^\204\232\013\346"
 299      D03C2BC3 
 299      CF60EF40 
 299      326FBE55 
 299      5E849A0B 
 300 097c 594D8B16 		.ascii	"YM\213\026\":\310:\003K \"\377n\375\370'\015\211\262"
 300      223AC83A 
 300      034B2022 
 300      FF6EFDF8 
 300      270D89B2 
 301 0990 2FA3810A 		.ascii	"/\243\201\012[\306\235\024\202\315\356#\334\211\242"
 301      5BC69D14 
 301      82CDEE23 
 301      DC89A2
 302 099f D9B00553 		.ascii	"\331\260\005S\017\275l\266oWF\204\330l\001\263f\315"
 302      0FBD6CB6 
 302      6F574684 
 302      D86C01B3 
 302      66CD
 303 09b1 FCD44D95 		.ascii	"\374\324M\225L!K\203#?\030\206/_\301\321\343\324\236"
 303      4C214B83 
 303      233F1886 
 303      2F5FC1D1 
 303      E3D49E
 304 09c4 5027EA9F 		.ascii	"P'\352\237\374^\035\376\247\323\341?\376\017\3539\321"
 304      FC5E1DFE 
 304      A7D3E13F 
 304      FE0FEB39 
 304      D1
 305 09d5 6F       		.ascii	"o"
 306              		.text
 307              		.section	.gnu.lto_.symtab.48cb805ea4025ac,"",%progbits
 308 0000 7374496E 		.ascii	"stInit\000"
 308      697400
 309 0007 00       		.ascii	"\000"
 310 0008 00       		.ascii	"\000"
 311 0009 00       		.ascii	"\000"
 312 000a 00000000 		.ascii	"\000\000\000\000\000\000\000\000"
 312      00000000 
 313 0012 AE000000 		.ascii	"\256\000\000\000"
 314 0016 73745374 		.ascii	"stStartAlarm\000"
 314      61727441 
 314      6C61726D 
 314      00
 315 0023 00       		.ascii	"\000"
 316 0024 00       		.ascii	"\000"
 317 0025 00       		.ascii	"\000"
 318 0026 00000000 		.ascii	"\000\000\000\000\000\000\000\000"
 318      00000000 
 319 002e BF000000 		.ascii	"\277\000\000\000"
 320 0032 73745374 		.ascii	"stStopAlarm\000"
 320      6F70416C 
 320      61726D00 
 321 003e 00       		.ascii	"\000"
 322 003f 00       		.ascii	"\000"
 323 0040 00       		.ascii	"\000"
 324 0041 00000000 		.ascii	"\000\000\000\000\000\000\000\000"
ARM GAS  /tmp/cc9XrXvJ.s 			page 24


 324      00000000 
 325 0049 C1000000 		.ascii	"\301\000\000\000"
 326 004d 73745365 		.ascii	"stSetAlarm\000"
 326      74416C61 
 326      726D00
 327 0058 00       		.ascii	"\000"
 328 0059 00       		.ascii	"\000"
 329 005a 00       		.ascii	"\000"
 330 005b 00000000 		.ascii	"\000\000\000\000\000\000\000\000"
 330      00000000 
 331 0063 C3000000 		.ascii	"\303\000\000\000"
 332 0067 73744765 		.ascii	"stGetAlarm\000"
 332      74416C61 
 332      726D00
 333 0072 00       		.ascii	"\000"
 334 0073 00       		.ascii	"\000"
 335 0074 00       		.ascii	"\000"
 336 0075 00000000 		.ascii	"\000\000\000\000\000\000\000\000"
 336      00000000 
 337 007d C6000000 		.ascii	"\306\000\000\000"
 338 0081 73745F6C 		.ascii	"st_lld_init\000"
 338      6C645F69 
 338      6E697400 
 339 008d 00       		.ascii	"\000"
 340 008e 02       		.ascii	"\002"
 341 008f 00       		.ascii	"\000"
 342 0090 00000000 		.ascii	"\000\000\000\000\000\000\000\000"
 342      00000000 
 343 0098 C8000000 		.ascii	"\310\000\000\000"
 344              		.text
 345              		.section	.gnu.lto_.opts,"",%progbits
 346 0000 272D666D 		.ascii	"'-fmath-errno' '-fsigned-zeros' '-ftrapping-math' '"
 346      6174682D 
 346      6572726E 
 346      6F272027 
 346      2D667369 
 347 0033 2D666E6F 		.ascii	"-fno-trapv' '-fno-openmp' '-fno-openacc' '-mcpu=cor"
 347      2D747261 
 347      70762720 
 347      272D666E 
 347      6F2D6F70 
 348 0066 7465782D 		.ascii	"tex-m4' '-mno-thumb-interwork' '-mthumb' '-ggdb' '-"
 348      6D342720 
 348      272D6D6E 
 348      6F2D7468 
 348      756D622D 
 349 0099 4F322720 		.ascii	"O2' '-fomit-frame-pointer' '-falign-functions=16' '"
 349      272D666F 
 349      6D69742D 
 349      6672616D 
 349      652D706F 
 350 00cc 2D666675 		.ascii	"-ffunction-sections' '-fdata-sections' '-fno-common"
 350      6E637469 
 350      6F6E2D73 
 350      65637469 
 350      6F6E7327 
 351 00ff 2720272D 		.ascii	"' '-flto'\000"
ARM GAS  /tmp/cc9XrXvJ.s 			page 25


 351      666C746F 
 351      2700
 352              		.text
 353              		.comm	__gnu_lto_v1,1,1
 354              		.comm	__gnu_lto_slim,1,1
 355              		.ident	"GCC: (15:6.3.1+svn253039-1build1) 6.3.1 20170620"
ARM GAS  /tmp/cc9XrXvJ.s 			page 26


DEFINED SYMBOLS
                            *ABS*:0000000000000000 hal_st.c
                            *COM*:0000000000000001 __gnu_lto_v1
                            *COM*:0000000000000001 __gnu_lto_slim

NO UNDEFINED SYMBOLS
