ARM GAS  /tmp/ccQqVbES.s 			page 1


   1              		.cpu cortex-m4
   2              		.eabi_attribute 20, 1
   3              		.eabi_attribute 21, 1
   4              		.eabi_attribute 23, 3
   5              		.eabi_attribute 24, 1
   6              		.eabi_attribute 25, 1
   7              		.eabi_attribute 26, 1
   8              		.eabi_attribute 30, 2
   9              		.eabi_attribute 34, 1
  10              		.eabi_attribute 18, 4
  11              		.file	"hal_lld.c"
  12              		.text
  13              	.Ltext0:
  14              		.section	.gnu.lto_.profile.5cfc5d527e545f7b,"",%progbits
  15 0000 789C6365 		.ascii	"x\234ce`b`a```d\250\311\000\000\001\340\000\361"
  15      60626061 
  15      60606064 
  15      A8C90000 
  15      01E000F1 
  16              		.text
  17              		.section	.gnu.lto_.icf.5cfc5d527e545f7b,"",%progbits
  18 0000 789C6365 		.ascii	"x\234ce`b\020a@\000f\206\227\217\3366\2632.?\262\343"
  18      60621061 
  18      40006686 
  18      978FDE36 
  18      B3322E3F 
  19 0016 1327D393 		.ascii	"\023'\323\223\246\235?\270\031\000h\030\011\242"
  19      A69D3FB8 
  19      19006818 
  19      09A2
  20              		.text
  21              		.section	.gnu.lto_.jmpfuncs.5cfc5d527e545f7b,"",%progbits
  22 0000 789C6365 		.ascii	"x\234ce`b\340b@\000&0\311\010\304\000\001\300\000\025"
  22      6062E062 
  22      40002630 
  22      C908C400 
  22      01C00015 
  23              		.text
  24              		.section	.gnu.lto_.inline.5cfc5d527e545f7b,"",%progbits
  25 0000 789C6365 		.ascii	"x\234ce`b0g@\000&\006\006U3F\006&\207\007o\231\031\330"
  25      60623067 
  25      40002606 
  25      06553346 
  25      06268707 
  26 0018 16C83381 		.ascii	"\026\3103\201\004\031\271\340\004\303q\206{L@\371\016"
  26      0419B9E0 
  26      04C37186 
  26      7B4C40F9 
  26      0E
  27 0029 C66B7BB4 		.ascii	"\306k{\264\340\012\030\000\352\356\010C"
  27      E00A1800 
  27      EAEE0843 
  28              		.text
  29              		.section	.gnu.lto_.pureconst.5cfc5d527e545f7b,"",%progbits
  30 0000 789C6365 		.ascii	"x\234ce`b`e`\000\222R\214R\000\001\005\000D"
  30      60626065 
  30      60009252 
ARM GAS  /tmp/ccQqVbES.s 			page 2


  30      8C520001 
  30      050044
  31              		.text
  32              		.section	.gnu.lto_hal_lld_init.5cfc5d527e545f7b,"",%progbits
  33 0000 789CA596 		.ascii	"x\234\245\226KL\023Q\024\206\357\231;}\206\252\204."
  33      4B4C1351 
  33      1486EF99 
  33      3B7D86AA 
  33      842E
  34 0012 782626AE 		.ascii	"x&&\256\214\221I\224\270d\351\302\304\225\356\215\342"
  34      8C914994 
  34      B864E9C2 
  34      C495EE8D 
  34      E2
  35 0023 C2058946 		.ascii	"\302\005\211F\\\2700\351 \025\015\306\307BA\022\353"
  35      5CB830E9 
  35      20150DC6 
  35      C7424112 
  35      EB
  36 0034 D4180315 		.ascii	"\324\030\003\025\001Q|\264\250`}V\221\227\342\013\025"
  36      01517CB4 
  36      A8607D56 
  36      9197E20B 
  36      15
  37 0045 54C43648 		.ascii	"T\3046H4B\"\257R\357\271wdZb\"S&\351i;s\372\375\377"
  37      344222AF 
  37      52EFB977 
  37      645A6222 
  37      5326E969 
  38 005e 3DF7716A 		.ascii	"=\367qj!\022\271\354 d-!\244\210\275\300B@:\331EH\271"
  38      2112B9EC 
  38      20642D21 
  38      A488BDC0 
  38      42403AD9 
  39 0075 5D9268A4 		.ascii	"]\222h\244\230\250N\371\361r\242fP\220\305m\031\000"
  39      98A84EF9 
  39      F172A266 
  39      5090C56D 
  39      1900
  40 0087 3FA87620 		.ascii	"?\250v \036\211\312\340\201\023\264\206B\370\360HPZ"
  40      1E89CAE0 
  40      8113B486 
  40      42F8F048 
  40      505A
  41 0099 5DA7B2AB 		.ascii	"]\247\262\253\243\346\245\255R=\224\255QBj\331\013/"
  41      A3E6A5AD 
  41      523D94AD 
  41      51426AD9 
  41      0B2F
  42 00ab A883D584 		.ascii	"\250\203\325\204\245}n\231;\355\262\312\342>\324\203"
  42      A57D6E99 
  42      3BEDB2CA 
  42      E23ED483 
  43 00bb 15D87B73 		.ascii	"\025\330{s\037t\250s\211\303jG\347\005x\261i\225D4\012"
  43      1F74A873 
  43      89C36A47 
  43      E70578B1 
ARM GAS  /tmp/ccQqVbES.s 			page 3


  43      69954434 
  44 00d0 14831583 		.ascii	"\024\203\025\203\003\203\023\203\013\303\012\014\231"
  44      03831383 
  44      0BC30A0C 
  44      99
  45 00dd 18B230B8 		.ascii	"\030\2620\2701dc\310\301\220\213!\017C>\206\002\014"
  45      316463C8 
  45      C1908B21 
  45      0F433E86 
  45      020C
  46 00ef 84543139 		.ascii	"\204T19t}\224J\370Nc\020\016\305&K\320\200\217J\314"
  46      747D944A 
  46      F84E6310 
  46      0EC5264B 
  46      D0808F4A 
  47 0104 57F5A170 		.ascii	"W\365\241p\267\3558\325\250\004h\323\353{8\342\020_"
  47      B7ED38D5 
  47      A80468D3 
  47      EB7B38E2 
  47      105F
  48 0116 D59F4754 		.ascii	"\325\237GT\231\335\032\035\234\011Z4\360\225\263\021"
  48      99DD1A1D 
  48      9C095A34 
  48      F095B311 
  49 0126 AED42885 		.ascii	"\256\324(\205K\220\017\001\246\202\371\277\252{\206"
  49      4B900F01 
  49      A682F9BF 
  49      AA7B86
  50 0135 329446D5 		.ascii	"2\224F\325\013\032+I\003hp\206\017\034.\203BbP1Y\011"
  50      0B1A2B49 
  50      03687086 
  50      0F1C2E83 
  50      42625031 
  51 014b 428B0AB9 		.ascii	"B\213\012\271\257\241\376[.\344\003\250\263\211\304"
  51      AFA1FE5B 
  51      2EE403A8 
  51      B389C4
  52 015a 72686420 		.ascii	"rhd f\252\332\201i\346\324\232\014\265fP\230\004\202"
  52      66AADA81 
  52      69E6D49A 
  52      0CB56650 
  52      980482
  53 016d 26ECA640 		.ascii	"&\354\246@\345\370L\206+\006\252\005\224\344\262\310"
  53      E5F84C86 
  53      2B06AA05 
  53      94E4B2C8 
  54 017d 40E0AAF0 		.ascii	"@\340\252\360\030\012LS1\030\223F\257q:N8\264\362\262"
  54      180A4C53 
  54      31189346 
  54      AF713A4E 
  54      38B4F2B2 
  55 0191 9875C929 		.ascii	"\230u\311)\327\015\312\015\356\361\303\223@\003\025"
  55      D70DCA0D 
  55      EEF1C393 
  55      400315
  56 01a0 B54C24B0 		.ascii	"\265L$\260\2267\205\317\364Jp\313\300\007A1\306<\253"
  56      963785CF 
ARM GAS  /tmp/ccQqVbES.s 			page 4


  56      F44A70CB 
  56      C0074131 
  56      C63CAB
  57 01b3 8FD961CE 		.ascii	"\217\331a\316m\210\343$\304\265-X\012N\001;\026\037"
  57      6D88E324 
  57      C4B52D58 
  57      0A4E013B 
  57      161F
  58 01c5 BC97647F 		.ascii	"\274\227d\177\031\334N\177)\3341\324\356\342Rp\246_"
  58      19DC4E7F 
  58      29DC31D4 
  58      EEE25270 
  58      A65F
  59 01d7 877603D5 		.ascii	"\207v\003\325\221\\\207\270^\007\2279g\3678\216o\372"
  59      915C87B8 
  59      5E079739 
  59      67F7388E 
  59      6FFA
  60 01e9 70FA737F 		.ascii	"p\372s\177\337\240<`\246\2264\321\017\015\326\243\344"
  60      DFA03C60 
  60      A69634D1 
  60      0F0DD6A3 
  60      E4
  61 01fa 011EB188 		.ascii	"\001\036\261\210\001\2560g\3551\307\311\210{\262`\242"
  61      01AE3067 
  61      ED31C7C9 
  61      887BB260 
  61      A2
  62 020b 3305EC51 		.ascii	"3\005\354Qhz<C\337\363\354\002\210\244?\321O\015\265"
  62      687A3C43 
  62      DFF3EC02 
  62      88A43FD1 
  62      4F0DB5
  63 021e 6738D199 		.ascii	"g8\321\231\334\273C\350e\231cur\226\005Y\317\0278w3"
  63      DCBB43E8 
  63      65996375 
  63      72960559 
  63      CF173877 
  64 0233 D8526C76 		.ascii	"\330Rlv\031\350n\264\351\3466cS\033\346;\201\2277\214"
  64      19E86EB4 
  64      E9E63663 
  64      531BE63B 
  64      8197378C 
  65 0247 8FF556DE 		.ascii	"\217\365V\336\014j)$7\011\350a\015\200@/Z\311N>\215"
  65      0C6A2924 
  65      3709E861 
  65      0D80402F 
  65      5AC94E3E 
  66 025c 2C3CED7C 		.ascii	",<\355|\334\333\344\020_\325\241r~H\237\353|\377\300"
  66      DCDBE410 
  66      5FD5A172 
  66      7E489FEB 
  66      7CFFC0
  67 026f C9BC3175 		.ascii	"\311\2741u+\274`\276\372t_]\335U\023\266y_/\271/\253"
  67      2BBC60BE 
  67      FA745F5D 
  67      DD5513B6 
ARM GAS  /tmp/ccQqVbES.s 			page 5


  67      795F2FB9 
  68 0285 1080FEBF 		.ascii	"\020\200\376\277\243\366\375\260\012\261\034\241\327"
  68      A3F6FDB0 
  68      0AB11CA1 
  68      D7
  69 0292 146D3FEB 		.ascii	"\024m?\353\324gL\202W\363u\350\345uX\244\326\353\024"
  69      D4674C82 
  69      57F375E8 
  69      E57558A4 
  69      D6EB14
  70 02a5 AD375886 		.ascii	"\2557X\206\034\261\322\016\010\261\334\244\232\302\377"
  70      1CB1D20E 
  70      08B1DCA4 
  70      9AC2FF
  71 02b4 56ED5B4E 		.ascii	"V\355[N\263\351\264w\302\371le\300\"Xy\0027|q\330\357"
  71      B3E9B477 
  71      C2F96C65 
  71      C0225879 
  71      02377C71 
  72 02ca D08D5B61 		.ascii	"\320\215[a\200\261\206\301;p\277HOb\0315cS\271z\202"
  72      80B186C1 
  72      3B70BF48 
  72      4F621935 
  72      6353B97A 
  73 02df 0CEF518C 		.ascii	"\014\357Q\214`w\244$R\214\315q\":W\254\017s1\326\374"
  73      6077A424 
  73      528CCD71 
  73      223A57AC 
  73      0F7331D6 
  74 02f4 3BD0DB87 		.ascii	";\320\333\207\024o\037\371\341|\351\2676.\213\006\242"
  74      146F1FF9 
  74      E17CE9B7 
  74      362E8B06 
  74      A2
  75 0305 32A5417D 		.ascii	"2\245A}\307F\023\346\361C)\370O\372\236E\327\262\321"
  75      C74613E6 
  75      F14329F8 
  75      4FFA9E45 
  75      D7B2D1
  76 0318 D3231536 		.ascii	"\323#\02561\310\374\305\317\320g\016\266\353\340/\177"
  76      31C8FCC5 
  76      CFD0670E 
  76      B6EBE02F 
  76      7F
  77 0329 6B0A0254 		.ascii	"k\012\002T X\255'\332\372\365\216\235\230\301.3\234"
  77      2058AD27 
  77      DAFAF58E 
  77      9D98C12E 
  77      339C
  78 033b DE72F89A 		.ascii	"\336r\370\232\"6\202\313\241\200\214B\205\277\375\024"
  78      223682CB 
  78      A1808C42 
  78      85BFFD14 
  79 034b 3F59F117 		.ascii	"?Y\361\027\301\340\367\001\233'\256\3325j\253\3053\030"
  79      C1E0F701 
  79      9B27AEDA 
  79      356AABC5 
ARM GAS  /tmp/ccQqVbES.s 			page 6


  79      3318
  80 035d BE8187FD 		.ascii	"\276\201\207\375\221\261\363\3041\367\277\363\330Q\006"
  80      91B1F3C4 
  80      31F7BFF3 
  80      D85106
  81 036c 513D6F0C 		.ascii	"Q=o\014\016\372\353N\363]\314g\266\212m,V#\206ZSX\250"
  81      0EFAEB4E 
  81      F35DCC67 
  81      B68A6D2C 
  81      5623865A 
  82 0383 28BBCB94 		.ascii	"(\273\313\224]\333K\225=\273\367\356+S\266l\335\274"
  82      5DDB4B95 
  82      3DBBF7EE 
  82      2B53B66C 
  82      DDBC
  83 0395 7E9D881B 		.ascii	"~\235\210\033\213\366\357\307'\333JKw\026\226\220?D"
  83      8BF6EFC7 
  83      27DB4A4B 
  83      77169690 
  83      3F44
  84 03a7 4326B2   		.ascii	"C&\262"
  85              		.text
  86              		.section	.gnu.lto_stm32_clock_init.5cfc5d527e545f7b,"",%progbits
  87 0000 789CA557 		.ascii	"x\234\245W[l\024U\030>\377\314^f\366\336\3735P.\201"
  87      5B6C1455 
  87      183EFFCC 
  87      5E66F6DE 
  87      FB35502E 
  88 0015 40439750 		.ascii	"@C\227PL\214o}\321'\2374\276\031c\364\301(\011F\214"
  88      4C8C6F7D 
  88      D1279F34 
  88      BE1963F4 
  88      C1280946 
  89 002a C12766E9 		.ascii	"\301'f\351\366B\027\001\223Z\012J\213\032\345b\241\224"
  89      F6421701 
  89      935A0A4A 
  89      8B1AE562 
  89      A194
  90 003c 6BCB755B 		.ascii	"k\313u[Z\227\026h)\002r-\027)m\241@\205\312\245-\324"
  90      5A971668 
  90      2902722D 
  90      17296DA1 
  90      4085CAA5 
  91 0052 F39F7366 		.ascii	"\363\237sfg\035bt\226}\370f\347\234\331\357\377\376"
  91      671D6274 
  91      967DF866 
  91      E79CD9EF 
  91      FFFE
  92 0064 EFFCE79F 		.ascii	"\357\374\347\237\263v\"\2217\002\204\314#\204|\011\204"
  92      B3762291 
  92      370284CC 
  92      23847C09 
  92      84
  93 0075 403E0169 		.ascii	"@>\001iM7!!E\002\231\177\221\245\274\2251B4\227-\354"
  93      4D372121 
  93      4502997F 
  93      91A5BC95 
ARM GAS  /tmp/ccQqVbES.s 			page 7


  93      31423497 
  94 008b 249A278F 		.ascii	"$\232'\217\217\227\330\300\316\347\355R.\237w\260\371"
  94      8F97D8C0 
  94      CEE7ED52 
  94      2E9F77B0 
  94      F9
  95 009c 5C3E5EE2 		.ascii	"\\>^\342\000'\237wJ9|^a\3639|\274D\001\225\317\253R"
  95      00279F77 
  95      4A397C5E 
  95      61F3397C 
  95      BC440195 
  96 00b3 369F77B1 		.ascii	"6\237w\261\371l>^\342\0027\237wKY|\336\303\346\263\370"
  96      F96C3E5E 
  96      E202379F 
  96      774B597C 
  96      DEC3E6B3 
  97 00c8 788907D2 		.ascii	"x\211\007\322\361\012\351R&\237\366\262\351L>\\\342"
  97      F10AE952 
  97      269FF6B2 
  97      E94C3E5C 
  97      E2
  98 00d9 957C2319 		.ascii	"\225|#\031t4\260\361U:\352\223\374\011w~H\341\324\001"
  98      7434B0F1 
  98      553AEA93 
  98      FC09777E 
  98      48E1D401 
  99 00ed FD4B0AA4 		.ascii	"\375K\012\244\362/\251R\006gKcl\031|\274$\015\000\257"
  99      F22FA952 
  99      06674B63 
  99      6C197CBC 
  99      240D00AF 
 100 0101 9A026499 		.ascii	"\232\002d\231$\347\331\354\271\016g\216\242f\273\334"
 100      24E7D9EC 
 100      B90E678E 
 100      A266BBDC 
 101 0111 599EF44C 		.ascii	"Y\236\364L\257\317\037HI\315H\203e\212L\370\307.\256"
 101      AFCF1F48 
 101      49CD4883 
 101      658A4CF8 
 101      C72EAE
 102 0124 4E7155C5 		.ascii	"NqU\305\325-\256\351\342\232*\256\253\345\2652\264U"
 102      D52DAEE9 
 102      E29A2AAE 
 102      ABE5B532 
 102      B455
 103 0136 DC6A91E6 		.ascii	"\334j\221\346l\322\350'\272v\324U\256\225e\327S\302"
 103      6CD2E827 
 103      BA76D455 
 103      AE9565D7 
 103      53C2
 104 0148 75821436 		.ascii	"u\202\0246\301\034B\037\273\321\364\374\033\257\303"
 104      C11C421F 
 104      BBD1F4FC 
 104      1BAFC3
 105 0157 C6C76133 		.ascii	"\306\307a38\350\302\221\306\323\020\325\236OVh\321\341"
 105      38E8C291 
 105      C6D310D5 
ARM GAS  /tmp/ccQqVbES.s 			page 8


 105      9E4F5668 
 105      D1E1
 106 0169 1F61DD3B 		.ascii	"\037a\335;\257\330I\275\014\016\004\005AEp!\270\021"
 106      AFD849BD 
 106      0C0E0405 
 106      41457021 
 106      B811
 107 017b BC083E04 		.ascii	"\274\010>\004?B\000!\015!\035!\023!\013!\033!\007!\017"
 107      3F420021 
 107      0D211D21 
 107      13210B21 
 107      1B210721 
 108 0190 211F610A 		.ascii	"!\037a\012\302T\204i\010\323\021f \314D\230\2050\033"
 108      C2548469 
 108      08D31166 
 108      20CC4498 
 108      85301B
 109 01a3 612E4221 		.ascii	"a.B!\302<\204\"\204 \302|\204\005\010\305\010\204T\321"
 109      C23C8422 
 109      8420C27C 
 109      840508C5 
 109      088454D1 
 110 01b7 44A8DD11 		.ascii	"D\250\335\021Y\242\027y\010\332F\007;\313\\\230\031"
 110      59A21779 
 110      08DA4607 
 110      3BCB5C98 
 110      19
 111 01c8 CDB6A6AC 		.ascii	"\315\266\246\254\255\307\271J\256\227%\300\344\303\033"
 111      ADC7B94A 
 111      AE9725C0 
 111      E4C31B
 112 01d7 3A6EA9FC 		.ascii	":n\251\374V\033\251\324lt\350\316\325\361\026{=l\010"
 112      561BA9D4 
 112      6C74E8CE 
 112      D5F1167B 
 112      3D6C08
 113 01ea 51DF36E6 		.ascii	"Q\3376\346\326\3132l\205|\330B\325\342\017\036\324\234"
 113      D6CB326C 
 113      857CD842 
 113      D5E20F1E 
 113      D49C
 114 01fc BAE6096E 		.ascii	"\272\346\011n\323\302!\255\240^\266\301/P\017\265\314"
 114      D3C221AD 
 114      A05EB6C1 
 114      2F500FB5 
 114      CC
 115 020d 51688020 		.ascii	"Qh\200 }`\337\331\365]vd\264\001:\017\260\215\376\222"
 115      7D60DFD9 
 115      F55D7664 
 115      B4013A0F 
 115      B08DFE92 
 116 0221 89E8EE77 		.ascii	"\211\350\356w\230E\330\231\210\357\237\205\267\253\374"
 116      9845D899 
 116      88EF9F85 
 116      B7ABFC
 117 0230 56BB1662 		.ascii	"V\273\026b\"\352N\\nw%\210p@#\025\261]\210\350\356\251"
 117      22EA4E5C 
ARM GAS  /tmp/ccQqVbES.s 			page 9


 117      6E772588 
 117      70402315 
 117      B15D88E8 
 118 0246 1A752688 		.ascii	"\032u&\210\330\301D\340\272A\023\023\321\261}\354\206"
 118      D8C144E0 
 118      BA411313 
 118      D1B17DEC 
 118      86
 119 0257 AA8B9061 		.ascii	"\252\213\220a'\227\260\177\350\012\227\260A\266\233"
 119      2797B07F 
 119      E80A97B0 
 119      41B69B
 120 0266 122DF8D7 		.ascii	"\022-\370\327<\001Iv\261\000\022\006\330M]\037\202\322"
 120      3C014976 
 120      B1001206 
 120      D84D5D1F 
 120      82D2
 121 0278 27E5C099 		.ascii	"'\345\300\231\004\331\356\366X\271\202\021\201~\366"
 121      04D9EEF6 
 121      58B98211 
 121      817EF6
 122 0287 F07835AA 		.ascii	"\360x5\252\310\327B\244\275F\244}\020\244\364\364[D"
 122      C8D742A4 
 122      BD46A47D 
 122      10A4F4F4 
 122      5B44
 123 0299 9609DD2F 		.ascii	"\226\011\335/2K\241\257\337\311\003+\377\233X\270\324"
 123      324BA1AF 
 123      DFC9032B 
 123      FF9B58B8 
 123      D4
 124 02aa 6C50B7F0 		.ascii	"lP\267\360$&\312;\355\234L\345|\035\223\217\243~\236"
 124      2426CA3B 
 124      ED9C4CE5 
 124      7C1D938F 
 124      A37E9E
 125 02bd 8504FB29 		.ascii	"\205\004\373)\317M\010_<zB\244\252\322'\032\207[\236"
 125      CF4D085F 
 125      3C7A42A4 
 125      AAD2271A 
 125      875B9E
 126 02d0 7AF91304 		.ascii	"z\371\023\004\016`$\202\025\227G\350>\207\210l\023%"
 126      0E602482 
 126      159747E8 
 126      3E87886C 
 126      1325
 127 02e2 B77F68F8 		.ascii	"\267\177h\370'\241\323e\315\200\203L%\333\213\207t\225"
 127      27A1D365 
 127      CD80834C 
 127      25DB8B87 
 127      7495
 128 02f4 22BE9B93 		.ascii	"\"\276\233\223\035~T\366\005W0199\351\207\303\311\273"
 128      1D7E54F6 
 128      05573031 
 128      3939E987 
 128      C3C9BB
 129 0307 7DC40816 		.ascii	"}\304\010\026E\267\335\314m\273\341\366\335\016\221"
ARM GAS  /tmp/ccQqVbES.s 			page 10


 129      45B7DDCC 
 129      6DBBE1F6 
 129      DD0E91
 130 0316 85D7AADB 		.ascii	"\205\327\252\333\255\006u\233\236\307\005\341\266\217"
 130      AD06759B 
 130      9EC705E1 
 130      B68F
 131 0324 F38D0F56 		.ascii	"\363\215\017V_\000\236\211\007\216r\267/\305\335\366"
 131      5F009E89 
 131      078E72B7 
 131      2FC5DDF6 
 132 0334 25D89B2B 		.ascii	"%\330\233+\354u\304\355}\252W\262\337Z\306\355F\021"
 132      EC75C4ED 
 132      7DAA57B2 
 132      DF5AC6ED 
 132      4611
 133 0346 7498EC0D 		.ascii	"t\230\354\015p\262\306\316\262\230P\365\024\340\327"
 133      70B2C6CE 
 133      B29850F5 
 133      14E0D7
 134 0355 E4CD8D19 		.ascii	"\344\315\215\031\241\216\241\271\001\336\006\306xaX"
 134      A18EA1B9 
 134      01DE06C6 
 134      786158
 135 0364 EE349D86 		.ascii	"\3564\235\206\241]l\223\307\273\210\215\226\342q}\213"
 135      A15D6C93 
 135      C7BB888D 
 135      96E2717D 
 135      8B
 136 0375 47068431 		.ascii	"G\006\2041i\326\324\2360\324\2364m\361tN6p\257a\245"
 136      69D6D49E 
 136      30D49E34 
 136      6DF1744E 
 136      3670AF61 
 137 038a 931BA369 		.ascii	"\223\033\243i6\350N\336\231\036#\326)t&\235\225\235"
 137      36E84EDE 
 137      991E23D6 
 137      2974269D 
 137      959D
 138 039c D328BBAF 		.ascii	"\323(\273\257b\242\3542\255\226]\257A}Z_\337\026QvY"
 138      62A2EC32 
 138      AD965DAF 
 138      417D5A5F 
 138      DF165176 
 139 03b1 9CEF685D 		.ascii	"\234\357h]]X\322\363P\3407\3636\317J(\274\034QxJ\274"
 139      5D58D2F3 
 139      50E037F3 
 139      36CF4A28 
 139      BC1C5178 
 140 03c7 F0BEAD10 		.ascii	"\360\276\255\020\322\262\255\345|\206\011\263\241\260"
 140      D2B2ADE5 
 140      7C8609B3 
 140      A1B0
 141 03d5 B3267F73 		.ascii	"\263&\177s(\331\313\364\314s\006\365\357hg\016\263S"
 141      28D9CBF4 
 141      CC7306F5 
 141      EF68670E 
ARM GAS  /tmp/ccQqVbES.s 			page 11


 141      B353
 142 03e7 35ECFC4E 		.ascii	"5\354\374N\2673\317\252\235\347\015\352\013\346\236"
 142      B733CFAA 
 142      9DE70DEA 
 142      0BE69E
 143 03f6 994FF95E 		.ascii	"\231O\371^l\222\371\011\356e\013\367\\\361\027\361\326"
 143      6C92F909 
 143      EE650BF7 
 143      5CF117F1 
 143      D6
 144 0407 0A5752C5 		.ascii	"\012WR\305\177\221\351\300c\020\\b\305\037\035\273\177"
 144      7F91E9C0 
 144      63105C62 
 144      C51F1DBB 
 144      7F
 145 0418 53BCE12A 		.ascii	"S\274\341*7\207^\203\313z\3757\350\365?\305\232\211"
 145      37875E83 
 145      CB7AFD37 
 145      E8F53FC5 
 145      9A89
 146 042a 578CC2E9 		.ascii	"W\214\302\3513\255\317TN\326\333?\326\243\352uC\013"
 146      33ADCF54 
 146      4ED6DB3F 
 146      D6A3EA75 
 146      430B
 147 043c E76AF22B 		.ascii	"\347j\362+v\315\010v\035Wl*[1\267\261b\315\372\212M"
 147      76CD0876 
 147      1D576C2A 
 147      5B31B7B1 
 147      62CDFA8A 
 148 0451 331D060A 		.ascii	"3\035\006\012\376\353,p\203Q\343k\023\3760\257\330t"
 148      FEEB2C70 
 148      8351E36B 
 148      13FE30AF 
 148      D874
 149 0463 CE77A9AB 		.ascii	"\316w\251\253\371L|#\003\3344/\341\364\204%\314bKX%"
 149      F94C7C23 
 149      03DC342F 
 149      E1F48425 
 149      CC624B58 
 150 0478 7B700923 		.ascii	"{p\011#t\247R\211\300$\236\037\020\022gX-\252~#\373"
 150      74A75289 
 150      C0249E1F 
 150      10126758 
 150      2DAA7E23 
 151 048d 5B668933 		.ascii	"[f\21139\337\361\311\225\367\355q\257\0030`\32683Ac"
 151      39DFF1C9 
 151      95F7ED71 
 151      AF033060 
 151      D6383341 
 152 04a2 A628336F 		.ascii	"\246(3o\274\314\"[\222\353\261\203F\217\035be\326\332"
 152      BCCC225B 
 152      92EBB183 
 152      468F1D62 
 152      65D6DA
 153 04b5 575BAE1F 		.ascii	"W[\256\037\2446\377\320.\303m\275\316\256v\212\364g"
 153      A436FFD0 
ARM GAS  /tmp/ccQqVbES.s 			page 12


 153      2EC36DBD 
 153      CEAE768A 
 153      F467
 154 04c7 25B66227 		.ascii	"%\266b';\320U\225\266\356T\370\255\026]\243\371\350"
 154      3BD05595 
 154      B6EE54F8 
 154      AD165DA3 
 154      F9E8
 155 04d9 D0A9BEE6 		.ascii	"\320\251\276\346s\011k\250\3000\225qG\310\330\373\360"
 155      73096BA8 
 155      C0309571 
 155      47C8D8FB 
 155      F0
 156 04ea C1EA4419 		.ascii	"\301\352D\031w\231\014<\354\303=j\020K|\241\021\255"
 156      77990C3C 
 156      ECC33D6A 
 156      104B7CA1 
 156      11AD
 157 04fc 77D5B193 		.ascii	"w\325\261\223^.\352\353c!M\202\373\302\212\210\354#"
 157      5E2EEAEB 
 157      63214D82 
 157      FBC28A88 
 157      EC23
 158 050e 13C02AA8 		.ascii	"\023\300*\250\363]\376\374\354Du*S\027j9Xm\347\267\332"
 158      F35DFEFC 
 158      EC44752A 
 158      53176A39 
 158      586DE7B7 
 159 0523 C552A6AE 		.ascii	"\305R\246\256\267v\371u\305P\347\202?\251\272\021\241"
 159      B776F975 
 159      C550E782 
 159      3FA9BA11 
 159      A1
 160 0534 EE76F7CF 		.ascii	"\356v\367\317G\334T]5S\347\206\007L\235\202\352\036"
 160      47DC545D 
 160      3553E786 
 160      074C9D82 
 160      EA1E
 161 0546 EAEA466D 		.ascii	"\352\352FmF\270\350\263\272=>\344wCk\370H\245\015F\343"
 161      46B8E8B3 
 161      BA3D3EE4 
 161      77436BF8 
 161      48A50D46 
 162 055b F2FC2446 		.ascii	"\362\374$F\370\012\015\256x\341D\356a\352\006w\304\306"
 162      F80A0DAE 
 162      78E144EE 
 162      61EA0677 
 162      C4C6
 163 056d BCFC567B 		.ascii	"\274\374V{\302O\344\261Z\255)~\030\376\230\036\362\275"
 163      C24FE4B1 
 163      5AAD297E 
 163      18FE981E 
 163      F2BD
 164 057f F088EAFB 		.ascii	"\360\210\352\373K\350\013?\212U;\022\334{\314\364\341"
 164      4BE80B3F 
 164      8A553B12 
 164      DC7BCCF4 
ARM GAS  /tmp/ccQqVbES.s 			page 13


 164      E1
 165 0590 5F2478C2 		.ascii	"_$x\302\026\361qGE\215\217\373U&\321\227z>\323\022 "
 165      16F17147 
 165      458D8FFB 
 165      5526D197 
 165      7A3ED312 
 166 05a5 871C5CCB 		.ascii	"\207\034\\\313\355\270\026\213\221\306\214H\343,\322"
 166      EDB8168B 
 166      91C68C48 
 166      E32CD2
 167 05b4 48D3E5C5 		.ascii	"H\323\345\305\"\220\017&D\240\224\370\273c|\213\250"
 167      22900F26 
 167      44A094F8 
 167      BB637C8B 
 167      A8
 168 05c5 99B9D6DA 		.ascii	"\231\271\326\332\3053\243,\237\233zS!%cM8\311N4iPk\022"
 168      C533A32C 
 168      9F9B7A53 
 168      2125634D 
 168      38C94E34 
 169 05dd ED44854C 		.ascii	"\355D\205Lr\252\321\211&\364:\237gu\233\207\2448\365"
 169      72AAD189 
 169      26F43A9F 
 169      67759B87 
 169      A438F5
 170 05f0 72C97402 		.ascii	"r\311t\002,\242|/\036\371\212(\313\372\003\243]b\347"
 170      2CA27C2F 
 170      1EF98A28 
 170      CBFA03A3 
 170      5D62E7
 171 0603 2B502AE9 		.ascii	"+P*\351{<C\354\361\264\270\231\221O\370\217\202\326"
 171      7B3C43EC 
 171      F1B4B899 
 171      914FF88F 
 171      82D6
 172 0615 120E3355 		.ascii	"\022\0163U.TU&\375\323\313\371\224\214u\303$\275,7\250"
 172      2E545526 
 172      FDD3CBF9 
 172      948C75C3 
 172      24BD2C37 
 173 062a 2BD0CBF9 		.ascii	"+\320\313\371\254S\250\234|\2015\256J\306\205\347qX"
 173      AC53A89C 
 173      7C8135AE 
 173      4AC685E7 
 173      7158
 174 063c 6192594C 		.ascii	"a\222YL\311^Ff\225A\035A\231\305\344.,\337\270\253\201"
 174      C95E4666 
 174      95411D41 
 174      99C5E42E 
 174      2CDFB8AB 
 175 0651 D10BBB81 		.ascii	"\321\013\273\201\332L\033taQQ0\270xI\360\243\367\027"
 175      DA4C1B74 
 175      61515130 
 175      B87849F0 
 175      A3F717
 176 0664 053F5DFC 		.ascii	"\005?]\374\331\347K\202o\275\375f\361\002\216\257/\\"
 176      D9E74B82 
ARM GAS  /tmp/ccQqVbES.s 			page 14


 176      6FBDFD66 
 176      F1028EAF 
 176      2F5C
 177 0676 BA1467DE 		.ascii	"\272\024g\336[\264\350\303\242\017\310\337\232\207e"
 177      5BB4E8C3 
 177      A20FC8DF 
 177      9A8765
 178 0685 FC       		.ascii	"\374"
 179              		.text
 180              		.section	.gnu.lto_.symbol_nodes.5cfc5d527e545f7b,"",%progbits
 181 0000 789C6365 		.ascii	"x\234ce`bHd\000\002\246\335L\365\014\014\023\31610\000"
 181      60624864 
 181      0002A6DD 
 181      4CF50C0C 
 181      13CE3130 
 182 0015 A95D0D8E 		.ascii	"\251]\015\216@\221=L\365\214(\"\254;\231\030\032\225"
 182      40913D4C 
 182      F58C2822 
 182      AC3B9918 
 182      1A95
 183 0027 808A19F7 		.ascii	"\200\212\031\3671\3253\201\245\030\030\032\032\034\200"
 183      31D53381 
 183      A518181A 
 183      1A1C80
 184 0036 027B99EA 		.ascii	"\002{\231\352\231\221\005\230\031X\030Z&\275\221g\006"
 184      99910598 
 184      1958185A 
 184      26BD9167 
 184      06
 185 0047 B2960069 		.ascii	"\262\226\000i\006\000\203\375\027)"
 185      060083FD 
 185      1729
 186              		.text
 187              		.section	.gnu.lto_.refs.5cfc5d527e545f7b,"",%progbits
 188 0000 789C6365 		.ascii	"x\234ce`b`d\000\002\000\000I\000\011"
 188      60626064 
 188      00020000 
 188      490009
 189              		.text
 190              		.section	.gnu.lto_.decls.5cfc5d527e545f7b,"",%progbits
 191 0000 789CCD59 		.ascii	"x\234\315Y{P\024W\272\237\323g`\230\031D\013\335]w\227"
 191      7B501457 
 191      BA9FD367 
 191      60981944 
 191      0BDD5D77 
 192 0015 AD755DF7 		.ascii	"\255u]\367\206\252\2558\202\336\275\251[\373Gp\220@"
 192      86AAAD38 
 192      82DEBDA9 
 192      5BFB4770 
 192      9040
 193 0027 AD6EA8C1 		.ascii	"\255n\250\301\344\336l\325-\312 \251P\253\222\025\274"
 193      E4DE6CD5 
 193      2DCA20A9 
 193      50AB9215 
 193      BC
 194 0038 572B7BAB 		.ascii	"W+{\253\232\207\021E\024\210D\001\021\004T\010\210\210"
 194      9A871145 
ARM GAS  /tmp/ccQqVbES.s 			page 15


 194      14884401 
 194      11045408 
 194      8888
 195 004a 0F44200E 		.ascii	"\017D \016\017\011\242\242\301D\345\015\212\210\242"
 195      0F09A2A2 
 195      C144E50D 
 195      8A88A2
 196 0059 88E00B44 		.ascii	"\210\340\013D\331\357\234\323=}\246\247Ir\377\271\265"
 196      D9EF9CD3 
 196      3D7DA6A7 
 196      4972FFB9 
 196      B5
 197 006a 537CDDFD 		.ascii	"S|\335\375\365\371\235\357|\257\363\370\0327\235\240"
 197      F5F99DEF 
 197      7CAFF3F8 
 197      1A379DA0 
 198 007a F3FFB54E 		.ascii	"\363\377\265N\267\027\353t\177D:\3354\374\340QwT\247"
 198      B717EB74 
 198      7F443ADD 
 198      34FCE051 
 198      7754A7
 199 008d FCF44065 		.ascii	"\374\364@e@\345@\025@'\201\000\252\253\3239\377\376"
 199      40E54015 
 199      40278100 
 199      AAABD339 
 199      FFFE
 200 009f 0B5E1AE1 		.ascii	"\013^\032\341\376>\320\033@?\007~>P#<\377\006\356\013"
 200      FE3ED01B 
 200      403F077E 
 200      3E50233C 
 200      FF06EE0B 
 201 00b3 80162226 		.ascii	"\200\026\"&\233\340\314\360<\007\350'@/\200w\207\373"
 201      9BE0CCF0 
 201      3C07E827 
 201      402F8077 
 201      87FB
 202 00c5 6CA05F21 		.ascii	"l\240_!6\300/\2212\366\"\304\306\255\320\271\376\326"
 202      36C02F91 
 202      32F622C4 
 202      C6ADD0B9 
 202      FED6
 203 00d7 409BD70F 		.ascii	"@\233\327\017\214\353\017\344\007\364\277@\237\002\275"
 203      8CEB0FE4 
 203      07F4BF40 
 203      9F02BD
 204 00e6 05940E94 		.ascii	"\005\224\016\224\012\344)\215M\306\365\006z\005\274"
 204      0AE4298D 
 204      4DC6F506 
 204      7A05BC
 205 00f5 1BDC5FEB 		.ascii	"\033\334_\353\230\016o\002\255\003J\001z\016\357&%\373"
 205      980E6F02 
 205      AD034A01 
 205      7A0EEF26 
 205      25FB
 206 0107 CB3574D9 		.ascii	"\3135t\331\213\321\351\224\306Z\241\007u!\001`s\350"
 206      8BD1E994 
 206      C65AA107 
ARM GAS  /tmp/ccQqVbES.s 			page 16


 206      75210160 
 206      73E8
 207 0119 5B84D815 		.ascii	"[\204\330\025Q\242\354\264\374C\210\276\207\267\002"
 207      51A2ECB4 
 207      FC4388BE 
 207      87B702
 208 0128 BD32207D 		.ascii	"\2752 }\205\344\036\022/H\254 \211\244\177Rg\304Id\315"
 208      85E41E12 
 208      2F48AC20 
 208      89A47F52 
 208      67C44964 
 209 013d 6C24F9C7 		.ascii	"l$\371\307tf\017\264\233\334\033\011\312\000\010\361"
 209      74660FB4 
 209      9BDC1B09 
 209      CA0008F1 
 210 014d 1D38814C 		.ascii	"\0358\201Lm\251\335\241\237N1\016\311\326?\316\2744"
 210      6DA9DDA1 
 210      9F4E310E 
 210      C9D63FCE 
 210      BC34
 211 015f 68EA45DD 		.ascii	"h\352E\335\344m\336\333\210\276\313<\260\273\034c\001"
 211      E46DDEDB 
 211      88BECB3C 
 211      B0BB1C63 
 211      01
 212 0170 91E7DE89 		.ascii	"\221\347\336\211\242\240\305\245\"\373y\374Zq\333\371"
 212      A2A0C5A5 
 212      22FB79FC 
 212      5A71DBF9 
 213 0180 E9E7F6D9 		.ascii	"\351\347\366\331\2730\3626!\001\330\266\321K9f`\347"
 213      BB30F236 
 213      2101D8B6 
 213      D14B3966 
 213      60E7
 214 0192 99D01C60 		.ascii	"\231\320\034`_\304}Wg\232\377\005\355\225 \316\021\320"
 214      5FC47D57 
 214      679AFF05 
 214      ED9520CE 
 214      11D0
 215 01a4 FB3F45A5 		.ascii	"\373?E\245\310\007\225 \037\030\374(\232\017\327\017"
 215      C8079520 
 215      1F18FC28 
 215      9A0FD70F 
 216 01b4 F54C525C 		.ascii	"\365LR\\\373\241,\375\302<1\257O\264\177\335\360\357"
 216      FBA12CFD 
 216      C23C31AF 
 216      4FB47FDD 
 216      F0EF
 217 01c6 FD15A2B8 		.ascii	"\375\025\242\270\025\272\351\011\014\025#\214\276D\213"
 217      15BAE909 
 217      0C15238C 
 217      BE448B
 218 01d5 89CAF008 		.ascii	"\211\312\360\010\327\"\324\213\320\021\324\003\006\225"
 218      D722D48B 
 218      D011D403 
 218      0695
 219 01e3 A185D05D 		.ascii	"\241\205\320]\034\252\356\232\215\003\251\266\333\216"
ARM GAS  /tmp/ccQqVbES.s 			page 17


 219      1CAAEE9A 
 219      8D03A9B6 
 219      DB8E
 220 01f1 F615794A 		.ascii	"\366\025yJ\242\332~\237)\332\343A\220@\005\035S\004"
 220      A2DA7E9F 
 220      29DAE341 
 220      9040051D 
 220      5304
 221 0203 1D530B2A 		.ascii	"\035S\013*\247\202\222\207'w#\374\036\025\224|\252|"
 221      A7829287 
 221      277723FC 
 221      1E15947C 
 221      AA7C
 222 0215 C40C82FA 		.ascii	"\304\014\202\372D\321\376({Is\371\200\230d\242\212\243"
 222      44D1FE28 
 222      7B4973F9 
 222      809864A2 
 222      8AA3
 223 0227 E38AA0E3 		.ascii	"\343\212\240\343D\020y\250\240\002.\334\255\357\301"
 223      441079A8 
 223      A0022EDC 
 223      ADEFC1
 224 0236 38195109 		.ascii	"8\031Q\011\327\213\313\366\351%\011\235_\372\356/\370"
 224      D78BCBF6 
 224      E925099D 
 224      5FFAEE2F 
 224      F8
 225 0247 CC1ECA04 		.ascii	"\314\036\312\004\234P\004\234\220\005\234\244\002\272"
 225      9C50049C 
 225      90059CA4 
 225      02BA
 226 0255 9B8B4B30 		.ascii	"\233\213K08\361\015\023\"q\234\015\257\216=\250\232"
 226      38F10D13 
 226      22719C0D 
 226      AF8E3DA8 
 226      9A
 227 0266 98C55E11 		.ascii	"\230\305^\021\251m\273\307\012\015\270\216\015\361M"
 227      A96DBBC7 
 227      0A0DB88E 
 227      0DF14D
 228 0275 62F97ECC 		.ascii	"b\371~\314B\240'\241\274\234u\333\213\205`\301^,d\266"
 228      42A027A1 
 228      BC9C75DB 
 228      8B8560C1 
 228      5E2C64B6 
 229 0289 DCA8D723 		.ascii	"\334\250\327#_\323a\022\003\373\335\252\177\3317&\212"
 229      5FD36112 
 229      03FBDDAA 
 229      7FD93726 
 229      8A
 230 029a 0B503532 		.ascii	"\013P52\241JE\2037LpM\022\305x15A4\006\353P\025D\351"
 230      A14A4583 
 230      374C704D 
 230      12C57831 
 230      35413406 
 231 02b3 0C44099D 		.ascii	"\014D\011\235E\276dT\202C\247\341\345)x\011\243\024"
 231      45BE6454 
ARM GAS  /tmp/ccQqVbES.s 			page 18


 231      8243A7E1 
 231      E5297809 
 231      A314
 232 02c5 17A6E5BB 		.ascii	"\027\246\345\273\343I\252\201\320\364U\347M=2\371j\012"
 232      E349AA81 
 232      D0F455E7 
 232      4D3D32F9 
 232      6A0A
 233 02d7 F84A4300 		.ascii	"\370JC\000S\246\267ya\323V\022\230ZP\246FQ\006tc)q<"
 233      53A6B779 
 233      61D35612 
 233      985A50A6 
 233      46510674 
 234 02ef 3F6FD413 		.ascii	"?o\324\023L!\355\342\223\224\253\344]y\341\235\337\342"
 234      4C21EDE2 
 234      9394ABE4 
 234      5D79E19D 
 234      DFE2
 235 0301 C32C2B9F 		.ascii	"\303,+\237L\037\3140\377\256@\314\253\207\224\271=7"
 235      4C1FCC30 
 235      FFAE40CC 
 235      AB8794B9 
 235      3D37
 236 0313 0B52C648 		.ascii	"\013R\306H\301v&\314\241\204\216\2769G\324\251C\277"
 236      C17626CC 
 236      A1848EBE 
 236      3947D4A9 
 236      43BF
 237 0325 23B37DF0 		.ascii	"#\263}\360B\223\211\371LD\300\333\233v>D\3704\023\233"
 237      429389F9 
 237      4C44C0DB 
 237      9B763E44 
 237      F834139B 
 238 0339 54BAAB01 		.ascii	"T\272\253\001\233\222H\312\376\030cH\217\376m\327$q"
 238      9B9248CA 
 238      FE186348 
 238      8FFE6DD7 
 238      2471
 239 034b 2F089F55 		.ascii	"/\010\237U\375\244\305\215\361\036\300V\216\224T\316"
 239      FDA4C58D 
 239      F11EC056 
 239      8E9454CE 
 240 035b 6221B193 		.ascii	"b!\261\223\346\351\372\3477g\341\0326\332\216\323\327"
 240      E6E9FAE7 
 240      3767E11A 
 240      36DA8ED3 
 240      D7
 241 036c 7AF46434 		.ascii	"z\364d4\221\215F:)z_ \276@\026\037\264\204\016\224Q"
 241      918D463A 
 241      297A5F20 
 241      BE40161F 
 241      B4840E94 
 242 0381 9B71CACB 		.ascii	"\233q\312\313;\225\202!\214zj\355\327\200n\242\350\026"
 242      3B958221 
 242      8C7A6AED 
 242      D7806EA2 
 242      E816
ARM GAS  /tmp/ccQqVbES.s 			page 19


 243 0393 E42DF7A1 		.ascii	"\344-\367\241\343\334k/025F\011\277\267\352\326\250"
 243      E3DC6B2F 
 243      30323546 
 243      09BFB7EA 
 243      D6A8
 244 03a5 176E62E3 		.ascii	"\027nb\343\2465<\0357\343\026\306t\345\3579\244g\310"
 244      A6353C1D 
 244      37E316C6 
 244      74E5EF39 
 244      A467C8
 245 03b8 21C2E74C 		.ascii	"!\302\347LM%\352\361\025\326\030_\335\236&\315\361>"
 245      4D25EAF1 
 245      15D6185F 
 245      DD9E26CD 
 245      F13E
 246 03ca 9A7DF19F 		.ascii	"\232}\361\237\027\272\343v\326\370r\344\310\250;\276"
 246      17BAE376 
 246      D6F872E4 
 246      C8A83BBE 
 247 03da CD98CAFE 		.ascii	"\315\230\312\376\214s\322\2007\011\3370\276\377\261"
 247      8C73D280 
 247      3709DF30 
 247      BEFFB1
 248 03e9 277EC81A 		.ascii	"'~\310\032\267\026~\273\323\200\2373\346\332\340\301"
 248      B7167EBB 
 248      D3809F33 
 248      E6DAE0C1 
 249 03f9 444F86A4 		.ascii	"DO\206\244a\035\357Li\362\304q\230666\337\276\346\201"
 249      611DEF4C 
 249      69F2C471 
 249      98363636 
 249      DFBEE681 
 250 040d 9319937C 		.ascii	"\223\031\223|\376T\223\224\336\315t\235\030*\337\206"
 250      FE549394 
 250      DECD749D 
 250      182ADF86 
 251 041d 71066B94 		.ascii	"q\006k\224=\353-y\366\361\325\206\035F\234\313\032/"
 251      3DEB2D79 
 251      F6F1D586 
 251      1D469CCB 
 251      1A2F
 252 042f 6F4FCF10 		.ascii	"oO\317\020\360\021\306\024\015\356\337%\015\370\026"
 252      F011C614 
 252      0DEEDF25 
 252      0DF816
 253 043e 714DF668 		.ascii	"qM\366h\216'>\306\332j\012\266\026{\340*\306TW\3264"
 253      8E273EC6 
 253      DA6A0AB6 
 253      167BE02A 
 253      C65457D6 
 254 0453 49B15B02 		.ascii	"I\261[\002lbkJ\227'\256cmeC\333\354\006|\2011\331\343"
 254      6C626B4A 
 254      9727AE63 
 254      6D6543DB 
 254      EC067C81 
 255 046a DDF72463 		.ascii	"\335\367$c}\211\220\313\023\245^\370\033\326&OBo:\011"
 255      7D8990CB 
ARM GAS  /tmp/ccQqVbES.s 			page 20


 255      13A55EF8 
 255      1BD6264F 
 255      426F3A09 
 256 047e 514DE729 		.ascii	"QM\347)\013\356dM\007\207\252>\237\215\007\0303\222"
 256      0BEE644D 
 256      0787AA3E 
 256      9F8D0718 
 256      3392
 257 0490 78A7CFCC 		.ascii	"x\247\317\314p\363\201\355\357\276\273\303\013?dm\237"
 257      70F381ED 
 257      EFBEBBC3 
 257      0B3F646D 
 257      9F
 258 04a1 9DCBA835 		.ascii	"\235\313\2505\342\347\214\221\027Vo\266\2606\366\365"
 258      E2E78C91 
 258      17566FB6 
 258      B036F6F5 
 259 04b1 200C6B23 		.ascii	" \014k#i\032\336ao\027\360v\306\024W\245\364\273\341"
 259      691ADE61 
 259      6F17F076 
 259      C61457A5 
 259      F4BBE1
 260 04c4 74C6DCAE 		.ascii	"t\306\334\256L|\246\307_0\246d\352\300U#\316f\314\325"
 260      4C7CA6C7 
 260      5F30A664 
 260      EAC05523 
 260      CE66CCD5 
 261 04d8 B37D77BC 		.ascii	"\263}w\274p\001cJ/\177\335%y8\211L\206\322\242\356A"
 261      7001634A 
 261      2F7FDD25 
 261      7938894C 
 261      86D2A2EE 
 262 04ed 8394AE24 		.ascii	"\203\224\256$}\013\317\364M!|\230\202\027\024\025\331"
 262      7D0BCFF4 
 262      4D217C98 
 262      82171415 
 262      D9
 263 04fe 1F78A145 		.ascii	"\037x\241E\334o.\275\372\362\257\026\345\213\211\011"
 263      DC6F2EBD 
 263      FAF2AF16 
 263      E58B8909 
 264 050e A2FDCA2E 		.ascii	"\242\375\312.\234|\252\360B\234X8\0375B\2426\300$\214"
 264      9C7CAAF0 
 264      429C5838 
 264      1F3542A2 
 264      36C0248C 
 265 0522 17E62AD3 		.ascii	"\027\346*\323\251\236f\255\037\\t\254\307\344\001\014"
 265      A99E66AD 
 265      1F5C74AC 
 265      C7E4010C 
 266 0532 CB7522A6 		.ascii	"\313u\"\246\360.5\274\223\302\253\220\202\257\347\361"
 266      F02E35BC 
 266      93C2AB90 
 266      82AFE7F1 
 267 0542 77D5F841 		.ascii	"w\325\370A\027\374\375\034\016?\254\306\337S\2533\226"
 267      17FCFD1C 
 267      0E3FACC6 
ARM GAS  /tmp/ccQqVbES.s 			page 21


 267      DF53AB33 
 267      96
 268 0553 CBC1BF51 		.ascii	"\313\301\277Q\303\257\272\210\277U\304\341\237j[+\343"
 268      C3AFBA88 
 268      BF55C4E1 
 268      9F6A5B2B 
 268      E3
 269 0564 C90AD856 		.ascii	"\311\012\330V\204\343(\036&.j\226\360\362tF\347\325"
 269      84E3281E 
 269      262E6A96 
 269      F0F27446 
 269      E7D5
 270 0576 EAB4F0DA 		.ascii	"\352\264\360\332\217\252\3057\251\341\365<\374\261\032"
 270      8FAAC537 
 270      A9E1F53C 
 270      FCB11A
 271 0585 6E512BDF 		.ascii	"nQ+\337\302\033{S\015\277\356\"\235\267\365\262\032"
 271      C21B7B53 
 271      0DBFEE22 
 271      9DB7F5B2 
 271      1A
 272 0596 7E510DEF 		.ascii	"~Q\015\357\340\245\177\247\206_S\340i\322\342\366\266"
 272      E0A57FA7 
 272      865F53E0 
 272      69D2E2F6 
 272      B6
 273 05a7 5E879E40 		.ascii	"^\207\236@\3738m\"h\262\242'\011\276(]X\204^\243E\350"
 273      FB386D22 
 273      68B2A227 
 273      09BE285D 
 273      58845EA3 
 274 05bd 15D03678 		.ascii	"\025\3206xN\006J\005\232\000\376s\270g\000\275\200\347"
 274      4E064A05 
 274      9A00FE73 
 274      B86700BD 
 274      80E7
 275 05cf 44B8EF02 		.ascii	"D\270\357\002J\000\332\011\264\035\3503\240\347\320"
 275      4A00DA09 
 275      B41DE833 
 275      A0E7D0
 276 05de 9602F769 		.ascii	"\226\002\367i\270\357\200{\034P\032\320n\240Ix\267\007"
 276      B8EF807B 
 276      1C501AD0 
 276      6EA04978 
 276      B707
 277 05f0 EE22D056 		.ascii	"\356\"\320V\240)\340\237\001\275D\213\350\026-\031\303"
 277      A029E09F 
 277      01BD448B 
 277      E8162D19 
 277      C3
 278 0601 A7DD2DB5 		.ascii	"\247\335-\2651\375.qn9\300\305\371\216:\316\003.q\346"
 278      31FD2E71 
 278      6E39C0C5 
 278      F98E3ACE 
 278      032E71E6 
 279 0615 5D7B49DB 		.ascii	"]{I\333\265|\344\306xu\272\265g\015'\276\215\317\213"
 279      B57CE4C6 
ARM GAS  /tmp/ccQqVbES.s 			page 22


 279      7875BAB5 
 279      670D27BE 
 279      8DCF8B
 280 0628 47DA69C4 		.ascii	"G\332i\304\304\263}zd?\340\3059\004\246\223\366h\346"
 280      C4B37D7A 
 280      643FE0C5 
 280      3904A693 
 280      F668E6
 281 063b 0AD8EDED 		.ascii	"\012\330\355\355#\007p1\354\273\333\335\351V\324\253"
 281      23077031 
 281      ECBBDBDD 
 281      E956D4AB 
 282 064b 96D6E3A2 		.ascii	"\226\326\343\242l\033\237\0107\264\323\214\307w\360"
 282      6C1B9F08 
 282      37B4D38C 
 282      C777F0
 283 065a DA8EA8F1 		.ascii	"\332\216\250\361\017\324\306\335\342}\321\247\255\216"
 283      0FD4C6DD 
 283      E27DD1A7 
 283      AD8E
 284 0668 9F1299FA 		.ascii	"\237\022\231\372\\.2\035\352\310\264\273\270\216\227"
 284      5C2E321D 
 284      EAC8B4BB 
 284      B88E97
 285 0677 7E5B3BF0 		.ascii	"~[;\360\034\374>ok\233\366\372\301\353\316\233\372P"
 285      1CFC3E6F 
 285      6B9BF6FA 
 285      C1EBCE9B 
 285      FA50
 286 0689 DB54475A 		.ascii	"\333TGZ\201\357o\311\342\211\353\277\325\236S\274+'"
 286      81EF6FC9 
 286      E289EBBF 
 286      D59E53BC 
 286      2B27
 287 069b F773F2C7 		.ascii	"\367s\362\3074\027\004?E\372X\016'\375\276\366Z\311"
 287      3417043F 
 287      45FA580E 
 287      27FDBEF6 
 287      5AC9
 288 06ad 27F924EF 		.ascii	"'\371$\357\312+jW\266\272,\365\274\261C\332K7\205\303"
 288      CA2B6A57 
 288      B6BA2CF5 
 288      BCB143DA 
 288      4B3785C3 
 289 06c1 0EF4B4B4 		.ascii	"\016\364\264\264\264\333\214{\351\016$\234L\253N\233"
 289      B4DB8C7B 
 289      E90E249C 
 289      4CAB4E9B 
 290 06d1 857CE74A 		.ascii	"\205|\347J\311Y\204\023D\021\241}\320\373\013\301q\206"
 290      C9598413 
 290      4411A17D 
 290      D0FB0BC1 
 290      7186
 291 06e3 24B9AABD 		.ascii	"$\271\252\275\226\240\275\260\204\374\263,'\344h\177"
 291      96A0BDB0 
 291      84FCB32C 
 291      27E4687F 
ARM GAS  /tmp/ccQqVbES.s 			page 23


 292 06f3 B1F309F2 		.ascii	"\261\363\011\362\334\3418:SK\224\003`\246\340IK\003"
 292      DCE1383A 
 292      534B9403 
 292      60A6E049 
 292      4B03
 293 0705 B8EFC5FA 		.ascii	"\270\357\305\372\316\370\003\305z4\027v[\3364\345\000"
 293      CEF803C5 
 293      7A341776 
 293      5BDE34E5 
 293      00
 294 0716 9825D9B5 		.ascii	"\230%\331\265\037\354\312\201\361\262\005~\331z\226"
 294      1FECCA81 
 294      F1B2057E 
 294      D97A96
 295 0725 2DCF5579 		.ascii	"-\317Uya\311\232aG`\276\355\311f\023?K=\361\211\260"
 295      61C99A61 
 295      4760BEED 
 295      C966133F 
 295      4B3DF189 
 296 073a 11276163 		.ascii	"\021'ac\232\302\344\370eU4\2363\340a\026\277\342\332"
 296      9AC2E4F8 
 296      6555349E 
 296      33E06116 
 296      BFE2DA
 297 074d AE7CBD23 		.ascii	"\256|\275#~\257\263Y\374\362\240\363\001%~Y.\361sdR"
 297      7EAFB359 
 297      FCF2A0F3 
 297      01257E59 
 297      2EF17364 
 298 0762 2ED83693 		.ascii	".\3306\223\235\244\374*\236|\341\344\317<'\177\036\224"
 298      9DA4FC2A 
 298      9E7CE1E4 
 298      CF3C277F 
 298      1E94
 299 0774 FC7990F8 		.ascii	"\374y\220\370\023\365\276\270\321\343\311\203Ie\246"
 299      13F5BEB8 
 299      D1E3C983 
 299      4965A6
 300 0783 80F32570 		.ascii	"\200\363%p>\005\347\334\314\377J\300\317\331\241\251"
 300      3E05E7DC 
 300      CCFF4AC0 
 300      CFD9A1A9 
 301 0793 6232F537 		.ascii	"b2\3657P\327\331i\265\372\313\034V\255\306\263j\265"
 301      50D7D969 
 301      B5FACB1C 
 301      56ADC6B3 
 301      6AB5
 302 07a5 40B1031E 		.ascii	"@\261\003\036\235\213\314B\201\224x\023m\273\266\302"
 302      9D8BCC42 
 302      81947813 
 302      6DBBB6C2 
 303 07b5 31CD8D8A 		.ascii	"1\315\215\212j\350./\367\300\231\214\221+\223yRe\362"
 303      6AE82E2F 
 303      F7C0998C 
 303      912B9379 
 303      5265F2
 304 07c8 6AE05C9F 		.ascii	"j\340\\\237\021\347\321F"
ARM GAS  /tmp/ccQqVbES.s 			page 24


 304      11E7D146 
 305 07d0 F786436D 		.ascii	"\367\206CmU\344\360\345;\227;b\025\225\264\354\204\022"
 305      55E4F0E5 
 305      3B973B62 
 305      1595B4EC 
 305      8412
 306 07e2 08D13814 		.ascii	"\010\3218\024\301\320\2453-\347\322\304\373@\231w\207"
 306      C1D0A533 
 306      2DE7D2C4 
 306      FB409977 
 306      87
 307 07f3 B4E17E5C 		.ascii	"\264\341~\\\016\264{\307\221\370\224:\347\000\037\231"
 307      0EB47BC7 
 307      91F8943A 
 307      E7001F99 
 308 0803 23828FB4 		.ascii	"#\202\217\2648\225Ja)\201\260\034\205\260\224\001}\011"
 308      38954A61 
 308      2981B01C 
 308      85B09401 
 308      7D09
 309 0815 54EC9486 		.ascii	"T\354\224\206#\355\336\351\011b\363\022\252\301a\265"
 309      23EDDEE9 
 309      0962F312 
 309      AAC161B5 
 310 0825 0616D53A 		.ascii	"\006\026\325:1\366\201\363\232\345\012f\306\201\257"
 310      31F681F3 
 310      9AE50A66 
 310      C681AF
 311 0834 F60DBC82 		.ascii	"\366\015\274\202\025\377\010\365\225\220\331PW&8\322"
 311      15FF08F5 
 311      9590D950 
 311      572638D2 
 312 0844 ACB5432F 		.ascii	"\254\265C/\212\036\3508t>\246D\247\324%\313d[P9\230"
 312      8A1EE838 
 312      743EA644 
 312      A7D425CB 
 312      645B5039 
 313 0859 F043E6C0 		.ascii	"\360C\346\300\220\315\207w\217c>\201\216;e[\205\224"
 313      90CD8777 
 313      8F633E81 
 313      8E3B655B 
 313      8594
 314 086b 40153481 		.ascii	"@\0254\201\036O\345TJ\025\303<\022\332\336\324T\351"
 314      1E4FE554 
 314      4A15C33C 
 314      12DADED4 
 314      54E9
 315 087d 9C9D4742 		.ascii	"\234\235GB=\225\\\233\351>c%xJ\220*\3013\254\346\234"
 315      3D955C9B 
 315      E93E6325 
 315      784A902A 
 315      C133ACE6 
 316 0892 48ACEC43 		.ascii	"H\254\354C\352R\360$\250\177B \360\323\202\267\334\211"
 316      EA52F024 
 316      A87F4220 
 316      F0D382B7 
 316      DC89
ARM GAS  /tmp/ccQqVbES.s 			page 25


 317 08a4 A04FB5DD 		.ascii	"\240O\265\335xf\304\247Y\216\345\275N\3137\313\005n"
 317      7866C4A7 
 317      598EE5BD 
 317      4ECB37CB 
 317      056E
 318 08b6 D28F2970 		.ascii	"\322\217)p\267\177\327U\3414\330\031\341{\006\253nj"
 318      B77FD755 
 318      E134D819 
 318      E17B06AB 
 318      6E6A
 319 08c8 BB807035 		.ascii	"\273\200p5\033\254~\254\374\210TxaR*g\216]\235=\243"
 319      1BAC7EAC 
 319      FC885478 
 319      61522A67 
 319      8E5D9D3D 
 320 08dd 9135B291 		.ascii	"\2215\262\221\325\002\035\267\375\305\371\0167\265\221"
 320      D5021DB7 
 320      FDC5F90E 
 320      37B591
 321 08ec 4ABED5D2 		.ascii	"J\276\325\322qk\344q{Nd\016\032\324Z\316\210\036|}\242"
 321      716BE471 
 321      7B4E640E 
 321      1AD45ACE 
 321      881E7C7D 
 322 0901 C580ED4C 		.ascii	"\305\200\355L\313\317\323_\264x\340F\306\214\227\214"
 322      CBCFD35F 
 322      B478E046 
 322      C68C978C 
 323 0911 1E72C7CD 		.ascii	"\036r\307\315\214){:~\326\244\026:c\311\275o\342\340"
 323      8C297B3A 
 323      7ED6A416 
 323      3A63C9BD 
 323      6FE2E0
 324 0924 FD59F812 		.ascii	"\375Y\370\022\353\372pd\352\030\224\204\214))\255k5"
 324      EBFA7064 
 324      EA189484 
 324      8C2929AD 
 324      6B35
 325 0936 E3EB8C99 		.ascii	"\343\353\214\231J\315=a\304]\222\207\012\016\244\033"
 325      4ACD3D61 
 325      C45D9287 
 325      0A0EA41B 
 326 0946 713F63A6 		.ascii	"q?c\246S\2232\015x\2201{Z\367\024\230\3610c^\016\355"
 326      5393320D 
 326      7890317B 
 326      5AF71498 
 326      F130635E 
 327 095c 6947CC91 		.ascii	"iG\314\221\236\\U>O\252\312\313\236\355\332k\306\217"
 327      9E5C553E 
 327      4FAACACB 
 327      9EEDDA6B 
 327      C68F
 328 096e 19F6467B 		.ascii	"\031\366F{b\225\2045\003\233z\261\367?g\364y\253\354"
 328      62958435 
 328      039B7AB1 
 328      F73F67F4 
 328      79ABEC
ARM GAS  /tmp/ccQqVbES.s 			page 26


 329 0981 F3CBCCE7 		.ascii	"\363\313\314\347\307\266\016\024{@_\037\023li\334\267"
 329      C7B60E14 
 329      7B405F1F 
 329      136C69DC 
 329      B7
 330 0992 271FF6ED 		.ascii	"'\037\366\355\351\244}\374\250\036?e\223\354\364\311"
 330      E9A47DFC 
 330      A81E3F65 
 330      93ECF4C9 
 331 09a2 812C13F7 		.ascii	"\201,\023\367u\351\017\011\333\310\007\235k\340\242"
 331      75E90F09 
 331      DBC8079D 
 331      6BE0A2
 332 09b1 6F9469E6 		.ascii	"o\224i\346\343\370\2724\232/\342\371:\264\224~\317@"
 332      E3F8BA34 
 332      9A2FE2F9 
 332      3AB4947E 
 332      CF40
 333 09c3 6D30AF7C 		.ascii	"m0\257|\244d\273\012a\272\302\024(\316-j\234\205\247"
 333      A464BB0A 
 333      61BAC214 
 333      28CE2D6A 
 333      9C85A7
 334 09d6 A5699C51 		.ascii	"\245i\234Qw\322\3131Bo\363\302\023\364\223\321u\030"
 334      77D2CB31 
 334      426FF3C2 
 334      13F493D1 
 334      7518
 335 09e8 E15B6584 		.ascii	"\341[e\204k\302\014C|\247=DK\363\245\024\275\022TD\345"
 335      6BC20C43 
 335      7CA73D44 
 335      4BF3A514 
 335      BD125444 
 336 09fd 5D84F616 		.ascii	"]\204\366\026\232\3177h\246\264\312\231\222W\232\371"
 336      9ACF3768 
 336      A6B4CA99 
 336      92579AF9 
 337 0a0d C0C0E6CB 		.ascii	"\300\300\346\313\217\222^\220\2310\351\306K\277\371"
 337      8F925E90 
 337      9930E9C6 
 337      4BBFF9
 338 0a1c 7DD26BDB 		.ascii	"}\322k\333\272\336\306\333\334\251s\237\266v\365#\234"
 338      BADEC6DB 
 338      DCA9739F 
 338      B676F523 
 338      9C
 339 0a2d CC98C48B 		.ascii	"\314\230\304\213\027\216\030\360n\306<(\276\334\354"
 339      178E18F0 
 339      6EC63C28 
 339      BEDCEC
 340 0a3c 8E331833 		.ascii	"\2163\030308y\006\343,\306\034~\220\237b\304\271R\237"
 340      30387906 
 340      E32CC61C 
 340      7E909F62 
 340      C4B9529F 
 341 0a50 819156E9 		.ascii	"\201\221V\351;\301N\022\274\227\243\247\277\225\263"
 341      3BC14E12 
ARM GAS  /tmp/ccQqVbES.s 			page 27


 341      BC97A3A7 
 341      BF95B3
 342 0a5f 84D4F2F7 		.ascii	"\204\324\362\367\237\336\231\366\300\207(\370g\017N"
 342      9FDE99F6 
 342      C08728F8 
 342      670F4E
 343 0a6e A61DF244 		.ascii	"\246\035\362D\316u\274\243\230\207\325\027\216s\275"
 343      CE75BCA3 
 343      9887D517 
 343      8E73BD
 344 0a7d 9771D295 		.ascii	"\227q\322\225\026Q\354\263#\324.x\243K\340\363aX\342"
 344      1651ECB3 
 344      23D42E78 
 344      A34BE0F3 
 344      6158E2
 345 0a90 646B5C6B 		.ascii	"dk\\k\346\216he\275\356\221\320\332E\347\036\220\337"
 345      E68E6865 
 345      BDEE91D0 
 345      DA45E71E 
 345      90DF
 346 0aa2 B1859D19 		.ascii	"\261\205\235\031\277\002\331g%\264c\015v\2519[6+\262"
 346      BF02D967 
 346      25B4630D 
 346      76A9395B 
 346      362BB2
 347 0ab5 2FA865BB 		.ascii	"/\250e\273V\373\2678x\223\032\356tX\337C\204oah2\277"
 347      56FBB738 
 347      78931AEE 
 347      7458DF43 
 347      846F6168 
 348 0acb ED6AB46B 		.ascii	"\355j\264k%\300\311nV\243]*\272[\234S\272\325hn\317"
 348      25C0C96E 
 348      56A35D2A 
 348      BA5B9C53 
 348      BAD5686E 
 349 0ae0 E5B7A27E 		.ascii	"\345\267\242~pC\037M\230ai\037z\006\351\366\000\366"
 349      70431F4D 
 349      9861691F 
 349      7A06E9F6 
 349      00F6
 350 0af2 9F01A0FB 		.ascii	"\237\001\240\373@\343@#@O\201n\003\015\002\335\003\032"
 350      40E34023 
 350      404F816E 
 350      030D02DD 
 350      031A
 351 0b04 03BA0BF4 		.ascii	"\003\272\013\364\004\350!9\311\222S*\320\0209\311\002"
 351      04E82139 
 351      C992532A 
 351      D01039C9 
 351      02
 352 0b15 DD011A05 		.ascii	"\335\001\032\005z\014\364\310\2615\023\037\264E+>\350"
 352      7A0CF4C8 
 352      B135131F 
 352      B4452B3E 
 352      E8
 353 0b26 D50C1EBF 		.ascii	"\325\014\036\2773s.hT\203{\324.\030\343\\\320\251F\273"
 353      33732E68 
ARM GAS  /tmp/ccQqVbES.s 			page 28


 353      54837BD4 
 353      2E18E35C 
 353      D0A946BB 
 354 0b3a 9471635B 		.ascii	"\224qc[\270\002[\215\036w\012\035$\320-)\213\252 \213"
 354      B8025B8D 
 354      1E770A1D 
 354      24D02D29 
 354      8BAA208B 
 355 0b4e 2A25B4BC 		.ascii	"*%\264\274;9\227Yd\021\271/\241a\327\242u\215\023\332"
 355      3B399759 
 355      6411B92F 
 355      A161D7A2 
 355      758D13DA 
 356 0b62 B5BAEEE0 		.ascii	"\265\272\356\340\314\374Z;\322N\237\2308;\273\264C\355"
 356      CCFC5A3B 
 356      D24E9F98 
 356      383BBBB4 
 356      43ED
 357 0b74 04E7A49F 		.ascii	"\004\347\244\237\327\316Q\247\303\033'\275C\333\213"
 357      D7CE51A7 
 357      C31B27BD 
 357      43DB8B
 358 0b83 FC09BEE9 		.ascii	"\374\011\276\351\021;\275\015\253O\360\304kM\023\363"
 358      113BBD0D 
 358      AB4FF0C4 
 358      6B4D13F3 
 359 0b93 D245720E 		.ascii	"\322Er\016\253\007G\324I\302\034\307\354N\365\374h\343"
 359      AB0747D4 
 359      49C21CC7 
 359      EC4EF5FC 
 359      68E3
 360 0ba5 E6C739ED 		.ascii	"\346\3079\355\371\341\244)gX\203vv8\016n\255\275\031"
 360      F9E1A429 
 360      67588376 
 360      76380E6E 
 360      ADBD19
 361 0bb8 AD7ADC47 		.ascii	"\255z\334GW%\241\362\306\211\014/4\327Wk.\240)\230\002"
 361      5725A1F2 
 361      C6890C2F 
 361      34D7576B 
 361      2EA02998 
 362 0bcd FF1FD341 		.ascii	"\377\037\323A*N&\334\311\251\361%\0148\251l6\303\364"
 362      2A4E26DC 
 362      C9A9F125 
 362      0C38A96C 
 362      36C3F4
 363 0be0 D4086A7F 		.ascii	"\324\010j\177q\251+\301\300\037\376^:\035\376^I\207"
 363      71A92BC1 
 363      C01FFE5E 
 363      3A1DFE5E 
 363      4987
 364 0bf2 BF57F4F0 		.ascii	"\277W\364\360w\375aN\272\033\276\307\226\351\261\254"
 364      77FD614E 
 364      BA1BBEC7 
 364      96E9B1AC 
 365 0c02 A661137E 		.ascii	"\246a\023~\304\230\354\262/\0231\036cLWM\\\243\027\236"
 365      C498ECB2 
ARM GAS  /tmp/ccQqVbES.s 			page 29


 365      2F13311E 
 365      634C574D 
 365      5CA3179E 
 366 0c16 644C7F6E 		.ascii	"dL\177n\374\200\033\236f\314\231\332\207\376le\367\001"
 366      FC801B9E 
 366      66CC99DA 
 366      87FE6C65 
 366      F701
 367 0c28 EE6CF763 		.ascii	"\356l\367c\273\364\237\266>\262\320\347\016\017\365"
 367      BBF49FB6 
 367      3EB2D0E7 
 367      0E0FF5
 368 0c37 99718281 		.ascii	"\231q\202\201@\215\257\3164\036tGlE\367\345J\205\232"
 368      408DAFCE 
 368      341E7447 
 368      6C45F7E5 
 368      4A859A
 369 0c4a 635CA910 		.ascii	"c\\\251\020\2071\332\206\265\027g\336\367\211\330\007"
 369      8731DA86 
 369      B51767DE 
 369      F789D807 
 370 0c5a 2560D246 		.ascii	"%`\322F\320\304\361;\261/J\301P\375\002m\007\332\005"
 370      D0C4F13B 
 370      B12F4AC1 
 370      50FD026D 
 370      07DA05
 371 0c6d B4032819 		.ascii	"\264\003(\031(\011\363G\375\226\277+I\260U=\236\313"
 371      2809F347 
 371      FD96BF2B 
 371      49B0553D 
 371      9ECB
 372 0c7f D671FF53 		.ascii	"\326q\377S\005-\252\321.\2377'?u.\014\234\320.\013J"
 372      052DAAD1 
 372      2E9F3727 
 372      3F752E0C 
 372      9CD02E0B 
 373 0c94 3DA7C96B 		.ascii	"=\247\311kA\023\315O\234\326\227l\342\000\314\265\364"
 373      4113CD4F 
 373      9CD6976C 
 373      E200CCB5 
 373      F4
 374 0ca5 ED79C915 		.ascii	"\355y\311\0250\361\232n\344\2272N\317i\365\310M\316"
 374      30F19A6E 
 374      E497324E 
 374      CF69F5C8 
 374      4DCE
 375 0cb7 13E1B376 		.ascii	"\023\341\263v\361\246\031\357\240Q\024\232\207\206J"
 375      F1A619EF 
 375      A051149A 
 375      87864A
 376 0cc6 CCAA8920 		.ascii	"\314\252\211 \007\003\245A\014\376/\361`f]\237\242\011"
 376      0703A541 
 376      0CFE2FF1 
 376      60665D9F 
 376      A209
 377 0cd8 9D0A1D77 		.ascii	"\235\012\035wcGB\023#\351\360W;\213K\274\370\204N\305"
 377      63474213 
ARM GAS  /tmp/ccQqVbES.s 			page 30


 377      23E9F057 
 377      3B8B4BBC 
 377      F8844EC5 
 378 0cec 7C42A763 		.ascii	"|B\247c\226\320\344\356\371\361\232u\341\353\326\255"
 378      96D0E4EE 
 378      F9F19A75 
 378      E1EBD6AD 
 379 0cfc 0D8FDA10 		.ascii	"\015\217\332\020\025\353\361\316\237\337[`\365\363\323"
 379      15EBF1CE 
 379      9FDF5B60 
 379      F5F3D3
 380 0d0b FD7EF162 		.ascii	"\375~\361b\213%:\306\002\215\226O\2427\306\306X\302"
 380      8B253AC6 
 380      028D964F 
 380      A237C6C6 
 380      58C2
 381 0d1d 56AF5AEA 		.ascii	"V\257Z\352\317\256A\3136o\266H\335\026G\350\346\304"
 381      CFAE41CB 
 381      366FB648 
 381      DD1647E8 
 381      E6C4
 382 0d2f C4AE5FEA 		.ascii	"\304\256_\352\037\036\261.:\342\257T\212!j\343\337B"
 382      1F1EB12E 
 382      3AE2AF54 
 382      8A216AE3 
 382      DF42
 383 0d41 E0FEE60F 		.ascii	"\340\376\346\017\012a=\243b6.\376XgX\273~\315\367\365"
 383      0A613DA3 
 383      62362EFE 
 383      586758BB 
 383      7ECDF7F5 
 384 0d55 5AB932D0 		.ascii	"Z\2712\320\022\270*\340\277\375\245^\000\207^\246\360"
 384      12B82AE0 
 384      BFFDA55E 
 384      00875EA6 
 384      F0
 385 0d66 F04D511B 		.ascii	"\360MQ\033b\201\217}\323\262)f\243%jC\304\272Mk#-\033"
 385      62818F7D 
 385      D3B22966 
 385      A3256A43 
 385      C4BA4D6B 
 386 0d7d 22FF675D 		.ascii	"\"\377g]\324\207\226\365k\">\216\332\020i\011_\033\371"
 386      D48796F5 
 386      6B223E8E 
 386      DA106909 
 386      5F1BF9
 387 0d90 D19A4DEB 		.ascii	"\321\232M\353b\303c\267|\022\031\003\035=\344n\013\265"
 387      62C363B7 
 387      7C121903 
 387      1D3DE46E 
 387      0BB5
 388 0da2 BAC56C89 		.ascii	"\272\305l\211\261\204\307\304\256\005\014`g\207m\211"
 388      B184C7C4 
 388      AE050C60 
 388      67876D89 
 389 0db2 898D5C6F 		.ascii	"\211\215\\o\215\336\030i%V\272\205\205Y\337\261\031"
 389      8DDE1869 
ARM GAS  /tmp/ccQqVbES.s 			page 31


 389      2556BA85 
 389      8559DFB1 
 389      19
 390 0dc3 6D2BC256 		.ascii	"m+\302V\330\336_\021\370\007l\015\263\351\227\007Z\225"
 390      D8DE5F11 
 390      F8076C0D 
 390      B3E99707 
 390      5A95
 391 0dd5 57FF6A0C 		.ascii	"W\377j\014\010]\356\2772t\305\237m\344\311\217=\311"
 391      085DEEBF 
 391      3274C59F 
 391      6DE4C98F 
 391      3DC9
 392 0de7 ADCB8C01 		.ascii	"\255\313\214\001\301\313\227J\255\301\016\\\260\032"
 392      C1CB974A 
 392      ADC10E5C 
 392      B01A
 393 0df5 B7D440A4 		.ascii	"\267\324@\244\300\033r\367\343[\374\015D\002m\011\226"
 393      C01B72F7 
 393      E35BFC0D 
 393      44026D09 
 393      96
 394 0e06 10C1CE08 		.ascii	"\020\301\316\010?\017\322\327\026\266\332F\036\374\310"
 394      3F0FD2D7 
 394      16B6DA46 
 394      1EFCC8
 395 0e15 83A36D89 		.ascii	"\203\243m\211\007\351\315\332\202eP0\003ak\210Mo\015"
 395      07E9CDDA 
 395      82655030 
 395      03616B88 
 395      4D6F0D
 396 0e28 7AC76608 		.ascii	"z\307f\010]\271\222\334\005\253\315\004\217!\376a\204"
 396      5DB992DC 
 396      05ABCD04 
 396      8F21FE61 
 396      84
 397 0e39 93A31311 		.ascii	"\223\243\023\021\275~}\364\006K\344\346X\010\217:\242"
 397      BD7E7DF4 
 397      064BE4E6 
 397      58088F3A 
 397      A2
 398 0e4a 1F2D5BF2 		.ascii	"\037-[\362o\2337\203\343\3146\2535|5x<0\362#s\350\177"
 398      6F9B3783 
 398      E3CC36AB 
 398      357C3578 
 398      3C30F223 
 399 0e61 D8E4E75F 		.ascii	"\330\344\347_\310I\367\341\232\210\277n\372$|m\364\372"
 399      C849F7E1 
 399      9A88BF6E 
 399      FA247C6D 
 399      F4FA
 400 0e73 35511B68 		.ascii	"5Q\033h\362\270\023m\203\376\342\036\022h}7p\005\341"
 400      F2B8136D 
 400      83FEE21E 
 400      12687D37 
 400      7005E1
 401 0e86 FC83FEE2 		.ascii	"\374\203\376\342\025\270\374\235U\326\367\344\356\372"
ARM GAS  /tmp/ccQqVbES.s 			page 32


 401      15B8FC9D 
 401      55D6F7E4 
 401      EEFA
 402 0e94 90B0009B 		.ascii	"\220\260\000\233~\325\252 \033\016\010\264\341@\270"
 402      7ED5AA20 
 402      1B0E08B4 
 402      E140B8
 403 0ea3 8706D9F4 		.ascii	"\207\006\331\364\001A$\014A\00167h\002@ \341\203\311"
 403      0141240C 
 403      41013637 
 403      68024020 
 403      E183C9
 404 0eb6 C50A17B7 		.ascii	"\305\012\027\267\260`\010\023\016\013\0165\262\234y"
 404      B0600813 
 404      0E0B0E35 
 404      B29C79
 405 0ec5 2B3CD620 		.ascii	"+<\326 \335\261\325\012-V\233[@\210\315j\323\277\277"
 405      DDB1D50A 
 405      2D569B5B 
 405      4088CD6A 
 405      D3BFBF
 406 0ed8 FA5D9B3E 		.ascii	"\372]\233>\004\320n\326\320\367B\002\341\032`\265-s"
 406      04D06ED6 
 406      D0F74202 
 406      E11A60B5 
 406      2D73
 407 0eea B53CC0B6 		.ascii	"\265<\300\266\312b]\025\026\022f!\251a\011\221r(\002"
 407      CA625D15 
 407      16126621 
 407      A9610991 
 407      722802
 408 0efd 98F088F5 		.ascii	"\230\360\210\365\313H\226\205Y\227S\255\335\336\015"
 408      CB489685 
 408      599753AD 
 408      DDDE0D
 409 0f0c 5D6DB509 		.ascii	"]m\265\011a6\003<\374i\305\0076=\271`\220\353N[\374"
 409      6136033C 
 409      FC69C507 
 409      363DB960 
 409      90EB4E5B 
 410 0f21 6605AD0C 		.ascii	"f\005\255\014\010\013\226-\374\007As\3068"
 410      080B962D 
 410      FC074173 
 410      C638
 411              		.text
 412              		.section	.gnu.lto_.symtab.5cfc5d527e545f7b,"",%progbits
 413 0000 68616C5F 		.ascii	"hal_lld_init\000"
 413      6C6C645F 
 413      696E6974 
 413      00
 414 000d 00       		.ascii	"\000"
 415 000e 00       		.ascii	"\000"
 416 000f 00       		.ascii	"\000"
 417 0010 00000000 		.ascii	"\000\000\000\000\000\000\000\000"
 417      00000000 
 418 0018 AE000000 		.ascii	"\256\000\000\000"
 419 001c 73746D33 		.ascii	"stm32_clock_init\000"
ARM GAS  /tmp/ccQqVbES.s 			page 33


 419      325F636C 
 419      6F636B5F 
 419      696E6974 
 419      00
 420 002d 00       		.ascii	"\000"
 421 002e 00       		.ascii	"\000"
 422 002f 00       		.ascii	"\000"
 423 0030 00000000 		.ascii	"\000\000\000\000\000\000\000\000"
 423      00000000 
 424 0038 B0000000 		.ascii	"\260\000\000\000"
 425 003c 53797374 		.ascii	"SystemCoreClock\000"
 425      656D436F 
 425      7265436C 
 425      6F636B00 
 426 004c 00       		.ascii	"\000"
 427 004d 00       		.ascii	"\000"
 428 004e 00       		.ascii	"\000"
 429 004f 00000000 		.ascii	"\000\000\000\000\000\000\000\000"
 429      00000000 
 430 0057 C1000000 		.ascii	"\301\000\000\000"
 431 005b 69727149 		.ascii	"irqInit\000"
 431      6E697400 
 432 0063 00       		.ascii	"\000"
 433 0064 02       		.ascii	"\002"
 434 0065 00       		.ascii	"\000"
 435 0066 00000000 		.ascii	"\000\000\000\000\000\000\000\000"
 435      00000000 
 436 006e B2000000 		.ascii	"\262\000\000\000"
 437 0072 646D6149 		.ascii	"dmaInit\000"
 437      6E697400 
 438 007a 00       		.ascii	"\000"
 439 007b 02       		.ascii	"\002"
 440 007c 00       		.ascii	"\000"
 441 007d 00000000 		.ascii	"\000\000\000\000\000\000\000\000"
 441      00000000 
 442 0085 B4000000 		.ascii	"\264\000\000\000"
 443              		.text
 444              		.section	.gnu.lto_.opts,"",%progbits
 445 0000 272D666D 		.ascii	"'-fmath-errno' '-fsigned-zeros' '-ftrapping-math' '"
 445      6174682D 
 445      6572726E 
 445      6F272027 
 445      2D667369 
 446 0033 2D666E6F 		.ascii	"-fno-trapv' '-fno-openmp' '-fno-openacc' '-mcpu=cor"
 446      2D747261 
 446      70762720 
 446      272D666E 
 446      6F2D6F70 
 447 0066 7465782D 		.ascii	"tex-m4' '-mno-thumb-interwork' '-mthumb' '-ggdb' '-"
 447      6D342720 
 447      272D6D6E 
 447      6F2D7468 
 447      756D622D 
 448 0099 4F322720 		.ascii	"O2' '-fomit-frame-pointer' '-falign-functions=16' '"
 448      272D666F 
 448      6D69742D 
 448      6672616D 
ARM GAS  /tmp/ccQqVbES.s 			page 34


 448      652D706F 
 449 00cc 2D666675 		.ascii	"-ffunction-sections' '-fdata-sections' '-fno-common"
 449      6E637469 
 449      6F6E2D73 
 449      65637469 
 449      6F6E7327 
 450 00ff 2720272D 		.ascii	"' '-flto'\000"
 450      666C746F 
 450      2700
 451              		.text
 452              		.comm	__gnu_lto_v1,1,1
 453              		.comm	__gnu_lto_slim,1,1
 454              		.ident	"GCC: (15:6.3.1+svn253039-1build1) 6.3.1 20170620"
ARM GAS  /tmp/ccQqVbES.s 			page 35


DEFINED SYMBOLS
                            *ABS*:0000000000000000 hal_lld.c
                            *COM*:0000000000000001 __gnu_lto_v1
                            *COM*:0000000000000001 __gnu_lto_slim

NO UNDEFINED SYMBOLS
