ARM GAS  /tmp/ccKqqRdJ.s 			page 1


   1              		.cpu cortex-m4
   2              		.eabi_attribute 20, 1
   3              		.eabi_attribute 21, 1
   4              		.eabi_attribute 23, 3
   5              		.eabi_attribute 24, 1
   6              		.eabi_attribute 25, 1
   7              		.eabi_attribute 26, 1
   8              		.eabi_attribute 30, 2
   9              		.eabi_attribute 34, 1
  10              		.eabi_attribute 18, 4
  11              		.file	"memstreams.c"
  12              		.text
  13              	.Ltext0:
  14              		.section	.gnu.lto_.profile.ab28f13ee2ecfa23,"",%progbits
  15 0000 789C6365 		.ascii	"x\234ce`b`a```d\010\260\004\000\001Y\000\226"
  15      60626061 
  15      60606064 
  15      08B00400 
  15      01590096 
  16              		.text
  17              		.section	.gnu.lto_.icf.ab28f13ee2ecfa23,"",%progbits
  18 0000 789C6365 		.ascii	"x\234ce`bPc@\0006\206MO/\354\345b\334\371\347\304s^"
  18      60625063 
  18      40003686 
  18      4D4F2FEC 
  18      E562DCF9 
  19 0018 A6F9DFE6 		.ascii	"\246\371\337\346\177\345f\006\223,\217V}\177\316\302"
  19      7FE56606 
  19      932C8F56 
  19      7D7FCEC2 
  20 0028 BAF6F7CF 		.ascii	"\272\366\367\317/\\\014\000\211\347\024W"
  20      2F5C0C00 
  20      89E71457 
  21              		.text
  22              		.section	.gnu.lto_.jmpfuncs.ab28f13ee2ecfa23,"",%progbits
  23 0000 789C458B 		.ascii	"x\234E\213\273\021\000 \010C\023@-\235\312\241\254\262"
  23      BB110020 
  23      08431340 
  23      2D9DCAA1 
  23      ACB2
  24 0012 BA5888AF 		.ascii	"\272X\210\257\310]~\015\206\205O\203\221.1\221y\352"
  24      C85D7E0D 
  24      86854F83 
  24      912E3191 
  24      79EA
  25 0024 10D56D93 		.ascii	"\020\325m\223o\342\225\246\251\"\342^\246\022\034\360"
  25      6FE295A6 
  25      A922E25E 
  25      A6121CF0 
  26 0034 C60714   		.ascii	"\306\007\024"
  27              		.text
  28              		.section	.gnu.lto_.inline.ab28f13ee2ecfa23,"",%progbits
  29 0000 789CB591 		.ascii	"x\234\265\2211\016\3020\014E\277\235\224D4Ua*HHd\002"
  29      310EC230 
  29      0C45BF9D 
  29      94443455 
  29      612A4848 
ARM GAS  /tmp/ccKqqRdJ.s 			page 2


  30 0016 A69E8189 		.ascii	"\246\236\201\211\2213p\024\330:vddd\344(\0359\002##"
  30      91337014 
  30      D83A7664 
  30      6464E428 
  30      1D390223 
  31 002b 23D8AD40 		.ascii	"#\330\255@Ht$\221\236\034Ky\266\223\004\214\003\341"
  31      48742491 
  31      9E1C4B79 
  31      B693048C 
  31      03E1
  32 003d BD12200B 		.ascii	"\275\022 \013d\020\011f\255\334)\343pP\227\360M\311"
  32      64100966 
  32      ADDC29E3 
  32      705097F0 
  32      4DC9
  33 004f A09BB32D 		.ascii	"\240\233\263-\005^C\017{\232\007\320\325\215X\011\276"
  33      055E430F 
  33      7B9A07D0 
  33      D58D5809 
  33      BE
  34 0060 E4131112 		.ascii	"\344\023\021\022B\332\371Z\323\236:\241\251\012\270"
  34      42DAF95A 
  34      D39E3AA1 
  34      A90AB8
  35 006f C7E287D0 		.ascii	"\307\342\207\320\034\213~!c<%\373%\344(\023\2505}]\203"
  35      1C8B7E21 
  35      633C25FB 
  35      25E42813 
  35      A8357D5D 
  36 0084 BFF7B6C9 		.ascii	"\277\367\266\311M\036D=\223c\324d\224\344J\3246\003"
  36      4D1E443D 
  36      9363D464 
  36      94E44AD4 
  36      3603
  37 0096 4CBD956D 		.ascii	"L\275\225m>U\272g\370C\021\013\357\010\234TK\244\347"
  37      3E55BA67 
  37      F843110B 
  37      EF089C54 
  37      4BA4E7
  38 00a9 0DEB073C 		.ascii	"\015\353\007<\001\310\1775\215"
  38      01C87F35 
  38      8D
  39              		.text
  40              		.section	.gnu.lto_.pureconst.ab28f13ee2ecfa23,"",%progbits
  41 0000 789C6365 		.ascii	"x\234ce`b\340f```e\220b\224b\222b\226b\221\002\000\004"
  41      6062E066 
  41      60606065 
  41      90629462 
  41      92629662 
  42 0018 2200A4   		.ascii	"\"\000\244"
  43              		.text
  44              		.section	.gnu.lto__put.ab28f13ee2ecfa23,"",%progbits
  45 0000 789C9552 		.ascii	"x\234\225R\313KTQ\030?\277s\356cF\247\211Z\265\230\205"
  45      CB4B5451 
  45      183FBF73 
  45      EE6346A7 
  45      895AB598 
ARM GAS  /tmp/ccKqqRdJ.s 			page 3


  46 0015 0B65306A 		.ascii	"\013e0jnP-\373cT\204\004\207\244i\235\307\031\033\245"
  46      6E502DFB 
  46      63548404 
  46      87A4699D 
  46      C7191BA5 
  47 0029 97D2C317 		.ascii	"\227\322\303\0273]!\304\262|k\251\275\206\204J\323\262"
  47      335D21C4 
  47      B27C6BA9 
  47      BD86844A 
  47      D3B2
  48 003b C208172D 		.ascii	"\302\010\027-r\024\244,\354A;\353\373\356\035\320h\243"
  48      7214A42C 
  48      EC413BEB 
  48      FBEE1DD0 
  48      68A3
  49 004d 17EEB9E7 		.ascii	"\027\356\271\347\361\375\036\337\357\036SH\261\254\204"
  49      F1FD1EDF 
  49      EF1E5348 
  49      B1AC84
  50 005c 708410C7 		.ascii	"p\204\020\307\351\205) [_\011\321\020\220\322p!t\221"
  50      E9852920 
  50      5B5F09D1 
  50      1090D270 
  50      217491
  51 006f DA981342 		.ascii	"\332\230\023B\207\024\014\177\337\000x\242\003\020\365"
  51      87140C7F 
  51      DF0078A2 
  51      0310F5
  52 007e 5219A847 		.ascii	"R\031\250G\213jWx\3238\224Q\227\225\253\004\014Zn\314"
  52      8B6A5778 
  52      D3389451 
  52      9795AB04 
  52      0C5A6ECC 
  53 0092 772D8779 		.ascii	"w-\207y\011\224\3202?\231^7\312{5=\271\366k\326\215"
  53      0994D032 
  53      3F995E37 
  53      CA7B353D 
  53      B9F66BD6 
  54 00a7 91051D74 		.ascii	"\221\005\035t\225\024\235T~\013\021\364\"\302\352\267"
  54      95149D54 
  54      7E0B11F4 
  54      22C2EAB7 
  55 00b7 514EC5EF 		.ascii	"QN\305\357\346\027[m\025\205\240\371hs\367d(\332\243"
  55      E6175B6D 
  55      1585A0F9 
  55      6873F764 
  55      28DAA3
  56 00ca 7552E7E6 		.ascii	"uR\347\346\256*]\352*\205>\250\355@\332\022\270\203"
  56      AE2A5DEA 
  56      2A853EA8 
  56      ED40DA12 
  56      B883
  57 00dc 289567D2 		.ascii	"(\225g\322}+J\035\364\240\237\323\337\277\206\013\320"
  57      7D2B4A1D 
  57      F4A09FD3 
  57      DFBF860B 
  57      D0
ARM GAS  /tmp/ccKqqRdJ.s 			page 4


  58 00ed 2F3FA50E 		.ascii	"/?\245\016\271\344\366\256\017=\032\301\021\006\032"
  58      B9E4F6AE 
  58      0F3D1AC1 
  58      11061A
  59 00fc 02FD8872 		.ascii	"\002\375\210r\365\217o\213/\203\352\220\207t'R]\341"
  59      F58F6F8B 
  59      2F83EA90 
  59      87742752 
  59      5DE1
  60 010e B29B1EF2 		.ascii	"\262\233\036\362c\307\376+)\375B\033\25621\360\2570"
  60      63C7FE2B 
  60      29FD421B 
  60      AE3231F0 
  60      AF30
  61 0120 3F54FE69 		.ascii	"?T\376ix\363\372\036\313\300 \312\270!\352c\010\026"
  61      78F3FA1E 
  61      CBC020CA 
  61      B821EA63 
  61      0816
  62 0132 E83BF816 		.ascii	"\350;\370\0269\275\371\247I\347\336\037\37006\277/\014"
  62      39BDF9A7 
  62      49E7DE1F 
  62      F83036BF 
  62      2F0C
  63 0144 92941409 		.ascii	"\222\224\024\011\2315ijY<\3304\330\001\036\202`7\305"
  63      9935696A 
  63      593CD834 
  63      D8011E82 
  63      6037C5
  64 0157 BC19E241 		.ascii	"\274\031\342A\210\363D\307i_\240\254\350\253V\220\354"
  64      88F344C7 
  64      695FA0AC 
  64      E8AB5690 
  64      EC
  65 0168 1EBC58EE 		.ascii	"\036\274X\356\011\220\\\226:_Crj\355\322\264\305{Ye"
  65      09905C96 
  65      3A5F4372 
  65      6AEDD2B4 
  65      C57B5965 
  66 017c 929FB673 		.ascii	"\222\237\266sO_\333\234\275\351u\363\373\371ls\310E"
  66      4F5FDB9C 
  66      BDE975F3 
  66      FBF96C73 
  66      C845
  67 018e B681C22F 		.ascii	"\266\201\302/qU\200@\030f\367t\326\223O\016\330N\277"
  67      71558040 
  67      1866F774 
  67      D6934F0E 
  67      D84EBF
  68 01a1 F68F8218 		.ascii	"\366\217\202\030\201\213\016nA`\024\216\307=\023\363"
  68      818B0E6E 
  68      4160148E 
  68      C73D13F3 
  69 01b1 99AD5D52 		.ascii	"\231\255]R\215yT\034\003\306\211*\217\306\245\351c\005"
  69      8D79541C 
  69      03C6892A 
  69      8FC6A5E9 
ARM GAS  /tmp/ccKqqRdJ.s 			page 5


  69      6305
  70 01c3 9359EE4D 		.ascii	"\223Y\356Mp[J\320\365R^\017-\251B\017\366\256\224l\334"
  70      705B4AD0 
  70      F5525E0F 
  70      2DA9420F 
  70      F6AE946C 
  71 01d8 F394242B 		.ascii	"\363\224$+\335\367L\2472\351N\323\347\"\240\315j\244"
  71      DDF74CA7 
  71      32E94ED3 
  71      E722A0CD 
  71      6AA4
  72 01ea D0357382 		.ascii	"\3205s\202\367\266\007d\377\027Pw\230.\005\3010\301"
  72      F7B60764 
  72      FF175077 
  72      982E05C1 
  72      30C1
  73 01fc 629824EA 		.ascii	"b\230$\352\254\012\372!w\244l\237\264xG\006\017s\012"
  73      AC0AFA21 
  73      77A46C9F 
  73      B4784706 
  73      0F730A
  74 020f 535B293C 		.ascii	"S[)<\360\275\265\245\341\263\204|\242\361\246\271\341"
  74      F0BDB5A5 
  74      E1B3847C 
  74      A2F1A6B9 
  74      E1
  75 0220 2236437F 		.ascii	"\"6C\177\037\017\211\201\264\332\202\005\247;Ty\264"
  75      1F0F8981 
  75      B4DA8205 
  75      A73B5479 
  75      B4
  76 0231 A5F2180E 		.ascii	"\245\362\030\016Q{\331\032\336\225Y\207\024Y\357\354"
  76      517BD91A 
  76      DE955987 
  76      1459EFEC 
  77 0241 1740B0D5 		.ascii	"\027@\260\325\314\330\263\275\254'q\026O\020\221\263"
  77      CCD8B3BD 
  77      AC277116 
  77      4F1091B3 
  78 0251 55DB2391 		.ascii	"U\333#\221\020\310!\242\246V\027@\327\017\314A\321\226"
  78      10C821A2 
  78      A6561740 
  78      D70FCC41 
  78      D196
  79 0263 C6628E73 		.ascii	"\306b\216s*\341\234\254\250ujk*\235\304\231\323\325"
  79      2AE19CAC 
  79      A8756A6B 
  79      2A9DC499 
  79      D3D5
  80 0275 15F18413 		.ascii	"\025\361\204\023\257\216\027\246\261*!k\352P\251\342"
  80      AF8E17A6 
  80      B12A216B 
  80      EA50A9E2 
  81 0285 89BABFCD 		.ascii	"\211\272\277\315,Bl"
  81      2C426C
  82              		.text
  83              		.section	.gnu.lto__get.ab28f13ee2ecfa23,"",%progbits
ARM GAS  /tmp/ccKqqRdJ.s 			page 6


  84 0000 789C9552 		.ascii	"x\234\225R[KTQ\024\336\337\331g\316\2313\214F=\010\301"
  84      5B4B5451 
  84      14DEDFD9 
  84      67CE9933 
  84      8C463D08 
  85 0015 103E2862 		.ascii	"\020>(b\340\234\240\3721=j\010\012\016I\323c\344v\306"
  85      E09CA0FA 
  85      313D6A08 
  85      0A0E49D3 
  85      63E476C6 
  86 0029 46D12829 		.ascii	"F\321()\362\306LG\010\321,\357NyI\030\222\262\213\226"
  86      F2C64C47 
  86      08D12CEF 
  86      4E794918 
  86      92B28B96 
  87 003d 1506F614 		.ascii	"\025\006\366\024\245\202\205\205]\241\302Zk\037)\243"
  87      A5828585 
  87      5DA1C25A 
  87      6B1F29A3 
  88 004d 973A70F6 		.ascii	"\227:p\366e\355\365}\337Z\337\336\001a\210i)\204+\204"
  88      65EDF57D 
  88      DF5ADFDE 
  88      01618869 
  88      29842B84 
  89 0061 384C3F02 		.ascii	"8L?\002\002F\353C!\352\203\206az\020*$7\347\205Pa\011"
  89      0246EB43 
  89      21EA8386 
  89      617A102A 
  89      2437E785 
  90 0078 D38F9B00 		.ascii	"\323\217\233\000/T\020\242\316\220&\352pN\266K<n\030"
  90      2F5410A2 
  90      CE9026EA 
  90      704EB64B 
  90      3C6E18
  91 008b 4ECBB3D2 		.ascii	"N\313\263\322\223\002&m7\027\272^\345\363\026(\244\355"
  91      9302266D 
  91      3717BA5E 
  91      E5F31628 
  91      A4ED
  92 009d CA646AC3 		.ascii	"\312dj\303,\355U\364\345\332'\254K\243\213\312\361\244"
  92      2CED55F4 
  92      E5DA27AC 
  92      4BA38BCA 
  92      F1A4
  93 00af 213A29BD 		.ascii	"!:)\275\017\021\364\"\302\352WPJ\311O\027\226ZmY\002"
  93      0F11F422 
  93      C2EA5750 
  93      4AC94F17 
  93      965A6D59 
  94 00c4 41EBB1A6 		.ascii	"A\353\261\246\356\311pI\217R\011\225\233\277 U\221'"
  94      EEC97049 
  94      8F520995 
  94      9BBF2055 
  94      9127
  95 00d6 25FA2177 		.ascii	"%\372!w\002)$p\025%\234\377\341\335\322\003G\356\327"
  95      02292470 
  95      15259CFF 
ARM GAS  /tmp/ccKqqRdJ.s 			page 7


  95      E1DDD203 
  95      47EED7
  96 00e9 586F22D9 		.ascii	"Xo\"\331\225_|Yc?w\3569\237Tw\225\351Q\311\327\376\304"
  96      955F7C59 
  96      633F77EE 
  96      399F5477 
  96      95E951C9 
  97 0100 F347E9E9 		.ascii	"\363G\351\351T\377\252\224Q\015\275\375}y.\264\015}"
  97      54FFAA94 
  97      510DBDFD 
  97      7D792EB4 
  97      0D7D
  98 0112 DB59B099 		.ascii	"\333Y\260\231P\035\014\015`\320\207\036\214\340\300"
  98      501D0C0D 
  98      60D0871E 
  98      8CE0C0
  99 0121 2FE0CB91 		.ascii	"/\340\313\221\255\213y\226\211!\024c\000\305\334\024"
  99      AD8B7996 
  99      89211463 
  99      00C5DC14 
 100 0131 F5320C0B 		.ascii	"\3652\014\0134qt\350\011rj\353G\243\312\255\355\235"
 100      347174E8 
 100      09726AEB 
 100      47A3CAAD 
 100      ED9D
 101 0143 F9F86C77 		.ascii	"\371\370lw\036\250f\203\254\241\242\003\264\264,\036"
 101      1EA86683 
 101      ACA1A203 
 101      B4B42C1E 
 102 0153 6C1AEC20 		.ascii	"l\032\354 \017\216`T\210\203a\316\024\242\231(\331\365"
 102      0F8E6054 
 102      888361CE 
 102      14A29928 
 102      D9F5
 103 0165 16DAD02C 		.ascii	"\026\332\320,W\221\350\376v\246T\213\220d\206\034XG"
 103      5791E8FE 
 103      76A6548B 
 103      9064861C 
 103      5847
 104 0177 626ABD6F 		.ascii	"bj\275o\326\342XF\006\250\256\266\323\267\036\331|\007"
 104      D6E25846 
 104      06A8AEB6 
 104      D3B71ED9 
 104      7C07
 105 0189 A6EEE9CB 		.ascii	"\246\356\351\313\334\375\246\260\207L=]B\241'\203\004"
 105      DCFDA6B0 
 105      874C3D5D 
 105      42A12783 
 105      04
 106 019a C208B74F 		.ascii	"\302\010\267Og=+\211A\333\035P\376\221\203Qx\350\340"
 106      673D2B89 
 106      41DB1D50 
 106      FE918351 
 106      78E8E0
 107 01ad 3604C6E0 		.ascii	"6\004\306\340j\356{e>\263\365\237T\343\232\012L\225"
 107      6AEE7B65 
 107      3EB3F59F 
ARM GAS  /tmp/ccKqqRdJ.s 			page 8


 107      54E39A0A 
 107      4C95
 108 01bf 25AA1534 		.ascii	"%\252\0254<\237=\264]$\261i\023[\250~zfR\367\320\237"
 108      3C9F3DB4 
 108      5D24B169 
 108      135BA87E 
 108      7A6652F7 
 109 01d5 B4FD63FB 		.ascii	"\264\375c\373\277\224l\\\327J\006+\335\320E'\323\251"
 109      BF946C5C 
 109      D74A062B 
 109      DDD04527 
 109      D3A9
 110 01e7 E580CF45 		.ascii	"\345\200\317E@\233\325H\341k\363\021?\346\354\364\310"
 110      409BD548 
 110      E16BF311 
 110      3FE6ECF4 
 110      C8
 111 01f8 FECBA3EE 		.ascii	"\376\313\243\356}\036W\030\304\004\353a\222\330\005"
 111      7D1E5718 
 111      C404EB61 
 111      92D805
 112 0207 FB5EA05D 		.ascii	"\373^\240]\037b\327\035\026iK\315dO\372\214!\337\236"
 112      1F62D71D 
 112      16694BCD 
 112      644FFA8C 
 112      21DF9E
 113 021a 6CE3FC48 		.ascii	"l\343\374H\210I\035\000S\204&\3256\207S\376\251\243"
 113      88491D00 
 113      538426D5 
 113      368753FE 
 113      A9A3
 114 022c 32064EFF 		.ascii	"2\006N\377\266\355&\\\242f\222\367\215\013\331*_*\314"
 114      B6ED265C 
 114      A26692F7 
 114      8D0BD92A 
 114      5F2ACC
 115 023f EAEC9CA9 		.ascii	"\352\354\234\251\037\304\006\014\221\321\351\237\000"
 115      1FC4060C 
 115      91D1E99F 
 115      00
 116 024c 625A4B8F 		.ascii	"bZK\217\337\331\305%\0308\205\031D\214\251\327/@(\331"
 116      DFD9C525 
 116      18388519 
 116      448CA9D7 
 116      2F4028D9 
 117 0260 F56611F4 		.ascii	"\365f\021\364\234\300(\262\252(\032u\335cq\267\252\274"
 117      9CC028B2 
 117      AA281A75 
 117      DD6371B7 
 117      AABC
 118 0272 C6ADA9AE 		.ascii	"\306\255\251\256p\343'\216W\226\307\342n\2542\266\275"
 118      70E3278E 
 118      5796C7E2 
 118      6EAC32B6 
 118      BD
 119 0283 8C1E1546 		.ascii	"\214\036\025Fu\255\214\305kQ\361\023}:9\306"
 119      75AD8CC5 
ARM GAS  /tmp/ccKqqRdJ.s 			page 9


 119      6B51F113 
 119      7D3A39C6 
 120              		.text
 121              		.section	.gnu.lto__reads.ab28f13ee2ecfa23,"",%progbits
 122 0000 789C9552 		.ascii	"x\234\225R]KTQ\024=\353\234;sgdf\372\003\022>(\203\201"
 122      5D4B5451 
 122      143DEB9C 
 122      3B736764 
 122      66FA0312 
 123 0018 5E08DFA2 		.ascii	"^\010\337\242\236{\356\037h\010\011NI\323\373\034G\235"
 123      9E7BEE1F 
 123      6808094E 
 123      49D3FB1C 
 123      479D
 124 002a 34A38C72 		.ascii	"4\243\214rt\314\341\012bf\345W\2269f1\030\024e\032\371"
 124      74CCE10A 
 124      6266E557 
 124      96396631 
 124      1814651A 
 125 003f F1E44350 		.ascii	"\361\344CPFHE\205\204\017\242\266\367\271S\226Oy\341"
 125      46484585 
 125      840FA2B6 
 125      F7B95396 
 125      4F79E1
 126 0052 9E7BCEDE 		.ascii	"\236{\316\336{\255\275\327:\327'\244(\261\2048*\204"
 126      7BADBDD7 
 126      3AD727A4 
 126      28B18438 
 126      2A84
 127 0064 A8A2173E 		.ascii	"\250\242\027>\001\331\261 Dc@J\265\354\010]d\315\034"
 127      01D9B120 
 127      4463404A 
 127      B5EC085D 
 127      64CD1C
 128 0077 163AA460 		.ascii	"\026:\244`ya\013\340\215\016@$\244\262\220\300U\325"
 128      79610BE0 
 128      8D0E4024 
 128      A4B290C0 
 128      55D5
 129 0089 A5F0B679 		.ascii	"\245\360\266y\254W]Q\256\022\260\350\370c\276\347C\204"
 129      AC575D51 
 129      AE12B0E8 
 129      F863BEE7 
 129      4384
 130 009b 8F40091D 		.ascii	"\217@\011\035o\352\3056\273|P\353\244\316w}?~\255\251"
 130      6FEAC536 
 130      BB7C50EB 
 130      A4CE777D 
 130      3F7EADA9 
 131 00af E5A4ABA4 		.ascii	"\345\244\253\244\310P\365m\024c\020\305\334{\010\345"
 131      C850F56D 
 131      146310C5 
 131      DC7B08E5 
 132 00bf 54BB34BF 		.ascii	"T\2734\277\322a\253(\004\355'Z\373r\241\350\200\301"
 132      D261AB28 
 132      04ED275A 
 132      FB72A1E8 
ARM GAS  /tmp/ccKqqRdJ.s 			page 10


 132      80C1
 133 00d1 AD5D57BA 		.ascii	"\255]W\272\324U\012w\240\376\006RH\340.\242T\276\325"
 133      D4550A77 
 133      A0FE0652 
 133      48E02EA2 
 133      54BED5
 134 00e4 BE920EAA 		.ascii	"\276\222\016\252#\006\33280\351\312\002\364u\247\201"
 134      2306DA38 
 134      30E9CA02 
 134      F475A781 
 135 00f4 5AB8B71F 		.ascii	"Z\270\267\037j\011\014\033\350\266\276\221\216\250\012"
 135      6A090C1B 
 135      E8B6BE91 
 135      8EA80A
 136 0103 03CDCC76 		.ascii	"\003\315\314v\256\206\177wM\033\250\304\310~\250\024"
 136      AE867F77 
 136      4D1BA8C4 
 136      C87EA814 
 137 0113 184594EB 		.ascii	"\030E\224\3537\276\255\314\005\225c\260\356TSO\244\254"
 137      37BEADCC 
 137      059563B0 
 137      EE54534F 
 137      A4AC
 138 0125 DF6017BA 		.ascii	"\337`\027\272|\031\235o.q\225\017c\377\302\371\241\352"
 138      7C199D6F 
 138      2E71950F 
 138      63FFC2F9 
 138      A1EA
 139 0137 F7E33B9D 		.ascii	"\367\343;\235a\277\205q\224\261\031\344\301}\370A\337"
 139      61BF8571 
 139      94B119E4 
 139      C17DF841 
 139      DF
 140 0148 D145E4F5 		.ascii	"\321E\344\365\316\356E\235\177\276\211[\375\227q\010"
 140      CEEE459D 
 140      7FBE895B 
 140      FD977108 
 141 0158 A69D044B 		.ascii	"\246\235\004K\265\250\275\337\307\213\237\027\033\234"
 141      B5A8BDDF 
 141      C78B9F17 
 141      1B9C
 142 0166 0AB09C20 		.ascii	"\012\260\234 /E`Q!N\205y\021\342\022q\363\255\265\323"
 142      2F456051 
 142      214E8579 
 142      11E21271 
 142      F3ADB5D3 
 143 017a D4F4551F 		.ascii	"\324\364U\037\221\354\3734'M7\352\235\245\360:\222\323"
 143      91ECFB34 
 143      274D37EA 
 143      9DA5F03A 
 143      92D3
 144 018c EB5B551C 		.ascii	"\353[U\034\312*\276\302t\313\354\033\233\257\320g\204"
 144      CA2ABEC2 
 144      74CBEC1B 
 144      9BAFD067 
 144      84
 145 019d 6DBE78D5 		.ascii	"m\276x\325\032r\221m\324Z\223\"\2330\230`%\224\033X"
ARM GAS  /tmp/ccKqqRdJ.s 			page 11


 145      1A72916D 
 145      D45A9322 
 145      9B309860 
 145      25941B58 
 146 01b1 4B8ED8CE 		.ascii	"K\216\330\316\260\366R\022\017\340\242\233\345\010<"
 146      B0F65212 
 146      0FE0A29B 
 146      E5083C
 147 01c0 8463A85F 		.ascii	"\204c\250_Vx\314\276\003RM\032*\266\004\217\014USw\252"
 147      5678CCBE 
 147      03524D1A 
 147      2AB6048F 
 147      0C555377 
 148 01d5 CDE771F1 		.ascii	"\315\347q\361\240\304(\326\320\274\360\254\352O\314"
 148      A0C428D6 
 148      D0BCF0AC 
 148      EA4FCC
 149 01e4 36EEB6D3 		.ascii	"6\356\266\323o\261\354\030\245\033\307\214P\362(\313"
 149      6FB1EC18 
 149      A51BC78C 
 149      50F228CB 
 150 01f4 6650CA2A 		.ascii	"fP\312*\270\340\335a\226\370\215\374\355S\036I\340@"
 150      B8E0DD61 
 150      96F88DFC 
 150      ED531E49 
 150      E040
 151 0206 435A9832 		.ascii	"CZ\2302CJ\0362\347\015\331\233\032\262=\256 \321\361"
 151      434A1E32 
 151      E70DD99B 
 151      1AB23DAE 
 151      20D1F1
 152 0219 909F91EA 		.ascii	"\220\237\221\352\213p\210\011r\271/\253vb[\007\\\025"
 152      8B708809 
 152      72B92FAB 
 152      76625B07 
 152      5C15
 153 022b C8B03A4C 		.ascii	"\310\260:L#!\262\252\310\324\303UAo\240\235\023\036"
 153      2321B2AA 
 153      C8D4C355 
 153      416FA09D 
 153      131E
 154 023d 49E8BF06 		.ascii	"I\350\277\006\252`\303\036\357\0316\343\315\222N\301"
 154      AA60C31E 
 154      EF1936E3 
 154      CD924EC1 
 155 024d 63091335 		.ascii	"c\011\0235q1u:\310\241\377g}\262\307\372\024\016Q\211"
 155      7131753A 
 155      C8A1FF67 
 155      7DB2C7FA 
 155      140E5189 
 156 0261 AF64ECEE 		.ascii	"\257d\354\356R\201\231\023?A\344\266$\025~\325\363N"
 156      52819913 
 156      3F41E4B6 
 156      24157ED5 
 156      F34E
 157 0273 D13F0776 		.ascii	"\321?\007v\231\\)\255\254t\234sq\347Lu\275S_W\343\304"
 157      995C29AD 
ARM GAS  /tmp/ccKqqRdJ.s 			page 12


 157      AC749C73 
 157      71E74C75 
 157      BD535F57 
 158 0289 2F9CAFAD 		.ascii	"/\234\257\255\216\305\235Xm\254\260\255<-d]\203\254"
 158      8EC59D58 
 158      6DACB0AD 
 158      3C2D645D 
 158      83AC
 159 029b 69C05915 		.ascii	"i\300Y\025\2137\374\002\206\361M\357"
 159      8B37FC02 
 159      86F14DEF 
 160              		.text
 161              		.section	.gnu.lto__writes.ab28f13ee2ecfa23,"",%progbits
 162 0000 789C9552 		.ascii	"x\234\225RMO\023Q\024}g\336L\247\255-\376\001\242, "
 162      4D4F1351 
 162      147D67DE 
 162      4CA7AD2D 
 162      FE01A22C 
 163 0015 0D267412 		.ascii	"\015&t\022\303\302h\334\3737\300\220HB\225X\367}\024"
 163      C3C268DC 
 163      FB37C090 
 163      48429558 
 163      F77D14
 164 0028 A8288962 		.ascii	"\250(\211b\224B\221fH\014AE\276D\201\002\232\006M\214"
 164      94429166 
 164      480C4145 
 164      BE448102 
 164      9A064D8C 
 165 003c 1830F2B1 		.ascii	"\0300\362\261\001W\012\213\006\2141F]\030\300{\3374"
 165      01570A8B 
 165      068C3146 
 165      5D18C07B 
 165      DF34
 166 004e A2ACA049 		.ascii	"\242\254\240I\337\274\271\367\236\363\3169o,a\210\223"
 166      DFBCB9F7 
 166      9EF3CE39 
 166      6F2C6188 
 166      93
 167 005f A610A785 		.ascii	"\246\020\247\205\020\325\364\207%`t,\012\321\3447\014"
 167      10D5F487 
 167      2560742C 
 167      0AD1E437 
 167      0C
 168 0070 B9E20815 		.ascii	"\271\342\010\0254gO\010\025\2220\275\262\011\360F\371"
 168      34674F08 
 168      159230BD 
 168      B209F046 
 168      F9
 169 0081 21128634 		.ascii	"!\022\2064\221\300m\331%\361\241e\264W\336\222\256\024"
 169      91C06DD9 
 169      25F1A165 
 169      B457DE92 
 169      AE14
 170 0093 30E9F5DB 		.ascii	"0\351\365\333B\317\347\022~\005\312\350\365\276Z\272"
 170      42CFE712 
 170      7E05CAE8 
 170      F5BE5ABA 
ARM GAS  /tmp/ccKqqRdJ.s 			page 13


 171 00a3 61570E28 		.ascii	"aW\016(\225T\371\256\331\363w\232[/\270\322\020\031"
 171      9554F9AE 
 171      D9F3779A 
 171      5B2FB8D2 
 171      1019
 172 00b5 9A7E8852 		.ascii	"\232~\210R\014\240\224\317~\204J\232]^X\355\260e\004"
 172      0CA094CF 
 172      7E844A9A 
 172      5D5E58ED 
 172      B06504
 173 00c8 82F6E36D 		.ascii	"\202\366\343m}\271P\244_\343\266\357JU\356J\211\307"
 173      7DB950A4 
 173      5FE3B6EF 
 173      4A55EE4A 
 173      89C7
 174 00da 90FF02A9 		.ascii	"\220\377\002\251$0\210\010\215\377n_M\007\344)\015m"
 174      24308808 
 174      8DFF6E5F 
 174      4D07E429 
 174      0D6D
 175 00ec EA9F708D 		.ascii	"\352\237p\215\"\364uZCM<9\0105\005\2064tG\335K\227\310"
 175      22F4755A 
 175      434D3C39 
 175      08350586 
 175      347447DD 
 176 0103 2A0DCDCC 		.ascii	"*\015\315\314u\256\207\213\320\217]\032j`\370 \324\020"
 176      75AE878B 
 176      D08F5D1A 
 176      6A60F820 
 176      D410
 177 0115 184184E7 		.ascii	"\030A\204\347\277\177]}\027\220\216\306\272S\315=%\025"
 177      BF7F5D7D 
 177      17908EC6 
 177      BA53CD3D 
 177      2515
 178 0127 0F3476B7 		.ascii	"\0174v\267\323\312\250|K\231+-\214\376\017\347\037M"
 178      D3CAA87C 
 178      4B992B2D 
 178      8CFE0FE7 
 178      1F4D
 179 0139 7F1ADBED 		.ascii	"\177\032\333\355\014\373L\214\241\202\303\240\014\236"
 179      0CFB4C8C 
 179      A182C3A0 
 179      0C9E
 180 0147 C2077A8E 		.ascii	"\302\007z\216,!\257v\367\256\253\374\317M\014\314\034"
 180      2C21AF76 
 180      F7AEABFC 
 180      CF4D0CCC 
 180      1C
 181 0158 3B0E7D9A 		.ascii	";\016}\232\001vj\322\351>\213\027\037/6\270\345\247"
 181      01766AD2 
 181      E93E8B17 
 181      1F2F36B8 
 181      E5A7
 182 016a AD1DE025 		.ascii	"\255\035\340%\010\366\024\342V\230\027!n\0225_Z;\211"
 182      08F614E2 
 182      56981721 
ARM GAS  /tmp/ccKqqRdJ.s 			page 14


 182      6E12355F 
 182      5A3B89
 183 017d A6A7DC44 		.ascii	"\246\247\334D\262oo\336\320\207\321\321Y*\027\220\234"
 183      B26F6FDE 
 183      D087D1D1 
 183      592A1790 
 183      9C
 184 018e 2E14AAB9 		.ascii	".\024\252\271\224\225|\203\351\326\271\3676\337\240"
 184      94957C83 
 184      E9D6B9F7 
 184      36DFA0
 185 019d A57DFD7A 		.ascii	"\245}\375z3\337\026r\221mRJ\221!?a0\316F\250\327\277"
 185      33DF1672 
 185      916D524A 
 185      91213F61 
 185      30CE46A8 
 186 01b3 911CB69D 		.ascii	"\221\034\266\235!\345\265\014<\203\213nv#\360\034\216"
 186      21E5B50C 
 186      3C838B6E 
 186      7623F01C 
 186      8E
 187 01c4 A67E1BF5 		.ascii	"\246~\033\365\230\255#RMh*N\004\223\232\252\271;\225"
 187      98AD2352 
 187      4D682A4E 
 187      04939AAA 
 187      B93B95
 188 01d7 B13C2E16 		.ascii	"\261<.\026J\214b\003-\213\257\252\377\326l\035n;}\025"
 188      4A8C6203 
 188      2D8BAFAA 
 188      FFD66C1D 
 188      6E3B7D15 
 189 01eb 2B8E763A 		.ascii	"+\216v:xN\033\245\214\262\034\006\265\314b\012\336\025"
 189      784E1BA5 
 189      8CB21C06 
 189      B5CC620A 
 189      DE15
 190 01fd 66895FDB 		.ascii	"f\211_\333\337:\353\221\370\217$\322\306\224\026i\260"
 190      DF3AEB91 
 190      F88F24D2 
 190      C6941669 
 190      B0
 191 020e C89C27B2 		.ascii	"\310\234'\2627U(\212\014d\031k\211-\244\372J\270\304"
 191      3755288A 
 191      0C64196B 
 191      892DA4FA 
 191      4AB8C4
 192 0221 04B9DCF6 		.ascii	"\004\271\334\366\272\235\330Q~W\0062\354\016\323H\010"
 192      BA9DD851 
 192      7E570632 
 192      EC0ED348 
 192      08
 193 0232 3D1C2435 		.ascii	"=\034$5\256\014z\202\266\317x$\241C\011\252\342\300"
 193      AE0C7A82 
 193      B6CF7824 
 193      A14309AA 
 193      E2C0
 194 0244 66F6039B 		.ascii	"f\366\003\233\365\264\244S\360X\302DM\\L\235\016p\351"
ARM GAS  /tmp/ccKqqRdJ.s 			page 15


 194      F5B4A453 
 194      F058C244 
 194      4D5C4C9D 
 194      0E70E9
 195 0257 F0AC2FF6 		.ascii	"\360\254/\366Y_\302!*\361\205\202\235\\.2s\343\007\210"
 195      595FC221 
 195      2AF18582 
 195      9D5C2E32 
 195      73E30788 
 196 026b DC36C885 		.ascii	"\3346\310\205O\256\255I\372\346\300)S*\345\321\250\343"
 196      4FAEAD49 
 196      FAE6C029 
 196      532AE5D1 
 196      A8E3
 197 027d 5C893B97 		.ascii	"\\\211;\227j\032\234\206\372Z'~\355j]M,\356\304\352"
 197      6A1A9C86 
 197      FA5A277E 
 197      ED6A5D4D 
 197      2CEEC4EA 
 198 0291 62C56DF4 		.ascii	"b\305m\364\2420\352\033\215\332F\\\226\261x\343\037"
 198      A230EA1B 
 198      8DDA465C 
 198      96B178E3 
 198      1F
 199 02a2 95E94D64 		.ascii	"\225\351Md"
 200              		.text
 201              		.section	.gnu.lto_msObjectInit.ab28f13ee2ecfa23,"",%progbits
 202 0000 789C9D93 		.ascii	"x\234\235\223\313kSA\024\306\347\273s\037\211\266\301"
 202      CB6B5341 
 202      14C6E7BB 
 202      731F89B6 
 202      C1
 203 0011 850BD12E 		.ascii	"\205\013\321.\272(\204\"\344\202\033\301\177@\377\215"
 203      BA288422 
 203      E4821BC1 
 203      7F40FF8D 
 204 0021 56522C36 		.ascii	"VR,6Tzu#B&ik\244BTlm\015\215\267(1jM\372\360YcM\014"
 204      547A7523 
 204      4226696B 
 204      A442546C 
 204      6D0D8DB7 
 205 003f A8D8FA40 		.ascii	"\250\330\372@\261\013\261*\330R\214 \"\025\012E\033"
 205      B10BB12A 
 205      D8528C20 
 205      22150A45 
 205      1B
 206 0050 CF4C52D0 		.ascii	"\317LR\320\342\306\014\014\363\270\347\373\315\231\363"
 206      E2C60C0C 
 206      F3B8E7FB 
 206      CD99F3
 207 005f CD3598C6 		.ascii	"\3155\230\306\2069c{\030c;\250\2033h\247_0\026\361h"
 207      8639637B 
 207      18633BA8 
 207      833368A7 
 207      5F3016F1 
 208 0074 809C080F 		.ascii	"\200\234\010\017XXC\030\247\370 G1\2664\2455\247\005"
 208      58584318 
ARM GAS  /tmp/ccKqqRdJ.s 			page 16


 208      A7F82047 
 208      31B634A5 
 208      35A705
 209 0087 B5C2E005 		.ascii	"\265\302\340\005\353\270\350\335\346\222\374<u\331\220"
 209      EBB8E8DD 
 209      E692FC3C 
 209      75D990
 210 0096 463345BD 		.ascii	"F3E\275\352\031\037\346q\356r@\247\345\367\347\211\005"
 210      EA191FE6 
 210      71EE7240 
 210      A7E5F7E7 
 210      8905
 211 00a8 9F5C6A68 		.ascii	"\237\\jh\244\345\362\267\271Y/\367\203\321\374Z\177"
 211      A4E5F2B7 
 211      B9592FF7 
 211      83D1FC5A 
 211      7F
 212 00b9 C6E74F09 		.ascii	"\306\347O\011\021\025\205g\375\\4\271\234\366\300\211"
 212      11158567 
 212      FD5C34B9 
 212      9CF6C089 
 213 00c9 87AB68C0 		.ascii	"\207\253h\300\02540\332b\030\205\237\242\323=\271\267"
 213      153430DA 
 213      6218859F 
 213      A2D33DB9 
 213      B7
 214 00da 5EBE5329 		.ascii	"^\276S)\337,%\323uU\351\317\001%\325q}\243Tg\310(\351"
 214      DF2C25D3 
 214      7555E9CF 
 214      0125D571 
 214      7DA35467 
 215 00f1 C5C8DC6C 		.ascii	"\305\310\334l=\337\245\244\261\314ti\375\324\307\311"
 215      3DDFA5A4 
 215      B1CC7469 
 215      FDD4C7C9 
 216 0101 AD67BBC5 		.ascii	"\255g\273\305>\227\033\310n\024\033\014cJ\274\222.>"
 216      3E971BC8 
 216      6E141B0C 
 216      634ABC92 
 216      2E3E
 217 0113 D2F96E25 		.ascii	"\322\371n%\3768\023?\263i\375\334J\312\006\306\377!"
 217      FE38133F 
 217      B369FDDC 
 217      4ACA06C6 
 217      FF21
 218 0125 9D805FC6 		.ascii	"\235\200_\306\177\232X\033\2507\365J\2110\011\0234\216"
 218      7F9A581B 
 218      A837F54A 
 218      89300913 
 218      348E
 219 0137 BD4641AC 		.ascii	"\275FA\254\225c\242\260\230B~\357f\2525\335P\207L\326"
 219      9563A2B0 
 219      98427EEF 
 219      66AA35DD 
 219      50874CD6 
 220 014b 843CD503 		.ascii	"\204<\325\003\005`}$\2236\234\344\232\034y\011\321\325"
 220      05607D24 
ARM GAS  /tmp/ccKqqRdJ.s 			page 17


 220      93369CE4 
 220      9A1C7909 
 220      D1D5
 221 015d 5826774C 		.ascii	"X&wL\222\210~\256\267\370\322\222\245\345*\271\225'"
 221      92887EAE 
 221      B7F8D292 
 221      A5E52AB9 
 221      9527
 222 016f 3327EA5C 		.ascii	"3'\352\\$#\344\317\310v\227\233I\252\371\015\312H~L"
 222      2423E4CF 
 222      C876979B 
 222      49AAF90D 
 222      CA487E4C 
 223 0183 2D46B396 		.ascii	"-F\263\226\235\221\3365\272\334\302M\270\030R\306\341"
 223      9D91DE35 
 223      BADCC24D 
 223      B81852C6 
 223      E1
 224 0194 16EC3F61 		.ascii	"\026\354?a\226\202u\257\346\227}\341_\202\034\266.\311"
 224      968275AF 
 224      E6977DE1 
 224      5F821CB6 
 224      2EC9
 225 01a6 38DA7B9A 		.ascii	"8\332{\232\030=(\371[\\\356\301\035z\025\267\253\360"
 225      183D28F9 
 225      5B5CEEC1 
 225      1D7A15B7 
 225      ABF0
 226 01b8 F297C9AC 		.ascii	"\362\227\311\254\227\202\207\350\340\313\220\210\273"
 226      978287E8 
 226      E0CB9088 
 226      BB
 227 01c5 8427F414 		.ascii	"\204'\364\024\302\214\222N\224\336-X\325\244\377#K\035"
 227      C28C924E 
 227      94DE2D58 
 227      D5A4FF23 
 227      4B1D
 228 01d7 F75496B2 		.ascii	"\367T\226\262h\310\301N\222\243\2126_\013\315\300}E"
 228      68C8C14E 
 228      92A38A36 
 228      5F0BCDC0 
 228      7D45
 229 01e9 D3246D5A 		.ascii	"\323$mZ\322\314\012\355}m\264\007\212\246\214\315K\232"
 229      D2CC0AED 
 229      7D6DB407 
 229      8AA68CCD 
 229      4B9A
 230 01fb 47D27E7C 		.ascii	"G\322~|\376P\033\255\240h\272\244=\374\333\017\003\014"
 230      FE501BAD 
 230      A068BAA4 
 230      3DFCDB0F 
 230      030C
 231 020d 45527D45 		.ascii	"ER}Et\244\034\207\204\253\337\255\217\352B\217\202\256"
 231      74A41C87 
 231      84ABDFAD 
 231      8FEA428F 
 231      82AE
ARM GAS  /tmp/ccKqqRdJ.s 			page 18


 232 021f D31408D8 		.ascii	"\323\024\010\330v\247c\037h\351\260;\332[m\347pW\260"
 232      76A7631F 
 232      68E9B03B 
 232      DA5B6DE7 
 232      7057B0
 233 0232 25E4D8A1 		.ascii	"%\344\330\241`\250:\015\354g<\344\0342[\217\264\265"
 233      60A83A0D 
 233      EC673CE4 
 233      1C325B8F 
 233      B4B5
 234 0244 05BB74A7 		.ascii	"\005\273t\247\375h\220\007;\235\337\007\255=\236"
 234      FD689007 
 234      3B9DDF07 
 234      AD3D9E
 235              		.text
 236              		.section	.gnu.lto_vmt.ab28f13ee2ecfa23,"",%progbits
 237 0000 789C6365 		.ascii	"x\234ce`b\330\300\300\300\240\306\000\001\323\231\031"
 237      6062D8C0 
 237      C0C0A0C6 
 237      0001D399 
 237      19
 238 0011 77EE7C73 		.ascii	"w\356|s\233\275\376oCGC\303\203\356\365\314\263\231"
 238      9BBDFE6F 
 238      434743C3 
 238      83EEF5CC 
 238      B399
 239 0023 E73333CC 		.ascii	"\34733\314d\306\220[\260\215g>3\343LfF\014\211o@\035"
 239      64C6905B 
 239      B08D673E 
 239      33E34C66 
 239      460C896F 
 240 0039 4C339999 		.ascii	"L3\231\2310$6\001%\230g23\203%\326\277\331\371\223\267"
 240      30243601 
 240      25986732 
 240      338325D6 
 240      BFD9F993 
 241 004e 0F28C2C2 		.ascii	"\017(\302\302\010\342\236\275?\367\011\223\305\266\206"
 241      08E29EBD 
 241      3FF70993 
 241      C5B686
 242 005d 8E050D01 		.ascii	"\216\005\015\001\363\231Yg030\256f\224\231\301\314\310"
 242      F3995967 
 242      303330AE 
 242      669499C1 
 242      CCC8
 243 006f B88AB17E 		.ascii	"\270\212\261~\0063\023\343J\020\305\314\270\002D\261"
 243      063313E3 
 243      4A10C5CC 
 243      B80244B1 
 244 007f 302E67AC 		.ascii	"0.g\254g`\\\303h\301\240\242\247\247\257\237_\254\237"
 244      67605CC3 
 244      68C1A0A2 
 244      A7A7AF9F 
 244      5FAC9F
 245 0092 9198A39F 		.ascii	"\221\230\243\237\223\231\244_\\R\224\232\230[\254\237"
 245      9399A45F 
 245      5C52949A 
ARM GAS  /tmp/ccKqqRdJ.s 			page 19


 245      985BAC9F 
 246 00a2 9B9A0B65 		.ascii	"\233\232\013e\352%3\000\000\212=M\211"
 246      EA253300 
 246      008A3D4D 
 246      89
 247              		.text
 248              		.section	.gnu.lto_.symbol_nodes.ab28f13ee2ecfa23,"",%progbits
 249 0000 789C5DC9 		.ascii	"x\234]\311\273\015\2000\020\203a\307G\262\006\022\223"
 249      BB0D8030 
 249      108361C7 
 249      47B20612 
 249      93
 250 0011 C0647715 		.ascii	"\300dw\025%b\004\306\200\360\022\0130\005%C\020\201"
 250      256204C6 
 250      80F0120B 
 250      30052543 
 250      1081
 251 0023 68E2E697 		.ascii	"h\342\346\227>{\020\035\3228S\201\376\004R\306\341\260"
 251      3E7B101D 
 251      D2385381 
 251      FE0452C6 
 251      E1B0
 252 0035 906CA1BA 		.ascii	"\220l\241\272\334\"\225\271MT\311m\243\026\277Ek\000"
 252      DC2295B9 
 252      4D54C96D 
 252      A316BF45 
 252      6B00
 253 0047 BF125601 		.ascii	"\277\022V\001\342v\252\177/\300\254N\302\200\253\275"
 253      E276AA7F 
 253      2FC0AC4E 
 253      C280ABBD 
 254 0057 4B91AF78 		.ascii	"K\221\257x\000-4&m"
 254      002D3426 
 254      6D
 255              		.text
 256              		.section	.gnu.lto_.refs.ab28f13ee2ecfa23,"",%progbits
 257 0000 789C05C1 		.ascii	"x\234\005\301\261\001\000\000\010\303\2404\332\335\377"
 257      B1010000 
 257      08C3A034 
 257      DADDFF
 258 000f AF158A1C 		.ascii	"\257\025\212\034\220\265\331:*\206\007\003e\000<"
 258      90B5D93A 
 258      2A860703 
 258      65003C
 259              		.text
 260              		.section	.gnu.lto_.decls.ab28f13ee2ecfa23,"",%progbits
 261 0000 789C8D57 		.ascii	"x\234\215W{LTg\026\277\347~\303\3140\274\214\272\256"
 261      7B4C5467 
 261      16BFE77E 
 261      C3CC30BC 
 261      8CBAAE
 262 0013 4D69D6BA 		.ascii	"Mi\326\272\323\204\177d\212&\273\335d\263qc\262\355"
 262      D3847F64 
 262      8A26BBDD 
 262      64B37163 
 262      B2ED
 263 0025 FE414976 		.ascii	"\376AIv[\377\235\3408\310l` \314\260\326M6\271\200("
ARM GAS  /tmp/ccKqqRdJ.s 			page 20


 263      5BFF9DE0 
 263      38C86C60 
 263      20CCB0D6 
 263      4D36B980 
 264 003a BE2A82A0 		.ascii	"\276*\202\240  E\253\002>\020\250\217\002u\024QT\004"
 264      202045AB 
 264      023E10A8 
 264      8F027514 
 264      515404
 265 004d 01151F20 		.ascii	"\001\025\037 \242T\304\372\340\241XD\235=\337\367\335"
 265      A254C4FA 
 265      E0A15844 
 265      9D3DDFF7 
 265      DD
 266 005e 7BE7320E 		.ascii	"{\3472\016\333\336p\346\336\357\334\363\374\235\363"
 266      DBDE70E6 
 266      DEEFDCF3 
 266      FC9DF3
 267 006d 9DEF1224 		.ascii	"\235\357\022$\210\302\326\010A\360\202 $\212x\307\313"
 267      88C2D608 
 267      41F08220 
 267      248A78C7 
 267      CB
 268 007e 2008C221 		.ascii	" \010\302!\301w\351\221Z\220. ]C\352C\012A\371\367\221"
 268      C177E991 
 268      5A902E20 
 268      5D43EA43 
 268      0A41F9F7 
 269 0093 F04F8804 		.ascii	"\360O\210\004a\332\265\011\327&\274\317F\232\213\324"
 269      61DAB509 
 269      D726BCCF 
 269      469A8BD4 
 270 00a3 8CF42552 		.ascii	"\214\364%R-\222\021\337\305\341\275\023\311\200\317"
 270      2D9211DF 
 270      C5E1BD13 
 270      C980CF
 271 00b2 1D782748 		.ascii	"\035x'H\200\317^\274\213\262\315\026\341\335+\177\006"
 271      80CF5EBC 
 271      8BB2CD16 
 271      E1DD2B7F 
 271      06
 272 00c3 BBD426B5 		.ascii	"\273\324&\265\035\310.\265\371Vc\367B\000\273\325~v"
 272      1DC82EB5 
 272      F95663F7 
 272      4200BBD5 
 272      7E76
 273 00d5 3B64BB9D 		.ascii	";d\273\235\232x\251\315\017\220~\017\357\332\025e\\"
 273      9A78A9CD 
 273      0F907E0F 
 273      EFDA1565 
 273      5C
 274 00e6 DE87776D 		.ascii	"\336\207wm7 /$\200\355\233\001\260\320\332\327\342!"
 274      37202F24 
 274      80ED9B01 
 274      B0D0DAD7 
 274      E221
 275 00f8 CA9807B2 		.ascii	"\312\230\007\262\377[|\031\214\367\345\032\037\324n"
ARM GAS  /tmp/ccKqqRdJ.s 			page 21


 275      FF5B7C19 
 275      8CF7E51A 
 275      1FD46E
 276 0107 A7EC8BDA 		.ascii	"\247\354\213\332}\215\367)\244 $\035\310X\200/\007j"
 276      7D8DF729 
 276      A420241D 
 276      C858802F 
 276      076A
 277 0119 3664865A 		.ascii	"6d\206Z\376I\344\365\037G\032F\372\011\351\211\214\265"
 277      FE49E4F5 
 277      1F471A46 
 277      FA09E989 
 277      8CB5
 278 012b 62F325D2 		.ascii	"b\363%\322$\322\004\322+\244\027\324\217\214u\213\340"
 278      24D204D2 
 278      2BA417D4 
 278      8F8C758B 
 278      E0
 279 013c EB19FF6B 		.ascii	"\353\031\377k\007\201c[\3166\211w\240\027\320\015\314"
 279      0781635B 
 279      CE368977 
 279      A017D00D 
 279      CC
 280 014d 625C00FE 		.ascii	"b\\\000\376\013\214x\240\312\005\300\370\310\025\005"
 280      0B8C78A0 
 280      CA05C0F8 
 280      C81505
 281 015c 39608505 		.ascii	"9`\205\005\212\206\274\026\345\245(\233d\177\2622h,"
 281      8A86BC16 
 281      E5A5289B 
 281      647FB232 
 281      682C
 282 016e F2D7DC93 		.ascii	"\362\327\334\223rqL\370\003SS\264A\3649\000\320*h\014"
 282      72714CF8 
 282      035353B4 
 282      41F43900 
 282      D02A680C 
 283 0182 F2B0E5F7 		.ascii	"\362\260\345\367j|\202/9P\262\037-j{`\352\207>\312-"
 283      6A7C822F 
 283      3950B21F 
 283      2D6A7B60 
 283      EA873ECA 
 284 0197 5F0A8C77 		.ascii	"_\012\214w\276\251\344l\004\301\022\341s\377\344\201"
 284      BEA9E46C 
 284      04C112E1 
 284      73FFE481 
 285 01a7 BF451F94 		.ascii	"\277E\037\224\370e4\370`;\222=Xi\374\232@\244\011\274"
 285      F86534F8 
 285      603B923D 
 285      5869FC9A 
 285      40A409BC 
 286 01bb 40D78F4F 		.ascii	"@\327\217ON\206\3615}]\357\031?\244#\263\350\263x\254"
 286      4E86F135 
 286      7D5DEF19 
 286      3FA423B3 
 286      E8B378AC 
 287 01cf 7EB0D804 		.ascii	"~\260\330\004Q\246}\324\206\247\247.\342\204$\315\202"
ARM GAS  /tmp/ccKqqRdJ.s 			page 22


 287      51A67DD4 
 287      86A7A72E 
 287      E28424CD 
 287      82
 288 01e0 23608243 		.ascii	"#`\202C@\240\012\242i@\221\264\375s$)S\032\251\220\310"
 288      40A00AA2 
 288      694091B4 
 288      FD732429 
 288      531AA990 
 289 01f5 7C019644 		.ascii	"|\001\226D\302\307\221\002\034\206(j\223J\301A\210\204"
 289      C2C79102 
 289      1C86286A 
 289      934AC141 
 289      8884
 290 0207 6A88A4F6 		.ascii	"j\210\244\366+w\0378\033F>c\366\213\012N\327\207\253"
 290      2B771F38 
 290      1B463E63 
 290      F68B0A4E 
 290      D787AB
 291 021a F6CF172F 		.ascii	"\366\317\027/\254\313\226$\021j\321A\215\317\001\372"
 291      ACCB9624 
 291      116AD141 
 291      8DCF01FA 
 292 022a 0BECE168 		.ascii	"\013\354\341h`\017\243\347\007\013@G\233\202\032Z\241"
 292      600FA3E7 
 292      070B4047 
 292      9B821A5A 
 292      A1
 293 023b A3BCF15D 		.ascii	"\243\274\361]%\365A\214\367e(\324\001\343\265x_z\"0"
 293      25F5418C 
 293      F76528D4 
 293      01E3B578 
 293      5F7A2230 
 294 024f F1D92610 		.ascii	"\361\331&\020q\3315\322V\032\202\313\271&\230\205\313"
 294      71D935D2 
 294      561A82CB 
 294      B9269885 
 294      CB
 295 0260 EC2D8776 		.ascii	"\354-\207v\230p\251G\230\350\\C\326\340\310\253c:\316"
 295      9870A947 
 295      98E85C43 
 295      D6E0C8AB 
 295      633ACE
 296 0273 A2017F85 		.ascii	"\242\001\177\205\254\322\242\336\243\341\304\305\220"
 296      ACD2A2DE 
 296      A3E1C4C5 
 296      90
 297 0280 EB5C5B53 		.ascii	"\353\\[SB\270=\035\015\343r\361\375pno\001\346\372x"
 297      42B83D1D 
 297      0DE372F1 
 297      FD706E6F 
 297      01E6FA78 
 298 0294 60C346A3 		.ascii	"`\303F\243\017\313\361\3371,\2330\302\223\276T\365r"
 298      0FCBF1DF 
 298      312C9B30 
 298      C293BE54 
 298      F572
ARM GAS  /tmp/ccKqqRdJ.s 			page 23


 299 02a6 A692949B 		.ascii	"\246\222\224\233%\005\177&@\003\246\365=\246\005\215"
 299      25057F26 
 299      4003A6F5 
 299      3DA6058D 
 300 02b6 98AB5ECE 		.ascii	"\230\253^\316\365\0042\217\363\\\307&G\352u\344\277"
 300      F504328F 
 300      F35CC726 
 300      47EA75E4 
 300      BF
 301 02c7 0CCD8D03 		.ascii	"\014\315\215\003co\"\300\024\025P\337\023@_\201}\361"
 301      636F22C0 
 301      141550DF 
 301      13405F81 
 301      7DF1
 302 02d9 770CF653 		.ascii	"w\014\366S\030\313\017\276X\232\030\354\350\243gs\367"
 302      18CB0FBE 
 302      589A18EC 
 302      E8A36773 
 302      F7
 303 02ea 6D3DC906 		.ascii	"m=\311\006\346d\362Q\353\241\0205\215\376J\363\316W"
 303      E664F251 
 303      EBA11035 
 303      8DFE4AF3 
 303      CE57
 304 02fc 92B4009A 		.ascii	"\222\264\000\232Q\367\264O\367\024\314\230\310\231\300"
 304      51F7B44F 
 304      F714CC98 
 304      C899C0
 305 030b 89D43CCA 		.ascii	"\211\324<\312\3756t~!\353\326,i\226\310,\036\303\367"
 305      FD36747E 
 305      21EBD62C 
 305      6996C82C 
 305      1EC3F7
 306 031e DFE17B01 		.ascii	"\337\341{\001\316\302|\374\255\007\035\017\251p\252"
 306      CEC27CFC 
 306      AD071D0F 
 306      A970AA
 307 032d 240F1696 		.ascii	"$\017\026\226K\236\273\222\307{$jg\343\240$\231tT\012"
 307      4B9EBB92 
 307      C77B246A 
 307      67E3A024 
 307      9974540A 
 308 0341 2A7D51E0 		.ascii	"*}Q\340#\376\036\200~\200\375p\0077R\013,D\345\265\367"
 308      23FE1E80 
 308      7E80FD70 
 308      0737520B 
 308      2C44E5B5 
 309 0356 AAB38D64 		.ascii	"\252\263\215d\220\345\003\207\017N\325\230\224\306\340"
 309      90E50387 
 309      0F4ED598 
 309      94C6E0
 310 0365 BD7238F7 		.ascii	"\275r8\367\311\274\231#ie\221\234W\"\361\274x\274T\016"
 310      C9BC9923 
 310      6965919C 
 310      5722F1BC 
 310      78BC540E 
 311 0379 E4DE7B45 		.ascii	"\344\336{E\222'S\242P\242\020\234\363\005r\316?\220"
ARM GAS  /tmp/ccKqqRdJ.s 			page 24


 311      922753A2 
 311      50A2109C 
 311      F30572CE 
 311      3F90
 312 038b 0B2C9073 		.ascii	"\013,\220s\267\207&\365d\230\007\322\327ZYM\273'\216"
 312      B78726F5 
 312      649807D2 
 312      D75A594D 
 312      BB278E
 313 039e F75B8466 		.ascii	"\367[\204fg\306\361\235\271w\362\331\361P2\302\353\320"
 313      67C6F19D 
 313      B977F2D9 
 313      F15032C2 
 313      EBD0
 314 03b0 D9F464C0 		.ascii	"\331\364d\300\327N\336\037\0266\334\241u\350\300X/\373"
 314      D74EDE1F 
 314      1636DCA1 
 314      75E8C058 
 314      2FFB
 315 03c2 1CC7A93B 		.ascii	"\034\307\251;\307\277\014\355X\2068\271\014m\310\274"
 315      C7BF0CED 
 315      588638B9 
 315      0C6DC8BC 
 316 03d2 C4CB5076 		.ascii	"\304\313Pv\346YF(\203\243C\335;\335Sy\243b\350F\325"
 316      E6594628 
 316      83A343DD 
 316      3BDD5379 
 316      A362E846 
 317 03e7 0ADB568A 		.ascii	"\012\333V\212!\001:!T\236,\355\317/M\2041e\344\301\025"
 317      21013A21 
 317      549E2CED 
 317      CF2F4D84 
 317      3165E4C1 
 318 03fc BECBCAEE 		.ascii	"\276\313\312\356\357;\245\356\274.\316k\233\310>-j!"
 318      EF3BA5EE 
 318      BC2ECE6B 
 318      9BC83E2D 
 318      6A21
 319 040e EE9806F1 		.ascii	"\356\230\006\361U\006q\267\002\361\326\216\313]F\265"
 319      550671B7 
 319      02F1D68E 
 319      CB5D46B5 
 320 041e D80B5EEE 		.ascii	"\330\013^\356Y']A\305\245L\020.\372\262\275\350\017"
 320      59275D41 
 320      C5A54C10 
 320      2EFAB2BD 
 320      E80F
 321 0430 F3350673 		.ascii	"\3635\006swUc\"\251\342S1P~\015\243\343c`\222\347K\316"
 321      77556322 
 321      A9E25331 
 321      507E0DA3 
 321      E3636092 
 322 0447 2FCF9713 		.ascii	"/\317\227\023\255\247\036\205j\361\2701\015\217\233"
 322      ADA71E85 
 322      6AF1B831 
 322      0D8F9B
 323 0456 2A1E797D 		.ascii	"*\036y}\217\333\303\2313\344A\017\317\275\260+\263<"
ARM GAS  /tmp/ccKqqRdJ.s 			page 25


 323      8FDBC399 
 323      33E4410F 
 323      CFBDB02B 
 323      B33C
 324 0468 58C1E316 		.ascii	"X\301\343\026\347\015\015\\\252\210\230\031\217^\206"
 324      E70D0D5C 
 324      AA889819 
 324      8F5E86
 325 0477 C76D058F 		.ascii	"\307m\005\217\356\362\276\342\020\031\217\261\002\""
 325      EEF2BEE2 
 325      10198FB1 
 325      0222
 326 0485 6D97E824 		.ascii	"m\227\350$A!\270\356\303\342\272?\026}\014\213\262\302"
 326      4121B8EE 
 326      C3E2BA3F 
 326      167D0C8B 
 326      B2C2
 327 0497 BCB721A4 		.ascii	"\274\267!\244vf0\232\332\266\036\026U^?\217\317\263"
 327      7666309A 
 327      DAB61E16 
 327      555E3F8F 
 327      CFB3
 328 04a9 BB7940AF 		.ascii	"\273y@\257\026\366.g*\363r6\237\227\305\015\317/\006"
 328      16F62E67 
 328      2AF37236 
 328      9F97C50D 
 328      CF2F06
 329 04bc F1A51197 		.ascii	"\361\245\021\227/\367\237i\321\221S\334QE\306\265Ka"
 329      2FF79F69 
 329      D19153DC 
 329      5145C6B5 
 329      4B61
 330 04ce A4992FF6 		.ascii	"\244\231/\366\257m\270\031LZ\371b\233w\357\325`\322"
 330      AF6DB819 
 330      4C5AF962 
 330      9B77EFD5 
 330      60D2
 331 04e0 C117DE67 		.ascii	"\301\027\336g\343wBI7_\214Le\235\015\321\242L7\267\017"
 331      E3774249 
 331      375F8C4C 
 331      659D0DD1 
 331      A24C37B7 
 332 04f5 E56115E5 		.ascii	"\345a\025\345\247\353\276\357\013'=\\\353\355\271\215"
 332      A7EBBEEF 
 332      0B273D5C 
 332      EBEDB98D 
 333 0505 4306ADD6 		.ascii	"C\006\255\326\325iZ?\251Z\327\206NN\204\220^\256\265"
 333      D5695A3F 
 333      A95AD786 
 333      4E4E8490 
 333      5EAEB5
 334 0518 E1E8F0CF 		.ascii	"\341\350\360\317\341Z\255\336iZOT\255\303]\017_\210"
 334      E15AADDE 
 334      695A4F54 
 334      ADC35D0F 
 334      5F88
 335 052a E41ED7EA 		.ascii	"\344\036\327\352j\254n\017'c|1\372\272\364x0O\177.."
ARM GAS  /tmp/ccKqqRdJ.s 			page 26


 335      6AAC6E0F 
 335      27637C31 
 335      FABAF478 
 335      304F7F2E 
 336 053f DFF4E7E6 		.ascii	"\337\364\347\346\032\370\360/g\207l_EN\030\361r\331"
 336      1AF8F02F 
 336      67876C5F 
 336      454E18F1 
 336      72D9
 337 0551 1D65C76A 		.ascii	"\035e\307j\247\245\326:\315\335\270\342\316ps\244\340"
 337      A7A5D63A 
 337      CDDDB8E2 
 337      CE7073A4 
 337      E0
 338 0562 7218CC31 		.ascii	"r\030\3141\233\315Qf\36366M\261\357u\002\214\242\360"
 338      9BCD5166 
 338      F336364D 
 338      B1EF7502 
 338      8CA2F0
 339 0575 08DDC6CF 		.ascii	"\010\335\306\317\260\342\317a\016\255:\374\214\355\372"
 339      B0E2CF61 
 339      0EAD3AFC 
 339      8CEDFA
 340 0584 12CC3089 		.ascii	"\022\3140\2114\201\364\012\351\005\230\331\271_A\235"
 340      3481F40A 
 340      E90598D9 
 340      B95F419D 
 341 0594 79FA1F7E 		.ascii	"y\372\037~r\274V\2226\350\251\017\030\223u\325\231p"
 341      72BC5692 
 341      36E8A90F 
 341      189375D5 
 341      9970
 342 05a6 8FB98F89 		.ascii	"\217\271\217\211T\345[\241\365c\212\031<\362\027\275"
 342      54E55BA1 
 342      F5638A19 
 342      3CF217BD 
 343 05b6 1F5094B6 		.ascii	"\037P\224\266\314S\177Q\213*\311g\325\323\365\004?H"
 343      CC537F51 
 343      8B2AC967 
 343      D5D3F504 
 343      3F48
 344 05c8 A88C2037 		.ascii	"\250\214 7\253/\300\211?\342\010]K(\342\3608\240\241"
 344      AB2FC089 
 344      3FE2085D 
 344      4B28E2F0 
 344      38A0A1
 345 05db 06F0F389 		.ascii	"\006\360\363\211\215\000\017\003\207\307e\021\360\242"
 345      8D000F03 
 345      87C76511 
 345      F0A2
 346 05e9 4B7D95C1 		.ascii	"K}\225\301sd\000sf\002P\230\021=4\2613oS\251Q[\263)"
 346      73640073 
 346      66025098 
 346      113D34B1 
 346      336F53A9 
 347 0601 8D3F015E 		.ascii	"\215?\001^\253-\362<\377V\17789@h\245\015#7\216\357"
 347      AB2DF23C 
ARM GAS  /tmp/ccKqqRdJ.s 			page 27


 347      FF567F38 
 347      394068A5 
 347      0D23378E 
 348 0616 0B07B379 		.ascii	"\013\007\263y\016\255 \017\372\342{<E\212\325\033t."
 348      0EAD200F 
 348      FAE27B3C 
 348      458AD51B 
 348      742E
 349 0628 89BF5801 		.ascii	"\211\277X\001*:\350/\252M1Pk\010L\234\366E\226\030\005"
 349      2A3AE82F 
 349      AA4D3150 
 349      6B084C9C 
 349      F6459618 
 350 063d 6B453364 		.ascii	"kE3d\"e y1\263\267\323\372B\365\362c`/\376\001\321)"
 350      22652079 
 350      31B3B7D3 
 350      FA42F5F2 
 350      63602FFE 
 351 0654 F0C05F54 		.ascii	"\360\300_TS\036^\350\211\235\2633$\011\250\324\273\225"
 351      531E5EE8 
 351      899DB333 
 351      2409A8D4 
 351      BB95
 352 0666 3E571499 		.ascii	">W\024\231\237%\241-D\016\206\002\332\212\221\253WP"
 352      9F25A12D 
 352      440E8602 
 352      DA8A91AB 
 352      5750
 353 0678 75BDC748 		.ascii	"u\275\307H\2160D\305\232\272\334b\002Qs\270\213\353"
 353      8E3044C5 
 353      9ABADC62 
 353      025173B8 
 353      8BEB
 354 068a 457ADA4B 		.ascii	"Ez\332K\353Q7[Tg\037u\030\030\024X\207X\374\032\\\350"
 354      EB51375B 
 354      54671F75 
 354      18181458 
 354      8758FC1A 
 355 06a0 71EB79F3 		.ascii	"q\353y\3636L[\361\365\242\266\3429\242R\361\355\305"
 355      364C5BF1 
 355      F5A2B6E2 
 355      39A252F1 
 355      EDC5
 356 06b2 37E5E988 		.ascii	"7\345\351\210<\030\340\323\261a\335\233\314iG\334\362"
 356      3C18E0D3 
 356      B161DD9B 
 356      CC6947DC 
 356      F2
 357 06c3 799A89BE 		.ascii	"y\232\211\276Q\244\023}\203(O\364\003\315\371U\"N\364"
 357      51A4137D 
 357      83284FF4 
 357      03CDF955 
 357      224EF4
 358 06d6 7276C2FD 		.ascii	"rv\302\375\271\344\240z\302\241 No5\263;\376S}\223H"
 358      B9E4A07A 
 358      C2A1204E 
 358      6F35B33B 
ARM GAS  /tmp/ccKqqRdJ.s 			page 28


 358      FE537D93 
 359 06eb A7FAAEAA 		.ascii	"\247\372\256\252\206:=id\010\301\345#\303\233\364\244"
 359      863A3D69 
 359      6408C1E5 
 359      23C39BF4 
 359      A4
 360 06fc 992F6A76 		.ascii	"\231/jv=\270h\300\330`\213H\270\257\232\014\317\376"
 360      3DB868C0 
 360      D8608B48 
 360      B8AF9A0C 
 360      CFFE
 361 070e 30D2CA5F 		.ascii	"0\322\312_W|[\326E\017#\330\212\257\341kQ7\323\261P"
 361      577C5BD6 
 361      450F23D8 
 361      8AAFE16B 
 361      5137D3B1 
 362 0723 D89D9143 		.ascii	"\330\235\221C\030/6\024\266q\271\007\257\013\357\212"
 362      182F3614 
 362      B671B907 
 362      AF0BEF8A 
 363 0733 CA4996C7 		.ascii	"\312I\226\307y\327\2636O\204\177x\205\354\226\214\314"
 363      79D7B336 
 363      4F847F78 
 363      85EC968C 
 363      CC
 364 0744 5B53D170 		.ascii	"[S\321p\235\216\311l\027?d\234\211{[\362\015\244\213"
 364      9D8EC96C 
 364      173F649C 
 364      897B5BF2 
 364      0DA48B
 365 0757 FB1FDD3D 		.ascii	"\373\037\335=\276\217B\007\205X\275\002\012\007\335"
 365      BE8F4207 
 365      8558BD02 
 365      0A07DD
 366 0766 41BD458D 		.ascii	"A\275E\215A\344\026\227\250\336\261\367\012K`'\215p"
 366      41E41697 
 366      A8DEB1F7 
 366      0A4B6027 
 366      8D70
 367 0778 07F7723F 		.ascii	"\007\367r?\253\276T\247\005\027\003\220\301\205\"\024"
 367      ABBE54A7 
 367      05170390 
 367      C1852214 
 368 0788 8162866F 		.ascii	"\201b\206o\276\202\357\217\205\365{\302\021\337\273"
 368      BE82EF8F 
 368      85F57BC2 
 368      11DFBB
 369 0797 7868F6BC 		.ascii	"xh\366\274\376K\346\236u\036\304\227\334\370\015\025"
 369      FE4BE69E 
 369      751EC497 
 369      DCF80D15 
 370 07a7 84CD4AE7 		.ascii	"\204\315J\347@\256\250\243+\376\337\326.\006mm{VS\304"
 370      40AEA8A3 
 370      2BFEDFD6 
 370      2E066D6D 
 370      7B5653C4 
 371 07bb 477BA42B 		.ascii	"G{\244+\036V\232\342\355\370\251<\233m\376!^\026\315"
ARM GAS  /tmp/ccKqqRdJ.s 			page 29


 371      1E569AE2 
 371      EDF8A93C 
 371      9B6DFE21 
 371      5E16CD
 372 07ce 86A3     		.ascii	"\206\243"
 373 07d0 9C2F30D4 		.ascii	"\234/0\324\022\361#\324\274}\255u\353\264\317&\352\313"
 373      12F123D4 
 373      BC7DAD75 
 373      EBB4CF26 
 373      EACB
 374 07e2 D73FA5BC 		.ascii	"\327?\245\274\177\350}\006\314\275''\273\210b \023\015"
 374      7FE87D06 
 374      CCBD2727 
 374      BB886220 
 374      130D
 375 07f4 7C3E4FA3 		.ascii	"|>O\243\037\253\264\337\206\254\2366#S\335\215\355W"
 375      1FABB4DF 
 375      86AC9E36 
 375      2353DD8D 
 375      ED57
 376 0806 2606D65D 		.ascii	"&\006\326]\256\325E\270xC\321\263}}\373\024\377\000"
 376      AED545B8 
 376      7843D1B3 
 376      7D7DFB14 
 376      FF00
 377 0818 FE06D5CB 		.ascii	"\376\006\325\313\271\3727\365\367\237\222\377\007\360"
 377      B9FA37F5 
 377      F79F92FF 
 377      07F0
 378 0826 1E067005 		.ascii	"\036\006p\005\003\230-t\326\324t\267\361\323\317\277"
 378      03982D74 
 378      D6D474B7 
 378      F1D3CFBF 
 379 0836 5CB02C26 		.ascii	"\\\260,&F\010\266Z\323\035N\367'V\367\"K\272+\315\342"
 379      4608B65A 
 379      D31D4EF7 
 379      2756F722 
 379      4BBA2BCD 
 380 084b 70DA92D2 		.ascii	"p\332\222\322W\332-N\373\352$\307\012Kr\274-\321\341"
 380      57DA2D4E 
 380      FBEA24C7 
 380      0A4B72BC 
 380      2DD1E1
 381 085e B45BAC2B 		.ascii	"\264[\254+\355\011\361\351In\253{M\252\335\025\235("
 381      ED09F1E9 
 381      496EAB7B 
 381      4DAADD15 
 381      9D28
 382 0870 1864AD85 		.ascii	"\030d\255\205\201\264\\k\\\026\253\313\275\022EP\024"
 382      81B45C6B 
 382      5C16ABCB 
 382      BD124550 
 382      14
 383 0881 5DE0C392 		.ascii	"]\340\303\222\305V\267A\276\007%\273VY\335K\242\243"
 383      C556B741 
 383      BE0725BB 
 383      5659DD4B 
ARM GAS  /tmp/ccKqqRdJ.s 			page 30


 383      A2A3
 384 0893 2D961497 		.ascii	"-\226\024\227\305\226\222\234\234\342\264\244\246\244"
 384      C596929C 
 384      9CE2B4A4 
 384      A6A4
 385 08a1 B95D96BF 		.ascii	"\271]\226\277\376#vY\354W\224\227\352H\262\247\271,"
 385      FE237659 
 385      EC579497 
 385      EA48B2A7 
 385      B92C
 386 08b3 9F2E5B66 		.ascii	"\237.[f\261%*n\315\262Nb|\222\205yr\247\331\343\223"
 386      B1252A6E 
 386      CDB24E62 
 386      7C928579 
 386      72A7D9E3 
 387 08c8 5D96647B 		.ascii	"]\226d{\262\374\030m\303\014W\331\335z+.W\272\364.\307"
 387      B2FC186D 
 387      C30C57D9 
 387      DD7A2B2E 
 387      57BAF42E 
 388 08dd 7FEC56F7 		.ascii	"\177\354V\367b\026&\325Xe\263Y\342\323\222\0279S\234"
 388      621626D5 
 388      5865B359 
 388      E2D39217 
 388      39539C
 389 08f0 F645F6F8 		.ascii	"\366E\366\370\025\016\313\037\242\227D\307\250)`\330"
 389      150ECB1F 
 389      A29744C7 
 389      A82960D8 
 390 0900 982BCDD0 		.ascii	"\230+\315\320\272:\315\341\266\273B\223]q+\376e\267"
 390      BA3ACDE1 
 390      B6BB4293 
 390      5D712BFE 
 390      65B7
 391 0912 B9FFEE74 		.ascii	"\271\377\356t\270\211=\305\245\243&\365+\322\023\022"
 391      B8893DC5 
 391      A5A326F5 
 391      2BD21312 
 392 0922 EC69E4DF 		.ascii	"\354i\344\337\311n\202x\352\250\263 \246\020\341p\272"
 392      C96E8278 
 392      EAA8B320 
 392      A610E170 
 392      BA
 393 0933 DCF14E9B 		.ascii	"\334\361N\233\335\232\222\220\340\262\273Cc\355\311"
 393      DD9A9290 
 393      E0B2BB43 
 393      63EDC9
 394 0942 FF64B12D 		.ascii	"\377d\261-\217\375\202`d\277\"\207DA\357SNI[\303\365"
 394      8FFD8260 
 394      64BF2287 
 394      4441EF53 
 394      4E495BC3 
 395 0957 F528614B 		.ascii	"\365(aK]\243K\262\307'\030\234)\356\304\264\224\325"
 395      5DA34BB2 
 395      C727189C 
 395      29EEC4B4 
 395      94D5
ARM GAS  /tmp/ccKqqRdJ.s 			page 31


 396 0969 10634870 		.ascii	"\020cHp.p\245\332m\310q:\323\223\222>\010X\021w\232"
 396      2E70A5DA 
 396      6DC8713A 
 396      D393923E 
 396      08581177 
 397 097e C3B90AED 		.ascii	"\303\271\012\355\376\017V\274(("
 397      FE0F56BC 
 397      2828
 398              		.text
 399              		.section	.gnu.lto_.symtab.ab28f13ee2ecfa23,"",%progbits
 400 0000 6D734F62 		.ascii	"msObjectInit\000"
 400      6A656374 
 400      496E6974 
 400      00
 401 000d 00       		.ascii	"\000"
 402 000e 00       		.ascii	"\000"
 403 000f 00       		.ascii	"\000"
 404 0010 00000000 		.ascii	"\000\000\000\000\000\000\000\000"
 404      00000000 
 405 0018 0B010000 		.ascii	"\013\001\000\000"
 406              		.text
 407              		.section	.gnu.lto_.opts,"",%progbits
 408 0000 272D666D 		.ascii	"'-fmath-errno' '-fsigned-zeros' '-ftrapping-math' '"
 408      6174682D 
 408      6572726E 
 408      6F272027 
 408      2D667369 
 409 0033 2D666E6F 		.ascii	"-fno-trapv' '-fno-openmp' '-fno-openacc' '-mcpu=cor"
 409      2D747261 
 409      70762720 
 409      272D666E 
 409      6F2D6F70 
 410 0066 7465782D 		.ascii	"tex-m4' '-mno-thumb-interwork' '-mthumb' '-ggdb' '-"
 410      6D342720 
 410      272D6D6E 
 410      6F2D7468 
 410      756D622D 
 411 0099 4F322720 		.ascii	"O2' '-fomit-frame-pointer' '-falign-functions=16' '"
 411      272D666F 
 411      6D69742D 
 411      6672616D 
 411      652D706F 
 412 00cc 2D666675 		.ascii	"-ffunction-sections' '-fdata-sections' '-fno-common"
 412      6E637469 
 412      6F6E2D73 
 412      65637469 
 412      6F6E7327 
 413 00ff 2720272D 		.ascii	"' '-flto'\000"
 413      666C746F 
 413      2700
 414              		.text
 415              		.comm	__gnu_lto_v1,1,1
 416              		.comm	__gnu_lto_slim,1,1
 417              		.ident	"GCC: (15:6.3.1+svn253039-1build1) 6.3.1 20170620"
ARM GAS  /tmp/ccKqqRdJ.s 			page 32


DEFINED SYMBOLS
                            *ABS*:0000000000000000 memstreams.c
                            *COM*:0000000000000001 __gnu_lto_v1
                            *COM*:0000000000000001 __gnu_lto_slim

NO UNDEFINED SYMBOLS
