ARM GAS  /tmp/ccFTEZhS.s 			page 1


   1              		.cpu cortex-m4
   2              		.eabi_attribute 20, 1
   3              		.eabi_attribute 21, 1
   4              		.eabi_attribute 23, 3
   5              		.eabi_attribute 24, 1
   6              		.eabi_attribute 25, 1
   7              		.eabi_attribute 26, 1
   8              		.eabi_attribute 30, 2
   9              		.eabi_attribute 34, 1
  10              		.eabi_attribute 18, 4
  11              		.file	"nullstreams.c"
  12              		.text
  13              	.Ltext0:
  14              		.section	.gnu.lto_.profile.a77c573afa371b9a,"",%progbits
  15 0000 789C6365 		.ascii	"x\234ce`b`a```d\340f\003\000\000\234\000\036"
  15      60626061 
  15      60606064 
  15      E0660300 
  15      009C001E 
  16              		.text
  17              		.section	.gnu.lto_.icf.a77c573afa371b9a,"",%progbits
  18 0000 789C6365 		.ascii	"x\234ce`bPe@\0006\206#\357\033g016\276\377\323\316\313"
  18      60625065 
  18      40003686 
  18      23EF1B67 
  18      303136BE 
  19 0018 34ABFBA7 		.ascii	"4\253\373\247 \363\331\225\015+\270X6mY\277\222\227"
  19      20F3D995 
  19      0D2BB858 
  19      366D59BF 
  19      9297
  20 002a 75EDEF9F 		.ascii	"u\355\357\237_\270\030\000C\331\021Q"
  20      5FB81800 
  20      43D91151 
  21              		.text
  22              		.section	.gnu.lto_.jmpfuncs.a77c573afa371b9a,"",%progbits
  23 0000 789C6365 		.ascii	"x\234ce`bPe@\000V\006fFFF\026\006\206zF\020\003$\304"
  23      60625065 
  23      40005606 
  23      66464646 
  23      1606867A 
  24 0019 C404A699 		.ascii	"\304\004\246\231A$\013P\254\236\001\000\033\012\001"
  24      41240B50 
  24      AC9E0100 
  24      1B0A01
  25 0028 53       		.ascii	"S"
  26              		.text
  27              		.section	.gnu.lto_.inline.a77c573afa371b9a,"",%progbits
  28 0000 789C6365 		.ascii	"x\234ce`b\210e@\000V\006\006f&F\240 \003\003\333\002"
  28      60628865 
  28      40005606 
  28      06662646 
  28      A0200303 
  29 0016 7910C5C0 		.ascii	"y\020\305\300\210!\302\204!\302\214!\302\302\300\302"
  29      8821C284 
  29      21C28C21 
  29      C2C2C0C2 
ARM GAS  /tmp/ccFTEZhS.s 			page 2


  30 0026 0C14617C 		.ascii	"\014\024a|\301\316\300\336\241\016\026b\000\000\355"
  30      C1CEC0DE 
  30      A10E1662 
  30      0000ED
  31 0035 770562   		.ascii	"w\005b"
  32              		.text
  33              		.section	.gnu.lto_.pureconst.a77c573afa371b9a,"",%progbits
  34 0000 789C6365 		.ascii	"x\234ce`b\340f```e``\0042\231\031X\244\000\001\262\000"
  34      6062E066 
  34      60606065 
  34      60600432 
  34      991958A4 
  35 0018 3C       		.ascii	"<"
  36              		.text
  37              		.section	.gnu.lto_writes.a77c573afa371b9a,"",%progbits
  38 0000 789C5D90 		.ascii	"x\234]\220MKBA\024\206\317;\343W\220\376\201\\\264("
  38      4D4B4241 
  38      1486CF3B 
  38      E35790FE 
  38      815CB428 
  39 0014 4C827B7F 		.ascii	"L\202{\177A\373\376BK\215 \341f\222\265v\264\242\017"
  39      41FBFE42 
  39      4B8D20E1 
  39      6692B576 
  39      B4A20F
  40 0027 A18C52B1 		.ascii	"\241\214R\261\017\256\033\261o\215 j'\355\015\322\\"
  40      0FAE1BB1 
  40      6F8D206A 
  40      27ED0DD2 
  40      5C
  41 0038 B5AB96B5 		.ascii	"\265\253\226\265h]Yg..\302\3050\347\235y\236\031\316"
  41      685D5967 
  41      2E2EC2C5 
  41      30E79D79 
  41      9E19CE
  42 004b 7193A029 		.ascii	"q\223\240)\020\231D4\304\013\222 r\017Di\237\000t\241"
  42      10994434 
  42      C40B9220 
  42      720F4469 
  42      9F0074A1 
  43 005f 7CA09440 		.ascii	"|\240\224@\012\333\262(\361\270R?\224[\322f\314\305"
  43      0ADBB228 
  43      F1B8523F 
  43      945BD266 
  43      CCC5
  44 0071 F1B3B9FF 		.ascii	"\361\263\271\377\032\320\021\030\346x\240Z\033\336p"
  44      1AD01118 
  44      E678A05A 
  44      1BDE70
  45 0080 55A98C6A 		.ascii	"U\251\214j\024o'v\226W'm)\250\304\3641\202\250\"\250"
  45      146F2776 
  45      9657276D 
  45      29A8C4F4 
  45      3182A822 
  46 0095 BF384198 		.ascii	"\2778A\230\331v\263\223\363\3121\020\327\327\353\345"
  46      D976B393 
  46      F3CA3110 
ARM GAS  /tmp/ccFTEZhS.s 			page 3


  46      D7D7EBE5 
  47 00a5 BBC150C5 		.ascii	"\273\301P\305\361\336v\245\032\261\245\304)\344\177"
  47      F1DE76A5 
  47      1AB1A5C4 
  47      29E47F
  48 00b4 918F0867 		.ascii	"\221\217\010g\0101\376\225\355\024\006\344\270\243\246"
  48      0831FE95 
  48      ED1406E4 
  48      B8A3A6
  49 00c3 2B37B6E8 		.ascii	"+7\266\350\251\337yGu\341\274_u\021.\034\365G\355\025"
  49      A9DF7947 
  49      75E1BC5F 
  49      75112E1C 
  49      F547ED15 
  50 00d7 02D270D4 		.ascii	"\002\322p\324\322}\376\331\337S\237\212\216*p\331\257"
  50      D27DFED9 
  50      DF539F8A 
  50      8E2A70D9 
  50      AF
  51 00e8 0A420D21 		.ascii	"\012B\015!\315\277\\u\363~\217K\267\303]\324\341\341"
  51      CDBF5C75 
  51      F37E8F4B 
  51      B7C35DD4 
  51      E1E1
  52 00fa B951AD85 		.ascii	"\271Q\255\205\206\352\376\256\251\306{\025\0357\017"
  52      86EAFEAE 
  52      A9C67B15 
  52      1D370F
  53 0109 C2C16993 		.ascii	"\302\301i\223!=\276,?\300\273\374@\246\\mCkGR\213L@"
  53      213DBE2C 
  53      3FC0BBFC 
  53      40A65C6D 
  53      436B4752 
  54 0120 DF08A251 		.ascii	"\337\010\242Q\3030\315\371\2449\033\261L+\0265\223\213"
  54      C330CDF9 
  54      A4391BB1 
  54      4C2B1635 
  54      938B
  55 0132 0B3391B9 		.ascii	"\0133\221\271\244\031_\262\254^mL\223\210%D4\201\370"
  55      A4195FB2 
  55      AC5E6D4C 
  55      93882544 
  55      3481F8
  56 0145 1F87F07B 		.ascii	"\037\207\360{U"
  56      55
  57              		.text
  58              		.section	.gnu.lto_reads.a77c573afa371b9a,"",%progbits
  59 0000 789C5D90 		.ascii	"x\234]\220MK\202A\024\205\357\231\361+H\377@.Z\024&"
  59      4D4B8241 
  59      1485EF99 
  59      F12B48FF 
  59      402E5A14 
  60 0015 81EF2F68 		.ascii	"\201\357/h\337\337P\011\022\314$k\355hI\037B\031\245"
  60      DFDF5009 
  60      12CC246B 
  60      ED68491F 
  60      4219A5
ARM GAS  /tmp/ccFTEZhS.s 			page 4


  61 0028 6205BA31 		.ascii	"b\005\2721\373V\011\202v\"m-R\204\240V\265\214\026A"
  61      FB560982 
  61      76226D2D 
  61      5284A056 
  61      B58C1641 
  62 003c D022B2EE 		.ascii	"\320\"\262\356\274\030\204\213a\356\2319\317\275\334"
  62      BC18848B 
  62      61EE9939 
  62      CFBDDC
  63 004b 63254141 		.ascii	"c%AA\020\031D4\302\007\222 2\267D\011\207\000t\241\034"
  63      10194434 
  63      C2079220 
  63      32B74409 
  63      870074A1 
  64 0060 A0B8401C 		.ascii	"\240\270@\034[2/q\277R;\220\233\262\3106\013\313\367"
  64      5B322F71 
  64      BF523B90 
  64      9BB2C836 
  64      0BCBF7
  65 0073 D6DE8B4B 		.ascii	"\326\336\213KK`\224\345\276j\257\333\275\025\245\222"
  65      4B6094E5 
  65      BE6AAFDB 
  65      BD15A592 
  66 0083 AA917F98 		.ascii	"\252\221\177\230\332^NM\027\245\240\002\273\217\340"
  66      DA5E4E4D 
  66      17A5A002 
  66      BB8FE0
  67 0092 46056E3D 		.ascii	"F\005n=\342\030^\366vZ\335\214]N\200\270\276\\+]\017"
  67      E2185EF6 
  67      765ADD8C 
  67      5D4E80B8 
  67      BE5C2B5D 
  68 00a7 7BCA26F7 		.ascii	"{\312&\367\264#\325XQJ\234@\376\007\371\211p\012\017"
  68      B423D558 
  68      514A9C40 
  68      FE07F989 
  68      700A0F
  69 00ba DBBFD2DD 		.ascii	"\333\277\322\335\334\220\2344\321D\371\252(\372\350"
  69      DC909C34 
  69      D144F9AA 
  69      28FAE8
  70 00c9 4DD6442D 		.ascii	"M\326D-8\033D-\204s\023\375V\2739\227\364\231h\241\231"
  70      381B442D 
  70      847313FD 
  70      56BB3997 
  70      F49968A1 
  71 00de 7D74FE4D 		.ascii	"}t\376M\315\231\250\300\305 *\010Ux\264\377\271\336"
  71      CD99A8C0 
  71      C5202A08 
  71      5578B4FF 
  71      B9DE
  72 00f0 CB3A6D16 		.ascii	"\313:m\026\275\016oQ\203\215s\243j\033\015\325\373Y"
  72      BD0E6F51 
  72      838D73A3 
  72      6A1B0DD5 
  72      FB59
  73 0102 558D8F43 		.ascii	"U\215\217C|Z\005\321\006\177\353\340\322\214\362-\337"
ARM GAS  /tmp/ccFTEZhS.s 			page 5


  73      7C5A05D1 
  73      067FEBE0 
  73      D28CF22D 
  73      DF
  74 0113 902CBD76 		.ascii	"\220,\275v\240\001n\222K5\357\354:1\001B\335\014\204"
  74      A0016E92 
  74      4B35EFEC 
  74      3A310142 
  74      DD0C84
  75 0126 096827B3 		.ascii	"\011h'\263\343>\237a\314\307\214Y\177\330\010\207\002"
  75      E33E9F61 
  75      CCC78C59 
  75      7FD80887 
  75      02
  76 0137 466C7161 		.ascii	"Flqa\306?\0273\"K\341p\277\366\005I\204\242\"\020E\344"
  76      C63F1733 
  76      224BE170 
  76      BFF60549 
  76      84A22210 
  77 014d 1703777F 		.ascii	"\027\003w\177\212"
  77      8A
  78              		.text
  79              		.section	.gnu.lto_put.a77c573afa371b9a,"",%progbits
  80 0000 789C4D8F 		.ascii	"x\234M\217\317.CA\024\306\3177s\265]T\037\200.,P\015"
  80      CF2E4341 
  80      14C6CF37 
  80      73B55D54 
  80      1F802E2C 
  81 0016 E9955879 		.ascii	"\351\225Xy\001\361\032\255H4\271\376DYw\224\226 T\204"
  81      01F11AAD 
  81      4834B9FE 
  81      44597794 
  81      96205484 
  82 002a 1BD2E476 		.ascii	"\033\322\344vAJ\213\022\253\356n\304\266\004\361\002"
  82      414A8B12 
  82      ABEE6EC4 
  82      B604F102 
  83 003a D44A2A21 		.ascii	"\324J*!V\"\345Lua\222\311|g\346\373\2359_\033\011\352"
  83      5622E54C 
  83      756192C9 
  83      7C67E6FB 
  83      9D395F1B 
  84 0050 05D10011 		.ascii	"\005\321\000\021u\362\206$\210\354\015\321\202O\000"
  84      75F28624 
  84      88EC0DD1 
  84      824F00
  85 005f 5A281F28 		.ascii	"Z(\037()\220\304\246\264%\356\226\316srC:l3\270|\257"
  85      2990C4A6 
  85      B425EE96 
  85      CE737243 
  85      3A6C33B8 
  86 0075 EE3F0774 		.ascii	"\356?\007t\011tqY\253d\352F\270\240x\271\366\327\360"
  86      09747159 
  86      AB64EA46 
  86      B8A078B9 
  86      F6D7F0
  87 0088 D6627AD4 		.ascii	"\326bz\324\221\202\366\330}\204 \012\010\352/\216\021"
ARM GAS  /tmp/ccFTEZhS.s 			page 6


  87      9182F6D8 
  87      7D84200A 
  87      08EA2F8E 
  87      11
  88 0099 66EF43F5 		.ascii	"f\357C\3651\353\225} \326\227+\371\212?t\250TJ\271\327"
  88      31EB957D 
  88      20D6972B 
  88      F98A3F74 
  88      A8544AB9 
  89 00ae DB52753B 		.ascii	"\333Ru;R\242\010\371\037\344+B\011!\266\3472\305\027"
  89      52A208F9 
  89      1FE42B42 
  89      0921B6E7 
  89      32C517
  90 00c1 29FB9BE8 		.ascii	")\373\233\350k\346\343-\320Bk\237B\371\035i\340\344"
  90      6BE6E32D 
  90      D0426B9F 
  90      42F91D69 
  90      E0E4
  91 00d3 0F1D0A62 		.ascii	"\017\035\012bP\203\006\341\024!\355~\272h\354\264{\014"
  91      508306E1 
  91      1421ED7E 
  91      BA68ECB4 
  91      7B0C
  92 00e5 3D110F72 		.ascii	"=\021\017r\006\017G\247\362=\\\325\370YV\356\367\001"
  92      060F47A7 
  92      F23D5CD5 
  92      F85956EE 
  92      F701
  93 00f7 EC1141B4 		.ascii	"\354\021A\264\312\317:\373\032\017\317\247\254#\225"
  93      CACF3AFB 
  93      1A0FCFA7 
  93      AC2395
  94 0106 2FAD7768 		.ascii	"/\255wh\200\233\354\246\257n\275:\264\000\241\334\314"
  94      809BECA6 
  94      AF6EBD3A 
  94      B400A1DC 
  94      CC
  95 0117 C404B493 		.ascii	"\304\004\264\223\331\236H\3044\247\023\346D\3242\255"
  95      D99E48C4 
  95      34A713E6 
  95      44D432AD 
  96 0127 78CC4CCC 		.ascii	"x\314L\314\315\216G'\023\346\324\274e\265td\214D|\006"
  96      CD8E4727 
  96      13E6D4BC 
  96      65B57464 
  96      8C447C06 
  97 013b B15F03BC 		.ascii	"\261_\003\274l\366"
  97      6CF6
  98              		.text
  99              		.section	.gnu.lto_get.a77c573afa371b9a,"",%progbits
 100 0000 789C4D4F 		.ascii	"x\234MO\313J\003A\020\354\232^\327H\324\017\320\034"
 100      CB4A0341 
 100      10EC9A5E 
 100      D748D40F 
 100      D01C
 101 0012 3C44623C 		.ascii	"<Db<\354\374\205\377\021E0\260>\310\3529c\010**\032"
ARM GAS  /tmp/ccFTEZhS.s 			page 7


 101      ECFC85FF 
 101      114530B0 
 101      3EC8EA39 
 101      63082A2A 
 102 0027 10090671 		.ascii	"\020\011\006q\003\"\361\211\032\361\220\333\012^#>\360"
 102      0322F189 
 102      1AF190DB 
 102      0A5E233E 
 102      F0
 103 0038 2E1AF014 		.ascii	".\032\360\024!?\020\355\021\017\0164]5SU\335\323C\212"
 103      213F10ED 
 103      110F0E34 
 103      5D355355 
 103      DDD3438A 
 104 004c BE88685C 		.ascii	"\276\210h\\jX\012LP\245\007\242\345\230\002,01P^!\217"
 104      6A580A4C 
 104      50A507A2 
 104      E598022C 
 104      3031505E 
 105 0062 6D2E339E 		.ascii	"m.3\236\212W\373\274\305\241\310\034\241\235f\345c\320"
 105      8A57FBBC 
 105      C5A1C81C 
 105      A19D66E5 
 105      63D0
 106 0074 52604468 		.ascii	"R`Dh\253\261\322v\3225#'*W\334\203\372\243\351\013Y"
 106      ABB1D276 
 106      D2352327 
 106      2A57DC83 
 106      FAA3E90B 
 107 0089 D19EC88F 		.ascii	"\321\236\310\217\221@\015\011;\343\004i\021\2774_K\275"
 107      91400D09 
 107      3BE30469 
 107      11BF345F 
 107      4BBD
 108 009b 3C06127C 		.ascii	"<\006\022|\263Vm\364\247\216\214)\230\350~\207M2d\306"
 108      B3566DF4 
 108      A78E8C29 
 108      98E87E87 
 108      4D3264C6 
 109 00af 29F8BF51 		.ascii	")\370\277Q\256\010gHY\375\373uww\300ul\260\344\235\303"
 109      AE086748 
 109      59FDFB75 
 109      7777C075 
 109      6CB0E49D 
 110 00c4 85F4CB67 		.ascii	"\205\364\313gD\246\373\275j\242\326!n'\024\321\272<"
 110      44A6FBBD 
 110      6AA2D621 
 110      6E2714D1 
 110      BA3C
 111 00d6 DB3F6CC8 		.ascii	"\333?l\310\016\322\271\215B\365ss\310\032$\344\356\255"
 111      0ED2B98D 
 111      42F57373 
 111      C81A24E4 
 111      EEAD
 112 00e8 DE89DBE5 		.ascii	"\336\211\333\345\025\034\\\374\256&\016X\245xG=O\353"
 112      151C5CFC 
 112      AE260E58 
ARM GAS  /tmp/ccFTEZhS.s 			page 8


 112      A578473D 
 112      4FEB
 113 00fa F940CF64 		.ascii	"\371@\317d|\355g'u\260\230\233\316\314\006zn\311\367"
 113      7CED6727 
 113      75B0989B 
 113      CECC067A 
 113      6EC9F7
 114 010d FFB03745 		.ascii	"\377\2607E*\273\360\003\342\252\\\360"
 114      2ABBF003 
 114      E2AA5CF0 
 115              		.text
 116              		.section	.gnu.lto_nullObjectInit.a77c573afa371b9a,"",%progbits
 117 0000 789C4D50 		.ascii	"x\234MPK/\203Q\020\235\363\315\327\226\204\306R\350"
 117      4B2F8351 
 117      109DF3CD 
 117      D79684C6 
 117      52E8
 118 0012 C282D048 		.ascii	"\302\202\320H\372\375\013\377\003\221\020\365\210\262"
 118      FAFD0BFF 
 118      039110F5 
 118      88B2
 119 0020 B1E96D3D 		.ascii	"\261\351m=*\025\217\005Z\215\346\253 \336E-\304Jc#\304"
 119      2A158F05 
 119      5A8DE6AB 
 119      20DE452D 
 119      C44A6323 
 120 0035 23FC000B 		.ascii	"#\374\000\013\204x-\004\2214\361\230[\026n2\2713s\317"
 120      84782D04 
 120      9134F198 
 120      5B166E32 
 120      B93373CF 
 121 0049 3D73CE38 		.ascii	"=s\3168\310\2401\020\325\022Q\271\004\230`\214\237\022"
 121      C8A03110 
 121      D51251B9 
 121      0498608C 
 121      9F12
 122 005b 850A0C40 		.ascii	"\205\012\014@'\252\000\0244\020\304\030\307\030\373"
 122      27AA0014 
 122      3410C418 
 122      C718FB
 123 006a 91DB5DC3 		.ascii	"\221\333]\303\273\250\344dc\227\316A5Pj3\321\264\204"
 123      BBA8E464 
 123      6397CE41 
 123      35506A33 
 123      D1B484
 124 007d 3E588457 		.ascii	">X\204WP\347\375\2333<\3126\003\246\224/'\211k\267."
 124      50E7FD9B 
 124      333CCA36 
 124      03A6942F 
 124      27896BB7 
 125 0092 0D544879 		.ascii	"\015THy7\233y2\271\006$y,\327\277bV/(\025V\331\343\011"
 125      379B7932 
 125      B9062479 
 125      2CD7BF62 
 125      562F2815 
 126 00aa 56953633 		.ascii	"V\22563V\300B\210ex\260\004\017I\213\260\212j\215\277"
 126      56C04288 
ARM GAS  /tmp/ccFTEZhS.s 			page 9


 126      6578B004 
 126      0F498BB0 
 126      8A6A8DBF 
 127 00be DAFA9A2C 		.ascii	"\332\372\232,v\232\277\003\261\006\247h\247\215\013"
 127      769ABF03 
 127      B106A768 
 127      A78D0B
 128 00cd 64D5D777 		.ascii	"d\325\327wDe\337\346\361^g\212r\015\247\250\200\264"
 128      4465DFE6 
 128      F15E678A 
 128      720DA7A8 
 128      80B4
 129 00df 856136F4 		.ascii	"\205a6\364\315\367\010\347\"\311\235N\375O\270\246\006"
 129      CDF708E7 
 129      22C99D4E 
 129      FD4FB8A6 
 129      06
 130 00f0 F6CF5C5A 		.ascii	"\366\317\\Z\026\347\245|\034\034\015\025\331H\206\304"
 130      16E7A57C 
 130      1C1C0D15 
 130      D94886C4 
 131 0100 5BAACC66 		.ascii	"[\252\314f3)z\327e\276~\\\270\011\247]\326\272\366]"
 131      33297AD7 
 131      65BE7E5C 
 131      B809A75D 
 131      D6BAF65D 
 132 0114 61B30369 		.ascii	"a\263\003i\330\210\347Mc\003\326\1772G\236\254/\267"
 132      D888E74D 
 132      6303D67F 
 132      32479EAC 
 132      2FB7
 133 0126 F7EA0E7E 		.ascii	"\367\352\016~*\331\216cN\343\244w\230Xm\325\374%6;\261"
 133      2AD98E63 
 133      4EE3A477 
 133      98586DD5 
 133      FC25363B 
 134 013b 251BDDFC 		.ascii	"%\033\335\374#\377~\310\244\013\005\034\227\301\275"
 134      23FF7EC8 
 134      A40B051C 
 134      97C1BD
 135 014a 9A2123EC 		.ascii	"\232!#\354\302\274\215 =#\234z\034\201\226\234\337p"
 135      C2BC8D20 
 135      3D239C7A 
 135      1C81969C 
 135      DF70
 136 015c 54C48A17 		.ascii	"T\304\212\027\203\250\312\347\263\254\216\200\325\\"
 136      83A8CAE7 
 136      B3AC8E80 
 136      D55C
 137 016a EFB7FC2D 		.ascii	"\357\267\374-\015V\240\273\253\251\276-`\265\367\370"
 137      0D56A0BB 
 137      ABA9BE2D 
 137      60B5F7F8 
 138 017a FD7FB9AF 		.ascii	"\375\177\271\257\221\270=\320\371\003\216\212\222\217"
 138      91B83DD0 
 138      F9038E8A 
 138      928F
ARM GAS  /tmp/ccFTEZhS.s 			page 10


 139              		.text
 140              		.section	.gnu.lto_vmt.a77c573afa371b9a,"",%progbits
 141 0000 789C6365 		.ascii	"x\234ce`b\330\300\300\300\240\316\000\001\323\231\031"
 141      6062D8C0 
 141      C0C0A0CE 
 141      0001D399 
 141      19
 142 0011 77EE7C73 		.ascii	"w\356|s\233\275\376oCGC\303\203\3569\3143\231\34733"
 142      9BBDFE6F 
 142      434743C3 
 142      83EE39CC 
 142      3399E733 
 143 0026 CC64C690 		.ascii	"\314d\306\220[\260\211g>3\343LfF\014\211o@\035L3\231"
 143      5BB08967 
 143      3E33E34C 
 143      66460C89 
 143      6F401D4C 
 144 003c 993024B6 		.ascii	"\2310$\266\001%\200\3461\203%\326\277\331\371\223\267"
 144      012580E6 
 144      318325D6 
 144      BFD9F993 
 144      B7
 145 004d 0F28C2C2 		.ascii	"\017(\302\302\010\342\236\275?\367\011\223\305\266\206"
 145      08E29EBD 
 145      3FF70993 
 145      C5B686
 146 005c 8E050D01 		.ascii	"\216\005\015\001\363\231Yg030\256f\224\231\301\314\310"
 146      F3995967 
 146      303330AE 
 146      669499C1 
 146      CCC8
 147 006e B88AB17E 		.ascii	"\270\212\261~\0063\023\343J\020\305\314\270\002D\261"
 147      063313E3 
 147      4A10C5CC 
 147      B80244B1 
 148 007e 302E67AC 		.ascii	"0.g\254g`\\\303h\301\240\252\247\247\257\237_\254\237"
 148      67605CC3 
 148      68C1A0AA 
 148      A7A7AF9F 
 148      5FAC9F
 149 0091 9198A39F 		.ascii	"\221\230\243\237\223\231\244_\\R\224\232\230[\254\237"
 149      9399A45F 
 149      5C52949A 
 149      985BAC9F 
 150 00a1 579A9303 		.ascii	"W\232\223\003e\353%3\000\000\311\232M\362"
 150      65EB2533 
 150      0000C99A 
 150      4DF2
 151              		.text
 152              		.section	.gnu.lto_.symbol_nodes.a77c573afa371b9a,"",%progbits
 153 0000 789C6365 		.ascii	"x\234ce`b\310e\000\002\246\235L\365\014\014\023\316"
 153      6062C865 
 153      0002A69D 
 153      4CF50C0C 
 153      13CE
 154 0012 313000A9 		.ascii	"10\000\251\035\013\0166\260\001\305v1\3253\242\213\355"
 154      1D0B0E36 
ARM GAS  /tmp/ccFTEZhS.s 			page 11


 154      B001C576 
 154      31D533A2 
 154      8BED
 155 0024 66AA6742 		.ascii	"f\252gB\027\333\303T\317\214.\266\217\251\236\005&\266"
 155      17DBC354 
 155      CF8C2EB6 
 155      8FA99E05 
 155      26B6
 156 0036 ABC19181 		.ascii	"\253\301\221\201\201u/\023C\203\022\003\0033\003\000"
 156      81752F13 
 156      43831203 
 156      03330300 
 157 0046 BE5C1D67 		.ascii	"\276\\\035g"
 158              		.text
 159              		.section	.gnu.lto_.refs.a77c573afa371b9a,"",%progbits
 160 0000 789C05C1 		.ascii	"x\234\005\301\261\001\000\000\010\303\2404\332\335\377"
 160      B1010000 
 160      08C3A034 
 160      DADDFF
 161 000f AF158A1C 		.ascii	"\257\025\212\034\220\265\331\212Q\207\007\003S\000<"
 161      90B5D98A 
 161      51870703 
 161      53003C
 162              		.text
 163              		.section	.gnu.lto_.decls.a77c573afa371b9a,"",%progbits
 164 0000 789C8D56 		.ascii	"x\234\215Vkl\023W\026\236\343\3538\211\3438\210 \304"
 164      6B6C1357 
 164      169EE3EB 
 164      3889E338 
 164      8820C4
 165 0013 4AD10A21 		.ascii	"J\321\012!#\345\017\036\036+\324\037\253\252\025R\273"
 165      23E50F1E 
 165      1E2BD41F 
 165      ABAA1552 
 165      BB
 166 0024 2B2D45DA 		.ascii	"+-E\332-\374\265\2021\304\253\304A\361d\333\356\257"
 166      2DFCB582 
 166      31C4ABC4 
 166      41F164DB 
 166      EEAF
 167 0036 594278B5 		.ascii	"YBx\265\240\244PB\302c#\332\355\222\222\027\220\206"
 167      A0A45042 
 167      C26323DA 
 167      ED929217 
 167      9086
 168 0048 92F03010 		.ascii	"\222\3600\020\300@\200\020B)\020'\015\244\344\321@\236"
 168      C0408010 
 168      42291027 
 168      0DA4E4D1 
 168      409E
 169 005a 24352978 		.ascii	"$5)x\317\275w^\366N\264;\362\031\317=s\276\373}\347"
 169      CFBD775E 
 169      F64EB43B 
 169      F219CF3D 
 169      73BEFB7D 
 170 006f 9C7BAF9D 		.ascii	"\234{\257\235$X\204\3014A8\010\202p\026-\206W\262 \010"
 170      245884C1 
ARM GAS  /tmp/ccFTEZhS.s 			page 12


 170      34413808 
 170      8270162D 
 170      8657B220 
 171 0084 B5827E25 		.ascii	"\265\202~%\241]B\273\216\366\020-\202\366\006\015\303"
 171      A15D42BB 
 171      8EF6102D 
 171      82F6060D 
 171      C3
 172 0095 8598107F 		.ascii	"\205\230\020\177\225\000\217\237\2136\017\355\004\332"
 172      95008F9F 
 172      8B360FED 
 172      04DA
 173 00a3 5AB4B3CA 		.ascii	"Z\264\263\312{P\346J\274\366\316\202\273b\300]7\301"
 173      7B50E64A 
 173      BCF6CE82 
 173      BB62C05D 
 173      37C1
 174 00b5 9D4AC03D 		.ascii	"\235J\300=Pp\315\006\334C\023\\\013\276\260\232\340"
 174      5070CD06 
 174      DC43135C 
 174      0BBEB09A 
 174      E0
 175 00c6 544CC404 		.ascii	"TL\304\004\363\032_\320\332\2543\340f\320\242h\223h"
 175      F31A5FD0 
 175      DAAC33E0 
 175      66D0A268 
 175      9368
 176 00d8 130A764A 		.ascii	"\023\012vJ\371\236\255F1t\332\360\373g\264'h}h\317\320"
 176      F99EAD46 
 176      3174DAF0 
 176      FB67B427 
 176      687D68CF 
 177 00ed D62873D0 		.ascii	"\326(s\320|F\320\306\320^\240\215\243\015\013\\oD\311"
 177      7C46D0C6 
 177      D05EA08D 
 177      A30D0B5C 
 177      6F44C9
 178 0100 87D6C2AC 		.ascii	"\207\326\302\254\216\345\004\232v\267\236\263tC\027"
 178      8EE5049A 
 178      76B79EB3 
 178      744317
 179 010f 58907E0E 		.ascii	"X\220~\016\317\010\370\035\230\261aL\275\000\230\037"
 179      CF08F81D 
 179      98B1614C 
 179      BD00981F 
 180 011f BD1676E7 		.ascii	"\275\026v\347\201\314\005*B\031[\224\241E\231\222}\024"
 180      81CC052A 
 180      42195B94 
 180      A1459992 
 180      7D14
 181 0131 301866E4 		.ascii	"0\030f\344\2579\223z\361Z\360\007\006S\321`\321\011"
 181      AF39937A 
 181      F15AF007 
 181      0653D160 
 181      D109
 182 0143 008C00C3 		.ascii	"\000\214\000\303\204\\\266\362^\323'\350\311\201\232"
 182      845CB6F2 
ARM GAS  /tmp/ccFTEZhS.s 			page 13


 182      5ED327E8 
 182      C9819A
 183 0152 FD5845DB 		.ascii	"\375XE\3333{\017D\250\267\352\035`\276\233\007\017\227"
 183      337B0F44 
 183      A8B7EA1D 
 183      60BE9B07 
 183      0F97
 184 0164 01B1007D 		.ascii	"\001\261\000}\356\211\036{\317]#\363+\3457z\331\"\341"
 184      EE891E7B 
 184      CF5D23F3 
 184      2BE5377A 
 184      D922E1
 185 0177 EAE3640F 		.ascii	"\352\343d\017\2015v\240\234\031\350\252\037>\023M\347"
 185      813576A0 
 185      9C19E8AA 
 185      1F3E134D 
 185      E7
 186 0188 2E1AF155 		.ascii	".\032\361Ut\344\264\203\314e\317w\2676\034\242\321s"
 186      74E4B483 
 186      CC65CF77 
 186      B7361CA2 
 186      D173
 187 019a ED60A5AC 		.ascii	"\355`\245\254\267*\237:q8\317\016\013\313\211\345\356"
 187      B72A9F3A 
 187      7138CF0E 
 187      0BCB89E5 
 187      EE
 188 01ab B9E7BD29 		.ascii	"\271\347\275)\220m\377\232\222\204\356\354uO\224\310"
 188      906DFF9A 
 188      9284EEEC 
 188      754F94C8 
 189 01bb B2054E80 		.ascii	"\262\005N\200\035j\201\3007\340\246\222\327\330\361"
 189      1D6A81C0 
 189      37E0A692 
 189      D7D8F1
 190 01ca BE4396B7 		.ascii	"\276C\226\267\310\245\305r\352\037\004\250\207,\250"
 190      C8A5C572 
 190      EA1F04A8 
 190      872CA8
 191 01d9 832C011A 		.ascii	"\203,\001\032 \233\222\3228\250A\347qt\"\313\221K#\377"
 191      209B92D2 
 191      38A841E7 
 191      717422CB 
 191      914B23FF 
 192 01ed 7058695B 		.ascii	"pXi[\351L\353\255\324W_\322W\235\202\314Y(\033\014\232"
 192      E94CEBAD 
 192      D4575FD2 
 192      579D82CC 
 192      59281B0C 
 193 0202 B3B8E6C6 		.ascii	"\263\270\346\306\320D\255\225\374\211>[\232\032\373"
 193      D044AD95 
 193      FC893E5B 
 193      9A1AFB
 194 0211 2AED9AAA 		.ascii	"*\355\232\252\351\312\225\305\333\251\252\3238\327\267"
 194      E9CA95C5 
 194      DBA9AAD3 
 194      38D7B7
ARM GAS  /tmp/ccFTEZhS.s 			page 14


 195 0220 BAAA2C4D 		.ascii	"\272\252,M\325\350Q\231,\020`E\026,EMM\250)K\321\324"
 195      D5E85199 
 195      2C106045 
 195      162C454D 
 195      4DA8294B 
 196 0236 889A4E71 		.ascii	"\210\232NqM\325\377<\326\232N\266\002c\250\370\342b"
 196      4DD5FF3C 
 196      D69A4EB6 
 196      0263A8F8 
 196      E262
 197 0248 A35363E8 		.ascii	"\243Sc\350\257^t\212\345\335\214\014\337\351\014HhN"
 197      AF5E748A 
 197      E5DD8C0C 
 197      DFE90C48 
 197      684E
 198 025a 71C69CA2 		.ascii	"q\306\234\242elb\034\354J\374\216\377\035\377]\370\302"
 198      656C621C 
 198      EC4AFC8E 
 198      FF1DFF5D 
 198      F8C2
 199 026c 90C3B14B 		.ascii	"\220\303\261K+,\264 \277Z[\001\316\202Ci\371\347\221"
 199      2B2CB420 
 199      BF5A5B01 
 199      CE824369 
 199      F9E791
 200 027f E1DB4E56 		.ascii	"\341\333NVO\364\301I`\005\335\337\261\245*\2259\327"
 200      4FF4C149 
 200      6005DDDF 
 200      B1A52A95 
 200      39D7
 201 0291 3AE01CF7 		.ascii	":\340\034\367]\211M\2072x\267-8\354\030m;\234\306\273"
 201      5D894D87 
 201      3278B72D 
 201      38EC186D 
 201      3B9CC6BB 
 202 02a5 3D0787FD 		.ascii	"=\007\207\375\2757\217f,\330\317VT\261<\207\3679\204"
 202      BD378F66 
 202      2CD8CF56 
 202      54B13C87 
 202      F73984
 203 02b8 7C1718DF 		.ascii	"|\027\030\337EX\200\367\363`\345\244\025\307\366u\245"
 203      455880F7 
 203      F360E5A4 
 203      15C7F675 
 203      A5
 204 02c9 2EAA92DB 		.ascii	".\252\222\333\177\224C\261\332\245/\277\334&\267#\360"
 204      7F9443B1 
 204      DAA52FBF 
 204      DC26B723 
 204      F0
 205 02da 1D1608D5 		.ascii	"\035\026\010\325z\231\360\021\357\307\240\007\340\337"
 205      7A99F011 
 205      EFC7A007 
 205      E0DF
 206 02e8 D08DEBFD 		.ascii	"\320\215\353\375\022,B|\264\354Vc\022\271\317\012n\272"
 206      122C427C 
 206      B4EC5663 
ARM GAS  /tmp/ccFTEZhS.s 			page 15


 206      12B9CF0A 
 206      6EBA
 207 02fa 22EECD7C 		.ascii	"\"\356\315|>f1\246\337\034\227\376\025-\375\333\223"
 207      3E6631A6 
 207      DF1C97FE 
 207      152DFDDB 
 207      93
 208 030b 37A7D219 		.ascii	"7\247\322\031\030}\320\312S=\362\364\353\013Ij\372W"
 208      187DD0CA 
 208      533DF2F4 
 208      EB0B496A 
 208      FA57
 209 031d B9AF6DAA 		.ascii	"\271\257m\252\344\242e\366\004\303,\301kj\202-\235\007"
 209      E4A265F6 
 209      04C32CC1 
 209      6B6A822D 
 209      9D07
 210 032f EEDB9504 		.ascii	"\356\333\225\004\237\354'\362>D\315\241ApYO\356rbr\327"
 210      9FEC27F2 
 210      3E44CDA1 
 210      4170594F 
 210      EE726272 
 211 0344 5972B191 		.ascii	"Yr\261\221\211n\007y\314\223\033\273\326\367\0050)\315"
 211      896E0779 
 211      CC931BBB 
 211      D6F70530 
 211      29CD
 212 0356 5A721307 		.ascii	"Zr\023\007\0175j\362nry%\273k\313\355\330\016\033\337"
 212      0F356AF2 
 212      6E727925 
 212      BB6BCBED 
 212      D80E1BDF 
 213 036a B9C9E8EA 		.ascii	"\271\311\350\352\033}\325d\345.*\372ct\035\256\350:"
 213      1B7DD564 
 213      E52E2AFA 
 213      63741DAE 
 213      E83A
 214 037c E1243D7C 		.ascii	"\341$=|\241\016\367\356\334\225b\330\012oog[\341.\362"
 214      A10EF7EE 
 214      DC9562D8 
 214      0A6F6F67 
 214      5BE12EF2 
 215 0390 DCD145DA 		.ascii	"\334\321E\332\224u*\377\327\006m\307\225gSV\336mt\336"
 215      94752AFF 
 215      D7066DC7 
 215      95675356 
 215      DE6D74DE 
 216 03a4 E22B6F3C 		.ascii	"\342+o<:\332h%\203\234cW\357\370\353\014\260g\233N\320"
 216      3ADA6825 
 216      839C6357 
 216      EFF8EB0C 
 216      B0679B4E 
 217 03b9 693281BA 		.ascii	"i2\201\272k\226\177\313v\315=\024\323\241\213\271\313"
 217      6B967FCB 
 217      76CD3D14 
 217      D3A18BB9 
 217      CB
ARM GAS  /tmp/ccFTEZhS.s 			page 16


 218 03ca 760D923C 		.ascii	"v\015\222<\370\354\336c\033\031\343$\321\241pm\232\226"
 218      F8ECDE63 
 218      1B19E324 
 218      D1A1706D 
 218      9A96
 219 03dc 48ECBCEB 		.ascii	"H\354\274\353\300+Y^\010\017\020{_\307\336\203Y3\371"
 219      C02B595E 
 219      080F107B 
 219      5FC7DE83 
 219      5933F9
 220 03ef DE3C9386 		.ascii	"\336<\223\206\241\322\1779\214-\177\020\327\362\037"
 220      A1D27F39 
 220      8C2D7F10 
 220      D7F21F
 221 03fe 58CBDBD4 		.ascii	"X\313\333\324\226\327L\0174\247ik\372w\375\372\232\306"
 221      96D74C0F 
 221      34A7696B 
 221      FA77FDFA 
 221      9AC6
 222 0410 40B8A10B 		.ascii	"@\270\241\013\271\221\330\366\207\254\355\365\221\243"
 222      B991D8F6 
 222      87ACEDF5 
 222      91A3
 223 041e 3BD2C971 		.ascii	";\322\311q~B\327\325\3144\330\325\026\363\256\327\225"
 223      7E42D7D5 
 223      CC34D8D5 
 223      16F3AED7 
 223      95
 224 042f 3E9F3FBB 		.ascii	">\237?\273\230.&\346\261*\346\365\365OO\333\0241C\013"
 224      982E26E6 
 224      B12AE6F5 
 224      F54F4FDB 
 224      1431430B 
 225 0443 2AE4D016 		.ascii	"*\344\320\026\231\226\023\243\340\221\256\344Q\242\222"
 225      999613A3 
 225      E091AEE4 
 225      51A292
 226 0452 085352BA 		.ascii	"\010SR\272\347\325L\012\251\347J\312b_u\246\222\363"
 226      E7D54C0A 
 226      A9E74ACA 
 226      625F75A6 
 226      92F3
 227 0464 7CA06EFA 		.ascii	"|\240n\372\271|\323W\266L\336H\342\303\024\034\216\316"
 227      B97CD357 
 227      B64CDE48 
 227      E2C3141C 
 227      8ECE
 228 0476 14B7A619 		.ascii	"\024\267\246\0317\035M\\\337tO\264M\367b[s\304I.\361"
 228      371D4D5C 
 228      DF744FB4 
 228      4DF7625B 
 228      73C4492E 
 229 048b 39DF5CDD 		.ascii	"9\337\\\335\325\237lD\205\343P}\032\352~\377\231\251"
 229      D59F6C44 
 229      85E3507D 
 229      1AEA7EFF 
 229      99A9
ARM GAS  /tmp/ccFTEZhS.s 			page 17


 230 049d 34728DA3 		.ascii	"4r\215\243v\236\030\374\305iD]\214C=\323Pu\035\003/"
 230      769E18FC 
 230      C569445D 
 230      8C433DD3 
 230      50751D03 
 231 04b2 2DE41647 		.ascii	"-\344\026Gm\251\233ls\222\010\037\214\375z\370t*W?\217"
 231      6DA99B6C 
 231      7392081F 
 231      8CFD7AF8 
 231      742A573F 
 232 04c7 96ACA7B4 		.ascii	"\226\254\247\2644\231\037hU\364G\244\374H\323\311\270"
 232      34991F68 
 232      55F447A4 
 232      FC48D3C9 
 232      B8
 233 04d8 6CBAE218 		.ascii	"l\272\342\030~V\031\222\317\015\267\204\235\340\312"
 233      7E561992 
 233      CF0DB784 
 233      9DE0CA
 234 04e7 74B9B25D 		.ascii	"t\271\262]\256\2434>\324\023y\253\351\244,\357\264\321"
 234      AEA3343E 
 234      D41379AB 
 234      E9A42CEF 
 234      B4D1
 235 04f9 3056F1E7 		.ascii	"0V\361\347\220\251\257\267\037\331\014\313\360&\224"
 235      90A9AFB7 
 235      1FD90CCB 
 235      F02694
 236 0508 B1F588CB 		.ascii	"\261\365\210\313\304*\300\020\276\037\244\357\007\024"
 236      C42AC010 
 236      BE1FA4EF 
 236      0714
 237 0516 00B60946 		.ascii	"\000\266\011Fqm\216\200\013\306\320^\240\215\243\015"
 237      716D8E80 
 237      0BC6D05E 
 237      A08DA30D 
 238 0526 838BFD62 		.ascii	"\203\213\375bs\2620\204\227\3222\301\323D\236^\235\307"
 238      73B23084 
 238      97D232C1 
 238      D3449E5E 
 238      9DC7
 239 0538 104A0FAE 		.ascii	"\020J\017\256\376\304PQ\213\344\273\350\3056\202\177"
 239      FEC45051 
 239      8BE4BBE8 
 239      C536827F 
 240 0548 0D688CA0 		.ascii	"\015h\214\240\254\026\235pj%.\250\255\204\026\031~2"
 240      AC169D70 
 240      6A252EA8 
 240      AD841619 
 240      7E32
 241 055a 9DA81E12 		.ascii	"\235\250\036\0228\261\367l\013\230\310\343\261\364\317"
 241      38B1F76C 
 241      0B98C8E3 
 241      B1F4CF
 242 0569 47E7A35A 		.ascii	"G\347\243Z\222\251\024d\307l\005\021f\255\006N\3215"
 242      92A91464 
 242      C76C0511 
ARM GAS  /tmp/ccFTEZhS.s 			page 18


 242      66AD064E 
 242      D135
 243 057b B0ADCB6E 		.ascii	"\260\255\313n\354\331\204\201O\200I\265g\344\247\201"
 243      ECD98481 
 243      4F8049B5 
 243      67E4A781 
 244 058b 3BDBF1C8 		.ascii	";\333\361\310pe\362l\247\312Y\266\323f\331^=\360\333"
 244      7065F26C 
 244      A7CA59B6 
 244      D366D95E 
 244      3DF0DB
 245 059e BDC532E6 		.ascii	"\275\3052\346\200h\334)\204F\231\325\255L9Y\250p\235"
 245      8068DC29 
 245      844699D5 
 245      AD4C3959 
 245      A8709D
 246 05b1 725A69E3 		.ascii	"rZi\343Kl\343\224.\364\320\236\256&\007)#\354\374\372"
 246      4B6CE394 
 246      2EF4D09E 
 246      AE260729 
 246      23ECFCFA 
 247 05c5 21BC7F9F 		.ascii	"!\274\177\237\0252\263\315f\200W\0104\233\204\013\377"
 247      1532B3CD 
 247      66805708 
 247      349B840B 
 247      FF
 248 05d6 FE808D0A 		.ascii	"\376\200\215\012\217b\300/\372\276\246y0\232\366\232"
 248      8F62C02F 
 248      FABEA679 
 248      309AF69A 
 249 05e6 CF1EC7FD 		.ascii	"\317\036\307\375\014F\343\3521\243\355\222\216\313m"
 249      0C46E3EA 
 249      31A3ED92 
 249      8ECB6D
 250 05f5 831676DE 		.ascii	"\203\026v\336\240O9p\3167|\023K6\2368\353\346\033\016"
 250      A04F3970 
 250      CE377C13 
 250      4B369E38 
 250      EBE61B0E 
 251 0609 9CD7ECC0 		.ascii	"\234\327\354\300\371U=p\352\236\264v:\361\300\251b\247"
 251      F9553D70 
 251      EA9EB476 
 251      3AF1C0A9 
 251      62A7
 252 061b DFEF2B6B 		.ascii	"\337\357+k\264\323\017\003\361l\321\264u'\2369o\330"
 252      B4D30F03 
 252      F16CD1B4 
 252      75279E39 
 252      6FD8
 253 062d 99B37777 		.ascii	"\231\263www\211s\361\227r{H\016=\253\230\217\277\227"
 253      778973F1 
 253      97727B48 
 253      0E3DAB98 
 253      8FBF97
 254 0640 BC793D1C 		.ascii	"\274y=\034\251-\005\201y>\304\277\3511X,\330>*\364K"
 254      A92D0581 
 254      793EC4BF 
ARM GAS  /tmp/ccFTEZhS.s 			page 19


 254      E931582C 
 254      D83E2AF4 
 255 0655 BE60CAFB 		.ascii	"\276`\312\373\037\254]\270j\3312\301\026\364\377\335"
 255      1FAC5DB8 
 255      6AD932C1 
 255      16F4FFDD 
 256 0665 E791968B 		.ascii	"\347\221\226\213E\301B1\317\277^\334\344\365\2129\205"
 256      45C14231 
 256      CFBF5EDC 
 256      E4F58A39 
 256      85
 257 0676 F94B0205 		.ascii	"\371K\002\005\001\337\022_\316z\277\270\322\275\302"
 257      01DF125F 
 257      CE7ABFB8 
 257      D2BDC2
 258 0685 BD4CF407 		.ascii	"\275L\364\007\274yE\033|bP\332\260\301\267\321\235+"
 258      BC79451B 
 258      7C6250DA 
 258      B0C1B7D1 
 258      9D2B
 259 0697 A47A3C45 		.ascii	"\244z<E\376\200\364\226GZ\302\300j@\300\367\021\235"
 259      FE80F496 
 259      475AC2C0 
 259      6A40C0F7 
 259      119D
 260 06a9 273FC79B 		.ascii	"'?\307\233\353\017\370D\017F\347\024\345I\036\351\223"
 260      EB0FF844 
 260      0F46E714 
 260      E5491EE9 
 260      93
 261 06ba CDBE20E2 		.ascii	"\315\276 \342\222\025\324\"3T\360\223\240\350A\012\014"
 261      9215D422 
 261      3354F093 
 261      A0E8410A 
 261      0C
 262 06cb C1D0C56E 		.ascii	"\301\320\305n\267(\026\004\305\334\234<\246-(\025\372"
 262      B7281604 
 262      C5DC9C3C 
 262      A62D2815 
 262      FA
 263 06dc 72F28362 		.ascii	"r\362\203b\240(/Oyv{\205$|\330\020$\233\213$\224\204"
 263      A0282F4F 
 263      79767B85 
 263      247CD810 
 263      249B8B24 
 264 06f2 C015CB3D 		.ascii	"\300\025\313=R\262\362\235\224\037\334\344\221V(\363"
 264      52B2F29D 
 264      941FDCE4 
 264      915628F3 
 265 0702 780BF2F3 		.ascii	"x\013\362\363\013\002\342\346\202B)(\276\373\347\325"
 265      0B02E2E6 
 265      82422928 
 265      BEFBE7D5 
 266 0712 AB567F4C 		.ascii	"\253V\177L}\233\375y\276\302\240\370\376\252U\2427W"
 266      7D9BFD79 
 266      BEC2A0F8 
 266      FEAA55A2 
ARM GAS  /tmp/ccFTEZhS.s 			page 20


 266      3757
 267 0724 954936F9 		.ascii	"\225I6\371$'%Z\263\376\257>\257\364\307\200_\"\177\313"
 267      2427255A 
 267      B3FEAF3E 
 267      AFF4C780 
 267      5F227FCB 
 268 0738 97AC942C 		.ascii	"\227\254\224,\211\0251\303\037\010J9\001\257\317S\260"
 268      891531C3 
 268      1F084A39 
 268      01AFCF53 
 268      B0
 269 0749 7163D027 		.ascii	"qc\320'\245\177\200\321\177a\262\326\255\376\360\377"
 269      A57F80D1 
 269      7F61B2D6 
 269      ADFEF0FF 
 270 0759 D19E2BD8 		.ascii	"\321\236+\330u\314\177\000\217\355\012\245"
 270      75CC7F00 
 270      8FED0AA5 
 271              		.text
 272              		.section	.gnu.lto_.symtab.a77c573afa371b9a,"",%progbits
 273 0000 6E756C6C 		.ascii	"nullObjectInit\000"
 273      4F626A65 
 273      6374496E 
 273      697400
 274 000f 00       		.ascii	"\000"
 275 0010 00       		.ascii	"\000"
 276 0011 00       		.ascii	"\000"
 277 0012 00000000 		.ascii	"\000\000\000\000\000\000\000\000"
 277      00000000 
 278 001a FE000000 		.ascii	"\376\000\000\000"
 279              		.text
 280              		.section	.gnu.lto_.opts,"",%progbits
 281 0000 272D666D 		.ascii	"'-fmath-errno' '-fsigned-zeros' '-ftrapping-math' '"
 281      6174682D 
 281      6572726E 
 281      6F272027 
 281      2D667369 
 282 0033 2D666E6F 		.ascii	"-fno-trapv' '-fno-openmp' '-fno-openacc' '-mcpu=cor"
 282      2D747261 
 282      70762720 
 282      272D666E 
 282      6F2D6F70 
 283 0066 7465782D 		.ascii	"tex-m4' '-mno-thumb-interwork' '-mthumb' '-ggdb' '-"
 283      6D342720 
 283      272D6D6E 
 283      6F2D7468 
 283      756D622D 
 284 0099 4F322720 		.ascii	"O2' '-fomit-frame-pointer' '-falign-functions=16' '"
 284      272D666F 
 284      6D69742D 
 284      6672616D 
 284      652D706F 
 285 00cc 2D666675 		.ascii	"-ffunction-sections' '-fdata-sections' '-fno-common"
 285      6E637469 
 285      6F6E2D73 
 285      65637469 
 285      6F6E7327 
ARM GAS  /tmp/ccFTEZhS.s 			page 21


 286 00ff 2720272D 		.ascii	"' '-flto'\000"
 286      666C746F 
 286      2700
 287              		.text
 288              		.comm	__gnu_lto_v1,1,1
 289              		.comm	__gnu_lto_slim,1,1
 290              		.ident	"GCC: (15:6.3.1+svn253039-1build1) 6.3.1 20170620"
ARM GAS  /tmp/ccFTEZhS.s 			page 22


DEFINED SYMBOLS
                            *ABS*:0000000000000000 nullstreams.c
                            *COM*:0000000000000001 __gnu_lto_v1
                            *COM*:0000000000000001 __gnu_lto_slim

NO UNDEFINED SYMBOLS
