ARM GAS  /tmp/cc43xVKD.s 			page 1


   1              		.cpu cortex-m4
   2              		.eabi_attribute 20, 1
   3              		.eabi_attribute 21, 1
   4              		.eabi_attribute 23, 3
   5              		.eabi_attribute 24, 1
   6              		.eabi_attribute 25, 1
   7              		.eabi_attribute 26, 1
   8              		.eabi_attribute 30, 2
   9              		.eabi_attribute 34, 1
  10              		.eabi_attribute 18, 4
  11              		.file	"nvic.c"
  12              		.text
  13              	.Ltext0:
  14              		.section	.gnu.lto_.profile.70c18724884fb988,"",%progbits
  15 0000 789C6365 		.ascii	"x\234ce`b`a```d\220\022\003\000\000\312\000="
  15      60626061 
  15      60606064 
  15      90120300 
  15      00CA003D 
  16              		.text
  17              		.section	.gnu.lto_.icf.70c18724884fb988,"",%progbits
  18 0000 789C6365 		.ascii	"x\234ce`b\220b@\000\026\206\027\337\372'q3~\336ur'\033"
  18      60629062 
  18      40001686 
  18      17DFFA27 
  18      71337EDE 
  19 0018 D385E635 		.ascii	"\323\205\3465\217\270\231;\356\375hab\000\000\253P\014"
  19      8FB8993B 
  19      EEFD6861 
  19      620000AB 
  19      500C
  20 002a 3B       		.ascii	";"
  21              		.text
  22              		.section	.gnu.lto_.jmpfuncs.70c18724884fb988,"",%progbits
  23 0000 789C6365 		.ascii	"x\234ce`b\220b@\000\026\006&FF\346\372zF \250g\202\260"
  23      60629062 
  23      40001606 
  23      264646E6 
  23      FA7A4620 
  24 0018 99416C06 		.ascii	"\231Al\006\000)\250\003:"
  24      0029A803 
  24      3A
  25              		.text
  26              		.section	.gnu.lto_.inline.70c18724884fb988,"",%progbits
  27 0000 789C4D8C 		.ascii	"x\234M\214\321\021\2000\014B!M\323\350\217#\324\011"
  27      D1118030 
  27      0C42214D 
  27      D3E88F23 
  27      D409
  28 0012 5CD2453A 		.ascii	"\\\322E:\222\2438\202\261\236U>\270\343\036\220!\330"
  28      92A33882 
  28      B19E553E 
  28      B8E31E90 
  28      21D8
  29 0024 F1498179 		.ascii	"\361I\201y\242pe\204\333\324\316\015\326\252@\216E\021"
  29      A2706584 
  29      DBD4CE0D 
ARM GAS  /tmp/cc43xVKD.s 			page 2


  29      D6AA408E 
  29      4511
  30 0036 C9833808 		.ascii	"\311\2038\010/d\257$m\365\251\004\325~\"\310J\366\227"
  30      2F64AF24 
  30      6DF5A904 
  30      D57E22C8 
  30      4AF697
  31 0049 14BBDF41 		.ascii	"\024\273\337A(\241\330;\035pLq\001\226\277\015\245"
  31      28A1D83B 
  31      1D704C71 
  31      0196BF0D 
  31      A5
  32              		.text
  33              		.section	.gnu.lto_.pureconst.70c18724884fb988,"",%progbits
  34 0000 789C6365 		.ascii	"x\234ce`b\340d```a\220b\224b\222b\226\002\000\002\321"
  34      6062E064 
  34      60606061 
  34      90629462 
  34      92629602 
  35 0017 0083     		.ascii	"\000\203"
  36              		.text
  37              		.section	.gnu.lto_nvicEnableVector.70c18724884fb988,"",%progbits
  38 0000 789C9D53 		.ascii	"x\234\235S\317k\023Q\020~\337N\222M\332$\236\305`{\020"
  38      CF6B1351 
  38      107EDF4E 
  38      924DDA24 
  38      9EC5607B 
  39 0015 4310B2F4 		.ascii	"C\020\262\364OP\301[/\376\007\222\213\005\233\224V\212"
  39      4F50C15B 
  39      2FFE0792 
  39      8B059B94 
  39      568A
  40 0027 B7BE2435 		.ascii	"\267\276$5\301(Z\264I\254\0306B\265ik\233\246Vm\252"
  40      C1285AB4 
  40      49AC1836 
  40      42B5696B 
  40      9BA6566D 
  41 003c 420805C9 		.ascii	"B\010\005\311\241\212\342M\360`D\311!R\203\007\017M"
  41      A18AE24D 
  41      F06044C9 
  41      21528307 
  41      0F4D
  42 004e 75DE6E40 		.ascii	"u\336n@A=\350\203\367cf\276of\276\367v\235B\023'H\010"
  42      413DE883 
  42      F76366BE 
  42      6F66BEF7 
  42      769D4213 
  43 0065 43087188 		.ascii	"C\010q\210'H@\233y!D\334\255\001\352 \335\020S\032\246"
  43      2748409B 
  43      792144DC 
  43      AD01EA20 
  43      DD10531A 
  44 007a 708DF284 		.ascii	"p\215\362\204z\372cU\013-H\036\265|\347\240,\325`2}"
  44      7AFA6355 
  44      0B2D481E 
  44      B57CE7A0 
  44      2CD56032 
ARM GAS  /tmp/cc43xVKD.s 			page 3


  45 008f 8EA71A58 		.ascii	"\216\247\032X@\210Q\257\246\327n\323U2\011p\260\371"
  45      408851AF 
  45      A6D76ED3 
  45      55320970 
  45      B0F9
  46 00a1 65E756D3 		.ascii	"e\347V\323\257L\015\203lv\345l\316O!\010>\317\325\263"
  46      AF4C0D83 
  46      6C76E56C 
  46      CE4F2108 
  46      3ECFD5B3 
  47 00b5 6F7DC1BB 		.ascii	"o}\301\273R&dm{\226\344\021\223\010K N\210E\004PB@\260"
  47      5226646D 
  47      7B96E411 
  47      93084B20 
  47      4E884504 
  48 00cd 4B601941 		.ascii	"K`\031A\206/'>\265\211\216Y\324K\215nS\357Q?d{\324\373"
  48      862F273E 
  48      B5898E59 
  48      D44B8D6E 
  48      53EF513F 
  49 00e5 7FA0AE20 		.ascii	"\177\240\256 \250\360\357+\373Y\237\313a\367\212U\270"
  49      A8F0EF2B 
  49      FB599FCB 
  49      61F78A55 
  49      B8
  50 00f6 C07BF935 		.ascii	"\300{\3715jr\377{Z\326\336\334C\376\224\027Pp\215\211"
  50      6A72FF7B 
  50      5AD6DEDC 
  50      43FE9417 
  50      50708D89 
  51 010a 0E528B13 		.ascii	"\016R\213\023\252\262\316G\247[-\036^\\Bd8\207\272\234"
  51      AAB2CE47 
  51      A75B2D1E 
  51      5E5C4264 
  51      3887BA9C 
  52 011e CBA4A99D 		.ascii	"\313\244\251\235ZHt\322\335r\237J[ \255@\020-$wS\260"
  52      5A4874D2 
  52      DD729F4A 
  52      5B20AD40 
  52      102D2477 
  53 0134 1DC4BE5F 		.ascii	"\035\304\276_\257\305\005\007\312\334^\013\365\\c@a"
  53      AFC50507 
  53      CADC5E0B 
  53      F55C6340 
  53      61
  54 0145 389ABB58 		.ascii	"8\232\273X\177\251\253\250n\311\333\270\363\371\233"
  54      7FA9ABA8 
  54      6EC9DBB8 
  54      F3F99B
  55 0154 D736653D 		.ascii	"\3276e=)\375\354\272\336\356l\372M\024\342|\373\305"
  55      29FDECBA 
  55      DEEE6CFA 
  55      4D14E27C 
  55      FBC5
  56 0166 C326B951 		.ascii	"\303&\271Qa\235k\234H\021v\336\255\317\0340V\344t\\"
  56      619D6B9C 
  56      481176DE 
ARM GAS  /tmp/cc43xVKD.s 			page 4


  56      ADCF1C30 
  56      56E4745C 
  57 017a 0E9AE4C1 		.ascii	"\016\232\344\301:L\334\264\336Ee[\372Z\242\241\262\012"
  57      3A4CDCB4 
  57      DE45655B 
  57      FA5AA2A1 
  57      B20A
  58 018c 16A326F5 		.ascii	"\026\243&\365\341\001\214\0029\2557\333\300\020\267"
  58      E1018C02 
  58      39AD37DB 
  58      C010B7
  59 019b A81AEEA4 		.ascii	"\250\032\356\244\012\225b\257g\235\303Ll\314o\355y\355"
  59      0A9562AF 
  59      679DC34C 
  59      6CCC6FED 
  59      79ED
  60 01ad 9E9D7868 		.ascii	"\236\235xh\365\234\334K-zl\220\333\006\335\230_\255"
  60      F59CDC4B 
  60      2D7A6C90 
  60      DB06DD98 
  60      5FAD
  61 01bf FA14C889 		.ascii	"\372\024\310\211\001<\262A\273\251\206n\203<\252\376"
  61      013CB241 
  61      BBA9866E 
  61      833CAAFE 
  62 01cf F6F394DB 		.ascii	"\366\363\224\333N\003<F\200\251\266z\243\247\376_\264"
  62      4E033C46 
  62      80A9B67A 
  62      A3A7FE5F 
  62      B4
  63 01e0 F563D3D2 		.ascii	"\365c\323\322\206\337\265M\232\344EUi\323-m[J\233\307"
  63      86DFB54D 
  63      9AE44555 
  63      69D32D6D 
  63      5B4A9BC7 
  64 01f4 2AD5CA34 		.ascii	"*\325\3124\373\377\253\330\023\253\230\366\227bO\177"
  64      FBFFABD8 
  64      13AB98F6 
  64      97624F7F 
  65 0204 167B6617 		.ascii	"\026{f\027k#Q,_\261\256\321\372)2\334(\177$\234\340"
  65      6B23512C 
  65      5FB1AED1 
  65      FA2932DC 
  65      287F249C 
  66 0219 68386C18 		.ascii	"h8l\030\261\011\343\354\231s\306Xl\374\374\204\021\211"
  66      B109E3EC 
  66      9973C658 
  66      6CFCFC84 
  66      1189
  67 022b 8D8EC6A2 		.ascii	"\215\216\306\242\306\361\323\303'\207/\030\321\311\221"
  67      C6F1D3C3 
  67      27872F18 
  67      D1C991
  68 023a 48382210 		.ascii	"H8\"\020u\214\215\217\304~\000\310_\025\001"
  68      758C8D8F 
  68      C47E00C8 
  68      5F1501
ARM GAS  /tmp/cc43xVKD.s 			page 5


  69              		.text
  70              		.section	.gnu.lto_nvicDisableVector.70c18724884fb988,"",%progbits
  71 0000 789C9592 		.ascii	"x\234\225\222MkSQ\020\206\347=s\223\334\332&\335\012"
  71      4D6B5351 
  71      1086E73D 
  71      7393DCDA 
  71      26DD0A
  72 0013 06ED422C 		.ascii	"\006\355B,q\221C~\202\010\356\272\361\037H\020\024l"
  72      7191437E 
  72      8208EEBA 
  72      F11F4810 
  72      146C
  73 0025 22568ABB 		.ascii	"\"V\212\273\236\364\343\026*j\3216\265b\270\021\"M["
  73      9EF4E316 
  73      2A6AD136 
  73      B562B811 
  73      224D5B
  74 0038 DBF4236A 		.ascii	"\333\364#j\353*\004A\002FQp%\270\260\"\272\250h\351"
  74      EB2A0441 
  74      02465170 
  74      25B8B022 
  74      BAA868E9 
  75 004c C245ADCE 		.ascii	"\302E\255\316\271\267\013\301\225\007\316\307\234\373"
  75      B9B70BC1 
  75      9507CEC7 
  75      9CFB
  76 005a CCBC3373 		.ascii	"\314\2743sn\204\024\235WD'\211\350\210L0AM\276\"*\270"
  76      6E84149D 
  76      57442789 
  76      E8884C30 
  76      414DBE22 
  77 0070 0AB007E3 		.ascii	"\012\260\007\343\202\206\024\206p\213g\030\315\361\317"
  77      82861486 
  77      708B6718 
  77      CDF1CF
  78 007f 9B2A3567 		.ascii	"\233*5gd4f\352Q\317\214\035\366\231hV\246\035\230CJ"
  78      643466EA 
  78      51CF8C1D 
  78      F6996856 
  78      A61D9843 
  79 0094 A837A32B 		.ascii	"\2507\243+\367\371&\373\0148b\376h\337\333JXS\241G\314"
  79      F7F926FB 
  79      0C3862FE 
  79      68DFDB4A 
  79      5853A147 
  80 00a9 5F66AA98 		.ascii	"_f\252\230\340\024H\316\263\315\351\367\361\336\207"
  80      E01448CE 
  80      B3CDE9F7 
  80      F1DE87
  81 00b8 C60C9BC6 		.ascii	"\306\014\233\306\313)6\307}f,\200% \346\221D\025I\222"
  81      CB2936C7 
  81      7D662C80 
  81      2520E691 
  81      44154992 
  82 00cc 2BC2227A 		.ascii	"+\302\"z-\377qu\177:\036uBA<B\024\262\327\336\242a\366"
  82      2DFF7175 
  82      7F3A1E75 
ARM GAS  /tmp/cc43xVKD.s 			page 6


  82      42413C42 
  82      14B2D7DE 
  83 00e3 7F8F9BC6 		.ascii	"\177\217\233\306\247\012\336\235q\001\213+qt\330.\216"
  83      A70ADE9D 
  83      71018B2B 
  83      7174D82E 
  83      8E
  84 00f4 2C11A209 		.ascii	",\021\242\011\361\261\025]gew\376\212\221\035\257\275"
  84      F1B1155D 
  84      676577FE 
  84      8A911DAF 
  84      BD
  85 0105 5E868D53 		.ascii	"^\206\215SbUb\210B\253\362l\257\313&\033A\004K\"/\330"
  85      62556288 
  85      42ABF26C 
  85      AFCB261B 
  85      41044B22 
  86 011b 9E37DF11 		.ascii	"\2367\337\021B\034Bw*\313\233q\01398\206\345\020\372"
  86      421C4277 
  86      2ACB9B71 
  86      0B393886 
  86      E510FA
  87 012e EEB56221 		.ascii	"\356\265b!dk\256?\177\341\271a\030\240\206\244\270\012"
  87      646BAE3F 
  87      7FE1B961 
  87      18A086A4 
  87      B80A
  88 0140 D42CB6B4 		.ascii	"\324,\266\264e\004(\2165_\307,\020\015\032Q\177\360"
  88      6504288E 
  88      355FC72C 
  88      100D1A51 
  88      7FF0
  89 0152 ED675768 		.ascii	"\355gWh\232\346\210I\310\325\355\355\235\215\204\217"
  89      9AE68849 
  89      C8D5EDED 
  89      9D8D848F 
  90 0162 52419A5D 		.ascii	"RA\232]>\352s\014\253\322\221\025Q\263\016\355\017k"
  90      3EEA730C 
  90      ABD29115 
  90      51B30EED 
  90      0F6B
  91 0174 93DD7AC9 		.ascii	"\223\335z\311\214\026L\217\317.\326\340\343n\360\014"
  91      8C164C8F 
  91      CF2ED6E0 
  91      E36EF00C 
  92 0184 36DAC26E 		.ascii	"6\332\302n\22535\373\261<\350s\007\326\241\245\302\340"
  92      953335FB 
  92      B13CE873 
  92      07D6A1A5 
  92      C2E0
  93 0196 89EAC848 		.ascii	"\211\352\310H\2126\231\335/\325\255\330A:\377#v\010"
  93      8A3699DD 
  93      2FD5ADD8 
  93      413AFF23 
  93      7608
  94 01a8 8F0331FC 		.ascii	"\217\0031\374+\226\363\271\023O\254\030\002\261\247"
  94      2B96F3B9 
ARM GAS  /tmp/cc43xVKD.s 			page 7


  94      134FAC18 
  94      02B1A7
  95 01b7 C8FC5D6B 		.ascii	"\310\374]k'\010\033\022s\033\303\345\305\033A\343\203"
  95      27081B12 
  95      731BC3E5 
  95      C51B41E3 
  95      83
  96 01c8 FF664270 		.ascii	"\377fBpy\022I\360D:\255u~@_8wI_\316_\271:\240\263\371"
  96      791249F0 
  96      443AAD75 
  96      7E405F38 
  96      77495FCE 
  97 01e2 FEFE7C4E 		.ascii	"\376\376|N\237:\333w\272\357\232\316\015^\314\246\263"
  97      9F3ADB77 
  97      BAEF9ACE 
  97      0D5ECCA6 
  97      B3
  98 01f3 84DC1FF2 		.ascii	"\204\334\037\362\276\320$"
  98      BED024
  99              		.text
 100              		.section	.gnu.lto_nvicSetSystemHandlerPriority.70c18724884fb988,"",%progbits
 101 0000 789C6D51 		.ascii	"x\234mQKk\023Q\024>\337=\363R\260\353\242]t!\206,\314"
 101      4B6B1351 
 101      143EDF3D 
 101      F352B0EB 
 101      A25D7421 
 102 0017 90853F40 		.ascii	"\220\205?@\272\356\306\177P\242\320B\233)\251\210\273"
 102      BAEEC67F 
 102      50A2D042 
 102      9B29A988 
 102      BB
 103 0028 DE99B40D 		.ascii	"\336\231\264\015V\250\242\246\251\3420\201\"\325\326"
 103      56A8A2A6 
 103      A9E23081 
 103      22D5D6
 104 0037 9A56DD04 		.ascii	"\232V\335\004\203\204\254\314\242\212.\273\323\212\022"
 104      8384ACCC 
 104      A28A2EBB 
 104      D38A12
 105 0046 30E0A35B 		.ascii	"0\340\243[\253\347\216\021\\x\341>\316\343;\367\373"
 105      ABE78E11 
 105      5C78E13E 
 105      CEE33BF7 
 105      FB
 106 0057 CEB14951 		.ascii	"\316\261IQ\037D\347\210\350\224l0A\335|M\024z\0120\017"
 106      1F44E788 
 106      E8946C30 
 106      41DD7C4D 
 106      147A0A30 
 107 006c ED81E615 		.ascii	"\355\201\346\025\346q\203k\214N\345SSe7\264\254v\355"
 107      E671836B 
 107      8C4EE553 
 107      536537B4 
 107      AC76ED
 108 007f D059D28B 		.ascii	"\320Y\322\213\303\011\023\335\225m\0266\220\225\254"
 108      C30913DD 
 108      956D1636 
ARM GAS  /tmp/cc43xVKD.s 			page 8


 108      9095AC
 109 008e B70B3BF7 		.ascii	"\267\013;\367y\205\023\006,1\277\355\335;\0302\246\302"
 109      79851306 
 109      2C31BFED 
 109      DD3B1832 
 109      A6C2
 110 00a0 A898E5DB 		.ascii	"\250\230\345\333/[\036gA\362\356\353n\350d\036h\035"
 110      2F5B1E67 
 110      41F2EEEB 
 110      6EE8641E 
 110      681D
 111 00b2 E9F6C72A 		.ascii	"\351\366\307*\353\323\01136\301R\020\2170\202\207\030"
 111      EBD30933 
 111      36C15210 
 111      8F308287 
 111      18
 112 00c3 217111B6 		.ascii	"!q\021\266\220\221\364\255\350s\2379\237B\257u\177\036"
 112      9091F4AD 
 112      E8739F39 
 112      9F42AF75 
 112      7F1E
 113 00d5 B803E861 		.ascii	"\270\003\350am\000}\374\037\35062&\377\303\356Q\365"
 113      6D007DFC 
 113      1FE83632 
 113      26FFC3EE 
 113      51F5
 114 00e7 8463ADFF 		.ascii	"\204c\255\377\245\213'pD95\336\241\255\217~U\204\300"
 114      A58B2770 
 114      443935DE 
 114      A1AD8F7E 
 114      5584C0
 115 00fa F0FE0FCF 		.ascii	"\360\376\017\317\005\014B\011\326bs\3300\237\023-\013"
 115      050C4209 
 115      D66273D8 
 115      309F132D 
 115      0B
 116 010b C834E43A 		.ascii	"\3104\344:+ss\017\321\367\312^\263\005S(f\0253\250\207"
 116      2B73730F 
 116      D1F7CA5E 
 116      B3055328 
 116      661533A8 
 117 0120 F2D7A581 		.ascii	"\362\327\245\201\203\305\367o/lXh\010\247\036:\253\335"
 117      83C5F76F 
 117      2F6C5868 
 117      08A71E3A 
 117      ABDD
 118 0132 B32647A2 		.ascii	"\263&G\242\253\213\2357\256\211:\251\246\260\331\272"
 118      AB8B9D37 
 118      AE893AA9 
 118      A6B0D9BA 
 119 0142 63FF31F5 		.ascii	"c\3771\365~Y\017\031\374Z\364\336K\020\207\322\362\372"
 119      7E590F19 
 119      FC5AF4DE 
 119      4B1087D2 
 119      F2FA
 120 0154 C9845DEC 		.ascii	"\311\204]\354\212\270\035)d\000_\252\2576\217\373\333"
 120      8AB81D29 
ARM GAS  /tmp/cc43xVKD.s 			page 9


 120      64005FAA 
 120      AF368FFB 
 120      DB
 121 0165 7A21D4A3 		.ascii	"z!\324\243\011{x\212\004k\3510$\270~+\036\3137L\254"
 121      097B788A 
 121      046BE930 
 121      24B87E2B 
 121      1ECB374C 
 122 017a 5E4CF818 		.ascii	"^L\370\030\236\301\217\331N\347\364\034ya(\243\217\352"
 122      9EC18FD9 
 122      4EE7F41C 
 122      796128A3 
 122      8FEA
 123 018c 2F5652C2 		.ascii	"/VR\302\351\374\226E\203hSDgr9\337\017\346\374\311\211"
 123      E9FC9645 
 123      83685344 
 123      677239DF 
 123      0FE6FCC9 
 124 01a1 697F3628 		.ascii	"i\1776(]\236\363\013\301\314LP\364\317_\030\037\033"
 124      5D9EF30B 
 124      C1CC4C50 
 124      F4CF5F18 
 124      1F1B
 125 01b3 BFEA17AF 		.ascii	"\277\352\027\257L\025r\005r''\212\027\247/\225\254\331"
 125      4C157205 
 125      7227278A 
 125      17A72F95 
 125      ACD9
 126 01c5 D254F01B 		.ascii	"\322T\360\033\233\225\253\305"
 126      9B95ABC5 
 127              		.text
 128              		.section	.gnu.lto_nvicClearPending.70c18724884fb988,"",%progbits
 129 0000 789C2D51 		.ascii	"x\234-Q\317OSA\020\236o\347\275\266$\264^Ml\224\203"
 129      CF4F5341 
 129      109E6FE7 
 129      BDB624B4 
 129      5E4D6C94 
 130 0015 9154936E 		.ascii	"\221T\223n\370\023\214\007O\\\374\017H/\232Hk\304\020"
 130      F8138C07 
 130      4F5CFC0F 
 130      482F9A48 
 130      6BC410
 131 0028 6F6C0BB4 		.ascii	"ol\013\264\021\023!\012E\210\315\253\261\206\037\012"
 131      1113210A 
 131      4588CDAB 
 131      B1861F0A 
 132 0038 05F42078 		.ascii	"\005\364 xi^\274p@\203W\215\007ML<@\264\361\340\001"
 132      695EBC70 
 132      4083578D 
 132      074D4C3C 
 132      40B4F1E0 
 133 004d D099F7DC 		.ascii	"\320\231\367\334dwg\276\375\346\233\331\031\237\014"
 133      647767BE 
 133      FDE69BD9 
 133      199F0C
 134 005c 1D82E822 		.ascii	"\035\202\350\"\021\235\221\015&\230\231\367D\345\224"
 134      119D910D 
ARM GAS  /tmp/cc43xVKD.s 			page 10


 134      269899F7 
 134      44E594
 135 006b 01D47029 		.ascii	"\001\324p)\320\230\301\030\246y\236\021\326\276o\233"
 135      D098C118 
 135      A6799E11 
 135      D6BE6F9B 
 136 007b DC9293D5 		.ascii	"\334\222\223\325\231\337IV\335\344\351\200\211\026d"
 136      99DF4956 
 136      DDE4E980 
 136      891664
 137 008a EBC21272 		.ascii	"\353\302\022r\302\332\237\330x\302\0178`\300\023\367"
 137      C2DA9FD8 
 137      78C20F38 
 137      60C013F7 
 138 009a D7DEE2B7 		.ascii	"\327\336\342\267\214\272\006}\342\036\273\331z\206s"
 138      8CBA067D 
 138      E21EBBD9 
 138      7A8673
 139 00a9 20B117C2 		.ascii	" \261\027\302\271O\351\376\347\316U\\\347\335,\273\363"
 139      B94FE9FE 
 139      E7CE555C 
 139      E7DD2CBB 
 139      F3
 140 00ba 013356C1 		.ascii	"\0013V\301\"\210\025d\261\214,\011Dx\201~\345\177\335"
 140      22881564 
 140      B18C2C09 
 140      4478817E 
 140      E57FDD
 141 00cd 3C994B27 		.ascii	"<\231K'\2748!^\"!\265S\373#:\356\344o\315u>\267\260"
 141      BC38215E 
 141      2221B553 
 141      FB233AEE 
 141      E46FCD75 
 142 00e4 7F350528 		.ascii	"\1775\005(\335H\240\307zxr\370\276ZDS\022\250\337\272"
 142      DD48A0C7 
 142      7A7872F8 
 142      BE5A4453 
 142      12A8DFBA 
 143 00f8 CF466FFE 		.ascii	"\317Fo\376\201\361n\365\370m\023*\326`\323`H\232\335"
 143      81F16EF5 
 143      F86D132A 
 143      D660D360 
 143      489ADD
 144 010b D6CE51AF 		.ascii	"\326\316Q\257V\354\303\307\232\324 \264\243\352\275"
 144      56ECC3C7 
 144      9AD420B4 
 144      A3EABD
 145 011a 9E98C431 		.ascii	"\236\230\3041\351Qk};\255$\017\347\260\036\223~VW\222"
 145      E9516B7D 
 145      3BAD240F 
 145      E7B01E93 
 145      7E565792 
 146 012e 31C9C3A5 		.ascii	"1\311\303\245\254P\005\254tk\377\325}\201\005\010\353"
 146      AC5005AC 
 146      746BFFD5 
 146      7D810508 
 146      EB
ARM GAS  /tmp/cc43xVKD.s 			page 11


 147 013f BB790544 		.ascii	"\273y\005D\243>\031~H\252F\"j\307\353\247\207\177zc"
 147      A33E197E 
 147      48AA4622 
 147      6AC7EBA7 
 147      877F7A63 
 148 0153 D785E32E 		.ascii	"\327\205\343.#\320\303\203\356\233L\200FYZ\336<\033"
 148      23D0C383 
 148      EE9B4C80 
 148      46595ADE 
 148      3C1B
 149 0165 70121BD2 		.ascii	"p\022\033\322\227\266\244\323\200\275/[3\247\354\232"
 149      97B6A4D3 
 149      80BD2F5B 
 149      33A7EC9A 
 150 0175 9B28BBBE 		.ascii	"\233(\273\276\200S\330D\200\307\3210Tm\365\3672\017"
 150      8053D844 
 150      80C7D130 
 150      546DF5F7 
 150      320F
 151 0187 B4F5B139 		.ascii	"\264\365\2619\032p\017\266`\345\213\321\240^a@\352\241"
 151      1A700FB6 
 151      60E58BD1 
 151      A05E6140 
 151      EAA1
 152 0199 03549ACF 		.ascii	"\003T\232\317\246\243\362\242\001N1\264-\302\271\220"
 152      A6A3F2A2 
 152      014E31B4 
 152      2DC2B990 
 153 01a9 CF5B5B1A 		.ascii	"\317[[\032\261\327\207n\332[\245\333wFl\2414<\\*\332"
 153      B1D7876E 
 153      DA5BA5DB 
 153      77466CA1 
 153      343C5C2A 
 154 01be CBD706AF 		.ascii	"\313\327\006\257\014\336\265\305\321\033\205|\201P\374"
 154      0CDEB5C5 
 154      D11B857C 
 154      8150FC
 155 01cd 07F261A7 		.ascii	"\007\362a\247\316"
 155      CE
 156              		.text
 157              		.section	.gnu.lto_.symbol_nodes.70c18724884fb988,"",%progbits
 158 0000 789C6365 		.ascii	"x\234ce`b\360b\000\002\246\235L\365\014\014\023\316"
 158      6062F062 
 158      0002A69D 
 158      4CF50C0C 
 158      13CE
 159 0012 313000A9 		.ascii	"10\000\251]\015\216@\221]L\365\214\250\"\273\231\352"
 159      5D0D8E40 
 159      915D4CF5 
 159      8CA822BB 
 159      99EA
 160 0024 995045F6 		.ascii	"\231PE\3660\3253\243\2100\000\000\323 \022\256"
 160      30D533A3 
 160      88300000 
 160      D32012AE 
 161              		.text
 162              		.section	.gnu.lto_.refs.70c18724884fb988,"",%progbits
ARM GAS  /tmp/cc43xVKD.s 			page 12


 163 0000 789C6365 		.ascii	"x\234ce`b`d\000\002\000\000I\000\011"
 163      60626064 
 163      00020000 
 163      490009
 164              		.text
 165              		.section	.gnu.lto_.decls.70c18724884fb988,"",%progbits
 166 0000 789CBD59 		.ascii	"x\234\275Y}PT\327\025\177\367\335\005\226\345C\213L"
 166      7D5054D7 
 166      157FF7DD 
 166      0596E543 
 166      8B4C
 167 0012 63DA4D27 		.ascii	"c\332M'\343\230\204\231\266\256F;\311\037\235\251d\325"
 167      E3988499 
 167      B6AE463B 
 167      C91F9DA9 
 167      64D5
 168 0024 CA744C98 		.ascii	"\312tL\230\3058\375\2171\270\251\264\010\031\3006\376"
 168      C538FD8F 
 168      31B8A9B4 
 168      0819C036 
 168      FE
 169 0035 D1E94320 		.ascii	"\321\351C \"F\002\012*\240\001A\004\005\005\004AEtA"
 169      2246020A 
 169      2AA00141 
 169      04050504 
 169      41457441 
 170 0049 453E0411 		.ascii	"E>\004\021D\344K\020\001\021Q\371\360\003\220@\317\375"
 170      44E44B10 
 170      011151F9 
 170      F0039040 
 170      CFFD
 171 005b 78ECE3B9 		.ascii	"x\354\343\271\353\344\217N\337xv\367\334\373\273\347"
 171      EBE48F4E 
 171      DF7876F7 
 171      DCFBBBE7 
 172 006b FEEE39F7 		.ascii	"\376\3569\367\236{\036:\010\242\360\307w\005A/\012\302"
 172      9E7B1E3A 
 172      08A2F0C7 
 172      7705412F 
 172      0AC2
 173 007d 212408B3 		.ascii	"!$\010\263\3608\010\202pJ\260>\032\220\013 \227@, \225"
 173      F0380882 
 173      704AB03E 
 173      1A900B20 
 173      97402C20 
 174 0092 C29BCF76 		.ascii	"\302\233\317v\030\353\006\337\233@<@<A\212@\364 \037"
 174      18EB06DF 
 174      9B403C40 
 174      3C418A40 
 174      F4201F
 175 00a5 817C41DA 		.ascii	"\201|A\332\000\263\010\244\003~\267\203<\006\031\002"
 175      00B308A4 
 175      037EB783 
 175      3C061902 
 176 00b5 C12022B4 		.ascii	"\301 \"\264;\2038\201 >\237\372\3717t\270\332\230Cm"
 176      3B833881 
 176      203E9FFA 
ARM GAS  /tmp/cc43xVKD.s 			page 13


 176      F93774B8 
 176      DA98436D 
 177 00c9 5FB62BCF 		.ascii	"_\266+\317\003K\023\264\210\315\201\370:\324O\004t\350"
 177      034B13B4 
 177      88CD81F8 
 177      3AD44F04 
 177      74E8
 178 00db ECF027B6 		.ascii	"\354\360'\266\315\320\037\000\342\215\230Mb\347/\334"
 178      CDD01F00 
 178      E28D984D 
 178      62E72FDC 
 179 00eb 9E85EBE1 		.ascii	"\236\205\353\341h\276\315h;6\011__\033|\311pgn\323\226"
 179      68BECD68 
 179      3B36095F 
 179      5F1B7CC9 
 179      70676ED3 
 180 0100 8F0F6254 		.ascii	"\217\017bT\262\367j\271x\017u\"X\023ZH[\021b\237\210"
 180      B2F76AB9 
 180      780F7522 
 180      58135A48 
 180      5B11629F 
 181 0115 0A5567E5 		.ascii	"\012Ug\345\007!\332\016\255\242\300\015\313MH\036\301"
 181      0721DA0E 
 181      ADA2C00D 
 181      CB4D481E 
 181      C1
 182 0126 7591AB22 		.ascii	"u\221\253\"7I\377\361\301Ha\221u\263\231\344\207qg?"
 182      3749FFF1 
 182      C1486191 
 182      75B399E4 
 182      8771673F 
 183 013a E8307934 		.ascii	"\3500y4\022\255\023 \244\034\2400\310h\363\3769~\202"
 183      12AD1320 
 183      A41CA030 
 183      C868F3FE 
 183      397E82
 184 014d 7571485E 		.ascii	"uqH^\375h\362\215\001]7\352\"\255\351\253\021mK\275"
 184      FD68F28D 
 184      015D37EA 
 184      22ADE9AB 
 184      116D4BBD 
 185 0161 DD9B2962 		.ascii	"\335\233)b\010-\374\356\236\314Y\267,Ob\217\366\267"
 185      082DFCEE 
 185      9ECC59B7 
 185      2C4F628F 
 185      F6B7
 186 0173 56B77555 		.ascii	"V\267uU\237\310\305q\030}\244Cd\316\005\320\224?|~\322"
 186      9FC8C571 
 186      187DA443 
 186      64CE05D0 
 186      943F7C7E 
 187 0188 8D351144 		.ascii	"\2155\021D\323\017c\307\234\260\236\376\276\025Up\230"
 187      D30F63C7 
 187      9CB09EFE 
 187      BE155570 
 187      98
 188 0199 A03D7448 		.ascii	"\240=tHCf\255Oy\340\016\252\247\016\275\177\020\213"
ARM GAS  /tmp/cc43xVKD.s 			page 14


 188      4366AD4F 
 188      79E00EAA 
 188      A70EBD7F 
 188      108B
 189 01ab C9B5AD95 		.ascii	"\311\265\255\225\032\344\245;N&\261\314\026/I\330%I"
 189      1AE4A53B 
 189      4E26B1CC 
 189      162F49D8 
 189      2549
 190 01bd 222A443A 		.ascii	"\"*D:t\012at\022-#\224?\"\201\217\221\244\235R|\244"
 190      740A6174 
 190      122D2394 
 190      3F22818F 
 190      91A49D52 
 191 01d3 E4BC5E40 		.ascii	"\344\274^@\371H\217N#\275\200\012\220\027\231\224\340"
 191      F9488F4E 
 191      23BD800A 
 191      90179994 
 191      E0
 192 01e4 501E34E6 		.ascii	"P\0364\346B#\314r\342XB\206#\376\222\020\020\253.u\334"
 192      4223CC72 
 192      E2584286 
 192      23FE9210 
 192      10AB2E75 
 193 01f9 D5209D97 		.ascii	"\325 \235\227\315\361\3056\3063.\257R\227TE\023.E\300"
 193      CDF1C536 
 193      C6332EAF 
 193      52975445 
 193      132E45C0 
 194 020d E58C950B 		.ascii	"\345\214\225\013Pcn\250\234\354^\250!;\207\000\276\322"
 194      50636EA8 
 194      9CEC5EA8 
 194      213B8700 
 194      BED2
 195 021f 90A6D8AC 		.ascii	"\220\246\330\254\232)<\327v\026\321\306k\263\257,\013"
 195      9A293CD7 
 195      7616D1C6 
 195      6BB3AF2C 
 195      0B
 196 0230 980344E2 		.ascii	"\230\003D\342\233\221\033G\\\230\003\026\202Zwk\254"
 196      9B911B47 
 196      5C980316 
 196      825A776B 
 196      AC
 197 0241 D575F101 		.ascii	"\325u\361\001\352\344Hi\241\2106\375\022\235\003\"\245"
 197      EAE44869 
 197      A18836FD 
 197      129D0322 
 197      A5
 198 0252 404440E7 		.ascii	"@D@\347\321b\370,A\0326\345\364\335\210a\307%\351Rz"
 198      D162F82C 
 198      411A36E5 
 198      F4DD8861 
 198      C725E952 
 199 0267 8F64B999 		.ascii	"\217d\271\231\263\364\341\031I\002\212\222\206\340\320"
 199      B3F4E119 
 199      49028A92 
ARM GAS  /tmp/cc43xVKD.s 			page 15


 199      86E0D0
 200 0276 092B47F8 		.ascii	"\011+G\370\011\2379\250\033\241lt\0176\300\005\264\004"
 200      099F39A8 
 200      1BA16C74 
 200      0F36C005 
 200      B404
 201 0288 86B7DC2B 		.ascii	"\206\267\334+\037\3018\007!;\364\257\026\344\376\344"
 201      1FC13807 
 201      213BF4AF 
 201      16E4FEE4 
 202 0298 6E974B39 		.ascii	"n\227K9\345rQ\346r\340L\376\214\310\2714\275\233,Yv"
 202      E57251E6 
 202      72E04CFE 
 202      8CC8B934 
 202      BD9B2C59 
 203 02ad 4AC45B80 		.ascii	"J\304[\200BeV&ej&\227(\223\302\211\307\221\030_`L\216"
 203      42655626 
 203      656A2697 
 203      2893C289 
 203      C791185F 
 204 02c4 3F9E3AEF 		.ascii	"?\236:\357*[\372\365\234%\262\246\313VK\227\325\226"
 204      2A5BFAF5 
 204      9C25B2A6 
 204      CB564B97 
 204      D596
 205 02d6 2CD45279 		.ascii	",\324Ry\366A\037\334\312\014\225\235k\177\245\345\206"
 205      F6411FDC 
 205      CA0C959D 
 205      6B7FA5E5 
 205      86
 206 02e7 86DE9B47 		.ascii	"\206\336\233G\251\302j\250Bm\250\222\032\312kI+sea\222"
 206      A9C26AA8 
 206      426DA892 
 206      1ACA6B49 
 206      2B736561 
 207 02fc F464A356 		.ascii	"\364d\243V\354*\346\372\210\023\350\211\247\036\224"
 207      EC2AE6FA 
 207      8813E889 
 207      A71E94
 208 030b 22A6C77B 		.ascii	"\"\246\307{\202>\330\222\235\342\306\342(\035E\320p"
 208      823ED892 
 208      9DE2C6E2 
 208      281D45D0 
 208      70
 209 031c 647A3A4A 		.ascii	"dz:J\203\007\031\225\373wf\352\370\256\217t \247\240"
 209      83071995 
 209      FB7766EA 
 209      F8AE8F74 
 209      20A7A0
 210 032f E4D13E17 		.ascii	"\344\321>\027]\014\361,\335\202\244C\336\204\002\252"
 210      5D0CF12C 
 210      DD82A443 
 210      DE8402AA 
 211 033f 217B0A19 		.ascii	"!{\012\031\364\250\232m\337\361\216\212t\235G<EK\322"
 211      F4A89A6D 
 211      DFF18E8A 
 211      749D473C 
ARM GAS  /tmp/cc43xVKD.s 			page 16


 211      454BD2
 212 0352 FB1A1AA3 		.ascii	"\373\032\032\243*\200_\243\360Z\344!\017\"\350\276\254"
 212      2A805FA3 
 212      F05AE421 
 212      0F22E8BE 
 212      AC
 213 0363 BE7467CE 		.ascii	"\276tg\316\334\021\364\357\022z3\3359sB\2541\341\373"
 213      DC11F4EF 
 213      127A33DD 
 213      397342AC 
 213      31E1FB
 214 0376 FD1ACE94 		.ascii	"\375\032\316\224\034\326\270\326\204?\3411\306\363n"
 214      1CD6B8D6 
 214      843FE131 
 214      C6F36E
 215 0385 E1FE0207 		.ascii	"\341\376\002\007\206}F\260\2433YI\216vy6\312<o2\236"
 215      867D46B0 
 215      A3335949 
 215      8E767936 
 215      CA3C6F32 
 216 039a F9D17D27 		.ascii	"\371\321}'\2640Z\017\231\000)\322\200\236\245\201b\313"
 216      B4305A0F 
 216      990029D2 
 216      809EA581 
 216      62CB
 217 03ac F8290D7E 		.ascii	"\370)\015~Ag\022K\212\373Rt\212\223\276\340\234$-D-"
 217      4167124B 
 217      8AFB5274 
 217      8A93BEE0 
 217      9C242D44 
 218 03c1 B0B0666B 		.ascii	"\260\260fkl\364s\007}$C\302\213\005\264R\217\226\303"
 218      6CF47307 
 218      7D2443C2 
 218      8B05B452 
 218      8F96C3
 219 03d4 31BD0DC7 		.ascii	"1\275\015\307T\317\217i\023\320\271\305\217yZ\316U7"
 219      54CF8F69 
 219      13D0B9C5 
 219      8F795ACE 
 219      5537
 220 03e6 3CCB2648 		.ascii	"<\313&HN\252(v\237\233\000\216o\021=\276wa\206;\326"
 220      4EAA2876 
 220      9F9B008E 
 220      6F113DBE 
 220      7761863B 
 221 03fb 195A909D 		.ascii	"\031Z\220\235)ZmO1\336\177\261\324\321\032\012D\355"
 221      295A6D4F 
 221      31DE7FB1 
 221      D4D11A0A 
 221      44ED
 222 040d D543FF0D 		.ascii	"\325C\377\015\352\2216\032\212F9\024\351y\311\303N\304"
 222      EA91361A 
 222      8A463914 
 222      E979C9C3 
 222      4EC4
 223 041f 7D913FCF 		.ascii	"}\221?\317z\267\024=\344\244\264\336\3766\353%\335\211"
 223      7AB7143D 
ARM GAS  /tmp/cc43xVKD.s 			page 17


 223      E4A4B4DE 
 223      FE36EB25 
 223      DD89
 224 0431 BBF9964C 		.ascii	"\273\371\226L'\271\364B\327\250\305\205\351=\304\375"
 224      27B9F442 
 224      D7A8C585 
 224      E93DC4FD 
 225 0441 93C3875A 		.ascii	"\223\303\207Z\264<\320\356\240_\031?<\352\212w\261t"
 225      B43CD0EE 
 225      A05F193F 
 225      3CEA8A77 
 225      B174
 226 0453 5ED9511E 		.ascii	"^\331Q\036\303#\375\011\250;\207\012S\235\355\006\372"
 226      C323FD09 
 226      A83B870A 
 226      539DED06 
 226      FA
 227 0464 BE1CE81E 		.ascii	"\276\034\350\036\3063z\340H\247\250\336\220\367\000"
 227      C6337AE0 
 227      48A7A8DE 
 227      90F700
 228 0473 DE45E1BD 		.ascii	"\336E\341\275\224\347}\231\347\301'\223\277\342\373"
 228      94E77D99 
 228      E7C12793 
 228      BFE2FB
 229 0482 5199F23D 		.ascii	"Q\231\362=h\312G\247\007/\037\326q\226$!^iN\315u\302"
 229      68CA47A7 
 229      072F1FD6 
 229      71962421 
 229      5E694ECD 
 230 0498 098CE5F3 		.ascii	"\011\214\345\363\330\350W\374\334\220C\327z\264\177"
 230      D8E857FC 
 230      DC9043D7 
 230      7AB47F
 231 04a7 426797E5 		.ascii	"Bg\227\345\240\314\362!c\031{8\343\210\243\232e?\300"
 231      A0CCF221 
 231      63197B38 
 231      E388A39A 
 231      653FC0
 232 04ba FB28FC11 		.ascii	"\373(\374\021e9(\263\214\311\213\273\202Y\254~\316\255"
 232      653928B3 
 232      8CC98BBB 
 232      8259AC7E 
 232      CEAD
 233 04cc 00236AD2 		.ascii	"\000#j\322K\222\347\035\313\241\267\331\177U\362\272"
 233      4B92E71D 
 233      CBA1B7D9 
 233      7F55F2BA 
 234 04dc 832F3B1D 		.ascii	"\203/;\035\023\217\227\265%\360{\240Gyl=\371\261\215"
 234      138F97B5 
 234      25F07BA0 
 234      47796C3D 
 234      F9B18D
 235 04ef 182CD885 		.ascii	"\030,\330\205\361\001\346\207\361\203\321\273\265\014"
 235      F101E687 
 235      F183D1BB 
 235      B50C
ARM GAS  /tmp/cc43xVKD.s 			page 18


 236 04fd FC0EA8D5 		.ascii	"\374\016\250\325\251\207\177c\327\015\243\262\033F\030"
 236      A9877F63 
 236      D70DA3B2 
 236      1B4618
 237 050c CD4B0D1D 		.ascii	"\315K\015\035\347\234\325nx\012\360'\024>Fi\216\312"
 237      E79CD56E 
 237      780AF027 
 237      143E4669 
 237      8ECA
 238 051e 348BCB47 		.ascii	"4\213\313G\263\344\354Ah\366\347\366f\352p:\243q\322"
 238      B3E4EC41 
 238      68F6E7F6 
 238      66EA703A 
 238      A371D2
 239 0531 B2A79A87 		.ascii	"\262\247\232\207#\235\304j6u\344\210+\316b\235r =x "
 239      239DC46A 
 239      3675E488 
 239      2BCE629D 
 239      72203D78 
 240 0546 6F3E2A29 		.ascii	"o>*)\024q>\353\374\251;>\336\211\217${\263\273\255\245"
 240      14713EEB 
 240      FCA93B3E 
 240      DE898F24 
 240      7BB3BBAD 
 241 055b D01517B3 		.ascii	"\320\025\027\263\316\222\201\232*y$\351\334\235\337"
 241      CE92819A 
 241      2A7924E9 
 241      DC9DDF
 242 056a BBC70197 		.ascii	"\273\307\001\227\263\316\373]\017c\335q%S\256W\355\374"
 242      B3CEFB5D 
 242      0F63DD71 
 242      2553AE57 
 242      EDFC
 243 057c 3BBEC17E 		.ascii	";\276\301~\327=\210\372\035\033\024E\022\364\265c\205"
 243      D73D88FA 
 243      1D1B1445 
 243      12F4B563 
 243      85
 244 058d 6998F92F 		.ascii	"i\230\371/\235n\377\242\212\330\310\005\370\026\005"
 244      9D6EFFA2 
 244      8AD8C805 
 244      F81605
 245 059c 2FB8723F 		.ascii	"/\270r?;U\213\226\362g\021\371\360Z\232!EE@jh\367\032"
 245      3B558B96 
 245      F26711F9 
 245      F05A9A21 
 245      4545406A 
 246 05b3 BE1D2549 		.ascii	"\276\035%I\337\271\242\016\344\201\032 9\304\212\213"
 246      DFB9A20E 
 246      E4811A20 
 246      39C48A8B 
 247 05c3 E68E1DAA 		.ascii	"\346\216\035\252\243nZA\212U6\240\367\037\360\021\205"
 247      A36E5A41 
 247      8A5536A0 
 247      F71FF011 
 247      85
 248 05d4 D163404F 		.ascii	"\321c@Op\264\034v\364j\036:\022\320A\311\024M6G\204"
ARM GAS  /tmp/cc43xVKD.s 			page 19


 248      70B41C76 
 248      F46A1E3A 
 248      12D041C9 
 248      144D3647 
 249 05e9 C8D0733B 		.ascii	"\310\320s;\353\212\022M\362T-\267\015QA?q\333r\254\370"
 249      EB8A124D 
 249      F2542DB7 
 249      0D51413F 
 249      71DB72AC 
 250 05fe BE52A087 		.ascii	"\276R\240\207\024\350\227j\364\0135\357J\005\357\031"
 250      14E8976A 
 250      F40B35EF 
 250      4A05EF19 
 251 060e 356F830A 		.ascii	"5o\203\012\334\244\000O\253\301\257\325\246\307\024"
 251      DCA4004F 
 251      ABC1AFD5 
 251      A6C714
 252 061d E8E76AF4 		.ascii	"\350\347j\364\270\025\235\300w\341j\215\000\233D\017"
 252      B8159DC0 
 252      77E16A8D 
 252      009B440F 
 253 062d D704E922 		.ascii	"\327\004\351\"h8\\\350\007\321\013\355\022\227\242h"
 253      68385CE8 
 253      07D10BED 
 253      1297A268 
 254 063d 90189038 		.ascii	"\220\030\2208\220H\220\357@v\203\354\001\331\013\022"
 254      904890EF 
 254      407683EC 
 254      01D90B12 
 255 064d 0FB213E4 		.ascii	"\017\262\023\344{\220(q)-D\231C\246\024\016y\246v\310"
 255      7B902871 
 255      292D4499 
 255      43A6140E 
 255      79A676C8 
 256 0661 B0DA7DED 		.ascii	"\260\332}\355A\014\015\027(\272\316\321\362\265\212"
 256      410C0D17 
 256      28BACED1 
 256      F2B58A
 257 0670 AEBEE1BE 		.ascii	"\256\276\341\276 \353\032\007\324k|\360\206m\005\223"
 257      20EB1A07 
 257      D46B7CF0 
 257      866D0593 
 258 0680 29359349 		.ascii	")5\223I+\232]O/\207<\"$\011\021\224\300\257&\353\242"
 258      2B9A5D4F 
 258      2F873C22 
 258      24091194 
 258      C0AF26EB 
 259 0695 1A863DF7 		.ascii	"\032\206=\367IR\365r\222W\241La\266\344l\013\257+s\266"
 259      4952F572 
 259      9257A14C 
 259      61B6E46C 
 259      0BAF2B73 
 260 06aa 60D3CFDC 		.ascii	"`\323\317\334\351\276\212\360\036L\257\300\210\213i"
 260      E9BE8AF0 
 260      1E4CAFC0 
 260      888B69
 261 06b9 0D2EC86B 		.ascii	"\015.\310k\021\233\343\351\260\026\012w\264\037\006"
ARM GAS  /tmp/cc43xVKD.s 			page 20


 261      119BE3E9 
 261      B0160A77 
 261      B41F06
 262 06c8 27887317 		.ascii	"'\210s\027 \231\321v\\\320>\010\307\377\"4\344\254\306"
 262      2099D176 
 262      5CD03E08 
 262      C7FF2234 
 262      E4ACC6
 263 06db 158EB9BB 		.ascii	"\025\216\271\273\306\316\225\334\224\2055e%\212\256"
 263      C6CE95DC 
 263      94853565 
 263      258AAE
 264 06ea F48504BE 		.ascii	"\364\205\004\276I\351U\177\275\223g\231\030r\220g\037"
 264      49E9557F 
 264      BD936799 
 264      18729067 
 264      1F
 265 06fb B565F294 		.ascii	"\265e\362\2244B\337T\246\217\224r\335S\221Z<yj\231\336"
 265      3442DF54 
 265      A68F9472 
 265      DD53915A 
 265      3C796A99 
 266 0710 539E6CBF 		.ascii	"S\236l\277fI\026yv<\315\262\343dTi\017Rg\307C\340\202"
 266      66491679 
 266      763CCDB2 
 266      E3645469 
 266      0F5267C7 
 267 0727 832281A7 		.ascii	"\203\"\201\247\210\036\362 \202>\333\324\372\322\031"
 267      881EF220 
 267      823EDBD4 
 267      FAD219
 268 0736 2751F7A2 		.ascii	"'Q\367\242\364\231\204\014\027\371\306\210\37197\306"
 268      F499840C 
 268      17F9C688 
 268      F93937C6 
 269 0746 EE96CE33 		.ascii	"\356\226\3163\363&;,\276e\262\346\201\243Q\374~o\024"
 269      F3263B2C 
 269      BE65B2E6 
 269      81A351FC 
 269      7E6F14
 270 0759 14AF0A1E 		.ascii	"\024\257\012\036\354UA\316\232\236<k\226U5\325 \234"
 270      EC5541CE 
 270      9A9E3C6B 
 270      965535D5 
 270      209C
 271 076b C2B8558E 		.ascii	"\302\270U\216\025d\363\261$\213\307$\2175.\260\353\223"
 271      1564F3B1 
 271      248BC724 
 271      8F352EB0 
 271      EB93
 272 077d 4CD92719 		.ascii	"L\331'\031\"\245\3316q\255\335A\355\223t\240\231Fi\036"
 272      22A5D936 
 272      71ADDD41 
 272      ED9374A0 
 272      9946691E 
 273 0791 A3343365 		.ascii	"\24343e\232\367\212\222\007\234\324\213\262\213\336"
 273      9AF78A92 
ARM GAS  /tmp/cc43xVKD.s 			page 21


 273      079CD48B 
 273      B28BDE
 274 07a0 73ED6C15 		.ascii	"s\355l\025\017n5\321\007f\212j\235p\032c\275\177\337"
 274      0F6E35D1 
 274      07668A6A 
 274      9D701A63 
 274      BD7FDF
 275 07b3 44AD1667 		.ascii	"D\255\026g2\245\364in\251\033CZ\210\236R\366\274\226"
 275      32A5F469 
 275      6EA91B43 
 275      5A889E52 
 275      F6BC96
 276 07c6 572C5A45 		.ascii	"W,ZE\267'\357\036\317\035"
 276      B727EF1E 
 276      CF1D
 277 07d0 C972C4D9 		.ascii	"\311r\304\331lllI\363=\215\335\365\236\222\327\273\234"
 277      6C6C6C49 
 277      F33D8DDD 
 277      F59E92D7 
 277      BB9C
 278 07e2 2E37A93C 		.ascii	".7\251<\351\254\273z\271\271\260\200\223t\001\247\351"
 278      E9ACBB7A 
 278      B9B9B080 
 278      937401A7 
 278      E9
 279 07f3 024EC90B 		.ascii	"\002N\311\0138\375b\374\202N\275\\\273\350\234\201\303"
 279      38FD62FC 
 279      824EBD5C 
 279      BBE89C81 
 279      C3
 280 0804 713C0E9F 		.ascii	"q<\016\237\202zh\362\350\220\033\316e$\237<\235\316"
 280      827A68F2 
 280      E8901BCE 
 280      65249F3C 
 280      9DCE
 281 0816 77C7054C 		.ascii	"w\307\005L)+\275X\305W\267\034\324\334\274\212\006\027"
 281      292BBD58 
 281      C557B71C 
 281      D4DCBC8A 
 281      0617
 282 0828 7C96F54D 		.ascii	"|\226\365M\307\247\0259\3432\246\244\216w=\342\273\337"
 282      C7A71539 
 282      E332A6A4 
 282      8E773DE2 
 282      BBDF
 283 083a 8B043AF3 		.ascii	"\213\004:\363\307}\316\330\302\372f\343c\222\235\360"
 283      C77DCED8 
 283      C2FA66E3 
 283      63929DF0 
 284 084a 35A62436 		.ascii	"5\246$6$f\272\340Z\246<\215\352\357\341{g1\250\257\007"
 284      2466BAE0 
 284      5AA63C8D 
 284      EAEFE17B 
 284      6731A8AF 
 285 085f 13DBF8DB 		.ascii	"\023\333\370\333\213\253\242\026\361\344\265\310\351"
 285      8BABA216 
 285      F1E4B5C8 
ARM GAS  /tmp/cc43xVKD.s 			page 22


 285      E9
 286 086c 9771075D 		.ascii	"\227q\007]p#\033\332\332\026u\236c]@\215\257\353\376"
 286      70231BDA 
 286      DA16759E 
 286      635D408D 
 286      AFEBFE
 287 087f AB5DCF5E 		.ascii	"\253]\317^\226={\211\355\244\332\352\033{5\352r\371"
 287      963D7B89 
 287      EDA4DAEA 
 287      1B7B35EA 
 287      72F9
 288 0891 2238AB8C 		.ascii	"\"8\253\214:\313B\235uYvVfr\344\224\203\272\374\265"
 288      3ACB429D 
 288      75597656 
 288      6672E494 
 288      83BAFCB5 
 289 08a5 8B2E6FEA 		.ascii	"\213.o\352\\\215o3\216/\032:\357#|\227)Qu5\331N\270"
 289      5C8D6F33 
 289      8E2F1A3A 
 289      EF237C97 
 289      29517535 
 290 08bc 9329C327 		.ascii	"\223)\303'\352\253\035q/S\372\006\246\316a\374\220)"
 290      EAAB1D71 
 290      2F53FA06 
 290      A6CE61FC 
 290      9029
 291 08ce C78733F6 		.ascii	"\307\2073\366:\343a>\246\357i\003\367\317\367\3440\275"
 291      3AE3613E 
 291      A6EF6903 
 291      F7CFF7E4 
 291      30BD
 292 08e0 1E29B92D 		.ascii	"\036)\271-{\204\354\266\241\027\375\263Z<F\301\357\014"
 292      7B84ECB6 
 292      A117FDB3 
 292      5A3C46C1 
 292      EF0C
 293 08f2 172764B9 		.ascii	"\027'd\271\316/&\330\343\005\302.\213\252\011\222\263"
 293      CE2F26D8 
 293      E305C22E 
 293      8BAA0992 
 293      B3
 294 0903 0F2D4715 		.ascii	"\017-G\025\242\007*\207t\333\014\011O^\012\272 \252"
 294      A2072A87 
 294      74DB0C09 
 294      4F5E0ABA 
 294      20AA
 295 0915 8A84F610 		.ascii	"\212\204\366\020k\221P\305\321s\311\204^\315\371\210"
 295      6B9150C5 
 295      D173C984 
 295      5ECDF988 
 296 0925 A113C178 		.ascii	"\241\023\301x\373\016v\267d\201\355\243\034-\0378\364"
 296      FB0E76B7 
 296      6481EDA3 
 296      1C2D1F38 
 296      F4
 297 0936 A3DA76ED 		.ascii	"\243\332v\355\267V\333\347\325\266YI!\033\247\365\212"
 297      B756DBE7 
ARM GAS  /tmp/cc43xVKD.s 			page 23


 297      D5B65949 
 297      211BA7F5 
 297      8A
 298 0947 027E560D 		.ascii	"\002~V\015/R\032O$\306w049\0049j\364q5\225&\205\355"
 298      2F521A4F 
 298      24C67730 
 298      34390439 
 298      6AF47135 
 299 095f 736A7489 		.ascii	"sjt\211\032\335\253p\31255\372\244\025\255\274\274j"
 299      1ADDAB70 
 299      CA3535FA 
 299      A415ADBC 
 299      BC6A
 300 0971 C00DD5B4 		.ascii	"\300\015\325\264\253\231\337\\\367\340\346\272\015\267"
 300      AB99DF5C 
 300      F7E0E6BA 
 300      0DB7
 301 097f D10D9026 		.ascii	"\321\015\220&\220\016\220; ] u \015 \267@\332An\202"
 301      900E903B 
 301      205D2075 
 301      200D20B7 
 301      40DA416E 
 302 0994 7482B480 		.ascii	"t\202\264\200\334\007\351\006i\004\351\001\251\007\271"
 302      DC07E906 
 302      6904E901 
 302      A907B9
 303 09a3 0BD206D2 		.ascii	"\013\322\006\322:Wt\020\0374\205X}p\335f\360\024\213"
 303      3A577410 
 303      1F348558 
 303      7D70DD66 
 303      F0148B
 304 09b6 1A53B8E0 		.ascii	"\032S\270\340\214\032\\\240v\301\230\302\005W\324\350"
 304      8C1A5CA0 
 304      76C198C2 
 304      0557D4E8 
 305 09c6 B437D03B 		.ascii	"\2647\320;\254\350Z5:i^\350H\031\313w\321\021\330E\251"
 305      ACE85A35 
 305      3A695EE8 
 305      4819CB77 
 305      D111D845 
 306 09db 1C2DDF45 		.ascii	"\034-\337E\374\335@Yjr4\334Q\2640\235\207> \252wQ\273"
 306      FCDD4059 
 306      6A7234DC 
 306      51B4309D 
 306      873E20AA 
 307 09f2 6299A5B6 		.ascii	"b\231\245\266#\255\204\017)\326y\325v\250\347\301\025"
 307      23AD840F 
 307      29D679D5 
 307      76A8E7C1 
 307      15
 308 0a03 D68B6DEF 		.ascii	"\326\213m\357Q%|Ja\275\322\266\027\031\234\025JU\317"
 308      51257C4A 
 308      61BDD2B6 
 308      17199C15 
 308      4A55CF
 309 0a16 5831D6AC 		.ascii	"X1\326\254.\306\210\327\252&y1\226\017\216\310\343\306"
 309      2EC688D7 
ARM GAS  /tmp/cc43xVKD.s 			page 24


 309      AA267931 
 309      960F8EC8 
 309      E3C6
 310 0a28 E4F48F4E 		.ascii	"\344\364\217N\250\317G\223\342|d\333>\037\363\230*\026"
 310      A8CF4793 
 310      E27C64DB 
 310      3E1FF398 
 310      2A16
 311 0a3a 56687B77 		.ascii	"Vh{w08\244\244\206\356\244\006\015\236`\245^ikQ\222"
 311      3038A4A4 
 311      86EEA406 
 311      0D9E60A5 
 311      5E696B51 
 312 0a4f 3B5AE465 		.ascii	";Z\344e\353,\240>8\002\377\217\343\300\33473\351H\352"
 312      EB2CA03E 
 312      3802FF8F 
 312      E3C0DC37 
 312      33E948EA 
 313 0a63 CC073061 		.ascii	"\314\0070a\257\265\316l\246u&\371C\341\215\316H'e)\370"
 313      AFB5CE6C 
 313      A67526F9 
 313      43E18DCE 
 313      48276529 
 314 0a78 605E29D8 		.ascii	"`^)\330\317K\301~Z\012\036\232\312\313q\303\021\032"
 314      CF4BC17E 
 314      5A0A1E9A 
 314      CACB71C3 
 314      111A
 315 0a8a 9AA33306 		.ascii	"\232\2433\006\353k\370\025\371\036\371\363\345\376\341"
 315      EB6BF815 
 315      F91EF9F3 
 315      E5FEE1
 316 0a99 38C452F4 		.ascii	"8\304R\364 I\331G\353\307\017\350\360\017\014{\256\374"
 316      2049D947 
 316      EBC70FE8 
 316      F00F0C7B 
 316      AEFC
 317 0aab C9C70C4A 		.ascii	"\311\307\014J\336\015o\375\230\322\213\354^Z\217\345"
 317      DE0D6FFD 
 317      98D28BEC 
 317      5E5A8FE5 
 318 0abb 4B6B885D 		.ascii	"Kk\210]Z-\023\345S\256\370\0205\244\351\311\034{\354"
 318      5A2D13E5 
 318      53AEF810 
 318      35A4E9C9 
 318      1C7BEC
 319 0ace 88BCF408 		.ascii	"\210\274\364\010\351@\216\313\177\377\026\3203\210\350"
 319      E9408ECB 
 319      7FFF16D0 
 319      3388E8
 320 0add B088E5FF 		.ascii	"\260\210\345\377?H\221\300\374\310\177H\263\255?'=\001"
 320      3F4891C0 
 320      FCC87F48 
 320      B3AD3F27 
 320      3D01
 321 0aef B73FA3F3 		.ascii	"\267?\243\363\214@T\236\302D)\340#\322B^\253_\035\317"
 321      8C40549E 
ARM GAS  /tmp/cc43xVKD.s 			page 25


 321      C24429E0 
 321      23D2425E 
 321      AB5F1DCF 
 322 0b03 D22AEF3D 		.ascii	"\322*\357=b{\020p\017i\304G\351\275\367X\276\367\342"
 322      627B1070 
 322      0F69C447 
 322      E9BDF758 
 322      BEF7E2
 323 0b16 EB8FB23F 		.ascii	"\353\217\262?\325\2209b\336:\007qwwJ\227Ni{\354m\266"
 323      D5903962 
 323      DE3A0771 
 323      77774A97 
 323      4E697BEC 
 324 0b2c 6FE53E08 		.ascii	"o\345>\010\371 Sj\264H\226\272\234\345\251;-R\344j4"
 324      F920536A 
 324      B44896BA 
 324      9CE5A93B 
 324      2D52E46A 
 325 0b41 0E3BFD11 		.ascii	"\016;\375\021D\322\202\226(F\016@\313FQ@\317\305\017"
 325      44D28296 
 325      28460E40 
 325      CB465140 
 325      CFC50F
 326 0b54 8485C1FF 		.ascii	"\204\205\301\377\014\014X\033\274\371\253 \363&s@xH"
 326      0C0C581B 
 326      BCF9AB20 
 326      F3267340 
 326      7848
 327 0b66 A8F6CF9F 		.ascii	"\250\366\317\237\177\371\276q\305\012A\347\357\277="
 327      7FF9BE71 
 327      C50A41E7 
 327      EFBF3D
 328 0b75 30387CE5 		.ascii	"08|\345\307\376\341\2777l\017\0135\004\006\007\004m"
 328      C7FEE1BF 
 328      376C0F0B 
 328      35040607 
 328      046D
 329 0b87 DF623604 		.ascii	"\337b6\004\233\377\025\024\370\225a\333\346\200\255"
 329      9BFF1514 
 329      F89561DB 
 329      E680AD
 330 0b96 81C16683 		.ascii	"\201\301f\203\377\026\363\327\233\267\007\205\373\207"
 330      FF16F3D7 
 330      9BB70785 
 330      FB87
 331 0ba4 EFF8C61C 		.ascii	"\357\370\306\034\266l\253\240\225\207-\2615,lG\230\301"
 331      B66CABA0 
 331      95872DB1 
 331      352C6C47 
 331      98C1
 332 0bb6 3F2C7C0B 		.ascii	"?,|\013`\000\373\341\262e\006CH\230a\353\346 \3037!"
 332      6000FBE1 
 332      B2650643 
 332      489861EB 
 332      E620C337 
 333 0bcb A1E16186 		.ascii	"\241\341a\206\200\220m\333B\202\015\336\246\015\306"
 333      80906DDB 
ARM GAS  /tmp/cc43xVKD.s 			page 26


 333      42820DDE 
 333      A60DC6
 334 0bda 0DDF1A08 		.ascii	"\015\337\032\010\273e\001\302/\310\367\232\3000+M=i"
 334      BB6501C2 
 334      2FC8F79A 
 334      C0302B4D 
 334      3D69
 335 0bec F13387FB 		.ascii	"\3613\207\373\355\010\0137o[\2779xK\2209\324740$40|"
 335      ED080B37 
 335      6F5BBF39 
 335      784B9039 
 335      D4373430 
 336 0c04 075D9431 		.ascii	"\007]\2241\310\2749\324\327\034\0143\375\315\331\264"
 336      C8BC39D4 
 336      D71C0C33 
 336      FDCDD9B4 
 337 0c14 D66FAD69 		.ascii	"\326o\255i\323\3325\177\020}|\235\331\302>\365\017w"
 337      D3DA357F 
 337      107D7C9D 
 337      D9C23EF5 
 337      0F77
 338 0c26 E2DF73DD 		.ascii	"\342\337s\335\2534>\336\237\231\346\324\225\032\037"
 338      AB343EDE 
 338      9F99E6D4 
 338      951A1F
 339 0c35 A3AF55FD 		.ascii	"\243\257U\375X\343\343\347k\322\232\230\266\002:\327"
 339      58E3E3E7 
 339      6BD29A98 
 339      B6023AD7 
 340 0c45 5A3B9743 		.ascii	"Z;\227C\347Z\223\306o\243\217i\025_\024_\212\371\333"
 340      E75A93C6 
 340      6FA38F69 
 340      155F145F 
 340      8AF9DB
 341 0c58 70B21C83 		.ascii	"p\262\034\203q\203\237\217\237\301\030\022j6\370p\237"
 341      71839F8F 
 341      9FC11812 
 341      6A36F870 
 341      9F
 342 0c69 0480E21F 		.ascii	"\004\200\342\037\260m\025x\302\371\363M>F\377\215\340"
 342      B06D1578 
 342      C2F9F34D 
 342      3E46FF8D 
 342      E0
 343 0c7a 4330E46D 		.ascii	"C0\344m\322l\330\260\316\204\275\327\230\360\032\370"
 343      D26CD8B0 
 343      CE84BDD7 
 343      98F01AF8 
 344 0c8a F65D67D2 		.ascii	"\366]g\322x\257\3633i>[\347mr\200.\000\254!\372z\362"
 344      78AFF333 
 344      693E5BE7 
 344      6D72802E 
 344      00AC21FA 
 345 0ca0 61840F07 		.ascii	"a\204\017\007\277\365F?\023\366[\357\213\215F\3706\232"
 345      BFF5463F 
 345      13F65BEF 
 345      8B8D46F8 
ARM GAS  /tmp/cc43xVKD.s 			page 27


 345      369A
 346 0cb2 1CBC7D4C 		.ascii	"\034\274}LF\223f\323\306/L\300\024\020F\337/}\326\300"
 346      469366D3 
 346      C62F4CC0 
 346      141046DF 
 346      2F7DD6C0 
 347 0cc6 A7B7D1A4 		.ascii	"\247\267\321\244\3653~F\347r\363\367\377z{p\200\277"
 347      F5337E46 
 347      E772F3F7 
 347      FF7A7B70 
 347      80BF
 348 0cd8 FFB24F3E 		.ascii	"\377\262O>Y\265R+k\232\200\255\233C\377\013\316\345"
 348      59B5522B 
 348      6B9A80AD 
 348      9B43FF0B 
 348      CEE5
 349 0cea BCDE     		.ascii	"\274\336"
 350              		.text
 351              		.section	.gnu.lto_.symtab.70c18724884fb988,"",%progbits
 352 0000 6E766963 		.ascii	"nvicEnableVector\000"
 352      456E6162 
 352      6C655665 
 352      63746F72 
 352      00
 353 0011 00       		.ascii	"\000"
 354 0012 00       		.ascii	"\000"
 355 0013 00       		.ascii	"\000"
 356 0014 00000000 		.ascii	"\000\000\000\000\000\000\000\000"
 356      00000000 
 357 001c BA000000 		.ascii	"\272\000\000\000"
 358 0020 6E766963 		.ascii	"nvicDisableVector\000"
 358      44697361 
 358      626C6556 
 358      6563746F 
 358      7200
 359 0032 00       		.ascii	"\000"
 360 0033 00       		.ascii	"\000"
 361 0034 00       		.ascii	"\000"
 362 0035 00000000 		.ascii	"\000\000\000\000\000\000\000\000"
 362      00000000 
 363 003d BE000000 		.ascii	"\276\000\000\000"
 364 0041 6E766963 		.ascii	"nvicSetSystemHandlerPriority\000"
 364      53657453 
 364      79737465 
 364      6D48616E 
 364      646C6572 
 365 005e 00       		.ascii	"\000"
 366 005f 00       		.ascii	"\000"
 367 0060 00       		.ascii	"\000"
 368 0061 00000000 		.ascii	"\000\000\000\000\000\000\000\000"
 368      00000000 
 369 0069 C0000000 		.ascii	"\300\000\000\000"
 370 006d 6E766963 		.ascii	"nvicClearPending\000"
 370      436C6561 
 370      7250656E 
 370      64696E67 
 370      00
ARM GAS  /tmp/cc43xVKD.s 			page 28


 371 007e 00       		.ascii	"\000"
 372 007f 00       		.ascii	"\000"
 373 0080 00       		.ascii	"\000"
 374 0081 00000000 		.ascii	"\000\000\000\000\000\000\000\000"
 374      00000000 
 375 0089 C2000000 		.ascii	"\302\000\000\000"
 376              		.text
 377              		.section	.gnu.lto_.opts,"",%progbits
 378 0000 272D666D 		.ascii	"'-fmath-errno' '-fsigned-zeros' '-ftrapping-math' '"
 378      6174682D 
 378      6572726E 
 378      6F272027 
 378      2D667369 
 379 0033 2D666E6F 		.ascii	"-fno-trapv' '-fno-openmp' '-fno-openacc' '-mcpu=cor"
 379      2D747261 
 379      70762720 
 379      272D666E 
 379      6F2D6F70 
 380 0066 7465782D 		.ascii	"tex-m4' '-mno-thumb-interwork' '-mthumb' '-ggdb' '-"
 380      6D342720 
 380      272D6D6E 
 380      6F2D7468 
 380      756D622D 
 381 0099 4F322720 		.ascii	"O2' '-fomit-frame-pointer' '-falign-functions=16' '"
 381      272D666F 
 381      6D69742D 
 381      6672616D 
 381      652D706F 
 382 00cc 2D666675 		.ascii	"-ffunction-sections' '-fdata-sections' '-fno-common"
 382      6E637469 
 382      6F6E2D73 
 382      65637469 
 382      6F6E7327 
 383 00ff 2720272D 		.ascii	"' '-flto'\000"
 383      666C746F 
 383      2700
 384              		.text
 385              		.comm	__gnu_lto_v1,1,1
 386              		.comm	__gnu_lto_slim,1,1
 387              		.ident	"GCC: (15:6.3.1+svn253039-1build1) 6.3.1 20170620"
ARM GAS  /tmp/cc43xVKD.s 			page 29


DEFINED SYMBOLS
                            *ABS*:0000000000000000 nvic.c
                            *COM*:0000000000000001 __gnu_lto_v1
                            *COM*:0000000000000001 __gnu_lto_slim

NO UNDEFINED SYMBOLS
