ARM GAS  /tmp/ccWh135L.s 			page 1


   1              		.cpu cortex-m4
   2              		.eabi_attribute 20, 1
   3              		.eabi_attribute 21, 1
   4              		.eabi_attribute 23, 3
   5              		.eabi_attribute 24, 1
   6              		.eabi_attribute 25, 1
   7              		.eabi_attribute 26, 1
   8              		.eabi_attribute 30, 2
   9              		.eabi_attribute 34, 1
  10              		.eabi_attribute 18, 4
  11              		.file	"stm32_isr.c"
  12              		.text
  13              	.Ltext0:
  14              		.section	.gnu.lto_.profile.f62e46e2f992e13e,"",%progbits
  15 0000 789C6365 		.ascii	"x\234ce`b`c```d\350amc\002\000\003\373\001("
  15      60626063 
  15      60606064 
  15      E8616D63 
  15      020003FB 
  16              		.text
  17              		.section	.gnu.lto_.icf.f62e46e2f992e13e,"",%progbits
  18 0000 789C6365 		.ascii	"x\234ce`b\260`@\000N\206s\307\256\034eg:w\257s9\007"
  18      6062B060 
  18      40004E86 
  18      73C7AE1C 
  18      65673A77 
  19 0018 73DFBE7D 		.ascii	"s\337\276}\323\370Y\276\177\232\263\235\213u\365\277"
  19      D3F859BE 
  19      7F9AB39D 
  19      8B75F5BF 
  20 0028 33EFB9D9 		.ascii	"3\357\271\331\272\026o\335\300\310~\274s\3576V\216\375"
  20      BA166FDD 
  20      C0C87EBC 
  20      73EF3656 
  20      8EFD
  21 003a C70F3472 		.ascii	"\307\0174rp~?\276u\021\037\003\000\031\014\033>"
  21      707E3FBE 
  21      75111F03 
  21      00190C1B 
  21      3E
  22              		.text
  23              		.section	.gnu.lto_.jmpfuncs.f62e46e2f992e13e,"",%progbits
  24 0000 789C6365 		.ascii	"x\234ce`b\350cd\200\003N\020\301\004\304\365\002Lp\026"
  24      6062E863 
  24      6480034E 
  24      10C104C4 
  24      F5024C70 
  25 0015 339CC502 		.ascii	"3\234\305\002g\261\302Yl(:\260\221\354\004U@H\016\006"
  25      67B1C259 
  25      6C283AB0 
  25      91EC0455 
  25      40480E06 
  26 0029 0616C6E9 		.ascii	"\006\026\306\351\314\214[O\037\270\305\336\307<\237"
  26      CC8C5B4F 
  26      1FB8C5DE 
  26      C73C9F
  27 0038 99815183 		.ascii	"\231\201Q\203q9\243\014\003\003H\364\351\212\303\217"
ARM GAS  /tmp/ccWh135L.s 			page 2


  27      7139A30C 
  27      030348F4 
  27      E98AC38F 
  28 0048 B920A26C 		.ascii	"\271 \242l\214+@\242`\305\217g>\335\305\015\021\026"
  28      8C2B40A2 
  28      60C58F67 
  28      3EDDC50D 
  28      1116
  29 005a 675C0956 		.ascii	"g\\\011V\214${v\341\232sl\020Y.\306U\350\262\323\316"
  29      8C247B76 
  29      E19A736C 
  29      10592EC6 
  29      55E8B2D3 
  30 006f 4EDC0595 		.ascii	"N\334\005\225\345d\\\215.\333\365\353z\037\007D\226"
  30      E5645C8D 
  30      2EDBF5EB 
  30      7A1F0744 
  30      96
  31 0080 83710DBA 		.ascii	"\203q\015\272\354\311S\323W\360@d\331\031\327\242\310"
  31      ECC953D3 
  31      57F04064 
  31      D919D7A2 
  31      C8
  32 0091 42682805 		.ascii	"Bh(\005\014Q&F\210/\200\364J(\275\012J\257\206\322k"
  32      0C512646 
  32      882F80F4 
  32      4A28BD0A 
  32      4AAF86D2 
  33 00a6 A0F45A28 		.ascii	"\240\364Z(\015\326\312\000\000~\013<z"
  33      0DD6CA00 
  33      007E0B3C 
  33      7A
  34              		.text
  35              		.section	.gnu.lto_.inline.f62e46e2f992e13e,"",%progbits
  36 0000 789C6365 		.ascii	"x\234ce`bX\306\310\000\007\234\014\014\"r\214\014L\022"
  36      606258C6 
  36      C800079C 
  36      0C0C2272 
  36      8C0C4C12 
  37 0014 6D0B1919 		.ascii	"m\013\031\031\330\026\3103\201\004\031\271\200\004\213"
  37      D816C833 
  37      810419B9 
  37      80048B
  38 0023 009031C1 		.ascii	"\000\2201\301\217\211\200<3\001y\026\002\362\254\004"
  38      8F89803C 
  38      33017916 
  38      02F2AC04 
  39 0033 E4D9180E 		.ascii	"\344\331\030\0160\234`\000\252\010\350\273\300\214\335"
  39      309C6000 
  39      AA08E8BB 
  39      C08CDD
  40 0042 063C143B 		.ascii	"\006<\024;\303i\206K \335q\037f\263\220\254\033Jq0H"
  40      C369864B 
  40      20DD711F 
  40      66B390AC 
  40      1B4A7130 
  41 0057 5C039901 		.ascii	"\\\003\231\001\324\0043\201\231\207\001\304'\236\342"
ARM GAS  /tmp/ccWh135L.s 			page 3


  41      D4043381 
  41      998701C4 
  41      279EE2
  42 0066 64103C8F 		.ascii	"d\020<\217f\006\0237\003H\204\010\222\001\000\320\231"
  42      66061337 
  42      03488408 
  42      920100D0 
  42      99
  43 0077 281F     		.ascii	"(\037"
  44              		.text
  45              		.section	.gnu.lto_.pureconst.f62e46e2f992e13e,"",%progbits
  46 0000 789C6365 		.ascii	"x\234ce`b\020f``\340d\220b\222b\226b\221b\225b\223b"
  46      60621066 
  46      6060E064 
  46      90629262 
  46      96629162 
  47 0018 97E290E0 		.ascii	"\227\342\220\340\224\000\000\014\236\0016"
  47      9400000C 
  47      9E0136
  48              		.text
  49              		.section	.gnu.lto_Vector58.f62e46e2f992e13e,"",%progbits
  50 0000 789C8D93 		.ascii	"x\234\215\223ML\023A\024\307\347\277\263\273\335V\212"
  50      4D4C1341 
  50      14C7E7BF 
  50      B3BBDD56 
  50      8A
  51 0011 9C3C1824 		.ascii	"\234<\030$\275p\300DV\300\253'\022o\236\364n\214\027"
  51      BD70C044 
  51      56C0AB27 
  51      126F9EF4 
  51      6E8C17
  52 0024 49349096 		.ascii	"I4\220\226\003\267\016\245B\002D\214F>TRb\023A\021\013"
  52      03B70EA5 
  52      4202448C 
  52      463E5452 
  52      62134111 
  53 0039 084A0B62 		.ascii	"\010J\013b\371H\270 F\305\203!1\301\317T\300D#~E\321"
  53      F948B820 
  53      46C58321 
  53      31C1CF54 
  53      C044237E 
  54 004f 37330D5F 		.ascii	"73\015_\007q\223\235\3357\363\366?\277\377\233\267\026"
  54      0771939D 
  54      DD37F3F6 
  54      3FBFFF9B 
  54      B716
  55 0061 33D83E93 		.ascii	"3\330>\223\261R\306X9\335\260\031\214\013s\214\325:"
  55      B152C658 
  55      39DDB019 
  55      8C0B738C 
  55      D53A
  56 0073 86C1E75D 		.ascii	"\206\301\347]&|\326X\001\0239\3340\257\036\226\321j"
  56      267CD658 
  56      011339DC 
  56      30AF1E96 
  56      D16A
  57 0085 1E45262C 		.ascii	"\036E&,\235d\001\362E8`a\203\233\026\302h\341m\034\223"
ARM GAS  /tmp/ccWh135L.s 			page 4


  57      9D6401F2 
  57      45386061 
  57      839B16C2 
  57      68E16D1C 
  58 009a 0DEF9246 		.ascii	"\015\357\222FQ\267\240+\335\366\323\022=i\3048c\035"
  58      51B7A02B 
  58      DDF6D312 
  58      3D69C438 
  58      631D
  59 00ac 74CB0BDD 		.ascii	"t\313\013\335(b\224\366$\332\177\215\237\3471\016\230"
  59      286294F6 
  59      24DA7F8D 
  59      9FE7310E 
  59      98
  60 00bd 147E7A74 		.ascii	"\024~zt\345u\256\014\015\004(\274q\361\372\204\237\037"
  60      E575AE0C 
  60      0D0428BC 
  60      71F1FA84 
  60      9F1F
  61 00cf 84CC6C9E 		.ascii	"\204\314l\236J\355)\214\013\021\021\351\2573\274C\244"
  61      4AED298C 
  61      0B1111E9 
  61      AF33BC43 
  61      A4
  62 00e0 A38118E7 		.ascii	"\243\201\030\347\270\005N\232\270\211|\364 _iS\362\253"
  62      B8054E9A 
  62      B8897CF4 
  62      205F6953 
  62      F2AB
  63 00f2 81B5CB7E 		.ascii	"\201\265\313~\333D/\012\365\226\270\015\033\364\220"
  63      DB442F0A 
  63      F596B80D 
  63      1BF490
  64 0101 3389A748 		.ascii	"3\211\247H\213\265?\015\"\375q\006\361\367\315\360\223"
  64      8BB53F0D 
  64      22FD7106 
  64      F1F7CDF0 
  64      93
  65 0112 00CD9B2C 		.ascii	"\000\315\233,F\006\344`\253\330\221\257^\032,\037\015"
  65      4606E460 
  65      ABD891AF 
  65      5E1A2C1F 
  65      0D
  66 0123 36638DA4 		.ascii	"6c\215\244$\3156qC>y\006\223\251L\343\024\244x'\227"
  66      24CD3671 
  66      433E7906 
  66      93A94CE3 
  66      14A47827 
  67 0138 AE5BCF4D 		.ascii	"\256[\317M>\366H~\217b\236k\035\275d\352P|\217\012\351"
  67      3EF6487E 
  67      8F629E6B 
  67      1DBD64EA 
  67      507C8F0A 
  68 014d F0DBC897 		.ascii	"\360\333\310\227\027\336\030:k\2510]A\322up\207\330"
  68      17DE183A 
  68      6BA9305D 
  68      41D27570 
ARM GAS  /tmp/ccWh135L.s 			page 5


  68      87D8
  69 015f FB243B2D 		.ascii	"\373$;-\317\266d\206m\267ODk\005\331\363\"\201\030\332"
  69      CFB66486 
  69      6DB74F44 
  69      6B05D9F3 
  69      228118DA 
  70 0173 55CDD00F 		.ascii	"U\315\320\017\227\275E\244k\257\362B|\264%S\010Mq\217"
  70      97BD45A4 
  70      6BAFF242 
  70      7CB42553 
  70      084D718F 
  71 0187 46D8BE41 		.ascii	"F\330\276A`'\371\001%\017)?H\362\031\324\375\252OZZ"
  71      6027F901 
  71      250F293F 
  71      48F219D4 
  71      FDAA4F5A 
  72 019c CCD27A43 		.ascii	"\314\322zC\3233\365\216\364`\002\270K:*\251B\347H\333"
  72      D333F58E 
  72      F46002B8 
  72      4B3A2AA9 
  72      42E748DB 
  73 01b0 9429B902 		.ascii	"\224)\271\002\033X\266\304j\3154\327)\254\355\246\013"
  73      1B58B6C4 
  73      6ACD34D7 
  73      29ACEDA6 
  73      0B
  74 01c1 76821ADA 		.ascii	"v\202\032\332\360<\014W\313\321\226+\0039zS\207\246"
  74      F03C0C57 
  74      CBD1962B 
  74      03397A53 
  74      87A6
  75 01d3 14C91B44 		.ascii	"\024\311\033D\027\312\263s\244\223XN\376\360kR\206{"
  75      17CAB373 
  75      A493584E 
  75      FEF06B52 
  75      867B
  76 01e5 D96668A2 		.ascii	"\331fh\242\"\315\273tT\221\224W\247z7\237\223O\235S"
  76      22CDBB74 
  76      54919457 
  76      A77A379F 
  76      934F9D53 
  77 01f9 32B9BCE0 		.ascii	"2\271\274\340\011\377\026\016M\304\271n\241\017\263"
  77      09FF160E 
  77      4DC4B96E 
  77      A10FB3
  78 0208 CFA77DC4 		.ascii	"\317\247}\304Lm\273\013#\324\326\367\263\270\243\317"
  78      4C6DBB0B 
  78      23D4D6F7 
  78      B3B8A3CF 
  79 0218 5E769B25 		.ascii	"^v\233%\011\241\353\233\203$\341b\177~\266\363>/\016"
  79      09A1EB9B 
  79      8324E162 
  79      7F7EB6F3 
  79      3E2F0E
  80 022b 8E7BC98C 		.ascii	"\216{\311\214^\365#\205\222vj\027\3622J\005\336D\274"
  80      5EF52385 
  80      92766A17 
ARM GAS  /tmp/ccWh135L.s 			page 6


  80      F2324A05 
  80      DE44BC
  81 023e 05C34FC4 		.ascii	"\005\303O\304c\353\304&\353-\334L\354\373\037\304\007"
  81      63EBC426 
  81      EB2DDC4C 
  81      ECFB1FC4 
  81      07
  82 024f FF401CDF 		.ascii	"\377@\034\337\202\270\3229\276j\256#\332x(\021\325O"
  82      82B8D239 
  82      BE6AAE23 
  82      DA782811 
  82      D54F
  83 0261 9226C425 		.ascii	"\222&\304%D\325Q2B\244\333\027\343\271\012\312R-\277"
  83      44D55132 
  83      42A4DB17 
  83      E3B90ACA 
  83      522DBF
  84 0274 84BAAE45 		.ascii	"\204\272\256Eu\016\333\352\266\273C\266\021&\020\246"
  84      750EDBEA 
  84      B6BB43B6 
  84      112610A6 
  85 0284 9ECE632B 		.ascii	"\236\316c+\324\250\364g\251Dy5\322*}O\2058P\\\354\272"
  85      D4A8F467 
  85      A9447935 
  85      D22A7D4F 
  85      8538505C 
  86 029a 9521F7F4 		.ascii	"\225!\367\364\3113nUe\260:\344\036;~\264\254T\217G\016"
  86      C9336E55 
  86      65B03AE4 
  86      1E3B7EB4 
  86      AC548F47 
  87 02af D5D4B8A1 		.ascii	"\325\324\270\241\352\263e\245'*B\301\342S\314\250\012"
  87      EAB365A5 
  87      272A42C1 
  87      E253CCA8 
  87      0A
  88 02c0 FE05F973 		.ascii	"\376\005\371sY\011"
  88      5909
  89              		.text
  90              		.section	.gnu.lto_Vector5C.f62e46e2f992e13e,"",%progbits
  91 0000 789C8D93 		.ascii	"x\234\215\223KL\024A\020\206\253\246gf\0372\200\027"
  91      4B4C1441 
  91      1086ABA6 
  91      67661F32 
  91      8017
  92 0012 430892BD 		.ascii	"C\010\222\275p FF\300\253'\022o\236\364n\214\027I4\220"
  92      70204646 
  92      C0AB2712 
  92      6F9EF46E 
  92      8C174934 
  93 0027 5D0EDCB6 		.ascii	"]\016\334\266\227]$\001\025\037\221\227\222!\222\210"
  93      975D2401 
  93      151F9197 
  93      92219288 
  94 0037 8AB88020 		.ascii	"\212\270\200 \314\362p\001M< FE\023C\202\361\231\254"
  94      CCF27001 
  94      4D3C2046 
ARM GAS  /tmp/ccWh135L.s 			page 7


  94      45134382 
  94      F199AC
  95 004a C0412341 		.ascii	"\300A#A\243\202\325\335\033^\007q\222\351\231\352\256"
  95      A382D5DD 
  95      1B5E0771 
  95      92E999EA 
  95      AE
  96 005b F9FBFBAB 		.ascii	"\371\373\373\253k\014\320`\257\016P\002\000et\243\011"
  96      6B0CD060 
  96      AF0E5002 
  96      006574A3 
  96      09
  97 006c A85D9C01 		.ascii	"\250]\234\001\210x5\215\315\332\300\375\306h>\360\014"
  97      8878358D 
  97      CDDAC0FD 
  97      C6683EF0 
  97      0C
  98 007d A6E9D70E 		.ascii	"\246\351\327\016\211h9\233\"\035\015\225d \212\027\356"
  98      8968399B 
  98      221D0D95 
  98      64208A17 
  98      EE
  99 008e 45086B4C 		.ascii	"E\010kL70\214\215\254\231\341d\335gW+\354\342t%\233"
  99      37308C8D 
  99      AC99E164 
  99      DD67572B 
  99      ECE27425 
 100 00a3 67CD08AF 		.ascii	"g\315\010\257\315q\030@+\335\342\302.,\004J{\036\353"
 100      CD711840 
 100      2BDDE2C2 
 100      2E2C044A 
 100      7B1EEB
 101 00b6 BDCE2E30 		.ascii	"\275\316.0\207!\352\024~}\332\366!S\204\032\006(\274"
 101      8721EA14 
 101      7E7DDAF6 
 101      2153841A 
 101      0628BC
 102 00c9 79F9C684 		.ascii	"y\371\306\204\305\016\240\310<7\225\330S\320\311y\015"
 102      C50EA0C8 
 102      3C3795D8 
 102      53D0C979 
 102      0D
 103 00da 4FCEB7E5 		.ascii	"O\316\267\345\\\212\362'\\w\030\303;\310H\024oc\036"
 103      5C8AF227 
 103      5C7718C3 
 103      3BC84814 
 103      6F631E
 104 00ed DEC23C29 		.ascii	"\336\302<)N\331\357\373V\257Z\246\216\335X\240\366\304"
 104      4ED9EFFB 
 104      56AF5AA6 
 104      8EDD58A0 
 104      F6C4
 105 00ff BB68223D 		.ascii	"\273h\"=\304L\374\005&\371\352Z\035O\276\316\035\035"
 105      C44CFC05 
 105      26F9EA5A 
 105      1D4FBECE 
 105      1D1D
ARM GAS  /tmp/ccWh135L.s 			page 8


 106 0111 78BBDBA2 		.ascii	"x\273\333\242\357iZ\007\207\014\210\301\224\261W\274"
 106      EF695A07 
 106      870C88C1 
 106      94B157BC 
 107 0121 FA6830FC 		.ascii	"\372h0\3744\230\000\365$$\31460M<Y\012'\023\251\370"
 107      349800F5 
 107      2424CC36 
 107      304D3C59 
 107      0A2713A9 
 108 0136 140AED76 		.ascii	"\024\012\355v&\\7\325N>\363\010~\217d\236i\032\271\242"
 108      265C37D5 
 108      4E3EF308 
 108      7E8F649E 
 108      691AB9A2 
 109 014a AB90FF88 		.ascii	"\253\220\377\210q\341pe\370\373\033\237\203\355\021"
 109      71E17065 
 109      F8FB1B9F 
 109      83ED11
 110 0159 2A4C4790 		.ascii	"*LG\220t\275x\217\320{\004:-O7\246\006M\273\207\307"
 110      74BD788F 
 110      D07B043A 
 110      2D4F37A6 
 110      064DBB87 
 111 016e 223CE030 		.ascii	"\"<\3400\037\306\321\301\026Y3\354E\033>aMG\256\264"
 111      1FC6D1C1 
 111      165933EC 
 111      451B3E61 
 111      4D47AEB4 
 112 0182 427CB425 		.ascii	"B|\264%H\204\341N\217B\330\276A`'\371>)\217B\276\237"
 112      4884E14E 
 112      8F42D8BE 
 112      416027F9 
 112      3E298F42 
 113 0198 E45318FD 		.ascii	"\344S\030\375}\3265\224\230\241\364\036\257\255$\263"
 113      7DD63594 
 113      98A1F41E 
 113      AFAD24B3 
 114 01a8 84071D35 		.ascii	"\204\007\0355\274O:2\251\\\345\010\333\224)\270\002"
 114      BC4F3A32 
 114      A95CE508 
 114      DB9429B8 
 114      02
 115 01b9 1B58A6C0 		.ascii	"\033X\246\300jJ\271Q\211\265\335t\376NP\003\033\236"
 115      6A4AB951 
 115      89B5DD74 
 115      FE4E5003 
 115      1B9E
 116 01cb 07D15672 		.ascii	"\007\321Vr\264\345\330P\206\332\324KS\222\344#\306\346"
 116      B4E5D850 
 116      86DAD44B 
 116      5392E423 
 116      C6E6
 117 01dd CAD273A4 		.ascii	"\312\322s\244\023_t\177Z\212\024\360A\272\027\032\250"
 117      135F747F 
 117      5A8A14F0 
 117      41BA171A 
 117      A8
ARM GAS  /tmp/ccWh135L.s 			page 9


 118 01ee 48B3361D 		.ascii	"H\2636\035UM\302\247R}\233\317\311/\317\311u\027\347"
 118      554DC2A7 
 118      527D9BCF 
 118      C92FCFC9 
 118      7517E7
 119 0201 3CE13FDC 		.ascii	"<\341?\334K\023\235Lu\320\227\351W\217\374\304\214\016"
 119      4B139D4C 
 119      75D097E9 
 119      578FFCC4 
 119      8C0E
 120 0213 DB85C3D4 		.ascii	"\333\205\303\324\326Ci\334\221\227\363]zq\234\253\372"
 120      D64369DC 
 120      9197F35D 
 120      7A719CAB 
 120      FA
 121 0224 66A04BB8 		.ascii	"f\240K\270\270//\335x\337\336\365\217\373\310\214Z\265"
 121      B82F2FDD 
 121      78DFDEF5 
 121      8FFBC88C 
 121      5AB5
 122 0236 3081C52D 		.ascii	"0\201\305-\324.\344e\204\012\274\211x\013\206E\304\243"
 122      D42EE465 
 122      840ABC89 
 122      780B8645 
 122      C4A3
 123 0248 EBC43A74 		.ascii	"\353\304:t\027l&\366\377\017\342\330?\020\307\267 ."
 123      176C26F6 
 123      FF0FE2D8 
 123      3F10C7B7 
 123      202E
 124 025a B58F2FEB 		.ascii	"\265\217/\353\353\210&>\024\210\362\037I\022\342\002"
 124      EB88263E 
 124      1488F21F 
 124      4912E202 
 125 026a C6E45102 		.ascii	"\306\344Q\002!\322\355wX\246\2042d\313/`\264c\331\222"
 125      21D2ED77 
 125      58A68432 
 125      64CB2F60 
 125      B463D992 
 126 027e EB5BA1B2 		.ascii	"\353[\241\262ZE\033\341\004\206\251\247\263a\211\032"
 126      5A451BE1 
 126      0486A9A7 
 126      B361891A 
 127 028e F5D779F9 		.ascii	"\365\327y\371gHS\365\264J\337S!\366\027\025\331vE\310"
 127      674853F5 
 127      B44ADF53 
 127      21F61715 
 127      D97645C8 
 128 02a2 3E75E2B4 		.ascii	">u\342\264]Y\021\254\012\331G\217\035)-Q\343\341\203"
 128      5D5911AC 
 128      0AD9478F 
 128      1D292D51 
 128      E3E183
 129 02b5 D5D576A8 		.ascii	"\325\325v\250\352Li\311\361\362P\260\350$h\225\301\277"
 129      EA4C69C9 
 129      F1F250B0 
 129      E8246895 
ARM GAS  /tmp/ccWh135L.s 			page 10


 129      C1BF
 130 02c7 081D598E 		.ascii	"\010\035Y\216"
 131              		.text
 132              		.section	.gnu.lto_Vector60.f62e46e2f992e13e,"",%progbits
 133 0000 789C8D93 		.ascii	"x\234\215\223ML\023A\024\307\347\355\354n\267\265\345"
 133      4D4C1341 
 133      14C7E7ED 
 133      EC6EB7B5 
 133      E5
 134 0011 E3628821 		.ascii	"\343b\210!\244\027\016\034\354\012x\365D\342\315\223"
 134      A4170E1C 
 134      EC0A78F5 
 134      44E2CD93 
 135 0021 DE8DF122 		.ascii	"\336\215\361\"\211\006\322r\340\326)-\222\200Z?B\371"
 135      8906D272 
 135      E0D6292D 
 135      92805A3F 
 135      42F9
 136 0033 505C9444 		.ascii	"P\\\224DD\304\202\202\262\245\350R\324x@\214\006\017"
 136      44C48282 
 136      B2A5E852 
 136      D478408C 
 136      060F
 137 0045 8A7AF083 		.ascii	"\212z\360\203\244\202&&\0204\321\342\233\031\002\205"
 137      A4822626 
 137      1034D1E2 
 137      9B190285 
 138 0055 83B8C9CC 		.ascii	"\203\270\311\314\356\233y\373\237\337\177\346\215F\024"
 138      EE9B79FB 
 138      9FDF7FE6 
 138      8D4614
 139 0064 125009A9 		.ascii	"\022P\011\251\"\204\324`\003\235\200r~\226\220\210\241"
 139      2284D460 
 139      039D8072 
 139      7E969088 
 139      A1
 140 0075 2874CE24 		.ascii	"(t\316$\314\243\245\313\010\363RE\275|\200G+E\030\251"
 140      CCA3A5CB 
 140      08F35245 
 140      BD7C8047 
 140      2B4518A9 
 141 0089 A0C9240D 		.ascii	"\240\311$\015\200\1770\003HX\241\252\006a\210\323\016"
 141      807F3003 
 141      4858A1AA 
 141      066188D3 
 141      0E
 142 009a 0A999605 		.ascii	"\012\231\226\005[\251\350g\3708\035W]\021\326\\bQB\272"
 142      5BA9E867 
 142      F8381D57 
 142      5D11D65C 
 142      625142BA 
 143 00ae B0F107FA 		.ascii	"\260\361\007\372\241\202`\332\313\330\360\025z\216Z"
 143      A18260DA 
 143      CBD8F015 
 143      7A8E5A
 144 00bd 1440C5F0 		.ascii	"\024@\305\360\307\363\356O\005<T\300\217\341\215\213"
 144      C7F3EE4F 
ARM GAS  /tmp/ccWh135L.s 			page 11


 144      053C54C0 
 144      8FE18D8B 
 145 00cd D7A77C74 		.ascii	"\327\247|t\037\360\3143\323\251\335\345}\21451\347i"
 145      1FF0CC33 
 145      D3A9DDE5 
 145      7D8C3531 
 145      E769
 146 00df 4FC98528 		.ascii	"O\311\205({\306T\213R\270\005\024Ea\000J\341&\224\012"
 146      7BC6548B 
 146      52B80514 
 146      4561004A 
 146      E126940A 
 147 00f3 71CCFE38 		.ascii	"q\314\3768\222k\367\351*\014B\271\\\023n\203\016\370"
 147      926BF7E9 
 147      2A0C42B9 
 147      5C136E83 
 147      0EF8
 148 0105 E223C957 		.ascii	"\342#\311W\340\260\334Z\013sr\245\351\345\225b\037\376"
 148      E0B0DC5A 
 148      0B7372A5 
 148      E9E59562 
 148      1FFE
 149 0117 8FC32AB1 		.ascii	"\217\303*\261\320\000\357t\021\033\374\323\215\235\346"
 149      D000EF74 
 149      111BFCD3 
 149      8D9DE6
 150 0126 C14E27A4 		.ascii	"\301N'\244\025\205\270\3316\252\3607\315B&\225}7\015"
 150      1585B8D9 
 150      36AAF037 
 150      CD422695 
 150      7D370D
 151 0139 5CBB8772 		.ascii	"\\\273\207r\327\211\346\314\013\027\347w\011\346\331"
 151      D789E6CC 
 151      0B17E777 
 151      09E6D9
 152 0148 C4C42555 		.ascii	"\304\304%U\206\354g\214q\207\253\343\313o\334\026\364"
 152      86EC678C 
 152      7187ABE3 
 152      CB6FDC16 
 152      F4
 153 0159 4470637A 		.ascii	"Dpcz\203\250k\300\035D\037\342\3508=\023\317\216\351"
 153      83A86BC0 
 153      1D441FE2 
 153      E8383D13 
 153      CF8EE9
 154 016c E6108B45 		.ascii	"\346\020\213E\230\337\242nH\202\005\235b\317`\030L\362"
 154      98DFA26E 
 154      4882059D 
 154      62CF6018 
 154      4CF2
 155 017e 059A7AF7 		.ascii	"\005\232z\367\010+\310\207K\022\201\360\276\317%\021"
 155      082BC887 
 155      4B1281F0 
 155      BECF2511 
 156 018e B62FE0DF 		.ascii	"\266/\340\337I~D\310\003\227\277\213\362Y\210\376>m"
 156      497E44C8 
 156      0397BF8B 
ARM GAS  /tmp/ccWh135L.s 			page 12


 156      F25988FE 
 156      3E6D
 157 01a0 6B524C93 		.ascii	"kRL\223z\033'\244\202\012\367PG$\325\312\034n\03339"
 157      7A1B27A4 
 157      820AF750 
 157      4724D5CA 
 157      1C6E1B33 
 158 01b5 977F134B 		.ascii	"\227\177\023K\347X\211\354\207\250\300\332n\272l'\250"
 158      E75889EC 
 158      87A8C0DA 
 158      6EBA6C27 
 158      A8
 159 01c6 D14DCF63 		.ascii	"\321M\317c`J9\\\362\354\244W.j\340\220 \371\014\261"
 159      604A395C 
 159      F2ECA457 
 159      2E6AE090 
 159      20F90CB1 
 160 01da F99AF531 		.ascii	"\371\232\3651\324I.\331\277|\222\224\300\375\365Zh\303"
 160      D4492ED9 
 160      BF7C9294 
 160      C0FDF55A 
 160      68C3
 161 01ec 4D9A33F1 		.ascii	"M\2323\361\250\232Rn\231\352\306\324'k\253N!O\365\200"
 161      A89A526E 
 161      99EAC6D4 
 161      276BAB4E 
 161      214FF580 
 162 0200 927F6CBB 		.ascii	"\222\177l\273\304\261\331\366\322\274+\374\207\0318"
 162      C4B1D9F6 
 162      D2BC2BFC 
 162      871938
 163 020f D0476541 		.ascii	"\320GeA}\235y\375\330\203\026\300\242^\260\261\312\307"
 163      7D9D79FD 
 163      D88316C0 
 163      A25EB0B1 
 163      CAC7
 164 0221 D7E9479D 		.ascii	"\327\351G\235\241kze\222\311\355\366A\012\351\341\201"
 164      A16B7A65 
 164      92C9EDF6 
 164      410AE9E1 
 164      81
 165 0232 5C1DA727 		.ascii	"\\\035\247'l\366\326@sr\272\000&\240\262\023\313\007"
 165      6CF6D640 
 165      7372BA00 
 165      26A0B213 
 165      CB07
 166 0244 BDA571C3 		.ascii	"\275\245q\303\363\034\270\3639\012\320\301\344\206\003"
 166      F31CB8F3 
 166      390AD0C1 
 166      E48603
 167 0253 950C96E7 		.ascii	"\225\014\226\347;\360\374\017\343\303\1770>\332\312"
 167      3BF0FC0F 
 167      E3C37F30 
 167      3EDACA
 168 0262 F8BD7DA1 		.ascii	"\370\275}\241\233n0\352\340pFqi\246\220q\021b\342l\011"
 168      9B6E30EA 
 168      E0704671 
ARM GAS  /tmp/ccWh135L.s 			page 13


 168      69A69071 
 168      1162E26C 
 169 0277 3262F358 		.ascii	"2b\363X\264PPi\342\016,B\264w\240P\314o\245*\352\342"
 169      B4505069 
 169      E20E2C42 
 169      B477A050 
 169      CC6FA52A 
 170 028d 75051908 		.ascii	"u\005\031\010c\221\027\223oX\271\311\270\270*\302U+"
 170      63911793 
 170      6F58B9C9 
 170      B8B82AC2 
 170      552B
 171 029f CEE2FFB8 		.ascii	"\316\342\377\270\023{\003\001\323\254\013\231'\216\235"
 171      137B0301 
 171      D3AC0B99 
 171      278E9D
 172 02ae 34EBEB82 		.ascii	"4\353\353\202\015!\363\360\221C\325U\262?\270\277\261"
 172      0D21F3F0 
 172      9143D555 
 172      B23FB8BF 
 172      B1
 173 02bf D10C359C 		.ascii	"\321\0145\234\252\256:Z\033\012\006\216\023\245>\370"
 173      AAAE3A5A 
 173      1B0A068E 
 173      13A53EF8 
 174 02cf 17875B5D 		.ascii	"\027\207[]\362"
 174      F2
 175              		.text
 176              		.section	.gnu.lto_Vector64.f62e46e2f992e13e,"",%progbits
 177 0000 789C8D93 		.ascii	"x\234\215\223]H\024Q\024\307\317\231;3;\273\271&\021"
 177      5D481451 
 177      14C7CF99 
 177      3B333BBB 
 177      B92611
 178 0013 2161B62F 		.ascii	"!a\266/>\010\345\244\366\332\223\320[O\365\036\321K"
 178      3E08E5A4 
 178      F6DA93D0 
 178      5B4FF51E 
 178      D14B
 179 0025 42A1ECFA 		.ascii	"B\241\354\372\340\333\336\3255\311\215\354\323\257\222"
 179      E0DBDED5 
 179      35C98DEC 
 179      D3AF92
 180 0034 91A4ACCC 		.ascii	"\221\244\254\314VM\313\335U[\255 \302\014\313\036B\012"
 180      564DCBDD 
 180      555BAD20 
 180      C20CCB1E 
 180      420A
 181 0046 CA123635 		.ascii	"\312\02265(\224\014\312:\367\336\305\257\207l`\356\314"
 181      28940CCA 
 181      3AF7DEC5 
 181      AF876C60 
 181      EECC
 182 0058 B9F7CCFF 		.ascii	"\271\367\314\377\376\376\347\2361@\203]:@\021\000\224"
 182      FEFEE79E 
 182      3140835D 
 182      3A401100 
ARM GAS  /tmp/ccWh135L.s 			page 14


 182      94
 183 0069 D08D26A0 		.ascii	"\320\215&\240v~\034 di\032\233\264\201{\214\301\\\340"
 183      767E1C20 
 183      64691A9B 
 183      B4817B8C 
 183      C15CE0
 184 007c 194CD3AF 		.ascii	"\031L\323\257\036\020\321b\026E:\032*\311@\024/\334"
 184      1E10D162 
 184      16453A1A 
 184      2AC94014 
 184      2FDC
 185 008e 42086A4C 		.ascii	"B\010jL70\210\365\254\221\341h\355LL\313\357\340t%\033"
 185      373088F5 
 185      AC91E168 
 185      ED4C4CCB 
 185      EFE07425 
 186 00a3 975C215E 		.ascii	"\227\\!^\223\3550\200f\272\305\205\035\230\017\2246"
 186      93ED3080 
 186      66BAC585 
 186      1D980F94 
 186      36
 187 00b4 11EEBEC6 		.ascii	"\021\356\276\306\3161\207!\352\024~{\3212\235)B\015"
 187      CE318721 
 187      EA147E7B 
 187      D1329D29 
 187      420D
 188 00c6 7D14DEBC 		.ascii	"}\024\336\274x}\304\313\366\241\310<\3738\276#\257\235"
 188      787DC4CB 
 188      F6A1C83C 
 188      FB38BE23 
 188      AF9D
 189 00d8 F32A9EFC 		.ascii	"\363*\236\374\352d_\250\346\317\270\3560\206w\220\221"
 189      EA645FA8 
 189      E6CFB8EE 
 189      30867790 
 189      91
 190 00e9 28DEC61C 		.ascii	"(\336\306\034\274\2059R\234\262?\366,_\361\232:vb\236"
 190      BC853952 
 190      9CB23FF6 
 190      2C5FF19A 
 190      3A76629E 
 191 00fd DA13EFA2 		.ascii	"\332\023\357\242\211\364\0203\321W\230\344\313\177j"
 191      89F41033 
 191      D15798E4 
 191      CB7F6A
 192 010c 797266F7 		.ascii	"yrf\367`\337\3306/}O\323:8d@\014\246\214-\361\352\246"
 192      60DFD836 
 192      2F7D4FD3 
 192      3A386440 
 192      0CA68C2D 
 193 0123 C1F0D060 		.ascii	"\301\360\320`\002\324\221\2200\033a\232x\262\024\216"
 193      02D49190 
 193      301B619A 
 193      78B2148E 
 194 0133 C653679E 		.ascii	"\306Sg\236\242\320ne\302uC\315\350K\227\340wI\346\361"
 194      A2D06E65 
 194      C27543CD 
ARM GAS  /tmp/ccWh135L.s 			page 15


 194      E84B97E0 
 194      7749E6F1 
 195 0147 86C4255D 		.ascii	"\206\304%]\205|)\314\205\303\037\003\013o\335\016\266"
 195      857C29CC 
 195      85C31F03 
 195      0B6FDD0E 
 195      B6
 196 0158 86A8306D 		.ascii	"\206\2500m~\322\265\360\036\241w\011tZ\036\253O\365"
 196      7ED2B5F0 
 196      1EA17709 
 196      745A1EAB 
 196      4FF5
 197 016a 9B76170F 		.ascii	"\233v\027\017\207\270\317an\214\242\203M\262f\330\215"
 197      87B8CF61 
 197      6E8CA283 
 197      4DB266D8 
 197      8D
 198 017b 367CC6AA 		.ascii	"6|\306\252\266\235\322\012\361\321\226 \021\352n\270"
 198      B69DD20A 
 198      F1D19620 
 198      11EA6EB8 
 199 018b 14C2C60D 		.ascii	"\024\302\306\015|\233\311\367Hy\024\362\275$\237\302"
 199      7C9BC9F7 
 199      487914F2 
 199      BD249FC2 
 200 019b EA5FA763 		.ascii	"\352_\247c\206\0223\224^Kb\341\271!<\350h\341}\322\221"
 200      86123394 
 200      5E4B62E1 
 200      B9213CE8 
 200      68E17DD2 
 201 01b0 49A52A47 		.ascii	"I\245*G\330\246L\301\345[\3052\005VC*R#\2616\232\316"
 201      D8A64CC1 
 201      E55BC532 
 201      0556432A 
 201      5223B136 
 202 01c6 DD0CAA6F 		.ascii	"\335\014\252o\325s?\332J\216\266|7\221\2416\265hJ\222"
 202      D5733FDA 
 202      4A8EB67C 
 202      3791A136 
 202      B5684A92 
 203 01da 7CC2F054 		.ascii	"|\302\360TIz\216t\242s\261\237^E\012\370 \335\013\021"
 203      497A8E74 
 203      A273B19F 
 203      5E450AF8 
 203      20DD0B11 
 204 01ee 2AD2A44D 		.ascii	"*\322\244MGU\025w\253T\367\332s\362\310s\212\305\346"
 204      47551577 
 204      AB54F7DA 
 204      73F2C873 
 204      8AC5E6
 205 0201 A65CC1DF 		.ascii	"\246\\\301\337\334\242\211v\246:\350\313\330\233'\036"
 205      DCA28976 
 205      A63AE8CB 
 205      D89B271E 
 206 0211 6246876D 		.ascii	"bF\207m\301\001j\353\207i\334\304\353\367\035za\224"
 206      C1016AEB 
 206      8769DCC4 
ARM GAS  /tmp/ccWh135L.s 			page 16


 206      EBF71D7A 
 206      6194
 207 0223 ABFA6660 		.ascii	"\253\372f`\214pqON\272\361\276\177\350\035v\223\031"
 207      8C70714F 
 207      4EBAF1BE 
 207      7FE81D76 
 207      9319
 208 0235 B5EAC538 		.ascii	"\265\352\3058\0266Q\273\220\227\004\025x\015\361:\014"
 208      163651BB 
 208      90970415 
 208      780DF13A 
 208      0C
 209 0246 2F110FAE 		.ascii	"/\021\017\256\020\353\320\231\267\226\330\363?\210C"
 209      10EBD099 
 209      B796D8F3 
 209      3F8843
 210 0255 FF401C5E 		.ascii	"\377@\034^\2078\337:\274\250\257 \232\370H \312\177"
 210      8738DF3A 
 210      BCA8AF20 
 210      9AF84820 
 210      CA7F
 211 0267 244988B3 		.ascii	"$I\210\263\030\226G\011\204H\267\307a\231\022\312\220"
 211      18964709 
 211      8448B7C7 
 211      619912CA 
 211      90
 212 0278 2D3F8BD5 		.ascii	"-?\213\325mC\333\345\372z\250\255\315\242\215p\004\203"
 212      6D43DBE5 
 212      FA7AA8AD 
 212      CDA28D70 
 212      0483
 213 028a D4D35930 		.ascii	"\324\323Y0O\215:}Y\376\031\322T\035\255\322\367T\210"
 213      4F8D3A7D 
 213      59FE19D2 
 213      541DADD2 
 213      F75488
 214 029d BD0505B6 		.ascii	"\275\005\005\266]\026\260O\034;i\227\227\371+\002\366"
 214      5D16B04F 
 214      1C3B6997 
 214      97F92B02 
 214      F6
 215 02ae E123878A 		.ascii	"\341#\207\212\213\324xp\177e\245\035\2508U\\t\2644\340"
 215      8BD47870 
 215      7F65A51D 
 215      A838555C 
 215      74B434E0 
 216 02c2 2F380E5A 		.ascii	"/8\016Z\271\377/\362CX\335"
 216      B9FF2FF2 
 216      4358DD
 217              		.text
 218              		.section	.gnu.lto_Vector68.f62e46e2f992e13e,"",%progbits
 219 0000 789C8D93 		.ascii	"x\234\215\223ML\023A\024\307\347\355\354n\273\013\255"
 219      4D4C1341 
 219      14C7E7ED 
 219      EC6EBB0B 
 219      AD
 220 0011 68A22186 		.ascii	"h\242!\206\220^8`bW\212WO$\336<\351\335\030/\222h -"
ARM GAS  /tmp/ccWh135L.s 			page 17


 220      905E3860 
 220      62578A57 
 220      4F24DE3C 
 220      E9DD182F 
 221 0029 076E9DD2 		.ascii	"\007n\235\322V\022 \342G\370R\311\362\021E\301RPQZ\252"
 221      561220E2 
 221      47F852C9 
 221      F21145C1 
 221      5250515A 
 222 003e 94AA8907 		.ascii	"\224\252\211\007\304HPc\210\036\374J*\230H\304\240\211"
 222      C4485063 
 222      881EFC4A 
 222      2A9848C4 
 222      A089
 223 0050 A06F661A 		.ascii	"\240of\032(\034\304Mfv\337\314\333\377\374\3763o4\242"
 223      281CC44D 
 223      6676DFCC 
 223      DBFFFCFE 
 223      336F34A2 
 224 0064 10AF4A88 		.ascii	"\020\257J\210\217\020R\205\015t\002\312\371\031BBNE"
 224      8F105285 
 224      0D7402CA 
 224      F9194242 
 224      4E45
 225 0076 A1731661 		.ascii	"\241s\026a\246\226*%\254\220*\352\225C<\372Q\204\221"
 225      A6962A25 
 225      AC902AEA 
 225      95433CFA 
 225      518491
 226 0089 0A9A4CD2 		.ascii	"\012\232L\322\000\370\007s\002\011*T\325 \010\255\264"
 226      00F80773 
 226      02092A54 
 226      D52008AD 
 226      B4
 227 009a 8342A6F1 		.ascii	"\203B\246\361sB)\037`\370\244;f\315\020\213\026\333"
 227      7342291F 
 227      60F8A43B 
 227      66CD108B 
 227      16DB
 228 00ac 94902E6C 		.ascii	"\224\220.l\374\201\001('\230\366\"2r\225\236\2436\005"
 228      FC810128 
 228      2798F622 
 228      3272959E 
 228      A33605
 229 00bf 50315C7A 		.ascii	"P1\\zv\371\203\233\207\012x0\274~\261o\312E\017\000"
 229      76F9839B 
 229      870A7830 
 229      BC7EB16F 
 229      CA450F00 
 230 00d3 CF6C7994 		.ascii	"\317ly\224\334S\326\317X\003K\277\032,\276\020fO\231"
 230      DC53D6CF 
 230      58034BBF 
 230      1A2CBE10 
 230      664F99
 231 00e6 6A530A83 		.ascii	"jS\012\203@Q\024nB\011\334\200\022!\216\331\357G\327"
 231      4051146E 
 231      4209DC80 
ARM GAS  /tmp/ccWh135L.s 			page 18


 231      12218ED9 
 231      EF47D7
 232 00f9 DA5CBA0A 		.ascii	"\332\\\272\012CP&\327\204[\240\003\276\370H|\026\322"
 232      435026D7 
 232      845BA003 
 232      BEF8487C 
 232      16D2
 233 010b 6CED4F23 		.ascii	"l\355O#K\317\354K-\277\333\345\302\377qX%6\032\340\235"
 233      4BCFEC4B 
 233      2DBFDBE5 
 233      C2FF7158 
 233      25361AE0 
 234 0120 2E6227FF 		.ascii	".b'\3774\260\323L\354tB\232P\210\233m\246\012\177\323"
 234      34B0D34C 
 234      EC74429A 
 234      50889B6D 
 234      A60A7FD3 
 235 0134 2C6492D9 		.ascii	",d\222\331\341'\300\265\273)w\335\036\315<wp~\207`\236"
 235      E127C0B5 
 235      BB2977DD 
 235      1ECD3C77 
 235      707E8760 
 236 0149 699FB8A4 		.ascii	"i\237\270\244\312\220\375\2140\356pe|\371\215aCw\010"
 236      CA90FD8C 
 236      30EE7065 
 236      7CF98D61 
 236      437708
 237 015c 37A6C78F 		.ascii	"7\246\307\217\272N\030F\364\030G\307\351\351\326\354"
 237      BA4E1846 
 237      F41847C7 
 237      E9E9D6EC 
 238 016c 986EC558 		.ascii	"\230n\305X$\304<65 \0166t\212=\203\021\260\310'h\350"
 238      24C43C36 
 238      35200E36 
 238      748A3D83 
 238      11B0C827 
 239 0182 D92BAC20 		.ascii	"\331+\254 \037.I\004B\374\232C\"l]\300\263\235\374\250"
 239      1F2E4904 
 239      42FC9A43 
 239      226C5DC0 
 239      B39DFCA8 
 240 0196 90072E7F 		.ascii	"\220\007.\177\033\345\263\020\376}6\241I1M\352\315~"
 240      1BE5B310 
 240      FE7D36A1 
 240      49314DEA 
 240      CD7E
 241 01a8 9BEE2EE0 		.ascii	"\233\356.\340\036T(\202;\250#\222\252e\016\267\215\231"
 241      1E542882 
 241      3BA82392 
 241      AA650EB7 
 241      8D99
 242 01ba 9CCBB381 		.ascii	"\234\313\263\201\245s\254\366\354xT`m5]\272\035\324"
 242      A573ACF6 
 242      EC785460 
 242      6D355DBA 
 242      1DD4
 243 01cc DD0DCF63 		.ascii	"\335\015\317c`I9\\2\366\272P.\352\304!A\362\021\"\363"
ARM GAS  /tmp/ccWh135L.s 			page 19


 243      6049395C 
 243      32F6BA50 
 243      2EEAC421 
 243      41F21122 
 244 01e1 55B931D4 		.ascii	"U\2711\324\211/&~\271$)\201{\271Zh\306M\232\263\360"
 244      892F267E 
 244      B9242981 
 244      7BB95A68 
 244      C64D9AB3 
 245 01f6 A81A9286 		.ascii	"\250\032\222\206L5\362\313\316\024e\267~l\005\342\330"
 245      4C35F2CB 
 245      CE1465B7 
 245      7E6C05E2 
 245      D8
 246 0207 1289C579 		.ascii	"\022\211\305yGp\2259q\240\237\312\202\3722\375\362\261"
 246      47709539 
 246      71A09FCA 
 246      82FA32FD 
 246      F2B1
 247 0219 8916C0A6 		.ascii	"\211\026\300\246\205\220\300*\037\317\321\277]\231\354"
 247      8590C02A 
 247      1FCFD1BF 
 247      5D99EC
 248 0228 7557C499 		.ascii	"uW\304\231\334n\027$\221\036\356\313\325\271\365\325"
 248      DC6E1724 
 248      911EEECB 
 248      D5B9F5D5 
 249 0238 E87703CD 		.ascii	"\350w\003\315\311i7L@E'\226\017zK\341\206\34790\362"
 249      C969374C 
 249      40452796 
 249      0F7A4BE1 
 249      86E73930 
 250 024d 39DCE8E0 		.ascii	"9\334\350\340\301\272\003\225\014\225\345;0\377\207"
 250      C1BA0395 
 250      0C95E53B 
 250      30FF87
 251 025c F1E13F18 		.ascii	"\361\341?\030'73\366\016\267\3649\326\031uHsFqi\246"
 251      273733F6 
 251      0EB7F439 
 251      D6197548 
 251      73467169 
 252 0271 90710122 		.ascii	"\220q\001\"\342l\0112b3m\272CPi\342\016,@\270gi\267"
 252      E26C0932 
 252      62336DBA 
 252      435069E2 
 252      0E2C40B8 
 253 0288 98DF4C55 		.ascii	"\230\337LU\324\305\353\0122\020\304\"\337I\276b\345"
 253      D4C5EB0A 
 253      3210C422 
 253      DF49BE62 
 253      E5
 254 0299 AEB489AB 		.ascii	"\256\264\211\253\"\\5\341,\376\217;\261\337\353\265"
 254      225C35E1 
 254      2CFE8F3B 
 254      B1DFEBB5 
 255 02a9 AC9A8075 		.ascii	"\254\232\200u\352\304i\253\266\306_\027\260\216\036"
 255      EAC469AB 
ARM GAS  /tmp/ccWh135L.s 			page 20


 255      B6C65F17 
 255      B08E1E
 256 02b8 3B52E993 		.ascii	";R\351\223\375\341\203\365\365V\240\356L\245\357xu\300"
 256      FDE183F5 
 256      F556A0EE 
 256      4CA5EF78 
 256      75C0
 257 02ca EF3D4994 		.ascii	"\357=I\224Z\377_\356\021_3"
 257      5AFF5FEE 
 257      115F33
 258              		.text
 259              		.section	.gnu.lto_Vector9C.f62e46e2f992e13e,"",%progbits
 260 0000 789C8D96 		.ascii	"x\234\215\226]L\024W\030\206\3177gvgvvw\330%\202@\201"
 260      5D4C1457 
 260      1886CF37 
 260      67766776 
 260      7677D825 
 261 0017 D00B424C 		.ascii	"\320\013BLZ\266b\323\273^4Mz\327\253\366\266i\232\336"
 261      5AB662D3 
 261      BB5E344D 
 261      7AD7ABF6 
 261      B6699ADE 
 262 002b D4A68D06 		.ascii	"\324\246\215\006\274\360\216\341\257\032\254\265\266"
 262      BCF08EE1 
 262      AF1AACB5 
 262      B6
 263 0038 1114316B 		.ascii	"\021\0241k\212\010\312\177-\340\256\264,\010\010\212"
 263      8A08CA7F 
 263      2DE0AEB4 
 263      2C08088A 
 264 0048 F853B4B5 		.ascii	"\370S\264\265\250EEdQ\3334b\251\251\265\375\3169\313"
 264      A8454564 
 264      51DB3462 
 264      A9A9B5FD 
 264      CE39CB
 265 005b 706693E2 		.ascii	"pf\223\342nrf\367\233\363\3169\357\373|3\233q\021\205"
 265      6E7266F7 
 265      9BF3CE39 
 265      EFFB7C33 
 265      9B711185 
 266 006f 7C6C1052 		.ascii	"|l\020RB\010\271\203\003\322\011(_N\021R\241+\012\335"
 266      4208B983 
 266      03D20928 
 266      5F4E1152 
 266      A12B0ADD 
 267 0083 59442CC3 		.ascii	"YD,\303\305\216>\252\250g^c\325\304z\254Tp\011\221K"
 267      C58E3EAA 
 267      A8675E63 
 267      D5C47AAC 
 267      54700991 
 268 0098 717391CE 		.ascii	"qs\221\316EnE\343\"\235\2134\320\205HW<\\\344\345\""
 268      456E45E3 
 268      229D8B34 
 268      D0854857 
 268      3C5CE4E5 
 269 00ad 8F627091 		.ascii	"\217bp\221\227\213\014\360\012\221W\361q\221\311E>\305"
 269      978B0CF0 
ARM GAS  /tmp/ccWh135L.s 			page 21


 269      0A9157F1 
 269      7191C945 
 269      3EC5
 270 00bf CF452617 		.ascii	"\317E&\027\371\301\024\"SI\233\016\341\351\340@>\236"
 270      F9C11422 
 270      53499B0E 
 270      E1E9E040 
 270      3E9E
 271 00d1 4E530207 		.ascii	"NS\002\007_g\325\343\000V\001\010\012Q\020\200\375\260"
 271      5F67D5E3 
 271      00560108 
 271      0A511080 
 271      FDB0
 272 00e3 7420E50A 		.ascii	"t \345\012U]nM\367\030^\237\337L\013\004\241\034\366"
 272      555D6E4D 
 272      F7185E9F 
 272      DF4C0B04 
 272      A11CF6
 273 00f6 D07A0AC3 		.ascii	"\320z\012\303;\346#\312\206\026\013?\261\372Fo\205U"
 273      3BE623CA 
 273      86160B3F 
 273      B1FA466F 
 273      8555
 274 0108 9315A684 		.ascii	"\223\025\246\204\034\300\301>\320\002\033\010\312.U"
 274      1CC0C13E 
 274      D0021B08 
 274      CA2E55
 275 0117 7737D22F 		.ascii	"w7\322/h\230\002\250X\376q\276\341\216\311J\005\012"
 275      689802A8 
 275      58FE71BE 
 275      E18EC94A 
 275      050A
 276 0129 B03CFAD5 		.ascii	"\260<\372\3257C~\372\0120\345\347\247\243\231\205M\226"
 276      37437EFA 
 276      0A30E5E7 
 276      A7A39985 
 276      4D96
 277 013b 5569C59E 		.ascii	"Ui\305\236\265g\355\255\262\306-5L)\034\007\212\213"
 277      B567EDAD 
 277      B2C62D35 
 277      4C291C07 
 277      8A8B
 278 014d C231C885 		.ascii	"\3021\310\205V\310\345\213\243\372v\317\263}~\267\012"
 278      56C8E58B 
 278      A3FA76CF 
 278      B37D7EB7 
 278      0A
 279 015e 6D5028F6 		.ascii	"mP(\366\204vp\003~\2613]\227!f=\373w\207\025\373\363"
 279      84767003 
 279      7EB1335D 
 279      9721663D 
 279      FB778715 
 280 0174 A581A5E5 		.ascii	"\245\201\245\345\364\0275\302N\353$LU\017;\030\274\366"
 280      F41735C2 
 280      4EEB244C 
 280      550F3B18 
 280      BCF6
ARM GAS  /tmp/ccWh135L.s 			page 22


 281 0186 B19F7E3C 		.ascii	"\261\237~<\270L<\270\003\254\014\2622\235\225\353X\231"
 281      B84C3CB8 
 281      03AC0CB2 
 281      329D95EB 
 281      5899
 282 0198 C1CA4C56 		.ascii	"\301\312LVf\2612\233\2259\254\314ee\036+\363YIH-\232"
 282      66B1329B 
 282      9539ACCC 
 282      65651E2B 
 282      F3594948 
 283 01ae 60D07651 		.ascii	"`\320vQ\205}\3238\014G\3433\243\300|\035\242\032Z\256"
 283      857DD338 
 283      0C47E333 
 283      A3C07C1D 
 283      A21A5AAE 
 284 01c2 AB19BEA0 		.ascii	"\253\031\276\240\261\354\032\317;Uw\352kU\224\326_\325"
 284      B1EC1ACF 
 284      3B5577EA 
 284      6B5594D6 
 284      5FD5
 285 01d4 16A3B37C 		.ascii	"\026\243\263|r\351\232'\014\207*\020\352\341R\\W\207"
 285      72E99A27 
 285      0C872A10 
 285      EAE1525C 
 285      5787
 286 01e6 4E8CDDC1 		.ascii	"N\214\335\301b\343\364\344\236x\257;\324aUWX\005a\352"
 286      62E3F4E4 
 286      9E78AF3B 
 286      D4615557 
 286      580561EA 
 287 01fa 812E08C3 		.ascii	"\201.\010\303~\316\033\272!D\356B\345\341\034\216\001"
 287      7ECE1BBA 
 287      2144EE42 
 287      E5E11C8E 
 287      01
 288 020b B3E19684 		.ascii	"\263\341\226\204[\270\336\254\011\013z\322\006\005\317"
 288      5BB8DEAC 
 288      090B7AD2 
 288      0605CF
 289 021a 5BBE872F 		.ascii	"[\276\207/\017l\371oq\3718T=\375,\342\022\213y\304z"
 289      0F6CF96F 
 289      71F93854 
 289      3DFD2CE2 
 289      128B79C4 
 290 022f FD8B73B3 		.ascii	"\375\213s\263\012\313\240\302\254\006'p!\256\332,D\006"
 290      0ACBA0C2 
 290      AC062770 
 290      21AEDA2C 
 290      4406
 291 0241 9A402933 		.ascii	"\232@)3V\260\352\313`\276\352\3427k\270\257\344\324"
 291      56B0EACB 
 291      60BEEAE2 
 291      376BB8AF 
 291      E4D4
 292 0253 F9CF73F5 		.ascii	"\371\317s\365\335j\350^\010\211\345p\313\3357|bS\037"
 292      DD6AE85E 
 292      0889E570 
ARM GAS  /tmp/ccWh135L.s 			page 23


 292      CBDD377C 
 292      62531F
 293 0266 9E926F34 		.ascii	"\236\222o4\025\012\240\017\327\232\203\352\2317\023"
 293      150AA00F 
 293      D79A83EA 
 293      993713
 294 0275 129CEF7A 		.ascii	"\022\234\357z\020y\342\027\363\004\372\023\367\325."
 294      1079E217 
 294      F304FA13 
 294      F7D52E
 295 0284 4AC9CE22 		.ascii	"J\311\316\"l]e\324#\244~\224N\034\211>\3651\251\001"
 295      6C5D65D4 
 295      23A47E94 
 295      4E1C893E 
 295      F531A901 
 296 0298 2EB98D5E 		.ascii	".\271\215^\336\306H\344\301\214V\376\217\245\343\211"
 296      DEC648E4 
 296      C18C56FE 
 296      8FA5E389 
 297 02a8 262A6ECE 		.ascii	"&*n\316\305\311+#\006&\2020\365A\024\237\230H\"Lws\335"
 297      C5C92B23 
 297      06268230 
 297      F541149F 
 297      9848224C 
 298 02bf 0D656397 		.ascii	"\015ec\227%\360\373\341\024\206\201\223bw\234\036\033"
 298      25F0FBE1 
 298      14868193 
 298      62779C1E 
 298      1B
 299 02d0 7BF40646 		.ascii	"{\364\006F\025\263&\014\300\306\375x7a\322\357\221\277"
 299      15B3260C 
 299      C0C6FD78 
 299      3761D2EF 
 299      91BF
 300 02e2 14C02FDB 		.ascii	"\024\300/\33301\300\017v\000\2254\275 \0070S\2618\270"
 300      3031C00F 
 300      76009534 
 300      BD200730 
 300      53B138B8 
 301 02f6 86C598D3 		.ascii	"\206\305\230\323\342\325\205\206G\324\366\350\206!\346"
 301      E2D58586 
 301      47D4F6E8 
 301      8621E6
 302 0305 913F7FC3 		.ascii	"\221?\177\303\350\361>T\363N\023\364\210\303\014\323"
 302      E8F13E54 
 302      F34E13F4 
 302      88C30CD3 
 303 0315 34EECA95 		.ascii	"4\356\312\225x$\260Q\373\336\023\306\002\242O\375\277"
 303      7824B051 
 303      FBDE13C6 
 303      02A24FFD 
 303      BF
 304 0326 B5F527FA 		.ascii	"\265\365'\372\020#p\332\331\250\200\324\031wRg\202x"
 304      102370DA 
 304      D9A880D4 
 304      19775267 
 304      8278
ARM GAS  /tmp/ccWh135L.s 			page 24


 305 0338 F1DCDF1D 		.ascii	"\361\334\337\035QSt\306\235J\316Q)\347\356\360\275\""
 305      515374C6 
 305      9D4ACE51 
 305      29E7EEF0 
 305      BD22
 306 034a 29E6188B 		.ascii	")\346\030\2139b\307\334\333;=\342\222Zq\306n\305\270"
 306      3962C7DC 
 306      DB3B3DE2 
 306      925A71C6 
 306      6EC5B8
 307 035d B3154189 		.ascii	"\263\025A\211\275\226\304>=\025O\023\377\357\351\254"
 307      BD96C43E 
 307      3D154F13 
 307      FFEFE9AC 
 308 036d D3D3ADF8 		.ascii	"\323\323\255\370L\213WB\177\316F?\351D\037\304\221\276"
 308      4C8B5742 
 308      7FCE463F 
 308      E9441FC4 
 308      91BE
 309 037f 825E5F45 		.ascii	"\202^_E\337\234@\277N\240\357\233\237\0303\004z\013"
 309      DF9C40BF 
 309      4EA0EF9B 
 309      9F183304 
 309      7A0B
 310 0391 E0BC13FD 		.ascii	"\340\274\023\375:\011\275'\011}\006^\274T[\263L\005"
 310      3A09BD27 
 310      097D065E 
 310      BC545BB3 
 310      4C05
 311 03a3 7A2D9598 		.ascii	"z-\225\230\027\244\230\323\355'&=R\316\213,\347\224"
 311      17A498D3 
 311      ED27263D 
 311      52CE8B2C 
 311      E794
 312 03b5 9DF3F183 		.ascii	"\235\363\361\203\371\036\237\304\376\222\315\376\262"
 312      F91E9FC4 
 312      FE92CDFE 
 312      B2
 313 03c2 937D86C4 		.ascii	"\223}\206\304\336Hb\237\231\212\251\037\32705\35545"
 313      DE48629F 
 313      998AA91F 
 313      D73035ED 
 313      3435
 314 03d4 5B71D172 		.ascii	"[q\321rK\360\257\330\360\257:\341g\340\310\\\201\357"
 314      4BF0AFD8 
 314      F0AF3AE1 
 314      67E0C85C 
 314      81EF
 315 03e6 5D85DF9B 		.ascii	"]\205\337\233\200\237%\340w.\0146\256\300W\340''\374"
 315      809F25E0 
 315      772E0C36 
 315      AEC057E0 
 315      2727FC
 316 03f9 2C09BE2F 		.ascii	",\011\276/\011~6^\334pj\351\254K\300\327S\311yM\312"
 316      097E365E 
 316      DC706AE9 
 316      AC4BC0D7 
ARM GAS  /tmp/ccWh135L.s 			page 25


 316      53C9794D 
 317 040e D972F4E0 		.ascii	"\331r\364\3409C\312\371\013\313\371\263\235\363\367"
 317      3943CAF9 
 317      0BCBF9B3 
 317      9DF3F7
 318 041d A1F14E2A 		.ascii	"\241\361N*\301\237\261\341_w\302\317\226\340\373\223"
 318      C19FB1E1 
 318      5F77C2CF 
 318      96E0FB93 
 319 042d E0E7A462 		.ascii	"\340\347\244b\352\306\032\246n:M\035\033<\322\352\223"
 319      EAC61AA6 
 319      6E3A4D1D 
 319      1B3CD2EA 
 319      93
 320 043e E0FF6AC3 		.ascii	"\340\377j\303\237u\302\317\306\221\263\002\337\\\205"
 320      9F75C2CF 
 320      C691B302 
 320      DF5C85
 321 044d 3F9A809F 		.ascii	"?\232\200\237+\340\327?|\222\223`\257\302-'\373\\\211"
 321      2BE0D73F 
 321      7C929360 
 321      AFC22D27 
 321      FB5C89
 322 0460 7D1A990E 		.ascii	"}\032\231\016\311\271\362\360\332\266\276\346(\010\366"
 322      C9B9F2F0 
 322      DAB6BEE6 
 322      2808F6
 323 046f 9E5462DE 		.ascii	"\236Tb\336\221\377[#\013\255.)\346\034\213y\333\216"
 323      91FF5B23 
 323      0BAD2E29 
 323      E61C8B79 
 323      DB8E
 324 0481 79BCEDE6 		.ascii	"y\274\355\346\200*\261\277k\263\237w\262\317\223\330"
 324      802AB1BF 
 324      6BB39F77 
 324      B2CF93D8 
 325 0491 07485BA1 		.ascii	"\007H[\241\3541?\025S\367\3260\265\3404\325\336\330"
 325      EC313F15 
 325      53F7D630 
 325      B5E034D5 
 325      DED8
 326 04a3 D2614AEC 		.ascii	"\322aJ\354\3436\373E'\373<\034\371+\354\203\234\375"
 326      E336FB45 
 326      27FB3C1C 
 326      F92BEC83 
 326      9CFD
 327 04b5 7DA83A1C 		.ascii	"}\250:\034Y\317\347\235\256\002\007\330{\005\334\207"
 327      59CFE79D 
 327      AE0207D8 
 327      7B05DC87 
 328 04c5 727CC909 		.ascii	"r|\311\011\222\207\370\3462X\317_\225x\252Z\234\305"
 328      9287F8E6 
 328      3258CF5F 
 328      9578AA5A 
 328      9CC5
 329 04d7 EB31FACB 		.ascii	"\3531\372\313\305\305\241\320\226\262\320G\037|\022"
 329      C5C5A1D0 
ARM GAS  /tmp/ccWh135L.s 			page 26


 329      96B2D047 
 329      1F7C12
 330 04e6 DABAA574 		.ascii	"\332\272\245t[Y\350\235w\337\336T\"\216o\275\272}{\250"
 330      5B59E89D 
 330      77DFDE54 
 330      228E6FBD 
 330      BA7D7BA8 
 331 04fa 6CDBA79B 		.ascii	"l\333\247\233J\336\337\\VZ\374!Q\266\226\376\007%\234"
 331      4ADEDF5C 
 331      565AFC21 
 331      51B696FE 
 331      07259C
 332 050d 50D3     		.ascii	"P\323"
 333              		.text
 334              		.section	.gnu.lto_VectorE0.f62e46e2f992e13e,"",%progbits
 335 0000 789C8D96 		.ascii	"x\234\215\226IP\024W\030\307\337\327=K\317\364t\317"
 335      49501457 
 335      18C7DFD7 
 335      3D4BCFF4 
 335      74CF
 336 0012 C622208B 		.ascii	"\306\" \213X\306\362\020'j*\225KN\251\312-\247\344\236"
 336      58C6F210 
 336      276A2A95 
 336      4B4EA9CA 
 336      2DA7E49E 
 337 0026 4AE512AB 		.ascii	"J\345\022\253\222\322\002\017\336\350\2211\032M\324"
 337      92D2020F 
 337      DEE89131 
 337      1A4DD4
 338 0035 B8828935 		.ascii	"\270\202\2115S\222H\022\0244\212a\020\025\001\327\000"
 338      53924812 
 338      14348A61 
 338      101501D7 
 338      00
 339 0046 6E8001CC 		.ascii	"n\200\001\314\342\202q\004\214\212T6\221|\357\275\236"
 339      E2827104 
 339      8C8A5436 
 339      917CEFBD 
 339      9E
 340 0057 9ED773C0 		.ascii	"\236\327s\300\241\3525\363u\377\373\353\377\377\367"
 340      A1EA35F3 
 340      75FFFBEB 
 340      FFFFF7
 341 0066 75CFB493 		.ascii	"u\317\264\223HdV%d9!D\005B \237\200\264\255\237\220"
 341      48645625 
 341      64392144 
 341      0542209F 
 341      80B4AD9F 
 342 007b A82249F2 		.ascii	"\250\"I\362\306\305\304\360:\351\326'K\216\363\257\321"
 342      C6C5C4F0 
 342      3AE9D627 
 342      4B8EF3AF 
 342      D1
 343 008c EA622156 		.ascii	"\352b!V\016pr\221Sr1\221\302D.\311\315D\012\023\271"
 343      0E707291 
 343      53723191 
 343      C2442EC9 
ARM GAS  /tmp/ccWh135L.s 			page 27


 343      CD440A13 
 344 00a1 41E12245 		.ascii	"A\341\"E\3620\221\312D\036\311\313D*\023yA\345\"U\362"
 344      F23091CA 
 344      441EC9CB 
 344      442A1379 
 344      41E52255 
 345 00b6 3191CE44 		.ascii	"1\221\316D>Ic\"\235\2114\320\271H\227\374L\024d\"\277"
 345      3E496322 
 345      9D8934D0 
 345      B94897FC 
 345      4C146422 
 346 00cb 1460A220 		.ascii	"\024`\242 \023\005 \310EA)4\020\301\335y\035e\270;$"
 346      130520C8 
 346      45412934 
 346      10C1DD79 
 346      1D65B83B 
 347 00e0 85BF7C83 		.ascii	"\205\277|\203V\323\001\254\302\220\307Ey\000\364\203"
 347      56D301AC 
 347      C290C745 
 347      7900F483 
 348 00f0 A100A991 		.ascii	"\241\000\251\221d\207\323\345V<^\325\247\351\376@0\024"
 348      6487D3E5 
 348      563C5ED5 
 348      A7E9FE40 
 348      3014
 349 0102 CE831AD8 		.ascii	"\316\203\032\330*\357\221\241k\303\275\244\264\244\321"
 349      2AEF91A1 
 349      6BC3BDA4 
 349      B4A4D1
 350 0111 C0BFCE3D 		.ascii	"\300\277\316=\333\364\250\261~^\\&\244\036\027\375\203"
 350      DBF4A8B1 
 350      7E5E5C26 
 350      A41E17FD 
 350      83
 351 0122 46584250 		.ascii	"FXBPv5v\370+y\213\034\227\001\034X>\356\333{G\247\245"
 351      763576F8 
 351      2B798B1C 
 351      97011C58 
 351      3EEEDB7B 
 352 0139 0415581E 		.ascii	"\004\025X\036\330\276\377\214&\277\002T\371Yw{\301\242"
 352      D8BEFF8C 
 352      26BF0254 
 352      F959777B 
 352      C1A2
 353 014b 06C35867 		.ascii	"\006\303Xgt\366\267\315\373\242\326\270`8\342\262\014"
 353      74F6B7CD 
 353      FBA2D6B8 
 353      6038E2B2 
 353      0C
 354 015c DF838C4D 		.ascii	"\337\203\214M\341;\230\017\337\302|\326\034\325\267"
 354      E13B980F 
 354      DFC27CD6 
 354      1CD5B7
 355 016b 8F3CDFA5 		.ascii	"\217<\337\245\271\034\320\004\213\3705\341 \270\350"
 355      B91CD004 
 355      8BF835E1 
 355      20B8E8
ARM GAS  /tmp/ccWh135L.s 			page 28


 356 017a 98E89E96 		.ascii	"\230\350\236\226k\320i<\237\335`t\236{\275\343\330`"
 356      6BD0693C 
 356      9FDD6074 
 356      9E7BBDE3 
 356      D860
 357 018c F82585D0 		.ascii	"\370%\205\320\335\036\022\227\035^\272QY\255\321\217"
 357      DD1E1297 
 357      1D5EBA51 
 357      59ADD18F 
 358 019c 3A6E9C7E 		.ascii	":n\234~\334\270\202\264\014\3212L\313|Z\026\320\262"
 358      DCB882B4 
 358      0CD1324C 
 358      CB7C5A16 
 358      D0B2
 359 01ae 909645B4 		.ascii	"\220\226E\264,\246e\011-KiYF\313rZ.\240e%-\027\322\222"
 359      2CA66509 
 359      2D4B6959 
 359      46CB725A 
 359      2EA06525 
 360 01c6 904DE889 		.ascii	"\220M\350\211b\334,K\364\277\234\202\256\366\324\347"
 360      62DC2C4B 
 360      F4BF9C82 
 360      AEF6D4E7 
 361 01d6 E781DADC 		.ascii	"\347\201\332\334'+\230`\367\372\256\313n\212\302\315"
 361      272B9860 
 361      F7FAAECB 
 361      6E8AC2CD 
 362 01e6 E2F7EF3E 		.ascii	"\342\367\357>\261\303\301K\343\357\230Aa\375\325\366"
 362      B1C3C14B 
 362      E3EF9841 
 362      61FDD5F6 
 363 01f6 74D81387 		.ascii	"t\330\023\207}Qd\234\250\302\276\0124#\205C\224\002"
 363      7D51649C 
 363      A8C2BE0A 
 363      34238543 
 363      9402
 364 0208 1EEEDD9A 		.ascii	"\036\356\335\232juE\016\031\261\250Q\021\227=\320\002"
 364      6A75450E 
 364      19B1A851 
 364      11973DD0 
 364      02
 365 0219 71A863F8 		.ascii	"q\250c\370\3410D\310\030\254K\0243*\030\025/I\230\205"
 365      E13044C8 
 365      18AC4B14 
 365      332A1815 
 365      2F499885 
 366 022d 2D8D6E6E 		.ascii	"-\215nn\301\223u\201\212\027\265?\302\332\003m\377\003"
 366      C1937581 
 366      8A17B53F 
 366      C2DA036D 
 366      FF03
 367 023f B64F41ED 		.ascii	"\266OA\355\263O\222N\336\314\313\3735\237\275\331\341"
 367      B34F924E 
 367      DECCCBFB 
 367      359FBDD9 
 367      E1
 368 0250 A7191C98 		.ascii	"\247\031\034\230A\206\243\330\211\311Vr\225\212.PK\235"
ARM GAS  /tmp/ccWh135L.s 			page 29


 368      4186A3D8 
 368      89C95672 
 368      958A2E50 
 368      4B9D
 369 0262 55648CA9 		.ascii	"Ud\214\251\324\330\356T\335\006f,;v\331\213l\035\313"
 369      D4D8EE54 
 369      DD06662C 
 369      3B76D98B 
 369      6C1DCB
 370 0275 A46E8508 		.ascii	"\244n\205\010o\207\227<4\345\343\027\325p\027\23663"
 370      6F87973C 
 370      34E5E317 
 370      D570179E 
 370      3633
 371 0287 34DE03A6 		.ascii	"4\336\003\2465\005\216c\263\273\020\033}\323\324\240"
 371      35058E63 
 371      B3BB101B 
 371      7DD3D4A0 
 372 0297 A06522F9 		.ascii	"\240e\"\371\217\306\005\004~4o\264\315\262L6.\306\341"
 372      8FC60504 
 372      7E346FB4 
 372      CDB24C36 
 372      2EC6E1
 373 02aa AD6BF770 		.ascii	"\255k\367p\251N{=\2722\343\243R/x\305A\252l\220\311"
 373      A94E7B3D 
 373      BA32E3A3 
 373      522F78C5 
 373      41AA6C90 
 374 02bf E4C4A8BB 		.ascii	"\344\304\250\273f\306PpG\203\314\357\326\007\275\203"
 374      66C65070 
 374      4783CCEF 
 374      D607BD83 
 375 02cf 3D5E8C04 		.ascii	"=^\214\004q\331\007\355\370\010%\3154\267\242\203C\316"
 375      71D907ED 
 375      F80825CD 
 375      34B7A283 
 375      43CE
 376 02e1 652D061F 		.ascii	"e-\006\037\200\006'0\015\264\361\253\343\341]\007\022"
 376      80062730 
 376      0DB4F1AB 
 376      E3E15D07 
 376      12
 377 02f2 57340CCB 		.ascii	"W4\014\313\017\353\320\001\313\352\360\206\302\254'"
 377      0FEBD001 
 377      CBEAF086 
 377      C2AC27
 378 0301 71044202 		.ascii	"q\004B\002]\364\241c\202SV\002\007i(\021\023\370s\361"
 378      5DF4A163 
 378      82535602 
 378      07692811 
 378      13F873F1 
 379 0315 787A0E8F 		.ascii	"xz\016\217\235v\217C;\023G\235\226G\027\234\241\036"
 379      9D768F43 
 379      3B13479D 
 379      9647179C 
 379      A11E
 380 0327 D913D985 		.ascii	"\331\023\331\205\036\307!\306fM\320#.\177\\\3663WN\363"
ARM GAS  /tmp/ccWh135L.s 			page 30


 380      1EC721C6 
 380      664DD023 
 380      2E7F5CF6 
 380      33574EF3 
 381 033b A9C051B5 		.ascii	"\251\300Q\265VscA>\251\311\336\261\375\016sR\001\350"
 381      56736341 
 381      3EA9C9DE 
 381      B1FD0E73 
 381      5201E8
 382 034e B64F2A28 		.ascii	"\266O*(\214\306\2255\232\020\236|c8\226\004>\0325\227"
 382      8CC69535 
 382      9A109E7C 
 382      63389604 
 382      3E1A3597 
 383 0362 9C67859C 		.ascii	"\234g\205\234\377\325\267mw\0139\317\321\234=V\316\203"
 383      FFD5B76D 
 383      770B39CF 
 383      D19C3D56 
 383      CE83
 384 0374 0F9F9D74 		.ascii	"\017\237\235t\011\2638o\315\342\202}\026!\001\276;\013"
 384      09B3386F 
 384      CDE2827D 
 384      162101BE 
 384      3B0B
 385 0386 7E381753 		.ascii	"~8\027S\027\3470u\311njp\366\302\247.\001\376O\026\374"
 385      17E73075 
 385      C96E6A70 
 385      F6C2A72E 
 385      01FE4F16 
 386 039b 5E3BFC10 		.ascii	"^;\374\020\256p\032\276\222\201\177\326\204\237\317"
 386      AE701ABE 
 386      92817FD6 
 386      849FCF
 387 03aa E1F7F4CC 		.ascii	"\341\367\364\314^N?&\025\320g\207\237/\300\367d\301"
 387      5E4E3F26 
 387      15D06787 
 387      9F2FC0F7 
 387      64C1
 388 03bc 2FA05EEF 		.ascii	"/\240^\357\357\0346\341\373r\311yY\3109}}j\257_\310"
 388      EF1C36E1 
 388      FB72C979 
 388      59C8397D 
 388      7D6AAF5F 
 389 03d1 7985E6EC 		.ascii	"y\205\346\354\267r>\273\366o\263$\300\277j\301\277f"
 389      B7723EBB 
 389      F66FB324 
 389      C0BF6AC1 
 389      BF66
 390 03e3 875F20C0 		.ascii	"\207_ \300\367f\301/\314\305\324\3659L\015\330M\215"
 390      F766C12F 
 390      CCC5D4F5 
 390      394C0DD8 
 390      4D8D
 391 03f5 D7C70D4D 		.ascii	"\327\307\015M\200?h\301\037\262\303/\300U\230\206\257"
 391      803F68C1 
 391      1FB2C32F 
 391      C0559886 
ARM GAS  /tmp/ccWh135L.s 			page 31


 391      AF
 392 0406 66E00F9A 		.ascii	"f\340\017\232\360\2138\374M\321\211\356\364\327g'\201"
 392      F08B38FC 
 392      4DD189EE 
 392      F4D76727 
 392      81
 393 0417 1B76FA45 		.ascii	"\033v\372E\002}_\026\375b<\273\341A\262\333\311\351"
 393      027D5F16 
 393      FD623CBB 
 393      E141B2DB 
 393      C9E9
 394 0429 6BB9041D 		.ascii	"k\271\004\035\026\2026\354\030hU\204\240#4\350\317V"
 394      168236EC 
 394      18685584 
 394      A02334E8 
 394      CF56
 395 043b D0F57DB3 		.ascii	"\320\365}\263\011E\240?j\321\277i\247_,\320\327\262"
 395      0945A03F 
 395      6AD1BF69 
 395      A75F2CD0 
 395      D7B2
 396 044d E897E462 		.ascii	"\350\227\344b\352\2279L\375j7\025\037\213\315\210\267"
 396      EA97394C 
 396      FD6A3715 
 396      1F8BCD88 
 396      B7
 397 045e FE6F16FD 		.ascii	"\376o\026\375\337\355\364\213q\225\244\351\353\031\372"
 397      DFEDF48B 
 397      7195A4E9 
 397      EB19FA
 398 046d 6326FD52 		.ascii	"c&\375RN\177\364R\333\200\333\244o\000\334\262\323/"
 398      4E7FF452 
 398      DB80DBA4 
 398      6F00DCB2 
 398      D32F
 399 047f 15E8FBB3 		.ascii	"\025\350\373\263\350\227\321\337\204\233\321\347\022"
 399      E897D1DF 
 399      849BD1E7 
 399      12
 400 048c A7AFE712 		.ascii	"\247\257\347\022\364\216\020\364\341\310\344]1\350]"
 400      F48E10F4 
 400      E1C8E45D 
 400      31E85D
 401 049b 1AF4B615 		.ascii	"\032\364\266\025\264\266\276\3574\010\364\307,\372\367"
 401      B4B6BEEF 
 401      3408F4C7 
 401      2CFAF7
 402 04aa ECF4CB04 		.ascii	"\354\364\313\004\372\201,\372\345\271\230\372c\016S"
 402      FA812CFA 
 402      E5B998FA 
 402      630E53
 403 04b9 F7EDA652 		.ascii	"\367\355\246R\243g\016\212\367~\312\242\377\300N\277"
 403      A3670E8A 
 403      F77ECAA2 
 403      FFC04EBF 
 404 04c9 0C57799A 		.ascii	"\014Wy\232~0C\177\332\244\277\300\374}N\214\3148\323"
 404      7E30437F 
ARM GAS  /tmp/ccWh135L.s 			page 32


 404      DAA4BFC0 
 404      FC7D4E8C 
 404      CC38D3
 405 04dc F42518B7 		.ascii	"\364%\030\267\323_ \320\017\221\201\210\230\254\222"
 405      D35F20D0 
 405      0F918188 
 405      98AC92
 406 04eb BE783C79 		.ascii	"\276x<y\332\354\342\364s\372y\233\024\202\306\037]\335"
 406      DAECE2F4 
 406      73FA799B 
 406      1482C61F 
 406      5DDD
 407 04fd EB15823E 		.ascii	"\353\025\202>\244A'2_\373u\027\277\366\010\364\377\264"
 407      A4412732 
 407      5FFB7517 
 407      BFF608F4 
 407      FFB4
 408 050f E83FB2D3 		.ascii	"\350?\262\323\257\024\350\207I\323\"\321\343\302\\L"
 408      AF14E887 
 408      49D322D1 
 408      E3C25C4C 
 409 051f 3D9EC3D4 		.ascii	"=\236\303\324\023\273\251\221\343c\207A\240?e\321\177"
 409      13BBA991 
 409      E3638741 
 409      A03F65D1 
 409      7F
 410 0530 6AA75F89 		.ascii	"j\247_\211ka\232~\036\243?\016\265\211oJ\331q\273\253"
 410      6B619A7E 
 410      1EA33F0E 
 410      B5896F4A 
 410      D971BBAB 
 411 0544 403D7DBB 		.ascii	"@=}\273\203i\250\301W\315 \231\304\367\307\246}\354"
 411      8369A8C1 
 411      57CD2099 
 411      C4F7C7A6 
 411      7DEC
 412 0556 8595A5DA 		.ascii	"\205\225\245\332\204G\361|\214\376\362\322\245\221\310"
 412      8447F17C 
 412      8CFEF2D2 
 412      A591C8
 413 0565 AAEAC887 		.ascii	"\252\352\310\207\357\177\024Y\275\252jMu\344\235w\337"
 413      EF7F1459 
 413      BDAA6A4D 
 413      75E49D77 
 413      DF
 414 0576 5EB19C6F 		.ascii	"^\261\234o\337zu\355\332H\365\232\217W,\177oeu\325\322"
 414      DF7A75ED 
 414      DA48F59A 
 414      8F572C7F 
 414      6F6575D5 
 415 058b 0F88B4BA 		.ascii	"\017\210\264\272\352\177C\241\326\250"
 415      EA7F43A1 
 415      D6A8
 416              		.text
 417              		.section	.gnu.lto_irqInit.f62e46e2f992e13e,"",%progbits
 418 0000 789C7DD2 		.ascii	"x\234}\322\261/CA\030\000\360\357\273\243}-b$!f\035"
 418      B12F4341 
ARM GAS  /tmp/ccWh135L.s 			page 33


 418      1800F0EF 
 418      BBA37D2D 
 418      62242166 
 419 0015 F49256FC 		.ascii	"\364\222V\374\01161\260\213XHH\245\257C\267\367H\252"
 419      093631B0 
 419      8B584848 
 419      A5AF43B7 
 419      F748AA
 420 0028 49255503 		.ascii	"I%U\003M\227\276\262\264(U\224<\211\344\205\011i\007"
 420      4D97BEB2 
 420      B4285594 
 420      3C89E485 
 420      096907
 421 003b 8B8489AA 		.ascii	"\213\204\211\252\005\261K\224;'\2217x_\362\335w\271"
 421      05B14B94 
 421      3B279137 
 421      785FF2DD 
 421      77B9
 422 004d BBDF77C3 		.ascii	"\273\337w\303]+\020\030\"\000\014\000zx\"\005$\251\032"
 422      5D2B1018 
 422      22000C00 
 422      7A782205 
 422      24A91A
 423 0060 C0824210 		.ascii	"\300\202B\020\305DW\0204\202\032\256\3204\305\363\370"
 423      C5445710 
 423      34821AAE 
 423      D034C5F3 
 423      F8
 424 0071 B3497C79 		.ascii	"\263I|y\235\207\225Nu.\351\261n\203\002dx\212\300<\372"
 424      9D87954E 
 424      752EE9B1 
 424      6E830264 
 424      788AC03C 
 425 0086 801F7B2C 		.ascii	"\200\037{,7\327:\\-r\035\013\350B^K7h\351\315\257\270"
 425      37D73A5C 
 425      2D721D0B 
 425      E8425E4B 
 425      3768E9CD 
 426 009c 6E3D6DE2 		.ascii	"n=m\342\311\250\007 \301\267\305\035\313\224\210J_0"
 426      C9A80720 
 426      C1B7C51D 
 426      CB94884A 
 426      5F30
 427 00ae 962B65A9 		.ascii	"\226+e\251\000\242\213i\276\336\273\265O]1(f(o\201["
 427      00A28B69 
 427      BEDEBBB5 
 427      4F5D3128 
 427      66286F81 
 428 00c3 A8898D46 		.ascii	"\250\211\215F\341\242\356MR\203\022\336y\033{E\032\224"
 428      E1A2EE4D 
 428      528312DE 
 428      791B7B45 
 428      1A94
 429 00d5 82F0E5BE 		.ascii	"\202\360\345\276\377\371\216\344\227W\351B\273\344n"
 429      FFF98EE4 
 429      9757E942 
 429      BBE46E
ARM GAS  /tmp/ccWh135L.s 			page 34


 430 00e4 2CDA79C5 		.ascii	",\332y\305\201\357J\236\370\270M*\222+\270g\347\246"
 430      81EF4A9E 
 430      F8B84D2A 
 430      922BB867 
 430      E7A6
 431 00f6 032F49BE 		.ascii	"\003/I\276^]=uI\356\301};?s\340e\311\253\033\305\332"
 431      5E5D3D75 
 431      49EEC17D 
 431      3B3F73E0 
 431      65C9AB1B 
 432 010c 2FF7E281 		.ascii	"/\367\342\201\235?8\360C\311\353\231\306i\233\344]x"
 432      9D3F38F0 
 432      43C9EB99 
 432      C6699BE4 
 432      5D78
 433 011e 64E70D07 		.ascii	"d\347\015\007^\221\274rm\335\271%\357\307\343?\376\206"
 433      5E91BC72 
 433      6DDDB925 
 433      EFC7E33F 
 433      FE86
 434 0130 8BB9F72C 		.ascii	"\213\271\367,\376x\021\011\216\370\213\362\2375\340"
 434      FE781109 
 434      8EF88BF2 
 434      9F35E0
 435 013f F7331652 		.ascii	"\3673\026R\331\364\344,\233\017\205#*\033\033\037\011"
 435      D9F4E42C 
 435      9B0F8523 
 435      2A1B1B1F 
 435      09
 436 0150 06E4383C 		.ascii	"\006\3448<\030\215252\027\014L\314\250a\377\024|\003"
 436      188D3235 
 436      32170C4C 
 436      CCA861FF 
 436      147C03
 437 0163 5DF4BE48 		.ascii	"]\364\276H"
 438              		.text
 439              		.section	.gnu.lto_irqDeinit.f62e46e2f992e13e,"",%progbits
 440 0000 789C7DD2 		.ascii	"x\234}\322\315/\003A\024\000\360\367fh\267E\034\011"
 440      CD2F0341 
 440      1400F0F7 
 440      6668B745 
 440      1C09
 441 0012 12573DE8 		.ascii	"\022W=\350$\255\277\301M\034\270\213\270\220\220J\267"
 441      24ADBFC1 
 441      4D1CB88B 
 441      B890904A 
 441      B7
 442 0023 87DE7609 		.ascii	"\207\336v\011\232TR\034hz\332riQ\252(\331&\222\015'"
 442      9A54521C 
 442      687ADA72 
 442      6951AA28 
 442      D926920D 
 443 0038 A43D8844 		.ascii	"\244=\210D\302\211\246\022\2417\211\204\370\2301\222"
 443      C289A612 
 443      A1378984 
 443      F8983192 
 444 0048 3DD997CC 		.ascii	"=\331\227\314G\336\233\337\233\303L#\020\350 \000\014"
ARM GAS  /tmp/ccWh135L.s 			page 35


 444      47DE9BDF 
 444      9BC34C23 
 444      10E82000 
 444      0C
 445 0059 003AF940 		.ascii	"\000:\371@\012H\226+\0003\012A\024\033]A\320\010j\270"
 445      0A48962B 
 445      00330A41 
 445      141B5D41 
 445      D0086AB8 
 446 006d 4493144F 		.ascii	"D\223\024Oc\217&\361et\036V\362\272uA\237o7(@\212\017"
 446      638F26F1 
 446      65741E56 
 446      F2BA7541 
 446      9F6F3728 
 447 0084 1198411F 		.ascii	"\021\230A\037\360c\017\205\257\325\026W\203\314c\026"
 447      F0630F85 
 447      AFD51657 
 447      83CC6316 
 448 0094 5DC8D7FC 		.ascii	"]\310\327\374\025Z\372\327wL\267^7\360c\320\003\020"
 448      155AFAD7 
 448      774CB75E 
 448      37F063D0 
 448      0310
 449 00a6 E76571C7 		.ascii	"\347eq\307\"%b\245\3178\227>6\250\000\242\213i\276\334"
 449      222562A5 
 449      CF38973E 
 449      36A800A2 
 449      8B69BEDC 
 450 00ba B9B54F5D 		.ascii	"\271\265O]\341\251\024\345-p\0235Q\250e\317\252\336"
 450      E1A914E5 
 450      2D701335 
 450      51A865CF 
 450      AADE
 451 00cc 043528E1 		.ascii	"\0045(\341\235\267\260\313\240\024\2045\273\377\247"
 451      9DB7B0CB 
 451      A0148435 
 451      BBFFA7
 452 00db DB929E5F 		.ascii	"\333\222\236_$\263\315\222\2721g\323\023\007\272#i\374"
 452      24B3CD92 
 452      BA3167D3 
 452      1307BA23 
 452      69FC
 453 00ed FD26A148 		.ascii	"\375&\241H\252\340\256M\357\035h^\322\265\362J\311%"
 453      AAE0AE4D 
 453      EF1D685E 
 453      D2B5F24A 
 453      C925
 454 00ff A907F76C 		.ascii	"\251\007\367lZs\240\005I\313\353\271\312\037\365\342"
 454      5A73A005 
 454      49CBEBB9 
 454      CA1FF5E2 
 455 010f BE4D9F1C 		.ascii	"\276M\237\034\350\201\244\325T\255\324$i\033\036\332"
 455      E881A4D5 
 455      54ADD424 
 455      691B1EDA 
 456 011f B4EE408B 		.ascii	"\264\356@\213\222\026/\255[\267\244=x$i\035g\323o\006"
 456      92162FAD 
ARM GAS  /tmp/ccWh135L.s 			page 36


 456      5BB7A43D 
 456      7824691D 
 456      67D36F06 
 457 0133 FE5A1171 		.ascii	"\376Z\021q\016\370\253\361\337\323\353\3673\026R\331"
 457      0EF8ABF1 
 457      DFD3EBF7 
 457      331652D9 
 458 0143 F8E8249B 		.ascii	"\370\350$\233\016\205#*\033\032\036\010\006\344\334"
 458      0E85232A 
 458      1B1A1E08 
 458      06E4DC
 459 0152 DF178D32 		.ascii	"\337\027\215252\025\014\214L\250a\377\030\374\000EF"
 459      3532150C 
 459      8C4CA861 
 459      FF18FC00 
 459      4546
 460 0164 B9CD     		.ascii	"\271\315"
 461              		.text
 462              		.section	.gnu.lto_.symbol_nodes.f62e46e2f992e13e,"",%progbits
 463 0000 789C558B 		.ascii	"x\234U\2131N\303@\024D\307\263^o\342p\0078Jr\262\357"
 463      314EC340 
 463      1444C7B3 
 463      5E6FE270 
 463      07384A72 
 464 0016 C2525A24 		.ascii	"\302RZ$\012.\220\033\244\"@\002a\021\022ER Q\"\220\\"
 464      0A2E901B 
 464      A4224002 
 464      61111245 
 464      52205122 
 465 002c D2D12376 		.ascii	"\322\321#v\361 \261\325\323{\177\276\007\021\010\200"
 465      F120B1D5 
 465      D37B7FBE 
 465      07110880 
 466 003c 5734E0FC 		.ascii	"W4\340\374\000$l\272\005\340\367\304Y\276lhUq\3415\215"
 466      00246CBA 
 466      05E0F7C4 
 466      59BE6C68 
 466      5571E135 
 467 0051 65B9A1B9 		.ascii	"e\271\241\271\262\334\322\352\262li\276,;ZS\226;Z(\313"
 467      B2DCD2EA 
 467      B26C69BE 
 467      2C3B5A53 
 467      963B5A28 
 468 0066 3D6D5294 		.ascii	"=mR\224\352\2016\375-@\327\315S\210\264\266\010\217"
 468      EA8136FD 
 468      2D40D7CD 
 468      5388B4B6 
 468      088F
 469 0078 B4D9FFE0 		.ascii	"\264\331\377\340\320\".?Ok`\375\364\026\340(\247\334"
 469      D0222E3F 
 469      4F6B60FD 
 469      F416E028 
 469      A7DC
 470 008a C99DBC96 		.ascii	"\311\235\274\226\327r/\367\362&\371E\362&\273G\342\327"
 470      D7722FF7 
 470      F226F945 
 470      F226BB47 
ARM GAS  /tmp/ccWh135L.s 			page 37


 470      E2D7
 471 009c F3C8F541 		.ascii	"\363\310\365A~\224\277\344}h\321_\246}\320>h\037\264"
 471      7E94BFE4 
 471      7D68D15F 
 471      A67DD03E 
 471      681FB4
 472 00af 0FDA87BC 		.ascii	"\017\332\207\274\037\3755\377MfX\275\177W\231Q\034\304"
 472      1FFD35FF 
 472      4D6658BD 
 472      7F579951 
 472      1CC4
 473 00c1 FE63E44A 		.ascii	"\376c\344J\214\342\2209=\031\377\022\2438\210\375\337"
 473      8CE29039 
 473      3D19FF12 
 473      A33888FD 
 473      DF
 474 00d2 5D8C62FE 		.ascii	"]\214b\376\303\017\341\235\224\237"
 474      C30FE19D 
 474      949F
 475              		.text
 476              		.section	.gnu.lto_.refs.f62e46e2f992e13e,"",%progbits
 477 0000 789C7DC9 		.ascii	"x\234}\311\241\012\2000\030\000\341\273_\2470\026\304"
 477      A10A8030 
 477      1800E1BB 
 477      5FA73016 
 477      C4
 478 0011 20063188 		.ascii	" \0061\210A|9\337\277)l\331r_\270D\360\300W\314X\"\232"
 478      417C39DF 
 478      BF296CD9 
 478      725FB844 
 478      F0C057CC 
 479 0028 5DB36FA6 		.ascii	"]\263o\246j\036\2528\341\214\013\256\270\341\216\007"
 479      6A1EAA38 
 479      E18C0BAE 
 479      B8E18E07 
 480 0038 9E65FCFF 		.ascii	"\236e\374\377x\341\315\013\261\015\003^"
 480      78E1CD0B 
 480      B10D035E 
 481              		.text
 482              		.section	.gnu.lto_.decls.f62e46e2f992e13e,"",%progbits
 483 0000 789CBD56 		.ascii	"x\234\275VkPT\311\025\276\347\366\200\3430(;Z)\2232"
 483      6B5054C9 
 483      15BEE7F6 
 483      80E33028 
 483      3B5A2993 
 484 0015 15CB72E3 		.ascii	"\025\313r\343T*2\350\232\254\371\223\332\224\340\306"
 484      542A32E8 
 484      9AACF993 
 484      DA94E0C6 
 485 0025 AA35B1F0 		.ascii	"\2525\261\360\221\374H\325\024\214\343:\225\341\261"
 485      91FC48D5 
 485      148CE33A 
 485      95E1B1
 486 0034 CC603055 		.ascii	"\314`0U\251\272\310\020Q\327E\335\004\013\037\273\370"
 486      A9BAC810 
 486      51D745DD 
 486      040B1FBB 
ARM GAS  /tmp/ccWh135L.s 			page 38


 486      F8
 487 0045 5A750141 		.ascii	"Zu\001A\326\210 \262\343\210\274\225\207\002*/\003\370"
 487      D68820B2 
 487      E388BC95 
 487      87022A2F 
 487      03F8
 488 0057 08B082E8 		.ascii	"\010\260\202\350\"\240,9\335}\257wf\004j\223\037\336"
 488      22A02C39 
 488      DD7DAF77 
 488      66046A93 
 488      1FDE
 489 0069 9A736F77 		.ascii	"\232sow\337\357|\347\353\323\247\373N\200 \012CzA\210"
 489      DFEF7CE7 
 489      EBD3A7FB 
 489      4E80200A 
 489      437A4188 
 490 007d 1005E14F 		.ascii	"\020\005\341O\032A\230\300K'\010B.\032\240\345\013\374"
 490      1A4198C0 
 490      4B270842 
 490      2E1AA0E5 
 490      0BFC
 491 008f 42887011 		.ascii	"B\210p\021\255\030\255\004\255\024\315\215\346A+C+G"
 491      AD18AD04 
 491      AD14CD8D 
 491      E6412B43 
 491      2B47
 492 00a1 AB44AB46 		.ascii	"\253D\253F\253C\273)\373\367\011\276\327G8\370\026>"
 492      AB43BB29 
 492      FBF709BE 
 492      D74738F8 
 492      163E
 493 00b3 37A219D0 		.ascii	"7\242\031\320\346\3121\026\243\265\241m\240~\210\231"
 493      E6CA3116 
 493      A3B5A16D 
 493      A07E8899 
 494 00c3 C0E76334 		.ascii	"\300\347c4\021\333\275\370|\204\326\211\326\212Fp\254"
 494      11DBBDF8 
 494      7C84D689 
 494      D68A4670 
 494      AC
 495 00d4 109F2857 		.ascii	"\020\237(Wx\201\366\034\255\007\255\233\342e\235\325"
 495      7881F61C 
 495      AD07AD9B 
 495      E2659DD5 
 496 00e4 53C44F7C 		.ascii	"S\304O|\003\361\213\247\211\277\015x\334\357\033\177"
 496      03F18BA7 
 496      89BF0D78 
 496      DCEF1B7F 
 497 00f4 EDFFA9A1 		.ascii	"\355\377\251\241d\032\015\177{\0039(\235&~\362\033\312"
 497      641A0D7F 
 497      7B033928 
 497      9D267EF2 
 497      1BCA
 498 0106 817B1A0D 		.ascii	"\201{\032\015\251oH\203g\032\015;\337\220\206\262i4"
 498      A96F4883 
 498      671A0D3B 
 498      DF9086B2 
ARM GAS  /tmp/ccWh135L.s 			page 39


 498      6934
 499 0118 EC01EE47 		.ascii	"\354\001\356G5h\200\307\277!\277\243\276t_\327\011\257"
 499      356880C7 
 499      BF21BFA3 
 499      BE745FD7 
 499      09AF
 500 012a 5FFBBCFC 		.ascii	"_\373\274\374\002d\277F/?z\026\334\234\304\357\000\201"
 500      0264BF46 
 500      2F3F7A16 
 500      DC9CC4EF 
 500      0081
 501 013c F6CA33D9 		.ascii	"\366\3123\331\344\023\002\213u@O\233\3318\224\327_4"
 501      E413028B 
 501      75404F9B 
 501      D93894D7 
 501      5F34
 502 014e 1ACC8728 		.ascii	"\032\314\207(\242s\364\364\252\320\034\211_ZQumL\037"
 502      A273F4F4 
 502      AAD01C89 
 502      5F5A5175 
 502      6D4C1F
 503 0161 3A318304 		.ascii	":1\203\0041P\203+\3770\2451\350@\203\335'\327\017v\317"
 503      3150832B 
 503      FF30A531 
 503      E84083DD 
 503      27D70F76 
 504 0176 C2EE5C1D 		.ascii	"\302\356\\\035,8@\304\314\352\026\217\006\214\272/("
 504      2C3840C4 
 504      CCEA168F 
 504      068CBA2F 
 504      28
 505 0187 85FB79C1 		.ascii	"\205\373y\301\302};$I\204\263\240\203/\201\300\031\010"
 505      C27D3B24 
 505      4984B3A0 
 505      832F81C0 
 505      1908
 506 0199 A509594C 		.ascii	"\245\011YL\217\2724I\332.\355M\221f\376V\200\034\230"
 506      8FBA3449 
 506      DA2EED4D 
 506      9166FE56 
 506      801C98
 507 01ac 0FD9305F 		.ascii	"\017\3310_\200\\0R5\024\007\247q\360\024\016b\2243'"
 507      805C3052 
 507      351407A7 
 507      71F0140E 
 507      62943327 
 508 01c0 F61D0B24 		.ascii	"\366\035\013$\341T\200X^\332z[\003:\343\244\376\347"
 508      E1548058 
 508      5EDA7A5B 
 508      033AE3A4 
 508      FEE7
 509 01d2 26F1E75A 		.ascii	"&\361\347Z\0062\027\226\247R-\371\250%O\325\202\322"
 509      06321796 
 509      A7522DF9 
 509      A8254FD5 
 509      82D2
 510 01e4 E8034731 		.ascii	"\350\003G1\316\205=e\227\305\016h\003\234<\204\260\351"
ARM GAS  /tmp/ccWh135L.s 			page 40


 510      CE853D65 
 510      97C50E68 
 510      039C3C84 
 510      B0E9
 511 01f6 D34AA077 		.ascii	"\323J\240w`\306\013C\271\000\3308\216\212\354\316\201"
 511      60C60B43 
 511      B900D838 
 511      8E8AECCE 
 511      81
 512 0207 6C08140F 		.ascii	"l\010\024\017\271/\312]Q\246d?\331\031\274\030\371k"
 512      B92FCA5D 
 512      51A6643F 
 512      D919BC18 
 512      F96B
 513 0219 1E49B978 		.ascii	"\036I\271x\015\361\006sS\274AT\003\000x;x\021r\331\362"
 513      0DF10673 
 513      53BC4154 
 513      0300783B 
 513      781172D9 
 514 022e FB57FA04 		.ascii	"\373W\372\004ur\240,\363\223\314\332\007\272Nh\247\243"
 514      7572A02C 
 514      F393CCDA 
 514      07BA4E68 
 514      A7A3
 515 0240 59EF011B 		.ascii	"Y\357\001\033\033\036\254\272\035L\342\331\322_\233"
 515      1B1EACBA 
 515      1D4CE2D9 
 515      D25F9B
 516 024f 78EE9ECD 		.ascii	"x\356\236\315\227^\244U1X{$\210/}\010vG\222\233\256"
 516      975EA455 
 516      31587B24 
 516      882F7D08 
 516      7647929B 
 517 0264 E8E665B0 		.ascii	"\350\346e\260\342I\221BD\330\370\003\270\200K\360/\\"
 517      E2499142 
 517      44D8F803 
 517      B8804BF0 
 517      2F5C
 518 0276 02010A61 		.ascii	"\002\001\012a\036\336\2435<\322\341qih\366\302,)\353"
 518      1EDEA335 
 518      3CD2E171 
 518      6968F6C2 
 518      2C29EB
 519 0289 9EE4AEFB 		.ascii	"\236\344\256\373|\371\201\002I\302\265\2214\024\006"
 519      7CF98102 
 519      49C2B591 
 519      341406
 520 0298 E7D5C5C1 		.ascii	"\347\325\305\301&\336\277\202N\200\002\350@\335\027"
 520      26DEBF82 
 520      4E8002E8 
 520      40DD17
 521 02a7 6121BAD7 		.ascii	"a!\272\327\034/-\012&\247\200\251\312\256\037\375.P"
 521      1C2F2D0A 
 521      26A780A9 
 521      CAAE1FFD 
 521      2E50
 522 02b9 E66AFC51 		.ascii	"\346j\374Q\246\344\336.\321e\246LE*S\221?S1c\272\360"
ARM GAS  /tmp/ccWh135L.s 			page 41


 522      A6E4DE2E 
 522      D165A64C 
 522      452A5391 
 522      3F533163 
 523 02cf 45552590 		.ascii	"EU%\220|\316T\262+\375\216\30246\337\207\351\222\312"
 523      7CCE54B2 
 523      2BFD8EC2 
 523      3436DF87 
 523      E992CA
 524 02e2 74C99FA9 		.ascii	"t\311\237\251\2041=<z\2478\230\024q\246\353\347\212"
 524      84313D3C 
 524      7AA73898 
 524      1471A6EB 
 524      E78A
 525 02f4 37CA445D 		.ascii	"7\312D]?\361!\272\254\022]\366'*eD\251\031\351\315z"
 525      3FF121BA 
 525      AC125DF6 
 525      272A6544 
 525      A919E9CD 
 526 0309 E2E1446D 		.ascii	"\342\341Dm\275\177\2779Sf\252\376\231\017\323\327*\323"
 526      BD7FBF39 
 526      5366AAFE 
 526      990FD3D7 
 526      2AD3
 527 031b D7FE4C6E 		.ascii	"\327\376Ln\306\224\334:0\250%5\234\351H\357\361L%\345"
 527      C694DC3A 
 527      30A82535 
 527      9CE948EF 
 527      F14C25E5 
 528 032f 433FF761 		.ascii	"C?\367a\272\2422]\361g\3620\246\376\366\335R \271\305"
 528      BAA2325D 
 528      F167F230 
 528      A6FEF6DD 
 528      5220B9C5 
 529 0343 99EA2A5E 		.ascii	"\231\352*^\026+i\362\254\360a\272\2522]\365g*cL\273"
 529      162B69F2 
 529      ACF061BA 
 529      AA325DF5 
 529      672A634C 
 530 0358 FBC6D281 		.ascii	"\373\306\322\201\264s\246\276\226b)@f*/\321\373P]S\251"
 530      B473A6BE 
 530      96622940 
 530      662A2FD1 
 530      FB505D53 
 531 036d AEF95395 		.ascii	"\256\371S\2253\252G=\303\317t\344>\247\352h\277\250"
 531      33AA473D 
 531      C3CF74E4 
 531      3EA7EA68 
 531      BFA8
 532 037f 64BCF1D7 		.ascii	"d\274\361\327>D\025*Q\205?Q%#\352\034|Z\021D\0068\321"
 532      3E44152A 
 532      51853F51 
 532      2523EA1C 
 532      7C5A1144 
 533 0396 A7A7EEEE 		.ascii	"\247\247\356\356\020\221\351\036\236\031-\225\306\361"
 533      1091E91E 
 533      9E192D95 
ARM GAS  /tmp/ccWh135L.s 			page 42


 533      C6F1
 534 03a4 FC1E294D 		.ascii	"\374\036)M\307\352\027\252T\246*\312D\033\325\214\341"
 534      C7EA17AA 
 534      54A62ACA 
 534      441BD58C 
 534      E1
 535 03b5 D0ADAEE3 		.ascii	"\320\255\256\343\"\311\026\031\203g\2643D#\3623\205"
 535      22C91619 
 535      8367B433 
 535      4423F233 
 535      85
 536 03c6 563C0EED 		.ascii	"V<\016\355:Y5F^\215\325\002\033\254i\030j\321O\271a"
 536      3A593546 
 536      5E8DD502 
 536      1BAC6918 
 536      6AD14FB9 
 537 03db 6EB00D73 		.ascii	"n\260\015s\035\344\035\223SX\331<K\226\325]\267\"\263"
 537      1DE41D93 
 537      5358D93C 
 537      4B96D55D 
 537      B722B3
 538 03ee 40720550 		.ascii	"@r\005P\014\324\250\242j\024QuLTS\307\345AB\272\247"
 538      0CD4A8A2 
 538      6A145175 
 538      4C5453C7 
 538      E54142BA 
 539 0403 1455969F 		.ascii	"\024U\226\237=>k\312\370\215,~\203\022\377\351\211\207"
 539      3D3E6BCA 
 539      F88D2C7E 
 539      8312FFE9 
 539      8987
 540 0415 87891C7F 		.ascii	"\207\211\034\177\354\207\231\222G\244\010\250W\243\327"
 540      EC879992 
 540      47A408A8 
 540      57A3D7
 541 0424 2BD16FB2 		.ascii	"+\321o\262\350YM\355=z\362-\217~\341AU\271\216\237\034"
 541      E8594DED 
 541      3D7AF22D 
 541      8F7EE141 
 541      55B98E9F 
 542 0439 12607FBC 		.ascii	"\022`\177\274\271\257\014\370\321!i\261\177v\350\331"
 542      B9AF0CF8 
 542      D12169B1 
 542      7F76E8D9 
 543 0449 D940FE9E 		.ascii	"\331@\376\236~\227F\237\272\363\265\2724*\214\035\360"
 543      7E97469F 
 543      BAF3B5BA 
 543      342A8C1D 
 543      F0
 544 045a 745C39E2 		.ascii	"t\\9\342\005\270MOl0\315\207\026\376q\360\324\357\314"
 544      05B84D4F 
 544      6C30CD87 
 544      16FE71F0 
 544      D4EFCC
 545 046d 984D9209 		.ascii	"\230M\222\011\213t6\347E\276\216Mt\203^\236g\377W\265"
 545      8B7436E7 
 545      45BE8E4D 
ARM GAS  /tmp/ccWh135L.s 			page 43


 545      74835E9E 
 545      67FF57B5 
 546 0481 27C994F3 		.ascii	"'\311\224\363le\363\274\253\314\363|^\355\021\235~\327"
 546      6C65F3BC 
 546      ABCCF37C 
 546      5EED119D 
 546      7ED7
 547 0493 AB6F0B7D 		.ascii	"\253o\013}\357\025\273\015\364\362|\021{\356\320\221"
 547      EF15BB0D 
 547      F4F27C11 
 547      7BEED091 
 548 04a3 D3C1C4C5 		.ascii	"\323\301\304\305\002\213\027\233:\034`\324\363\217M"
 548      028B179B 
 548      3A1C60D4 
 548      F38F4D
 549 04b2 4B6FD897 		.ascii	"Ko\330\227\365\222\264\000+M\217\347\351\253\034\241"
 549      F592B400 
 549      2B4D8FE7 
 549      E9AB1CA1 
 550 04c2 3B3EA660 		.ascii	";>\246`\307\2124\372\0068x\351Yu\000O\013\315R\341\343"
 550      C78A34FA 
 550      063878E9 
 550      5975004F 
 550      0BCD52E1 
 551 04d7 ECC2609E 		.ascii	"\354\302`\23657\333>\322n<C\362Y|\315^O{\225\036\026"
 551      3537DB3E 
 551      D26E3C43 
 551      F2597CCD 
 551      5E4F7B95 
 552 04ed 2D9A633C 		.ascii	"-\232c<F\351\335\345\271s?M\221*\303h\036\272P\301}"
 552      46E9DDE5 
 552      B9733F4D 
 552      912AC368 
 552      1EBA50C1 
 553 0502 98A34632 		.ascii	"\230\243F2\321\271\344\320\031\011\034\375 \307\300"
 553      D1B9E4D0 
 553      19091CFD 
 553      20C7C0
 554 0511 D154F09D 		.ascii	"\321T\360\235I\341K)z\037[\023IzO#\300\277\361\365="
 554      49E14B29 
 554      7A1F5B13 
 554      497A4F23 
 554      C0BFF1F5 
 555 0526 96150A46 		.ascii	"\226\025\012F\321\360\000'\320\003\213\240\033\026\261"
 555      D1F00027 
 555      D0038BA0 
 555      1B16B1
 556 0535 52E0C9B8 		.ascii	"R\340\311\270\221mH\226$\240(A\236\233\374\301)\371"
 556      916D4896 
 556      24A02841 
 556      9E9BFCC1 
 556      29F9
 557 0547 47D78E20 		.ascii	"G\327\216 r\236'\360PE\333\200\010s\214\223\205\200"
 557      729E27F0 
 557      5045DB80 
 557      08738C93 
 557      8580
ARM GAS  /tmp/ccWh135L.s 			page 44


 558 0559 FF20F3F4 		.ascii	"\377 \363\364Q\232s\003\361O\013<B\320C5\3414&\013\265"
 558      519A7303 
 558      F14F0B3C 
 558      42D04335 
 558      E134260B 
 559 056e FFF327B9 		.ascii	"\377\363'\271Z\303^\231{\201\206\001\233\221\276\211"
 559      5AC35E99 
 559      7B818601 
 559      9B91BE89 
 560 057e CDA0170C 		.ascii	"\315\240\027\014JeQ\364\325\366\243\245\342\333\307"
 560      4A6551F4 
 560      D5F6A3A5 
 560      E2DBC7
 561 058d A52C249E 		.ascii	"\245,$\236\0300\276hvIi\006\012\202[\234\333\313\365"
 561      1830BE68 
 561      76496906 
 561      0A825B9C 
 561      DBCBF5
 562 05a0 163B54FA 		.ascii	"\026;T\372\340m\257O\242\201\177\022]\355\335\251Ad"
 562      E06DAF4F 
 562      A2817F12 
 562      5DEDDDA9 
 562      4164
 563 05b2 9057665A 		.ascii	"\220WfZ\316'W\011-\352\224\357\365\257\205\236\032\007"
 563      CE275709 
 563      2DEA94EF 
 563      F5AF859E 
 563      1A07
 564 05c4 B332B464 		.ascii	"\2632\264d\230\273w\035n\310\320\220\027\274s\376d\372"
 564      98BB771D 
 564      6EC8D090 
 564      17BC73FE 
 564      64FA
 565 05d6 7010C1EF 		.ascii	"p\020\301\357%#~\370\317\202\031\304\305;\217]\367\357"
 565      25237EF8 
 565      CF8219C4 
 565      C53B8F5D 
 565      F7EF
 566 05e8 C90AE661 		.ascii	"\311\012\346a7\277\304\365\215\374\367\314M7^^E\361"
 566      37BFC4F5 
 566      8DFCF7CC 
 566      4D375E5E 
 566      45F1
 567 05fa 8486A431 		.ascii	"\204\206\2441\254\266\354\356\313\331\254b\026\341u"
 567      ACB6ECEE 
 567      CBD9AC62 
 567      16E175
 568 0609 4C72A548 		.ascii	"Lr\245H\356\316\235\344\263\274\352\217\245,\374\376"
 568      EECE9DE4 
 568      B3BCEA8F 
 568      A52CFCFE 
 569 0619 3CC693E2 		.ascii	"<\306\223\342\011Nwd\312\312\241\036\275\333\360\264"
 569      094E7764 
 569      CACAA11E 
 569      BDDBF0B4 
 570 0629 C53D40D1 		.ascii	"\305=@\321C\223\242_+\234g\370\372)\313\335\210\274"
 570      4393A25F 
ARM GAS  /tmp/ccWh135L.s 			page 45


 570      2B9C67F8 
 570      FA29CBDD 
 570      88BC
 571 063b A4A39880 		.ascii	"\244\243\230\200\347\270\244\303h\343hch/\321^\370,"
 571      E7B8A4C3 
 571      68E36863 
 571      682FD15E 
 571      F82C
 572 064d 71C7282F 		.ascii	"q\307(/\244\021\337B\342:\312\307\014\373Y\005S!\003"
 572      A411DF42 
 572      E23ACAC7 
 572      0CFB5905 
 572      532103
 573 0660 FE42789D 		.ascii	"\376Bx\235z\353n\374\253\252\373[\177x\377k\360j/\370"
 573      7AEB6EFC 
 573      ABAAFB5B 
 573      7F78FF6B 
 573      F06A2FF8 
 574 0674 3793C397 		.ascii	"7\223\303\227\252\3501\257\244\014N\256\205\241\351"
 574      AAE831AF 
 574      A40C4EAE 
 574      85A1E9
 575 0683 297CF4F4 		.ascii	")|\364\364A ElE\304\006OW\266\316o\017(\331\002I4\376"
 575      4120456C 
 575      45C4064F 
 575      57B6CE6F 
 575      0F28D902 
 576 069a AF091B63 		.ascii	"\257\011\033c{b\002\235\276S\367\304\210\262'>\036\250"
 576      7B62029D 
 576      BE53F7C4 
 576      88B2273E 
 576      1EA8
 577 06ac EFD37A9F 		.ascii	"\357\323z\237u\023^2\005H\026\365\354<\307'\202\367"
 577      75135E32 
 577      054816F5 
 577      EC3CC727 
 577      82F7
 578 06be 64EC6F0D 		.ascii	"d\354o\015\364\006\323\335\240\202\267\313\340\355\014"
 578      F406D3DD 
 578      A082B7CB 
 578      E0ED0C
 579 06cd DC39D2D2 		.ascii	"\3349\322\322\241\367\006\027\372\234\242)28\205\201"
 579      A1F70617 
 579      FA9CA229 
 579      32388581 
 580 06dd FBDB0AAA 		.ascii	"\373\333\012\2524\336\340\033>`\227\014v1\360g\373O"
 580      34DEE01B 
 580      3E60970C 
 580      7631F067 
 580      FB4F
 581 06ef 047B631B 		.ascii	"\004{c\033}\260\2512\226>\265\357\377n\303\202\225K"
 581      7DB0A932 
 581      963EB5EF 
 581      FF6EC382 
 581      954B
 582 0701 970A3AB3 		.ascii	"\227\012:\2639\321\026\353|g\231\331\271\304\224\350"
 582      39D116EB 
ARM GAS  /tmp/ccWh135L.s 			page 46


 582      7C6799D9 
 582      B9C494E8 
 583 0711 4830D962 		.ascii	"H0\331b-\366\304MVS\254\365/v[\264)&\312\262\305\026"
 583      2DF6C44D 
 583      5653ACF5 
 583      2F765BB4 
 583      2926CAB2 
 584 0727 6B359937 		.ascii	"k5\2317Y7G%\332\235f\347\266x\253#t\213\240U\334\026"
 584      59374725 
 584      DA9D66E7 
 584      B678AB23 
 584      748BA055 
 585 073d 4EE6E6D8 		.ascii	"N\346\346\330\3460\231\035\316M\210\241\330\215V\213"
 585      E630991D 
 585      CE4D88A1 
 585      D88D568B 
 586 074d 332EE117 		.ascii	"3.\341\027+\226\204\206\232Lq\016\323\226(\273)>.\301"
 586      2B968486 
 586      9A4C710E 
 586      D39628BB 
 586      293E2EC1 
 587 0761 E930AD5B 		.ascii	"\3510\255[\277\346\235e\374\276jyR\222\311\341\214A"
 587      BFE69D65 
 587      FCBE6A79 
 587      5292C9E1 
 587      8C41
 588 0773 529B2321 		.ascii	"R\233#!\324\362\312m\245\334\370e\230\322X\2564V\310"
 588      D4F2CA6D 
 588      A5DCF865 
 588      98D258AE 
 588      3456C8
 589 0786 8D5F2998 		.ascii	"\215_)\230\210\260\031\266\204\217V\307\332\2343\361"
 589      88B019B6 
 589      848F56C7 
 589      DA9C33F1 
 590 0796 196EB561 		.ascii	"\031n\265a\313`\246\261\314\3307[\343m\366\270\017\023"
 590      CB60A6B1 
 590      CCD8375B 
 590      E36DF6B8 
 590      0F13
 591 07a8 AD465988 		.ascii	"\255FY\210%.&&.V\326\362\233\3105+\327$\231,[,q\011"
 591      252E2626 
 591      2E56D6F2 
 591      9BC8352B 
 591      D724992C 
 592 07c0 56F3D677 		.ascii	"V\363\326wcPzH\354V\233%\"6*\332"
 592      63507A48 
 592      EC569B25 
 592      22362ADA 
 593 07d0 6EE5017E 		.ascii	"n\345\001~\372\332\024d\016\331\233\342\321\357-\372"
 593      FADA1464 
 593      0ED99BE2 
 593      D1EF2DFA 
 594 07e0 0CB73954 		.ascii	"\014\2679T\307 s|\224\335l\335j\215u:DKt0\366,Qv{t\224"
 594      C720737C 
 594      94DD6CDD 
 594      6A8D753A 
ARM GAS  /tmp/ccWh135L.s 			page 47


 594      444B7430 
 595 07fb E5CF66E7 		.ascii	"\345\317f\347\217\275X\225Tb\233\272 \031\211J\370P"
 595      8FBD5895 
 595      54629BBA 
 595      2019894A 
 595      F850
 596 080d 874DE66C 		.ascii	"\207M\346lv\206M\221\305\017>\0107\275\277v\365\357"
 596      76864D91 
 596      C50F3E08 
 596      37BDBF76 
 596      F5EF
 597 081f B72E537C 		.ascii	"\267.S|\315v\373&\364\017X\367\207\325\021\221\232U"
 597      CD76FB26 
 597      F40F58F7 
 597      87D51191 
 597      9A55
 598 0831 EBD7456A 		.ascii	"\353\327Ej\"\361F\"\326D\222\325k\"\305\265\221K|\023"
 598      22F14622 
 598      D64492D5 
 598      6B22C5B5 
 598      914B7C13 
 599 0845 614D7222 		.ascii	"aMr\"\231\377zl^\036\366nR\022\022\351#\376\270~\265"
 599      99FF7A6C 
 599      5E1EF66E 
 599      521212E9 
 599      23FEB87E 
 600 085a 793D9640 		.ascii	"y=\226@\270u\363\177\001\316\020\361\250"
 600      B875F37F 
 600      01CE10F1 
 600      A8
 601              		.text
 602              		.section	.gnu.lto_.symtab.f62e46e2f992e13e,"",%progbits
 603 0000 56656374 		.ascii	"Vector58\000"
 603      6F723538 
 603      00
 604 0009 00       		.ascii	"\000"
 605 000a 00       		.ascii	"\000"
 606 000b 00       		.ascii	"\000"
 607 000c 00000000 		.ascii	"\000\000\000\000\000\000\000\000"
 607      00000000 
 608 0014 B8000000 		.ascii	"\270\000\000\000"
 609 0018 56656374 		.ascii	"Vector5C\000"
 609      6F723543 
 609      00
 610 0021 00       		.ascii	"\000"
 611 0022 00       		.ascii	"\000"
 612 0023 00       		.ascii	"\000"
 613 0024 00000000 		.ascii	"\000\000\000\000\000\000\000\000"
 613      00000000 
 614 002c BA000000 		.ascii	"\272\000\000\000"
 615 0030 56656374 		.ascii	"Vector60\000"
 615      6F723630 
 615      00
 616 0039 00       		.ascii	"\000"
 617 003a 00       		.ascii	"\000"
 618 003b 00       		.ascii	"\000"
 619 003c 00000000 		.ascii	"\000\000\000\000\000\000\000\000"
ARM GAS  /tmp/ccWh135L.s 			page 48


 619      00000000 
 620 0044 BC000000 		.ascii	"\274\000\000\000"
 621 0048 56656374 		.ascii	"Vector64\000"
 621      6F723634 
 621      00
 622 0051 00       		.ascii	"\000"
 623 0052 00       		.ascii	"\000"
 624 0053 00       		.ascii	"\000"
 625 0054 00000000 		.ascii	"\000\000\000\000\000\000\000\000"
 625      00000000 
 626 005c BE000000 		.ascii	"\276\000\000\000"
 627 0060 56656374 		.ascii	"Vector68\000"
 627      6F723638 
 627      00
 628 0069 00       		.ascii	"\000"
 629 006a 00       		.ascii	"\000"
 630 006b 00       		.ascii	"\000"
 631 006c 00000000 		.ascii	"\000\000\000\000\000\000\000\000"
 631      00000000 
 632 0074 C0000000 		.ascii	"\300\000\000\000"
 633 0078 56656374 		.ascii	"Vector9C\000"
 633      6F723943 
 633      00
 634 0081 00       		.ascii	"\000"
 635 0082 00       		.ascii	"\000"
 636 0083 00       		.ascii	"\000"
 637 0084 00000000 		.ascii	"\000\000\000\000\000\000\000\000"
 637      00000000 
 638 008c C2000000 		.ascii	"\302\000\000\000"
 639 0090 56656374 		.ascii	"VectorE0\000"
 639      6F724530 
 639      00
 640 0099 00       		.ascii	"\000"
 641 009a 00       		.ascii	"\000"
 642 009b 00       		.ascii	"\000"
 643 009c 00000000 		.ascii	"\000\000\000\000\000\000\000\000"
 643      00000000 
 644 00a4 C4000000 		.ascii	"\304\000\000\000"
 645 00a8 69727149 		.ascii	"irqInit\000"
 645      6E697400 
 646 00b0 00       		.ascii	"\000"
 647 00b1 00       		.ascii	"\000"
 648 00b2 00       		.ascii	"\000"
 649 00b3 00000000 		.ascii	"\000\000\000\000\000\000\000\000"
 649      00000000 
 650 00bb C6000000 		.ascii	"\306\000\000\000"
 651 00bf 69727144 		.ascii	"irqDeinit\000"
 651      65696E69 
 651      7400
 652 00c9 00       		.ascii	"\000"
 653 00ca 00       		.ascii	"\000"
 654 00cb 00       		.ascii	"\000"
 655 00cc 00000000 		.ascii	"\000\000\000\000\000\000\000\000"
 655      00000000 
 656 00d4 C8000000 		.ascii	"\310\000\000\000"
 657 00d8 5F70616C 		.ascii	"_pal_events\000"
 657      5F657665 
ARM GAS  /tmp/ccWh135L.s 			page 49


 657      6E747300 
 658 00e4 00       		.ascii	"\000"
 659 00e5 02       		.ascii	"\002"
 660 00e6 00       		.ascii	"\000"
 661 00e7 00000000 		.ascii	"\000\000\000\000\000\000\000\000"
 661      00000000 
 662 00ef EB000000 		.ascii	"\353\000\000\000"
 663 00f3 5F706F72 		.ascii	"_port_irq_epilogue\000"
 663      745F6972 
 663      715F6570 
 663      696C6F67 
 663      756500
 664 0106 00       		.ascii	"\000"
 665 0107 02       		.ascii	"\002"
 666 0108 00       		.ascii	"\000"
 667 0109 00000000 		.ascii	"\000\000\000\000\000\000\000\000"
 667      00000000 
 668 0111 CA000000 		.ascii	"\312\000\000\000"
 669 0115 6E766963 		.ascii	"nvicEnableVector\000"
 669      456E6162 
 669      6C655665 
 669      63746F72 
 669      00
 670 0126 00       		.ascii	"\000"
 671 0127 02       		.ascii	"\002"
 672 0128 00       		.ascii	"\000"
 673 0129 00000000 		.ascii	"\000\000\000\000\000\000\000\000"
 673      00000000 
 674 0131 CF000000 		.ascii	"\317\000\000\000"
 675 0135 6E766963 		.ascii	"nvicDisableVector\000"
 675      44697361 
 675      626C6556 
 675      6563746F 
 675      7200
 676 0147 00       		.ascii	"\000"
 677 0148 02       		.ascii	"\002"
 678 0149 00       		.ascii	"\000"
 679 014a 00000000 		.ascii	"\000\000\000\000\000\000\000\000"
 679      00000000 
 680 0152 D3000000 		.ascii	"\323\000\000\000"
 681              		.text
 682              		.section	.gnu.lto_.opts,"",%progbits
 683 0000 272D666D 		.ascii	"'-fmath-errno' '-fsigned-zeros' '-ftrapping-math' '"
 683      6174682D 
 683      6572726E 
 683      6F272027 
 683      2D667369 
 684 0033 2D666E6F 		.ascii	"-fno-trapv' '-fno-openmp' '-fno-openacc' '-mcpu=cor"
 684      2D747261 
 684      70762720 
 684      272D666E 
 684      6F2D6F70 
 685 0066 7465782D 		.ascii	"tex-m4' '-mno-thumb-interwork' '-mthumb' '-ggdb' '-"
 685      6D342720 
 685      272D6D6E 
 685      6F2D7468 
 685      756D622D 
ARM GAS  /tmp/ccWh135L.s 			page 50


 686 0099 4F322720 		.ascii	"O2' '-fomit-frame-pointer' '-falign-functions=16' '"
 686      272D666F 
 686      6D69742D 
 686      6672616D 
 686      652D706F 
 687 00cc 2D666675 		.ascii	"-ffunction-sections' '-fdata-sections' '-fno-common"
 687      6E637469 
 687      6F6E2D73 
 687      65637469 
 687      6F6E7327 
 688 00ff 2720272D 		.ascii	"' '-flto'\000"
 688      666C746F 
 688      2700
 689              		.text
 690              		.comm	__gnu_lto_v1,1,1
 691              		.comm	__gnu_lto_slim,1,1
 692              		.ident	"GCC: (15:6.3.1+svn253039-1build1) 6.3.1 20170620"
ARM GAS  /tmp/ccWh135L.s 			page 51


DEFINED SYMBOLS
                            *ABS*:0000000000000000 stm32_isr.c
                            *COM*:0000000000000001 __gnu_lto_v1
                            *COM*:0000000000000001 __gnu_lto_slim

NO UNDEFINED SYMBOLS
